2025-05-27 19:46:30,217 - sim.TradeoffSlope_S10_ResponsiveHG_W40_Rep3 - INFO - simulation_engine:37 - Initializing SimulationEngine for experiment: TradeoffSlope_S10_ResponsiveHG_W40_Rep3
2025-05-27 19:46:30,218 - sim.TradeoffSlope_S10_ResponsiveHG_W40_Rep3 - INFO - simulation_engine:70 - Visualization disabled.
2025-05-27 19:46:30,218 - sim.TradeoffSlope_S10_ResponsiveHG_W40_Rep3 - INFO - simulation_engine:202 - Starting simulation: TradeoffSlope_S10_ResponsiveHG_W40_Rep3
2025-05-27 19:46:30,218 - sim.TradeoffSlope_S10_ResponsiveHG_W40_Rep3 - INFO - simulation_engine:204 - Colony initialized: 5 cells.
2025-05-27 19:46:30,220 - sim.TradeoffSlope_S10_ResponsiveHG_W40_Rep3.MetricsCollector - INFO - metrics:177 - Metrics @ T=0.00: Cells=5, MaxR=1.73, Pheno={'G_SPECIALIST': 5, 'L_SPECIALIST': 0, 'SWITCHING_GL': 0}
2025-05-27 19:46:30,222 - sim.TradeoffSlope_S10_ResponsiveHG_W40_Rep3.MetricsCollector - INFO - metrics:177 - Metrics @ T=1.00: Cells=9, MaxR=4.58, Pheno={'G_SPECIALIST': 9, 'L_SPECIALIST': 0, 'SWITCHING_GL': 0}
2025-05-27 19:46:30,222 - sim.TradeoffSlope_S10_ResponsiveHG_W40_Rep3.MetricsCollector - INFO - metrics:177 - Metrics @ T=2.00: Cells=15, MaxR=5.20, Pheno={'G_SPECIALIST': 15, 'L_SPECIALIST': 0, 'SWITCHING_GL': 0}
2025-05-27 19:46:30,224 - sim.TradeoffSlope_S10_ResponsiveHG_W40_Rep3.MetricsCollector - INFO - metrics:177 - Metrics @ T=3.00: Cells=18, MaxR=6.93, Pheno={'G_SPECIALIST': 18, 'L_SPECIALIST': 0, 'SWITCHING_GL': 0}
2025-05-27 19:46:30,226 - sim.TradeoffSlope_S10_ResponsiveHG_W40_Rep3.MetricsCollector - INFO - metrics:177 - Metrics @ T=4.00: Cells=22, MaxR=7.55, Pheno={'G_SPECIALIST': 22, 'L_SPECIALIST': 0, 'SWITCHING_GL': 0}
2025-05-27 19:46:30,227 - sim.TradeoffSlope_S10_ResponsiveHG_W40_Rep3.MetricsCollector - INFO - metrics:177 - Metrics @ T=5.00: Cells=24, MaxR=7.55, Pheno={'G_SPECIALIST': 24, 'L_SPECIALIST': 0, 'SWITCHING_GL': 0}
2025-05-27 19:46:30,229 - sim.TradeoffSlope_S10_ResponsiveHG_W40_Rep3.MetricsCollector - INFO - metrics:177 - Metrics @ T=6.00: Cells=26, MaxR=7.55, Pheno={'G_SPECIALIST': 26, 'L_SPECIALIST': 0, 'SWITCHING_GL': 0}
2025-05-27 19:46:30,232 - sim.TradeoffSlope_S10_ResponsiveHG_W40_Rep3.MetricsCollector - INFO - metrics:177 - Metrics @ T=7.00: Cells=32, MaxR=7.94, Pheno={'G_SPECIALIST': 32, 'L_SPECIALIST': 0, 'SWITCHING_GL': 0}
2025-05-27 19:46:30,235 - sim.TradeoffSlope_S10_ResponsiveHG_W40_Rep3.MetricsCollector - INFO - metrics:177 - Metrics @ T=8.00: Cells=37, MaxR=7.94, Pheno={'G_SPECIALIST': 37, 'L_SPECIALIST': 0, 'SWITCHING_GL': 0}
2025-05-27 19:46:30,238 - sim.TradeoffSlope_S10_ResponsiveHG_W40_Rep3.MetricsCollector - INFO - metrics:177 - Metrics @ T=9.00: Cells=40, MaxR=9.17, Pheno={'G_SPECIALIST': 40, 'L_SPECIALIST': 0, 'SWITCHING_GL': 0}
2025-05-27 19:46:30,240 - sim.TradeoffSlope_S10_ResponsiveHG_W40_Rep3 - INFO - simulation_engine:218 - Progress: T=10.00, Cells=45
2025-05-27 19:46:30,241 - sim.TradeoffSlope_S10_ResponsiveHG_W40_Rep3.MetricsCollector - INFO - metrics:177 - Metrics @ T=10.00: Cells=45, MaxR=9.17, Pheno={'G_SPECIALIST': 45, 'L_SPECIALIST': 0, 'SWITCHING_GL': 0}
2025-05-27 19:46:30,244 - sim.TradeoffSlope_S10_ResponsiveHG_W40_Rep3.MetricsCollector - INFO - metrics:177 - Metrics @ T=11.00: Cells=59, MaxR=11.36, Pheno={'G_SPECIALIST': 59, 'L_SPECIALIST': 0, 'SWITCHING_GL': 0}
2025-05-27 19:46:30,250 - sim.TradeoffSlope_S10_ResponsiveHG_W40_Rep3.MetricsCollector - INFO - metrics:177 - Metrics @ T=12.00: Cells=70, MaxR=12.12, Pheno={'G_SPECIALIST': 70, 'L_SPECIALIST': 0, 'SWITCHING_GL': 0}
2025-05-27 19:46:30,258 - sim.TradeoffSlope_S10_ResponsiveHG_W40_Rep3.MetricsCollector - INFO - metrics:177 - Metrics @ T=13.00: Cells=82, MaxR=12.12, Pheno={'G_SPECIALIST': 82, 'L_SPECIALIST': 0, 'SWITCHING_GL': 0}
2025-05-27 19:46:30,266 - sim.TradeoffSlope_S10_ResponsiveHG_W40_Rep3.MetricsCollector - INFO - metrics:177 - Metrics @ T=14.00: Cells=91, MaxR=13.75, Pheno={'G_SPECIALIST': 91, 'L_SPECIALIST': 0, 'SWITCHING_GL': 0}
2025-05-27 19:46:30,275 - sim.TradeoffSlope_S10_ResponsiveHG_W40_Rep3.MetricsCollector - INFO - metrics:177 - Metrics @ T=15.00: Cells=103, MaxR=16.52, Pheno={'G_SPECIALIST': 103, 'L_SPECIALIST': 0, 'SWITCHING_GL': 0}
2025-05-27 19:46:30,283 - sim.TradeoffSlope_S10_ResponsiveHG_W40_Rep3.MetricsCollector - INFO - metrics:177 - Metrics @ T=16.00: Cells=126, MaxR=16.52, Pheno={'G_SPECIALIST': 126, 'L_SPECIALIST': 0, 'SWITCHING_GL': 0}
2025-05-27 19:46:30,292 - sim.TradeoffSlope_S10_ResponsiveHG_W40_Rep3.MetricsCollector - INFO - metrics:177 - Metrics @ T=17.00: Cells=137, MaxR=18.08, Pheno={'G_SPECIALIST': 137, 'L_SPECIALIST': 0, 'SWITCHING_GL': 0}
2025-05-27 19:46:30,302 - sim.TradeoffSlope_S10_ResponsiveHG_W40_Rep3.MetricsCollector - INFO - metrics:177 - Metrics @ T=18.00: Cells=150, MaxR=19.29, Pheno={'G_SPECIALIST': 150, 'L_SPECIALIST': 0, 'SWITCHING_GL': 0}
2025-05-27 19:46:30,314 - sim.TradeoffSlope_S10_ResponsiveHG_W40_Rep3.MetricsCollector - INFO - metrics:177 - Metrics @ T=19.00: Cells=166, MaxR=20.78, Pheno={'G_SPECIALIST': 166, 'L_SPECIALIST': 0, 'SWITCHING_GL': 0}
2025-05-27 19:46:30,324 - sim.TradeoffSlope_S10_ResponsiveHG_W40_Rep3 - INFO - simulation_engine:218 - Progress: T=20.00, Cells=180
2025-05-27 19:46:30,326 - sim.TradeoffSlope_S10_ResponsiveHG_W40_Rep3.MetricsCollector - INFO - metrics:177 - Metrics @ T=20.00: Cells=184, MaxR=21.70, Pheno={'G_SPECIALIST': 184, 'L_SPECIALIST': 0, 'SWITCHING_GL': 0}
2025-05-27 19:46:30,341 - sim.TradeoffSlope_S10_ResponsiveHG_W40_Rep3.MetricsCollector - INFO - metrics:177 - Metrics @ T=21.00: Cells=200, MaxR=22.52, Pheno={'G_SPECIALIST': 200, 'L_SPECIALIST': 0, 'SWITCHING_GL': 0}
2025-05-27 19:46:30,357 - sim.TradeoffSlope_S10_ResponsiveHG_W40_Rep3.MetricsCollector - INFO - metrics:177 - Metrics @ T=22.00: Cells=214, MaxR=22.72, Pheno={'G_SPECIALIST': 214, 'L_SPECIALIST': 0, 'SWITCHING_GL': 0}
2025-05-27 19:46:30,372 - sim.TradeoffSlope_S10_ResponsiveHG_W40_Rep3.MetricsCollector - INFO - metrics:177 - Metrics @ T=23.00: Cells=227, MaxR=22.72, Pheno={'G_SPECIALIST': 227, 'L_SPECIALIST': 0, 'SWITCHING_GL': 0}
2025-05-27 19:46:30,387 - sim.TradeoffSlope_S10_ResponsiveHG_W40_Rep3.MetricsCollector - INFO - metrics:177 - Metrics @ T=24.00: Cells=243, MaxR=22.72, Pheno={'G_SPECIALIST': 243, 'L_SPECIALIST': 0, 'SWITCHING_GL': 0}
2025-05-27 19:46:30,404 - sim.TradeoffSlope_S10_ResponsiveHG_W40_Rep3.MetricsCollector - INFO - metrics:177 - Metrics @ T=25.00: Cells=265, MaxR=25.51, Pheno={'G_SPECIALIST': 265, 'L_SPECIALIST': 0, 'SWITCHING_GL': 0}
2025-05-27 19:46:30,421 - sim.TradeoffSlope_S10_ResponsiveHG_W40_Rep3.MetricsCollector - INFO - metrics:177 - Metrics @ T=26.00: Cells=282, MaxR=25.51, Pheno={'G_SPECIALIST': 282, 'L_SPECIALIST': 0, 'SWITCHING_GL': 0}
2025-05-27 19:46:30,440 - sim.TradeoffSlope_S10_ResponsiveHG_W40_Rep3.MetricsCollector - INFO - metrics:177 - Metrics @ T=27.00: Cells=302, MaxR=26.21, Pheno={'G_SPECIALIST': 302, 'L_SPECIALIST': 0, 'SWITCHING_GL': 0}
2025-05-27 19:46:30,461 - sim.TradeoffSlope_S10_ResponsiveHG_W40_Rep3.MetricsCollector - INFO - metrics:177 - Metrics @ T=28.00: Cells=333, MaxR=26.21, Pheno={'G_SPECIALIST': 333, 'L_SPECIALIST': 0, 'SWITCHING_GL': 0}
2025-05-27 19:46:30,485 - sim.TradeoffSlope_S10_ResponsiveHG_W40_Rep3.MetricsCollector - INFO - metrics:177 - Metrics @ T=29.00: Cells=363, MaxR=26.21, Pheno={'G_SPECIALIST': 363, 'L_SPECIALIST': 0, 'SWITCHING_GL': 0}
2025-05-27 19:46:30,504 - sim.TradeoffSlope_S10_ResponsiveHG_W40_Rep3 - INFO - simulation_engine:218 - Progress: T=30.00, Cells=383
2025-05-27 19:46:30,508 - sim.TradeoffSlope_S10_ResponsiveHG_W40_Rep3.MetricsCollector - INFO - metrics:177 - Metrics @ T=30.00: Cells=385, MaxR=26.89, Pheno={'G_SPECIALIST': 385, 'L_SPECIALIST': 0, 'SWITCHING_GL': 0}
2025-05-27 19:46:30,534 - sim.TradeoffSlope_S10_ResponsiveHG_W40_Rep3.MetricsCollector - INFO - metrics:177 - Metrics @ T=31.00: Cells=415, MaxR=27.22, Pheno={'G_SPECIALIST': 415, 'L_SPECIALIST': 0, 'SWITCHING_GL': 0}
2025-05-27 19:46:30,562 - sim.TradeoffSlope_S10_ResponsiveHG_W40_Rep3.MetricsCollector - INFO - metrics:177 - Metrics @ T=32.00: Cells=449, MaxR=28.62, Pheno={'G_SPECIALIST': 449, 'L_SPECIALIST': 0, 'SWITCHING_GL': 0}
2025-05-27 19:46:30,591 - sim.TradeoffSlope_S10_ResponsiveHG_W40_Rep3.MetricsCollector - INFO - metrics:177 - Metrics @ T=33.00: Cells=474, MaxR=30.20, Pheno={'G_SPECIALIST': 474, 'L_SPECIALIST': 0, 'SWITCHING_GL': 0}
2025-05-27 19:46:30,623 - sim.TradeoffSlope_S10_ResponsiveHG_W40_Rep3.MetricsCollector - INFO - metrics:177 - Metrics @ T=34.00: Cells=503, MaxR=30.20, Pheno={'G_SPECIALIST': 503, 'L_SPECIALIST': 0, 'SWITCHING_GL': 0}
2025-05-27 19:46:30,655 - sim.TradeoffSlope_S10_ResponsiveHG_W40_Rep3.MetricsCollector - INFO - metrics:177 - Metrics @ T=35.00: Cells=528, MaxR=30.20, Pheno={'G_SPECIALIST': 528, 'L_SPECIALIST': 0, 'SWITCHING_GL': 0}
2025-05-27 19:46:30,691 - sim.TradeoffSlope_S10_ResponsiveHG_W40_Rep3.MetricsCollector - INFO - metrics:177 - Metrics @ T=36.00: Cells=560, MaxR=31.61, Pheno={'G_SPECIALIST': 560, 'L_SPECIALIST': 0, 'SWITCHING_GL': 0}
2025-05-27 19:46:30,728 - sim.TradeoffSlope_S10_ResponsiveHG_W40_Rep3.MetricsCollector - INFO - metrics:177 - Metrics @ T=37.00: Cells=597, MaxR=31.61, Pheno={'G_SPECIALIST': 597, 'L_SPECIALIST': 0, 'SWITCHING_GL': 0}
2025-05-27 19:46:30,768 - sim.TradeoffSlope_S10_ResponsiveHG_W40_Rep3.MetricsCollector - INFO - metrics:177 - Metrics @ T=38.00: Cells=638, MaxR=31.61, Pheno={'G_SPECIALIST': 638, 'L_SPECIALIST': 0, 'SWITCHING_GL': 0}
2025-05-27 19:46:30,811 - sim.TradeoffSlope_S10_ResponsiveHG_W40_Rep3.MetricsCollector - INFO - metrics:177 - Metrics @ T=39.00: Cells=683, MaxR=33.45, Pheno={'G_SPECIALIST': 683, 'L_SPECIALIST': 0, 'SWITCHING_GL': 0}
2025-05-27 19:46:30,848 - sim.TradeoffSlope_S10_ResponsiveHG_W40_Rep3 - INFO - simulation_engine:218 - Progress: T=40.00, Cells=719
2025-05-27 19:46:30,856 - sim.TradeoffSlope_S10_ResponsiveHG_W40_Rep3.MetricsCollector - INFO - metrics:177 - Metrics @ T=40.00: Cells=723, MaxR=33.45, Pheno={'G_SPECIALIST': 723, 'L_SPECIALIST': 0, 'SWITCHING_GL': 0}
2025-05-27 19:46:30,905 - sim.TradeoffSlope_S10_ResponsiveHG_W40_Rep3.MetricsCollector - INFO - metrics:177 - Metrics @ T=41.00: Cells=762, MaxR=33.45, Pheno={'G_SPECIALIST': 762, 'L_SPECIALIST': 0, 'SWITCHING_GL': 0}
2025-05-27 19:46:30,955 - sim.TradeoffSlope_S10_ResponsiveHG_W40_Rep3.MetricsCollector - INFO - metrics:177 - Metrics @ T=42.00: Cells=805, MaxR=34.77, Pheno={'G_SPECIALIST': 805, 'L_SPECIALIST': 0, 'SWITCHING_GL': 0}
2025-05-27 19:46:31,010 - sim.TradeoffSlope_S10_ResponsiveHG_W40_Rep3.MetricsCollector - INFO - metrics:177 - Metrics @ T=43.00: Cells=858, MaxR=37.51, Pheno={'G_SPECIALIST': 858, 'L_SPECIALIST': 0, 'SWITCHING_GL': 0}
2025-05-27 19:46:31,065 - sim.TradeoffSlope_S10_ResponsiveHG_W40_Rep3.MetricsCollector - INFO - metrics:177 - Metrics @ T=44.00: Cells=895, MaxR=38.22, Pheno={'G_SPECIALIST': 895, 'L_SPECIALIST': 0, 'SWITCHING_GL': 0}
2025-05-27 19:46:31,124 - sim.TradeoffSlope_S10_ResponsiveHG_W40_Rep3.MetricsCollector - INFO - metrics:177 - Metrics @ T=45.00: Cells=943, MaxR=38.22, Pheno={'G_SPECIALIST': 943, 'L_SPECIALIST': 0, 'SWITCHING_GL': 0}
2025-05-27 19:46:31,185 - sim.TradeoffSlope_S10_ResponsiveHG_W40_Rep3.MetricsCollector - INFO - metrics:177 - Metrics @ T=46.00: Cells=987, MaxR=39.69, Pheno={'G_SPECIALIST': 987, 'L_SPECIALIST': 0, 'SWITCHING_GL': 0}
2025-05-27 19:46:31,249 - sim.TradeoffSlope_S10_ResponsiveHG_W40_Rep3.MetricsCollector - INFO - metrics:177 - Metrics @ T=47.00: Cells=1040, MaxR=39.69, Pheno={'G_SPECIALIST': 1040, 'L_SPECIALIST': 0, 'SWITCHING_GL': 0}
2025-05-27 19:46:31,317 - sim.TradeoffSlope_S10_ResponsiveHG_W40_Rep3.MetricsCollector - INFO - metrics:177 - Metrics @ T=48.00: Cells=1086, MaxR=39.84, Pheno={'G_SPECIALIST': 1086, 'L_SPECIALIST': 0, 'SWITCHING_GL': 0}
2025-05-27 19:46:31,388 - sim.TradeoffSlope_S10_ResponsiveHG_W40_Rep3.MetricsCollector - INFO - metrics:177 - Metrics @ T=49.00: Cells=1141, MaxR=40.29, Pheno={'G_SPECIALIST': 1140, 'SWITCHING_GL': 1, 'L_SPECIALIST': 0}
2025-05-27 19:46:31,450 - sim.TradeoffSlope_S10_ResponsiveHG_W40_Rep3 - INFO - simulation_engine:218 - Progress: T=50.00, Cells=1186
2025-05-27 19:46:31,463 - sim.TradeoffSlope_S10_ResponsiveHG_W40_Rep3.MetricsCollector - INFO - metrics:177 - Metrics @ T=50.00: Cells=1189, MaxR=40.95, Pheno={'G_SPECIALIST': 1186, 'SWITCHING_GL': 3, 'L_SPECIALIST': 0}
2025-05-27 19:46:31,543 - sim.TradeoffSlope_S10_ResponsiveHG_W40_Rep3.MetricsCollector - INFO - metrics:177 - Metrics @ T=51.00: Cells=1239, MaxR=40.95, Pheno={'G_SPECIALIST': 1235, 'SWITCHING_GL': 4, 'L_SPECIALIST': 0}
2025-05-27 19:46:31,632 - sim.TradeoffSlope_S10_ResponsiveHG_W40_Rep3.MetricsCollector - INFO - metrics:177 - Metrics @ T=52.00: Cells=1291, MaxR=40.95, Pheno={'G_SPECIALIST': 1286, 'SWITCHING_GL': 5, 'L_SPECIALIST': 0}
2025-05-27 19:46:31,716 - sim.TradeoffSlope_S10_ResponsiveHG_W40_Rep3.MetricsCollector - INFO - metrics:177 - Metrics @ T=53.00: Cells=1331, MaxR=41.68, Pheno={'G_SPECIALIST': 1323, 'SWITCHING_GL': 8, 'L_SPECIALIST': 0}
2025-05-27 19:46:31,803 - sim.TradeoffSlope_S10_ResponsiveHG_W40_Rep3.MetricsCollector - INFO - metrics:177 - Metrics @ T=54.00: Cells=1387, MaxR=41.68, Pheno={'G_SPECIALIST': 1376, 'SWITCHING_GL': 11, 'L_SPECIALIST': 0}
2025-05-27 19:46:31,893 - sim.TradeoffSlope_S10_ResponsiveHG_W40_Rep3.MetricsCollector - INFO - metrics:177 - Metrics @ T=55.00: Cells=1431, MaxR=41.68, Pheno={'G_SPECIALIST': 1417, 'SWITCHING_GL': 14, 'L_SPECIALIST': 0}
2025-05-27 19:46:31,988 - sim.TradeoffSlope_S10_ResponsiveHG_W40_Rep3.MetricsCollector - INFO - metrics:177 - Metrics @ T=56.00: Cells=1491, MaxR=41.68, Pheno={'G_SPECIALIST': 1470, 'SWITCHING_GL': 20, 'L_SPECIALIST': 1}
2025-05-27 19:46:32,085 - sim.TradeoffSlope_S10_ResponsiveHG_W40_Rep3.MetricsCollector - INFO - metrics:177 - Metrics @ T=57.00: Cells=1540, MaxR=42.00, Pheno={'G_SPECIALIST': 1517, 'SWITCHING_GL': 20, 'L_SPECIALIST': 3}
2025-05-27 19:46:32,184 - sim.TradeoffSlope_S10_ResponsiveHG_W40_Rep3.MetricsCollector - INFO - metrics:177 - Metrics @ T=58.00: Cells=1584, MaxR=42.00, Pheno={'G_SPECIALIST': 1557, 'SWITCHING_GL': 22, 'L_SPECIALIST': 5}
2025-05-27 19:46:32,285 - sim.TradeoffSlope_S10_ResponsiveHG_W40_Rep3.MetricsCollector - INFO - metrics:177 - Metrics @ T=59.00: Cells=1617, MaxR=42.00, Pheno={'G_SPECIALIST': 1583, 'SWITCHING_GL': 27, 'L_SPECIALIST': 7}
2025-05-27 19:46:32,371 - sim.TradeoffSlope_S10_ResponsiveHG_W40_Rep3 - INFO - simulation_engine:218 - Progress: T=60.00, Cells=1655
2025-05-27 19:46:32,390 - sim.TradeoffSlope_S10_ResponsiveHG_W40_Rep3.MetricsCollector - INFO - metrics:177 - Metrics @ T=60.00: Cells=1656, MaxR=42.00, Pheno={'G_SPECIALIST': 1619, 'SWITCHING_GL': 28, 'L_SPECIALIST': 9}
2025-05-27 19:46:32,496 - sim.TradeoffSlope_S10_ResponsiveHG_W40_Rep3.MetricsCollector - INFO - metrics:177 - Metrics @ T=61.00: Cells=1697, MaxR=43.09, Pheno={'G_SPECIALIST': 1654, 'SWITCHING_GL': 29, 'L_SPECIALIST': 14}
2025-05-27 19:46:32,604 - sim.TradeoffSlope_S10_ResponsiveHG_W40_Rep3.MetricsCollector - INFO - metrics:177 - Metrics @ T=62.00: Cells=1736, MaxR=44.23, Pheno={'G_SPECIALIST': 1687, 'SWITCHING_GL': 32, 'L_SPECIALIST': 17}
2025-05-27 19:46:32,713 - sim.TradeoffSlope_S10_ResponsiveHG_W40_Rep3.MetricsCollector - INFO - metrics:177 - Metrics @ T=63.00: Cells=1768, MaxR=44.23, Pheno={'G_SPECIALIST': 1716, 'SWITCHING_GL': 33, 'L_SPECIALIST': 19}
2025-05-27 19:46:32,824 - sim.TradeoffSlope_S10_ResponsiveHG_W40_Rep3.MetricsCollector - INFO - metrics:177 - Metrics @ T=64.00: Cells=1797, MaxR=44.23, Pheno={'G_SPECIALIST': 1737, 'SWITCHING_GL': 36, 'L_SPECIALIST': 24}
2025-05-27 19:46:32,936 - sim.TradeoffSlope_S10_ResponsiveHG_W40_Rep3.MetricsCollector - INFO - metrics:177 - Metrics @ T=65.00: Cells=1826, MaxR=45.92, Pheno={'G_SPECIALIST': 1759, 'SWITCHING_GL': 42, 'L_SPECIALIST': 25}
2025-05-27 19:46:33,055 - sim.TradeoffSlope_S10_ResponsiveHG_W40_Rep3.MetricsCollector - INFO - metrics:177 - Metrics @ T=66.00: Cells=1863, MaxR=45.92, Pheno={'G_SPECIALIST': 1784, 'SWITCHING_GL': 47, 'L_SPECIALIST': 32}
2025-05-27 19:46:33,171 - sim.TradeoffSlope_S10_ResponsiveHG_W40_Rep3.MetricsCollector - INFO - metrics:177 - Metrics @ T=67.00: Cells=1893, MaxR=45.92, Pheno={'G_SPECIALIST': 1804, 'SWITCHING_GL': 50, 'L_SPECIALIST': 39}
2025-05-27 19:46:33,289 - sim.TradeoffSlope_S10_ResponsiveHG_W40_Rep3.MetricsCollector - INFO - metrics:177 - Metrics @ T=68.00: Cells=1921, MaxR=45.92, Pheno={'G_SPECIALIST': 1823, 'SWITCHING_GL': 55, 'L_SPECIALIST': 43}
2025-05-27 19:46:33,411 - sim.TradeoffSlope_S10_ResponsiveHG_W40_Rep3.MetricsCollector - INFO - metrics:177 - Metrics @ T=69.00: Cells=1950, MaxR=45.92, Pheno={'G_SPECIALIST': 1838, 'SWITCHING_GL': 61, 'L_SPECIALIST': 51}
2025-05-27 19:46:33,514 - sim.TradeoffSlope_S10_ResponsiveHG_W40_Rep3 - INFO - simulation_engine:218 - Progress: T=70.00, Cells=1981
2025-05-27 19:46:33,534 - sim.TradeoffSlope_S10_ResponsiveHG_W40_Rep3.MetricsCollector - INFO - metrics:177 - Metrics @ T=70.00: Cells=1984, MaxR=47.62, Pheno={'G_SPECIALIST': 1858, 'L_SPECIALIST': 62, 'SWITCHING_GL': 64}
2025-05-27 19:46:33,658 - sim.TradeoffSlope_S10_ResponsiveHG_W40_Rep3.MetricsCollector - INFO - metrics:177 - Metrics @ T=71.00: Cells=2005, MaxR=47.62, Pheno={'G_SPECIALIST': 1874, 'L_SPECIALIST': 71, 'SWITCHING_GL': 60}
2025-05-27 19:46:33,783 - sim.TradeoffSlope_S10_ResponsiveHG_W40_Rep3.MetricsCollector - INFO - metrics:177 - Metrics @ T=72.00: Cells=2036, MaxR=47.62, Pheno={'G_SPECIALIST': 1888, 'L_SPECIALIST': 83, 'SWITCHING_GL': 65}
2025-05-27 19:46:33,911 - sim.TradeoffSlope_S10_ResponsiveHG_W40_Rep3.MetricsCollector - INFO - metrics:177 - Metrics @ T=73.00: Cells=2057, MaxR=47.62, Pheno={'G_SPECIALIST': 1900, 'L_SPECIALIST': 92, 'SWITCHING_GL': 65}
2025-05-27 19:46:34,040 - sim.TradeoffSlope_S10_ResponsiveHG_W40_Rep3.MetricsCollector - INFO - metrics:177 - Metrics @ T=74.00: Cells=2085, MaxR=47.62, Pheno={'G_SPECIALIST': 1914, 'L_SPECIALIST': 107, 'SWITCHING_GL': 64}
2025-05-27 19:46:34,170 - sim.TradeoffSlope_S10_ResponsiveHG_W40_Rep3.MetricsCollector - INFO - metrics:177 - Metrics @ T=75.00: Cells=2104, MaxR=47.62, Pheno={'G_SPECIALIST': 1921, 'L_SPECIALIST': 117, 'SWITCHING_GL': 66}
2025-05-27 19:46:34,304 - sim.TradeoffSlope_S10_ResponsiveHG_W40_Rep3.MetricsCollector - INFO - metrics:177 - Metrics @ T=76.00: Cells=2124, MaxR=47.62, Pheno={'G_SPECIALIST': 1929, 'L_SPECIALIST': 128, 'SWITCHING_GL': 67}
2025-05-27 19:46:34,437 - sim.TradeoffSlope_S10_ResponsiveHG_W40_Rep3.MetricsCollector - INFO - metrics:177 - Metrics @ T=77.00: Cells=2149, MaxR=47.62, Pheno={'G_SPECIALIST': 1938, 'L_SPECIALIST': 149, 'SWITCHING_GL': 62}
2025-05-27 19:46:34,571 - sim.TradeoffSlope_S10_ResponsiveHG_W40_Rep3.MetricsCollector - INFO - metrics:177 - Metrics @ T=78.00: Cells=2167, MaxR=47.62, Pheno={'G_SPECIALIST': 1939, 'L_SPECIALIST': 161, 'SWITCHING_GL': 67}
2025-05-27 19:46:34,707 - sim.TradeoffSlope_S10_ResponsiveHG_W40_Rep3.MetricsCollector - INFO - metrics:177 - Metrics @ T=79.00: Cells=2189, MaxR=48.50, Pheno={'G_SPECIALIST': 1942, 'L_SPECIALIST': 179, 'SWITCHING_GL': 68}
2025-05-27 19:46:34,821 - sim.TradeoffSlope_S10_ResponsiveHG_W40_Rep3 - INFO - simulation_engine:218 - Progress: T=80.00, Cells=2212
2025-05-27 19:46:34,844 - sim.TradeoffSlope_S10_ResponsiveHG_W40_Rep3.MetricsCollector - INFO - metrics:177 - Metrics @ T=80.00: Cells=2215, MaxR=49.87, Pheno={'G_SPECIALIST': 1944, 'L_SPECIALIST': 206, 'SWITCHING_GL': 65}
2025-05-27 19:46:34,981 - sim.TradeoffSlope_S10_ResponsiveHG_W40_Rep3.MetricsCollector - INFO - metrics:177 - Metrics @ T=81.00: Cells=2233, MaxR=49.96, Pheno={'G_SPECIALIST': 1944, 'L_SPECIALIST': 227, 'SWITCHING_GL': 62}
2025-05-27 19:46:35,122 - sim.TradeoffSlope_S10_ResponsiveHG_W40_Rep3.MetricsCollector - INFO - metrics:177 - Metrics @ T=82.00: Cells=2256, MaxR=51.64, Pheno={'G_SPECIALIST': 1944, 'L_SPECIALIST': 257, 'SWITCHING_GL': 55}
2025-05-27 19:46:35,263 - sim.TradeoffSlope_S10_ResponsiveHG_W40_Rep3.MetricsCollector - INFO - metrics:177 - Metrics @ T=83.00: Cells=2270, MaxR=51.64, Pheno={'G_SPECIALIST': 1944, 'L_SPECIALIST': 277, 'SWITCHING_GL': 49}
2025-05-27 19:46:35,406 - sim.TradeoffSlope_S10_ResponsiveHG_W40_Rep3.MetricsCollector - INFO - metrics:177 - Metrics @ T=84.00: Cells=2291, MaxR=51.64, Pheno={'G_SPECIALIST': 1945, 'L_SPECIALIST': 300, 'SWITCHING_GL': 46}
2025-05-27 19:46:35,551 - sim.TradeoffSlope_S10_ResponsiveHG_W40_Rep3.MetricsCollector - INFO - metrics:177 - Metrics @ T=85.00: Cells=2309, MaxR=51.64, Pheno={'G_SPECIALIST': 1945, 'L_SPECIALIST': 322, 'SWITCHING_GL': 42}
2025-05-27 19:46:35,694 - sim.TradeoffSlope_S10_ResponsiveHG_W40_Rep3.MetricsCollector - INFO - metrics:177 - Metrics @ T=86.00: Cells=2342, MaxR=51.64, Pheno={'G_SPECIALIST': 1945, 'L_SPECIALIST': 357, 'SWITCHING_GL': 40}
2025-05-27 19:46:35,842 - sim.TradeoffSlope_S10_ResponsiveHG_W40_Rep3.MetricsCollector - INFO - metrics:177 - Metrics @ T=87.00: Cells=2371, MaxR=51.64, Pheno={'G_SPECIALIST': 1945, 'L_SPECIALIST': 388, 'SWITCHING_GL': 38}
2025-05-27 19:46:35,991 - sim.TradeoffSlope_S10_ResponsiveHG_W40_Rep3.MetricsCollector - INFO - metrics:177 - Metrics @ T=88.00: Cells=2405, MaxR=51.64, Pheno={'G_SPECIALIST': 1945, 'L_SPECIALIST': 424, 'SWITCHING_GL': 36}
2025-05-27 19:46:36,143 - sim.TradeoffSlope_S10_ResponsiveHG_W40_Rep3.MetricsCollector - INFO - metrics:177 - Metrics @ T=89.00: Cells=2430, MaxR=52.05, Pheno={'G_SPECIALIST': 1945, 'L_SPECIALIST': 451, 'SWITCHING_GL': 34}
2025-05-27 19:46:36,271 - sim.TradeoffSlope_S10_ResponsiveHG_W40_Rep3 - INFO - simulation_engine:218 - Progress: T=90.00, Cells=2452
2025-05-27 19:46:36,297 - sim.TradeoffSlope_S10_ResponsiveHG_W40_Rep3.MetricsCollector - INFO - metrics:177 - Metrics @ T=90.00: Cells=2453, MaxR=52.05, Pheno={'G_SPECIALIST': 1945, 'L_SPECIALIST': 479, 'SWITCHING_GL': 29}
2025-05-27 19:46:36,453 - sim.TradeoffSlope_S10_ResponsiveHG_W40_Rep3.MetricsCollector - INFO - metrics:177 - Metrics @ T=91.00: Cells=2484, MaxR=52.05, Pheno={'G_SPECIALIST': 1945, 'L_SPECIALIST': 516, 'SWITCHING_GL': 23}
2025-05-27 19:46:36,611 - sim.TradeoffSlope_S10_ResponsiveHG_W40_Rep3.MetricsCollector - INFO - metrics:177 - Metrics @ T=92.00: Cells=2504, MaxR=52.85, Pheno={'G_SPECIALIST': 1945, 'L_SPECIALIST': 538, 'SWITCHING_GL': 21}
2025-05-27 19:46:36,786 - sim.TradeoffSlope_S10_ResponsiveHG_W40_Rep3.MetricsCollector - INFO - metrics:177 - Metrics @ T=93.00: Cells=2524, MaxR=52.85, Pheno={'G_SPECIALIST': 1945, 'L_SPECIALIST': 561, 'SWITCHING_GL': 18}
2025-05-27 19:46:36,948 - sim.TradeoffSlope_S10_ResponsiveHG_W40_Rep3.MetricsCollector - INFO - metrics:177 - Metrics @ T=94.00: Cells=2548, MaxR=52.85, Pheno={'G_SPECIALIST': 1945, 'L_SPECIALIST': 586, 'SWITCHING_GL': 17}
2025-05-27 19:46:37,106 - sim.TradeoffSlope_S10_ResponsiveHG_W40_Rep3.MetricsCollector - INFO - metrics:177 - Metrics @ T=95.00: Cells=2571, MaxR=52.85, Pheno={'G_SPECIALIST': 1945, 'L_SPECIALIST': 613, 'SWITCHING_GL': 13}
2025-05-27 19:46:37,267 - sim.TradeoffSlope_S10_ResponsiveHG_W40_Rep3.MetricsCollector - INFO - metrics:177 - Metrics @ T=96.00: Cells=2600, MaxR=52.85, Pheno={'G_SPECIALIST': 1945, 'L_SPECIALIST': 646, 'SWITCHING_GL': 9}
2025-05-27 19:46:37,432 - sim.TradeoffSlope_S10_ResponsiveHG_W40_Rep3.MetricsCollector - INFO - metrics:177 - Metrics @ T=97.00: Cells=2628, MaxR=52.85, Pheno={'G_SPECIALIST': 1945, 'L_SPECIALIST': 676, 'SWITCHING_GL': 7}
2025-05-27 19:46:37,600 - sim.TradeoffSlope_S10_ResponsiveHG_W40_Rep3.MetricsCollector - INFO - metrics:177 - Metrics @ T=98.00: Cells=2659, MaxR=52.85, Pheno={'G_SPECIALIST': 1945, 'L_SPECIALIST': 708, 'SWITCHING_GL': 6}
2025-05-27 19:46:37,768 - sim.TradeoffSlope_S10_ResponsiveHG_W40_Rep3.MetricsCollector - INFO - metrics:177 - Metrics @ T=99.00: Cells=2695, MaxR=52.85, Pheno={'G_SPECIALIST': 1945, 'L_SPECIALIST': 747, 'SWITCHING_GL': 3}
2025-05-27 19:46:37,910 - sim.TradeoffSlope_S10_ResponsiveHG_W40_Rep3 - INFO - simulation_engine:218 - Progress: T=100.00, Cells=2720
2025-05-27 19:46:37,939 - sim.TradeoffSlope_S10_ResponsiveHG_W40_Rep3.MetricsCollector - INFO - metrics:177 - Metrics @ T=100.00: Cells=2723, MaxR=53.69, Pheno={'G_SPECIALIST': 1945, 'L_SPECIALIST': 777, 'SWITCHING_GL': 1}
2025-05-27 19:46:38,116 - sim.TradeoffSlope_S10_ResponsiveHG_W40_Rep3.MetricsCollector - INFO - metrics:177 - Metrics @ T=101.00: Cells=2754, MaxR=55.34, Pheno={'G_SPECIALIST': 1945, 'L_SPECIALIST': 809, 'SWITCHING_GL': 0}
2025-05-27 19:46:38,293 - sim.TradeoffSlope_S10_ResponsiveHG_W40_Rep3.MetricsCollector - INFO - metrics:177 - Metrics @ T=102.00: Cells=2804, MaxR=55.75, Pheno={'G_SPECIALIST': 1945, 'L_SPECIALIST': 859, 'SWITCHING_GL': 0}
2025-05-27 19:46:38,470 - sim.TradeoffSlope_S10_ResponsiveHG_W40_Rep3.MetricsCollector - INFO - metrics:177 - Metrics @ T=103.00: Cells=2828, MaxR=55.75, Pheno={'G_SPECIALIST': 1945, 'L_SPECIALIST': 883, 'SWITCHING_GL': 0}
2025-05-27 19:46:38,644 - sim.TradeoffSlope_S10_ResponsiveHG_W40_Rep3.MetricsCollector - INFO - metrics:177 - Metrics @ T=104.00: Cells=2858, MaxR=55.75, Pheno={'G_SPECIALIST': 1945, 'L_SPECIALIST': 913, 'SWITCHING_GL': 0}
2025-05-27 19:46:38,824 - sim.TradeoffSlope_S10_ResponsiveHG_W40_Rep3.MetricsCollector - INFO - metrics:177 - Metrics @ T=105.00: Cells=2884, MaxR=56.63, Pheno={'G_SPECIALIST': 1945, 'L_SPECIALIST': 939, 'SWITCHING_GL': 0}
2025-05-27 19:46:39,004 - sim.TradeoffSlope_S10_ResponsiveHG_W40_Rep3.MetricsCollector - INFO - metrics:177 - Metrics @ T=106.00: Cells=2913, MaxR=56.63, Pheno={'G_SPECIALIST': 1945, 'L_SPECIALIST': 968, 'SWITCHING_GL': 0}
2025-05-27 19:46:39,187 - sim.TradeoffSlope_S10_ResponsiveHG_W40_Rep3.MetricsCollector - INFO - metrics:177 - Metrics @ T=107.00: Cells=2934, MaxR=56.63, Pheno={'G_SPECIALIST': 1945, 'L_SPECIALIST': 989, 'SWITCHING_GL': 0}
2025-05-27 19:46:39,372 - sim.TradeoffSlope_S10_ResponsiveHG_W40_Rep3.MetricsCollector - INFO - metrics:177 - Metrics @ T=108.00: Cells=2965, MaxR=57.42, Pheno={'G_SPECIALIST': 1945, 'L_SPECIALIST': 1020, 'SWITCHING_GL': 0}
2025-05-27 19:46:39,558 - sim.TradeoffSlope_S10_ResponsiveHG_W40_Rep3.MetricsCollector - INFO - metrics:177 - Metrics @ T=109.00: Cells=2992, MaxR=57.65, Pheno={'G_SPECIALIST': 1945, 'L_SPECIALIST': 1047, 'SWITCHING_GL': 0}
2025-05-27 19:46:39,717 - sim.TradeoffSlope_S10_ResponsiveHG_W40_Rep3 - INFO - simulation_engine:218 - Progress: T=110.00, Cells=3019
2025-05-27 19:46:39,748 - sim.TradeoffSlope_S10_ResponsiveHG_W40_Rep3.MetricsCollector - INFO - metrics:177 - Metrics @ T=110.00: Cells=3022, MaxR=57.65, Pheno={'G_SPECIALIST': 1945, 'L_SPECIALIST': 1077, 'SWITCHING_GL': 0}
2025-05-27 19:46:39,939 - sim.TradeoffSlope_S10_ResponsiveHG_W40_Rep3.MetricsCollector - INFO - metrics:177 - Metrics @ T=111.00: Cells=3056, MaxR=57.65, Pheno={'G_SPECIALIST': 1945, 'L_SPECIALIST': 1111, 'SWITCHING_GL': 0}
2025-05-27 19:46:40,131 - sim.TradeoffSlope_S10_ResponsiveHG_W40_Rep3.MetricsCollector - INFO - metrics:177 - Metrics @ T=112.00: Cells=3086, MaxR=57.65, Pheno={'G_SPECIALIST': 1945, 'L_SPECIALIST': 1141, 'SWITCHING_GL': 0}
2025-05-27 19:46:40,324 - sim.TradeoffSlope_S10_ResponsiveHG_W40_Rep3.MetricsCollector - INFO - metrics:177 - Metrics @ T=113.00: Cells=3110, MaxR=57.94, Pheno={'G_SPECIALIST': 1945, 'L_SPECIALIST': 1165, 'SWITCHING_GL': 0}
2025-05-27 19:46:40,519 - sim.TradeoffSlope_S10_ResponsiveHG_W40_Rep3.MetricsCollector - INFO - metrics:177 - Metrics @ T=114.00: Cells=3143, MaxR=59.02, Pheno={'G_SPECIALIST': 1945, 'L_SPECIALIST': 1198, 'SWITCHING_GL': 0}
2025-05-27 19:46:40,714 - sim.TradeoffSlope_S10_ResponsiveHG_W40_Rep3.MetricsCollector - INFO - metrics:177 - Metrics @ T=115.00: Cells=3180, MaxR=59.02, Pheno={'G_SPECIALIST': 1945, 'L_SPECIALIST': 1235, 'SWITCHING_GL': 0}
2025-05-27 19:46:40,935 - sim.TradeoffSlope_S10_ResponsiveHG_W40_Rep3.MetricsCollector - INFO - metrics:177 - Metrics @ T=116.00: Cells=3218, MaxR=59.02, Pheno={'G_SPECIALIST': 1945, 'L_SPECIALIST': 1273, 'SWITCHING_GL': 0}
2025-05-27 19:46:41,138 - sim.TradeoffSlope_S10_ResponsiveHG_W40_Rep3.MetricsCollector - INFO - metrics:177 - Metrics @ T=117.00: Cells=3256, MaxR=60.22, Pheno={'G_SPECIALIST': 1945, 'L_SPECIALIST': 1311, 'SWITCHING_GL': 0}
2025-05-27 19:46:41,339 - sim.TradeoffSlope_S10_ResponsiveHG_W40_Rep3.MetricsCollector - INFO - metrics:177 - Metrics @ T=118.00: Cells=3283, MaxR=61.65, Pheno={'G_SPECIALIST': 1945, 'L_SPECIALIST': 1338, 'SWITCHING_GL': 0}
2025-05-27 19:46:41,546 - sim.TradeoffSlope_S10_ResponsiveHG_W40_Rep3.MetricsCollector - INFO - metrics:177 - Metrics @ T=119.00: Cells=3317, MaxR=61.65, Pheno={'G_SPECIALIST': 1945, 'L_SPECIALIST': 1372, 'SWITCHING_GL': 0}
2025-05-27 19:46:41,721 - sim.TradeoffSlope_S10_ResponsiveHG_W40_Rep3 - INFO - simulation_engine:218 - Progress: T=120.00, Cells=3347
2025-05-27 19:46:41,757 - sim.TradeoffSlope_S10_ResponsiveHG_W40_Rep3.MetricsCollector - INFO - metrics:177 - Metrics @ T=120.00: Cells=3349, MaxR=61.65, Pheno={'G_SPECIALIST': 1945, 'L_SPECIALIST': 1404, 'SWITCHING_GL': 0}
2025-05-27 19:46:41,965 - sim.TradeoffSlope_S10_ResponsiveHG_W40_Rep3.MetricsCollector - INFO - metrics:177 - Metrics @ T=121.00: Cells=3371, MaxR=61.65, Pheno={'G_SPECIALIST': 1945, 'L_SPECIALIST': 1426, 'SWITCHING_GL': 0}
2025-05-27 19:46:42,175 - sim.TradeoffSlope_S10_ResponsiveHG_W40_Rep3.MetricsCollector - INFO - metrics:177 - Metrics @ T=122.00: Cells=3407, MaxR=61.65, Pheno={'G_SPECIALIST': 1945, 'L_SPECIALIST': 1462, 'SWITCHING_GL': 0}
2025-05-27 19:46:42,388 - sim.TradeoffSlope_S10_ResponsiveHG_W40_Rep3.MetricsCollector - INFO - metrics:177 - Metrics @ T=123.00: Cells=3449, MaxR=61.65, Pheno={'G_SPECIALIST': 1945, 'L_SPECIALIST': 1504, 'SWITCHING_GL': 0}
2025-05-27 19:46:42,604 - sim.TradeoffSlope_S10_ResponsiveHG_W40_Rep3.MetricsCollector - INFO - metrics:177 - Metrics @ T=124.00: Cells=3484, MaxR=61.65, Pheno={'G_SPECIALIST': 1945, 'L_SPECIALIST': 1539, 'SWITCHING_GL': 0}
2025-05-27 19:46:42,824 - sim.TradeoffSlope_S10_ResponsiveHG_W40_Rep3.MetricsCollector - INFO - metrics:177 - Metrics @ T=125.00: Cells=3523, MaxR=63.10, Pheno={'G_SPECIALIST': 1945, 'L_SPECIALIST': 1578, 'SWITCHING_GL': 0}
2025-05-27 19:46:43,044 - sim.TradeoffSlope_S10_ResponsiveHG_W40_Rep3.MetricsCollector - INFO - metrics:177 - Metrics @ T=126.00: Cells=3556, MaxR=66.09, Pheno={'G_SPECIALIST': 1945, 'L_SPECIALIST': 1611, 'SWITCHING_GL': 0}
2025-05-27 19:46:43,268 - sim.TradeoffSlope_S10_ResponsiveHG_W40_Rep3.MetricsCollector - INFO - metrics:177 - Metrics @ T=127.00: Cells=3596, MaxR=66.09, Pheno={'G_SPECIALIST': 1945, 'L_SPECIALIST': 1651, 'SWITCHING_GL': 0}
2025-05-27 19:46:43,494 - sim.TradeoffSlope_S10_ResponsiveHG_W40_Rep3.MetricsCollector - INFO - metrics:177 - Metrics @ T=128.00: Cells=3629, MaxR=66.09, Pheno={'G_SPECIALIST': 1945, 'L_SPECIALIST': 1684, 'SWITCHING_GL': 0}
2025-05-27 19:46:43,722 - sim.TradeoffSlope_S10_ResponsiveHG_W40_Rep3.MetricsCollector - INFO - metrics:177 - Metrics @ T=129.00: Cells=3672, MaxR=66.09, Pheno={'G_SPECIALIST': 1945, 'L_SPECIALIST': 1727, 'SWITCHING_GL': 0}
2025-05-27 19:46:43,912 - sim.TradeoffSlope_S10_ResponsiveHG_W40_Rep3 - INFO - simulation_engine:218 - Progress: T=130.00, Cells=3703
2025-05-27 19:46:43,950 - sim.TradeoffSlope_S10_ResponsiveHG_W40_Rep3.MetricsCollector - INFO - metrics:177 - Metrics @ T=130.00: Cells=3709, MaxR=66.09, Pheno={'G_SPECIALIST': 1945, 'L_SPECIALIST': 1764, 'SWITCHING_GL': 0}
2025-05-27 19:46:44,181 - sim.TradeoffSlope_S10_ResponsiveHG_W40_Rep3.MetricsCollector - INFO - metrics:177 - Metrics @ T=131.00: Cells=3730, MaxR=66.09, Pheno={'G_SPECIALIST': 1945, 'L_SPECIALIST': 1785, 'SWITCHING_GL': 0}
2025-05-27 19:46:44,415 - sim.TradeoffSlope_S10_ResponsiveHG_W40_Rep3.MetricsCollector - INFO - metrics:177 - Metrics @ T=132.00: Cells=3765, MaxR=66.09, Pheno={'G_SPECIALIST': 1945, 'L_SPECIALIST': 1820, 'SWITCHING_GL': 0}
2025-05-27 19:46:44,647 - sim.TradeoffSlope_S10_ResponsiveHG_W40_Rep3.MetricsCollector - INFO - metrics:177 - Metrics @ T=133.00: Cells=3793, MaxR=66.09, Pheno={'G_SPECIALIST': 1945, 'L_SPECIALIST': 1848, 'SWITCHING_GL': 0}
2025-05-27 19:46:44,887 - sim.TradeoffSlope_S10_ResponsiveHG_W40_Rep3.MetricsCollector - INFO - metrics:177 - Metrics @ T=134.00: Cells=3833, MaxR=66.09, Pheno={'G_SPECIALIST': 1945, 'L_SPECIALIST': 1888, 'SWITCHING_GL': 0}
2025-05-27 19:46:45,130 - sim.TradeoffSlope_S10_ResponsiveHG_W40_Rep3.MetricsCollector - INFO - metrics:177 - Metrics @ T=135.00: Cells=3874, MaxR=66.09, Pheno={'G_SPECIALIST': 1945, 'L_SPECIALIST': 1929, 'SWITCHING_GL': 0}
2025-05-27 19:46:45,393 - sim.TradeoffSlope_S10_ResponsiveHG_W40_Rep3.MetricsCollector - INFO - metrics:177 - Metrics @ T=136.00: Cells=3915, MaxR=66.09, Pheno={'G_SPECIALIST': 1945, 'L_SPECIALIST': 1970, 'SWITCHING_GL': 0}
2025-05-27 19:46:45,639 - sim.TradeoffSlope_S10_ResponsiveHG_W40_Rep3.MetricsCollector - INFO - metrics:177 - Metrics @ T=137.00: Cells=3955, MaxR=66.09, Pheno={'G_SPECIALIST': 1945, 'L_SPECIALIST': 2010, 'SWITCHING_GL': 0}
2025-05-27 19:46:45,882 - sim.TradeoffSlope_S10_ResponsiveHG_W40_Rep3.MetricsCollector - INFO - metrics:177 - Metrics @ T=138.00: Cells=3992, MaxR=66.20, Pheno={'G_SPECIALIST': 1945, 'L_SPECIALIST': 2047, 'SWITCHING_GL': 0}
2025-05-27 19:46:46,137 - sim.TradeoffSlope_S10_ResponsiveHG_W40_Rep3.MetricsCollector - INFO - metrics:177 - Metrics @ T=139.00: Cells=4026, MaxR=66.20, Pheno={'G_SPECIALIST': 1945, 'L_SPECIALIST': 2081, 'SWITCHING_GL': 0}
2025-05-27 19:46:46,348 - sim.TradeoffSlope_S10_ResponsiveHG_W40_Rep3 - INFO - simulation_engine:218 - Progress: T=140.00, Cells=4049
2025-05-27 19:46:46,388 - sim.TradeoffSlope_S10_ResponsiveHG_W40_Rep3.MetricsCollector - INFO - metrics:177 - Metrics @ T=140.00: Cells=4052, MaxR=66.20, Pheno={'G_SPECIALIST': 1945, 'L_SPECIALIST': 2107, 'SWITCHING_GL': 0}
2025-05-27 19:46:46,643 - sim.TradeoffSlope_S10_ResponsiveHG_W40_Rep3.MetricsCollector - INFO - metrics:177 - Metrics @ T=141.00: Cells=4087, MaxR=66.20, Pheno={'G_SPECIALIST': 1945, 'L_SPECIALIST': 2142, 'SWITCHING_GL': 0}
2025-05-27 19:46:46,897 - sim.TradeoffSlope_S10_ResponsiveHG_W40_Rep3.MetricsCollector - INFO - metrics:177 - Metrics @ T=142.00: Cells=4115, MaxR=67.55, Pheno={'G_SPECIALIST': 1945, 'L_SPECIALIST': 2170, 'SWITCHING_GL': 0}
2025-05-27 19:46:47,161 - sim.TradeoffSlope_S10_ResponsiveHG_W40_Rep3.MetricsCollector - INFO - metrics:177 - Metrics @ T=143.00: Cells=4161, MaxR=67.55, Pheno={'G_SPECIALIST': 1945, 'L_SPECIALIST': 2216, 'SWITCHING_GL': 0}
2025-05-27 19:46:47,425 - sim.TradeoffSlope_S10_ResponsiveHG_W40_Rep3.MetricsCollector - INFO - metrics:177 - Metrics @ T=144.00: Cells=4199, MaxR=67.55, Pheno={'G_SPECIALIST': 1945, 'L_SPECIALIST': 2254, 'SWITCHING_GL': 0}
2025-05-27 19:46:47,689 - sim.TradeoffSlope_S10_ResponsiveHG_W40_Rep3.MetricsCollector - INFO - metrics:177 - Metrics @ T=145.00: Cells=4245, MaxR=67.55, Pheno={'G_SPECIALIST': 1945, 'L_SPECIALIST': 2300, 'SWITCHING_GL': 0}
2025-05-27 19:46:47,956 - sim.TradeoffSlope_S10_ResponsiveHG_W40_Rep3.MetricsCollector - INFO - metrics:177 - Metrics @ T=146.00: Cells=4278, MaxR=67.64, Pheno={'G_SPECIALIST': 1945, 'L_SPECIALIST': 2333, 'SWITCHING_GL': 0}
2025-05-27 19:46:48,236 - sim.TradeoffSlope_S10_ResponsiveHG_W40_Rep3.MetricsCollector - INFO - metrics:177 - Metrics @ T=147.00: Cells=4323, MaxR=69.09, Pheno={'G_SPECIALIST': 1945, 'L_SPECIALIST': 2378, 'SWITCHING_GL': 0}
2025-05-27 19:46:48,508 - sim.TradeoffSlope_S10_ResponsiveHG_W40_Rep3.MetricsCollector - INFO - metrics:177 - Metrics @ T=148.00: Cells=4361, MaxR=69.09, Pheno={'G_SPECIALIST': 1945, 'L_SPECIALIST': 2416, 'SWITCHING_GL': 0}
2025-05-27 19:46:48,781 - sim.TradeoffSlope_S10_ResponsiveHG_W40_Rep3.MetricsCollector - INFO - metrics:177 - Metrics @ T=149.00: Cells=4385, MaxR=69.09, Pheno={'G_SPECIALIST': 1945, 'L_SPECIALIST': 2440, 'SWITCHING_GL': 0}
2025-05-27 19:46:49,010 - sim.TradeoffSlope_S10_ResponsiveHG_W40_Rep3 - INFO - simulation_engine:218 - Progress: T=150.00, Cells=4423
2025-05-27 19:46:49,058 - sim.TradeoffSlope_S10_ResponsiveHG_W40_Rep3.MetricsCollector - INFO - metrics:177 - Metrics @ T=150.00: Cells=4427, MaxR=69.20, Pheno={'G_SPECIALIST': 1945, 'L_SPECIALIST': 2482, 'SWITCHING_GL': 0}
2025-05-27 19:46:49,333 - sim.TradeoffSlope_S10_ResponsiveHG_W40_Rep3.MetricsCollector - INFO - metrics:177 - Metrics @ T=151.00: Cells=4464, MaxR=69.20, Pheno={'G_SPECIALIST': 1945, 'L_SPECIALIST': 2519, 'SWITCHING_GL': 0}
2025-05-27 19:46:49,610 - sim.TradeoffSlope_S10_ResponsiveHG_W40_Rep3.MetricsCollector - INFO - metrics:177 - Metrics @ T=152.00: Cells=4491, MaxR=69.74, Pheno={'G_SPECIALIST': 1945, 'L_SPECIALIST': 2546, 'SWITCHING_GL': 0}
2025-05-27 19:46:49,894 - sim.TradeoffSlope_S10_ResponsiveHG_W40_Rep3.MetricsCollector - INFO - metrics:177 - Metrics @ T=153.00: Cells=4537, MaxR=69.74, Pheno={'G_SPECIALIST': 1945, 'L_SPECIALIST': 2592, 'SWITCHING_GL': 0}
2025-05-27 19:46:50,179 - sim.TradeoffSlope_S10_ResponsiveHG_W40_Rep3.MetricsCollector - INFO - metrics:177 - Metrics @ T=154.00: Cells=4566, MaxR=71.44, Pheno={'G_SPECIALIST': 1945, 'L_SPECIALIST': 2621, 'SWITCHING_GL': 0}
2025-05-27 19:46:50,469 - sim.TradeoffSlope_S10_ResponsiveHG_W40_Rep3.MetricsCollector - INFO - metrics:177 - Metrics @ T=155.00: Cells=4610, MaxR=71.44, Pheno={'G_SPECIALIST': 1945, 'L_SPECIALIST': 2665, 'SWITCHING_GL': 0}
2025-05-27 19:46:50,753 - sim.TradeoffSlope_S10_ResponsiveHG_W40_Rep3.MetricsCollector - INFO - metrics:177 - Metrics @ T=156.00: Cells=4646, MaxR=71.44, Pheno={'G_SPECIALIST': 1945, 'L_SPECIALIST': 2701, 'SWITCHING_GL': 0}
2025-05-27 19:46:51,041 - sim.TradeoffSlope_S10_ResponsiveHG_W40_Rep3.MetricsCollector - INFO - metrics:177 - Metrics @ T=157.00: Cells=4682, MaxR=71.44, Pheno={'G_SPECIALIST': 1945, 'L_SPECIALIST': 2737, 'SWITCHING_GL': 0}
2025-05-27 19:46:51,331 - sim.TradeoffSlope_S10_ResponsiveHG_W40_Rep3.MetricsCollector - INFO - metrics:177 - Metrics @ T=158.00: Cells=4714, MaxR=71.44, Pheno={'G_SPECIALIST': 1945, 'L_SPECIALIST': 2769, 'SWITCHING_GL': 0}
2025-05-27 19:46:51,626 - sim.TradeoffSlope_S10_ResponsiveHG_W40_Rep3.MetricsCollector - INFO - metrics:177 - Metrics @ T=159.00: Cells=4755, MaxR=72.64, Pheno={'G_SPECIALIST': 1945, 'L_SPECIALIST': 2810, 'SWITCHING_GL': 0}
2025-05-27 19:46:51,875 - sim.TradeoffSlope_S10_ResponsiveHG_W40_Rep3 - INFO - simulation_engine:218 - Progress: T=160.00, Cells=4785
2025-05-27 19:46:51,925 - sim.TradeoffSlope_S10_ResponsiveHG_W40_Rep3.MetricsCollector - INFO - metrics:177 - Metrics @ T=160.00: Cells=4792, MaxR=73.14, Pheno={'G_SPECIALIST': 1945, 'L_SPECIALIST': 2847, 'SWITCHING_GL': 0}
2025-05-27 19:46:52,227 - sim.TradeoffSlope_S10_ResponsiveHG_W40_Rep3.MetricsCollector - INFO - metrics:177 - Metrics @ T=161.00: Cells=4834, MaxR=73.14, Pheno={'G_SPECIALIST': 1945, 'L_SPECIALIST': 2889, 'SWITCHING_GL': 0}
2025-05-27 19:46:52,531 - sim.TradeoffSlope_S10_ResponsiveHG_W40_Rep3.MetricsCollector - INFO - metrics:177 - Metrics @ T=162.00: Cells=4872, MaxR=73.73, Pheno={'G_SPECIALIST': 1945, 'L_SPECIALIST': 2927, 'SWITCHING_GL': 0}
2025-05-27 19:46:52,836 - sim.TradeoffSlope_S10_ResponsiveHG_W40_Rep3.MetricsCollector - INFO - metrics:177 - Metrics @ T=163.00: Cells=4903, MaxR=73.73, Pheno={'G_SPECIALIST': 1945, 'L_SPECIALIST': 2958, 'SWITCHING_GL': 0}
2025-05-27 19:46:53,142 - sim.TradeoffSlope_S10_ResponsiveHG_W40_Rep3.MetricsCollector - INFO - metrics:177 - Metrics @ T=164.00: Cells=4928, MaxR=73.73, Pheno={'G_SPECIALIST': 1945, 'L_SPECIALIST': 2983, 'SWITCHING_GL': 0}
2025-05-27 19:46:53,454 - sim.TradeoffSlope_S10_ResponsiveHG_W40_Rep3.MetricsCollector - INFO - metrics:177 - Metrics @ T=165.00: Cells=4972, MaxR=73.73, Pheno={'G_SPECIALIST': 1945, 'L_SPECIALIST': 3027, 'SWITCHING_GL': 0}
2025-05-27 19:46:53,766 - sim.TradeoffSlope_S10_ResponsiveHG_W40_Rep3.MetricsCollector - INFO - metrics:177 - Metrics @ T=166.00: Cells=5019, MaxR=73.73, Pheno={'G_SPECIALIST': 1945, 'L_SPECIALIST': 3074, 'SWITCHING_GL': 0}
2025-05-27 19:46:54,079 - sim.TradeoffSlope_S10_ResponsiveHG_W40_Rep3.MetricsCollector - INFO - metrics:177 - Metrics @ T=167.00: Cells=5056, MaxR=73.73, Pheno={'G_SPECIALIST': 1945, 'L_SPECIALIST': 3111, 'SWITCHING_GL': 0}
2025-05-27 19:46:54,399 - sim.TradeoffSlope_S10_ResponsiveHG_W40_Rep3.MetricsCollector - INFO - metrics:177 - Metrics @ T=168.00: Cells=5094, MaxR=73.75, Pheno={'G_SPECIALIST': 1945, 'L_SPECIALIST': 3149, 'SWITCHING_GL': 0}
2025-05-27 19:46:54,716 - sim.TradeoffSlope_S10_ResponsiveHG_W40_Rep3.MetricsCollector - INFO - metrics:177 - Metrics @ T=169.00: Cells=5128, MaxR=73.91, Pheno={'G_SPECIALIST': 1945, 'L_SPECIALIST': 3183, 'SWITCHING_GL': 0}
2025-05-27 19:46:54,985 - sim.TradeoffSlope_S10_ResponsiveHG_W40_Rep3 - INFO - simulation_engine:218 - Progress: T=170.00, Cells=5160
2025-05-27 19:46:55,037 - sim.TradeoffSlope_S10_ResponsiveHG_W40_Rep3.MetricsCollector - INFO - metrics:177 - Metrics @ T=170.00: Cells=5164, MaxR=73.91, Pheno={'G_SPECIALIST': 1945, 'L_SPECIALIST': 3219, 'SWITCHING_GL': 0}
2025-05-27 19:46:55,363 - sim.TradeoffSlope_S10_ResponsiveHG_W40_Rep3.MetricsCollector - INFO - metrics:177 - Metrics @ T=171.00: Cells=5207, MaxR=73.91, Pheno={'G_SPECIALIST': 1945, 'L_SPECIALIST': 3262, 'SWITCHING_GL': 0}
2025-05-27 19:46:55,721 - sim.TradeoffSlope_S10_ResponsiveHG_W40_Rep3.MetricsCollector - INFO - metrics:177 - Metrics @ T=172.00: Cells=5246, MaxR=73.91, Pheno={'G_SPECIALIST': 1945, 'L_SPECIALIST': 3301, 'SWITCHING_GL': 0}
2025-05-27 19:46:56,073 - sim.TradeoffSlope_S10_ResponsiveHG_W40_Rep3.MetricsCollector - INFO - metrics:177 - Metrics @ T=173.00: Cells=5285, MaxR=75.18, Pheno={'G_SPECIALIST': 1945, 'L_SPECIALIST': 3340, 'SWITCHING_GL': 0}
2025-05-27 19:46:56,403 - sim.TradeoffSlope_S10_ResponsiveHG_W40_Rep3.MetricsCollector - INFO - metrics:177 - Metrics @ T=174.00: Cells=5334, MaxR=75.18, Pheno={'G_SPECIALIST': 1945, 'L_SPECIALIST': 3389, 'SWITCHING_GL': 0}
2025-05-27 19:46:56,737 - sim.TradeoffSlope_S10_ResponsiveHG_W40_Rep3.MetricsCollector - INFO - metrics:177 - Metrics @ T=175.00: Cells=5373, MaxR=75.18, Pheno={'G_SPECIALIST': 1945, 'L_SPECIALIST': 3428, 'SWITCHING_GL': 0}
2025-05-27 19:46:57,072 - sim.TradeoffSlope_S10_ResponsiveHG_W40_Rep3.MetricsCollector - INFO - metrics:177 - Metrics @ T=176.00: Cells=5414, MaxR=75.18, Pheno={'G_SPECIALIST': 1945, 'L_SPECIALIST': 3469, 'SWITCHING_GL': 0}
2025-05-27 19:46:57,414 - sim.TradeoffSlope_S10_ResponsiveHG_W40_Rep3.MetricsCollector - INFO - metrics:177 - Metrics @ T=177.00: Cells=5455, MaxR=76.15, Pheno={'G_SPECIALIST': 1945, 'L_SPECIALIST': 3510, 'SWITCHING_GL': 0}
2025-05-27 19:46:57,755 - sim.TradeoffSlope_S10_ResponsiveHG_W40_Rep3.MetricsCollector - INFO - metrics:177 - Metrics @ T=178.00: Cells=5501, MaxR=76.15, Pheno={'G_SPECIALIST': 1945, 'L_SPECIALIST': 3556, 'SWITCHING_GL': 0}
2025-05-27 19:46:58,102 - sim.TradeoffSlope_S10_ResponsiveHG_W40_Rep3.MetricsCollector - INFO - metrics:177 - Metrics @ T=179.00: Cells=5544, MaxR=76.50, Pheno={'G_SPECIALIST': 1945, 'L_SPECIALIST': 3599, 'SWITCHING_GL': 0}
2025-05-27 19:46:58,399 - sim.TradeoffSlope_S10_ResponsiveHG_W40_Rep3 - INFO - simulation_engine:218 - Progress: T=180.00, Cells=5590
2025-05-27 19:46:58,459 - sim.TradeoffSlope_S10_ResponsiveHG_W40_Rep3.MetricsCollector - INFO - metrics:177 - Metrics @ T=180.00: Cells=5594, MaxR=76.50, Pheno={'G_SPECIALIST': 1945, 'L_SPECIALIST': 3649, 'SWITCHING_GL': 0}
2025-05-27 19:46:58,809 - sim.TradeoffSlope_S10_ResponsiveHG_W40_Rep3.MetricsCollector - INFO - metrics:177 - Metrics @ T=181.00: Cells=5636, MaxR=76.60, Pheno={'G_SPECIALIST': 1945, 'L_SPECIALIST': 3691, 'SWITCHING_GL': 0}
2025-05-27 19:46:59,161 - sim.TradeoffSlope_S10_ResponsiveHG_W40_Rep3.MetricsCollector - INFO - metrics:177 - Metrics @ T=182.00: Cells=5677, MaxR=76.97, Pheno={'G_SPECIALIST': 1945, 'L_SPECIALIST': 3732, 'SWITCHING_GL': 0}
2025-05-27 19:46:59,520 - sim.TradeoffSlope_S10_ResponsiveHG_W40_Rep3.MetricsCollector - INFO - metrics:177 - Metrics @ T=183.00: Cells=5725, MaxR=76.97, Pheno={'G_SPECIALIST': 1945, 'L_SPECIALIST': 3780, 'SWITCHING_GL': 0}
2025-05-27 19:46:59,878 - sim.TradeoffSlope_S10_ResponsiveHG_W40_Rep3.MetricsCollector - INFO - metrics:177 - Metrics @ T=184.00: Cells=5779, MaxR=77.90, Pheno={'G_SPECIALIST': 1945, 'L_SPECIALIST': 3834, 'SWITCHING_GL': 0}
2025-05-27 19:47:00,243 - sim.TradeoffSlope_S10_ResponsiveHG_W40_Rep3.MetricsCollector - INFO - metrics:177 - Metrics @ T=185.00: Cells=5823, MaxR=77.90, Pheno={'G_SPECIALIST': 1945, 'L_SPECIALIST': 3878, 'SWITCHING_GL': 0}
2025-05-27 19:47:00,610 - sim.TradeoffSlope_S10_ResponsiveHG_W40_Rep3.MetricsCollector - INFO - metrics:177 - Metrics @ T=186.00: Cells=5860, MaxR=79.54, Pheno={'G_SPECIALIST': 1945, 'L_SPECIALIST': 3915, 'SWITCHING_GL': 0}
2025-05-27 19:47:00,974 - sim.TradeoffSlope_S10_ResponsiveHG_W40_Rep3.MetricsCollector - INFO - metrics:177 - Metrics @ T=187.00: Cells=5893, MaxR=79.54, Pheno={'G_SPECIALIST': 1945, 'L_SPECIALIST': 3948, 'SWITCHING_GL': 0}
2025-05-27 19:47:01,341 - sim.TradeoffSlope_S10_ResponsiveHG_W40_Rep3.MetricsCollector - INFO - metrics:177 - Metrics @ T=188.00: Cells=5946, MaxR=79.54, Pheno={'G_SPECIALIST': 1945, 'L_SPECIALIST': 4001, 'SWITCHING_GL': 0}
2025-05-27 19:47:01,710 - sim.TradeoffSlope_S10_ResponsiveHG_W40_Rep3.MetricsCollector - INFO - metrics:177 - Metrics @ T=189.00: Cells=6000, MaxR=79.99, Pheno={'G_SPECIALIST': 1945, 'L_SPECIALIST': 4055, 'SWITCHING_GL': 0}
2025-05-27 19:47:02,031 - sim.TradeoffSlope_S10_ResponsiveHG_W40_Rep3 - INFO - simulation_engine:218 - Progress: T=190.00, Cells=6040
2025-05-27 19:47:02,094 - sim.TradeoffSlope_S10_ResponsiveHG_W40_Rep3.MetricsCollector - INFO - metrics:177 - Metrics @ T=190.00: Cells=6044, MaxR=79.99, Pheno={'G_SPECIALIST': 1945, 'L_SPECIALIST': 4099, 'SWITCHING_GL': 0}
2025-05-27 19:47:02,487 - sim.TradeoffSlope_S10_ResponsiveHG_W40_Rep3.MetricsCollector - INFO - metrics:177 - Metrics @ T=191.00: Cells=6100, MaxR=79.99, Pheno={'G_SPECIALIST': 1945, 'L_SPECIALIST': 4155, 'SWITCHING_GL': 0}
2025-05-27 19:47:02,883 - sim.TradeoffSlope_S10_ResponsiveHG_W40_Rep3.MetricsCollector - INFO - metrics:177 - Metrics @ T=192.00: Cells=6144, MaxR=79.99, Pheno={'G_SPECIALIST': 1945, 'L_SPECIALIST': 4199, 'SWITCHING_GL': 0}
2025-05-27 19:47:03,277 - sim.TradeoffSlope_S10_ResponsiveHG_W40_Rep3.MetricsCollector - INFO - metrics:177 - Metrics @ T=193.00: Cells=6189, MaxR=79.99, Pheno={'G_SPECIALIST': 1945, 'L_SPECIALIST': 4244, 'SWITCHING_GL': 0}
2025-05-27 19:47:03,668 - sim.TradeoffSlope_S10_ResponsiveHG_W40_Rep3.MetricsCollector - INFO - metrics:177 - Metrics @ T=194.00: Cells=6234, MaxR=82.49, Pheno={'G_SPECIALIST': 1947, 'L_SPECIALIST': 4287, 'SWITCHING_GL': 0}
2025-05-27 19:47:04,067 - sim.TradeoffSlope_S10_ResponsiveHG_W40_Rep3.MetricsCollector - INFO - metrics:177 - Metrics @ T=195.00: Cells=6293, MaxR=84.12, Pheno={'G_SPECIALIST': 1950, 'L_SPECIALIST': 4343, 'SWITCHING_GL': 0}
2025-05-27 19:47:04,462 - sim.TradeoffSlope_S10_ResponsiveHG_W40_Rep3.MetricsCollector - INFO - metrics:177 - Metrics @ T=196.00: Cells=6333, MaxR=85.77, Pheno={'G_SPECIALIST': 1952, 'L_SPECIALIST': 4381, 'SWITCHING_GL': 0}
2025-05-27 19:47:04,859 - sim.TradeoffSlope_S10_ResponsiveHG_W40_Rep3.MetricsCollector - INFO - metrics:177 - Metrics @ T=197.00: Cells=6381, MaxR=85.77, Pheno={'G_SPECIALIST': 1955, 'L_SPECIALIST': 4426, 'SWITCHING_GL': 0}
2025-05-27 19:47:05,263 - sim.TradeoffSlope_S10_ResponsiveHG_W40_Rep3.MetricsCollector - INFO - metrics:177 - Metrics @ T=198.00: Cells=6419, MaxR=85.77, Pheno={'G_SPECIALIST': 1959, 'L_SPECIALIST': 4460, 'SWITCHING_GL': 0}
2025-05-27 19:47:05,664 - sim.TradeoffSlope_S10_ResponsiveHG_W40_Rep3.MetricsCollector - INFO - metrics:177 - Metrics @ T=199.00: Cells=6467, MaxR=87.41, Pheno={'G_SPECIALIST': 1966, 'L_SPECIALIST': 4501, 'SWITCHING_GL': 0}
2025-05-27 19:47:06,001 - sim.TradeoffSlope_S10_ResponsiveHG_W40_Rep3 - INFO - simulation_engine:218 - Progress: T=200.00, Cells=6510
2025-05-27 19:47:06,067 - sim.TradeoffSlope_S10_ResponsiveHG_W40_Rep3.MetricsCollector - INFO - metrics:177 - Metrics @ T=200.00: Cells=6517, MaxR=87.41, Pheno={'G_SPECIALIST': 1975, 'L_SPECIALIST': 4542, 'SWITCHING_GL': 0}
2025-05-27 19:47:06,105 - sim.TradeoffSlope_S10_ResponsiveHG_W40_Rep3 - INFO - simulation_engine:238 - Sim run finished: TradeoffSlope_S10_ResponsiveHG_W40_Rep3. Wall-clock: 35.885s.
2025-05-27 19:47:06,105 - sim.TradeoffSlope_S10_ResponsiveHG_W40_Rep3 - INFO - simulation_engine:241 - Final state: SimTime=200.10, Steps=2001, Cells=6524.
2025-05-27 19:47:06,105 - sim.TradeoffSlope_S10_ResponsiveHG_W40_Rep3.MetricsCollector - INFO - metrics:300 - Finalizing data collection and exporting results...
2025-05-27 19:47:06,106 - sim.TradeoffSlope_S10_ResponsiveHG_W40_Rep3.MetricsCollector - INFO - metrics:312 - --- Simulation Summary (Log) ---
time: 199.99999999999292
total_cell_count: 6517
phenotype_counts: {'G_SPECIALIST': 1975, 'L_SPECIALIST': 4542, 'SWITCHING_GL': 0}
avg_radial_distance: 49.150161481675994
max_radial_distance: 87.41281370600079
min_radial_distance: 0.0
std_dev_radial_distance: 17.60532224356758
median_radial_distance: 51.96152422706632
frontier_lag_G_to_L: (details in files)
frontier_traits: (details in files)
overall_radial_expansion_velocity: 0.4284038144921747
config_exp_name: TradeoffSlope_S10_ResponsiveHG_W40_Rep3

2025-05-27 19:47:06,125 - sim.TradeoffSlope_S10_ResponsiveHG_W40_Rep3.MetricsCollector - INFO - metrics:242 - Time series data exported to results\TradeoffSlope_S10_ResponsiveHG_W40_Rep3\time_series_data.csv
2025-05-27 19:47:06,133 - sim.TradeoffSlope_S10_ResponsiveHG_W40_Rep3.MetricsCollector - INFO - metrics:267 - Summary data exported to results\TradeoffSlope_S10_ResponsiveHG_W40_Rep3\summary.json
2025-05-27 19:47:06,133 - sim.TradeoffSlope_S10_ResponsiveHG_W40_Rep3.MetricsCollector - INFO - metrics:275 - No kymograph data to export.
2025-05-27 19:47:06,133 - sim.TradeoffSlope_S10_ResponsiveHG_W40_Rep3.MetricsCollector - INFO - metrics:316 - All data export finalized for TradeoffSlope_S10_ResponsiveHG_W40_Rep3.
2025-05-27 19:47:06,133 - sim.TradeoffSlope_S10_ResponsiveHG_W40_Rep3 - INFO - simulation_engine:276 - Simulation fully complete.
