2025-05-27 19:53:02,989 - sim.TradeoffSlope_S40_ResponsiveHG_W40_Rep2 - INFO - simulation_engine:37 - Initializing SimulationEngine for experiment: TradeoffSlope_S40_ResponsiveHG_W40_Rep2
2025-05-27 19:53:02,989 - sim.TradeoffSlope_S40_ResponsiveHG_W40_Rep2 - INFO - simulation_engine:70 - Visualization disabled.
2025-05-27 19:53:02,990 - sim.TradeoffSlope_S40_ResponsiveHG_W40_Rep2 - INFO - simulation_engine:202 - Starting simulation: TradeoffSlope_S40_ResponsiveHG_W40_Rep2
2025-05-27 19:53:02,990 - sim.TradeoffSlope_S40_ResponsiveHG_W40_Rep2 - INFO - simulation_engine:204 - Colony initialized: 5 cells.
2025-05-27 19:53:02,991 - sim.TradeoffSlope_S40_ResponsiveHG_W40_Rep2.MetricsCollector - INFO - metrics:177 - Metrics @ T=0.00: Cells=5, MaxR=1.73, Pheno={'G_SPECIALIST': 5, 'L_SPECIALIST': 0, 'SWITCHING_GL': 0}
2025-05-27 19:53:02,992 - sim.TradeoffSlope_S40_ResponsiveHG_W40_Rep2.MetricsCollector - INFO - metrics:177 - Metrics @ T=1.00: Cells=8, MaxR=3.46, Pheno={'G_SPECIALIST': 8, 'L_SPECIALIST': 0, 'SWITCHING_GL': 0}
2025-05-27 19:53:02,993 - sim.TradeoffSlope_S40_ResponsiveHG_W40_Rep2.MetricsCollector - INFO - metrics:177 - Metrics @ T=2.00: Cells=10, MaxR=3.46, Pheno={'G_SPECIALIST': 10, 'L_SPECIALIST': 0, 'SWITCHING_GL': 0}
2025-05-27 19:53:02,994 - sim.TradeoffSlope_S40_ResponsiveHG_W40_Rep2.MetricsCollector - INFO - metrics:177 - Metrics @ T=3.00: Cells=11, MaxR=3.46, Pheno={'G_SPECIALIST': 11, 'L_SPECIALIST': 0, 'SWITCHING_GL': 0}
2025-05-27 19:53:02,995 - sim.TradeoffSlope_S40_ResponsiveHG_W40_Rep2.MetricsCollector - INFO - metrics:177 - Metrics @ T=4.00: Cells=19, MaxR=4.58, Pheno={'G_SPECIALIST': 19, 'L_SPECIALIST': 0, 'SWITCHING_GL': 0}
2025-05-27 19:53:02,997 - sim.TradeoffSlope_S40_ResponsiveHG_W40_Rep2.MetricsCollector - INFO - metrics:177 - Metrics @ T=5.00: Cells=20, MaxR=4.58, Pheno={'G_SPECIALIST': 20, 'L_SPECIALIST': 0, 'SWITCHING_GL': 0}
2025-05-27 19:53:02,999 - sim.TradeoffSlope_S40_ResponsiveHG_W40_Rep2.MetricsCollector - INFO - metrics:177 - Metrics @ T=6.00: Cells=23, MaxR=6.24, Pheno={'G_SPECIALIST': 23, 'L_SPECIALIST': 0, 'SWITCHING_GL': 0}
2025-05-27 19:53:03,001 - sim.TradeoffSlope_S40_ResponsiveHG_W40_Rep2.MetricsCollector - INFO - metrics:177 - Metrics @ T=7.00: Cells=27, MaxR=6.24, Pheno={'G_SPECIALIST': 27, 'L_SPECIALIST': 0, 'SWITCHING_GL': 0}
2025-05-27 19:53:03,003 - sim.TradeoffSlope_S40_ResponsiveHG_W40_Rep2.MetricsCollector - INFO - metrics:177 - Metrics @ T=8.00: Cells=28, MaxR=6.24, Pheno={'G_SPECIALIST': 28, 'L_SPECIALIST': 0, 'SWITCHING_GL': 0}
2025-05-27 19:53:03,005 - sim.TradeoffSlope_S40_ResponsiveHG_W40_Rep2.MetricsCollector - INFO - metrics:177 - Metrics @ T=9.00: Cells=32, MaxR=7.94, Pheno={'G_SPECIALIST': 32, 'L_SPECIALIST': 0, 'SWITCHING_GL': 0}
2025-05-27 19:53:03,007 - sim.TradeoffSlope_S40_ResponsiveHG_W40_Rep2 - INFO - simulation_engine:218 - Progress: T=10.00, Cells=36
2025-05-27 19:53:03,008 - sim.TradeoffSlope_S40_ResponsiveHG_W40_Rep2.MetricsCollector - INFO - metrics:177 - Metrics @ T=10.00: Cells=36, MaxR=7.94, Pheno={'G_SPECIALIST': 36, 'L_SPECIALIST': 0, 'SWITCHING_GL': 0}
2025-05-27 19:53:03,012 - sim.TradeoffSlope_S40_ResponsiveHG_W40_Rep2.MetricsCollector - INFO - metrics:177 - Metrics @ T=11.00: Cells=44, MaxR=9.17, Pheno={'G_SPECIALIST': 44, 'L_SPECIALIST': 0, 'SWITCHING_GL': 0}
2025-05-27 19:53:03,016 - sim.TradeoffSlope_S40_ResponsiveHG_W40_Rep2.MetricsCollector - INFO - metrics:177 - Metrics @ T=12.00: Cells=51, MaxR=10.54, Pheno={'G_SPECIALIST': 51, 'L_SPECIALIST': 0, 'SWITCHING_GL': 0}
2025-05-27 19:53:03,020 - sim.TradeoffSlope_S40_ResponsiveHG_W40_Rep2.MetricsCollector - INFO - metrics:177 - Metrics @ T=13.00: Cells=63, MaxR=12.12, Pheno={'G_SPECIALIST': 63, 'L_SPECIALIST': 0, 'SWITCHING_GL': 0}
2025-05-27 19:53:03,026 - sim.TradeoffSlope_S40_ResponsiveHG_W40_Rep2.MetricsCollector - INFO - metrics:177 - Metrics @ T=14.00: Cells=78, MaxR=13.53, Pheno={'G_SPECIALIST': 78, 'L_SPECIALIST': 0, 'SWITCHING_GL': 0}
2025-05-27 19:53:03,032 - sim.TradeoffSlope_S40_ResponsiveHG_W40_Rep2.MetricsCollector - INFO - metrics:177 - Metrics @ T=15.00: Cells=93, MaxR=13.53, Pheno={'G_SPECIALIST': 93, 'L_SPECIALIST': 0, 'SWITCHING_GL': 0}
2025-05-27 19:53:03,039 - sim.TradeoffSlope_S40_ResponsiveHG_W40_Rep2.MetricsCollector - INFO - metrics:177 - Metrics @ T=16.00: Cells=104, MaxR=14.80, Pheno={'G_SPECIALIST': 104, 'L_SPECIALIST': 0, 'SWITCHING_GL': 0}
2025-05-27 19:53:03,047 - sim.TradeoffSlope_S40_ResponsiveHG_W40_Rep2.MetricsCollector - INFO - metrics:177 - Metrics @ T=17.00: Cells=118, MaxR=15.87, Pheno={'G_SPECIALIST': 118, 'L_SPECIALIST': 0, 'SWITCHING_GL': 0}
2025-05-27 19:53:03,055 - sim.TradeoffSlope_S40_ResponsiveHG_W40_Rep2.MetricsCollector - INFO - metrics:177 - Metrics @ T=18.00: Cells=127, MaxR=15.87, Pheno={'G_SPECIALIST': 127, 'L_SPECIALIST': 0, 'SWITCHING_GL': 0}
2025-05-27 19:53:03,064 - sim.TradeoffSlope_S40_ResponsiveHG_W40_Rep2.MetricsCollector - INFO - metrics:177 - Metrics @ T=19.00: Cells=139, MaxR=17.58, Pheno={'G_SPECIALIST': 139, 'L_SPECIALIST': 0, 'SWITCHING_GL': 0}
2025-05-27 19:53:03,072 - sim.TradeoffSlope_S40_ResponsiveHG_W40_Rep2 - INFO - simulation_engine:218 - Progress: T=20.00, Cells=153
2025-05-27 19:53:03,074 - sim.TradeoffSlope_S40_ResponsiveHG_W40_Rep2.MetricsCollector - INFO - metrics:177 - Metrics @ T=20.00: Cells=154, MaxR=19.29, Pheno={'G_SPECIALIST': 154, 'L_SPECIALIST': 0, 'SWITCHING_GL': 0}
2025-05-27 19:53:03,085 - sim.TradeoffSlope_S40_ResponsiveHG_W40_Rep2.MetricsCollector - INFO - metrics:177 - Metrics @ T=21.00: Cells=175, MaxR=20.42, Pheno={'G_SPECIALIST': 175, 'L_SPECIALIST': 0, 'SWITCHING_GL': 0}
2025-05-27 19:53:03,097 - sim.TradeoffSlope_S40_ResponsiveHG_W40_Rep2.MetricsCollector - INFO - metrics:177 - Metrics @ T=22.00: Cells=194, MaxR=20.42, Pheno={'G_SPECIALIST': 194, 'L_SPECIALIST': 0, 'SWITCHING_GL': 0}
2025-05-27 19:53:03,110 - sim.TradeoffSlope_S40_ResponsiveHG_W40_Rep2.MetricsCollector - INFO - metrics:177 - Metrics @ T=23.00: Cells=208, MaxR=20.42, Pheno={'G_SPECIALIST': 208, 'L_SPECIALIST': 0, 'SWITCHING_GL': 0}
2025-05-27 19:53:03,124 - sim.TradeoffSlope_S40_ResponsiveHG_W40_Rep2.MetricsCollector - INFO - metrics:177 - Metrics @ T=24.00: Cells=222, MaxR=20.42, Pheno={'G_SPECIALIST': 222, 'L_SPECIALIST': 0, 'SWITCHING_GL': 0}
2025-05-27 19:53:03,139 - sim.TradeoffSlope_S40_ResponsiveHG_W40_Rep2.MetricsCollector - INFO - metrics:177 - Metrics @ T=25.00: Cells=243, MaxR=22.52, Pheno={'G_SPECIALIST': 243, 'L_SPECIALIST': 0, 'SWITCHING_GL': 0}
2025-05-27 19:53:03,157 - sim.TradeoffSlope_S40_ResponsiveHG_W40_Rep2.MetricsCollector - INFO - metrics:177 - Metrics @ T=26.00: Cells=272, MaxR=23.30, Pheno={'G_SPECIALIST': 272, 'L_SPECIALIST': 0, 'SWITCHING_GL': 0}
2025-05-27 19:53:03,175 - sim.TradeoffSlope_S40_ResponsiveHG_W40_Rep2.MetricsCollector - INFO - metrics:177 - Metrics @ T=27.00: Cells=296, MaxR=23.30, Pheno={'G_SPECIALIST': 296, 'L_SPECIALIST': 0, 'SWITCHING_GL': 0}
2025-05-27 19:53:03,197 - sim.TradeoffSlope_S40_ResponsiveHG_W40_Rep2.MetricsCollector - INFO - metrics:177 - Metrics @ T=28.00: Cells=330, MaxR=26.21, Pheno={'G_SPECIALIST': 330, 'L_SPECIALIST': 0, 'SWITCHING_GL': 0}
2025-05-27 19:53:03,219 - sim.TradeoffSlope_S40_ResponsiveHG_W40_Rep2.MetricsCollector - INFO - metrics:177 - Metrics @ T=29.00: Cells=354, MaxR=27.87, Pheno={'G_SPECIALIST': 354, 'L_SPECIALIST': 0, 'SWITCHING_GL': 0}
2025-05-27 19:53:03,238 - sim.TradeoffSlope_S40_ResponsiveHG_W40_Rep2 - INFO - simulation_engine:218 - Progress: T=30.00, Cells=385
2025-05-27 19:53:03,243 - sim.TradeoffSlope_S40_ResponsiveHG_W40_Rep2.MetricsCollector - INFO - metrics:177 - Metrics @ T=30.00: Cells=388, MaxR=29.55, Pheno={'G_SPECIALIST': 388, 'L_SPECIALIST': 0, 'SWITCHING_GL': 0}
2025-05-27 19:53:03,272 - sim.TradeoffSlope_S40_ResponsiveHG_W40_Rep2.MetricsCollector - INFO - metrics:177 - Metrics @ T=31.00: Cells=432, MaxR=29.55, Pheno={'G_SPECIALIST': 432, 'L_SPECIALIST': 0, 'SWITCHING_GL': 0}
2025-05-27 19:53:03,306 - sim.TradeoffSlope_S40_ResponsiveHG_W40_Rep2.MetricsCollector - INFO - metrics:177 - Metrics @ T=32.00: Cells=474, MaxR=30.45, Pheno={'G_SPECIALIST': 474, 'L_SPECIALIST': 0, 'SWITCHING_GL': 0}
2025-05-27 19:53:03,340 - sim.TradeoffSlope_S40_ResponsiveHG_W40_Rep2.MetricsCollector - INFO - metrics:177 - Metrics @ T=33.00: Cells=512, MaxR=32.08, Pheno={'G_SPECIALIST': 512, 'L_SPECIALIST': 0, 'SWITCHING_GL': 0}
2025-05-27 19:53:03,381 - sim.TradeoffSlope_S40_ResponsiveHG_W40_Rep2.MetricsCollector - INFO - metrics:177 - Metrics @ T=34.00: Cells=541, MaxR=32.08, Pheno={'G_SPECIALIST': 541, 'L_SPECIALIST': 0, 'SWITCHING_GL': 0}
2025-05-27 19:53:03,415 - sim.TradeoffSlope_S40_ResponsiveHG_W40_Rep2.MetricsCollector - INFO - metrics:177 - Metrics @ T=35.00: Cells=564, MaxR=32.08, Pheno={'G_SPECIALIST': 564, 'L_SPECIALIST': 0, 'SWITCHING_GL': 0}
2025-05-27 19:53:03,454 - sim.TradeoffSlope_S40_ResponsiveHG_W40_Rep2.MetricsCollector - INFO - metrics:177 - Metrics @ T=36.00: Cells=587, MaxR=32.08, Pheno={'G_SPECIALIST': 587, 'L_SPECIALIST': 0, 'SWITCHING_GL': 0}
2025-05-27 19:53:03,500 - sim.TradeoffSlope_S40_ResponsiveHG_W40_Rep2.MetricsCollector - INFO - metrics:177 - Metrics @ T=37.00: Cells=624, MaxR=34.07, Pheno={'G_SPECIALIST': 624, 'L_SPECIALIST': 0, 'SWITCHING_GL': 0}
2025-05-27 19:53:03,544 - sim.TradeoffSlope_S40_ResponsiveHG_W40_Rep2.MetricsCollector - INFO - metrics:177 - Metrics @ T=38.00: Cells=666, MaxR=34.07, Pheno={'G_SPECIALIST': 666, 'L_SPECIALIST': 0, 'SWITCHING_GL': 0}
2025-05-27 19:53:03,588 - sim.TradeoffSlope_S40_ResponsiveHG_W40_Rep2.MetricsCollector - INFO - metrics:177 - Metrics @ T=39.00: Cells=697, MaxR=34.07, Pheno={'G_SPECIALIST': 697, 'L_SPECIALIST': 0, 'SWITCHING_GL': 0}
2025-05-27 19:53:03,628 - sim.TradeoffSlope_S40_ResponsiveHG_W40_Rep2 - INFO - simulation_engine:218 - Progress: T=40.00, Cells=733
2025-05-27 19:53:03,636 - sim.TradeoffSlope_S40_ResponsiveHG_W40_Rep2.MetricsCollector - INFO - metrics:177 - Metrics @ T=40.00: Cells=737, MaxR=34.07, Pheno={'G_SPECIALIST': 737, 'L_SPECIALIST': 0, 'SWITCHING_GL': 0}
2025-05-27 19:53:03,685 - sim.TradeoffSlope_S40_ResponsiveHG_W40_Rep2.MetricsCollector - INFO - metrics:177 - Metrics @ T=41.00: Cells=780, MaxR=34.12, Pheno={'G_SPECIALIST': 780, 'L_SPECIALIST': 0, 'SWITCHING_GL': 0}
2025-05-27 19:53:03,737 - sim.TradeoffSlope_S40_ResponsiveHG_W40_Rep2.MetricsCollector - INFO - metrics:177 - Metrics @ T=42.00: Cells=822, MaxR=36.29, Pheno={'G_SPECIALIST': 822, 'L_SPECIALIST': 0, 'SWITCHING_GL': 0}
2025-05-27 19:53:03,791 - sim.TradeoffSlope_S40_ResponsiveHG_W40_Rep2.MetricsCollector - INFO - metrics:177 - Metrics @ T=43.00: Cells=864, MaxR=39.15, Pheno={'G_SPECIALIST': 864, 'L_SPECIALIST': 0, 'SWITCHING_GL': 0}
2025-05-27 19:53:03,848 - sim.TradeoffSlope_S40_ResponsiveHG_W40_Rep2.MetricsCollector - INFO - metrics:177 - Metrics @ T=44.00: Cells=914, MaxR=39.15, Pheno={'G_SPECIALIST': 914, 'L_SPECIALIST': 0, 'SWITCHING_GL': 0}
2025-05-27 19:53:03,907 - sim.TradeoffSlope_S40_ResponsiveHG_W40_Rep2.MetricsCollector - INFO - metrics:177 - Metrics @ T=45.00: Cells=966, MaxR=40.84, Pheno={'G_SPECIALIST': 965, 'SWITCHING_GL': 1, 'L_SPECIALIST': 0}
2025-05-27 19:53:03,970 - sim.TradeoffSlope_S40_ResponsiveHG_W40_Rep2.MetricsCollector - INFO - metrics:177 - Metrics @ T=46.00: Cells=1011, MaxR=40.95, Pheno={'G_SPECIALIST': 1007, 'SWITCHING_GL': 4, 'L_SPECIALIST': 0}
2025-05-27 19:53:04,036 - sim.TradeoffSlope_S40_ResponsiveHG_W40_Rep2.MetricsCollector - INFO - metrics:177 - Metrics @ T=47.00: Cells=1070, MaxR=41.39, Pheno={'G_SPECIALIST': 1065, 'SWITCHING_GL': 5, 'L_SPECIALIST': 0}
2025-05-27 19:53:04,106 - sim.TradeoffSlope_S40_ResponsiveHG_W40_Rep2.MetricsCollector - INFO - metrics:177 - Metrics @ T=48.00: Cells=1115, MaxR=41.39, Pheno={'G_SPECIALIST': 1110, 'SWITCHING_GL': 5, 'L_SPECIALIST': 0}
2025-05-27 19:53:04,178 - sim.TradeoffSlope_S40_ResponsiveHG_W40_Rep2.MetricsCollector - INFO - metrics:177 - Metrics @ T=49.00: Cells=1161, MaxR=41.39, Pheno={'G_SPECIALIST': 1156, 'SWITCHING_GL': 5, 'L_SPECIALIST': 0}
2025-05-27 19:53:04,239 - sim.TradeoffSlope_S40_ResponsiveHG_W40_Rep2 - INFO - simulation_engine:218 - Progress: T=50.00, Cells=1194
2025-05-27 19:53:04,251 - sim.TradeoffSlope_S40_ResponsiveHG_W40_Rep2.MetricsCollector - INFO - metrics:177 - Metrics @ T=50.00: Cells=1195, MaxR=41.39, Pheno={'G_SPECIALIST': 1190, 'L_SPECIALIST': 1, 'SWITCHING_GL': 4}
2025-05-27 19:53:04,330 - sim.TradeoffSlope_S40_ResponsiveHG_W40_Rep2.MetricsCollector - INFO - metrics:177 - Metrics @ T=51.00: Cells=1249, MaxR=41.61, Pheno={'G_SPECIALIST': 1243, 'L_SPECIALIST': 4, 'SWITCHING_GL': 2}
2025-05-27 19:53:04,410 - sim.TradeoffSlope_S40_ResponsiveHG_W40_Rep2.MetricsCollector - INFO - metrics:177 - Metrics @ T=52.00: Cells=1299, MaxR=42.00, Pheno={'G_SPECIALIST': 1291, 'L_SPECIALIST': 6, 'SWITCHING_GL': 2}
2025-05-27 19:53:04,494 - sim.TradeoffSlope_S40_ResponsiveHG_W40_Rep2.MetricsCollector - INFO - metrics:177 - Metrics @ T=53.00: Cells=1352, MaxR=42.00, Pheno={'G_SPECIALIST': 1343, 'L_SPECIALIST': 6, 'SWITCHING_GL': 3}
2025-05-27 19:53:04,583 - sim.TradeoffSlope_S40_ResponsiveHG_W40_Rep2.MetricsCollector - INFO - metrics:177 - Metrics @ T=54.00: Cells=1400, MaxR=42.00, Pheno={'G_SPECIALIST': 1388, 'L_SPECIALIST': 6, 'SWITCHING_GL': 6}
2025-05-27 19:53:04,673 - sim.TradeoffSlope_S40_ResponsiveHG_W40_Rep2.MetricsCollector - INFO - metrics:177 - Metrics @ T=55.00: Cells=1456, MaxR=43.09, Pheno={'G_SPECIALIST': 1443, 'L_SPECIALIST': 7, 'SWITCHING_GL': 6}
2025-05-27 19:53:04,766 - sim.TradeoffSlope_S40_ResponsiveHG_W40_Rep2.MetricsCollector - INFO - metrics:177 - Metrics @ T=56.00: Cells=1509, MaxR=44.80, Pheno={'G_SPECIALIST': 1491, 'L_SPECIALIST': 9, 'SWITCHING_GL': 9}
2025-05-27 19:53:04,864 - sim.TradeoffSlope_S40_ResponsiveHG_W40_Rep2.MetricsCollector - INFO - metrics:177 - Metrics @ T=57.00: Cells=1566, MaxR=44.80, Pheno={'G_SPECIALIST': 1543, 'L_SPECIALIST': 12, 'SWITCHING_GL': 11}
2025-05-27 19:53:04,971 - sim.TradeoffSlope_S40_ResponsiveHG_W40_Rep2.MetricsCollector - INFO - metrics:177 - Metrics @ T=58.00: Cells=1616, MaxR=44.80, Pheno={'G_SPECIALIST': 1587, 'L_SPECIALIST': 14, 'SWITCHING_GL': 15}
2025-05-27 19:53:05,089 - sim.TradeoffSlope_S40_ResponsiveHG_W40_Rep2.MetricsCollector - INFO - metrics:177 - Metrics @ T=59.00: Cells=1667, MaxR=44.80, Pheno={'G_SPECIALIST': 1632, 'L_SPECIALIST': 19, 'SWITCHING_GL': 16}
2025-05-27 19:53:05,183 - sim.TradeoffSlope_S40_ResponsiveHG_W40_Rep2 - INFO - simulation_engine:218 - Progress: T=60.00, Cells=1711
2025-05-27 19:53:05,201 - sim.TradeoffSlope_S40_ResponsiveHG_W40_Rep2.MetricsCollector - INFO - metrics:177 - Metrics @ T=60.00: Cells=1721, MaxR=44.80, Pheno={'G_SPECIALIST': 1677, 'L_SPECIALIST': 19, 'SWITCHING_GL': 25}
2025-05-27 19:53:05,316 - sim.TradeoffSlope_S40_ResponsiveHG_W40_Rep2.MetricsCollector - INFO - metrics:177 - Metrics @ T=61.00: Cells=1768, MaxR=44.80, Pheno={'G_SPECIALIST': 1719, 'L_SPECIALIST': 22, 'SWITCHING_GL': 27}
2025-05-27 19:53:05,431 - sim.TradeoffSlope_S40_ResponsiveHG_W40_Rep2.MetricsCollector - INFO - metrics:177 - Metrics @ T=62.00: Cells=1812, MaxR=44.80, Pheno={'G_SPECIALIST': 1752, 'L_SPECIALIST': 25, 'SWITCHING_GL': 35}
2025-05-27 19:53:05,559 - sim.TradeoffSlope_S40_ResponsiveHG_W40_Rep2.MetricsCollector - INFO - metrics:177 - Metrics @ T=63.00: Cells=1859, MaxR=44.80, Pheno={'G_SPECIALIST': 1788, 'L_SPECIALIST': 28, 'SWITCHING_GL': 43}
2025-05-27 19:53:05,677 - sim.TradeoffSlope_S40_ResponsiveHG_W40_Rep2.MetricsCollector - INFO - metrics:177 - Metrics @ T=64.00: Cells=1895, MaxR=45.13, Pheno={'G_SPECIALIST': 1816, 'L_SPECIALIST': 31, 'SWITCHING_GL': 48}
2025-05-27 19:53:05,800 - sim.TradeoffSlope_S40_ResponsiveHG_W40_Rep2.MetricsCollector - INFO - metrics:177 - Metrics @ T=65.00: Cells=1931, MaxR=45.13, Pheno={'G_SPECIALIST': 1841, 'L_SPECIALIST': 38, 'SWITCHING_GL': 52}
2025-05-27 19:53:05,926 - sim.TradeoffSlope_S40_ResponsiveHG_W40_Rep2.MetricsCollector - INFO - metrics:177 - Metrics @ T=66.00: Cells=1974, MaxR=47.15, Pheno={'G_SPECIALIST': 1864, 'L_SPECIALIST': 48, 'SWITCHING_GL': 62}
2025-05-27 19:53:06,054 - sim.TradeoffSlope_S40_ResponsiveHG_W40_Rep2.MetricsCollector - INFO - metrics:177 - Metrics @ T=67.00: Cells=2000, MaxR=47.15, Pheno={'G_SPECIALIST': 1879, 'L_SPECIALIST': 58, 'SWITCHING_GL': 63}
2025-05-27 19:53:06,185 - sim.TradeoffSlope_S40_ResponsiveHG_W40_Rep2.MetricsCollector - INFO - metrics:177 - Metrics @ T=68.00: Cells=2021, MaxR=47.15, Pheno={'G_SPECIALIST': 1887, 'L_SPECIALIST': 67, 'SWITCHING_GL': 67}
2025-05-27 19:53:06,315 - sim.TradeoffSlope_S40_ResponsiveHG_W40_Rep2.MetricsCollector - INFO - metrics:177 - Metrics @ T=69.00: Cells=2044, MaxR=47.15, Pheno={'G_SPECIALIST': 1896, 'L_SPECIALIST': 79, 'SWITCHING_GL': 69}
2025-05-27 19:53:06,420 - sim.TradeoffSlope_S40_ResponsiveHG_W40_Rep2 - INFO - simulation_engine:218 - Progress: T=70.00, Cells=2066
2025-05-27 19:53:06,441 - sim.TradeoffSlope_S40_ResponsiveHG_W40_Rep2.MetricsCollector - INFO - metrics:177 - Metrics @ T=70.00: Cells=2066, MaxR=47.15, Pheno={'G_SPECIALIST': 1905, 'L_SPECIALIST': 85, 'SWITCHING_GL': 76}
2025-05-27 19:53:06,569 - sim.TradeoffSlope_S40_ResponsiveHG_W40_Rep2.MetricsCollector - INFO - metrics:177 - Metrics @ T=71.00: Cells=2087, MaxR=47.15, Pheno={'G_SPECIALIST': 1912, 'L_SPECIALIST': 96, 'SWITCHING_GL': 79}
2025-05-27 19:53:06,697 - sim.TradeoffSlope_S40_ResponsiveHG_W40_Rep2.MetricsCollector - INFO - metrics:177 - Metrics @ T=72.00: Cells=2101, MaxR=47.15, Pheno={'G_SPECIALIST': 1916, 'L_SPECIALIST': 103, 'SWITCHING_GL': 82}
2025-05-27 19:53:06,828 - sim.TradeoffSlope_S40_ResponsiveHG_W40_Rep2.MetricsCollector - INFO - metrics:177 - Metrics @ T=73.00: Cells=2117, MaxR=47.15, Pheno={'G_SPECIALIST': 1923, 'L_SPECIALIST': 114, 'SWITCHING_GL': 80}
2025-05-27 19:53:06,958 - sim.TradeoffSlope_S40_ResponsiveHG_W40_Rep2.MetricsCollector - INFO - metrics:177 - Metrics @ T=74.00: Cells=2133, MaxR=47.84, Pheno={'G_SPECIALIST': 1926, 'L_SPECIALIST': 125, 'SWITCHING_GL': 82}
2025-05-27 19:53:07,092 - sim.TradeoffSlope_S40_ResponsiveHG_W40_Rep2.MetricsCollector - INFO - metrics:177 - Metrics @ T=75.00: Cells=2155, MaxR=47.84, Pheno={'G_SPECIALIST': 1927, 'L_SPECIALIST': 145, 'SWITCHING_GL': 83}
2025-05-27 19:53:07,227 - sim.TradeoffSlope_S40_ResponsiveHG_W40_Rep2.MetricsCollector - INFO - metrics:177 - Metrics @ T=76.00: Cells=2165, MaxR=47.84, Pheno={'G_SPECIALIST': 1929, 'L_SPECIALIST': 156, 'SWITCHING_GL': 80}
2025-05-27 19:53:07,361 - sim.TradeoffSlope_S40_ResponsiveHG_W40_Rep2.MetricsCollector - INFO - metrics:177 - Metrics @ T=77.00: Cells=2180, MaxR=48.59, Pheno={'G_SPECIALIST': 1933, 'L_SPECIALIST': 171, 'SWITCHING_GL': 76}
2025-05-27 19:53:07,496 - sim.TradeoffSlope_S40_ResponsiveHG_W40_Rep2.MetricsCollector - INFO - metrics:177 - Metrics @ T=78.00: Cells=2193, MaxR=50.32, Pheno={'G_SPECIALIST': 1933, 'L_SPECIALIST': 185, 'SWITCHING_GL': 75}
2025-05-27 19:53:07,631 - sim.TradeoffSlope_S40_ResponsiveHG_W40_Rep2.MetricsCollector - INFO - metrics:177 - Metrics @ T=79.00: Cells=2207, MaxR=51.12, Pheno={'G_SPECIALIST': 1934, 'L_SPECIALIST': 203, 'SWITCHING_GL': 70}
2025-05-27 19:53:07,744 - sim.TradeoffSlope_S40_ResponsiveHG_W40_Rep2 - INFO - simulation_engine:218 - Progress: T=80.00, Cells=2224
2025-05-27 19:53:07,766 - sim.TradeoffSlope_S40_ResponsiveHG_W40_Rep2.MetricsCollector - INFO - metrics:177 - Metrics @ T=80.00: Cells=2228, MaxR=51.12, Pheno={'G_SPECIALIST': 1935, 'L_SPECIALIST': 227, 'SWITCHING_GL': 66}
2025-05-27 19:53:07,904 - sim.TradeoffSlope_S40_ResponsiveHG_W40_Rep2.MetricsCollector - INFO - metrics:177 - Metrics @ T=81.00: Cells=2240, MaxR=51.12, Pheno={'G_SPECIALIST': 1936, 'L_SPECIALIST': 245, 'SWITCHING_GL': 59}
2025-05-27 19:53:08,044 - sim.TradeoffSlope_S40_ResponsiveHG_W40_Rep2.MetricsCollector - INFO - metrics:177 - Metrics @ T=82.00: Cells=2260, MaxR=51.12, Pheno={'G_SPECIALIST': 1937, 'L_SPECIALIST': 265, 'SWITCHING_GL': 58}
2025-05-27 19:53:08,181 - sim.TradeoffSlope_S40_ResponsiveHG_W40_Rep2.MetricsCollector - INFO - metrics:177 - Metrics @ T=83.00: Cells=2279, MaxR=52.85, Pheno={'G_SPECIALIST': 1938, 'L_SPECIALIST': 286, 'SWITCHING_GL': 55}
2025-05-27 19:53:08,322 - sim.TradeoffSlope_S40_ResponsiveHG_W40_Rep2.MetricsCollector - INFO - metrics:177 - Metrics @ T=84.00: Cells=2311, MaxR=52.85, Pheno={'G_SPECIALIST': 1939, 'L_SPECIALIST': 323, 'SWITCHING_GL': 49}
2025-05-27 19:53:08,468 - sim.TradeoffSlope_S40_ResponsiveHG_W40_Rep2.MetricsCollector - INFO - metrics:177 - Metrics @ T=85.00: Cells=2337, MaxR=52.85, Pheno={'G_SPECIALIST': 1940, 'L_SPECIALIST': 350, 'SWITCHING_GL': 47}
2025-05-27 19:53:08,615 - sim.TradeoffSlope_S40_ResponsiveHG_W40_Rep2.MetricsCollector - INFO - metrics:177 - Metrics @ T=86.00: Cells=2358, MaxR=52.85, Pheno={'G_SPECIALIST': 1941, 'L_SPECIALIST': 376, 'SWITCHING_GL': 41}
2025-05-27 19:53:08,764 - sim.TradeoffSlope_S40_ResponsiveHG_W40_Rep2.MetricsCollector - INFO - metrics:177 - Metrics @ T=87.00: Cells=2386, MaxR=54.58, Pheno={'G_SPECIALIST': 1942, 'L_SPECIALIST': 410, 'SWITCHING_GL': 34}
2025-05-27 19:53:08,913 - sim.TradeoffSlope_S40_ResponsiveHG_W40_Rep2.MetricsCollector - INFO - metrics:177 - Metrics @ T=88.00: Cells=2409, MaxR=54.58, Pheno={'G_SPECIALIST': 1944, 'L_SPECIALIST': 439, 'SWITCHING_GL': 26}
2025-05-27 19:53:09,066 - sim.TradeoffSlope_S40_ResponsiveHG_W40_Rep2.MetricsCollector - INFO - metrics:177 - Metrics @ T=89.00: Cells=2438, MaxR=54.74, Pheno={'G_SPECIALIST': 1944, 'L_SPECIALIST': 472, 'SWITCHING_GL': 22}
2025-05-27 19:53:09,194 - sim.TradeoffSlope_S40_ResponsiveHG_W40_Rep2 - INFO - simulation_engine:218 - Progress: T=90.00, Cells=2457
2025-05-27 19:53:09,220 - sim.TradeoffSlope_S40_ResponsiveHG_W40_Rep2.MetricsCollector - INFO - metrics:177 - Metrics @ T=90.00: Cells=2460, MaxR=55.43, Pheno={'G_SPECIALIST': 1945, 'L_SPECIALIST': 496, 'SWITCHING_GL': 19}
2025-05-27 19:53:09,374 - sim.TradeoffSlope_S40_ResponsiveHG_W40_Rep2.MetricsCollector - INFO - metrics:177 - Metrics @ T=91.00: Cells=2488, MaxR=55.43, Pheno={'G_SPECIALIST': 1945, 'L_SPECIALIST': 527, 'SWITCHING_GL': 16}
2025-05-27 19:53:09,528 - sim.TradeoffSlope_S40_ResponsiveHG_W40_Rep2.MetricsCollector - INFO - metrics:177 - Metrics @ T=92.00: Cells=2509, MaxR=55.51, Pheno={'G_SPECIALIST': 1945, 'L_SPECIALIST': 549, 'SWITCHING_GL': 15}
2025-05-27 19:53:09,683 - sim.TradeoffSlope_S40_ResponsiveHG_W40_Rep2.MetricsCollector - INFO - metrics:177 - Metrics @ T=93.00: Cells=2536, MaxR=55.51, Pheno={'G_SPECIALIST': 1945, 'L_SPECIALIST': 577, 'SWITCHING_GL': 14}
2025-05-27 19:53:09,841 - sim.TradeoffSlope_S40_ResponsiveHG_W40_Rep2.MetricsCollector - INFO - metrics:177 - Metrics @ T=94.00: Cells=2559, MaxR=55.51, Pheno={'G_SPECIALIST': 1945, 'L_SPECIALIST': 600, 'SWITCHING_GL': 14}
2025-05-27 19:53:10,003 - sim.TradeoffSlope_S40_ResponsiveHG_W40_Rep2.MetricsCollector - INFO - metrics:177 - Metrics @ T=95.00: Cells=2581, MaxR=55.51, Pheno={'G_SPECIALIST': 1945, 'L_SPECIALIST': 625, 'SWITCHING_GL': 11}
2025-05-27 19:53:10,165 - sim.TradeoffSlope_S40_ResponsiveHG_W40_Rep2.MetricsCollector - INFO - metrics:177 - Metrics @ T=96.00: Cells=2601, MaxR=55.51, Pheno={'G_SPECIALIST': 1945, 'L_SPECIALIST': 650, 'SWITCHING_GL': 6}
2025-05-27 19:53:10,329 - sim.TradeoffSlope_S40_ResponsiveHG_W40_Rep2.MetricsCollector - INFO - metrics:177 - Metrics @ T=97.00: Cells=2626, MaxR=56.31, Pheno={'G_SPECIALIST': 1945, 'L_SPECIALIST': 675, 'SWITCHING_GL': 6}
2025-05-27 19:53:10,491 - sim.TradeoffSlope_S40_ResponsiveHG_W40_Rep2.MetricsCollector - INFO - metrics:177 - Metrics @ T=98.00: Cells=2652, MaxR=58.04, Pheno={'G_SPECIALIST': 1945, 'L_SPECIALIST': 701, 'SWITCHING_GL': 6}
2025-05-27 19:53:10,656 - sim.TradeoffSlope_S40_ResponsiveHG_W40_Rep2.MetricsCollector - INFO - metrics:177 - Metrics @ T=99.00: Cells=2680, MaxR=58.04, Pheno={'G_SPECIALIST': 1945, 'L_SPECIALIST': 730, 'SWITCHING_GL': 5}
2025-05-27 19:53:10,798 - sim.TradeoffSlope_S40_ResponsiveHG_W40_Rep2 - INFO - simulation_engine:218 - Progress: T=100.00, Cells=2698
2025-05-27 19:53:10,825 - sim.TradeoffSlope_S40_ResponsiveHG_W40_Rep2.MetricsCollector - INFO - metrics:177 - Metrics @ T=100.00: Cells=2700, MaxR=58.04, Pheno={'G_SPECIALIST': 1945, 'L_SPECIALIST': 750, 'SWITCHING_GL': 5}
2025-05-27 19:53:10,995 - sim.TradeoffSlope_S40_ResponsiveHG_W40_Rep2.MetricsCollector - INFO - metrics:177 - Metrics @ T=101.00: Cells=2729, MaxR=58.04, Pheno={'G_SPECIALIST': 1945, 'L_SPECIALIST': 779, 'SWITCHING_GL': 5}
2025-05-27 19:53:11,167 - sim.TradeoffSlope_S40_ResponsiveHG_W40_Rep2.MetricsCollector - INFO - metrics:177 - Metrics @ T=102.00: Cells=2762, MaxR=58.04, Pheno={'G_SPECIALIST': 1945, 'L_SPECIALIST': 812, 'SWITCHING_GL': 5}
2025-05-27 19:53:11,337 - sim.TradeoffSlope_S40_ResponsiveHG_W40_Rep2.MetricsCollector - INFO - metrics:177 - Metrics @ T=103.00: Cells=2790, MaxR=58.04, Pheno={'G_SPECIALIST': 1945, 'L_SPECIALIST': 840, 'SWITCHING_GL': 5}
2025-05-27 19:53:11,514 - sim.TradeoffSlope_S40_ResponsiveHG_W40_Rep2.MetricsCollector - INFO - metrics:177 - Metrics @ T=104.00: Cells=2811, MaxR=58.97, Pheno={'G_SPECIALIST': 1945, 'L_SPECIALIST': 861, 'SWITCHING_GL': 5}
2025-05-27 19:53:11,691 - sim.TradeoffSlope_S40_ResponsiveHG_W40_Rep2.MetricsCollector - INFO - metrics:177 - Metrics @ T=105.00: Cells=2838, MaxR=58.97, Pheno={'G_SPECIALIST': 1945, 'L_SPECIALIST': 888, 'SWITCHING_GL': 5}
2025-05-27 19:53:11,868 - sim.TradeoffSlope_S40_ResponsiveHG_W40_Rep2.MetricsCollector - INFO - metrics:177 - Metrics @ T=106.00: Cells=2861, MaxR=58.97, Pheno={'G_SPECIALIST': 1945, 'L_SPECIALIST': 912, 'SWITCHING_GL': 4}
2025-05-27 19:53:12,064 - sim.TradeoffSlope_S40_ResponsiveHG_W40_Rep2.MetricsCollector - INFO - metrics:177 - Metrics @ T=107.00: Cells=2891, MaxR=58.97, Pheno={'G_SPECIALIST': 1945, 'L_SPECIALIST': 942, 'SWITCHING_GL': 4}
2025-05-27 19:53:12,256 - sim.TradeoffSlope_S40_ResponsiveHG_W40_Rep2.MetricsCollector - INFO - metrics:177 - Metrics @ T=108.00: Cells=2919, MaxR=58.97, Pheno={'G_SPECIALIST': 1945, 'L_SPECIALIST': 971, 'SWITCHING_GL': 3}
2025-05-27 19:53:12,437 - sim.TradeoffSlope_S40_ResponsiveHG_W40_Rep2.MetricsCollector - INFO - metrics:177 - Metrics @ T=109.00: Cells=2949, MaxR=58.97, Pheno={'G_SPECIALIST': 1945, 'L_SPECIALIST': 1001, 'SWITCHING_GL': 3}
2025-05-27 19:53:12,592 - sim.TradeoffSlope_S40_ResponsiveHG_W40_Rep2 - INFO - simulation_engine:218 - Progress: T=110.00, Cells=2971
2025-05-27 19:53:12,621 - sim.TradeoffSlope_S40_ResponsiveHG_W40_Rep2.MetricsCollector - INFO - metrics:177 - Metrics @ T=110.00: Cells=2973, MaxR=60.62, Pheno={'G_SPECIALIST': 1945, 'L_SPECIALIST': 1026, 'SWITCHING_GL': 2}
2025-05-27 19:53:12,807 - sim.TradeoffSlope_S40_ResponsiveHG_W40_Rep2.MetricsCollector - INFO - metrics:177 - Metrics @ T=111.00: Cells=3002, MaxR=60.62, Pheno={'G_SPECIALIST': 1945, 'L_SPECIALIST': 1055, 'SWITCHING_GL': 2}
2025-05-27 19:53:12,994 - sim.TradeoffSlope_S40_ResponsiveHG_W40_Rep2.MetricsCollector - INFO - metrics:177 - Metrics @ T=112.00: Cells=3027, MaxR=61.51, Pheno={'G_SPECIALIST': 1945, 'L_SPECIALIST': 1080, 'SWITCHING_GL': 2}
2025-05-27 19:53:13,185 - sim.TradeoffSlope_S40_ResponsiveHG_W40_Rep2.MetricsCollector - INFO - metrics:177 - Metrics @ T=113.00: Cells=3056, MaxR=62.35, Pheno={'G_SPECIALIST': 1945, 'L_SPECIALIST': 1110, 'SWITCHING_GL': 1}
2025-05-27 19:53:13,378 - sim.TradeoffSlope_S40_ResponsiveHG_W40_Rep2.MetricsCollector - INFO - metrics:177 - Metrics @ T=114.00: Cells=3087, MaxR=62.35, Pheno={'G_SPECIALIST': 1945, 'L_SPECIALIST': 1141, 'SWITCHING_GL': 1}
2025-05-27 19:53:13,568 - sim.TradeoffSlope_S40_ResponsiveHG_W40_Rep2.MetricsCollector - INFO - metrics:177 - Metrics @ T=115.00: Cells=3111, MaxR=62.35, Pheno={'G_SPECIALIST': 1945, 'L_SPECIALIST': 1165, 'SWITCHING_GL': 1}
2025-05-27 19:53:13,761 - sim.TradeoffSlope_S40_ResponsiveHG_W40_Rep2.MetricsCollector - INFO - metrics:177 - Metrics @ T=116.00: Cells=3145, MaxR=64.09, Pheno={'G_SPECIALIST': 1945, 'L_SPECIALIST': 1199, 'SWITCHING_GL': 1}
2025-05-27 19:53:13,955 - sim.TradeoffSlope_S40_ResponsiveHG_W40_Rep2.MetricsCollector - INFO - metrics:177 - Metrics @ T=117.00: Cells=3172, MaxR=64.09, Pheno={'G_SPECIALIST': 1945, 'L_SPECIALIST': 1226, 'SWITCHING_GL': 1}
2025-05-27 19:53:14,174 - sim.TradeoffSlope_S40_ResponsiveHG_W40_Rep2.MetricsCollector - INFO - metrics:177 - Metrics @ T=118.00: Cells=3195, MaxR=64.09, Pheno={'G_SPECIALIST': 1945, 'L_SPECIALIST': 1250, 'SWITCHING_GL': 0}
2025-05-27 19:53:14,375 - sim.TradeoffSlope_S40_ResponsiveHG_W40_Rep2.MetricsCollector - INFO - metrics:177 - Metrics @ T=119.00: Cells=3222, MaxR=64.09, Pheno={'G_SPECIALIST': 1945, 'L_SPECIALIST': 1277, 'SWITCHING_GL': 0}
2025-05-27 19:53:14,543 - sim.TradeoffSlope_S40_ResponsiveHG_W40_Rep2 - INFO - simulation_engine:218 - Progress: T=120.00, Cells=3249
2025-05-27 19:53:14,575 - sim.TradeoffSlope_S40_ResponsiveHG_W40_Rep2.MetricsCollector - INFO - metrics:177 - Metrics @ T=120.00: Cells=3254, MaxR=64.09, Pheno={'G_SPECIALIST': 1945, 'L_SPECIALIST': 1309, 'SWITCHING_GL': 0}
2025-05-27 19:53:14,780 - sim.TradeoffSlope_S40_ResponsiveHG_W40_Rep2.MetricsCollector - INFO - metrics:177 - Metrics @ T=121.00: Cells=3280, MaxR=64.09, Pheno={'G_SPECIALIST': 1945, 'L_SPECIALIST': 1335, 'SWITCHING_GL': 0}
2025-05-27 19:53:14,981 - sim.TradeoffSlope_S40_ResponsiveHG_W40_Rep2.MetricsCollector - INFO - metrics:177 - Metrics @ T=122.00: Cells=3302, MaxR=64.09, Pheno={'G_SPECIALIST': 1945, 'L_SPECIALIST': 1357, 'SWITCHING_GL': 0}
2025-05-27 19:53:15,187 - sim.TradeoffSlope_S40_ResponsiveHG_W40_Rep2.MetricsCollector - INFO - metrics:177 - Metrics @ T=123.00: Cells=3326, MaxR=64.09, Pheno={'G_SPECIALIST': 1945, 'L_SPECIALIST': 1381, 'SWITCHING_GL': 0}
2025-05-27 19:53:15,394 - sim.TradeoffSlope_S40_ResponsiveHG_W40_Rep2.MetricsCollector - INFO - metrics:177 - Metrics @ T=124.00: Cells=3363, MaxR=64.09, Pheno={'G_SPECIALIST': 1945, 'L_SPECIALIST': 1418, 'SWITCHING_GL': 0}
2025-05-27 19:53:15,605 - sim.TradeoffSlope_S40_ResponsiveHG_W40_Rep2.MetricsCollector - INFO - metrics:177 - Metrics @ T=125.00: Cells=3399, MaxR=64.09, Pheno={'G_SPECIALIST': 1945, 'L_SPECIALIST': 1454, 'SWITCHING_GL': 0}
2025-05-27 19:53:15,815 - sim.TradeoffSlope_S40_ResponsiveHG_W40_Rep2.MetricsCollector - INFO - metrics:177 - Metrics @ T=126.00: Cells=3440, MaxR=64.09, Pheno={'G_SPECIALIST': 1945, 'L_SPECIALIST': 1495, 'SWITCHING_GL': 0}
2025-05-27 19:53:16,027 - sim.TradeoffSlope_S40_ResponsiveHG_W40_Rep2.MetricsCollector - INFO - metrics:177 - Metrics @ T=127.00: Cells=3463, MaxR=64.09, Pheno={'G_SPECIALIST': 1945, 'L_SPECIALIST': 1518, 'SWITCHING_GL': 0}
2025-05-27 19:53:16,242 - sim.TradeoffSlope_S40_ResponsiveHG_W40_Rep2.MetricsCollector - INFO - metrics:177 - Metrics @ T=128.00: Cells=3499, MaxR=64.97, Pheno={'G_SPECIALIST': 1945, 'L_SPECIALIST': 1554, 'SWITCHING_GL': 0}
2025-05-27 19:53:16,458 - sim.TradeoffSlope_S40_ResponsiveHG_W40_Rep2.MetricsCollector - INFO - metrics:177 - Metrics @ T=129.00: Cells=3523, MaxR=64.97, Pheno={'G_SPECIALIST': 1945, 'L_SPECIALIST': 1578, 'SWITCHING_GL': 0}
2025-05-27 19:53:16,648 - sim.TradeoffSlope_S40_ResponsiveHG_W40_Rep2 - INFO - simulation_engine:218 - Progress: T=130.00, Cells=3564
2025-05-27 19:53:16,684 - sim.TradeoffSlope_S40_ResponsiveHG_W40_Rep2.MetricsCollector - INFO - metrics:177 - Metrics @ T=130.00: Cells=3569, MaxR=64.97, Pheno={'G_SPECIALIST': 1945, 'L_SPECIALIST': 1624, 'SWITCHING_GL': 0}
2025-05-27 19:53:16,904 - sim.TradeoffSlope_S40_ResponsiveHG_W40_Rep2.MetricsCollector - INFO - metrics:177 - Metrics @ T=131.00: Cells=3598, MaxR=64.97, Pheno={'G_SPECIALIST': 1945, 'L_SPECIALIST': 1653, 'SWITCHING_GL': 0}
2025-05-27 19:53:17,133 - sim.TradeoffSlope_S40_ResponsiveHG_W40_Rep2.MetricsCollector - INFO - metrics:177 - Metrics @ T=132.00: Cells=3623, MaxR=64.97, Pheno={'G_SPECIALIST': 1945, 'L_SPECIALIST': 1678, 'SWITCHING_GL': 0}
2025-05-27 19:53:17,364 - sim.TradeoffSlope_S40_ResponsiveHG_W40_Rep2.MetricsCollector - INFO - metrics:177 - Metrics @ T=133.00: Cells=3652, MaxR=64.97, Pheno={'G_SPECIALIST': 1945, 'L_SPECIALIST': 1707, 'SWITCHING_GL': 0}
2025-05-27 19:53:17,591 - sim.TradeoffSlope_S40_ResponsiveHG_W40_Rep2.MetricsCollector - INFO - metrics:177 - Metrics @ T=134.00: Cells=3688, MaxR=64.97, Pheno={'G_SPECIALIST': 1945, 'L_SPECIALIST': 1743, 'SWITCHING_GL': 0}
2025-05-27 19:53:17,820 - sim.TradeoffSlope_S40_ResponsiveHG_W40_Rep2.MetricsCollector - INFO - metrics:177 - Metrics @ T=135.00: Cells=3723, MaxR=64.97, Pheno={'G_SPECIALIST': 1945, 'L_SPECIALIST': 1778, 'SWITCHING_GL': 0}
2025-05-27 19:53:18,052 - sim.TradeoffSlope_S40_ResponsiveHG_W40_Rep2.MetricsCollector - INFO - metrics:177 - Metrics @ T=136.00: Cells=3753, MaxR=65.11, Pheno={'G_SPECIALIST': 1945, 'L_SPECIALIST': 1808, 'SWITCHING_GL': 0}
2025-05-27 19:53:18,282 - sim.TradeoffSlope_S40_ResponsiveHG_W40_Rep2.MetricsCollector - INFO - metrics:177 - Metrics @ T=137.00: Cells=3787, MaxR=65.11, Pheno={'G_SPECIALIST': 1945, 'L_SPECIALIST': 1842, 'SWITCHING_GL': 0}
2025-05-27 19:53:18,519 - sim.TradeoffSlope_S40_ResponsiveHG_W40_Rep2.MetricsCollector - INFO - metrics:177 - Metrics @ T=138.00: Cells=3816, MaxR=65.11, Pheno={'G_SPECIALIST': 1945, 'L_SPECIALIST': 1871, 'SWITCHING_GL': 0}
2025-05-27 19:53:18,756 - sim.TradeoffSlope_S40_ResponsiveHG_W40_Rep2.MetricsCollector - INFO - metrics:177 - Metrics @ T=139.00: Cells=3860, MaxR=66.09, Pheno={'G_SPECIALIST': 1945, 'L_SPECIALIST': 1915, 'SWITCHING_GL': 0}
2025-05-27 19:53:18,966 - sim.TradeoffSlope_S40_ResponsiveHG_W40_Rep2 - INFO - simulation_engine:218 - Progress: T=140.00, Cells=3892
2025-05-27 19:53:19,006 - sim.TradeoffSlope_S40_ResponsiveHG_W40_Rep2.MetricsCollector - INFO - metrics:177 - Metrics @ T=140.00: Cells=3895, MaxR=66.09, Pheno={'G_SPECIALIST': 1945, 'L_SPECIALIST': 1950, 'SWITCHING_GL': 0}
2025-05-27 19:53:19,248 - sim.TradeoffSlope_S40_ResponsiveHG_W40_Rep2.MetricsCollector - INFO - metrics:177 - Metrics @ T=141.00: Cells=3920, MaxR=66.09, Pheno={'G_SPECIALIST': 1945, 'L_SPECIALIST': 1975, 'SWITCHING_GL': 0}
2025-05-27 19:53:19,494 - sim.TradeoffSlope_S40_ResponsiveHG_W40_Rep2.MetricsCollector - INFO - metrics:177 - Metrics @ T=142.00: Cells=3963, MaxR=66.09, Pheno={'G_SPECIALIST': 1945, 'L_SPECIALIST': 2018, 'SWITCHING_GL': 0}
2025-05-27 19:53:19,739 - sim.TradeoffSlope_S40_ResponsiveHG_W40_Rep2.MetricsCollector - INFO - metrics:177 - Metrics @ T=143.00: Cells=4002, MaxR=66.84, Pheno={'G_SPECIALIST': 1945, 'L_SPECIALIST': 2057, 'SWITCHING_GL': 0}
2025-05-27 19:53:19,987 - sim.TradeoffSlope_S40_ResponsiveHG_W40_Rep2.MetricsCollector - INFO - metrics:177 - Metrics @ T=144.00: Cells=4031, MaxR=66.84, Pheno={'G_SPECIALIST': 1945, 'L_SPECIALIST': 2086, 'SWITCHING_GL': 0}
2025-05-27 19:53:20,239 - sim.TradeoffSlope_S40_ResponsiveHG_W40_Rep2.MetricsCollector - INFO - metrics:177 - Metrics @ T=145.00: Cells=4074, MaxR=66.84, Pheno={'G_SPECIALIST': 1945, 'L_SPECIALIST': 2129, 'SWITCHING_GL': 0}
2025-05-27 19:53:20,493 - sim.TradeoffSlope_S40_ResponsiveHG_W40_Rep2.MetricsCollector - INFO - metrics:177 - Metrics @ T=146.00: Cells=4123, MaxR=67.62, Pheno={'G_SPECIALIST': 1945, 'L_SPECIALIST': 2178, 'SWITCHING_GL': 0}
2025-05-27 19:53:20,752 - sim.TradeoffSlope_S40_ResponsiveHG_W40_Rep2.MetricsCollector - INFO - metrics:177 - Metrics @ T=147.00: Cells=4158, MaxR=67.62, Pheno={'G_SPECIALIST': 1945, 'L_SPECIALIST': 2213, 'SWITCHING_GL': 0}
2025-05-27 19:53:21,012 - sim.TradeoffSlope_S40_ResponsiveHG_W40_Rep2.MetricsCollector - INFO - metrics:177 - Metrics @ T=148.00: Cells=4196, MaxR=67.62, Pheno={'G_SPECIALIST': 1945, 'L_SPECIALIST': 2251, 'SWITCHING_GL': 0}
2025-05-27 19:53:21,275 - sim.TradeoffSlope_S40_ResponsiveHG_W40_Rep2.MetricsCollector - INFO - metrics:177 - Metrics @ T=149.00: Cells=4240, MaxR=67.82, Pheno={'G_SPECIALIST': 1945, 'L_SPECIALIST': 2295, 'SWITCHING_GL': 0}
2025-05-27 19:53:21,493 - sim.TradeoffSlope_S40_ResponsiveHG_W40_Rep2 - INFO - simulation_engine:218 - Progress: T=150.00, Cells=4264
2025-05-27 19:53:21,537 - sim.TradeoffSlope_S40_ResponsiveHG_W40_Rep2.MetricsCollector - INFO - metrics:177 - Metrics @ T=150.00: Cells=4269, MaxR=67.82, Pheno={'G_SPECIALIST': 1945, 'L_SPECIALIST': 2324, 'SWITCHING_GL': 0}
2025-05-27 19:53:21,799 - sim.TradeoffSlope_S40_ResponsiveHG_W40_Rep2.MetricsCollector - INFO - metrics:177 - Metrics @ T=151.00: Cells=4309, MaxR=69.35, Pheno={'G_SPECIALIST': 1945, 'L_SPECIALIST': 2364, 'SWITCHING_GL': 0}
2025-05-27 19:53:22,069 - sim.TradeoffSlope_S40_ResponsiveHG_W40_Rep2.MetricsCollector - INFO - metrics:177 - Metrics @ T=152.00: Cells=4350, MaxR=69.35, Pheno={'G_SPECIALIST': 1945, 'L_SPECIALIST': 2405, 'SWITCHING_GL': 0}
2025-05-27 19:53:22,347 - sim.TradeoffSlope_S40_ResponsiveHG_W40_Rep2.MetricsCollector - INFO - metrics:177 - Metrics @ T=153.00: Cells=4394, MaxR=70.29, Pheno={'G_SPECIALIST': 1945, 'L_SPECIALIST': 2449, 'SWITCHING_GL': 0}
2025-05-27 19:53:22,629 - sim.TradeoffSlope_S40_ResponsiveHG_W40_Rep2.MetricsCollector - INFO - metrics:177 - Metrics @ T=154.00: Cells=4442, MaxR=70.29, Pheno={'G_SPECIALIST': 1945, 'L_SPECIALIST': 2497, 'SWITCHING_GL': 0}
2025-05-27 19:53:22,921 - sim.TradeoffSlope_S40_ResponsiveHG_W40_Rep2.MetricsCollector - INFO - metrics:177 - Metrics @ T=155.00: Cells=4488, MaxR=70.29, Pheno={'G_SPECIALIST': 1945, 'L_SPECIALIST': 2543, 'SWITCHING_GL': 0}
2025-05-27 19:53:23,201 - sim.TradeoffSlope_S40_ResponsiveHG_W40_Rep2.MetricsCollector - INFO - metrics:177 - Metrics @ T=156.00: Cells=4523, MaxR=70.29, Pheno={'G_SPECIALIST': 1945, 'L_SPECIALIST': 2578, 'SWITCHING_GL': 0}
2025-05-27 19:53:23,485 - sim.TradeoffSlope_S40_ResponsiveHG_W40_Rep2.MetricsCollector - INFO - metrics:177 - Metrics @ T=157.00: Cells=4559, MaxR=70.29, Pheno={'G_SPECIALIST': 1945, 'L_SPECIALIST': 2614, 'SWITCHING_GL': 0}
2025-05-27 19:53:23,774 - sim.TradeoffSlope_S40_ResponsiveHG_W40_Rep2.MetricsCollector - INFO - metrics:177 - Metrics @ T=158.00: Cells=4601, MaxR=70.29, Pheno={'G_SPECIALIST': 1945, 'L_SPECIALIST': 2656, 'SWITCHING_GL': 0}
2025-05-27 19:53:24,058 - sim.TradeoffSlope_S40_ResponsiveHG_W40_Rep2.MetricsCollector - INFO - metrics:177 - Metrics @ T=159.00: Cells=4637, MaxR=70.29, Pheno={'G_SPECIALIST': 1945, 'L_SPECIALIST': 2692, 'SWITCHING_GL': 0}
2025-05-27 19:53:24,301 - sim.TradeoffSlope_S40_ResponsiveHG_W40_Rep2 - INFO - simulation_engine:218 - Progress: T=160.00, Cells=4675
2025-05-27 19:53:24,348 - sim.TradeoffSlope_S40_ResponsiveHG_W40_Rep2.MetricsCollector - INFO - metrics:177 - Metrics @ T=160.00: Cells=4681, MaxR=71.27, Pheno={'G_SPECIALIST': 1945, 'L_SPECIALIST': 2736, 'SWITCHING_GL': 0}
2025-05-27 19:53:24,642 - sim.TradeoffSlope_S40_ResponsiveHG_W40_Rep2.MetricsCollector - INFO - metrics:177 - Metrics @ T=161.00: Cells=4719, MaxR=72.02, Pheno={'G_SPECIALIST': 1945, 'L_SPECIALIST': 2774, 'SWITCHING_GL': 0}
2025-05-27 19:53:24,939 - sim.TradeoffSlope_S40_ResponsiveHG_W40_Rep2.MetricsCollector - INFO - metrics:177 - Metrics @ T=162.00: Cells=4765, MaxR=72.02, Pheno={'G_SPECIALIST': 1945, 'L_SPECIALIST': 2820, 'SWITCHING_GL': 0}
2025-05-27 19:53:25,237 - sim.TradeoffSlope_S40_ResponsiveHG_W40_Rep2.MetricsCollector - INFO - metrics:177 - Metrics @ T=163.00: Cells=4808, MaxR=72.02, Pheno={'G_SPECIALIST': 1945, 'L_SPECIALIST': 2863, 'SWITCHING_GL': 0}
2025-05-27 19:53:25,536 - sim.TradeoffSlope_S40_ResponsiveHG_W40_Rep2.MetricsCollector - INFO - metrics:177 - Metrics @ T=164.00: Cells=4848, MaxR=72.02, Pheno={'G_SPECIALIST': 1945, 'L_SPECIALIST': 2903, 'SWITCHING_GL': 0}
2025-05-27 19:53:25,836 - sim.TradeoffSlope_S40_ResponsiveHG_W40_Rep2.MetricsCollector - INFO - metrics:177 - Metrics @ T=165.00: Cells=4887, MaxR=72.02, Pheno={'G_SPECIALIST': 1945, 'L_SPECIALIST': 2942, 'SWITCHING_GL': 0}
2025-05-27 19:53:26,142 - sim.TradeoffSlope_S40_ResponsiveHG_W40_Rep2.MetricsCollector - INFO - metrics:177 - Metrics @ T=166.00: Cells=4923, MaxR=72.75, Pheno={'G_SPECIALIST': 1945, 'L_SPECIALIST': 2978, 'SWITCHING_GL': 0}
2025-05-27 19:53:26,448 - sim.TradeoffSlope_S40_ResponsiveHG_W40_Rep2.MetricsCollector - INFO - metrics:177 - Metrics @ T=167.00: Cells=4959, MaxR=72.75, Pheno={'G_SPECIALIST': 1945, 'L_SPECIALIST': 3014, 'SWITCHING_GL': 0}
2025-05-27 19:53:26,758 - sim.TradeoffSlope_S40_ResponsiveHG_W40_Rep2.MetricsCollector - INFO - metrics:177 - Metrics @ T=168.00: Cells=4994, MaxR=72.75, Pheno={'G_SPECIALIST': 1945, 'L_SPECIALIST': 3049, 'SWITCHING_GL': 0}
2025-05-27 19:53:27,066 - sim.TradeoffSlope_S40_ResponsiveHG_W40_Rep2.MetricsCollector - INFO - metrics:177 - Metrics @ T=169.00: Cells=5024, MaxR=73.75, Pheno={'G_SPECIALIST': 1945, 'L_SPECIALIST': 3079, 'SWITCHING_GL': 0}
2025-05-27 19:53:27,327 - sim.TradeoffSlope_S40_ResponsiveHG_W40_Rep2 - INFO - simulation_engine:218 - Progress: T=170.00, Cells=5069
2025-05-27 19:53:27,381 - sim.TradeoffSlope_S40_ResponsiveHG_W40_Rep2.MetricsCollector - INFO - metrics:177 - Metrics @ T=170.00: Cells=5070, MaxR=73.75, Pheno={'G_SPECIALIST': 1945, 'L_SPECIALIST': 3125, 'SWITCHING_GL': 0}
2025-05-27 19:53:27,699 - sim.TradeoffSlope_S40_ResponsiveHG_W40_Rep2.MetricsCollector - INFO - metrics:177 - Metrics @ T=171.00: Cells=5116, MaxR=75.36, Pheno={'G_SPECIALIST': 1945, 'L_SPECIALIST': 3171, 'SWITCHING_GL': 0}
2025-05-27 19:53:28,015 - sim.TradeoffSlope_S40_ResponsiveHG_W40_Rep2.MetricsCollector - INFO - metrics:177 - Metrics @ T=172.00: Cells=5151, MaxR=75.36, Pheno={'G_SPECIALIST': 1945, 'L_SPECIALIST': 3206, 'SWITCHING_GL': 0}
2025-05-27 19:53:28,336 - sim.TradeoffSlope_S40_ResponsiveHG_W40_Rep2.MetricsCollector - INFO - metrics:177 - Metrics @ T=173.00: Cells=5214, MaxR=78.00, Pheno={'G_SPECIALIST': 1945, 'L_SPECIALIST': 3269, 'SWITCHING_GL': 0}
2025-05-27 19:53:28,657 - sim.TradeoffSlope_S40_ResponsiveHG_W40_Rep2.MetricsCollector - INFO - metrics:177 - Metrics @ T=174.00: Cells=5256, MaxR=78.00, Pheno={'G_SPECIALIST': 1945, 'L_SPECIALIST': 3311, 'SWITCHING_GL': 0}
2025-05-27 19:53:28,989 - sim.TradeoffSlope_S40_ResponsiveHG_W40_Rep2.MetricsCollector - INFO - metrics:177 - Metrics @ T=175.00: Cells=5298, MaxR=78.00, Pheno={'G_SPECIALIST': 1945, 'L_SPECIALIST': 3353, 'SWITCHING_GL': 0}
2025-05-27 19:53:29,345 - sim.TradeoffSlope_S40_ResponsiveHG_W40_Rep2.MetricsCollector - INFO - metrics:177 - Metrics @ T=176.00: Cells=5337, MaxR=78.00, Pheno={'G_SPECIALIST': 1945, 'L_SPECIALIST': 3392, 'SWITCHING_GL': 0}
2025-05-27 19:53:29,683 - sim.TradeoffSlope_S40_ResponsiveHG_W40_Rep2.MetricsCollector - INFO - metrics:177 - Metrics @ T=177.00: Cells=5374, MaxR=78.00, Pheno={'G_SPECIALIST': 1945, 'L_SPECIALIST': 3429, 'SWITCHING_GL': 0}
2025-05-27 19:53:30,019 - sim.TradeoffSlope_S40_ResponsiveHG_W40_Rep2.MetricsCollector - INFO - metrics:177 - Metrics @ T=178.00: Cells=5423, MaxR=78.00, Pheno={'G_SPECIALIST': 1945, 'L_SPECIALIST': 3478, 'SWITCHING_GL': 0}
2025-05-27 19:53:30,355 - sim.TradeoffSlope_S40_ResponsiveHG_W40_Rep2.MetricsCollector - INFO - metrics:177 - Metrics @ T=179.00: Cells=5461, MaxR=78.00, Pheno={'G_SPECIALIST': 1945, 'L_SPECIALIST': 3516, 'SWITCHING_GL': 0}
2025-05-27 19:53:30,639 - sim.TradeoffSlope_S40_ResponsiveHG_W40_Rep2 - INFO - simulation_engine:218 - Progress: T=180.00, Cells=5496
2025-05-27 19:53:30,696 - sim.TradeoffSlope_S40_ResponsiveHG_W40_Rep2.MetricsCollector - INFO - metrics:177 - Metrics @ T=180.00: Cells=5499, MaxR=78.00, Pheno={'G_SPECIALIST': 1945, 'L_SPECIALIST': 3554, 'SWITCHING_GL': 0}
2025-05-27 19:53:31,037 - sim.TradeoffSlope_S40_ResponsiveHG_W40_Rep2.MetricsCollector - INFO - metrics:177 - Metrics @ T=181.00: Cells=5543, MaxR=78.00, Pheno={'G_SPECIALIST': 1945, 'L_SPECIALIST': 3598, 'SWITCHING_GL': 0}
2025-05-27 19:53:31,382 - sim.TradeoffSlope_S40_ResponsiveHG_W40_Rep2.MetricsCollector - INFO - metrics:177 - Metrics @ T=182.00: Cells=5579, MaxR=78.00, Pheno={'G_SPECIALIST': 1945, 'L_SPECIALIST': 3634, 'SWITCHING_GL': 0}
2025-05-27 19:53:31,730 - sim.TradeoffSlope_S40_ResponsiveHG_W40_Rep2.MetricsCollector - INFO - metrics:177 - Metrics @ T=183.00: Cells=5625, MaxR=79.73, Pheno={'G_SPECIALIST': 1945, 'L_SPECIALIST': 3680, 'SWITCHING_GL': 0}
2025-05-27 19:53:32,079 - sim.TradeoffSlope_S40_ResponsiveHG_W40_Rep2.MetricsCollector - INFO - metrics:177 - Metrics @ T=184.00: Cells=5673, MaxR=81.46, Pheno={'G_SPECIALIST': 1946, 'L_SPECIALIST': 3727, 'SWITCHING_GL': 0}
2025-05-27 19:53:32,427 - sim.TradeoffSlope_S40_ResponsiveHG_W40_Rep2.MetricsCollector - INFO - metrics:177 - Metrics @ T=185.00: Cells=5713, MaxR=83.19, Pheno={'G_SPECIALIST': 1947, 'L_SPECIALIST': 3766, 'SWITCHING_GL': 0}
2025-05-27 19:53:32,781 - sim.TradeoffSlope_S40_ResponsiveHG_W40_Rep2.MetricsCollector - INFO - metrics:177 - Metrics @ T=186.00: Cells=5751, MaxR=83.19, Pheno={'G_SPECIALIST': 1948, 'L_SPECIALIST': 3803, 'SWITCHING_GL': 0}
2025-05-27 19:53:33,137 - sim.TradeoffSlope_S40_ResponsiveHG_W40_Rep2.MetricsCollector - INFO - metrics:177 - Metrics @ T=187.00: Cells=5799, MaxR=84.92, Pheno={'G_SPECIALIST': 1950, 'L_SPECIALIST': 3849, 'SWITCHING_GL': 0}
2025-05-27 19:53:33,521 - sim.TradeoffSlope_S40_ResponsiveHG_W40_Rep2.MetricsCollector - INFO - metrics:177 - Metrics @ T=188.00: Cells=5857, MaxR=85.85, Pheno={'G_SPECIALIST': 1953, 'L_SPECIALIST': 3904, 'SWITCHING_GL': 0}
2025-05-27 19:53:33,885 - sim.TradeoffSlope_S40_ResponsiveHG_W40_Rep2.MetricsCollector - INFO - metrics:177 - Metrics @ T=189.00: Cells=5904, MaxR=86.65, Pheno={'G_SPECIALIST': 1954, 'L_SPECIALIST': 3950, 'SWITCHING_GL': 0}
2025-05-27 19:53:34,201 - sim.TradeoffSlope_S40_ResponsiveHG_W40_Rep2 - INFO - simulation_engine:218 - Progress: T=190.00, Cells=5944
2025-05-27 19:53:34,261 - sim.TradeoffSlope_S40_ResponsiveHG_W40_Rep2.MetricsCollector - INFO - metrics:177 - Metrics @ T=190.00: Cells=5950, MaxR=86.65, Pheno={'G_SPECIALIST': 1954, 'L_SPECIALIST': 3996, 'SWITCHING_GL': 0}
2025-05-27 19:53:34,635 - sim.TradeoffSlope_S40_ResponsiveHG_W40_Rep2.MetricsCollector - INFO - metrics:177 - Metrics @ T=191.00: Cells=6000, MaxR=86.65, Pheno={'G_SPECIALIST': 1954, 'L_SPECIALIST': 4046, 'SWITCHING_GL': 0}
2025-05-27 19:53:35,015 - sim.TradeoffSlope_S40_ResponsiveHG_W40_Rep2.MetricsCollector - INFO - metrics:177 - Metrics @ T=192.00: Cells=6050, MaxR=86.65, Pheno={'G_SPECIALIST': 1954, 'L_SPECIALIST': 4096, 'SWITCHING_GL': 0}
2025-05-27 19:53:35,396 - sim.TradeoffSlope_S40_ResponsiveHG_W40_Rep2.MetricsCollector - INFO - metrics:177 - Metrics @ T=193.00: Cells=6089, MaxR=86.65, Pheno={'G_SPECIALIST': 1954, 'L_SPECIALIST': 4135, 'SWITCHING_GL': 0}
2025-05-27 19:53:35,772 - sim.TradeoffSlope_S40_ResponsiveHG_W40_Rep2.MetricsCollector - INFO - metrics:177 - Metrics @ T=194.00: Cells=6132, MaxR=86.65, Pheno={'G_SPECIALIST': 1956, 'L_SPECIALIST': 4176, 'SWITCHING_GL': 0}
2025-05-27 19:53:36,156 - sim.TradeoffSlope_S40_ResponsiveHG_W40_Rep2.MetricsCollector - INFO - metrics:177 - Metrics @ T=195.00: Cells=6180, MaxR=86.65, Pheno={'G_SPECIALIST': 1958, 'L_SPECIALIST': 4222, 'SWITCHING_GL': 0}
2025-05-27 19:53:36,541 - sim.TradeoffSlope_S40_ResponsiveHG_W40_Rep2.MetricsCollector - INFO - metrics:177 - Metrics @ T=196.00: Cells=6226, MaxR=86.65, Pheno={'G_SPECIALIST': 1960, 'L_SPECIALIST': 4266, 'SWITCHING_GL': 0}
2025-05-27 19:53:36,923 - sim.TradeoffSlope_S40_ResponsiveHG_W40_Rep2.MetricsCollector - INFO - metrics:177 - Metrics @ T=197.00: Cells=6265, MaxR=86.65, Pheno={'G_SPECIALIST': 1962, 'L_SPECIALIST': 4303, 'SWITCHING_GL': 0}
2025-05-27 19:53:37,310 - sim.TradeoffSlope_S40_ResponsiveHG_W40_Rep2.MetricsCollector - INFO - metrics:177 - Metrics @ T=198.00: Cells=6320, MaxR=88.54, Pheno={'G_SPECIALIST': 1966, 'L_SPECIALIST': 4354, 'SWITCHING_GL': 0}
2025-05-27 19:53:37,719 - sim.TradeoffSlope_S40_ResponsiveHG_W40_Rep2.MetricsCollector - INFO - metrics:177 - Metrics @ T=199.00: Cells=6366, MaxR=88.54, Pheno={'G_SPECIALIST': 1968, 'L_SPECIALIST': 4398, 'SWITCHING_GL': 0}
2025-05-27 19:53:38,062 - sim.TradeoffSlope_S40_ResponsiveHG_W40_Rep2 - INFO - simulation_engine:218 - Progress: T=200.00, Cells=6412
2025-05-27 19:53:38,127 - sim.TradeoffSlope_S40_ResponsiveHG_W40_Rep2.MetricsCollector - INFO - metrics:177 - Metrics @ T=200.00: Cells=6416, MaxR=90.12, Pheno={'G_SPECIALIST': 1974, 'L_SPECIALIST': 4442, 'SWITCHING_GL': 0}
2025-05-27 19:53:38,165 - sim.TradeoffSlope_S40_ResponsiveHG_W40_Rep2 - INFO - simulation_engine:238 - Sim run finished: TradeoffSlope_S40_ResponsiveHG_W40_Rep2. Wall-clock: 35.174s.
2025-05-27 19:53:38,165 - sim.TradeoffSlope_S40_ResponsiveHG_W40_Rep2 - INFO - simulation_engine:241 - Final state: SimTime=200.10, Steps=2001, Cells=6422.
2025-05-27 19:53:38,165 - sim.TradeoffSlope_S40_ResponsiveHG_W40_Rep2.MetricsCollector - INFO - metrics:300 - Finalizing data collection and exporting results...
2025-05-27 19:53:38,165 - sim.TradeoffSlope_S40_ResponsiveHG_W40_Rep2.MetricsCollector - INFO - metrics:312 - --- Simulation Summary (Log) ---
time: 199.99999999999292
total_cell_count: 6416
phenotype_counts: {'G_SPECIALIST': 1974, 'L_SPECIALIST': 4442, 'SWITCHING_GL': 0}
avg_radial_distance: 48.78095077929444
max_radial_distance: 90.11659114724657
min_radial_distance: 0.0
std_dev_radial_distance: 17.492175327172173
median_radial_distance: 51.46843692983108
frontier_lag_G_to_L: (details in files)
frontier_traits: (details in files)
overall_radial_expansion_velocity: 0.4419227016984041
config_exp_name: TradeoffSlope_S40_ResponsiveHG_W40_Rep2

2025-05-27 19:53:38,182 - sim.TradeoffSlope_S40_ResponsiveHG_W40_Rep2.MetricsCollector - INFO - metrics:242 - Time series data exported to results\TradeoffSlope_S40_ResponsiveHG_W40_Rep2\time_series_data.csv
2025-05-27 19:53:38,184 - sim.TradeoffSlope_S40_ResponsiveHG_W40_Rep2.MetricsCollector - INFO - metrics:267 - Summary data exported to results\TradeoffSlope_S40_ResponsiveHG_W40_Rep2\summary.json
2025-05-27 19:53:38,184 - sim.TradeoffSlope_S40_ResponsiveHG_W40_Rep2.MetricsCollector - INFO - metrics:275 - No kymograph data to export.
2025-05-27 19:53:38,184 - sim.TradeoffSlope_S40_ResponsiveHG_W40_Rep2.MetricsCollector - INFO - metrics:316 - All data export finalized for TradeoffSlope_S40_ResponsiveHG_W40_Rep2.
2025-05-27 19:53:38,184 - sim.TradeoffSlope_S40_ResponsiveHG_W40_Rep2 - INFO - simulation_engine:276 - Simulation fully complete.
