2025-05-27 18:46:53,168 - sim.ResponsiveLL_W20_Rep1 - INFO - simulation_engine:37 - Initializing SimulationEngine for experiment: ResponsiveLL_W20_Rep1
2025-05-27 18:46:53,169 - sim.ResponsiveLL_W20_Rep1 - INFO - simulation_engine:70 - Visualization disabled.
2025-05-27 18:46:53,169 - sim.ResponsiveLL_W20_Rep1 - INFO - simulation_engine:202 - Starting simulation: ResponsiveLL_W20_Rep1
2025-05-27 18:46:53,169 - sim.ResponsiveLL_W20_Rep1 - INFO - simulation_engine:204 - Colony initialized: 5 cells.
2025-05-27 18:46:53,170 - sim.ResponsiveLL_W20_Rep1.MetricsCollector - INFO - metrics:177 - Metrics @ T=0.00: Cells=5, MaxR=1.73, Pheno={'G_SPECIALIST': 5, 'L_SPECIALIST': 0, 'SWITCHING_GL': 0}
2025-05-27 18:46:53,172 - sim.ResponsiveLL_W20_Rep1.MetricsCollector - INFO - metrics:177 - Metrics @ T=1.00: Cells=5, MaxR=1.73, Pheno={'G_SPECIALIST': 5, 'L_SPECIALIST': 0, 'SWITCHING_GL': 0}
2025-05-27 18:46:53,179 - sim.ResponsiveLL_W20_Rep1.MetricsCollector - INFO - metrics:177 - Metrics @ T=2.00: Cells=6, MaxR=3.46, Pheno={'G_SPECIALIST': 6, 'L_SPECIALIST': 0, 'SWITCHING_GL': 0}
2025-05-27 18:46:53,180 - sim.ResponsiveLL_W20_Rep1.MetricsCollector - INFO - metrics:177 - Metrics @ T=3.00: Cells=6, MaxR=3.46, Pheno={'G_SPECIALIST': 6, 'L_SPECIALIST': 0, 'SWITCHING_GL': 0}
2025-05-27 18:46:53,182 - sim.ResponsiveLL_W20_Rep1.MetricsCollector - INFO - metrics:177 - Metrics @ T=4.00: Cells=8, MaxR=3.46, Pheno={'G_SPECIALIST': 8, 'L_SPECIALIST': 0, 'SWITCHING_GL': 0}
2025-05-27 18:46:53,183 - sim.ResponsiveLL_W20_Rep1.MetricsCollector - INFO - metrics:177 - Metrics @ T=5.00: Cells=9, MaxR=3.46, Pheno={'G_SPECIALIST': 9, 'L_SPECIALIST': 0, 'SWITCHING_GL': 0}
2025-05-27 18:46:53,184 - sim.ResponsiveLL_W20_Rep1.MetricsCollector - INFO - metrics:177 - Metrics @ T=6.00: Cells=13, MaxR=6.00, Pheno={'G_SPECIALIST': 13, 'L_SPECIALIST': 0, 'SWITCHING_GL': 0}
2025-05-27 18:46:53,186 - sim.ResponsiveLL_W20_Rep1.MetricsCollector - INFO - metrics:177 - Metrics @ T=7.00: Cells=20, MaxR=7.55, Pheno={'G_SPECIALIST': 20, 'L_SPECIALIST': 0, 'SWITCHING_GL': 0}
2025-05-27 18:46:53,188 - sim.ResponsiveLL_W20_Rep1.MetricsCollector - INFO - metrics:177 - Metrics @ T=8.00: Cells=24, MaxR=7.55, Pheno={'G_SPECIALIST': 24, 'L_SPECIALIST': 0, 'SWITCHING_GL': 0}
2025-05-27 18:46:53,190 - sim.ResponsiveLL_W20_Rep1.MetricsCollector - INFO - metrics:177 - Metrics @ T=9.00: Cells=25, MaxR=7.55, Pheno={'G_SPECIALIST': 25, 'L_SPECIALIST': 0, 'SWITCHING_GL': 0}
2025-05-27 18:46:53,191 - sim.ResponsiveLL_W20_Rep1 - INFO - simulation_engine:218 - Progress: T=10.00, Cells=30
2025-05-27 18:46:53,193 - sim.ResponsiveLL_W20_Rep1.MetricsCollector - INFO - metrics:177 - Metrics @ T=10.00: Cells=30, MaxR=7.94, Pheno={'G_SPECIALIST': 30, 'L_SPECIALIST': 0, 'SWITCHING_GL': 0}
2025-05-27 18:46:53,195 - sim.ResponsiveLL_W20_Rep1.MetricsCollector - INFO - metrics:177 - Metrics @ T=11.00: Cells=36, MaxR=10.54, Pheno={'G_SPECIALIST': 36, 'L_SPECIALIST': 0, 'SWITCHING_GL': 0}
2025-05-27 18:46:53,199 - sim.ResponsiveLL_W20_Rep1.MetricsCollector - INFO - metrics:177 - Metrics @ T=12.00: Cells=48, MaxR=10.82, Pheno={'G_SPECIALIST': 48, 'L_SPECIALIST': 0, 'SWITCHING_GL': 0}
2025-05-27 18:46:53,204 - sim.ResponsiveLL_W20_Rep1.MetricsCollector - INFO - metrics:177 - Metrics @ T=13.00: Cells=62, MaxR=12.00, Pheno={'G_SPECIALIST': 62, 'L_SPECIALIST': 0, 'SWITCHING_GL': 0}
2025-05-27 18:46:53,209 - sim.ResponsiveLL_W20_Rep1.MetricsCollector - INFO - metrics:177 - Metrics @ T=14.00: Cells=73, MaxR=12.00, Pheno={'G_SPECIALIST': 73, 'L_SPECIALIST': 0, 'SWITCHING_GL': 0}
2025-05-27 18:46:53,215 - sim.ResponsiveLL_W20_Rep1.MetricsCollector - INFO - metrics:177 - Metrics @ T=15.00: Cells=86, MaxR=12.12, Pheno={'G_SPECIALIST': 86, 'L_SPECIALIST': 0, 'SWITCHING_GL': 0}
2025-05-27 18:46:53,222 - sim.ResponsiveLL_W20_Rep1.MetricsCollector - INFO - metrics:177 - Metrics @ T=16.00: Cells=97, MaxR=13.75, Pheno={'G_SPECIALIST': 97, 'L_SPECIALIST': 0, 'SWITCHING_GL': 0}
2025-05-27 18:46:53,229 - sim.ResponsiveLL_W20_Rep1.MetricsCollector - INFO - metrics:177 - Metrics @ T=17.00: Cells=117, MaxR=13.86, Pheno={'G_SPECIALIST': 117, 'L_SPECIALIST': 0, 'SWITCHING_GL': 0}
2025-05-27 18:46:53,238 - sim.ResponsiveLL_W20_Rep1.MetricsCollector - INFO - metrics:177 - Metrics @ T=18.00: Cells=134, MaxR=15.59, Pheno={'G_SPECIALIST': 134, 'L_SPECIALIST': 0, 'SWITCHING_GL': 0}
2025-05-27 18:46:53,249 - sim.ResponsiveLL_W20_Rep1.MetricsCollector - INFO - metrics:177 - Metrics @ T=19.00: Cells=156, MaxR=17.32, Pheno={'G_SPECIALIST': 156, 'L_SPECIALIST': 0, 'SWITCHING_GL': 0}
2025-05-27 18:46:53,259 - sim.ResponsiveLL_W20_Rep1 - INFO - simulation_engine:218 - Progress: T=20.00, Cells=174
2025-05-27 18:46:53,261 - sim.ResponsiveLL_W20_Rep1.MetricsCollector - INFO - metrics:177 - Metrics @ T=20.00: Cells=176, MaxR=17.32, Pheno={'G_SPECIALIST': 176, 'L_SPECIALIST': 0, 'SWITCHING_GL': 0}
2025-05-27 18:46:53,273 - sim.ResponsiveLL_W20_Rep1.MetricsCollector - INFO - metrics:177 - Metrics @ T=21.00: Cells=186, MaxR=18.25, Pheno={'G_SPECIALIST': 186, 'L_SPECIALIST': 0, 'SWITCHING_GL': 0}
2025-05-27 18:46:53,286 - sim.ResponsiveLL_W20_Rep1.MetricsCollector - INFO - metrics:177 - Metrics @ T=22.00: Cells=201, MaxR=18.25, Pheno={'G_SPECIALIST': 201, 'L_SPECIALIST': 0, 'SWITCHING_GL': 0}
2025-05-27 18:46:53,300 - sim.ResponsiveLL_W20_Rep1.MetricsCollector - INFO - metrics:177 - Metrics @ T=23.00: Cells=216, MaxR=19.97, Pheno={'G_SPECIALIST': 216, 'L_SPECIALIST': 0, 'SWITCHING_GL': 0}
2025-05-27 18:46:53,315 - sim.ResponsiveLL_W20_Rep1.MetricsCollector - INFO - metrics:177 - Metrics @ T=24.00: Cells=241, MaxR=21.70, Pheno={'G_SPECIALIST': 241, 'L_SPECIALIST': 0, 'SWITCHING_GL': 0}
2025-05-27 18:46:53,333 - sim.ResponsiveLL_W20_Rep1.MetricsCollector - INFO - metrics:177 - Metrics @ T=25.00: Cells=269, MaxR=21.70, Pheno={'G_SPECIALIST': 269, 'L_SPECIALIST': 0, 'SWITCHING_GL': 0}
2025-05-27 18:46:53,351 - sim.ResponsiveLL_W20_Rep1.MetricsCollector - INFO - metrics:177 - Metrics @ T=26.00: Cells=294, MaxR=21.70, Pheno={'G_SPECIALIST': 294, 'L_SPECIALIST': 0, 'SWITCHING_GL': 0}
2025-05-27 18:46:53,372 - sim.ResponsiveLL_W20_Rep1.MetricsCollector - INFO - metrics:177 - Metrics @ T=27.00: Cells=314, MaxR=21.70, Pheno={'G_SPECIALIST': 314, 'L_SPECIALIST': 0, 'SWITCHING_GL': 0}
2025-05-27 18:46:53,394 - sim.ResponsiveLL_W20_Rep1.MetricsCollector - INFO - metrics:177 - Metrics @ T=28.00: Cells=332, MaxR=23.43, Pheno={'G_SPECIALIST': 332, 'L_SPECIALIST': 0, 'SWITCHING_GL': 0}
2025-05-27 18:46:53,418 - sim.ResponsiveLL_W20_Rep1.MetricsCollector - INFO - metrics:177 - Metrics @ T=29.00: Cells=360, MaxR=23.81, Pheno={'G_SPECIALIST': 360, 'L_SPECIALIST': 0, 'SWITCHING_GL': 0}
2025-05-27 18:46:53,438 - sim.ResponsiveLL_W20_Rep1 - INFO - simulation_engine:218 - Progress: T=30.00, Cells=381
2025-05-27 18:46:53,443 - sim.ResponsiveLL_W20_Rep1.MetricsCollector - INFO - metrics:177 - Metrics @ T=30.00: Cells=381, MaxR=26.89, Pheno={'G_SPECIALIST': 381, 'L_SPECIALIST': 0, 'SWITCHING_GL': 0}
2025-05-27 18:46:53,471 - sim.ResponsiveLL_W20_Rep1.MetricsCollector - INFO - metrics:177 - Metrics @ T=31.00: Cells=404, MaxR=28.62, Pheno={'G_SPECIALIST': 404, 'L_SPECIALIST': 0, 'SWITCHING_GL': 0}
2025-05-27 18:46:53,499 - sim.ResponsiveLL_W20_Rep1.MetricsCollector - INFO - metrics:177 - Metrics @ T=32.00: Cells=434, MaxR=29.44, Pheno={'G_SPECIALIST': 434, 'L_SPECIALIST': 0, 'SWITCHING_GL': 0}
2025-05-27 18:46:53,529 - sim.ResponsiveLL_W20_Rep1.MetricsCollector - INFO - metrics:177 - Metrics @ T=33.00: Cells=465, MaxR=29.60, Pheno={'G_SPECIALIST': 465, 'L_SPECIALIST': 0, 'SWITCHING_GL': 0}
2025-05-27 18:46:53,561 - sim.ResponsiveLL_W20_Rep1.MetricsCollector - INFO - metrics:177 - Metrics @ T=34.00: Cells=494, MaxR=29.60, Pheno={'G_SPECIALIST': 494, 'L_SPECIALIST': 0, 'SWITCHING_GL': 0}
2025-05-27 18:46:53,594 - sim.ResponsiveLL_W20_Rep1.MetricsCollector - INFO - metrics:177 - Metrics @ T=35.00: Cells=525, MaxR=30.35, Pheno={'G_SPECIALIST': 525, 'L_SPECIALIST': 0, 'SWITCHING_GL': 0}
2025-05-27 18:46:53,630 - sim.ResponsiveLL_W20_Rep1.MetricsCollector - INFO - metrics:177 - Metrics @ T=36.00: Cells=559, MaxR=30.35, Pheno={'G_SPECIALIST': 559, 'L_SPECIALIST': 0, 'SWITCHING_GL': 0}
2025-05-27 18:46:53,668 - sim.ResponsiveLL_W20_Rep1.MetricsCollector - INFO - metrics:177 - Metrics @ T=37.00: Cells=596, MaxR=31.32, Pheno={'G_SPECIALIST': 596, 'L_SPECIALIST': 0, 'SWITCHING_GL': 0}
2025-05-27 18:46:53,709 - sim.ResponsiveLL_W20_Rep1.MetricsCollector - INFO - metrics:177 - Metrics @ T=38.00: Cells=639, MaxR=32.08, Pheno={'G_SPECIALIST': 639, 'L_SPECIALIST': 0, 'SWITCHING_GL': 0}
2025-05-27 18:46:53,753 - sim.ResponsiveLL_W20_Rep1.MetricsCollector - INFO - metrics:177 - Metrics @ T=39.00: Cells=668, MaxR=32.08, Pheno={'G_SPECIALIST': 668, 'L_SPECIALIST': 0, 'SWITCHING_GL': 0}
2025-05-27 18:46:53,799 - sim.ResponsiveLL_W20_Rep1 - INFO - simulation_engine:218 - Progress: T=40.00, Cells=698
2025-05-27 18:46:53,807 - sim.ResponsiveLL_W20_Rep1.MetricsCollector - INFO - metrics:177 - Metrics @ T=40.00: Cells=701, MaxR=32.91, Pheno={'G_SPECIALIST': 701, 'L_SPECIALIST': 0, 'SWITCHING_GL': 0}
2025-05-27 18:46:53,861 - sim.ResponsiveLL_W20_Rep1.MetricsCollector - INFO - metrics:177 - Metrics @ T=41.00: Cells=742, MaxR=34.12, Pheno={'G_SPECIALIST': 742, 'L_SPECIALIST': 0, 'SWITCHING_GL': 0}
2025-05-27 18:46:53,914 - sim.ResponsiveLL_W20_Rep1.MetricsCollector - INFO - metrics:177 - Metrics @ T=42.00: Cells=776, MaxR=34.64, Pheno={'G_SPECIALIST': 776, 'L_SPECIALIST': 0, 'SWITCHING_GL': 0}
2025-05-27 18:46:53,970 - sim.ResponsiveLL_W20_Rep1.MetricsCollector - INFO - metrics:177 - Metrics @ T=43.00: Cells=816, MaxR=36.37, Pheno={'G_SPECIALIST': 816, 'L_SPECIALIST': 0, 'SWITCHING_GL': 0}
2025-05-27 18:46:54,027 - sim.ResponsiveLL_W20_Rep1.MetricsCollector - INFO - metrics:177 - Metrics @ T=44.00: Cells=860, MaxR=36.37, Pheno={'G_SPECIALIST': 860, 'L_SPECIALIST': 0, 'SWITCHING_GL': 0}
2025-05-27 18:46:54,087 - sim.ResponsiveLL_W20_Rep1.MetricsCollector - INFO - metrics:177 - Metrics @ T=45.00: Cells=905, MaxR=37.47, Pheno={'G_SPECIALIST': 905, 'L_SPECIALIST': 0, 'SWITCHING_GL': 0}
2025-05-27 18:46:54,152 - sim.ResponsiveLL_W20_Rep1.MetricsCollector - INFO - metrics:177 - Metrics @ T=46.00: Cells=956, MaxR=39.61, Pheno={'G_SPECIALIST': 956, 'L_SPECIALIST': 0, 'SWITCHING_GL': 0}
2025-05-27 18:46:54,223 - sim.ResponsiveLL_W20_Rep1.MetricsCollector - INFO - metrics:177 - Metrics @ T=47.00: Cells=1015, MaxR=41.24, Pheno={'G_SPECIALIST': 1014, 'SWITCHING_GL': 1, 'L_SPECIALIST': 0}
2025-05-27 18:46:54,297 - sim.ResponsiveLL_W20_Rep1.MetricsCollector - INFO - metrics:177 - Metrics @ T=48.00: Cells=1066, MaxR=41.24, Pheno={'G_SPECIALIST': 1064, 'SWITCHING_GL': 2, 'L_SPECIALIST': 0}
2025-05-27 18:46:54,386 - sim.ResponsiveLL_W20_Rep1.MetricsCollector - INFO - metrics:177 - Metrics @ T=49.00: Cells=1124, MaxR=41.24, Pheno={'G_SPECIALIST': 1122, 'SWITCHING_GL': 2, 'L_SPECIALIST': 0}
2025-05-27 18:46:54,451 - sim.ResponsiveLL_W20_Rep1 - INFO - simulation_engine:218 - Progress: T=50.00, Cells=1163
2025-05-27 18:46:54,465 - sim.ResponsiveLL_W20_Rep1.MetricsCollector - INFO - metrics:177 - Metrics @ T=50.00: Cells=1171, MaxR=41.24, Pheno={'G_SPECIALIST': 1169, 'SWITCHING_GL': 2, 'L_SPECIALIST': 0}
2025-05-27 18:46:54,552 - sim.ResponsiveLL_W20_Rep1.MetricsCollector - INFO - metrics:177 - Metrics @ T=51.00: Cells=1228, MaxR=41.24, Pheno={'G_SPECIALIST': 1225, 'SWITCHING_GL': 3, 'L_SPECIALIST': 0}
2025-05-27 18:46:54,644 - sim.ResponsiveLL_W20_Rep1.MetricsCollector - INFO - metrics:177 - Metrics @ T=52.00: Cells=1290, MaxR=41.61, Pheno={'G_SPECIALIST': 1282, 'SWITCHING_GL': 8, 'L_SPECIALIST': 0}
2025-05-27 18:46:54,732 - sim.ResponsiveLL_W20_Rep1.MetricsCollector - INFO - metrics:177 - Metrics @ T=53.00: Cells=1341, MaxR=41.61, Pheno={'G_SPECIALIST': 1332, 'SWITCHING_GL': 9, 'L_SPECIALIST': 0}
2025-05-27 18:46:54,822 - sim.ResponsiveLL_W20_Rep1.MetricsCollector - INFO - metrics:177 - Metrics @ T=54.00: Cells=1389, MaxR=41.61, Pheno={'G_SPECIALIST': 1377, 'SWITCHING_GL': 12, 'L_SPECIALIST': 0}
2025-05-27 18:46:54,921 - sim.ResponsiveLL_W20_Rep1.MetricsCollector - INFO - metrics:177 - Metrics @ T=55.00: Cells=1440, MaxR=41.61, Pheno={'G_SPECIALIST': 1425, 'SWITCHING_GL': 15, 'L_SPECIALIST': 0}
2025-05-27 18:46:55,020 - sim.ResponsiveLL_W20_Rep1.MetricsCollector - INFO - metrics:177 - Metrics @ T=56.00: Cells=1493, MaxR=41.68, Pheno={'G_SPECIALIST': 1475, 'SWITCHING_GL': 17, 'L_SPECIALIST': 1}
2025-05-27 18:46:55,125 - sim.ResponsiveLL_W20_Rep1.MetricsCollector - INFO - metrics:177 - Metrics @ T=57.00: Cells=1542, MaxR=42.00, Pheno={'G_SPECIALIST': 1516, 'SWITCHING_GL': 22, 'L_SPECIALIST': 4}
2025-05-27 18:46:55,227 - sim.ResponsiveLL_W20_Rep1.MetricsCollector - INFO - metrics:177 - Metrics @ T=58.00: Cells=1582, MaxR=42.00, Pheno={'G_SPECIALIST': 1550, 'SWITCHING_GL': 27, 'L_SPECIALIST': 5}
2025-05-27 18:46:55,336 - sim.ResponsiveLL_W20_Rep1.MetricsCollector - INFO - metrics:177 - Metrics @ T=59.00: Cells=1631, MaxR=42.00, Pheno={'G_SPECIALIST': 1599, 'SWITCHING_GL': 25, 'L_SPECIALIST': 7}
2025-05-27 18:46:55,434 - sim.ResponsiveLL_W20_Rep1 - INFO - simulation_engine:218 - Progress: T=60.00, Cells=1674
2025-05-27 18:46:55,459 - sim.ResponsiveLL_W20_Rep1.MetricsCollector - INFO - metrics:177 - Metrics @ T=60.00: Cells=1676, MaxR=42.00, Pheno={'G_SPECIALIST': 1639, 'SWITCHING_GL': 29, 'L_SPECIALIST': 8}
2025-05-27 18:46:55,575 - sim.ResponsiveLL_W20_Rep1.MetricsCollector - INFO - metrics:177 - Metrics @ T=61.00: Cells=1716, MaxR=42.53, Pheno={'G_SPECIALIST': 1674, 'SWITCHING_GL': 31, 'L_SPECIALIST': 11}
2025-05-27 18:46:55,686 - sim.ResponsiveLL_W20_Rep1.MetricsCollector - INFO - metrics:177 - Metrics @ T=62.00: Cells=1764, MaxR=42.53, Pheno={'G_SPECIALIST': 1712, 'SWITCHING_GL': 36, 'L_SPECIALIST': 16}
2025-05-27 18:46:55,801 - sim.ResponsiveLL_W20_Rep1.MetricsCollector - INFO - metrics:177 - Metrics @ T=63.00: Cells=1807, MaxR=42.53, Pheno={'G_SPECIALIST': 1741, 'SWITCHING_GL': 47, 'L_SPECIALIST': 19}
2025-05-27 18:46:55,922 - sim.ResponsiveLL_W20_Rep1.MetricsCollector - INFO - metrics:177 - Metrics @ T=64.00: Cells=1850, MaxR=42.53, Pheno={'G_SPECIALIST': 1771, 'SWITCHING_GL': 59, 'L_SPECIALIST': 20}
2025-05-27 18:46:56,059 - sim.ResponsiveLL_W20_Rep1.MetricsCollector - INFO - metrics:177 - Metrics @ T=65.00: Cells=1883, MaxR=42.53, Pheno={'G_SPECIALIST': 1797, 'SWITCHING_GL': 61, 'L_SPECIALIST': 25}
2025-05-27 18:46:56,190 - sim.ResponsiveLL_W20_Rep1.MetricsCollector - INFO - metrics:177 - Metrics @ T=66.00: Cells=1926, MaxR=42.53, Pheno={'G_SPECIALIST': 1833, 'SWITCHING_GL': 65, 'L_SPECIALIST': 28}
2025-05-27 18:46:56,318 - sim.ResponsiveLL_W20_Rep1.MetricsCollector - INFO - metrics:177 - Metrics @ T=67.00: Cells=1956, MaxR=43.27, Pheno={'G_SPECIALIST': 1850, 'SWITCHING_GL': 70, 'L_SPECIALIST': 36}
2025-05-27 18:46:56,477 - sim.ResponsiveLL_W20_Rep1.MetricsCollector - INFO - metrics:177 - Metrics @ T=68.00: Cells=1989, MaxR=43.71, Pheno={'G_SPECIALIST': 1870, 'L_SPECIALIST': 50, 'SWITCHING_GL': 69}
2025-05-27 18:46:56,618 - sim.ResponsiveLL_W20_Rep1.MetricsCollector - INFO - metrics:177 - Metrics @ T=69.00: Cells=2024, MaxR=43.71, Pheno={'G_SPECIALIST': 1892, 'L_SPECIALIST': 62, 'SWITCHING_GL': 70}
2025-05-27 18:46:56,724 - sim.ResponsiveLL_W20_Rep1 - INFO - simulation_engine:218 - Progress: T=70.00, Cells=2053
2025-05-27 18:46:56,747 - sim.ResponsiveLL_W20_Rep1.MetricsCollector - INFO - metrics:177 - Metrics @ T=70.00: Cells=2054, MaxR=43.71, Pheno={'G_SPECIALIST': 1909, 'L_SPECIALIST': 68, 'SWITCHING_GL': 77}
2025-05-27 18:46:56,882 - sim.ResponsiveLL_W20_Rep1.MetricsCollector - INFO - metrics:177 - Metrics @ T=71.00: Cells=2077, MaxR=43.71, Pheno={'G_SPECIALIST': 1917, 'L_SPECIALIST': 75, 'SWITCHING_GL': 85}
2025-05-27 18:46:57,027 - sim.ResponsiveLL_W20_Rep1.MetricsCollector - INFO - metrics:177 - Metrics @ T=72.00: Cells=2096, MaxR=44.23, Pheno={'G_SPECIALIST': 1926, 'L_SPECIALIST': 82, 'SWITCHING_GL': 88}
2025-05-27 18:46:57,170 - sim.ResponsiveLL_W20_Rep1.MetricsCollector - INFO - metrics:177 - Metrics @ T=73.00: Cells=2114, MaxR=44.23, Pheno={'G_SPECIALIST': 1930, 'L_SPECIALIST': 99, 'SWITCHING_GL': 85}
2025-05-27 18:46:57,312 - sim.ResponsiveLL_W20_Rep1.MetricsCollector - INFO - metrics:177 - Metrics @ T=74.00: Cells=2126, MaxR=44.23, Pheno={'G_SPECIALIST': 1933, 'L_SPECIALIST': 108, 'SWITCHING_GL': 85}
2025-05-27 18:46:57,447 - sim.ResponsiveLL_W20_Rep1.MetricsCollector - INFO - metrics:177 - Metrics @ T=75.00: Cells=2138, MaxR=45.40, Pheno={'G_SPECIALIST': 1933, 'L_SPECIALIST': 122, 'SWITCHING_GL': 83}
2025-05-27 18:46:57,582 - sim.ResponsiveLL_W20_Rep1.MetricsCollector - INFO - metrics:177 - Metrics @ T=76.00: Cells=2150, MaxR=45.40, Pheno={'G_SPECIALIST': 1937, 'L_SPECIALIST': 134, 'SWITCHING_GL': 79}
2025-05-27 18:46:57,724 - sim.ResponsiveLL_W20_Rep1.MetricsCollector - INFO - metrics:177 - Metrics @ T=77.00: Cells=2167, MaxR=45.40, Pheno={'G_SPECIALIST': 1940, 'L_SPECIALIST': 150, 'SWITCHING_GL': 77}
2025-05-27 18:46:57,870 - sim.ResponsiveLL_W20_Rep1.MetricsCollector - INFO - metrics:177 - Metrics @ T=78.00: Cells=2176, MaxR=46.18, Pheno={'G_SPECIALIST': 1941, 'L_SPECIALIST': 163, 'SWITCHING_GL': 72}
2025-05-27 18:46:58,048 - sim.ResponsiveLL_W20_Rep1.MetricsCollector - INFO - metrics:177 - Metrics @ T=79.00: Cells=2190, MaxR=46.60, Pheno={'G_SPECIALIST': 1944, 'L_SPECIALIST': 176, 'SWITCHING_GL': 70}
2025-05-27 18:46:58,181 - sim.ResponsiveLL_W20_Rep1 - INFO - simulation_engine:218 - Progress: T=80.00, Cells=2209
2025-05-27 18:46:58,207 - sim.ResponsiveLL_W20_Rep1.MetricsCollector - INFO - metrics:177 - Metrics @ T=80.00: Cells=2209, MaxR=46.60, Pheno={'G_SPECIALIST': 1945, 'L_SPECIALIST': 195, 'SWITCHING_GL': 69}
2025-05-27 18:46:58,373 - sim.ResponsiveLL_W20_Rep1.MetricsCollector - INFO - metrics:177 - Metrics @ T=81.00: Cells=2225, MaxR=46.60, Pheno={'G_SPECIALIST': 1945, 'L_SPECIALIST': 214, 'SWITCHING_GL': 66}
2025-05-27 18:46:58,545 - sim.ResponsiveLL_W20_Rep1.MetricsCollector - INFO - metrics:177 - Metrics @ T=82.00: Cells=2245, MaxR=47.09, Pheno={'G_SPECIALIST': 1945, 'L_SPECIALIST': 234, 'SWITCHING_GL': 66}
2025-05-27 18:46:58,691 - sim.ResponsiveLL_W20_Rep1.MetricsCollector - INFO - metrics:177 - Metrics @ T=83.00: Cells=2257, MaxR=48.28, Pheno={'G_SPECIALIST': 1945, 'L_SPECIALIST': 251, 'SWITCHING_GL': 61}
2025-05-27 18:46:58,841 - sim.ResponsiveLL_W20_Rep1.MetricsCollector - INFO - metrics:177 - Metrics @ T=84.00: Cells=2282, MaxR=48.77, Pheno={'G_SPECIALIST': 1945, 'L_SPECIALIST': 281, 'SWITCHING_GL': 56}
2025-05-27 18:46:58,991 - sim.ResponsiveLL_W20_Rep1.MetricsCollector - INFO - metrics:177 - Metrics @ T=85.00: Cells=2296, MaxR=48.77, Pheno={'G_SPECIALIST': 1945, 'L_SPECIALIST': 299, 'SWITCHING_GL': 52}
2025-05-27 18:46:59,139 - sim.ResponsiveLL_W20_Rep1.MetricsCollector - INFO - metrics:177 - Metrics @ T=86.00: Cells=2321, MaxR=48.77, Pheno={'G_SPECIALIST': 1945, 'L_SPECIALIST': 326, 'SWITCHING_GL': 50}
2025-05-27 18:46:59,296 - sim.ResponsiveLL_W20_Rep1.MetricsCollector - INFO - metrics:177 - Metrics @ T=87.00: Cells=2346, MaxR=48.77, Pheno={'G_SPECIALIST': 1945, 'L_SPECIALIST': 356, 'SWITCHING_GL': 45}
2025-05-27 18:46:59,451 - sim.ResponsiveLL_W20_Rep1.MetricsCollector - INFO - metrics:177 - Metrics @ T=88.00: Cells=2368, MaxR=50.11, Pheno={'G_SPECIALIST': 1945, 'L_SPECIALIST': 387, 'SWITCHING_GL': 36}
2025-05-27 18:46:59,605 - sim.ResponsiveLL_W20_Rep1.MetricsCollector - INFO - metrics:177 - Metrics @ T=89.00: Cells=2385, MaxR=50.11, Pheno={'G_SPECIALIST': 1945, 'L_SPECIALIST': 410, 'SWITCHING_GL': 30}
2025-05-27 18:46:59,737 - sim.ResponsiveLL_W20_Rep1 - INFO - simulation_engine:218 - Progress: T=90.00, Cells=2407
2025-05-27 18:46:59,763 - sim.ResponsiveLL_W20_Rep1.MetricsCollector - INFO - metrics:177 - Metrics @ T=90.00: Cells=2410, MaxR=50.11, Pheno={'G_SPECIALIST': 1945, 'L_SPECIALIST': 440, 'SWITCHING_GL': 25}
2025-05-27 18:46:59,920 - sim.ResponsiveLL_W20_Rep1.MetricsCollector - INFO - metrics:177 - Metrics @ T=91.00: Cells=2431, MaxR=50.41, Pheno={'G_SPECIALIST': 1945, 'L_SPECIALIST': 467, 'SWITCHING_GL': 19}
2025-05-27 18:47:00,119 - sim.ResponsiveLL_W20_Rep1.MetricsCollector - INFO - metrics:177 - Metrics @ T=92.00: Cells=2452, MaxR=50.41, Pheno={'G_SPECIALIST': 1945, 'L_SPECIALIST': 493, 'SWITCHING_GL': 14}
2025-05-27 18:47:00,304 - sim.ResponsiveLL_W20_Rep1.MetricsCollector - INFO - metrics:177 - Metrics @ T=93.00: Cells=2479, MaxR=50.41, Pheno={'G_SPECIALIST': 1945, 'L_SPECIALIST': 522, 'SWITCHING_GL': 12}
2025-05-27 18:47:00,484 - sim.ResponsiveLL_W20_Rep1.MetricsCollector - INFO - metrics:177 - Metrics @ T=94.00: Cells=2501, MaxR=50.76, Pheno={'G_SPECIALIST': 1945, 'L_SPECIALIST': 544, 'SWITCHING_GL': 12}
2025-05-27 18:47:00,676 - sim.ResponsiveLL_W20_Rep1.MetricsCollector - INFO - metrics:177 - Metrics @ T=95.00: Cells=2521, MaxR=50.76, Pheno={'G_SPECIALIST': 1945, 'L_SPECIALIST': 568, 'SWITCHING_GL': 8}
2025-05-27 18:47:00,846 - sim.ResponsiveLL_W20_Rep1.MetricsCollector - INFO - metrics:177 - Metrics @ T=96.00: Cells=2550, MaxR=50.76, Pheno={'G_SPECIALIST': 1945, 'L_SPECIALIST': 597, 'SWITCHING_GL': 8}
2025-05-27 18:47:01,018 - sim.ResponsiveLL_W20_Rep1.MetricsCollector - INFO - metrics:177 - Metrics @ T=97.00: Cells=2574, MaxR=52.16, Pheno={'G_SPECIALIST': 1945, 'L_SPECIALIST': 623, 'SWITCHING_GL': 6}
2025-05-27 18:47:01,201 - sim.ResponsiveLL_W20_Rep1.MetricsCollector - INFO - metrics:177 - Metrics @ T=98.00: Cells=2593, MaxR=52.16, Pheno={'G_SPECIALIST': 1945, 'L_SPECIALIST': 642, 'SWITCHING_GL': 6}
2025-05-27 18:47:01,389 - sim.ResponsiveLL_W20_Rep1.MetricsCollector - INFO - metrics:177 - Metrics @ T=99.00: Cells=2617, MaxR=52.16, Pheno={'G_SPECIALIST': 1945, 'L_SPECIALIST': 666, 'SWITCHING_GL': 6}
2025-05-27 18:47:01,536 - sim.ResponsiveLL_W20_Rep1 - INFO - simulation_engine:218 - Progress: T=100.00, Cells=2640
2025-05-27 18:47:01,564 - sim.ResponsiveLL_W20_Rep1.MetricsCollector - INFO - metrics:177 - Metrics @ T=100.00: Cells=2641, MaxR=52.16, Pheno={'G_SPECIALIST': 1945, 'L_SPECIALIST': 691, 'SWITCHING_GL': 5}
2025-05-27 18:47:01,742 - sim.ResponsiveLL_W20_Rep1.MetricsCollector - INFO - metrics:177 - Metrics @ T=101.00: Cells=2671, MaxR=52.85, Pheno={'G_SPECIALIST': 1945, 'L_SPECIALIST': 722, 'SWITCHING_GL': 4}
2025-05-27 18:47:01,918 - sim.ResponsiveLL_W20_Rep1.MetricsCollector - INFO - metrics:177 - Metrics @ T=102.00: Cells=2704, MaxR=53.86, Pheno={'G_SPECIALIST': 1945, 'L_SPECIALIST': 755, 'SWITCHING_GL': 4}
2025-05-27 18:47:02,101 - sim.ResponsiveLL_W20_Rep1.MetricsCollector - INFO - metrics:177 - Metrics @ T=103.00: Cells=2739, MaxR=53.86, Pheno={'G_SPECIALIST': 1945, 'L_SPECIALIST': 792, 'SWITCHING_GL': 2}
2025-05-27 18:47:02,314 - sim.ResponsiveLL_W20_Rep1.MetricsCollector - INFO - metrics:177 - Metrics @ T=104.00: Cells=2765, MaxR=53.86, Pheno={'G_SPECIALIST': 1945, 'L_SPECIALIST': 818, 'SWITCHING_GL': 2}
2025-05-27 18:47:02,553 - sim.ResponsiveLL_W20_Rep1.MetricsCollector - INFO - metrics:177 - Metrics @ T=105.00: Cells=2795, MaxR=54.08, Pheno={'G_SPECIALIST': 1945, 'L_SPECIALIST': 849, 'SWITCHING_GL': 1}
2025-05-27 18:47:02,762 - sim.ResponsiveLL_W20_Rep1.MetricsCollector - INFO - metrics:177 - Metrics @ T=106.00: Cells=2824, MaxR=54.08, Pheno={'G_SPECIALIST': 1945, 'L_SPECIALIST': 878, 'SWITCHING_GL': 1}
2025-05-27 18:47:02,949 - sim.ResponsiveLL_W20_Rep1.MetricsCollector - INFO - metrics:177 - Metrics @ T=107.00: Cells=2844, MaxR=54.08, Pheno={'G_SPECIALIST': 1945, 'L_SPECIALIST': 898, 'SWITCHING_GL': 1}
2025-05-27 18:47:03,141 - sim.ResponsiveLL_W20_Rep1.MetricsCollector - INFO - metrics:177 - Metrics @ T=108.00: Cells=2879, MaxR=54.08, Pheno={'G_SPECIALIST': 1945, 'L_SPECIALIST': 933, 'SWITCHING_GL': 1}
2025-05-27 18:47:03,358 - sim.ResponsiveLL_W20_Rep1.MetricsCollector - INFO - metrics:177 - Metrics @ T=109.00: Cells=2902, MaxR=54.08, Pheno={'G_SPECIALIST': 1945, 'L_SPECIALIST': 956, 'SWITCHING_GL': 1}
2025-05-27 18:47:03,518 - sim.ResponsiveLL_W20_Rep1 - INFO - simulation_engine:218 - Progress: T=110.00, Cells=2931
2025-05-27 18:47:03,551 - sim.ResponsiveLL_W20_Rep1.MetricsCollector - INFO - metrics:177 - Metrics @ T=110.00: Cells=2934, MaxR=55.02, Pheno={'G_SPECIALIST': 1945, 'L_SPECIALIST': 988, 'SWITCHING_GL': 1}
2025-05-27 18:47:03,750 - sim.ResponsiveLL_W20_Rep1.MetricsCollector - INFO - metrics:177 - Metrics @ T=111.00: Cells=2959, MaxR=55.02, Pheno={'G_SPECIALIST': 1945, 'L_SPECIALIST': 1013, 'SWITCHING_GL': 1}
2025-05-27 18:47:03,957 - sim.ResponsiveLL_W20_Rep1.MetricsCollector - INFO - metrics:177 - Metrics @ T=112.00: Cells=2982, MaxR=55.02, Pheno={'G_SPECIALIST': 1945, 'L_SPECIALIST': 1036, 'SWITCHING_GL': 1}
2025-05-27 18:47:04,195 - sim.ResponsiveLL_W20_Rep1.MetricsCollector - INFO - metrics:177 - Metrics @ T=113.00: Cells=3022, MaxR=55.75, Pheno={'G_SPECIALIST': 1945, 'L_SPECIALIST': 1077, 'SWITCHING_GL': 0}
2025-05-27 18:47:04,446 - sim.ResponsiveLL_W20_Rep1.MetricsCollector - INFO - metrics:177 - Metrics @ T=114.00: Cells=3055, MaxR=56.47, Pheno={'G_SPECIALIST': 1945, 'L_SPECIALIST': 1110, 'SWITCHING_GL': 0}
2025-05-27 18:47:04,655 - sim.ResponsiveLL_W20_Rep1.MetricsCollector - INFO - metrics:177 - Metrics @ T=115.00: Cells=3087, MaxR=56.47, Pheno={'G_SPECIALIST': 1945, 'L_SPECIALIST': 1142, 'SWITCHING_GL': 0}
2025-05-27 18:47:04,904 - sim.ResponsiveLL_W20_Rep1.MetricsCollector - INFO - metrics:177 - Metrics @ T=116.00: Cells=3118, MaxR=57.24, Pheno={'G_SPECIALIST': 1945, 'L_SPECIALIST': 1173, 'SWITCHING_GL': 0}
2025-05-27 18:47:05,179 - sim.ResponsiveLL_W20_Rep1.MetricsCollector - INFO - metrics:177 - Metrics @ T=117.00: Cells=3144, MaxR=57.24, Pheno={'G_SPECIALIST': 1945, 'L_SPECIALIST': 1199, 'SWITCHING_GL': 0}
2025-05-27 18:47:05,412 - sim.ResponsiveLL_W20_Rep1.MetricsCollector - INFO - metrics:177 - Metrics @ T=118.00: Cells=3180, MaxR=58.51, Pheno={'G_SPECIALIST': 1945, 'L_SPECIALIST': 1235, 'SWITCHING_GL': 0}
2025-05-27 18:47:05,649 - sim.ResponsiveLL_W20_Rep1.MetricsCollector - INFO - metrics:177 - Metrics @ T=119.00: Cells=3209, MaxR=58.51, Pheno={'G_SPECIALIST': 1945, 'L_SPECIALIST': 1264, 'SWITCHING_GL': 0}
2025-05-27 18:47:05,827 - sim.ResponsiveLL_W20_Rep1 - INFO - simulation_engine:218 - Progress: T=120.00, Cells=3234
2025-05-27 18:47:05,863 - sim.ResponsiveLL_W20_Rep1.MetricsCollector - INFO - metrics:177 - Metrics @ T=120.00: Cells=3237, MaxR=58.51, Pheno={'G_SPECIALIST': 1945, 'L_SPECIALIST': 1292, 'SWITCHING_GL': 0}
2025-05-27 18:47:06,082 - sim.ResponsiveLL_W20_Rep1.MetricsCollector - INFO - metrics:177 - Metrics @ T=121.00: Cells=3263, MaxR=58.51, Pheno={'G_SPECIALIST': 1945, 'L_SPECIALIST': 1318, 'SWITCHING_GL': 0}
2025-05-27 18:47:06,305 - sim.ResponsiveLL_W20_Rep1.MetricsCollector - INFO - metrics:177 - Metrics @ T=122.00: Cells=3293, MaxR=58.51, Pheno={'G_SPECIALIST': 1945, 'L_SPECIALIST': 1348, 'SWITCHING_GL': 0}
2025-05-27 18:47:06,531 - sim.ResponsiveLL_W20_Rep1.MetricsCollector - INFO - metrics:177 - Metrics @ T=123.00: Cells=3333, MaxR=58.51, Pheno={'G_SPECIALIST': 1945, 'L_SPECIALIST': 1388, 'SWITCHING_GL': 0}
2025-05-27 18:47:06,770 - sim.ResponsiveLL_W20_Rep1.MetricsCollector - INFO - metrics:177 - Metrics @ T=124.00: Cells=3363, MaxR=58.51, Pheno={'G_SPECIALIST': 1945, 'L_SPECIALIST': 1418, 'SWITCHING_GL': 0}
2025-05-27 18:47:07,011 - sim.ResponsiveLL_W20_Rep1.MetricsCollector - INFO - metrics:177 - Metrics @ T=125.00: Cells=3405, MaxR=58.51, Pheno={'G_SPECIALIST': 1945, 'L_SPECIALIST': 1460, 'SWITCHING_GL': 0}
2025-05-27 18:47:07,300 - sim.ResponsiveLL_W20_Rep1.MetricsCollector - INFO - metrics:177 - Metrics @ T=126.00: Cells=3432, MaxR=58.51, Pheno={'G_SPECIALIST': 1945, 'L_SPECIALIST': 1487, 'SWITCHING_GL': 0}
2025-05-27 18:47:07,539 - sim.ResponsiveLL_W20_Rep1.MetricsCollector - INFO - metrics:177 - Metrics @ T=127.00: Cells=3470, MaxR=59.19, Pheno={'G_SPECIALIST': 1945, 'L_SPECIALIST': 1525, 'SWITCHING_GL': 0}
2025-05-27 18:47:07,768 - sim.ResponsiveLL_W20_Rep1.MetricsCollector - INFO - metrics:177 - Metrics @ T=128.00: Cells=3509, MaxR=59.19, Pheno={'G_SPECIALIST': 1945, 'L_SPECIALIST': 1564, 'SWITCHING_GL': 0}
2025-05-27 18:47:08,002 - sim.ResponsiveLL_W20_Rep1.MetricsCollector - INFO - metrics:177 - Metrics @ T=129.00: Cells=3534, MaxR=59.19, Pheno={'G_SPECIALIST': 1945, 'L_SPECIALIST': 1589, 'SWITCHING_GL': 0}
2025-05-27 18:47:08,199 - sim.ResponsiveLL_W20_Rep1 - INFO - simulation_engine:218 - Progress: T=130.00, Cells=3566
2025-05-27 18:47:08,241 - sim.ResponsiveLL_W20_Rep1.MetricsCollector - INFO - metrics:177 - Metrics @ T=130.00: Cells=3567, MaxR=59.92, Pheno={'G_SPECIALIST': 1945, 'L_SPECIALIST': 1622, 'SWITCHING_GL': 0}
2025-05-27 18:47:08,490 - sim.ResponsiveLL_W20_Rep1.MetricsCollector - INFO - metrics:177 - Metrics @ T=131.00: Cells=3602, MaxR=61.58, Pheno={'G_SPECIALIST': 1945, 'L_SPECIALIST': 1657, 'SWITCHING_GL': 0}
2025-05-27 18:47:08,742 - sim.ResponsiveLL_W20_Rep1.MetricsCollector - INFO - metrics:177 - Metrics @ T=132.00: Cells=3638, MaxR=62.52, Pheno={'G_SPECIALIST': 1945, 'L_SPECIALIST': 1693, 'SWITCHING_GL': 0}
2025-05-27 18:47:08,985 - sim.ResponsiveLL_W20_Rep1.MetricsCollector - INFO - metrics:177 - Metrics @ T=133.00: Cells=3680, MaxR=62.52, Pheno={'G_SPECIALIST': 1945, 'L_SPECIALIST': 1735, 'SWITCHING_GL': 0}
2025-05-27 18:47:09,236 - sim.ResponsiveLL_W20_Rep1.MetricsCollector - INFO - metrics:177 - Metrics @ T=134.00: Cells=3723, MaxR=62.52, Pheno={'G_SPECIALIST': 1945, 'L_SPECIALIST': 1778, 'SWITCHING_GL': 0}
2025-05-27 18:47:09,507 - sim.ResponsiveLL_W20_Rep1.MetricsCollector - INFO - metrics:177 - Metrics @ T=135.00: Cells=3757, MaxR=62.86, Pheno={'G_SPECIALIST': 1945, 'L_SPECIALIST': 1812, 'SWITCHING_GL': 0}
2025-05-27 18:47:09,795 - sim.ResponsiveLL_W20_Rep1.MetricsCollector - INFO - metrics:177 - Metrics @ T=136.00: Cells=3795, MaxR=62.86, Pheno={'G_SPECIALIST': 1945, 'L_SPECIALIST': 1850, 'SWITCHING_GL': 0}
2025-05-27 18:47:10,053 - sim.ResponsiveLL_W20_Rep1.MetricsCollector - INFO - metrics:177 - Metrics @ T=137.00: Cells=3827, MaxR=63.10, Pheno={'G_SPECIALIST': 1945, 'L_SPECIALIST': 1882, 'SWITCHING_GL': 0}
2025-05-27 18:47:10,308 - sim.ResponsiveLL_W20_Rep1.MetricsCollector - INFO - metrics:177 - Metrics @ T=138.00: Cells=3856, MaxR=63.10, Pheno={'G_SPECIALIST': 1945, 'L_SPECIALIST': 1911, 'SWITCHING_GL': 0}
2025-05-27 18:47:10,587 - sim.ResponsiveLL_W20_Rep1.MetricsCollector - INFO - metrics:177 - Metrics @ T=139.00: Cells=3898, MaxR=63.10, Pheno={'G_SPECIALIST': 1945, 'L_SPECIALIST': 1953, 'SWITCHING_GL': 0}
2025-05-27 18:47:10,834 - sim.ResponsiveLL_W20_Rep1 - INFO - simulation_engine:218 - Progress: T=140.00, Cells=3936
2025-05-27 18:47:10,879 - sim.ResponsiveLL_W20_Rep1.MetricsCollector - INFO - metrics:177 - Metrics @ T=140.00: Cells=3938, MaxR=64.51, Pheno={'G_SPECIALIST': 1945, 'L_SPECIALIST': 1993, 'SWITCHING_GL': 0}
2025-05-27 18:47:11,258 - sim.ResponsiveLL_W20_Rep1.MetricsCollector - INFO - metrics:177 - Metrics @ T=141.00: Cells=3964, MaxR=64.51, Pheno={'G_SPECIALIST': 1945, 'L_SPECIALIST': 2019, 'SWITCHING_GL': 0}
2025-05-27 18:47:11,574 - sim.ResponsiveLL_W20_Rep1.MetricsCollector - INFO - metrics:177 - Metrics @ T=142.00: Cells=4000, MaxR=64.51, Pheno={'G_SPECIALIST': 1945, 'L_SPECIALIST': 2055, 'SWITCHING_GL': 0}
2025-05-27 18:47:11,855 - sim.ResponsiveLL_W20_Rep1.MetricsCollector - INFO - metrics:177 - Metrics @ T=143.00: Cells=4031, MaxR=65.80, Pheno={'G_SPECIALIST': 1945, 'L_SPECIALIST': 2086, 'SWITCHING_GL': 0}
2025-05-27 18:47:12,146 - sim.ResponsiveLL_W20_Rep1.MetricsCollector - INFO - metrics:177 - Metrics @ T=144.00: Cells=4068, MaxR=65.80, Pheno={'G_SPECIALIST': 1945, 'L_SPECIALIST': 2123, 'SWITCHING_GL': 0}
2025-05-27 18:47:12,482 - sim.ResponsiveLL_W20_Rep1.MetricsCollector - INFO - metrics:177 - Metrics @ T=145.00: Cells=4104, MaxR=65.80, Pheno={'G_SPECIALIST': 1945, 'L_SPECIALIST': 2159, 'SWITCHING_GL': 0}
2025-05-27 18:47:12,775 - sim.ResponsiveLL_W20_Rep1.MetricsCollector - INFO - metrics:177 - Metrics @ T=146.00: Cells=4148, MaxR=67.44, Pheno={'G_SPECIALIST': 1945, 'L_SPECIALIST': 2203, 'SWITCHING_GL': 0}
2025-05-27 18:47:13,042 - sim.ResponsiveLL_W20_Rep1.MetricsCollector - INFO - metrics:177 - Metrics @ T=147.00: Cells=4185, MaxR=67.44, Pheno={'G_SPECIALIST': 1945, 'L_SPECIALIST': 2240, 'SWITCHING_GL': 0}
2025-05-27 18:47:13,317 - sim.ResponsiveLL_W20_Rep1.MetricsCollector - INFO - metrics:177 - Metrics @ T=148.00: Cells=4220, MaxR=67.44, Pheno={'G_SPECIALIST': 1945, 'L_SPECIALIST': 2275, 'SWITCHING_GL': 0}
2025-05-27 18:47:13,644 - sim.ResponsiveLL_W20_Rep1.MetricsCollector - INFO - metrics:177 - Metrics @ T=149.00: Cells=4261, MaxR=67.44, Pheno={'G_SPECIALIST': 1945, 'L_SPECIALIST': 2316, 'SWITCHING_GL': 0}
2025-05-27 18:47:13,969 - sim.ResponsiveLL_W20_Rep1 - INFO - simulation_engine:218 - Progress: T=150.00, Cells=4293
2025-05-27 18:47:14,021 - sim.ResponsiveLL_W20_Rep1.MetricsCollector - INFO - metrics:177 - Metrics @ T=150.00: Cells=4295, MaxR=67.44, Pheno={'G_SPECIALIST': 1945, 'L_SPECIALIST': 2350, 'SWITCHING_GL': 0}
2025-05-27 18:47:14,375 - sim.ResponsiveLL_W20_Rep1.MetricsCollector - INFO - metrics:177 - Metrics @ T=151.00: Cells=4330, MaxR=67.44, Pheno={'G_SPECIALIST': 1945, 'L_SPECIALIST': 2385, 'SWITCHING_GL': 0}
2025-05-27 18:47:14,722 - sim.ResponsiveLL_W20_Rep1.MetricsCollector - INFO - metrics:177 - Metrics @ T=152.00: Cells=4367, MaxR=67.44, Pheno={'G_SPECIALIST': 1945, 'L_SPECIALIST': 2422, 'SWITCHING_GL': 0}
2025-05-27 18:47:15,027 - sim.ResponsiveLL_W20_Rep1.MetricsCollector - INFO - metrics:177 - Metrics @ T=153.00: Cells=4407, MaxR=67.44, Pheno={'G_SPECIALIST': 1945, 'L_SPECIALIST': 2462, 'SWITCHING_GL': 0}
2025-05-27 18:47:15,339 - sim.ResponsiveLL_W20_Rep1.MetricsCollector - INFO - metrics:177 - Metrics @ T=154.00: Cells=4442, MaxR=67.44, Pheno={'G_SPECIALIST': 1945, 'L_SPECIALIST': 2497, 'SWITCHING_GL': 0}
2025-05-27 18:47:15,634 - sim.ResponsiveLL_W20_Rep1.MetricsCollector - INFO - metrics:177 - Metrics @ T=155.00: Cells=4473, MaxR=67.44, Pheno={'G_SPECIALIST': 1945, 'L_SPECIALIST': 2528, 'SWITCHING_GL': 0}
2025-05-27 18:47:15,929 - sim.ResponsiveLL_W20_Rep1.MetricsCollector - INFO - metrics:177 - Metrics @ T=156.00: Cells=4508, MaxR=67.44, Pheno={'G_SPECIALIST': 1945, 'L_SPECIALIST': 2563, 'SWITCHING_GL': 0}
2025-05-27 18:47:16,215 - sim.ResponsiveLL_W20_Rep1.MetricsCollector - INFO - metrics:177 - Metrics @ T=157.00: Cells=4537, MaxR=67.44, Pheno={'G_SPECIALIST': 1945, 'L_SPECIALIST': 2592, 'SWITCHING_GL': 0}
2025-05-27 18:47:16,533 - sim.ResponsiveLL_W20_Rep1.MetricsCollector - INFO - metrics:177 - Metrics @ T=158.00: Cells=4579, MaxR=67.44, Pheno={'G_SPECIALIST': 1945, 'L_SPECIALIST': 2634, 'SWITCHING_GL': 0}
2025-05-27 18:47:16,824 - sim.ResponsiveLL_W20_Rep1.MetricsCollector - INFO - metrics:177 - Metrics @ T=159.00: Cells=4608, MaxR=67.62, Pheno={'G_SPECIALIST': 1945, 'L_SPECIALIST': 2663, 'SWITCHING_GL': 0}
2025-05-27 18:47:17,099 - sim.ResponsiveLL_W20_Rep1 - INFO - simulation_engine:218 - Progress: T=160.00, Cells=4641
2025-05-27 18:47:17,146 - sim.ResponsiveLL_W20_Rep1.MetricsCollector - INFO - metrics:177 - Metrics @ T=160.00: Cells=4647, MaxR=69.20, Pheno={'G_SPECIALIST': 1945, 'L_SPECIALIST': 2702, 'SWITCHING_GL': 0}
2025-05-27 18:47:17,439 - sim.ResponsiveLL_W20_Rep1.MetricsCollector - INFO - metrics:177 - Metrics @ T=161.00: Cells=4681, MaxR=69.20, Pheno={'G_SPECIALIST': 1945, 'L_SPECIALIST': 2736, 'SWITCHING_GL': 0}
2025-05-27 18:47:17,737 - sim.ResponsiveLL_W20_Rep1.MetricsCollector - INFO - metrics:177 - Metrics @ T=162.00: Cells=4712, MaxR=69.20, Pheno={'G_SPECIALIST': 1945, 'L_SPECIALIST': 2767, 'SWITCHING_GL': 0}
2025-05-27 18:47:18,035 - sim.ResponsiveLL_W20_Rep1.MetricsCollector - INFO - metrics:177 - Metrics @ T=163.00: Cells=4743, MaxR=69.20, Pheno={'G_SPECIALIST': 1945, 'L_SPECIALIST': 2798, 'SWITCHING_GL': 0}
2025-05-27 18:47:18,332 - sim.ResponsiveLL_W20_Rep1.MetricsCollector - INFO - metrics:177 - Metrics @ T=164.00: Cells=4778, MaxR=69.20, Pheno={'G_SPECIALIST': 1945, 'L_SPECIALIST': 2833, 'SWITCHING_GL': 0}
2025-05-27 18:47:18,639 - sim.ResponsiveLL_W20_Rep1.MetricsCollector - INFO - metrics:177 - Metrics @ T=165.00: Cells=4809, MaxR=69.35, Pheno={'G_SPECIALIST': 1945, 'L_SPECIALIST': 2864, 'SWITCHING_GL': 0}
2025-05-27 18:47:18,947 - sim.ResponsiveLL_W20_Rep1.MetricsCollector - INFO - metrics:177 - Metrics @ T=166.00: Cells=4852, MaxR=70.38, Pheno={'G_SPECIALIST': 1945, 'L_SPECIALIST': 2907, 'SWITCHING_GL': 0}
2025-05-27 18:47:19,250 - sim.ResponsiveLL_W20_Rep1.MetricsCollector - INFO - metrics:177 - Metrics @ T=167.00: Cells=4885, MaxR=70.38, Pheno={'G_SPECIALIST': 1945, 'L_SPECIALIST': 2940, 'SWITCHING_GL': 0}
2025-05-27 18:47:19,559 - sim.ResponsiveLL_W20_Rep1.MetricsCollector - INFO - metrics:177 - Metrics @ T=168.00: Cells=4927, MaxR=70.38, Pheno={'G_SPECIALIST': 1945, 'L_SPECIALIST': 2982, 'SWITCHING_GL': 0}
2025-05-27 18:47:19,868 - sim.ResponsiveLL_W20_Rep1.MetricsCollector - INFO - metrics:177 - Metrics @ T=169.00: Cells=4958, MaxR=72.02, Pheno={'G_SPECIALIST': 1945, 'L_SPECIALIST': 3013, 'SWITCHING_GL': 0}
2025-05-27 18:47:20,131 - sim.ResponsiveLL_W20_Rep1 - INFO - simulation_engine:218 - Progress: T=170.00, Cells=4999
2025-05-27 18:47:20,183 - sim.ResponsiveLL_W20_Rep1.MetricsCollector - INFO - metrics:177 - Metrics @ T=170.00: Cells=5002, MaxR=72.02, Pheno={'G_SPECIALIST': 1945, 'L_SPECIALIST': 3057, 'SWITCHING_GL': 0}
2025-05-27 18:47:20,495 - sim.ResponsiveLL_W20_Rep1.MetricsCollector - INFO - metrics:177 - Metrics @ T=171.00: Cells=5044, MaxR=72.02, Pheno={'G_SPECIALIST': 1945, 'L_SPECIALIST': 3099, 'SWITCHING_GL': 0}
2025-05-27 18:47:20,830 - sim.ResponsiveLL_W20_Rep1.MetricsCollector - INFO - metrics:177 - Metrics @ T=172.00: Cells=5088, MaxR=73.67, Pheno={'G_SPECIALIST': 1945, 'L_SPECIALIST': 3143, 'SWITCHING_GL': 0}
2025-05-27 18:47:21,170 - sim.ResponsiveLL_W20_Rep1.MetricsCollector - INFO - metrics:177 - Metrics @ T=173.00: Cells=5130, MaxR=73.67, Pheno={'G_SPECIALIST': 1945, 'L_SPECIALIST': 3185, 'SWITCHING_GL': 0}
2025-05-27 18:47:21,498 - sim.ResponsiveLL_W20_Rep1.MetricsCollector - INFO - metrics:177 - Metrics @ T=174.00: Cells=5153, MaxR=73.67, Pheno={'G_SPECIALIST': 1945, 'L_SPECIALIST': 3208, 'SWITCHING_GL': 0}
2025-05-27 18:47:21,822 - sim.ResponsiveLL_W20_Rep1.MetricsCollector - INFO - metrics:177 - Metrics @ T=175.00: Cells=5192, MaxR=73.67, Pheno={'G_SPECIALIST': 1945, 'L_SPECIALIST': 3247, 'SWITCHING_GL': 0}
2025-05-27 18:47:22,162 - sim.ResponsiveLL_W20_Rep1.MetricsCollector - INFO - metrics:177 - Metrics @ T=176.00: Cells=5232, MaxR=73.67, Pheno={'G_SPECIALIST': 1945, 'L_SPECIALIST': 3287, 'SWITCHING_GL': 0}
2025-05-27 18:47:22,523 - sim.ResponsiveLL_W20_Rep1.MetricsCollector - INFO - metrics:177 - Metrics @ T=177.00: Cells=5268, MaxR=73.67, Pheno={'G_SPECIALIST': 1945, 'L_SPECIALIST': 3323, 'SWITCHING_GL': 0}
2025-05-27 18:47:22,856 - sim.ResponsiveLL_W20_Rep1.MetricsCollector - INFO - metrics:177 - Metrics @ T=178.00: Cells=5298, MaxR=75.32, Pheno={'G_SPECIALIST': 1945, 'L_SPECIALIST': 3353, 'SWITCHING_GL': 0}
2025-05-27 18:47:23,204 - sim.ResponsiveLL_W20_Rep1.MetricsCollector - INFO - metrics:177 - Metrics @ T=179.00: Cells=5344, MaxR=75.32, Pheno={'G_SPECIALIST': 1945, 'L_SPECIALIST': 3399, 'SWITCHING_GL': 0}
2025-05-27 18:47:23,490 - sim.ResponsiveLL_W20_Rep1 - INFO - simulation_engine:218 - Progress: T=180.00, Cells=5367
2025-05-27 18:47:23,544 - sim.ResponsiveLL_W20_Rep1.MetricsCollector - INFO - metrics:177 - Metrics @ T=180.00: Cells=5371, MaxR=75.32, Pheno={'G_SPECIALIST': 1945, 'L_SPECIALIST': 3426, 'SWITCHING_GL': 0}
2025-05-27 18:47:23,885 - sim.ResponsiveLL_W20_Rep1.MetricsCollector - INFO - metrics:177 - Metrics @ T=181.00: Cells=5410, MaxR=75.32, Pheno={'G_SPECIALIST': 1945, 'L_SPECIALIST': 3465, 'SWITCHING_GL': 0}
2025-05-27 18:47:24,227 - sim.ResponsiveLL_W20_Rep1.MetricsCollector - INFO - metrics:177 - Metrics @ T=182.00: Cells=5451, MaxR=75.72, Pheno={'G_SPECIALIST': 1945, 'L_SPECIALIST': 3506, 'SWITCHING_GL': 0}
2025-05-27 18:47:24,574 - sim.ResponsiveLL_W20_Rep1.MetricsCollector - INFO - metrics:177 - Metrics @ T=183.00: Cells=5497, MaxR=75.97, Pheno={'G_SPECIALIST': 1945, 'L_SPECIALIST': 3552, 'SWITCHING_GL': 0}
2025-05-27 18:47:24,918 - sim.ResponsiveLL_W20_Rep1.MetricsCollector - INFO - metrics:177 - Metrics @ T=184.00: Cells=5542, MaxR=75.97, Pheno={'G_SPECIALIST': 1945, 'L_SPECIALIST': 3597, 'SWITCHING_GL': 0}
2025-05-27 18:47:25,265 - sim.ResponsiveLL_W20_Rep1.MetricsCollector - INFO - metrics:177 - Metrics @ T=185.00: Cells=5567, MaxR=75.97, Pheno={'G_SPECIALIST': 1945, 'L_SPECIALIST': 3622, 'SWITCHING_GL': 0}
2025-05-27 18:47:25,617 - sim.ResponsiveLL_W20_Rep1.MetricsCollector - INFO - metrics:177 - Metrics @ T=186.00: Cells=5609, MaxR=75.97, Pheno={'G_SPECIALIST': 1945, 'L_SPECIALIST': 3664, 'SWITCHING_GL': 0}
2025-05-27 18:47:25,968 - sim.ResponsiveLL_W20_Rep1.MetricsCollector - INFO - metrics:177 - Metrics @ T=187.00: Cells=5640, MaxR=75.97, Pheno={'G_SPECIALIST': 1945, 'L_SPECIALIST': 3695, 'SWITCHING_GL': 0}
2025-05-27 18:47:26,322 - sim.ResponsiveLL_W20_Rep1.MetricsCollector - INFO - metrics:177 - Metrics @ T=188.00: Cells=5677, MaxR=77.60, Pheno={'G_SPECIALIST': 1945, 'L_SPECIALIST': 3732, 'SWITCHING_GL': 0}
2025-05-27 18:47:26,677 - sim.ResponsiveLL_W20_Rep1.MetricsCollector - INFO - metrics:177 - Metrics @ T=189.00: Cells=5710, MaxR=77.60, Pheno={'G_SPECIALIST': 1945, 'L_SPECIALIST': 3765, 'SWITCHING_GL': 0}
2025-05-27 18:47:26,977 - sim.ResponsiveLL_W20_Rep1 - INFO - simulation_engine:218 - Progress: T=190.00, Cells=5750
2025-05-27 18:47:27,036 - sim.ResponsiveLL_W20_Rep1.MetricsCollector - INFO - metrics:177 - Metrics @ T=190.00: Cells=5754, MaxR=77.60, Pheno={'G_SPECIALIST': 1945, 'L_SPECIALIST': 3809, 'SWITCHING_GL': 0}
2025-05-27 18:47:27,400 - sim.ResponsiveLL_W20_Rep1.MetricsCollector - INFO - metrics:177 - Metrics @ T=191.00: Cells=5798, MaxR=77.60, Pheno={'G_SPECIALIST': 1945, 'L_SPECIALIST': 3853, 'SWITCHING_GL': 0}
2025-05-27 18:47:27,764 - sim.ResponsiveLL_W20_Rep1.MetricsCollector - INFO - metrics:177 - Metrics @ T=192.00: Cells=5842, MaxR=77.60, Pheno={'G_SPECIALIST': 1945, 'L_SPECIALIST': 3897, 'SWITCHING_GL': 0}
2025-05-27 18:47:28,129 - sim.ResponsiveLL_W20_Rep1.MetricsCollector - INFO - metrics:177 - Metrics @ T=193.00: Cells=5881, MaxR=78.31, Pheno={'G_SPECIALIST': 1945, 'L_SPECIALIST': 3936, 'SWITCHING_GL': 0}
2025-05-27 18:47:28,500 - sim.ResponsiveLL_W20_Rep1.MetricsCollector - INFO - metrics:177 - Metrics @ T=194.00: Cells=5921, MaxR=79.22, Pheno={'G_SPECIALIST': 1945, 'L_SPECIALIST': 3976, 'SWITCHING_GL': 0}
2025-05-27 18:47:28,873 - sim.ResponsiveLL_W20_Rep1.MetricsCollector - INFO - metrics:177 - Metrics @ T=195.00: Cells=5963, MaxR=79.22, Pheno={'G_SPECIALIST': 1945, 'L_SPECIALIST': 4018, 'SWITCHING_GL': 0}
2025-05-27 18:47:29,248 - sim.ResponsiveLL_W20_Rep1.MetricsCollector - INFO - metrics:177 - Metrics @ T=196.00: Cells=6005, MaxR=79.22, Pheno={'G_SPECIALIST': 1945, 'L_SPECIALIST': 4060, 'SWITCHING_GL': 0}
2025-05-27 18:47:29,623 - sim.ResponsiveLL_W20_Rep1.MetricsCollector - INFO - metrics:177 - Metrics @ T=197.00: Cells=6039, MaxR=79.22, Pheno={'G_SPECIALIST': 1945, 'L_SPECIALIST': 4094, 'SWITCHING_GL': 0}
2025-05-27 18:47:30,004 - sim.ResponsiveLL_W20_Rep1.MetricsCollector - INFO - metrics:177 - Metrics @ T=198.00: Cells=6079, MaxR=79.22, Pheno={'G_SPECIALIST': 1945, 'L_SPECIALIST': 4134, 'SWITCHING_GL': 0}
2025-05-27 18:47:30,384 - sim.ResponsiveLL_W20_Rep1.MetricsCollector - INFO - metrics:177 - Metrics @ T=199.00: Cells=6122, MaxR=79.22, Pheno={'G_SPECIALIST': 1945, 'L_SPECIALIST': 4177, 'SWITCHING_GL': 0}
2025-05-27 18:47:30,706 - sim.ResponsiveLL_W20_Rep1 - INFO - simulation_engine:218 - Progress: T=200.00, Cells=6155
2025-05-27 18:47:30,769 - sim.ResponsiveLL_W20_Rep1.MetricsCollector - INFO - metrics:177 - Metrics @ T=200.00: Cells=6159, MaxR=79.22, Pheno={'G_SPECIALIST': 1945, 'L_SPECIALIST': 4214, 'SWITCHING_GL': 0}
2025-05-27 18:47:30,806 - sim.ResponsiveLL_W20_Rep1 - INFO - simulation_engine:238 - Sim run finished: ResponsiveLL_W20_Rep1. Wall-clock: 37.635s.
2025-05-27 18:47:30,806 - sim.ResponsiveLL_W20_Rep1 - INFO - simulation_engine:241 - Final state: SimTime=200.10, Steps=2001, Cells=6163.
2025-05-27 18:47:30,806 - sim.ResponsiveLL_W20_Rep1.MetricsCollector - INFO - metrics:300 - Finalizing data collection and exporting results...
2025-05-27 18:47:30,806 - sim.ResponsiveLL_W20_Rep1.MetricsCollector - INFO - metrics:312 - --- Simulation Summary (Log) ---
time: 199.99999999999292
total_cell_count: 6159
phenotype_counts: {'G_SPECIALIST': 1945, 'L_SPECIALIST': 4214, 'SWITCHING_GL': 0}
avg_radial_distance: 47.7191789234181
max_radial_distance: 79.22120928135344
min_radial_distance: 0.0
std_dev_radial_distance: 17.02312921560762
median_radial_distance: 50.46781152378216
frontier_lag_G_to_L: (details in files)
frontier_traits: (details in files)
overall_radial_expansion_velocity: 0.3874457923689365
config_exp_name: ResponsiveLL_W20_Rep1

2025-05-27 18:47:30,831 - sim.ResponsiveLL_W20_Rep1.MetricsCollector - INFO - metrics:242 - Time series data exported to results\ResponsiveLL_W20_Rep1\time_series_data.csv
2025-05-27 18:47:30,832 - sim.ResponsiveLL_W20_Rep1.MetricsCollector - INFO - metrics:267 - Summary data exported to results\ResponsiveLL_W20_Rep1\summary.json
2025-05-27 18:47:30,833 - sim.ResponsiveLL_W20_Rep1.MetricsCollector - INFO - metrics:275 - No kymograph data to export.
2025-05-27 18:47:30,833 - sim.ResponsiveLL_W20_Rep1.MetricsCollector - INFO - metrics:316 - All data export finalized for ResponsiveLL_W20_Rep1.
2025-05-27 18:47:30,833 - sim.ResponsiveLL_W20_Rep1 - INFO - simulation_engine:276 - Simulation fully complete.
