2025-05-27 18:41:03,178 - sim.ResponsiveLL_W10_Rep1 - INFO - simulation_engine:37 - Initializing SimulationEngine for experiment: ResponsiveLL_W10_Rep1
2025-05-27 18:41:03,178 - sim.ResponsiveLL_W10_Rep1 - INFO - simulation_engine:70 - Visualization disabled.
2025-05-27 18:41:03,178 - sim.ResponsiveLL_W10_Rep1 - INFO - simulation_engine:202 - Starting simulation: ResponsiveLL_W10_Rep1
2025-05-27 18:41:03,178 - sim.ResponsiveLL_W10_Rep1 - INFO - simulation_engine:204 - Colony initialized: 5 cells.
2025-05-27 18:41:03,180 - sim.ResponsiveLL_W10_Rep1.MetricsCollector - INFO - metrics:177 - Metrics @ T=0.00: Cells=5, MaxR=1.73, Pheno={'G_SPECIALIST': 5, 'L_SPECIALIST': 0, 'SWITCHING_GL': 0}
2025-05-27 18:41:03,181 - sim.ResponsiveLL_W10_Rep1.MetricsCollector - INFO - metrics:177 - Metrics @ T=1.00: Cells=8, MaxR=3.46, Pheno={'G_SPECIALIST': 8, 'L_SPECIALIST': 0, 'SWITCHING_GL': 0}
2025-05-27 18:41:03,189 - sim.ResponsiveLL_W10_Rep1.MetricsCollector - INFO - metrics:177 - Metrics @ T=2.00: Cells=11, MaxR=4.58, Pheno={'G_SPECIALIST': 11, 'L_SPECIALIST': 0, 'SWITCHING_GL': 0}
2025-05-27 18:41:03,192 - sim.ResponsiveLL_W10_Rep1.MetricsCollector - INFO - metrics:177 - Metrics @ T=3.00: Cells=18, MaxR=6.93, Pheno={'G_SPECIALIST': 18, 'L_SPECIALIST': 0, 'SWITCHING_GL': 0}
2025-05-27 18:41:03,193 - sim.ResponsiveLL_W10_Rep1.MetricsCollector - INFO - metrics:177 - Metrics @ T=4.00: Cells=25, MaxR=6.93, Pheno={'G_SPECIALIST': 25, 'L_SPECIALIST': 0, 'SWITCHING_GL': 0}
2025-05-27 18:41:03,197 - sim.ResponsiveLL_W10_Rep1.MetricsCollector - INFO - metrics:177 - Metrics @ T=5.00: Cells=30, MaxR=7.55, Pheno={'G_SPECIALIST': 30, 'L_SPECIALIST': 0, 'SWITCHING_GL': 0}
2025-05-27 18:41:03,200 - sim.ResponsiveLL_W10_Rep1.MetricsCollector - INFO - metrics:177 - Metrics @ T=6.00: Cells=39, MaxR=7.94, Pheno={'G_SPECIALIST': 39, 'L_SPECIALIST': 0, 'SWITCHING_GL': 0}
2025-05-27 18:41:03,204 - sim.ResponsiveLL_W10_Rep1.MetricsCollector - INFO - metrics:177 - Metrics @ T=7.00: Cells=46, MaxR=8.66, Pheno={'G_SPECIALIST': 46, 'L_SPECIALIST': 0, 'SWITCHING_GL': 0}
2025-05-27 18:41:03,207 - sim.ResponsiveLL_W10_Rep1.MetricsCollector - INFO - metrics:177 - Metrics @ T=8.00: Cells=52, MaxR=9.17, Pheno={'G_SPECIALIST': 52, 'L_SPECIALIST': 0, 'SWITCHING_GL': 0}
2025-05-27 18:41:03,212 - sim.ResponsiveLL_W10_Rep1.MetricsCollector - INFO - metrics:177 - Metrics @ T=9.00: Cells=55, MaxR=10.39, Pheno={'G_SPECIALIST': 55, 'L_SPECIALIST': 0, 'SWITCHING_GL': 0}
2025-05-27 18:41:03,215 - sim.ResponsiveLL_W10_Rep1 - INFO - simulation_engine:218 - Progress: T=10.00, Cells=66
2025-05-27 18:41:03,216 - sim.ResponsiveLL_W10_Rep1.MetricsCollector - INFO - metrics:177 - Metrics @ T=10.00: Cells=66, MaxR=10.39, Pheno={'G_SPECIALIST': 66, 'L_SPECIALIST': 0, 'SWITCHING_GL': 0}
2025-05-27 18:41:03,221 - sim.ResponsiveLL_W10_Rep1.MetricsCollector - INFO - metrics:177 - Metrics @ T=11.00: Cells=79, MaxR=12.12, Pheno={'G_SPECIALIST': 79, 'L_SPECIALIST': 0, 'SWITCHING_GL': 0}
2025-05-27 18:41:03,228 - sim.ResponsiveLL_W10_Rep1.MetricsCollector - INFO - metrics:177 - Metrics @ T=12.00: Cells=96, MaxR=12.12, Pheno={'G_SPECIALIST': 96, 'L_SPECIALIST': 0, 'SWITCHING_GL': 0}
2025-05-27 18:41:03,235 - sim.ResponsiveLL_W10_Rep1.MetricsCollector - INFO - metrics:177 - Metrics @ T=13.00: Cells=108, MaxR=13.08, Pheno={'G_SPECIALIST': 108, 'L_SPECIALIST': 0, 'SWITCHING_GL': 0}
2025-05-27 18:41:03,242 - sim.ResponsiveLL_W10_Rep1.MetricsCollector - INFO - metrics:177 - Metrics @ T=14.00: Cells=121, MaxR=14.18, Pheno={'G_SPECIALIST': 121, 'L_SPECIALIST': 0, 'SWITCHING_GL': 0}
2025-05-27 18:41:03,252 - sim.ResponsiveLL_W10_Rep1.MetricsCollector - INFO - metrics:177 - Metrics @ T=15.00: Cells=137, MaxR=17.58, Pheno={'G_SPECIALIST': 137, 'L_SPECIALIST': 0, 'SWITCHING_GL': 0}
2025-05-27 18:41:03,262 - sim.ResponsiveLL_W10_Rep1.MetricsCollector - INFO - metrics:177 - Metrics @ T=16.00: Cells=150, MaxR=17.58, Pheno={'G_SPECIALIST': 150, 'L_SPECIALIST': 0, 'SWITCHING_GL': 0}
2025-05-27 18:41:03,274 - sim.ResponsiveLL_W10_Rep1.MetricsCollector - INFO - metrics:177 - Metrics @ T=17.00: Cells=167, MaxR=17.58, Pheno={'G_SPECIALIST': 167, 'L_SPECIALIST': 0, 'SWITCHING_GL': 0}
2025-05-27 18:41:03,286 - sim.ResponsiveLL_W10_Rep1.MetricsCollector - INFO - metrics:177 - Metrics @ T=18.00: Cells=186, MaxR=17.58, Pheno={'G_SPECIALIST': 186, 'L_SPECIALIST': 0, 'SWITCHING_GL': 0}
2025-05-27 18:41:03,299 - sim.ResponsiveLL_W10_Rep1.MetricsCollector - INFO - metrics:177 - Metrics @ T=19.00: Cells=199, MaxR=17.58, Pheno={'G_SPECIALIST': 199, 'L_SPECIALIST': 0, 'SWITCHING_GL': 0}
2025-05-27 18:41:03,311 - sim.ResponsiveLL_W10_Rep1 - INFO - simulation_engine:218 - Progress: T=20.00, Cells=215
2025-05-27 18:41:03,314 - sim.ResponsiveLL_W10_Rep1.MetricsCollector - INFO - metrics:177 - Metrics @ T=20.00: Cells=217, MaxR=18.33, Pheno={'G_SPECIALIST': 217, 'L_SPECIALIST': 0, 'SWITCHING_GL': 0}
2025-05-27 18:41:03,330 - sim.ResponsiveLL_W10_Rep1.MetricsCollector - INFO - metrics:177 - Metrics @ T=21.00: Cells=241, MaxR=19.97, Pheno={'G_SPECIALIST': 241, 'L_SPECIALIST': 0, 'SWITCHING_GL': 0}
2025-05-27 18:41:03,347 - sim.ResponsiveLL_W10_Rep1.MetricsCollector - INFO - metrics:177 - Metrics @ T=22.00: Cells=259, MaxR=19.97, Pheno={'G_SPECIALIST': 259, 'L_SPECIALIST': 0, 'SWITCHING_GL': 0}
2025-05-27 18:41:03,365 - sim.ResponsiveLL_W10_Rep1.MetricsCollector - INFO - metrics:177 - Metrics @ T=23.00: Cells=278, MaxR=19.97, Pheno={'G_SPECIALIST': 278, 'L_SPECIALIST': 0, 'SWITCHING_GL': 0}
2025-05-27 18:41:03,384 - sim.ResponsiveLL_W10_Rep1.MetricsCollector - INFO - metrics:177 - Metrics @ T=24.00: Cells=295, MaxR=19.97, Pheno={'G_SPECIALIST': 295, 'L_SPECIALIST': 0, 'SWITCHING_GL': 0}
2025-05-27 18:41:03,405 - sim.ResponsiveLL_W10_Rep1.MetricsCollector - INFO - metrics:177 - Metrics @ T=25.00: Cells=314, MaxR=21.28, Pheno={'G_SPECIALIST': 314, 'L_SPECIALIST': 0, 'SWITCHING_GL': 0}
2025-05-27 18:41:03,427 - sim.ResponsiveLL_W10_Rep1.MetricsCollector - INFO - metrics:177 - Metrics @ T=26.00: Cells=337, MaxR=21.70, Pheno={'G_SPECIALIST': 337, 'L_SPECIALIST': 0, 'SWITCHING_GL': 0}
2025-05-27 18:41:03,453 - sim.ResponsiveLL_W10_Rep1.MetricsCollector - INFO - metrics:177 - Metrics @ T=27.00: Cells=358, MaxR=21.70, Pheno={'G_SPECIALIST': 358, 'L_SPECIALIST': 0, 'SWITCHING_GL': 0}
2025-05-27 18:41:03,478 - sim.ResponsiveLL_W10_Rep1.MetricsCollector - INFO - metrics:177 - Metrics @ T=28.00: Cells=388, MaxR=22.72, Pheno={'G_SPECIALIST': 388, 'L_SPECIALIST': 0, 'SWITCHING_GL': 0}
2025-05-27 18:41:03,506 - sim.ResponsiveLL_W10_Rep1.MetricsCollector - INFO - metrics:177 - Metrics @ T=29.00: Cells=405, MaxR=22.72, Pheno={'G_SPECIALIST': 405, 'L_SPECIALIST': 0, 'SWITCHING_GL': 0}
2025-05-27 18:41:03,530 - sim.ResponsiveLL_W10_Rep1 - INFO - simulation_engine:218 - Progress: T=30.00, Cells=430
2025-05-27 18:41:03,534 - sim.ResponsiveLL_W10_Rep1.MetricsCollector - INFO - metrics:177 - Metrics @ T=30.00: Cells=431, MaxR=25.63, Pheno={'G_SPECIALIST': 431, 'L_SPECIALIST': 0, 'SWITCHING_GL': 0}
2025-05-27 18:41:03,565 - sim.ResponsiveLL_W10_Rep1.MetricsCollector - INFO - metrics:177 - Metrics @ T=31.00: Cells=458, MaxR=27.22, Pheno={'G_SPECIALIST': 458, 'L_SPECIALIST': 0, 'SWITCHING_GL': 0}
2025-05-27 18:41:03,596 - sim.ResponsiveLL_W10_Rep1.MetricsCollector - INFO - metrics:177 - Metrics @ T=32.00: Cells=479, MaxR=28.83, Pheno={'G_SPECIALIST': 479, 'L_SPECIALIST': 0, 'SWITCHING_GL': 0}
2025-05-27 18:41:03,629 - sim.ResponsiveLL_W10_Rep1.MetricsCollector - INFO - metrics:177 - Metrics @ T=33.00: Cells=509, MaxR=30.45, Pheno={'G_SPECIALIST': 509, 'L_SPECIALIST': 0, 'SWITCHING_GL': 0}
2025-05-27 18:41:03,666 - sim.ResponsiveLL_W10_Rep1.MetricsCollector - INFO - metrics:177 - Metrics @ T=34.00: Cells=541, MaxR=31.80, Pheno={'G_SPECIALIST': 541, 'L_SPECIALIST': 0, 'SWITCHING_GL': 0}
2025-05-27 18:41:03,704 - sim.ResponsiveLL_W10_Rep1.MetricsCollector - INFO - metrics:177 - Metrics @ T=35.00: Cells=578, MaxR=31.80, Pheno={'G_SPECIALIST': 578, 'L_SPECIALIST': 0, 'SWITCHING_GL': 0}
2025-05-27 18:41:03,743 - sim.ResponsiveLL_W10_Rep1.MetricsCollector - INFO - metrics:177 - Metrics @ T=36.00: Cells=611, MaxR=31.80, Pheno={'G_SPECIALIST': 611, 'L_SPECIALIST': 0, 'SWITCHING_GL': 0}
2025-05-27 18:41:03,786 - sim.ResponsiveLL_W10_Rep1.MetricsCollector - INFO - metrics:177 - Metrics @ T=37.00: Cells=645, MaxR=31.80, Pheno={'G_SPECIALIST': 645, 'L_SPECIALIST': 0, 'SWITCHING_GL': 0}
2025-05-27 18:41:03,832 - sim.ResponsiveLL_W10_Rep1.MetricsCollector - INFO - metrics:177 - Metrics @ T=38.00: Cells=682, MaxR=31.80, Pheno={'G_SPECIALIST': 682, 'L_SPECIALIST': 0, 'SWITCHING_GL': 0}
2025-05-27 18:41:03,885 - sim.ResponsiveLL_W10_Rep1.MetricsCollector - INFO - metrics:177 - Metrics @ T=39.00: Cells=719, MaxR=31.80, Pheno={'G_SPECIALIST': 719, 'L_SPECIALIST': 0, 'SWITCHING_GL': 0}
2025-05-27 18:41:03,926 - sim.ResponsiveLL_W10_Rep1 - INFO - simulation_engine:218 - Progress: T=40.00, Cells=746
2025-05-27 18:41:03,935 - sim.ResponsiveLL_W10_Rep1.MetricsCollector - INFO - metrics:177 - Metrics @ T=40.00: Cells=752, MaxR=31.80, Pheno={'G_SPECIALIST': 752, 'L_SPECIALIST': 0, 'SWITCHING_GL': 0}
2025-05-27 18:41:03,991 - sim.ResponsiveLL_W10_Rep1.MetricsCollector - INFO - metrics:177 - Metrics @ T=41.00: Cells=807, MaxR=31.80, Pheno={'G_SPECIALIST': 807, 'L_SPECIALIST': 0, 'SWITCHING_GL': 0}
2025-05-27 18:41:04,051 - sim.ResponsiveLL_W10_Rep1.MetricsCollector - INFO - metrics:177 - Metrics @ T=42.00: Cells=859, MaxR=32.45, Pheno={'G_SPECIALIST': 859, 'L_SPECIALIST': 0, 'SWITCHING_GL': 0}
2025-05-27 18:41:04,112 - sim.ResponsiveLL_W10_Rep1.MetricsCollector - INFO - metrics:177 - Metrics @ T=43.00: Cells=909, MaxR=33.72, Pheno={'G_SPECIALIST': 909, 'L_SPECIALIST': 0, 'SWITCHING_GL': 0}
2025-05-27 18:41:04,176 - sim.ResponsiveLL_W10_Rep1.MetricsCollector - INFO - metrics:177 - Metrics @ T=44.00: Cells=957, MaxR=34.12, Pheno={'G_SPECIALIST': 957, 'L_SPECIALIST': 0, 'SWITCHING_GL': 0}
2025-05-27 18:41:04,242 - sim.ResponsiveLL_W10_Rep1.MetricsCollector - INFO - metrics:177 - Metrics @ T=45.00: Cells=989, MaxR=35.37, Pheno={'G_SPECIALIST': 989, 'L_SPECIALIST': 0, 'SWITCHING_GL': 0}
2025-05-27 18:41:04,317 - sim.ResponsiveLL_W10_Rep1.MetricsCollector - INFO - metrics:177 - Metrics @ T=46.00: Cells=1038, MaxR=36.17, Pheno={'G_SPECIALIST': 1038, 'L_SPECIALIST': 0, 'SWITCHING_GL': 0}
2025-05-27 18:41:04,405 - sim.ResponsiveLL_W10_Rep1.MetricsCollector - INFO - metrics:177 - Metrics @ T=47.00: Cells=1095, MaxR=36.66, Pheno={'G_SPECIALIST': 1095, 'L_SPECIALIST': 0, 'SWITCHING_GL': 0}
2025-05-27 18:41:04,488 - sim.ResponsiveLL_W10_Rep1.MetricsCollector - INFO - metrics:177 - Metrics @ T=48.00: Cells=1145, MaxR=37.99, Pheno={'G_SPECIALIST': 1145, 'L_SPECIALIST': 0, 'SWITCHING_GL': 0}
2025-05-27 18:41:04,573 - sim.ResponsiveLL_W10_Rep1.MetricsCollector - INFO - metrics:177 - Metrics @ T=49.00: Cells=1195, MaxR=38.69, Pheno={'G_SPECIALIST': 1195, 'L_SPECIALIST': 0, 'SWITCHING_GL': 0}
2025-05-27 18:41:04,640 - sim.ResponsiveLL_W10_Rep1 - INFO - simulation_engine:218 - Progress: T=50.00, Cells=1236
2025-05-27 18:41:04,654 - sim.ResponsiveLL_W10_Rep1.MetricsCollector - INFO - metrics:177 - Metrics @ T=50.00: Cells=1244, MaxR=39.34, Pheno={'G_SPECIALIST': 1244, 'L_SPECIALIST': 0, 'SWITCHING_GL': 0}
2025-05-27 18:41:04,740 - sim.ResponsiveLL_W10_Rep1.MetricsCollector - INFO - metrics:177 - Metrics @ T=51.00: Cells=1309, MaxR=41.61, Pheno={'G_SPECIALIST': 1307, 'SWITCHING_GL': 2, 'L_SPECIALIST': 0}
2025-05-27 18:41:04,832 - sim.ResponsiveLL_W10_Rep1.MetricsCollector - INFO - metrics:177 - Metrics @ T=52.00: Cells=1371, MaxR=41.61, Pheno={'G_SPECIALIST': 1364, 'SWITCHING_GL': 7, 'L_SPECIALIST': 0}
2025-05-27 18:41:04,926 - sim.ResponsiveLL_W10_Rep1.MetricsCollector - INFO - metrics:177 - Metrics @ T=53.00: Cells=1414, MaxR=41.61, Pheno={'G_SPECIALIST': 1403, 'SWITCHING_GL': 11, 'L_SPECIALIST': 0}
2025-05-27 18:41:05,041 - sim.ResponsiveLL_W10_Rep1.MetricsCollector - INFO - metrics:177 - Metrics @ T=54.00: Cells=1444, MaxR=41.61, Pheno={'G_SPECIALIST': 1432, 'SWITCHING_GL': 12, 'L_SPECIALIST': 0}
2025-05-27 18:41:05,147 - sim.ResponsiveLL_W10_Rep1.MetricsCollector - INFO - metrics:177 - Metrics @ T=55.00: Cells=1489, MaxR=41.61, Pheno={'G_SPECIALIST': 1477, 'SWITCHING_GL': 12, 'L_SPECIALIST': 0}
2025-05-27 18:41:05,256 - sim.ResponsiveLL_W10_Rep1.MetricsCollector - INFO - metrics:177 - Metrics @ T=56.00: Cells=1555, MaxR=41.61, Pheno={'G_SPECIALIST': 1542, 'SWITCHING_GL': 13, 'L_SPECIALIST': 0}
2025-05-27 18:41:05,369 - sim.ResponsiveLL_W10_Rep1.MetricsCollector - INFO - metrics:177 - Metrics @ T=57.00: Cells=1613, MaxR=41.68, Pheno={'G_SPECIALIST': 1592, 'SWITCHING_GL': 18, 'L_SPECIALIST': 3}
2025-05-27 18:41:05,478 - sim.ResponsiveLL_W10_Rep1.MetricsCollector - INFO - metrics:177 - Metrics @ T=58.00: Cells=1678, MaxR=43.71, Pheno={'G_SPECIALIST': 1646, 'SWITCHING_GL': 25, 'L_SPECIALIST': 7}
2025-05-27 18:41:05,589 - sim.ResponsiveLL_W10_Rep1.MetricsCollector - INFO - metrics:177 - Metrics @ T=59.00: Cells=1722, MaxR=43.71, Pheno={'G_SPECIALIST': 1686, 'SWITCHING_GL': 28, 'L_SPECIALIST': 8}
2025-05-27 18:41:05,683 - sim.ResponsiveLL_W10_Rep1 - INFO - simulation_engine:218 - Progress: T=60.00, Cells=1756
2025-05-27 18:41:05,702 - sim.ResponsiveLL_W10_Rep1.MetricsCollector - INFO - metrics:177 - Metrics @ T=60.00: Cells=1760, MaxR=43.71, Pheno={'G_SPECIALIST': 1717, 'SWITCHING_GL': 35, 'L_SPECIALIST': 8}
2025-05-27 18:41:05,818 - sim.ResponsiveLL_W10_Rep1.MetricsCollector - INFO - metrics:177 - Metrics @ T=61.00: Cells=1797, MaxR=43.71, Pheno={'G_SPECIALIST': 1746, 'SWITCHING_GL': 39, 'L_SPECIALIST': 12}
2025-05-27 18:41:05,940 - sim.ResponsiveLL_W10_Rep1.MetricsCollector - INFO - metrics:177 - Metrics @ T=62.00: Cells=1835, MaxR=43.71, Pheno={'G_SPECIALIST': 1778, 'SWITCHING_GL': 40, 'L_SPECIALIST': 17}
2025-05-27 18:41:06,063 - sim.ResponsiveLL_W10_Rep1.MetricsCollector - INFO - metrics:177 - Metrics @ T=63.00: Cells=1875, MaxR=43.92, Pheno={'G_SPECIALIST': 1805, 'SWITCHING_GL': 43, 'L_SPECIALIST': 27}
2025-05-27 18:41:06,184 - sim.ResponsiveLL_W10_Rep1.MetricsCollector - INFO - metrics:177 - Metrics @ T=64.00: Cells=1914, MaxR=45.53, Pheno={'G_SPECIALIST': 1833, 'SWITCHING_GL': 51, 'L_SPECIALIST': 30}
2025-05-27 18:41:06,310 - sim.ResponsiveLL_W10_Rep1.MetricsCollector - INFO - metrics:177 - Metrics @ T=65.00: Cells=1947, MaxR=45.53, Pheno={'G_SPECIALIST': 1856, 'SWITCHING_GL': 53, 'L_SPECIALIST': 38}
2025-05-27 18:41:06,435 - sim.ResponsiveLL_W10_Rep1.MetricsCollector - INFO - metrics:177 - Metrics @ T=66.00: Cells=1976, MaxR=45.53, Pheno={'G_SPECIALIST': 1871, 'SWITCHING_GL': 60, 'L_SPECIALIST': 45}
2025-05-27 18:41:06,565 - sim.ResponsiveLL_W10_Rep1.MetricsCollector - INFO - metrics:177 - Metrics @ T=67.00: Cells=2005, MaxR=45.53, Pheno={'G_SPECIALIST': 1886, 'SWITCHING_GL': 64, 'L_SPECIALIST': 55}
2025-05-27 18:41:06,696 - sim.ResponsiveLL_W10_Rep1.MetricsCollector - INFO - metrics:177 - Metrics @ T=68.00: Cells=2032, MaxR=45.92, Pheno={'G_SPECIALIST': 1898, 'SWITCHING_GL': 68, 'L_SPECIALIST': 66}
2025-05-27 18:41:06,826 - sim.ResponsiveLL_W10_Rep1.MetricsCollector - INFO - metrics:177 - Metrics @ T=69.00: Cells=2058, MaxR=45.92, Pheno={'G_SPECIALIST': 1910, 'SWITCHING_GL': 72, 'L_SPECIALIST': 76}
2025-05-27 18:41:06,937 - sim.ResponsiveLL_W10_Rep1 - INFO - simulation_engine:218 - Progress: T=70.00, Cells=2075
2025-05-27 18:41:06,961 - sim.ResponsiveLL_W10_Rep1.MetricsCollector - INFO - metrics:177 - Metrics @ T=70.00: Cells=2076, MaxR=45.92, Pheno={'G_SPECIALIST': 1918, 'SWITCHING_GL': 73, 'L_SPECIALIST': 85}
2025-05-27 18:41:07,097 - sim.ResponsiveLL_W10_Rep1.MetricsCollector - INFO - metrics:177 - Metrics @ T=71.00: Cells=2095, MaxR=45.92, Pheno={'G_SPECIALIST': 1928, 'SWITCHING_GL': 76, 'L_SPECIALIST': 91}
2025-05-27 18:41:07,235 - sim.ResponsiveLL_W10_Rep1.MetricsCollector - INFO - metrics:177 - Metrics @ T=72.00: Cells=2113, MaxR=47.15, Pheno={'G_SPECIALIST': 1935, 'L_SPECIALIST': 103, 'SWITCHING_GL': 75}
2025-05-27 18:41:07,379 - sim.ResponsiveLL_W10_Rep1.MetricsCollector - INFO - metrics:177 - Metrics @ T=73.00: Cells=2129, MaxR=47.15, Pheno={'G_SPECIALIST': 1941, 'L_SPECIALIST': 115, 'SWITCHING_GL': 73}
2025-05-27 18:41:07,520 - sim.ResponsiveLL_W10_Rep1.MetricsCollector - INFO - metrics:177 - Metrics @ T=74.00: Cells=2146, MaxR=47.15, Pheno={'G_SPECIALIST': 1943, 'L_SPECIALIST': 135, 'SWITCHING_GL': 68}
2025-05-27 18:41:07,658 - sim.ResponsiveLL_W10_Rep1.MetricsCollector - INFO - metrics:177 - Metrics @ T=75.00: Cells=2164, MaxR=47.15, Pheno={'G_SPECIALIST': 1943, 'L_SPECIALIST': 154, 'SWITCHING_GL': 67}
2025-05-27 18:41:07,801 - sim.ResponsiveLL_W10_Rep1.MetricsCollector - INFO - metrics:177 - Metrics @ T=76.00: Cells=2179, MaxR=47.15, Pheno={'G_SPECIALIST': 1943, 'L_SPECIALIST': 172, 'SWITCHING_GL': 64}
2025-05-27 18:41:07,948 - sim.ResponsiveLL_W10_Rep1.MetricsCollector - INFO - metrics:177 - Metrics @ T=77.00: Cells=2187, MaxR=47.15, Pheno={'G_SPECIALIST': 1943, 'L_SPECIALIST': 181, 'SWITCHING_GL': 63}
2025-05-27 18:41:08,092 - sim.ResponsiveLL_W10_Rep1.MetricsCollector - INFO - metrics:177 - Metrics @ T=78.00: Cells=2198, MaxR=48.77, Pheno={'G_SPECIALIST': 1943, 'L_SPECIALIST': 196, 'SWITCHING_GL': 59}
2025-05-27 18:41:08,244 - sim.ResponsiveLL_W10_Rep1.MetricsCollector - INFO - metrics:177 - Metrics @ T=79.00: Cells=2220, MaxR=48.77, Pheno={'G_SPECIALIST': 1943, 'L_SPECIALIST': 219, 'SWITCHING_GL': 58}
2025-05-27 18:41:08,365 - sim.ResponsiveLL_W10_Rep1 - INFO - simulation_engine:218 - Progress: T=80.00, Cells=2232
2025-05-27 18:41:08,389 - sim.ResponsiveLL_W10_Rep1.MetricsCollector - INFO - metrics:177 - Metrics @ T=80.00: Cells=2232, MaxR=50.41, Pheno={'G_SPECIALIST': 1943, 'L_SPECIALIST': 234, 'SWITCHING_GL': 55}
2025-05-27 18:41:08,533 - sim.ResponsiveLL_W10_Rep1.MetricsCollector - INFO - metrics:177 - Metrics @ T=81.00: Cells=2250, MaxR=50.41, Pheno={'G_SPECIALIST': 1943, 'L_SPECIALIST': 255, 'SWITCHING_GL': 52}
2025-05-27 18:41:08,679 - sim.ResponsiveLL_W10_Rep1.MetricsCollector - INFO - metrics:177 - Metrics @ T=82.00: Cells=2264, MaxR=50.41, Pheno={'G_SPECIALIST': 1943, 'L_SPECIALIST': 270, 'SWITCHING_GL': 51}
2025-05-27 18:41:08,827 - sim.ResponsiveLL_W10_Rep1.MetricsCollector - INFO - metrics:177 - Metrics @ T=83.00: Cells=2281, MaxR=50.41, Pheno={'G_SPECIALIST': 1943, 'L_SPECIALIST': 288, 'SWITCHING_GL': 50}
2025-05-27 18:41:08,978 - sim.ResponsiveLL_W10_Rep1.MetricsCollector - INFO - metrics:177 - Metrics @ T=84.00: Cells=2302, MaxR=50.41, Pheno={'G_SPECIALIST': 1943, 'L_SPECIALIST': 313, 'SWITCHING_GL': 46}
2025-05-27 18:41:09,129 - sim.ResponsiveLL_W10_Rep1.MetricsCollector - INFO - metrics:177 - Metrics @ T=85.00: Cells=2318, MaxR=50.41, Pheno={'G_SPECIALIST': 1943, 'L_SPECIALIST': 334, 'SWITCHING_GL': 41}
2025-05-27 18:41:09,286 - sim.ResponsiveLL_W10_Rep1.MetricsCollector - INFO - metrics:177 - Metrics @ T=86.00: Cells=2341, MaxR=51.12, Pheno={'G_SPECIALIST': 1943, 'L_SPECIALIST': 359, 'SWITCHING_GL': 39}
2025-05-27 18:41:09,440 - sim.ResponsiveLL_W10_Rep1.MetricsCollector - INFO - metrics:177 - Metrics @ T=87.00: Cells=2363, MaxR=51.26, Pheno={'G_SPECIALIST': 1943, 'L_SPECIALIST': 388, 'SWITCHING_GL': 32}
2025-05-27 18:41:09,592 - sim.ResponsiveLL_W10_Rep1.MetricsCollector - INFO - metrics:177 - Metrics @ T=88.00: Cells=2384, MaxR=52.56, Pheno={'G_SPECIALIST': 1943, 'L_SPECIALIST': 413, 'SWITCHING_GL': 28}
2025-05-27 18:41:09,748 - sim.ResponsiveLL_W10_Rep1.MetricsCollector - INFO - metrics:177 - Metrics @ T=89.00: Cells=2407, MaxR=52.85, Pheno={'G_SPECIALIST': 1943, 'L_SPECIALIST': 443, 'SWITCHING_GL': 21}
2025-05-27 18:41:09,880 - sim.ResponsiveLL_W10_Rep1 - INFO - simulation_engine:218 - Progress: T=90.00, Cells=2430
2025-05-27 18:41:09,906 - sim.ResponsiveLL_W10_Rep1.MetricsCollector - INFO - metrics:177 - Metrics @ T=90.00: Cells=2431, MaxR=52.85, Pheno={'G_SPECIALIST': 1943, 'L_SPECIALIST': 469, 'SWITCHING_GL': 19}
2025-05-27 18:41:10,071 - sim.ResponsiveLL_W10_Rep1.MetricsCollector - INFO - metrics:177 - Metrics @ T=91.00: Cells=2450, MaxR=54.03, Pheno={'G_SPECIALIST': 1944, 'L_SPECIALIST': 490, 'SWITCHING_GL': 16}
2025-05-27 18:41:10,235 - sim.ResponsiveLL_W10_Rep1.MetricsCollector - INFO - metrics:177 - Metrics @ T=92.00: Cells=2471, MaxR=54.03, Pheno={'G_SPECIALIST': 1945, 'L_SPECIALIST': 511, 'SWITCHING_GL': 15}
2025-05-27 18:41:10,399 - sim.ResponsiveLL_W10_Rep1.MetricsCollector - INFO - metrics:177 - Metrics @ T=93.00: Cells=2499, MaxR=54.11, Pheno={'G_SPECIALIST': 1945, 'L_SPECIALIST': 541, 'SWITCHING_GL': 13}
2025-05-27 18:41:10,577 - sim.ResponsiveLL_W10_Rep1.MetricsCollector - INFO - metrics:177 - Metrics @ T=94.00: Cells=2519, MaxR=55.51, Pheno={'G_SPECIALIST': 1945, 'L_SPECIALIST': 564, 'SWITCHING_GL': 10}
2025-05-27 18:41:10,755 - sim.ResponsiveLL_W10_Rep1.MetricsCollector - INFO - metrics:177 - Metrics @ T=95.00: Cells=2541, MaxR=55.51, Pheno={'G_SPECIALIST': 1945, 'L_SPECIALIST': 588, 'SWITCHING_GL': 8}
2025-05-27 18:41:10,958 - sim.ResponsiveLL_W10_Rep1.MetricsCollector - INFO - metrics:177 - Metrics @ T=96.00: Cells=2566, MaxR=55.51, Pheno={'G_SPECIALIST': 1945, 'L_SPECIALIST': 614, 'SWITCHING_GL': 7}
2025-05-27 18:41:11,150 - sim.ResponsiveLL_W10_Rep1.MetricsCollector - INFO - metrics:177 - Metrics @ T=97.00: Cells=2606, MaxR=55.51, Pheno={'G_SPECIALIST': 1945, 'L_SPECIALIST': 656, 'SWITCHING_GL': 5}
2025-05-27 18:41:11,328 - sim.ResponsiveLL_W10_Rep1.MetricsCollector - INFO - metrics:177 - Metrics @ T=98.00: Cells=2639, MaxR=55.51, Pheno={'G_SPECIALIST': 1945, 'L_SPECIALIST': 690, 'SWITCHING_GL': 4}
2025-05-27 18:41:11,508 - sim.ResponsiveLL_W10_Rep1.MetricsCollector - INFO - metrics:177 - Metrics @ T=99.00: Cells=2672, MaxR=55.51, Pheno={'G_SPECIALIST': 1945, 'L_SPECIALIST': 723, 'SWITCHING_GL': 4}
2025-05-27 18:41:11,660 - sim.ResponsiveLL_W10_Rep1 - INFO - simulation_engine:218 - Progress: T=100.00, Cells=2701
2025-05-27 18:41:11,689 - sim.ResponsiveLL_W10_Rep1.MetricsCollector - INFO - metrics:177 - Metrics @ T=100.00: Cells=2705, MaxR=55.67, Pheno={'G_SPECIALIST': 1945, 'L_SPECIALIST': 757, 'SWITCHING_GL': 3}
2025-05-27 18:41:11,872 - sim.ResponsiveLL_W10_Rep1.MetricsCollector - INFO - metrics:177 - Metrics @ T=101.00: Cells=2735, MaxR=55.67, Pheno={'G_SPECIALIST': 1945, 'L_SPECIALIST': 787, 'SWITCHING_GL': 3}
2025-05-27 18:41:12,063 - sim.ResponsiveLL_W10_Rep1.MetricsCollector - INFO - metrics:177 - Metrics @ T=102.00: Cells=2768, MaxR=55.67, Pheno={'G_SPECIALIST': 1945, 'L_SPECIALIST': 821, 'SWITCHING_GL': 2}
2025-05-27 18:41:12,255 - sim.ResponsiveLL_W10_Rep1.MetricsCollector - INFO - metrics:177 - Metrics @ T=103.00: Cells=2788, MaxR=55.67, Pheno={'G_SPECIALIST': 1945, 'L_SPECIALIST': 842, 'SWITCHING_GL': 1}
2025-05-27 18:41:12,455 - sim.ResponsiveLL_W10_Rep1.MetricsCollector - INFO - metrics:177 - Metrics @ T=104.00: Cells=2821, MaxR=55.83, Pheno={'G_SPECIALIST': 1945, 'L_SPECIALIST': 876, 'SWITCHING_GL': 0}
2025-05-27 18:41:12,650 - sim.ResponsiveLL_W10_Rep1.MetricsCollector - INFO - metrics:177 - Metrics @ T=105.00: Cells=2850, MaxR=55.83, Pheno={'G_SPECIALIST': 1945, 'L_SPECIALIST': 905, 'SWITCHING_GL': 0}
2025-05-27 18:41:12,842 - sim.ResponsiveLL_W10_Rep1.MetricsCollector - INFO - metrics:177 - Metrics @ T=106.00: Cells=2879, MaxR=56.31, Pheno={'G_SPECIALIST': 1945, 'L_SPECIALIST': 934, 'SWITCHING_GL': 0}
2025-05-27 18:41:13,043 - sim.ResponsiveLL_W10_Rep1.MetricsCollector - INFO - metrics:177 - Metrics @ T=107.00: Cells=2911, MaxR=56.31, Pheno={'G_SPECIALIST': 1945, 'L_SPECIALIST': 966, 'SWITCHING_GL': 0}
2025-05-27 18:41:13,241 - sim.ResponsiveLL_W10_Rep1.MetricsCollector - INFO - metrics:177 - Metrics @ T=108.00: Cells=2950, MaxR=57.00, Pheno={'G_SPECIALIST': 1945, 'L_SPECIALIST': 1005, 'SWITCHING_GL': 0}
2025-05-27 18:41:13,435 - sim.ResponsiveLL_W10_Rep1.MetricsCollector - INFO - metrics:177 - Metrics @ T=109.00: Cells=2980, MaxR=57.00, Pheno={'G_SPECIALIST': 1945, 'L_SPECIALIST': 1035, 'SWITCHING_GL': 0}
2025-05-27 18:41:13,618 - sim.ResponsiveLL_W10_Rep1 - INFO - simulation_engine:218 - Progress: T=110.00, Cells=3001
2025-05-27 18:41:13,662 - sim.ResponsiveLL_W10_Rep1.MetricsCollector - INFO - metrics:177 - Metrics @ T=110.00: Cells=3002, MaxR=57.00, Pheno={'G_SPECIALIST': 1945, 'L_SPECIALIST': 1057, 'SWITCHING_GL': 0}
2025-05-27 18:41:13,866 - sim.ResponsiveLL_W10_Rep1.MetricsCollector - INFO - metrics:177 - Metrics @ T=111.00: Cells=3032, MaxR=57.89, Pheno={'G_SPECIALIST': 1945, 'L_SPECIALIST': 1087, 'SWITCHING_GL': 0}
2025-05-27 18:41:14,066 - sim.ResponsiveLL_W10_Rep1.MetricsCollector - INFO - metrics:177 - Metrics @ T=112.00: Cells=3067, MaxR=57.89, Pheno={'G_SPECIALIST': 1945, 'L_SPECIALIST': 1122, 'SWITCHING_GL': 0}
2025-05-27 18:41:14,272 - sim.ResponsiveLL_W10_Rep1.MetricsCollector - INFO - metrics:177 - Metrics @ T=113.00: Cells=3102, MaxR=59.09, Pheno={'G_SPECIALIST': 1945, 'L_SPECIALIST': 1157, 'SWITCHING_GL': 0}
2025-05-27 18:41:14,477 - sim.ResponsiveLL_W10_Rep1.MetricsCollector - INFO - metrics:177 - Metrics @ T=114.00: Cells=3134, MaxR=59.09, Pheno={'G_SPECIALIST': 1945, 'L_SPECIALIST': 1189, 'SWITCHING_GL': 0}
2025-05-27 18:41:14,688 - sim.ResponsiveLL_W10_Rep1.MetricsCollector - INFO - metrics:177 - Metrics @ T=115.00: Cells=3168, MaxR=59.09, Pheno={'G_SPECIALIST': 1945, 'L_SPECIALIST': 1223, 'SWITCHING_GL': 0}
2025-05-27 18:41:14,921 - sim.ResponsiveLL_W10_Rep1.MetricsCollector - INFO - metrics:177 - Metrics @ T=116.00: Cells=3208, MaxR=59.09, Pheno={'G_SPECIALIST': 1945, 'L_SPECIALIST': 1263, 'SWITCHING_GL': 0}
2025-05-27 18:41:15,137 - sim.ResponsiveLL_W10_Rep1.MetricsCollector - INFO - metrics:177 - Metrics @ T=117.00: Cells=3234, MaxR=59.09, Pheno={'G_SPECIALIST': 1945, 'L_SPECIALIST': 1289, 'SWITCHING_GL': 0}
2025-05-27 18:41:15,367 - sim.ResponsiveLL_W10_Rep1.MetricsCollector - INFO - metrics:177 - Metrics @ T=118.00: Cells=3264, MaxR=59.09, Pheno={'G_SPECIALIST': 1945, 'L_SPECIALIST': 1319, 'SWITCHING_GL': 0}
2025-05-27 18:41:15,605 - sim.ResponsiveLL_W10_Rep1.MetricsCollector - INFO - metrics:177 - Metrics @ T=119.00: Cells=3298, MaxR=59.09, Pheno={'G_SPECIALIST': 1945, 'L_SPECIALIST': 1353, 'SWITCHING_GL': 0}
2025-05-27 18:41:15,791 - sim.ResponsiveLL_W10_Rep1 - INFO - simulation_engine:218 - Progress: T=120.00, Cells=3324
2025-05-27 18:41:15,828 - sim.ResponsiveLL_W10_Rep1.MetricsCollector - INFO - metrics:177 - Metrics @ T=120.00: Cells=3326, MaxR=60.02, Pheno={'G_SPECIALIST': 1945, 'L_SPECIALIST': 1381, 'SWITCHING_GL': 0}
2025-05-27 18:41:16,049 - sim.ResponsiveLL_W10_Rep1.MetricsCollector - INFO - metrics:177 - Metrics @ T=121.00: Cells=3356, MaxR=61.80, Pheno={'G_SPECIALIST': 1945, 'L_SPECIALIST': 1411, 'SWITCHING_GL': 0}
2025-05-27 18:41:16,302 - sim.ResponsiveLL_W10_Rep1.MetricsCollector - INFO - metrics:177 - Metrics @ T=122.00: Cells=3381, MaxR=61.80, Pheno={'G_SPECIALIST': 1945, 'L_SPECIALIST': 1436, 'SWITCHING_GL': 0}
2025-05-27 18:41:16,530 - sim.ResponsiveLL_W10_Rep1.MetricsCollector - INFO - metrics:177 - Metrics @ T=123.00: Cells=3411, MaxR=61.80, Pheno={'G_SPECIALIST': 1945, 'L_SPECIALIST': 1466, 'SWITCHING_GL': 0}
2025-05-27 18:41:16,758 - sim.ResponsiveLL_W10_Rep1.MetricsCollector - INFO - metrics:177 - Metrics @ T=124.00: Cells=3443, MaxR=61.80, Pheno={'G_SPECIALIST': 1945, 'L_SPECIALIST': 1498, 'SWITCHING_GL': 0}
2025-05-27 18:41:16,994 - sim.ResponsiveLL_W10_Rep1.MetricsCollector - INFO - metrics:177 - Metrics @ T=125.00: Cells=3479, MaxR=61.80, Pheno={'G_SPECIALIST': 1945, 'L_SPECIALIST': 1534, 'SWITCHING_GL': 0}
2025-05-27 18:41:17,225 - sim.ResponsiveLL_W10_Rep1.MetricsCollector - INFO - metrics:177 - Metrics @ T=126.00: Cells=3505, MaxR=63.21, Pheno={'G_SPECIALIST': 1945, 'L_SPECIALIST': 1560, 'SWITCHING_GL': 0}
2025-05-27 18:41:17,464 - sim.ResponsiveLL_W10_Rep1.MetricsCollector - INFO - metrics:177 - Metrics @ T=127.00: Cells=3530, MaxR=63.38, Pheno={'G_SPECIALIST': 1945, 'L_SPECIALIST': 1585, 'SWITCHING_GL': 0}
2025-05-27 18:41:17,702 - sim.ResponsiveLL_W10_Rep1.MetricsCollector - INFO - metrics:177 - Metrics @ T=128.00: Cells=3558, MaxR=63.38, Pheno={'G_SPECIALIST': 1945, 'L_SPECIALIST': 1613, 'SWITCHING_GL': 0}
2025-05-27 18:41:17,948 - sim.ResponsiveLL_W10_Rep1.MetricsCollector - INFO - metrics:177 - Metrics @ T=129.00: Cells=3595, MaxR=64.78, Pheno={'G_SPECIALIST': 1945, 'L_SPECIALIST': 1650, 'SWITCHING_GL': 0}
2025-05-27 18:41:18,147 - sim.ResponsiveLL_W10_Rep1 - INFO - simulation_engine:218 - Progress: T=130.00, Cells=3621
2025-05-27 18:41:18,186 - sim.ResponsiveLL_W10_Rep1.MetricsCollector - INFO - metrics:177 - Metrics @ T=130.00: Cells=3625, MaxR=64.78, Pheno={'G_SPECIALIST': 1945, 'L_SPECIALIST': 1680, 'SWITCHING_GL': 0}
2025-05-27 18:41:18,437 - sim.ResponsiveLL_W10_Rep1.MetricsCollector - INFO - metrics:177 - Metrics @ T=131.00: Cells=3660, MaxR=64.78, Pheno={'G_SPECIALIST': 1945, 'L_SPECIALIST': 1715, 'SWITCHING_GL': 0}
2025-05-27 18:41:18,685 - sim.ResponsiveLL_W10_Rep1.MetricsCollector - INFO - metrics:177 - Metrics @ T=132.00: Cells=3697, MaxR=64.78, Pheno={'G_SPECIALIST': 1945, 'L_SPECIALIST': 1752, 'SWITCHING_GL': 0}
2025-05-27 18:41:18,928 - sim.ResponsiveLL_W10_Rep1.MetricsCollector - INFO - metrics:177 - Metrics @ T=133.00: Cells=3732, MaxR=64.78, Pheno={'G_SPECIALIST': 1945, 'L_SPECIALIST': 1787, 'SWITCHING_GL': 0}
2025-05-27 18:41:19,182 - sim.ResponsiveLL_W10_Rep1.MetricsCollector - INFO - metrics:177 - Metrics @ T=134.00: Cells=3759, MaxR=64.78, Pheno={'G_SPECIALIST': 1945, 'L_SPECIALIST': 1814, 'SWITCHING_GL': 0}
2025-05-27 18:41:19,460 - sim.ResponsiveLL_W10_Rep1.MetricsCollector - INFO - metrics:177 - Metrics @ T=135.00: Cells=3783, MaxR=64.78, Pheno={'G_SPECIALIST': 1945, 'L_SPECIALIST': 1838, 'SWITCHING_GL': 0}
2025-05-27 18:41:19,734 - sim.ResponsiveLL_W10_Rep1.MetricsCollector - INFO - metrics:177 - Metrics @ T=136.00: Cells=3819, MaxR=64.78, Pheno={'G_SPECIALIST': 1945, 'L_SPECIALIST': 1874, 'SWITCHING_GL': 0}
2025-05-27 18:41:19,991 - sim.ResponsiveLL_W10_Rep1.MetricsCollector - INFO - metrics:177 - Metrics @ T=137.00: Cells=3858, MaxR=64.78, Pheno={'G_SPECIALIST': 1945, 'L_SPECIALIST': 1913, 'SWITCHING_GL': 0}
2025-05-27 18:41:20,264 - sim.ResponsiveLL_W10_Rep1.MetricsCollector - INFO - metrics:177 - Metrics @ T=138.00: Cells=3891, MaxR=64.78, Pheno={'G_SPECIALIST': 1945, 'L_SPECIALIST': 1946, 'SWITCHING_GL': 0}
2025-05-27 18:41:20,525 - sim.ResponsiveLL_W10_Rep1.MetricsCollector - INFO - metrics:177 - Metrics @ T=139.00: Cells=3925, MaxR=64.78, Pheno={'G_SPECIALIST': 1945, 'L_SPECIALIST': 1980, 'SWITCHING_GL': 0}
2025-05-27 18:41:20,748 - sim.ResponsiveLL_W10_Rep1 - INFO - simulation_engine:218 - Progress: T=140.00, Cells=3953
2025-05-27 18:41:20,791 - sim.ResponsiveLL_W10_Rep1.MetricsCollector - INFO - metrics:177 - Metrics @ T=140.00: Cells=3956, MaxR=64.78, Pheno={'G_SPECIALIST': 1945, 'L_SPECIALIST': 2011, 'SWITCHING_GL': 0}
2025-05-27 18:41:21,053 - sim.ResponsiveLL_W10_Rep1.MetricsCollector - INFO - metrics:177 - Metrics @ T=141.00: Cells=3986, MaxR=66.09, Pheno={'G_SPECIALIST': 1945, 'L_SPECIALIST': 2041, 'SWITCHING_GL': 0}
2025-05-27 18:41:21,317 - sim.ResponsiveLL_W10_Rep1.MetricsCollector - INFO - metrics:177 - Metrics @ T=142.00: Cells=4016, MaxR=66.20, Pheno={'G_SPECIALIST': 1945, 'L_SPECIALIST': 2071, 'SWITCHING_GL': 0}
2025-05-27 18:41:21,589 - sim.ResponsiveLL_W10_Rep1.MetricsCollector - INFO - metrics:177 - Metrics @ T=143.00: Cells=4060, MaxR=67.10, Pheno={'G_SPECIALIST': 1945, 'L_SPECIALIST': 2115, 'SWITCHING_GL': 0}
2025-05-27 18:41:21,863 - sim.ResponsiveLL_W10_Rep1.MetricsCollector - INFO - metrics:177 - Metrics @ T=144.00: Cells=4087, MaxR=67.10, Pheno={'G_SPECIALIST': 1945, 'L_SPECIALIST': 2142, 'SWITCHING_GL': 0}
2025-05-27 18:41:22,146 - sim.ResponsiveLL_W10_Rep1.MetricsCollector - INFO - metrics:177 - Metrics @ T=145.00: Cells=4128, MaxR=67.44, Pheno={'G_SPECIALIST': 1945, 'L_SPECIALIST': 2183, 'SWITCHING_GL': 0}
2025-05-27 18:41:22,421 - sim.ResponsiveLL_W10_Rep1.MetricsCollector - INFO - metrics:177 - Metrics @ T=146.00: Cells=4165, MaxR=68.15, Pheno={'G_SPECIALIST': 1945, 'L_SPECIALIST': 2220, 'SWITCHING_GL': 0}
2025-05-27 18:41:22,704 - sim.ResponsiveLL_W10_Rep1.MetricsCollector - INFO - metrics:177 - Metrics @ T=147.00: Cells=4201, MaxR=68.15, Pheno={'G_SPECIALIST': 1945, 'L_SPECIALIST': 2256, 'SWITCHING_GL': 0}
2025-05-27 18:41:22,993 - sim.ResponsiveLL_W10_Rep1.MetricsCollector - INFO - metrics:177 - Metrics @ T=148.00: Cells=4247, MaxR=68.15, Pheno={'G_SPECIALIST': 1945, 'L_SPECIALIST': 2302, 'SWITCHING_GL': 0}
2025-05-27 18:41:23,286 - sim.ResponsiveLL_W10_Rep1.MetricsCollector - INFO - metrics:177 - Metrics @ T=149.00: Cells=4286, MaxR=68.74, Pheno={'G_SPECIALIST': 1945, 'L_SPECIALIST': 2341, 'SWITCHING_GL': 0}
2025-05-27 18:41:23,535 - sim.ResponsiveLL_W10_Rep1 - INFO - simulation_engine:218 - Progress: T=150.00, Cells=4311
2025-05-27 18:41:23,583 - sim.ResponsiveLL_W10_Rep1.MetricsCollector - INFO - metrics:177 - Metrics @ T=150.00: Cells=4317, MaxR=70.06, Pheno={'G_SPECIALIST': 1945, 'L_SPECIALIST': 2372, 'SWITCHING_GL': 0}
2025-05-27 18:41:23,870 - sim.ResponsiveLL_W10_Rep1.MetricsCollector - INFO - metrics:177 - Metrics @ T=151.00: Cells=4350, MaxR=70.38, Pheno={'G_SPECIALIST': 1945, 'L_SPECIALIST': 2405, 'SWITCHING_GL': 0}
2025-05-27 18:41:24,163 - sim.ResponsiveLL_W10_Rep1.MetricsCollector - INFO - metrics:177 - Metrics @ T=152.00: Cells=4389, MaxR=70.38, Pheno={'G_SPECIALIST': 1945, 'L_SPECIALIST': 2444, 'SWITCHING_GL': 0}
2025-05-27 18:41:24,481 - sim.ResponsiveLL_W10_Rep1.MetricsCollector - INFO - metrics:177 - Metrics @ T=153.00: Cells=4421, MaxR=70.38, Pheno={'G_SPECIALIST': 1945, 'L_SPECIALIST': 2476, 'SWITCHING_GL': 0}
2025-05-27 18:41:24,784 - sim.ResponsiveLL_W10_Rep1.MetricsCollector - INFO - metrics:177 - Metrics @ T=154.00: Cells=4456, MaxR=71.69, Pheno={'G_SPECIALIST': 1945, 'L_SPECIALIST': 2511, 'SWITCHING_GL': 0}
2025-05-27 18:41:25,087 - sim.ResponsiveLL_W10_Rep1.MetricsCollector - INFO - metrics:177 - Metrics @ T=155.00: Cells=4497, MaxR=72.02, Pheno={'G_SPECIALIST': 1945, 'L_SPECIALIST': 2552, 'SWITCHING_GL': 0}
2025-05-27 18:41:25,411 - sim.ResponsiveLL_W10_Rep1.MetricsCollector - INFO - metrics:177 - Metrics @ T=156.00: Cells=4533, MaxR=72.02, Pheno={'G_SPECIALIST': 1945, 'L_SPECIALIST': 2588, 'SWITCHING_GL': 0}
2025-05-27 18:41:25,782 - sim.ResponsiveLL_W10_Rep1.MetricsCollector - INFO - metrics:177 - Metrics @ T=157.00: Cells=4573, MaxR=72.02, Pheno={'G_SPECIALIST': 1945, 'L_SPECIALIST': 2628, 'SWITCHING_GL': 0}
2025-05-27 18:41:26,151 - sim.ResponsiveLL_W10_Rep1.MetricsCollector - INFO - metrics:177 - Metrics @ T=158.00: Cells=4608, MaxR=72.02, Pheno={'G_SPECIALIST': 1945, 'L_SPECIALIST': 2663, 'SWITCHING_GL': 0}
2025-05-27 18:41:26,538 - sim.ResponsiveLL_W10_Rep1.MetricsCollector - INFO - metrics:177 - Metrics @ T=159.00: Cells=4648, MaxR=72.02, Pheno={'G_SPECIALIST': 1945, 'L_SPECIALIST': 2703, 'SWITCHING_GL': 0}
2025-05-27 18:41:26,808 - sim.ResponsiveLL_W10_Rep1 - INFO - simulation_engine:218 - Progress: T=160.00, Cells=4690
2025-05-27 18:41:26,869 - sim.ResponsiveLL_W10_Rep1.MetricsCollector - INFO - metrics:177 - Metrics @ T=160.00: Cells=4693, MaxR=72.02, Pheno={'G_SPECIALIST': 1945, 'L_SPECIALIST': 2748, 'SWITCHING_GL': 0}
2025-05-27 18:41:27,185 - sim.ResponsiveLL_W10_Rep1.MetricsCollector - INFO - metrics:177 - Metrics @ T=161.00: Cells=4730, MaxR=73.01, Pheno={'G_SPECIALIST': 1945, 'L_SPECIALIST': 2785, 'SWITCHING_GL': 0}
2025-05-27 18:41:27,507 - sim.ResponsiveLL_W10_Rep1.MetricsCollector - INFO - metrics:177 - Metrics @ T=162.00: Cells=4774, MaxR=73.01, Pheno={'G_SPECIALIST': 1945, 'L_SPECIALIST': 2829, 'SWITCHING_GL': 0}
2025-05-27 18:41:27,837 - sim.ResponsiveLL_W10_Rep1.MetricsCollector - INFO - metrics:177 - Metrics @ T=163.00: Cells=4810, MaxR=73.01, Pheno={'G_SPECIALIST': 1945, 'L_SPECIALIST': 2865, 'SWITCHING_GL': 0}
2025-05-27 18:41:28,170 - sim.ResponsiveLL_W10_Rep1.MetricsCollector - INFO - metrics:177 - Metrics @ T=164.00: Cells=4851, MaxR=74.36, Pheno={'G_SPECIALIST': 1945, 'L_SPECIALIST': 2906, 'SWITCHING_GL': 0}
2025-05-27 18:41:28,537 - sim.ResponsiveLL_W10_Rep1.MetricsCollector - INFO - metrics:177 - Metrics @ T=165.00: Cells=4892, MaxR=74.36, Pheno={'G_SPECIALIST': 1945, 'L_SPECIALIST': 2947, 'SWITCHING_GL': 0}
2025-05-27 18:41:28,914 - sim.ResponsiveLL_W10_Rep1.MetricsCollector - INFO - metrics:177 - Metrics @ T=166.00: Cells=4934, MaxR=74.36, Pheno={'G_SPECIALIST': 1945, 'L_SPECIALIST': 2989, 'SWITCHING_GL': 0}
2025-05-27 18:41:29,261 - sim.ResponsiveLL_W10_Rep1.MetricsCollector - INFO - metrics:177 - Metrics @ T=167.00: Cells=4974, MaxR=74.48, Pheno={'G_SPECIALIST': 1945, 'L_SPECIALIST': 3029, 'SWITCHING_GL': 0}
2025-05-27 18:41:29,609 - sim.ResponsiveLL_W10_Rep1.MetricsCollector - INFO - metrics:177 - Metrics @ T=168.00: Cells=5015, MaxR=74.48, Pheno={'G_SPECIALIST': 1945, 'L_SPECIALIST': 3070, 'SWITCHING_GL': 0}
2025-05-27 18:41:29,970 - sim.ResponsiveLL_W10_Rep1.MetricsCollector - INFO - metrics:177 - Metrics @ T=169.00: Cells=5055, MaxR=74.48, Pheno={'G_SPECIALIST': 1945, 'L_SPECIALIST': 3110, 'SWITCHING_GL': 0}
2025-05-27 18:41:30,282 - sim.ResponsiveLL_W10_Rep1 - INFO - simulation_engine:218 - Progress: T=170.00, Cells=5102
2025-05-27 18:41:30,351 - sim.ResponsiveLL_W10_Rep1.MetricsCollector - INFO - metrics:177 - Metrics @ T=170.00: Cells=5104, MaxR=74.64, Pheno={'G_SPECIALIST': 1945, 'L_SPECIALIST': 3159, 'SWITCHING_GL': 0}
2025-05-27 18:41:30,721 - sim.ResponsiveLL_W10_Rep1.MetricsCollector - INFO - metrics:177 - Metrics @ T=171.00: Cells=5139, MaxR=74.64, Pheno={'G_SPECIALIST': 1945, 'L_SPECIALIST': 3194, 'SWITCHING_GL': 0}
2025-05-27 18:41:31,071 - sim.ResponsiveLL_W10_Rep1.MetricsCollector - INFO - metrics:177 - Metrics @ T=172.00: Cells=5165, MaxR=74.64, Pheno={'G_SPECIALIST': 1945, 'L_SPECIALIST': 3220, 'SWITCHING_GL': 0}
2025-05-27 18:41:31,418 - sim.ResponsiveLL_W10_Rep1.MetricsCollector - INFO - metrics:177 - Metrics @ T=173.00: Cells=5199, MaxR=74.84, Pheno={'G_SPECIALIST': 1945, 'L_SPECIALIST': 3254, 'SWITCHING_GL': 0}
2025-05-27 18:41:31,813 - sim.ResponsiveLL_W10_Rep1.MetricsCollector - INFO - metrics:177 - Metrics @ T=174.00: Cells=5248, MaxR=76.62, Pheno={'G_SPECIALIST': 1945, 'L_SPECIALIST': 3303, 'SWITCHING_GL': 0}
2025-05-27 18:41:32,213 - sim.ResponsiveLL_W10_Rep1.MetricsCollector - INFO - metrics:177 - Metrics @ T=175.00: Cells=5290, MaxR=76.74, Pheno={'G_SPECIALIST': 1945, 'L_SPECIALIST': 3345, 'SWITCHING_GL': 0}
2025-05-27 18:41:32,586 - sim.ResponsiveLL_W10_Rep1.MetricsCollector - INFO - metrics:177 - Metrics @ T=176.00: Cells=5330, MaxR=76.74, Pheno={'G_SPECIALIST': 1945, 'L_SPECIALIST': 3385, 'SWITCHING_GL': 0}
2025-05-27 18:41:32,938 - sim.ResponsiveLL_W10_Rep1.MetricsCollector - INFO - metrics:177 - Metrics @ T=177.00: Cells=5375, MaxR=76.74, Pheno={'G_SPECIALIST': 1945, 'L_SPECIALIST': 3430, 'SWITCHING_GL': 0}
2025-05-27 18:41:33,297 - sim.ResponsiveLL_W10_Rep1.MetricsCollector - INFO - metrics:177 - Metrics @ T=178.00: Cells=5413, MaxR=76.90, Pheno={'G_SPECIALIST': 1945, 'L_SPECIALIST': 3468, 'SWITCHING_GL': 0}
2025-05-27 18:41:33,661 - sim.ResponsiveLL_W10_Rep1.MetricsCollector - INFO - metrics:177 - Metrics @ T=179.00: Cells=5454, MaxR=76.90, Pheno={'G_SPECIALIST': 1945, 'L_SPECIALIST': 3509, 'SWITCHING_GL': 0}
2025-05-27 18:41:33,966 - sim.ResponsiveLL_W10_Rep1 - INFO - simulation_engine:218 - Progress: T=180.00, Cells=5493
2025-05-27 18:41:34,026 - sim.ResponsiveLL_W10_Rep1.MetricsCollector - INFO - metrics:177 - Metrics @ T=180.00: Cells=5497, MaxR=76.90, Pheno={'G_SPECIALIST': 1945, 'L_SPECIALIST': 3552, 'SWITCHING_GL': 0}
2025-05-27 18:41:34,392 - sim.ResponsiveLL_W10_Rep1.MetricsCollector - INFO - metrics:177 - Metrics @ T=181.00: Cells=5532, MaxR=76.90, Pheno={'G_SPECIALIST': 1945, 'L_SPECIALIST': 3587, 'SWITCHING_GL': 0}
2025-05-27 18:41:34,766 - sim.ResponsiveLL_W10_Rep1.MetricsCollector - INFO - metrics:177 - Metrics @ T=182.00: Cells=5584, MaxR=77.09, Pheno={'G_SPECIALIST': 1945, 'L_SPECIALIST': 3639, 'SWITCHING_GL': 0}
2025-05-27 18:41:35,136 - sim.ResponsiveLL_W10_Rep1.MetricsCollector - INFO - metrics:177 - Metrics @ T=183.00: Cells=5628, MaxR=77.09, Pheno={'G_SPECIALIST': 1945, 'L_SPECIALIST': 3683, 'SWITCHING_GL': 0}
2025-05-27 18:41:35,513 - sim.ResponsiveLL_W10_Rep1.MetricsCollector - INFO - metrics:177 - Metrics @ T=184.00: Cells=5670, MaxR=78.08, Pheno={'G_SPECIALIST': 1945, 'L_SPECIALIST': 3725, 'SWITCHING_GL': 0}
2025-05-27 18:41:35,930 - sim.ResponsiveLL_W10_Rep1.MetricsCollector - INFO - metrics:177 - Metrics @ T=185.00: Cells=5710, MaxR=78.08, Pheno={'G_SPECIALIST': 1945, 'L_SPECIALIST': 3765, 'SWITCHING_GL': 0}
2025-05-27 18:41:36,312 - sim.ResponsiveLL_W10_Rep1.MetricsCollector - INFO - metrics:177 - Metrics @ T=186.00: Cells=5753, MaxR=78.08, Pheno={'G_SPECIALIST': 1945, 'L_SPECIALIST': 3808, 'SWITCHING_GL': 0}
2025-05-27 18:41:36,722 - sim.ResponsiveLL_W10_Rep1.MetricsCollector - INFO - metrics:177 - Metrics @ T=187.00: Cells=5791, MaxR=78.08, Pheno={'G_SPECIALIST': 1945, 'L_SPECIALIST': 3846, 'SWITCHING_GL': 0}
2025-05-27 18:41:37,187 - sim.ResponsiveLL_W10_Rep1.MetricsCollector - INFO - metrics:177 - Metrics @ T=188.00: Cells=5840, MaxR=79.62, Pheno={'G_SPECIALIST': 1945, 'L_SPECIALIST': 3895, 'SWITCHING_GL': 0}
2025-05-27 18:41:37,665 - sim.ResponsiveLL_W10_Rep1.MetricsCollector - INFO - metrics:177 - Metrics @ T=189.00: Cells=5885, MaxR=79.62, Pheno={'G_SPECIALIST': 1945, 'L_SPECIALIST': 3940, 'SWITCHING_GL': 0}
2025-05-27 18:41:38,042 - sim.ResponsiveLL_W10_Rep1 - INFO - simulation_engine:218 - Progress: T=190.00, Cells=5917
2025-05-27 18:41:38,114 - sim.ResponsiveLL_W10_Rep1.MetricsCollector - INFO - metrics:177 - Metrics @ T=190.00: Cells=5924, MaxR=79.62, Pheno={'G_SPECIALIST': 1945, 'L_SPECIALIST': 3979, 'SWITCHING_GL': 0}
2025-05-27 18:41:38,568 - sim.ResponsiveLL_W10_Rep1.MetricsCollector - INFO - metrics:177 - Metrics @ T=191.00: Cells=5974, MaxR=79.62, Pheno={'G_SPECIALIST': 1945, 'L_SPECIALIST': 4029, 'SWITCHING_GL': 0}
2025-05-27 18:41:39,031 - sim.ResponsiveLL_W10_Rep1.MetricsCollector - INFO - metrics:177 - Metrics @ T=192.00: Cells=6015, MaxR=79.73, Pheno={'G_SPECIALIST': 1945, 'L_SPECIALIST': 4070, 'SWITCHING_GL': 0}
2025-05-27 18:41:39,479 - sim.ResponsiveLL_W10_Rep1.MetricsCollector - INFO - metrics:177 - Metrics @ T=193.00: Cells=6060, MaxR=81.66, Pheno={'G_SPECIALIST': 1947, 'L_SPECIALIST': 4113, 'SWITCHING_GL': 0}
2025-05-27 18:41:39,931 - sim.ResponsiveLL_W10_Rep1.MetricsCollector - INFO - metrics:177 - Metrics @ T=194.00: Cells=6107, MaxR=81.66, Pheno={'G_SPECIALIST': 1947, 'L_SPECIALIST': 4160, 'SWITCHING_GL': 0}
2025-05-27 18:41:40,404 - sim.ResponsiveLL_W10_Rep1.MetricsCollector - INFO - metrics:177 - Metrics @ T=195.00: Cells=6148, MaxR=81.66, Pheno={'G_SPECIALIST': 1948, 'L_SPECIALIST': 4200, 'SWITCHING_GL': 0}
2025-05-27 18:41:40,875 - sim.ResponsiveLL_W10_Rep1.MetricsCollector - INFO - metrics:177 - Metrics @ T=196.00: Cells=6192, MaxR=81.66, Pheno={'G_SPECIALIST': 1949, 'L_SPECIALIST': 4243, 'SWITCHING_GL': 0}
2025-05-27 18:41:41,340 - sim.ResponsiveLL_W10_Rep1.MetricsCollector - INFO - metrics:177 - Metrics @ T=197.00: Cells=6240, MaxR=81.66, Pheno={'G_SPECIALIST': 1953, 'L_SPECIALIST': 4287, 'SWITCHING_GL': 0}
2025-05-27 18:41:41,788 - sim.ResponsiveLL_W10_Rep1.MetricsCollector - INFO - metrics:177 - Metrics @ T=198.00: Cells=6296, MaxR=84.45, Pheno={'G_SPECIALIST': 1957, 'L_SPECIALIST': 4338, 'SWITCHING_GL': 1}
2025-05-27 18:41:42,256 - sim.ResponsiveLL_W10_Rep1.MetricsCollector - INFO - metrics:177 - Metrics @ T=199.00: Cells=6339, MaxR=84.64, Pheno={'G_SPECIALIST': 1960, 'L_SPECIALIST': 4378, 'SWITCHING_GL': 1}
2025-05-27 18:41:42,648 - sim.ResponsiveLL_W10_Rep1 - INFO - simulation_engine:218 - Progress: T=200.00, Cells=6386
2025-05-27 18:41:42,722 - sim.ResponsiveLL_W10_Rep1.MetricsCollector - INFO - metrics:177 - Metrics @ T=200.00: Cells=6387, MaxR=86.24, Pheno={'G_SPECIALIST': 1966, 'L_SPECIALIST': 4420, 'SWITCHING_GL': 1}
2025-05-27 18:41:42,763 - sim.ResponsiveLL_W10_Rep1 - INFO - simulation_engine:238 - Sim run finished: ResponsiveLL_W10_Rep1. Wall-clock: 39.583s.
2025-05-27 18:41:42,764 - sim.ResponsiveLL_W10_Rep1 - INFO - simulation_engine:241 - Final state: SimTime=200.10, Steps=2001, Cells=6394.
2025-05-27 18:41:42,764 - sim.ResponsiveLL_W10_Rep1.MetricsCollector - INFO - metrics:300 - Finalizing data collection and exporting results...
2025-05-27 18:41:42,764 - sim.ResponsiveLL_W10_Rep1.MetricsCollector - INFO - metrics:312 - --- Simulation Summary (Log) ---
time: 199.99999999999292
total_cell_count: 6387
phenotype_counts: {'G_SPECIALIST': 1966, 'L_SPECIALIST': 4420, 'SWITCHING_GL': 1}
avg_radial_distance: 48.69928047988188
max_radial_distance: 86.23804264940154
min_radial_distance: 0.0
std_dev_radial_distance: 17.485230859636587
median_radial_distance: 51.29327441292864
frontier_lag_G_to_L: (details in files)
frontier_traits: (details in files)
overall_radial_expansion_velocity: 0.42252995920917824
config_exp_name: ResponsiveLL_W10_Rep1

2025-05-27 18:41:42,786 - sim.ResponsiveLL_W10_Rep1.MetricsCollector - INFO - metrics:242 - Time series data exported to results\ResponsiveLL_W10_Rep1\time_series_data.csv
2025-05-27 18:41:42,788 - sim.ResponsiveLL_W10_Rep1.MetricsCollector - INFO - metrics:267 - Summary data exported to results\ResponsiveLL_W10_Rep1\summary.json
2025-05-27 18:41:42,788 - sim.ResponsiveLL_W10_Rep1.MetricsCollector - INFO - metrics:275 - No kymograph data to export.
2025-05-27 18:41:42,788 - sim.ResponsiveLL_W10_Rep1.MetricsCollector - INFO - metrics:316 - All data export finalized for ResponsiveLL_W10_Rep1.
2025-05-27 18:41:42,789 - sim.ResponsiveLL_W10_Rep1 - INFO - simulation_engine:276 - Simulation fully complete.
