2025-05-27 19:44:41,821 - sim.TraitDistinct_HighDistinct_W40_P0.5_Rep3 - INFO - simulation_engine:37 - Initializing SimulationEngine for experiment: TraitDistinct_HighDistinct_W40_P0.5_Rep3
2025-05-27 19:44:41,823 - sim.TraitDistinct_HighDistinct_W40_P0.5_Rep3 - INFO - simulation_engine:70 - Visualization disabled.
2025-05-27 19:44:41,823 - sim.TraitDistinct_HighDistinct_W40_P0.5_Rep3 - INFO - simulation_engine:202 - Starting simulation: TraitDistinct_HighDistinct_W40_P0.5_Rep3
2025-05-27 19:44:41,823 - sim.TraitDistinct_HighDistinct_W40_P0.5_Rep3 - INFO - simulation_engine:204 - Colony initialized: 5 cells.
2025-05-27 19:44:41,824 - sim.TraitDistinct_HighDistinct_W40_P0.5_Rep3.MetricsCollector - INFO - metrics:177 - Metrics @ T=0.00: Cells=5, MaxR=1.73, Pheno={'G_SPECIALIST': 5, 'L_SPECIALIST': 0, 'SWITCHING_GL': 0}
2025-05-27 19:44:41,825 - sim.TraitDistinct_HighDistinct_W40_P0.5_Rep3.MetricsCollector - INFO - metrics:177 - Metrics @ T=1.00: Cells=6, MaxR=3.46, Pheno={'G_SPECIALIST': 6, 'L_SPECIALIST': 0, 'SWITCHING_GL': 0}
2025-05-27 19:44:41,825 - sim.TraitDistinct_HighDistinct_W40_P0.5_Rep3.MetricsCollector - INFO - metrics:177 - Metrics @ T=2.00: Cells=9, MaxR=4.58, Pheno={'G_SPECIALIST': 9, 'L_SPECIALIST': 0, 'SWITCHING_GL': 0}
2025-05-27 19:44:41,827 - sim.TraitDistinct_HighDistinct_W40_P0.5_Rep3.MetricsCollector - INFO - metrics:177 - Metrics @ T=3.00: Cells=10, MaxR=5.20, Pheno={'G_SPECIALIST': 10, 'L_SPECIALIST': 0, 'SWITCHING_GL': 0}
2025-05-27 19:44:41,829 - sim.TraitDistinct_HighDistinct_W40_P0.5_Rep3.MetricsCollector - INFO - metrics:177 - Metrics @ T=4.00: Cells=15, MaxR=6.93, Pheno={'G_SPECIALIST': 15, 'L_SPECIALIST': 0, 'SWITCHING_GL': 0}
2025-05-27 19:44:41,830 - sim.TraitDistinct_HighDistinct_W40_P0.5_Rep3.MetricsCollector - INFO - metrics:177 - Metrics @ T=5.00: Cells=19, MaxR=6.93, Pheno={'G_SPECIALIST': 19, 'L_SPECIALIST': 0, 'SWITCHING_GL': 0}
2025-05-27 19:44:41,831 - sim.TraitDistinct_HighDistinct_W40_P0.5_Rep3.MetricsCollector - INFO - metrics:177 - Metrics @ T=6.00: Cells=22, MaxR=6.93, Pheno={'G_SPECIALIST': 22, 'L_SPECIALIST': 0, 'SWITCHING_GL': 0}
2025-05-27 19:44:41,834 - sim.TraitDistinct_HighDistinct_W40_P0.5_Rep3.MetricsCollector - INFO - metrics:177 - Metrics @ T=7.00: Cells=29, MaxR=7.94, Pheno={'G_SPECIALIST': 29, 'L_SPECIALIST': 0, 'SWITCHING_GL': 0}
2025-05-27 19:44:41,837 - sim.TraitDistinct_HighDistinct_W40_P0.5_Rep3.MetricsCollector - INFO - metrics:177 - Metrics @ T=8.00: Cells=35, MaxR=7.94, Pheno={'G_SPECIALIST': 35, 'L_SPECIALIST': 0, 'SWITCHING_GL': 0}
2025-05-27 19:44:41,839 - sim.TraitDistinct_HighDistinct_W40_P0.5_Rep3.MetricsCollector - INFO - metrics:177 - Metrics @ T=9.00: Cells=40, MaxR=9.64, Pheno={'G_SPECIALIST': 40, 'L_SPECIALIST': 0, 'SWITCHING_GL': 0}
2025-05-27 19:44:41,841 - sim.TraitDistinct_HighDistinct_W40_P0.5_Rep3 - INFO - simulation_engine:218 - Progress: T=10.00, Cells=51
2025-05-27 19:44:41,843 - sim.TraitDistinct_HighDistinct_W40_P0.5_Rep3.MetricsCollector - INFO - metrics:177 - Metrics @ T=10.00: Cells=52, MaxR=9.64, Pheno={'G_SPECIALIST': 52, 'L_SPECIALIST': 0, 'SWITCHING_GL': 0}
2025-05-27 19:44:41,847 - sim.TraitDistinct_HighDistinct_W40_P0.5_Rep3.MetricsCollector - INFO - metrics:177 - Metrics @ T=11.00: Cells=58, MaxR=10.39, Pheno={'G_SPECIALIST': 58, 'L_SPECIALIST': 0, 'SWITCHING_GL': 0}
2025-05-27 19:44:41,851 - sim.TraitDistinct_HighDistinct_W40_P0.5_Rep3.MetricsCollector - INFO - metrics:177 - Metrics @ T=12.00: Cells=67, MaxR=12.12, Pheno={'G_SPECIALIST': 67, 'L_SPECIALIST': 0, 'SWITCHING_GL': 0}
2025-05-27 19:44:41,858 - sim.TraitDistinct_HighDistinct_W40_P0.5_Rep3.MetricsCollector - INFO - metrics:177 - Metrics @ T=13.00: Cells=74, MaxR=14.18, Pheno={'G_SPECIALIST': 74, 'L_SPECIALIST': 0, 'SWITCHING_GL': 0}
2025-05-27 19:44:41,863 - sim.TraitDistinct_HighDistinct_W40_P0.5_Rep3.MetricsCollector - INFO - metrics:177 - Metrics @ T=14.00: Cells=84, MaxR=14.18, Pheno={'G_SPECIALIST': 84, 'L_SPECIALIST': 0, 'SWITCHING_GL': 0}
2025-05-27 19:44:41,868 - sim.TraitDistinct_HighDistinct_W40_P0.5_Rep3.MetricsCollector - INFO - metrics:177 - Metrics @ T=15.00: Cells=93, MaxR=14.18, Pheno={'G_SPECIALIST': 93, 'L_SPECIALIST': 0, 'SWITCHING_GL': 0}
2025-05-27 19:44:41,877 - sim.TraitDistinct_HighDistinct_W40_P0.5_Rep3.MetricsCollector - INFO - metrics:177 - Metrics @ T=16.00: Cells=107, MaxR=14.80, Pheno={'G_SPECIALIST': 107, 'L_SPECIALIST': 0, 'SWITCHING_GL': 0}
2025-05-27 19:44:41,885 - sim.TraitDistinct_HighDistinct_W40_P0.5_Rep3.MetricsCollector - INFO - metrics:177 - Metrics @ T=17.00: Cells=121, MaxR=17.32, Pheno={'G_SPECIALIST': 121, 'L_SPECIALIST': 0, 'SWITCHING_GL': 0}
2025-05-27 19:44:41,894 - sim.TraitDistinct_HighDistinct_W40_P0.5_Rep3.MetricsCollector - INFO - metrics:177 - Metrics @ T=18.00: Cells=136, MaxR=17.32, Pheno={'G_SPECIALIST': 136, 'L_SPECIALIST': 0, 'SWITCHING_GL': 0}
2025-05-27 19:44:41,903 - sim.TraitDistinct_HighDistinct_W40_P0.5_Rep3.MetricsCollector - INFO - metrics:177 - Metrics @ T=19.00: Cells=155, MaxR=18.25, Pheno={'G_SPECIALIST': 155, 'L_SPECIALIST': 0, 'SWITCHING_GL': 0}
2025-05-27 19:44:41,914 - sim.TraitDistinct_HighDistinct_W40_P0.5_Rep3 - INFO - simulation_engine:218 - Progress: T=20.00, Cells=172
2025-05-27 19:44:41,916 - sim.TraitDistinct_HighDistinct_W40_P0.5_Rep3.MetricsCollector - INFO - metrics:177 - Metrics @ T=20.00: Cells=176, MaxR=18.25, Pheno={'G_SPECIALIST': 176, 'L_SPECIALIST': 0, 'SWITCHING_GL': 0}
2025-05-27 19:44:41,928 - sim.TraitDistinct_HighDistinct_W40_P0.5_Rep3.MetricsCollector - INFO - metrics:177 - Metrics @ T=21.00: Cells=193, MaxR=18.33, Pheno={'G_SPECIALIST': 193, 'L_SPECIALIST': 0, 'SWITCHING_GL': 0}
2025-05-27 19:44:41,942 - sim.TraitDistinct_HighDistinct_W40_P0.5_Rep3.MetricsCollector - INFO - metrics:177 - Metrics @ T=22.00: Cells=211, MaxR=19.97, Pheno={'G_SPECIALIST': 211, 'L_SPECIALIST': 0, 'SWITCHING_GL': 0}
2025-05-27 19:44:41,956 - sim.TraitDistinct_HighDistinct_W40_P0.5_Rep3.MetricsCollector - INFO - metrics:177 - Metrics @ T=23.00: Cells=229, MaxR=19.97, Pheno={'G_SPECIALIST': 229, 'L_SPECIALIST': 0, 'SWITCHING_GL': 0}
2025-05-27 19:44:41,972 - sim.TraitDistinct_HighDistinct_W40_P0.5_Rep3.MetricsCollector - INFO - metrics:177 - Metrics @ T=24.00: Cells=247, MaxR=20.42, Pheno={'G_SPECIALIST': 247, 'L_SPECIALIST': 0, 'SWITCHING_GL': 0}
2025-05-27 19:44:41,988 - sim.TraitDistinct_HighDistinct_W40_P0.5_Rep3.MetricsCollector - INFO - metrics:177 - Metrics @ T=25.00: Cells=258, MaxR=21.00, Pheno={'G_SPECIALIST': 258, 'L_SPECIALIST': 0, 'SWITCHING_GL': 0}
2025-05-27 19:44:42,005 - sim.TraitDistinct_HighDistinct_W40_P0.5_Rep3.MetricsCollector - INFO - metrics:177 - Metrics @ T=26.00: Cells=272, MaxR=21.00, Pheno={'G_SPECIALIST': 272, 'L_SPECIALIST': 0, 'SWITCHING_GL': 0}
2025-05-27 19:44:42,025 - sim.TraitDistinct_HighDistinct_W40_P0.5_Rep3.MetricsCollector - INFO - metrics:177 - Metrics @ T=27.00: Cells=298, MaxR=21.28, Pheno={'G_SPECIALIST': 298, 'L_SPECIALIST': 0, 'SWITCHING_GL': 0}
2025-05-27 19:44:42,045 - sim.TraitDistinct_HighDistinct_W40_P0.5_Rep3.MetricsCollector - INFO - metrics:177 - Metrics @ T=28.00: Cells=327, MaxR=22.91, Pheno={'G_SPECIALIST': 327, 'L_SPECIALIST': 0, 'SWITCHING_GL': 0}
2025-05-27 19:44:42,067 - sim.TraitDistinct_HighDistinct_W40_P0.5_Rep3.MetricsCollector - INFO - metrics:177 - Metrics @ T=29.00: Cells=349, MaxR=22.91, Pheno={'G_SPECIALIST': 349, 'L_SPECIALIST': 0, 'SWITCHING_GL': 0}
2025-05-27 19:44:42,087 - sim.TraitDistinct_HighDistinct_W40_P0.5_Rep3 - INFO - simulation_engine:218 - Progress: T=30.00, Cells=379
2025-05-27 19:44:42,091 - sim.TraitDistinct_HighDistinct_W40_P0.5_Rep3.MetricsCollector - INFO - metrics:177 - Metrics @ T=30.00: Cells=385, MaxR=25.87, Pheno={'G_SPECIALIST': 385, 'L_SPECIALIST': 0, 'SWITCHING_GL': 0}
2025-05-27 19:44:42,117 - sim.TraitDistinct_HighDistinct_W40_P0.5_Rep3.MetricsCollector - INFO - metrics:177 - Metrics @ T=31.00: Cells=407, MaxR=27.87, Pheno={'G_SPECIALIST': 407, 'L_SPECIALIST': 0, 'SWITCHING_GL': 0}
2025-05-27 19:44:42,144 - sim.TraitDistinct_HighDistinct_W40_P0.5_Rep3.MetricsCollector - INFO - metrics:177 - Metrics @ T=32.00: Cells=436, MaxR=29.55, Pheno={'G_SPECIALIST': 436, 'L_SPECIALIST': 0, 'SWITCHING_GL': 0}
2025-05-27 19:44:42,172 - sim.TraitDistinct_HighDistinct_W40_P0.5_Rep3.MetricsCollector - INFO - metrics:177 - Metrics @ T=33.00: Cells=468, MaxR=29.55, Pheno={'G_SPECIALIST': 468, 'L_SPECIALIST': 0, 'SWITCHING_GL': 0}
2025-05-27 19:44:42,205 - sim.TraitDistinct_HighDistinct_W40_P0.5_Rep3.MetricsCollector - INFO - metrics:177 - Metrics @ T=34.00: Cells=505, MaxR=31.22, Pheno={'G_SPECIALIST': 505, 'L_SPECIALIST': 0, 'SWITCHING_GL': 0}
2025-05-27 19:44:42,239 - sim.TraitDistinct_HighDistinct_W40_P0.5_Rep3.MetricsCollector - INFO - metrics:177 - Metrics @ T=35.00: Cells=542, MaxR=31.22, Pheno={'G_SPECIALIST': 542, 'L_SPECIALIST': 0, 'SWITCHING_GL': 0}
2025-05-27 19:44:42,275 - sim.TraitDistinct_HighDistinct_W40_P0.5_Rep3.MetricsCollector - INFO - metrics:177 - Metrics @ T=36.00: Cells=572, MaxR=32.91, Pheno={'G_SPECIALIST': 572, 'L_SPECIALIST': 0, 'SWITCHING_GL': 0}
2025-05-27 19:44:42,314 - sim.TraitDistinct_HighDistinct_W40_P0.5_Rep3.MetricsCollector - INFO - metrics:177 - Metrics @ T=37.00: Cells=618, MaxR=34.60, Pheno={'G_SPECIALIST': 618, 'L_SPECIALIST': 0, 'SWITCHING_GL': 0}
2025-05-27 19:44:42,354 - sim.TraitDistinct_HighDistinct_W40_P0.5_Rep3.MetricsCollector - INFO - metrics:177 - Metrics @ T=38.00: Cells=653, MaxR=34.60, Pheno={'G_SPECIALIST': 653, 'L_SPECIALIST': 0, 'SWITCHING_GL': 0}
2025-05-27 19:44:42,398 - sim.TraitDistinct_HighDistinct_W40_P0.5_Rep3.MetricsCollector - INFO - metrics:177 - Metrics @ T=39.00: Cells=694, MaxR=34.60, Pheno={'G_SPECIALIST': 694, 'L_SPECIALIST': 0, 'SWITCHING_GL': 0}
2025-05-27 19:44:42,435 - sim.TraitDistinct_HighDistinct_W40_P0.5_Rep3 - INFO - simulation_engine:218 - Progress: T=40.00, Cells=726
2025-05-27 19:44:42,443 - sim.TraitDistinct_HighDistinct_W40_P0.5_Rep3.MetricsCollector - INFO - metrics:177 - Metrics @ T=40.00: Cells=730, MaxR=34.60, Pheno={'G_SPECIALIST': 730, 'L_SPECIALIST': 0, 'SWITCHING_GL': 0}
2025-05-27 19:44:42,493 - sim.TraitDistinct_HighDistinct_W40_P0.5_Rep3.MetricsCollector - INFO - metrics:177 - Metrics @ T=41.00: Cells=771, MaxR=37.03, Pheno={'G_SPECIALIST': 771, 'L_SPECIALIST': 0, 'SWITCHING_GL': 0}
2025-05-27 19:44:42,545 - sim.TraitDistinct_HighDistinct_W40_P0.5_Rep3.MetricsCollector - INFO - metrics:177 - Metrics @ T=42.00: Cells=813, MaxR=37.47, Pheno={'G_SPECIALIST': 813, 'L_SPECIALIST': 0, 'SWITCHING_GL': 0}
2025-05-27 19:44:42,598 - sim.TraitDistinct_HighDistinct_W40_P0.5_Rep3.MetricsCollector - INFO - metrics:177 - Metrics @ T=43.00: Cells=860, MaxR=37.47, Pheno={'G_SPECIALIST': 860, 'L_SPECIALIST': 0, 'SWITCHING_GL': 0}
2025-05-27 19:44:42,653 - sim.TraitDistinct_HighDistinct_W40_P0.5_Rep3.MetricsCollector - INFO - metrics:177 - Metrics @ T=44.00: Cells=894, MaxR=38.30, Pheno={'G_SPECIALIST': 894, 'L_SPECIALIST': 0, 'SWITCHING_GL': 0}
2025-05-27 19:44:42,709 - sim.TraitDistinct_HighDistinct_W40_P0.5_Rep3.MetricsCollector - INFO - metrics:177 - Metrics @ T=45.00: Cells=924, MaxR=39.61, Pheno={'G_SPECIALIST': 924, 'L_SPECIALIST': 0, 'SWITCHING_GL': 0}
2025-05-27 19:44:42,770 - sim.TraitDistinct_HighDistinct_W40_P0.5_Rep3.MetricsCollector - INFO - metrics:177 - Metrics @ T=46.00: Cells=958, MaxR=39.61, Pheno={'G_SPECIALIST': 958, 'L_SPECIALIST': 0, 'SWITCHING_GL': 0}
2025-05-27 19:44:42,832 - sim.TraitDistinct_HighDistinct_W40_P0.5_Rep3.MetricsCollector - INFO - metrics:177 - Metrics @ T=47.00: Cells=998, MaxR=39.61, Pheno={'G_SPECIALIST': 998, 'L_SPECIALIST': 0, 'SWITCHING_GL': 0}
2025-05-27 19:44:42,896 - sim.TraitDistinct_HighDistinct_W40_P0.5_Rep3.MetricsCollector - INFO - metrics:177 - Metrics @ T=48.00: Cells=1036, MaxR=39.61, Pheno={'G_SPECIALIST': 1036, 'L_SPECIALIST': 0, 'SWITCHING_GL': 0}
2025-05-27 19:44:42,964 - sim.TraitDistinct_HighDistinct_W40_P0.5_Rep3.MetricsCollector - INFO - metrics:177 - Metrics @ T=49.00: Cells=1074, MaxR=40.73, Pheno={'G_SPECIALIST': 1073, 'SWITCHING_GL': 1, 'L_SPECIALIST': 0}
2025-05-27 19:44:43,024 - sim.TraitDistinct_HighDistinct_W40_P0.5_Rep3 - INFO - simulation_engine:218 - Progress: T=50.00, Cells=1109
2025-05-27 19:44:43,036 - sim.TraitDistinct_HighDistinct_W40_P0.5_Rep3.MetricsCollector - INFO - metrics:177 - Metrics @ T=50.00: Cells=1119, MaxR=40.95, Pheno={'G_SPECIALIST': 1116, 'SWITCHING_GL': 3, 'L_SPECIALIST': 0}
2025-05-27 19:44:43,109 - sim.TraitDistinct_HighDistinct_W40_P0.5_Rep3.MetricsCollector - INFO - metrics:177 - Metrics @ T=51.00: Cells=1157, MaxR=40.95, Pheno={'G_SPECIALIST': 1152, 'SWITCHING_GL': 5, 'L_SPECIALIST': 0}
2025-05-27 19:44:43,185 - sim.TraitDistinct_HighDistinct_W40_P0.5_Rep3.MetricsCollector - INFO - metrics:177 - Metrics @ T=52.00: Cells=1197, MaxR=40.95, Pheno={'G_SPECIALIST': 1192, 'SWITCHING_GL': 5, 'L_SPECIALIST': 0}
2025-05-27 19:44:43,261 - sim.TraitDistinct_HighDistinct_W40_P0.5_Rep3.MetricsCollector - INFO - metrics:177 - Metrics @ T=53.00: Cells=1241, MaxR=40.95, Pheno={'G_SPECIALIST': 1234, 'SWITCHING_GL': 7, 'L_SPECIALIST': 0}
2025-05-27 19:44:43,341 - sim.TraitDistinct_HighDistinct_W40_P0.5_Rep3.MetricsCollector - INFO - metrics:177 - Metrics @ T=54.00: Cells=1285, MaxR=40.95, Pheno={'G_SPECIALIST': 1276, 'SWITCHING_GL': 9, 'L_SPECIALIST': 0}
2025-05-27 19:44:43,425 - sim.TraitDistinct_HighDistinct_W40_P0.5_Rep3.MetricsCollector - INFO - metrics:177 - Metrics @ T=55.00: Cells=1338, MaxR=40.95, Pheno={'G_SPECIALIST': 1329, 'SWITCHING_GL': 7, 'L_SPECIALIST': 2}
2025-05-27 19:44:43,515 - sim.TraitDistinct_HighDistinct_W40_P0.5_Rep3.MetricsCollector - INFO - metrics:177 - Metrics @ T=56.00: Cells=1390, MaxR=40.95, Pheno={'G_SPECIALIST': 1380, 'SWITCHING_GL': 7, 'L_SPECIALIST': 3}
2025-05-27 19:44:43,606 - sim.TraitDistinct_HighDistinct_W40_P0.5_Rep3.MetricsCollector - INFO - metrics:177 - Metrics @ T=57.00: Cells=1445, MaxR=40.95, Pheno={'G_SPECIALIST': 1434, 'SWITCHING_GL': 8, 'L_SPECIALIST': 3}
2025-05-27 19:44:43,698 - sim.TraitDistinct_HighDistinct_W40_P0.5_Rep3.MetricsCollector - INFO - metrics:177 - Metrics @ T=58.00: Cells=1493, MaxR=41.61, Pheno={'G_SPECIALIST': 1479, 'SWITCHING_GL': 11, 'L_SPECIALIST': 3}
2025-05-27 19:44:43,793 - sim.TraitDistinct_HighDistinct_W40_P0.5_Rep3.MetricsCollector - INFO - metrics:177 - Metrics @ T=59.00: Cells=1542, MaxR=43.71, Pheno={'G_SPECIALIST': 1521, 'SWITCHING_GL': 14, 'L_SPECIALIST': 7}
2025-05-27 19:44:43,874 - sim.TraitDistinct_HighDistinct_W40_P0.5_Rep3 - INFO - simulation_engine:218 - Progress: T=60.00, Cells=1584
2025-05-27 19:44:43,892 - sim.TraitDistinct_HighDistinct_W40_P0.5_Rep3.MetricsCollector - INFO - metrics:177 - Metrics @ T=60.00: Cells=1588, MaxR=43.71, Pheno={'G_SPECIALIST': 1563, 'SWITCHING_GL': 18, 'L_SPECIALIST': 7}
2025-05-27 19:44:43,996 - sim.TraitDistinct_HighDistinct_W40_P0.5_Rep3.MetricsCollector - INFO - metrics:177 - Metrics @ T=61.00: Cells=1640, MaxR=43.71, Pheno={'G_SPECIALIST': 1606, 'SWITCHING_GL': 24, 'L_SPECIALIST': 10}
2025-05-27 19:44:44,101 - sim.TraitDistinct_HighDistinct_W40_P0.5_Rep3.MetricsCollector - INFO - metrics:177 - Metrics @ T=62.00: Cells=1678, MaxR=43.71, Pheno={'G_SPECIALIST': 1639, 'SWITCHING_GL': 29, 'L_SPECIALIST': 10}
2025-05-27 19:44:44,207 - sim.TraitDistinct_HighDistinct_W40_P0.5_Rep3.MetricsCollector - INFO - metrics:177 - Metrics @ T=63.00: Cells=1711, MaxR=43.71, Pheno={'G_SPECIALIST': 1666, 'SWITCHING_GL': 33, 'L_SPECIALIST': 12}
2025-05-27 19:44:44,315 - sim.TraitDistinct_HighDistinct_W40_P0.5_Rep3.MetricsCollector - INFO - metrics:177 - Metrics @ T=64.00: Cells=1747, MaxR=43.71, Pheno={'G_SPECIALIST': 1688, 'SWITCHING_GL': 43, 'L_SPECIALIST': 16}
2025-05-27 19:44:44,425 - sim.TraitDistinct_HighDistinct_W40_P0.5_Rep3.MetricsCollector - INFO - metrics:177 - Metrics @ T=65.00: Cells=1788, MaxR=43.71, Pheno={'G_SPECIALIST': 1717, 'SWITCHING_GL': 52, 'L_SPECIALIST': 19}
2025-05-27 19:44:44,539 - sim.TraitDistinct_HighDistinct_W40_P0.5_Rep3.MetricsCollector - INFO - metrics:177 - Metrics @ T=66.00: Cells=1830, MaxR=43.71, Pheno={'G_SPECIALIST': 1748, 'SWITCHING_GL': 56, 'L_SPECIALIST': 26}
2025-05-27 19:44:44,654 - sim.TraitDistinct_HighDistinct_W40_P0.5_Rep3.MetricsCollector - INFO - metrics:177 - Metrics @ T=67.00: Cells=1850, MaxR=44.80, Pheno={'G_SPECIALIST': 1763, 'SWITCHING_GL': 56, 'L_SPECIALIST': 31}
2025-05-27 19:44:44,773 - sim.TraitDistinct_HighDistinct_W40_P0.5_Rep3.MetricsCollector - INFO - metrics:177 - Metrics @ T=68.00: Cells=1881, MaxR=44.80, Pheno={'G_SPECIALIST': 1785, 'SWITCHING_GL': 61, 'L_SPECIALIST': 35}
2025-05-27 19:44:44,893 - sim.TraitDistinct_HighDistinct_W40_P0.5_Rep3.MetricsCollector - INFO - metrics:177 - Metrics @ T=69.00: Cells=1907, MaxR=44.80, Pheno={'G_SPECIALIST': 1806, 'SWITCHING_GL': 57, 'L_SPECIALIST': 44}
2025-05-27 19:44:44,993 - sim.TraitDistinct_HighDistinct_W40_P0.5_Rep3 - INFO - simulation_engine:218 - Progress: T=70.00, Cells=1935
2025-05-27 19:44:45,014 - sim.TraitDistinct_HighDistinct_W40_P0.5_Rep3.MetricsCollector - INFO - metrics:177 - Metrics @ T=70.00: Cells=1936, MaxR=45.43, Pheno={'G_SPECIALIST': 1827, 'L_SPECIALIST': 54, 'SWITCHING_GL': 55}
2025-05-27 19:44:45,135 - sim.TraitDistinct_HighDistinct_W40_P0.5_Rep3.MetricsCollector - INFO - metrics:177 - Metrics @ T=71.00: Cells=1950, MaxR=46.57, Pheno={'G_SPECIALIST': 1835, 'L_SPECIALIST': 61, 'SWITCHING_GL': 54}
2025-05-27 19:44:45,257 - sim.TraitDistinct_HighDistinct_W40_P0.5_Rep3.MetricsCollector - INFO - metrics:177 - Metrics @ T=72.00: Cells=1974, MaxR=46.57, Pheno={'G_SPECIALIST': 1847, 'L_SPECIALIST': 69, 'SWITCHING_GL': 58}
2025-05-27 19:44:45,381 - sim.TraitDistinct_HighDistinct_W40_P0.5_Rep3.MetricsCollector - INFO - metrics:177 - Metrics @ T=73.00: Cells=2006, MaxR=46.57, Pheno={'G_SPECIALIST': 1864, 'L_SPECIALIST': 76, 'SWITCHING_GL': 66}
2025-05-27 19:44:45,504 - sim.TraitDistinct_HighDistinct_W40_P0.5_Rep3.MetricsCollector - INFO - metrics:177 - Metrics @ T=74.00: Cells=2025, MaxR=48.03, Pheno={'G_SPECIALIST': 1876, 'L_SPECIALIST': 83, 'SWITCHING_GL': 66}
2025-05-27 19:44:45,631 - sim.TraitDistinct_HighDistinct_W40_P0.5_Rep3.MetricsCollector - INFO - metrics:177 - Metrics @ T=75.00: Cells=2050, MaxR=48.03, Pheno={'G_SPECIALIST': 1887, 'L_SPECIALIST': 95, 'SWITCHING_GL': 68}
2025-05-27 19:44:45,758 - sim.TraitDistinct_HighDistinct_W40_P0.5_Rep3.MetricsCollector - INFO - metrics:177 - Metrics @ T=76.00: Cells=2065, MaxR=48.03, Pheno={'G_SPECIALIST': 1896, 'L_SPECIALIST': 99, 'SWITCHING_GL': 70}
2025-05-27 19:44:45,885 - sim.TraitDistinct_HighDistinct_W40_P0.5_Rep3.MetricsCollector - INFO - metrics:177 - Metrics @ T=77.00: Cells=2087, MaxR=48.03, Pheno={'G_SPECIALIST': 1907, 'L_SPECIALIST': 108, 'SWITCHING_GL': 72}
2025-05-27 19:44:46,015 - sim.TraitDistinct_HighDistinct_W40_P0.5_Rep3.MetricsCollector - INFO - metrics:177 - Metrics @ T=78.00: Cells=2106, MaxR=48.03, Pheno={'G_SPECIALIST': 1913, 'L_SPECIALIST': 125, 'SWITCHING_GL': 68}
2025-05-27 19:44:46,144 - sim.TraitDistinct_HighDistinct_W40_P0.5_Rep3.MetricsCollector - INFO - metrics:177 - Metrics @ T=79.00: Cells=2120, MaxR=48.28, Pheno={'G_SPECIALIST': 1917, 'L_SPECIALIST': 136, 'SWITCHING_GL': 67}
2025-05-27 19:44:46,254 - sim.TraitDistinct_HighDistinct_W40_P0.5_Rep3 - INFO - simulation_engine:218 - Progress: T=80.00, Cells=2136
2025-05-27 19:44:46,275 - sim.TraitDistinct_HighDistinct_W40_P0.5_Rep3.MetricsCollector - INFO - metrics:177 - Metrics @ T=80.00: Cells=2138, MaxR=48.28, Pheno={'G_SPECIALIST': 1922, 'L_SPECIALIST': 152, 'SWITCHING_GL': 64}
2025-05-27 19:44:46,409 - sim.TraitDistinct_HighDistinct_W40_P0.5_Rep3.MetricsCollector - INFO - metrics:177 - Metrics @ T=81.00: Cells=2167, MaxR=48.28, Pheno={'G_SPECIALIST': 1928, 'L_SPECIALIST': 171, 'SWITCHING_GL': 68}
2025-05-27 19:44:46,548 - sim.TraitDistinct_HighDistinct_W40_P0.5_Rep3.MetricsCollector - INFO - metrics:177 - Metrics @ T=82.00: Cells=2189, MaxR=48.28, Pheno={'G_SPECIALIST': 1932, 'L_SPECIALIST': 188, 'SWITCHING_GL': 69}
2025-05-27 19:44:46,701 - sim.TraitDistinct_HighDistinct_W40_P0.5_Rep3.MetricsCollector - INFO - metrics:177 - Metrics @ T=83.00: Cells=2208, MaxR=48.28, Pheno={'G_SPECIALIST': 1933, 'L_SPECIALIST': 209, 'SWITCHING_GL': 66}
2025-05-27 19:44:46,844 - sim.TraitDistinct_HighDistinct_W40_P0.5_Rep3.MetricsCollector - INFO - metrics:177 - Metrics @ T=84.00: Cells=2231, MaxR=48.28, Pheno={'G_SPECIALIST': 1934, 'L_SPECIALIST': 233, 'SWITCHING_GL': 64}
2025-05-27 19:44:46,991 - sim.TraitDistinct_HighDistinct_W40_P0.5_Rep3.MetricsCollector - INFO - metrics:177 - Metrics @ T=85.00: Cells=2246, MaxR=48.28, Pheno={'G_SPECIALIST': 1936, 'L_SPECIALIST': 253, 'SWITCHING_GL': 57}
2025-05-27 19:44:47,142 - sim.TraitDistinct_HighDistinct_W40_P0.5_Rep3.MetricsCollector - INFO - metrics:177 - Metrics @ T=86.00: Cells=2274, MaxR=49.69, Pheno={'G_SPECIALIST': 1939, 'L_SPECIALIST': 285, 'SWITCHING_GL': 50}
2025-05-27 19:44:47,289 - sim.TraitDistinct_HighDistinct_W40_P0.5_Rep3.MetricsCollector - INFO - metrics:177 - Metrics @ T=87.00: Cells=2288, MaxR=49.69, Pheno={'G_SPECIALIST': 1940, 'L_SPECIALIST': 304, 'SWITCHING_GL': 44}
2025-05-27 19:44:47,433 - sim.TraitDistinct_HighDistinct_W40_P0.5_Rep3.MetricsCollector - INFO - metrics:177 - Metrics @ T=88.00: Cells=2309, MaxR=49.69, Pheno={'G_SPECIALIST': 1940, 'L_SPECIALIST': 325, 'SWITCHING_GL': 44}
2025-05-27 19:44:47,579 - sim.TraitDistinct_HighDistinct_W40_P0.5_Rep3.MetricsCollector - INFO - metrics:177 - Metrics @ T=89.00: Cells=2325, MaxR=49.69, Pheno={'G_SPECIALIST': 1942, 'L_SPECIALIST': 343, 'SWITCHING_GL': 40}
2025-05-27 19:44:47,701 - sim.TraitDistinct_HighDistinct_W40_P0.5_Rep3 - INFO - simulation_engine:218 - Progress: T=90.00, Cells=2340
2025-05-27 19:44:47,726 - sim.TraitDistinct_HighDistinct_W40_P0.5_Rep3.MetricsCollector - INFO - metrics:177 - Metrics @ T=90.00: Cells=2343, MaxR=49.69, Pheno={'G_SPECIALIST': 1944, 'L_SPECIALIST': 357, 'SWITCHING_GL': 42}
2025-05-27 19:44:47,881 - sim.TraitDistinct_HighDistinct_W40_P0.5_Rep3.MetricsCollector - INFO - metrics:177 - Metrics @ T=91.00: Cells=2368, MaxR=49.87, Pheno={'G_SPECIALIST': 1945, 'L_SPECIALIST': 384, 'SWITCHING_GL': 39}
2025-05-27 19:44:48,029 - sim.TraitDistinct_HighDistinct_W40_P0.5_Rep3.MetricsCollector - INFO - metrics:177 - Metrics @ T=92.00: Cells=2385, MaxR=49.87, Pheno={'G_SPECIALIST': 1945, 'L_SPECIALIST': 402, 'SWITCHING_GL': 38}
2025-05-27 19:44:48,180 - sim.TraitDistinct_HighDistinct_W40_P0.5_Rep3.MetricsCollector - INFO - metrics:177 - Metrics @ T=93.00: Cells=2418, MaxR=51.26, Pheno={'G_SPECIALIST': 1945, 'L_SPECIALIST': 440, 'SWITCHING_GL': 33}
2025-05-27 19:44:48,332 - sim.TraitDistinct_HighDistinct_W40_P0.5_Rep3.MetricsCollector - INFO - metrics:177 - Metrics @ T=94.00: Cells=2440, MaxR=51.26, Pheno={'G_SPECIALIST': 1945, 'L_SPECIALIST': 465, 'SWITCHING_GL': 30}
2025-05-27 19:44:48,487 - sim.TraitDistinct_HighDistinct_W40_P0.5_Rep3.MetricsCollector - INFO - metrics:177 - Metrics @ T=95.00: Cells=2468, MaxR=51.26, Pheno={'G_SPECIALIST': 1945, 'L_SPECIALIST': 495, 'SWITCHING_GL': 28}
2025-05-27 19:44:48,642 - sim.TraitDistinct_HighDistinct_W40_P0.5_Rep3.MetricsCollector - INFO - metrics:177 - Metrics @ T=96.00: Cells=2491, MaxR=51.26, Pheno={'G_SPECIALIST': 1945, 'L_SPECIALIST': 520, 'SWITCHING_GL': 26}
2025-05-27 19:44:48,798 - sim.TraitDistinct_HighDistinct_W40_P0.5_Rep3.MetricsCollector - INFO - metrics:177 - Metrics @ T=97.00: Cells=2507, MaxR=51.26, Pheno={'G_SPECIALIST': 1945, 'L_SPECIALIST': 539, 'SWITCHING_GL': 23}
2025-05-27 19:44:48,957 - sim.TraitDistinct_HighDistinct_W40_P0.5_Rep3.MetricsCollector - INFO - metrics:177 - Metrics @ T=98.00: Cells=2531, MaxR=51.47, Pheno={'G_SPECIALIST': 1945, 'L_SPECIALIST': 565, 'SWITCHING_GL': 21}
2025-05-27 19:44:49,118 - sim.TraitDistinct_HighDistinct_W40_P0.5_Rep3.MetricsCollector - INFO - metrics:177 - Metrics @ T=99.00: Cells=2558, MaxR=51.47, Pheno={'G_SPECIALIST': 1945, 'L_SPECIALIST': 594, 'SWITCHING_GL': 19}
2025-05-27 19:44:49,252 - sim.TraitDistinct_HighDistinct_W40_P0.5_Rep3 - INFO - simulation_engine:218 - Progress: T=100.00, Cells=2576
2025-05-27 19:44:49,279 - sim.TraitDistinct_HighDistinct_W40_P0.5_Rep3.MetricsCollector - INFO - metrics:177 - Metrics @ T=100.00: Cells=2578, MaxR=51.47, Pheno={'G_SPECIALIST': 1945, 'L_SPECIALIST': 615, 'SWITCHING_GL': 18}
2025-05-27 19:44:49,443 - sim.TraitDistinct_HighDistinct_W40_P0.5_Rep3.MetricsCollector - INFO - metrics:177 - Metrics @ T=101.00: Cells=2600, MaxR=51.47, Pheno={'G_SPECIALIST': 1945, 'L_SPECIALIST': 637, 'SWITCHING_GL': 18}
2025-05-27 19:44:49,607 - sim.TraitDistinct_HighDistinct_W40_P0.5_Rep3.MetricsCollector - INFO - metrics:177 - Metrics @ T=102.00: Cells=2627, MaxR=51.47, Pheno={'G_SPECIALIST': 1945, 'L_SPECIALIST': 667, 'SWITCHING_GL': 15}
2025-05-27 19:44:49,771 - sim.TraitDistinct_HighDistinct_W40_P0.5_Rep3.MetricsCollector - INFO - metrics:177 - Metrics @ T=103.00: Cells=2657, MaxR=52.51, Pheno={'G_SPECIALIST': 1945, 'L_SPECIALIST': 700, 'SWITCHING_GL': 12}
2025-05-27 19:44:49,937 - sim.TraitDistinct_HighDistinct_W40_P0.5_Rep3.MetricsCollector - INFO - metrics:177 - Metrics @ T=104.00: Cells=2675, MaxR=52.51, Pheno={'G_SPECIALIST': 1945, 'L_SPECIALIST': 718, 'SWITCHING_GL': 12}
2025-05-27 19:44:50,105 - sim.TraitDistinct_HighDistinct_W40_P0.5_Rep3.MetricsCollector - INFO - metrics:177 - Metrics @ T=105.00: Cells=2696, MaxR=52.51, Pheno={'G_SPECIALIST': 1945, 'L_SPECIALIST': 741, 'SWITCHING_GL': 10}
2025-05-27 19:44:50,279 - sim.TraitDistinct_HighDistinct_W40_P0.5_Rep3.MetricsCollector - INFO - metrics:177 - Metrics @ T=106.00: Cells=2711, MaxR=52.51, Pheno={'G_SPECIALIST': 1945, 'L_SPECIALIST': 757, 'SWITCHING_GL': 9}
2025-05-27 19:44:50,450 - sim.TraitDistinct_HighDistinct_W40_P0.5_Rep3.MetricsCollector - INFO - metrics:177 - Metrics @ T=107.00: Cells=2744, MaxR=52.51, Pheno={'G_SPECIALIST': 1945, 'L_SPECIALIST': 791, 'SWITCHING_GL': 8}
2025-05-27 19:44:50,621 - sim.TraitDistinct_HighDistinct_W40_P0.5_Rep3.MetricsCollector - INFO - metrics:177 - Metrics @ T=108.00: Cells=2771, MaxR=52.56, Pheno={'G_SPECIALIST': 1945, 'L_SPECIALIST': 819, 'SWITCHING_GL': 7}
2025-05-27 19:44:50,793 - sim.TraitDistinct_HighDistinct_W40_P0.5_Rep3.MetricsCollector - INFO - metrics:177 - Metrics @ T=109.00: Cells=2792, MaxR=52.56, Pheno={'G_SPECIALIST': 1945, 'L_SPECIALIST': 841, 'SWITCHING_GL': 6}
2025-05-27 19:44:50,938 - sim.TraitDistinct_HighDistinct_W40_P0.5_Rep3 - INFO - simulation_engine:218 - Progress: T=110.00, Cells=2810
2025-05-27 19:44:50,967 - sim.TraitDistinct_HighDistinct_W40_P0.5_Rep3.MetricsCollector - INFO - metrics:177 - Metrics @ T=110.00: Cells=2813, MaxR=54.03, Pheno={'G_SPECIALIST': 1945, 'L_SPECIALIST': 863, 'SWITCHING_GL': 5}
2025-05-27 19:44:51,144 - sim.TraitDistinct_HighDistinct_W40_P0.5_Rep3.MetricsCollector - INFO - metrics:177 - Metrics @ T=111.00: Cells=2838, MaxR=55.67, Pheno={'G_SPECIALIST': 1945, 'L_SPECIALIST': 891, 'SWITCHING_GL': 2}
2025-05-27 19:44:51,321 - sim.TraitDistinct_HighDistinct_W40_P0.5_Rep3.MetricsCollector - INFO - metrics:177 - Metrics @ T=112.00: Cells=2876, MaxR=55.67, Pheno={'G_SPECIALIST': 1945, 'L_SPECIALIST': 929, 'SWITCHING_GL': 2}
2025-05-27 19:44:51,499 - sim.TraitDistinct_HighDistinct_W40_P0.5_Rep3.MetricsCollector - INFO - metrics:177 - Metrics @ T=113.00: Cells=2904, MaxR=55.67, Pheno={'G_SPECIALIST': 1945, 'L_SPECIALIST': 957, 'SWITCHING_GL': 2}
2025-05-27 19:44:51,679 - sim.TraitDistinct_HighDistinct_W40_P0.5_Rep3.MetricsCollector - INFO - metrics:177 - Metrics @ T=114.00: Cells=2925, MaxR=55.67, Pheno={'G_SPECIALIST': 1945, 'L_SPECIALIST': 978, 'SWITCHING_GL': 2}
2025-05-27 19:44:51,862 - sim.TraitDistinct_HighDistinct_W40_P0.5_Rep3.MetricsCollector - INFO - metrics:177 - Metrics @ T=115.00: Cells=2958, MaxR=57.00, Pheno={'G_SPECIALIST': 1945, 'L_SPECIALIST': 1012, 'SWITCHING_GL': 1}
2025-05-27 19:44:52,045 - sim.TraitDistinct_HighDistinct_W40_P0.5_Rep3.MetricsCollector - INFO - metrics:177 - Metrics @ T=116.00: Cells=2986, MaxR=57.00, Pheno={'G_SPECIALIST': 1945, 'L_SPECIALIST': 1041, 'SWITCHING_GL': 0}
2025-05-27 19:44:52,230 - sim.TraitDistinct_HighDistinct_W40_P0.5_Rep3.MetricsCollector - INFO - metrics:177 - Metrics @ T=117.00: Cells=3008, MaxR=57.00, Pheno={'G_SPECIALIST': 1945, 'L_SPECIALIST': 1063, 'SWITCHING_GL': 0}
2025-05-27 19:44:52,419 - sim.TraitDistinct_HighDistinct_W40_P0.5_Rep3.MetricsCollector - INFO - metrics:177 - Metrics @ T=118.00: Cells=3036, MaxR=57.00, Pheno={'G_SPECIALIST': 1945, 'L_SPECIALIST': 1091, 'SWITCHING_GL': 0}
2025-05-27 19:44:52,606 - sim.TraitDistinct_HighDistinct_W40_P0.5_Rep3.MetricsCollector - INFO - metrics:177 - Metrics @ T=119.00: Cells=3065, MaxR=58.51, Pheno={'G_SPECIALIST': 1945, 'L_SPECIALIST': 1120, 'SWITCHING_GL': 0}
2025-05-27 19:44:52,765 - sim.TraitDistinct_HighDistinct_W40_P0.5_Rep3 - INFO - simulation_engine:218 - Progress: T=120.00, Cells=3083
2025-05-27 19:44:52,796 - sim.TraitDistinct_HighDistinct_W40_P0.5_Rep3.MetricsCollector - INFO - metrics:177 - Metrics @ T=120.00: Cells=3084, MaxR=58.51, Pheno={'G_SPECIALIST': 1945, 'L_SPECIALIST': 1139, 'SWITCHING_GL': 0}
2025-05-27 19:44:52,986 - sim.TraitDistinct_HighDistinct_W40_P0.5_Rep3.MetricsCollector - INFO - metrics:177 - Metrics @ T=121.00: Cells=3106, MaxR=58.51, Pheno={'G_SPECIALIST': 1945, 'L_SPECIALIST': 1161, 'SWITCHING_GL': 0}
2025-05-27 19:44:53,179 - sim.TraitDistinct_HighDistinct_W40_P0.5_Rep3.MetricsCollector - INFO - metrics:177 - Metrics @ T=122.00: Cells=3130, MaxR=58.51, Pheno={'G_SPECIALIST': 1945, 'L_SPECIALIST': 1185, 'SWITCHING_GL': 0}
2025-05-27 19:44:53,391 - sim.TraitDistinct_HighDistinct_W40_P0.5_Rep3.MetricsCollector - INFO - metrics:177 - Metrics @ T=123.00: Cells=3163, MaxR=58.51, Pheno={'G_SPECIALIST': 1945, 'L_SPECIALIST': 1218, 'SWITCHING_GL': 0}
2025-05-27 19:44:53,625 - sim.TraitDistinct_HighDistinct_W40_P0.5_Rep3.MetricsCollector - INFO - metrics:177 - Metrics @ T=124.00: Cells=3195, MaxR=58.51, Pheno={'G_SPECIALIST': 1945, 'L_SPECIALIST': 1250, 'SWITCHING_GL': 0}
2025-05-27 19:44:53,832 - sim.TraitDistinct_HighDistinct_W40_P0.5_Rep3.MetricsCollector - INFO - metrics:177 - Metrics @ T=125.00: Cells=3228, MaxR=58.51, Pheno={'G_SPECIALIST': 1945, 'L_SPECIALIST': 1283, 'SWITCHING_GL': 0}
2025-05-27 19:44:54,036 - sim.TraitDistinct_HighDistinct_W40_P0.5_Rep3.MetricsCollector - INFO - metrics:177 - Metrics @ T=126.00: Cells=3259, MaxR=58.66, Pheno={'G_SPECIALIST': 1945, 'L_SPECIALIST': 1314, 'SWITCHING_GL': 0}
2025-05-27 19:44:54,243 - sim.TraitDistinct_HighDistinct_W40_P0.5_Rep3.MetricsCollector - INFO - metrics:177 - Metrics @ T=127.00: Cells=3301, MaxR=58.66, Pheno={'G_SPECIALIST': 1945, 'L_SPECIALIST': 1356, 'SWITCHING_GL': 0}
2025-05-27 19:44:54,451 - sim.TraitDistinct_HighDistinct_W40_P0.5_Rep3.MetricsCollector - INFO - metrics:177 - Metrics @ T=128.00: Cells=3335, MaxR=58.66, Pheno={'G_SPECIALIST': 1945, 'L_SPECIALIST': 1390, 'SWITCHING_GL': 0}
2025-05-27 19:44:54,656 - sim.TraitDistinct_HighDistinct_W40_P0.5_Rep3.MetricsCollector - INFO - metrics:177 - Metrics @ T=129.00: Cells=3368, MaxR=59.92, Pheno={'G_SPECIALIST': 1945, 'L_SPECIALIST': 1423, 'SWITCHING_GL': 0}
2025-05-27 19:44:54,832 - sim.TraitDistinct_HighDistinct_W40_P0.5_Rep3 - INFO - simulation_engine:218 - Progress: T=130.00, Cells=3400
2025-05-27 19:44:54,867 - sim.TraitDistinct_HighDistinct_W40_P0.5_Rep3.MetricsCollector - INFO - metrics:177 - Metrics @ T=130.00: Cells=3402, MaxR=59.92, Pheno={'G_SPECIALIST': 1945, 'L_SPECIALIST': 1457, 'SWITCHING_GL': 0}
2025-05-27 19:44:55,080 - sim.TraitDistinct_HighDistinct_W40_P0.5_Rep3.MetricsCollector - INFO - metrics:177 - Metrics @ T=131.00: Cells=3429, MaxR=59.92, Pheno={'G_SPECIALIST': 1945, 'L_SPECIALIST': 1484, 'SWITCHING_GL': 0}
2025-05-27 19:44:55,295 - sim.TraitDistinct_HighDistinct_W40_P0.5_Rep3.MetricsCollector - INFO - metrics:177 - Metrics @ T=132.00: Cells=3459, MaxR=61.58, Pheno={'G_SPECIALIST': 1945, 'L_SPECIALIST': 1514, 'SWITCHING_GL': 0}
2025-05-27 19:44:55,509 - sim.TraitDistinct_HighDistinct_W40_P0.5_Rep3.MetricsCollector - INFO - metrics:177 - Metrics @ T=133.00: Cells=3480, MaxR=61.58, Pheno={'G_SPECIALIST': 1945, 'L_SPECIALIST': 1535, 'SWITCHING_GL': 0}
2025-05-27 19:44:55,725 - sim.TraitDistinct_HighDistinct_W40_P0.5_Rep3.MetricsCollector - INFO - metrics:177 - Metrics @ T=134.00: Cells=3516, MaxR=61.58, Pheno={'G_SPECIALIST': 1945, 'L_SPECIALIST': 1571, 'SWITCHING_GL': 0}
2025-05-27 19:44:55,942 - sim.TraitDistinct_HighDistinct_W40_P0.5_Rep3.MetricsCollector - INFO - metrics:177 - Metrics @ T=135.00: Cells=3554, MaxR=61.58, Pheno={'G_SPECIALIST': 1945, 'L_SPECIALIST': 1609, 'SWITCHING_GL': 0}
2025-05-27 19:44:56,164 - sim.TraitDistinct_HighDistinct_W40_P0.5_Rep3.MetricsCollector - INFO - metrics:177 - Metrics @ T=136.00: Cells=3596, MaxR=61.58, Pheno={'G_SPECIALIST': 1945, 'L_SPECIALIST': 1651, 'SWITCHING_GL': 0}
2025-05-27 19:44:56,389 - sim.TraitDistinct_HighDistinct_W40_P0.5_Rep3.MetricsCollector - INFO - metrics:177 - Metrics @ T=137.00: Cells=3629, MaxR=61.58, Pheno={'G_SPECIALIST': 1945, 'L_SPECIALIST': 1684, 'SWITCHING_GL': 0}
2025-05-27 19:44:56,619 - sim.TraitDistinct_HighDistinct_W40_P0.5_Rep3.MetricsCollector - INFO - metrics:177 - Metrics @ T=138.00: Cells=3659, MaxR=61.99, Pheno={'G_SPECIALIST': 1945, 'L_SPECIALIST': 1714, 'SWITCHING_GL': 0}
2025-05-27 19:44:56,849 - sim.TraitDistinct_HighDistinct_W40_P0.5_Rep3.MetricsCollector - INFO - metrics:177 - Metrics @ T=139.00: Cells=3698, MaxR=61.99, Pheno={'G_SPECIALIST': 1945, 'L_SPECIALIST': 1753, 'SWITCHING_GL': 0}
2025-05-27 19:44:57,043 - sim.TraitDistinct_HighDistinct_W40_P0.5_Rep3 - INFO - simulation_engine:218 - Progress: T=140.00, Cells=3723
2025-05-27 19:44:57,082 - sim.TraitDistinct_HighDistinct_W40_P0.5_Rep3.MetricsCollector - INFO - metrics:177 - Metrics @ T=140.00: Cells=3726, MaxR=61.99, Pheno={'G_SPECIALIST': 1945, 'L_SPECIALIST': 1781, 'SWITCHING_GL': 0}
2025-05-27 19:44:57,317 - sim.TraitDistinct_HighDistinct_W40_P0.5_Rep3.MetricsCollector - INFO - metrics:177 - Metrics @ T=141.00: Cells=3759, MaxR=61.99, Pheno={'G_SPECIALIST': 1945, 'L_SPECIALIST': 1814, 'SWITCHING_GL': 0}
2025-05-27 19:44:57,551 - sim.TraitDistinct_HighDistinct_W40_P0.5_Rep3.MetricsCollector - INFO - metrics:177 - Metrics @ T=142.00: Cells=3788, MaxR=61.99, Pheno={'G_SPECIALIST': 1945, 'L_SPECIALIST': 1843, 'SWITCHING_GL': 0}
2025-05-27 19:44:57,788 - sim.TraitDistinct_HighDistinct_W40_P0.5_Rep3.MetricsCollector - INFO - metrics:177 - Metrics @ T=143.00: Cells=3811, MaxR=61.99, Pheno={'G_SPECIALIST': 1945, 'L_SPECIALIST': 1866, 'SWITCHING_GL': 0}
2025-05-27 19:44:58,031 - sim.TraitDistinct_HighDistinct_W40_P0.5_Rep3.MetricsCollector - INFO - metrics:177 - Metrics @ T=144.00: Cells=3843, MaxR=61.99, Pheno={'G_SPECIALIST': 1945, 'L_SPECIALIST': 1898, 'SWITCHING_GL': 0}
2025-05-27 19:44:58,269 - sim.TraitDistinct_HighDistinct_W40_P0.5_Rep3.MetricsCollector - INFO - metrics:177 - Metrics @ T=145.00: Cells=3870, MaxR=63.59, Pheno={'G_SPECIALIST': 1945, 'L_SPECIALIST': 1925, 'SWITCHING_GL': 0}
2025-05-27 19:44:58,510 - sim.TraitDistinct_HighDistinct_W40_P0.5_Rep3.MetricsCollector - INFO - metrics:177 - Metrics @ T=146.00: Cells=3903, MaxR=63.59, Pheno={'G_SPECIALIST': 1945, 'L_SPECIALIST': 1958, 'SWITCHING_GL': 0}
2025-05-27 19:44:58,752 - sim.TraitDistinct_HighDistinct_W40_P0.5_Rep3.MetricsCollector - INFO - metrics:177 - Metrics @ T=147.00: Cells=3937, MaxR=63.59, Pheno={'G_SPECIALIST': 1945, 'L_SPECIALIST': 1992, 'SWITCHING_GL': 0}
2025-05-27 19:44:58,996 - sim.TraitDistinct_HighDistinct_W40_P0.5_Rep3.MetricsCollector - INFO - metrics:177 - Metrics @ T=148.00: Cells=3973, MaxR=64.97, Pheno={'G_SPECIALIST': 1945, 'L_SPECIALIST': 2028, 'SWITCHING_GL': 0}
2025-05-27 19:44:59,242 - sim.TraitDistinct_HighDistinct_W40_P0.5_Rep3.MetricsCollector - INFO - metrics:177 - Metrics @ T=149.00: Cells=4005, MaxR=64.97, Pheno={'G_SPECIALIST': 1945, 'L_SPECIALIST': 2060, 'SWITCHING_GL': 0}
2025-05-27 19:44:59,450 - sim.TraitDistinct_HighDistinct_W40_P0.5_Rep3 - INFO - simulation_engine:218 - Progress: T=150.00, Cells=4043
2025-05-27 19:44:59,490 - sim.TraitDistinct_HighDistinct_W40_P0.5_Rep3.MetricsCollector - INFO - metrics:177 - Metrics @ T=150.00: Cells=4046, MaxR=64.97, Pheno={'G_SPECIALIST': 1945, 'L_SPECIALIST': 2101, 'SWITCHING_GL': 0}
2025-05-27 19:44:59,744 - sim.TraitDistinct_HighDistinct_W40_P0.5_Rep3.MetricsCollector - INFO - metrics:177 - Metrics @ T=151.00: Cells=4077, MaxR=64.97, Pheno={'G_SPECIALIST': 1945, 'L_SPECIALIST': 2132, 'SWITCHING_GL': 0}
2025-05-27 19:45:00,014 - sim.TraitDistinct_HighDistinct_W40_P0.5_Rep3.MetricsCollector - INFO - metrics:177 - Metrics @ T=152.00: Cells=4109, MaxR=66.57, Pheno={'G_SPECIALIST': 1945, 'L_SPECIALIST': 2164, 'SWITCHING_GL': 0}
2025-05-27 19:45:00,286 - sim.TraitDistinct_HighDistinct_W40_P0.5_Rep3.MetricsCollector - INFO - metrics:177 - Metrics @ T=153.00: Cells=4145, MaxR=66.57, Pheno={'G_SPECIALIST': 1945, 'L_SPECIALIST': 2200, 'SWITCHING_GL': 0}
2025-05-27 19:45:00,553 - sim.TraitDistinct_HighDistinct_W40_P0.5_Rep3.MetricsCollector - INFO - metrics:177 - Metrics @ T=154.00: Cells=4173, MaxR=66.57, Pheno={'G_SPECIALIST': 1945, 'L_SPECIALIST': 2228, 'SWITCHING_GL': 0}
2025-05-27 19:45:00,820 - sim.TraitDistinct_HighDistinct_W40_P0.5_Rep3.MetricsCollector - INFO - metrics:177 - Metrics @ T=155.00: Cells=4216, MaxR=66.57, Pheno={'G_SPECIALIST': 1945, 'L_SPECIALIST': 2271, 'SWITCHING_GL': 0}
2025-05-27 19:45:01,104 - sim.TraitDistinct_HighDistinct_W40_P0.5_Rep3.MetricsCollector - INFO - metrics:177 - Metrics @ T=156.00: Cells=4258, MaxR=67.01, Pheno={'G_SPECIALIST': 1945, 'L_SPECIALIST': 2313, 'SWITCHING_GL': 0}
2025-05-27 19:45:01,401 - sim.TraitDistinct_HighDistinct_W40_P0.5_Rep3.MetricsCollector - INFO - metrics:177 - Metrics @ T=157.00: Cells=4304, MaxR=67.82, Pheno={'G_SPECIALIST': 1945, 'L_SPECIALIST': 2359, 'SWITCHING_GL': 0}
2025-05-27 19:45:01,673 - sim.TraitDistinct_HighDistinct_W40_P0.5_Rep3.MetricsCollector - INFO - metrics:177 - Metrics @ T=158.00: Cells=4337, MaxR=68.23, Pheno={'G_SPECIALIST': 1945, 'L_SPECIALIST': 2392, 'SWITCHING_GL': 0}
2025-05-27 19:45:01,971 - sim.TraitDistinct_HighDistinct_W40_P0.5_Rep3.MetricsCollector - INFO - metrics:177 - Metrics @ T=159.00: Cells=4376, MaxR=68.23, Pheno={'G_SPECIALIST': 1945, 'L_SPECIALIST': 2431, 'SWITCHING_GL': 0}
2025-05-27 19:45:02,209 - sim.TraitDistinct_HighDistinct_W40_P0.5_Rep3 - INFO - simulation_engine:218 - Progress: T=160.00, Cells=4417
2025-05-27 19:45:02,262 - sim.TraitDistinct_HighDistinct_W40_P0.5_Rep3.MetricsCollector - INFO - metrics:177 - Metrics @ T=160.00: Cells=4422, MaxR=68.23, Pheno={'G_SPECIALIST': 1945, 'L_SPECIALIST': 2477, 'SWITCHING_GL': 0}
2025-05-27 19:45:02,550 - sim.TraitDistinct_HighDistinct_W40_P0.5_Rep3.MetricsCollector - INFO - metrics:177 - Metrics @ T=161.00: Cells=4461, MaxR=69.91, Pheno={'G_SPECIALIST': 1945, 'L_SPECIALIST': 2516, 'SWITCHING_GL': 0}
2025-05-27 19:45:02,832 - sim.TraitDistinct_HighDistinct_W40_P0.5_Rep3.MetricsCollector - INFO - metrics:177 - Metrics @ T=162.00: Cells=4496, MaxR=69.91, Pheno={'G_SPECIALIST': 1945, 'L_SPECIALIST': 2551, 'SWITCHING_GL': 0}
2025-05-27 19:45:03,118 - sim.TraitDistinct_HighDistinct_W40_P0.5_Rep3.MetricsCollector - INFO - metrics:177 - Metrics @ T=163.00: Cells=4531, MaxR=69.91, Pheno={'G_SPECIALIST': 1945, 'L_SPECIALIST': 2586, 'SWITCHING_GL': 0}
2025-05-27 19:45:03,406 - sim.TraitDistinct_HighDistinct_W40_P0.5_Rep3.MetricsCollector - INFO - metrics:177 - Metrics @ T=164.00: Cells=4555, MaxR=69.91, Pheno={'G_SPECIALIST': 1945, 'L_SPECIALIST': 2610, 'SWITCHING_GL': 0}
2025-05-27 19:45:03,690 - sim.TraitDistinct_HighDistinct_W40_P0.5_Rep3.MetricsCollector - INFO - metrics:177 - Metrics @ T=165.00: Cells=4599, MaxR=71.14, Pheno={'G_SPECIALIST': 1945, 'L_SPECIALIST': 2654, 'SWITCHING_GL': 0}
2025-05-27 19:45:03,975 - sim.TraitDistinct_HighDistinct_W40_P0.5_Rep3.MetricsCollector - INFO - metrics:177 - Metrics @ T=166.00: Cells=4634, MaxR=71.14, Pheno={'G_SPECIALIST': 1945, 'L_SPECIALIST': 2689, 'SWITCHING_GL': 0}
2025-05-27 19:45:04,264 - sim.TraitDistinct_HighDistinct_W40_P0.5_Rep3.MetricsCollector - INFO - metrics:177 - Metrics @ T=167.00: Cells=4678, MaxR=71.14, Pheno={'G_SPECIALIST': 1945, 'L_SPECIALIST': 2733, 'SWITCHING_GL': 0}
2025-05-27 19:45:04,560 - sim.TraitDistinct_HighDistinct_W40_P0.5_Rep3.MetricsCollector - INFO - metrics:177 - Metrics @ T=168.00: Cells=4713, MaxR=71.14, Pheno={'G_SPECIALIST': 1945, 'L_SPECIALIST': 2768, 'SWITCHING_GL': 0}
2025-05-27 19:45:04,857 - sim.TraitDistinct_HighDistinct_W40_P0.5_Rep3.MetricsCollector - INFO - metrics:177 - Metrics @ T=169.00: Cells=4748, MaxR=71.14, Pheno={'G_SPECIALIST': 1945, 'L_SPECIALIST': 2803, 'SWITCHING_GL': 0}
2025-05-27 19:45:05,108 - sim.TraitDistinct_HighDistinct_W40_P0.5_Rep3 - INFO - simulation_engine:218 - Progress: T=170.00, Cells=4790
2025-05-27 19:45:05,159 - sim.TraitDistinct_HighDistinct_W40_P0.5_Rep3.MetricsCollector - INFO - metrics:177 - Metrics @ T=170.00: Cells=4794, MaxR=71.14, Pheno={'G_SPECIALIST': 1945, 'L_SPECIALIST': 2849, 'SWITCHING_GL': 0}
2025-05-27 19:45:05,465 - sim.TraitDistinct_HighDistinct_W40_P0.5_Rep3.MetricsCollector - INFO - metrics:177 - Metrics @ T=171.00: Cells=4829, MaxR=71.58, Pheno={'G_SPECIALIST': 1945, 'L_SPECIALIST': 2884, 'SWITCHING_GL': 0}
2025-05-27 19:45:05,770 - sim.TraitDistinct_HighDistinct_W40_P0.5_Rep3.MetricsCollector - INFO - metrics:177 - Metrics @ T=172.00: Cells=4869, MaxR=72.08, Pheno={'G_SPECIALIST': 1945, 'L_SPECIALIST': 2924, 'SWITCHING_GL': 0}
2025-05-27 19:45:06,076 - sim.TraitDistinct_HighDistinct_W40_P0.5_Rep3.MetricsCollector - INFO - metrics:177 - Metrics @ T=173.00: Cells=4899, MaxR=72.39, Pheno={'G_SPECIALIST': 1945, 'L_SPECIALIST': 2954, 'SWITCHING_GL': 0}
2025-05-27 19:45:06,384 - sim.TraitDistinct_HighDistinct_W40_P0.5_Rep3.MetricsCollector - INFO - metrics:177 - Metrics @ T=174.00: Cells=4938, MaxR=72.39, Pheno={'G_SPECIALIST': 1945, 'L_SPECIALIST': 2993, 'SWITCHING_GL': 0}
2025-05-27 19:45:06,693 - sim.TraitDistinct_HighDistinct_W40_P0.5_Rep3.MetricsCollector - INFO - metrics:177 - Metrics @ T=175.00: Cells=4983, MaxR=73.26, Pheno={'G_SPECIALIST': 1945, 'L_SPECIALIST': 3038, 'SWITCHING_GL': 0}
2025-05-27 19:45:07,002 - sim.TraitDistinct_HighDistinct_W40_P0.5_Rep3.MetricsCollector - INFO - metrics:177 - Metrics @ T=176.00: Cells=5023, MaxR=73.26, Pheno={'G_SPECIALIST': 1945, 'L_SPECIALIST': 3078, 'SWITCHING_GL': 0}
2025-05-27 19:45:07,314 - sim.TraitDistinct_HighDistinct_W40_P0.5_Rep3.MetricsCollector - INFO - metrics:177 - Metrics @ T=177.00: Cells=5065, MaxR=73.26, Pheno={'G_SPECIALIST': 1945, 'L_SPECIALIST': 3120, 'SWITCHING_GL': 0}
2025-05-27 19:45:07,626 - sim.TraitDistinct_HighDistinct_W40_P0.5_Rep3.MetricsCollector - INFO - metrics:177 - Metrics @ T=178.00: Cells=5095, MaxR=73.75, Pheno={'G_SPECIALIST': 1945, 'L_SPECIALIST': 3150, 'SWITCHING_GL': 0}
2025-05-27 19:45:07,945 - sim.TraitDistinct_HighDistinct_W40_P0.5_Rep3.MetricsCollector - INFO - metrics:177 - Metrics @ T=179.00: Cells=5146, MaxR=74.05, Pheno={'G_SPECIALIST': 1945, 'L_SPECIALIST': 3201, 'SWITCHING_GL': 0}
2025-05-27 19:45:08,211 - sim.TraitDistinct_HighDistinct_W40_P0.5_Rep3 - INFO - simulation_engine:218 - Progress: T=180.00, Cells=5191
2025-05-27 19:45:08,264 - sim.TraitDistinct_HighDistinct_W40_P0.5_Rep3.MetricsCollector - INFO - metrics:177 - Metrics @ T=180.00: Cells=5195, MaxR=74.05, Pheno={'G_SPECIALIST': 1945, 'L_SPECIALIST': 3250, 'SWITCHING_GL': 0}
2025-05-27 19:45:08,591 - sim.TraitDistinct_HighDistinct_W40_P0.5_Rep3.MetricsCollector - INFO - metrics:177 - Metrics @ T=181.00: Cells=5246, MaxR=74.05, Pheno={'G_SPECIALIST': 1945, 'L_SPECIALIST': 3301, 'SWITCHING_GL': 0}
2025-05-27 19:45:08,918 - sim.TraitDistinct_HighDistinct_W40_P0.5_Rep3.MetricsCollector - INFO - metrics:177 - Metrics @ T=182.00: Cells=5289, MaxR=74.94, Pheno={'G_SPECIALIST': 1945, 'L_SPECIALIST': 3344, 'SWITCHING_GL': 0}
2025-05-27 19:45:09,249 - sim.TraitDistinct_HighDistinct_W40_P0.5_Rep3.MetricsCollector - INFO - metrics:177 - Metrics @ T=183.00: Cells=5329, MaxR=74.94, Pheno={'G_SPECIALIST': 1945, 'L_SPECIALIST': 3384, 'SWITCHING_GL': 0}
2025-05-27 19:45:09,579 - sim.TraitDistinct_HighDistinct_W40_P0.5_Rep3.MetricsCollector - INFO - metrics:177 - Metrics @ T=184.00: Cells=5376, MaxR=74.94, Pheno={'G_SPECIALIST': 1945, 'L_SPECIALIST': 3431, 'SWITCHING_GL': 0}
2025-05-27 19:45:09,916 - sim.TraitDistinct_HighDistinct_W40_P0.5_Rep3.MetricsCollector - INFO - metrics:177 - Metrics @ T=185.00: Cells=5422, MaxR=74.94, Pheno={'G_SPECIALIST': 1945, 'L_SPECIALIST': 3477, 'SWITCHING_GL': 0}
2025-05-27 19:45:10,254 - sim.TraitDistinct_HighDistinct_W40_P0.5_Rep3.MetricsCollector - INFO - metrics:177 - Metrics @ T=186.00: Cells=5476, MaxR=74.94, Pheno={'G_SPECIALIST': 1945, 'L_SPECIALIST': 3531, 'SWITCHING_GL': 0}
2025-05-27 19:45:10,601 - sim.TraitDistinct_HighDistinct_W40_P0.5_Rep3.MetricsCollector - INFO - metrics:177 - Metrics @ T=187.00: Cells=5527, MaxR=75.08, Pheno={'G_SPECIALIST': 1945, 'L_SPECIALIST': 3582, 'SWITCHING_GL': 0}
2025-05-27 19:45:10,945 - sim.TraitDistinct_HighDistinct_W40_P0.5_Rep3.MetricsCollector - INFO - metrics:177 - Metrics @ T=188.00: Cells=5562, MaxR=75.32, Pheno={'G_SPECIALIST': 1945, 'L_SPECIALIST': 3617, 'SWITCHING_GL': 0}
2025-05-27 19:45:11,294 - sim.TraitDistinct_HighDistinct_W40_P0.5_Rep3.MetricsCollector - INFO - metrics:177 - Metrics @ T=189.00: Cells=5602, MaxR=76.62, Pheno={'G_SPECIALIST': 1945, 'L_SPECIALIST': 3657, 'SWITCHING_GL': 0}
2025-05-27 19:45:11,588 - sim.TraitDistinct_HighDistinct_W40_P0.5_Rep3 - INFO - simulation_engine:218 - Progress: T=190.00, Cells=5629
2025-05-27 19:45:11,646 - sim.TraitDistinct_HighDistinct_W40_P0.5_Rep3.MetricsCollector - INFO - metrics:177 - Metrics @ T=190.00: Cells=5630, MaxR=76.62, Pheno={'G_SPECIALIST': 1945, 'L_SPECIALIST': 3685, 'SWITCHING_GL': 0}
2025-05-27 19:45:12,001 - sim.TraitDistinct_HighDistinct_W40_P0.5_Rep3.MetricsCollector - INFO - metrics:177 - Metrics @ T=191.00: Cells=5676, MaxR=76.62, Pheno={'G_SPECIALIST': 1945, 'L_SPECIALIST': 3731, 'SWITCHING_GL': 0}
2025-05-27 19:45:12,358 - sim.TraitDistinct_HighDistinct_W40_P0.5_Rep3.MetricsCollector - INFO - metrics:177 - Metrics @ T=192.00: Cells=5719, MaxR=76.62, Pheno={'G_SPECIALIST': 1945, 'L_SPECIALIST': 3774, 'SWITCHING_GL': 0}
2025-05-27 19:45:12,723 - sim.TraitDistinct_HighDistinct_W40_P0.5_Rep3.MetricsCollector - INFO - metrics:177 - Metrics @ T=193.00: Cells=5753, MaxR=76.62, Pheno={'G_SPECIALIST': 1945, 'L_SPECIALIST': 3808, 'SWITCHING_GL': 0}
2025-05-27 19:45:13,099 - sim.TraitDistinct_HighDistinct_W40_P0.5_Rep3.MetricsCollector - INFO - metrics:177 - Metrics @ T=194.00: Cells=5796, MaxR=77.32, Pheno={'G_SPECIALIST': 1945, 'L_SPECIALIST': 3851, 'SWITCHING_GL': 0}
2025-05-27 19:45:13,467 - sim.TraitDistinct_HighDistinct_W40_P0.5_Rep3.MetricsCollector - INFO - metrics:177 - Metrics @ T=195.00: Cells=5830, MaxR=78.69, Pheno={'G_SPECIALIST': 1945, 'L_SPECIALIST': 3885, 'SWITCHING_GL': 0}
2025-05-27 19:45:13,831 - sim.TraitDistinct_HighDistinct_W40_P0.5_Rep3.MetricsCollector - INFO - metrics:177 - Metrics @ T=196.00: Cells=5875, MaxR=78.69, Pheno={'G_SPECIALIST': 1945, 'L_SPECIALIST': 3930, 'SWITCHING_GL': 0}
2025-05-27 19:45:14,202 - sim.TraitDistinct_HighDistinct_W40_P0.5_Rep3.MetricsCollector - INFO - metrics:177 - Metrics @ T=197.00: Cells=5915, MaxR=78.69, Pheno={'G_SPECIALIST': 1945, 'L_SPECIALIST': 3970, 'SWITCHING_GL': 0}
2025-05-27 19:45:14,573 - sim.TraitDistinct_HighDistinct_W40_P0.5_Rep3.MetricsCollector - INFO - metrics:177 - Metrics @ T=198.00: Cells=5964, MaxR=79.54, Pheno={'G_SPECIALIST': 1945, 'L_SPECIALIST': 4019, 'SWITCHING_GL': 0}
2025-05-27 19:45:14,949 - sim.TraitDistinct_HighDistinct_W40_P0.5_Rep3.MetricsCollector - INFO - metrics:177 - Metrics @ T=199.00: Cells=6014, MaxR=79.99, Pheno={'G_SPECIALIST': 1945, 'L_SPECIALIST': 4069, 'SWITCHING_GL': 0}
2025-05-27 19:45:15,266 - sim.TraitDistinct_HighDistinct_W40_P0.5_Rep3 - INFO - simulation_engine:218 - Progress: T=200.00, Cells=6055
2025-05-27 19:45:15,330 - sim.TraitDistinct_HighDistinct_W40_P0.5_Rep3.MetricsCollector - INFO - metrics:177 - Metrics @ T=200.00: Cells=6064, MaxR=79.99, Pheno={'G_SPECIALIST': 1945, 'L_SPECIALIST': 4119, 'SWITCHING_GL': 0}
2025-05-27 19:45:15,366 - sim.TraitDistinct_HighDistinct_W40_P0.5_Rep3 - INFO - simulation_engine:238 - Sim run finished: TraitDistinct_HighDistinct_W40_P0.5_Rep3. Wall-clock: 33.541s.
2025-05-27 19:45:15,366 - sim.TraitDistinct_HighDistinct_W40_P0.5_Rep3 - INFO - simulation_engine:241 - Final state: SimTime=200.10, Steps=2001, Cells=6068.
2025-05-27 19:45:15,366 - sim.TraitDistinct_HighDistinct_W40_P0.5_Rep3.MetricsCollector - INFO - metrics:300 - Finalizing data collection and exporting results...
2025-05-27 19:45:15,366 - sim.TraitDistinct_HighDistinct_W40_P0.5_Rep3.MetricsCollector - INFO - metrics:312 - --- Simulation Summary (Log) ---
time: 199.99999999999292
total_cell_count: 6064
phenotype_counts: {'G_SPECIALIST': 1945, 'L_SPECIALIST': 4119, 'SWITCHING_GL': 0}
avg_radial_distance: 47.44129139424972
max_radial_distance: 79.9937497558403
min_radial_distance: 0.0
std_dev_radial_distance: 17.013889991418257
median_radial_distance: 49.95998398718719
frontier_lag_G_to_L: (details in files)
frontier_traits: (details in files)
overall_radial_expansion_velocity: 0.3913084947413709
config_exp_name: TraitDistinct_HighDistinct_W40_P0.5_Rep3

2025-05-27 19:45:15,389 - sim.TraitDistinct_HighDistinct_W40_P0.5_Rep3.MetricsCollector - INFO - metrics:242 - Time series data exported to results\TraitDistinct_HighDistinct_W40_P0.5_Rep3\time_series_data.csv
2025-05-27 19:45:15,390 - sim.TraitDistinct_HighDistinct_W40_P0.5_Rep3.MetricsCollector - INFO - metrics:267 - Summary data exported to results\TraitDistinct_HighDistinct_W40_P0.5_Rep3\summary.json
2025-05-27 19:45:15,391 - sim.TraitDistinct_HighDistinct_W40_P0.5_Rep3.MetricsCollector - INFO - metrics:275 - No kymograph data to export.
2025-05-27 19:45:15,391 - sim.TraitDistinct_HighDistinct_W40_P0.5_Rep3.MetricsCollector - INFO - metrics:316 - All data export finalized for TraitDistinct_HighDistinct_W40_P0.5_Rep3.
2025-05-27 19:45:15,391 - sim.TraitDistinct_HighDistinct_W40_P0.5_Rep3 - INFO - simulation_engine:276 - Simulation fully complete.
