2025-05-27 19:43:28,826 - sim.TraitDistinct_HighDistinct_W40_P0.5_Rep1 - INFO - simulation_engine:37 - Initializing SimulationEngine for experiment: TraitDistinct_HighDistinct_W40_P0.5_Rep1
2025-05-27 19:43:28,826 - sim.TraitDistinct_HighDistinct_W40_P0.5_Rep1 - INFO - simulation_engine:70 - Visualization disabled.
2025-05-27 19:43:28,826 - sim.TraitDistinct_HighDistinct_W40_P0.5_Rep1 - INFO - simulation_engine:202 - Starting simulation: TraitDistinct_HighDistinct_W40_P0.5_Rep1
2025-05-27 19:43:28,828 - sim.TraitDistinct_HighDistinct_W40_P0.5_Rep1 - INFO - simulation_engine:204 - Colony initialized: 5 cells.
2025-05-27 19:43:28,828 - sim.TraitDistinct_HighDistinct_W40_P0.5_Rep1.MetricsCollector - INFO - metrics:177 - Metrics @ T=0.00: Cells=5, MaxR=1.73, Pheno={'G_SPECIALIST': 5, 'L_SPECIALIST': 0, 'SWITCHING_GL': 0}
2025-05-27 19:43:28,829 - sim.TraitDistinct_HighDistinct_W40_P0.5_Rep1.MetricsCollector - INFO - metrics:177 - Metrics @ T=1.00: Cells=6, MaxR=1.73, Pheno={'G_SPECIALIST': 6, 'L_SPECIALIST': 0, 'SWITCHING_GL': 0}
2025-05-27 19:43:28,830 - sim.TraitDistinct_HighDistinct_W40_P0.5_Rep1.MetricsCollector - INFO - metrics:177 - Metrics @ T=2.00: Cells=7, MaxR=3.00, Pheno={'G_SPECIALIST': 7, 'L_SPECIALIST': 0, 'SWITCHING_GL': 0}
2025-05-27 19:43:28,832 - sim.TraitDistinct_HighDistinct_W40_P0.5_Rep1.MetricsCollector - INFO - metrics:177 - Metrics @ T=3.00: Cells=13, MaxR=4.58, Pheno={'G_SPECIALIST': 13, 'L_SPECIALIST': 0, 'SWITCHING_GL': 0}
2025-05-27 19:43:28,833 - sim.TraitDistinct_HighDistinct_W40_P0.5_Rep1.MetricsCollector - INFO - metrics:177 - Metrics @ T=4.00: Cells=14, MaxR=4.58, Pheno={'G_SPECIALIST': 14, 'L_SPECIALIST': 0, 'SWITCHING_GL': 0}
2025-05-27 19:43:28,835 - sim.TraitDistinct_HighDistinct_W40_P0.5_Rep1.MetricsCollector - INFO - metrics:177 - Metrics @ T=5.00: Cells=19, MaxR=6.24, Pheno={'G_SPECIALIST': 19, 'L_SPECIALIST': 0, 'SWITCHING_GL': 0}
2025-05-27 19:43:28,837 - sim.TraitDistinct_HighDistinct_W40_P0.5_Rep1.MetricsCollector - INFO - metrics:177 - Metrics @ T=6.00: Cells=25, MaxR=10.39, Pheno={'G_SPECIALIST': 25, 'L_SPECIALIST': 0, 'SWITCHING_GL': 0}
2025-05-27 19:43:28,840 - sim.TraitDistinct_HighDistinct_W40_P0.5_Rep1.MetricsCollector - INFO - metrics:177 - Metrics @ T=7.00: Cells=31, MaxR=11.36, Pheno={'G_SPECIALIST': 31, 'L_SPECIALIST': 0, 'SWITCHING_GL': 0}
2025-05-27 19:43:28,843 - sim.TraitDistinct_HighDistinct_W40_P0.5_Rep1.MetricsCollector - INFO - metrics:177 - Metrics @ T=8.00: Cells=40, MaxR=12.12, Pheno={'G_SPECIALIST': 40, 'L_SPECIALIST': 0, 'SWITCHING_GL': 0}
2025-05-27 19:43:28,846 - sim.TraitDistinct_HighDistinct_W40_P0.5_Rep1.MetricsCollector - INFO - metrics:177 - Metrics @ T=9.00: Cells=50, MaxR=12.49, Pheno={'G_SPECIALIST': 50, 'L_SPECIALIST': 0, 'SWITCHING_GL': 0}
2025-05-27 19:43:28,850 - sim.TraitDistinct_HighDistinct_W40_P0.5_Rep1 - INFO - simulation_engine:218 - Progress: T=10.00, Cells=58
2025-05-27 19:43:28,851 - sim.TraitDistinct_HighDistinct_W40_P0.5_Rep1.MetricsCollector - INFO - metrics:177 - Metrics @ T=10.00: Cells=59, MaxR=13.08, Pheno={'G_SPECIALIST': 59, 'L_SPECIALIST': 0, 'SWITCHING_GL': 0}
2025-05-27 19:43:28,855 - sim.TraitDistinct_HighDistinct_W40_P0.5_Rep1.MetricsCollector - INFO - metrics:177 - Metrics @ T=11.00: Cells=68, MaxR=13.08, Pheno={'G_SPECIALIST': 68, 'L_SPECIALIST': 0, 'SWITCHING_GL': 0}
2025-05-27 19:43:28,861 - sim.TraitDistinct_HighDistinct_W40_P0.5_Rep1.MetricsCollector - INFO - metrics:177 - Metrics @ T=12.00: Cells=79, MaxR=13.08, Pheno={'G_SPECIALIST': 79, 'L_SPECIALIST': 0, 'SWITCHING_GL': 0}
2025-05-27 19:43:28,867 - sim.TraitDistinct_HighDistinct_W40_P0.5_Rep1.MetricsCollector - INFO - metrics:177 - Metrics @ T=13.00: Cells=90, MaxR=13.08, Pheno={'G_SPECIALIST': 90, 'L_SPECIALIST': 0, 'SWITCHING_GL': 0}
2025-05-27 19:43:28,873 - sim.TraitDistinct_HighDistinct_W40_P0.5_Rep1.MetricsCollector - INFO - metrics:177 - Metrics @ T=14.00: Cells=99, MaxR=13.08, Pheno={'G_SPECIALIST': 99, 'L_SPECIALIST': 0, 'SWITCHING_GL': 0}
2025-05-27 19:43:28,880 - sim.TraitDistinct_HighDistinct_W40_P0.5_Rep1.MetricsCollector - INFO - metrics:177 - Metrics @ T=15.00: Cells=105, MaxR=13.08, Pheno={'G_SPECIALIST': 105, 'L_SPECIALIST': 0, 'SWITCHING_GL': 0}
2025-05-27 19:43:28,889 - sim.TraitDistinct_HighDistinct_W40_P0.5_Rep1.MetricsCollector - INFO - metrics:177 - Metrics @ T=16.00: Cells=120, MaxR=15.87, Pheno={'G_SPECIALIST': 120, 'L_SPECIALIST': 0, 'SWITCHING_GL': 0}
2025-05-27 19:43:28,897 - sim.TraitDistinct_HighDistinct_W40_P0.5_Rep1.MetricsCollector - INFO - metrics:177 - Metrics @ T=17.00: Cells=129, MaxR=17.32, Pheno={'G_SPECIALIST': 129, 'L_SPECIALIST': 0, 'SWITCHING_GL': 0}
2025-05-27 19:43:28,906 - sim.TraitDistinct_HighDistinct_W40_P0.5_Rep1.MetricsCollector - INFO - metrics:177 - Metrics @ T=18.00: Cells=138, MaxR=17.32, Pheno={'G_SPECIALIST': 138, 'L_SPECIALIST': 0, 'SWITCHING_GL': 0}
2025-05-27 19:43:28,916 - sim.TraitDistinct_HighDistinct_W40_P0.5_Rep1.MetricsCollector - INFO - metrics:177 - Metrics @ T=19.00: Cells=150, MaxR=18.73, Pheno={'G_SPECIALIST': 150, 'L_SPECIALIST': 0, 'SWITCHING_GL': 0}
2025-05-27 19:43:28,925 - sim.TraitDistinct_HighDistinct_W40_P0.5_Rep1 - INFO - simulation_engine:218 - Progress: T=20.00, Cells=158
2025-05-27 19:43:28,927 - sim.TraitDistinct_HighDistinct_W40_P0.5_Rep1.MetricsCollector - INFO - metrics:177 - Metrics @ T=20.00: Cells=160, MaxR=18.73, Pheno={'G_SPECIALIST': 160, 'L_SPECIALIST': 0, 'SWITCHING_GL': 0}
2025-05-27 19:43:28,940 - sim.TraitDistinct_HighDistinct_W40_P0.5_Rep1.MetricsCollector - INFO - metrics:177 - Metrics @ T=21.00: Cells=178, MaxR=19.29, Pheno={'G_SPECIALIST': 178, 'L_SPECIALIST': 0, 'SWITCHING_GL': 0}
2025-05-27 19:43:28,955 - sim.TraitDistinct_HighDistinct_W40_P0.5_Rep1.MetricsCollector - INFO - metrics:177 - Metrics @ T=22.00: Cells=196, MaxR=19.29, Pheno={'G_SPECIALIST': 196, 'L_SPECIALIST': 0, 'SWITCHING_GL': 0}
2025-05-27 19:43:28,969 - sim.TraitDistinct_HighDistinct_W40_P0.5_Rep1.MetricsCollector - INFO - metrics:177 - Metrics @ T=23.00: Cells=214, MaxR=19.97, Pheno={'G_SPECIALIST': 214, 'L_SPECIALIST': 0, 'SWITCHING_GL': 0}
2025-05-27 19:43:28,986 - sim.TraitDistinct_HighDistinct_W40_P0.5_Rep1.MetricsCollector - INFO - metrics:177 - Metrics @ T=24.00: Cells=235, MaxR=21.70, Pheno={'G_SPECIALIST': 235, 'L_SPECIALIST': 0, 'SWITCHING_GL': 0}
2025-05-27 19:43:29,004 - sim.TraitDistinct_HighDistinct_W40_P0.5_Rep1.MetricsCollector - INFO - metrics:177 - Metrics @ T=25.00: Cells=259, MaxR=21.70, Pheno={'G_SPECIALIST': 259, 'L_SPECIALIST': 0, 'SWITCHING_GL': 0}
2025-05-27 19:43:29,022 - sim.TraitDistinct_HighDistinct_W40_P0.5_Rep1.MetricsCollector - INFO - metrics:177 - Metrics @ T=26.00: Cells=275, MaxR=21.70, Pheno={'G_SPECIALIST': 275, 'L_SPECIALIST': 0, 'SWITCHING_GL': 0}
2025-05-27 19:43:29,042 - sim.TraitDistinct_HighDistinct_W40_P0.5_Rep1.MetricsCollector - INFO - metrics:177 - Metrics @ T=27.00: Cells=294, MaxR=21.70, Pheno={'G_SPECIALIST': 294, 'L_SPECIALIST': 0, 'SWITCHING_GL': 0}
2025-05-27 19:43:29,065 - sim.TraitDistinct_HighDistinct_W40_P0.5_Rep1.MetricsCollector - INFO - metrics:177 - Metrics @ T=28.00: Cells=316, MaxR=23.43, Pheno={'G_SPECIALIST': 316, 'L_SPECIALIST': 0, 'SWITCHING_GL': 0}
2025-05-27 19:43:29,089 - sim.TraitDistinct_HighDistinct_W40_P0.5_Rep1.MetricsCollector - INFO - metrics:177 - Metrics @ T=29.00: Cells=337, MaxR=23.43, Pheno={'G_SPECIALIST': 337, 'L_SPECIALIST': 0, 'SWITCHING_GL': 0}
2025-05-27 19:43:29,108 - sim.TraitDistinct_HighDistinct_W40_P0.5_Rep1 - INFO - simulation_engine:218 - Progress: T=30.00, Cells=364
2025-05-27 19:43:29,112 - sim.TraitDistinct_HighDistinct_W40_P0.5_Rep1.MetricsCollector - INFO - metrics:177 - Metrics @ T=30.00: Cells=369, MaxR=25.87, Pheno={'G_SPECIALIST': 369, 'L_SPECIALIST': 0, 'SWITCHING_GL': 0}
2025-05-27 19:43:29,137 - sim.TraitDistinct_HighDistinct_W40_P0.5_Rep1.MetricsCollector - INFO - metrics:177 - Metrics @ T=31.00: Cells=388, MaxR=25.87, Pheno={'G_SPECIALIST': 388, 'L_SPECIALIST': 0, 'SWITCHING_GL': 0}
2025-05-27 19:43:29,162 - sim.TraitDistinct_HighDistinct_W40_P0.5_Rep1.MetricsCollector - INFO - metrics:177 - Metrics @ T=32.00: Cells=417, MaxR=27.22, Pheno={'G_SPECIALIST': 417, 'L_SPECIALIST': 0, 'SWITCHING_GL': 0}
2025-05-27 19:43:29,191 - sim.TraitDistinct_HighDistinct_W40_P0.5_Rep1.MetricsCollector - INFO - metrics:177 - Metrics @ T=33.00: Cells=440, MaxR=27.50, Pheno={'G_SPECIALIST': 440, 'L_SPECIALIST': 0, 'SWITCHING_GL': 0}
2025-05-27 19:43:29,222 - sim.TraitDistinct_HighDistinct_W40_P0.5_Rep1.MetricsCollector - INFO - metrics:177 - Metrics @ T=34.00: Cells=471, MaxR=27.87, Pheno={'G_SPECIALIST': 471, 'L_SPECIALIST': 0, 'SWITCHING_GL': 0}
2025-05-27 19:43:29,257 - sim.TraitDistinct_HighDistinct_W40_P0.5_Rep1.MetricsCollector - INFO - metrics:177 - Metrics @ T=35.00: Cells=502, MaxR=28.62, Pheno={'G_SPECIALIST': 502, 'L_SPECIALIST': 0, 'SWITCHING_GL': 0}
2025-05-27 19:43:29,291 - sim.TraitDistinct_HighDistinct_W40_P0.5_Rep1.MetricsCollector - INFO - metrics:177 - Metrics @ T=36.00: Cells=520, MaxR=29.60, Pheno={'G_SPECIALIST': 520, 'L_SPECIALIST': 0, 'SWITCHING_GL': 0}
2025-05-27 19:43:29,329 - sim.TraitDistinct_HighDistinct_W40_P0.5_Rep1.MetricsCollector - INFO - metrics:177 - Metrics @ T=37.00: Cells=549, MaxR=30.35, Pheno={'G_SPECIALIST': 549, 'L_SPECIALIST': 0, 'SWITCHING_GL': 0}
2025-05-27 19:43:29,367 - sim.TraitDistinct_HighDistinct_W40_P0.5_Rep1.MetricsCollector - INFO - metrics:177 - Metrics @ T=38.00: Cells=591, MaxR=31.32, Pheno={'G_SPECIALIST': 591, 'L_SPECIALIST': 0, 'SWITCHING_GL': 0}
2025-05-27 19:43:29,407 - sim.TraitDistinct_HighDistinct_W40_P0.5_Rep1.MetricsCollector - INFO - metrics:177 - Metrics @ T=39.00: Cells=625, MaxR=31.75, Pheno={'G_SPECIALIST': 625, 'L_SPECIALIST': 0, 'SWITCHING_GL': 0}
2025-05-27 19:43:29,445 - sim.TraitDistinct_HighDistinct_W40_P0.5_Rep1 - INFO - simulation_engine:218 - Progress: T=40.00, Cells=652
2025-05-27 19:43:29,453 - sim.TraitDistinct_HighDistinct_W40_P0.5_Rep1.MetricsCollector - INFO - metrics:177 - Metrics @ T=40.00: Cells=657, MaxR=31.75, Pheno={'G_SPECIALIST': 657, 'L_SPECIALIST': 0, 'SWITCHING_GL': 0}
2025-05-27 19:43:29,501 - sim.TraitDistinct_HighDistinct_W40_P0.5_Rep1.MetricsCollector - INFO - metrics:177 - Metrics @ T=41.00: Cells=696, MaxR=31.75, Pheno={'G_SPECIALIST': 696, 'L_SPECIALIST': 0, 'SWITCHING_GL': 0}
2025-05-27 19:43:29,547 - sim.TraitDistinct_HighDistinct_W40_P0.5_Rep1.MetricsCollector - INFO - metrics:177 - Metrics @ T=42.00: Cells=751, MaxR=32.08, Pheno={'G_SPECIALIST': 751, 'L_SPECIALIST': 0, 'SWITCHING_GL': 0}
2025-05-27 19:43:29,597 - sim.TraitDistinct_HighDistinct_W40_P0.5_Rep1.MetricsCollector - INFO - metrics:177 - Metrics @ T=43.00: Cells=797, MaxR=33.05, Pheno={'G_SPECIALIST': 797, 'L_SPECIALIST': 0, 'SWITCHING_GL': 0}
2025-05-27 19:43:29,650 - sim.TraitDistinct_HighDistinct_W40_P0.5_Rep1.MetricsCollector - INFO - metrics:177 - Metrics @ T=44.00: Cells=840, MaxR=34.77, Pheno={'G_SPECIALIST': 840, 'L_SPECIALIST': 0, 'SWITCHING_GL': 0}
2025-05-27 19:43:29,705 - sim.TraitDistinct_HighDistinct_W40_P0.5_Rep1.MetricsCollector - INFO - metrics:177 - Metrics @ T=45.00: Cells=873, MaxR=34.77, Pheno={'G_SPECIALIST': 873, 'L_SPECIALIST': 0, 'SWITCHING_GL': 0}
2025-05-27 19:43:29,761 - sim.TraitDistinct_HighDistinct_W40_P0.5_Rep1.MetricsCollector - INFO - metrics:177 - Metrics @ T=46.00: Cells=906, MaxR=34.77, Pheno={'G_SPECIALIST': 906, 'L_SPECIALIST': 0, 'SWITCHING_GL': 0}
2025-05-27 19:43:29,822 - sim.TraitDistinct_HighDistinct_W40_P0.5_Rep1.MetricsCollector - INFO - metrics:177 - Metrics @ T=47.00: Cells=951, MaxR=34.77, Pheno={'G_SPECIALIST': 951, 'L_SPECIALIST': 0, 'SWITCHING_GL': 0}
2025-05-27 19:43:29,886 - sim.TraitDistinct_HighDistinct_W40_P0.5_Rep1.MetricsCollector - INFO - metrics:177 - Metrics @ T=48.00: Cells=1013, MaxR=35.54, Pheno={'G_SPECIALIST': 1013, 'L_SPECIALIST': 0, 'SWITCHING_GL': 0}
2025-05-27 19:43:29,952 - sim.TraitDistinct_HighDistinct_W40_P0.5_Rep1.MetricsCollector - INFO - metrics:177 - Metrics @ T=49.00: Cells=1055, MaxR=36.50, Pheno={'G_SPECIALIST': 1055, 'L_SPECIALIST': 0, 'SWITCHING_GL': 0}
2025-05-27 19:43:30,010 - sim.TraitDistinct_HighDistinct_W40_P0.5_Rep1 - INFO - simulation_engine:218 - Progress: T=50.00, Cells=1091
2025-05-27 19:43:30,023 - sim.TraitDistinct_HighDistinct_W40_P0.5_Rep1.MetricsCollector - INFO - metrics:177 - Metrics @ T=50.00: Cells=1096, MaxR=37.27, Pheno={'G_SPECIALIST': 1096, 'L_SPECIALIST': 0, 'SWITCHING_GL': 0}
2025-05-27 19:43:30,101 - sim.TraitDistinct_HighDistinct_W40_P0.5_Rep1.MetricsCollector - INFO - metrics:177 - Metrics @ T=51.00: Cells=1141, MaxR=37.47, Pheno={'G_SPECIALIST': 1141, 'L_SPECIALIST': 0, 'SWITCHING_GL': 0}
2025-05-27 19:43:30,177 - sim.TraitDistinct_HighDistinct_W40_P0.5_Rep1.MetricsCollector - INFO - metrics:177 - Metrics @ T=52.00: Cells=1201, MaxR=37.51, Pheno={'G_SPECIALIST': 1201, 'L_SPECIALIST': 0, 'SWITCHING_GL': 0}
2025-05-27 19:43:30,255 - sim.TraitDistinct_HighDistinct_W40_P0.5_Rep1.MetricsCollector - INFO - metrics:177 - Metrics @ T=53.00: Cells=1247, MaxR=39.00, Pheno={'G_SPECIALIST': 1247, 'L_SPECIALIST': 0, 'SWITCHING_GL': 0}
2025-05-27 19:43:30,336 - sim.TraitDistinct_HighDistinct_W40_P0.5_Rep1.MetricsCollector - INFO - metrics:177 - Metrics @ T=54.00: Cells=1299, MaxR=39.61, Pheno={'G_SPECIALIST': 1299, 'L_SPECIALIST': 0, 'SWITCHING_GL': 0}
2025-05-27 19:43:30,419 - sim.TraitDistinct_HighDistinct_W40_P0.5_Rep1.MetricsCollector - INFO - metrics:177 - Metrics @ T=55.00: Cells=1345, MaxR=40.73, Pheno={'G_SPECIALIST': 1343, 'SWITCHING_GL': 2, 'L_SPECIALIST': 0}
2025-05-27 19:43:30,506 - sim.TraitDistinct_HighDistinct_W40_P0.5_Rep1.MetricsCollector - INFO - metrics:177 - Metrics @ T=56.00: Cells=1397, MaxR=41.61, Pheno={'G_SPECIALIST': 1393, 'SWITCHING_GL': 4, 'L_SPECIALIST': 0}
2025-05-27 19:43:30,594 - sim.TraitDistinct_HighDistinct_W40_P0.5_Rep1.MetricsCollector - INFO - metrics:177 - Metrics @ T=57.00: Cells=1432, MaxR=41.61, Pheno={'G_SPECIALIST': 1425, 'SWITCHING_GL': 7, 'L_SPECIALIST': 0}
2025-05-27 19:43:30,686 - sim.TraitDistinct_HighDistinct_W40_P0.5_Rep1.MetricsCollector - INFO - metrics:177 - Metrics @ T=58.00: Cells=1477, MaxR=41.61, Pheno={'G_SPECIALIST': 1462, 'SWITCHING_GL': 15, 'L_SPECIALIST': 0}
2025-05-27 19:43:30,781 - sim.TraitDistinct_HighDistinct_W40_P0.5_Rep1.MetricsCollector - INFO - metrics:177 - Metrics @ T=59.00: Cells=1531, MaxR=41.68, Pheno={'G_SPECIALIST': 1508, 'SWITCHING_GL': 23, 'L_SPECIALIST': 0}
2025-05-27 19:43:30,864 - sim.TraitDistinct_HighDistinct_W40_P0.5_Rep1 - INFO - simulation_engine:218 - Progress: T=60.00, Cells=1571
2025-05-27 19:43:30,880 - sim.TraitDistinct_HighDistinct_W40_P0.5_Rep1.MetricsCollector - INFO - metrics:177 - Metrics @ T=60.00: Cells=1574, MaxR=41.68, Pheno={'G_SPECIALIST': 1546, 'SWITCHING_GL': 28, 'L_SPECIALIST': 0}
2025-05-27 19:43:30,982 - sim.TraitDistinct_HighDistinct_W40_P0.5_Rep1.MetricsCollector - INFO - metrics:177 - Metrics @ T=61.00: Cells=1621, MaxR=41.68, Pheno={'G_SPECIALIST': 1589, 'SWITCHING_GL': 32, 'L_SPECIALIST': 0}
2025-05-27 19:43:31,088 - sim.TraitDistinct_HighDistinct_W40_P0.5_Rep1.MetricsCollector - INFO - metrics:177 - Metrics @ T=62.00: Cells=1667, MaxR=41.68, Pheno={'G_SPECIALIST': 1627, 'SWITCHING_GL': 38, 'L_SPECIALIST': 2}
2025-05-27 19:43:31,194 - sim.TraitDistinct_HighDistinct_W40_P0.5_Rep1.MetricsCollector - INFO - metrics:177 - Metrics @ T=63.00: Cells=1710, MaxR=41.68, Pheno={'G_SPECIALIST': 1666, 'SWITCHING_GL': 38, 'L_SPECIALIST': 6}
2025-05-27 19:43:31,303 - sim.TraitDistinct_HighDistinct_W40_P0.5_Rep1.MetricsCollector - INFO - metrics:177 - Metrics @ T=64.00: Cells=1752, MaxR=41.68, Pheno={'G_SPECIALIST': 1699, 'SWITCHING_GL': 43, 'L_SPECIALIST': 10}
2025-05-27 19:43:31,414 - sim.TraitDistinct_HighDistinct_W40_P0.5_Rep1.MetricsCollector - INFO - metrics:177 - Metrics @ T=65.00: Cells=1792, MaxR=42.14, Pheno={'G_SPECIALIST': 1732, 'SWITCHING_GL': 48, 'L_SPECIALIST': 12}
2025-05-27 19:43:31,531 - sim.TraitDistinct_HighDistinct_W40_P0.5_Rep1.MetricsCollector - INFO - metrics:177 - Metrics @ T=66.00: Cells=1829, MaxR=42.14, Pheno={'G_SPECIALIST': 1759, 'SWITCHING_GL': 54, 'L_SPECIALIST': 16}
2025-05-27 19:43:31,647 - sim.TraitDistinct_HighDistinct_W40_P0.5_Rep1.MetricsCollector - INFO - metrics:177 - Metrics @ T=67.00: Cells=1856, MaxR=42.57, Pheno={'G_SPECIALIST': 1776, 'SWITCHING_GL': 58, 'L_SPECIALIST': 22}
2025-05-27 19:43:31,765 - sim.TraitDistinct_HighDistinct_W40_P0.5_Rep1.MetricsCollector - INFO - metrics:177 - Metrics @ T=68.00: Cells=1880, MaxR=42.57, Pheno={'G_SPECIALIST': 1790, 'SWITCHING_GL': 65, 'L_SPECIALIST': 25}
2025-05-27 19:43:31,884 - sim.TraitDistinct_HighDistinct_W40_P0.5_Rep1.MetricsCollector - INFO - metrics:177 - Metrics @ T=69.00: Cells=1910, MaxR=43.92, Pheno={'G_SPECIALIST': 1815, 'SWITCHING_GL': 62, 'L_SPECIALIST': 33}
2025-05-27 19:43:31,983 - sim.TraitDistinct_HighDistinct_W40_P0.5_Rep1 - INFO - simulation_engine:218 - Progress: T=70.00, Cells=1933
2025-05-27 19:43:32,003 - sim.TraitDistinct_HighDistinct_W40_P0.5_Rep1.MetricsCollector - INFO - metrics:177 - Metrics @ T=70.00: Cells=1940, MaxR=45.53, Pheno={'G_SPECIALIST': 1838, 'SWITCHING_GL': 65, 'L_SPECIALIST': 37}
2025-05-27 19:43:32,124 - sim.TraitDistinct_HighDistinct_W40_P0.5_Rep1.MetricsCollector - INFO - metrics:177 - Metrics @ T=71.00: Cells=1968, MaxR=45.53, Pheno={'G_SPECIALIST': 1858, 'SWITCHING_GL': 65, 'L_SPECIALIST': 45}
2025-05-27 19:43:32,247 - sim.TraitDistinct_HighDistinct_W40_P0.5_Rep1.MetricsCollector - INFO - metrics:177 - Metrics @ T=72.00: Cells=1990, MaxR=45.53, Pheno={'G_SPECIALIST': 1871, 'SWITCHING_GL': 64, 'L_SPECIALIST': 55}
2025-05-27 19:43:32,371 - sim.TraitDistinct_HighDistinct_W40_P0.5_Rep1.MetricsCollector - INFO - metrics:177 - Metrics @ T=73.00: Cells=2021, MaxR=45.53, Pheno={'G_SPECIALIST': 1884, 'SWITCHING_GL': 65, 'L_SPECIALIST': 72}
2025-05-27 19:43:32,498 - sim.TraitDistinct_HighDistinct_W40_P0.5_Rep1.MetricsCollector - INFO - metrics:177 - Metrics @ T=74.00: Cells=2056, MaxR=46.89, Pheno={'G_SPECIALIST': 1899, 'SWITCHING_GL': 71, 'L_SPECIALIST': 86}
2025-05-27 19:43:32,625 - sim.TraitDistinct_HighDistinct_W40_P0.5_Rep1.MetricsCollector - INFO - metrics:177 - Metrics @ T=75.00: Cells=2077, MaxR=46.89, Pheno={'G_SPECIALIST': 1907, 'SWITCHING_GL': 75, 'L_SPECIALIST': 95}
2025-05-27 19:43:32,752 - sim.TraitDistinct_HighDistinct_W40_P0.5_Rep1.MetricsCollector - INFO - metrics:177 - Metrics @ T=76.00: Cells=2097, MaxR=46.89, Pheno={'G_SPECIALIST': 1915, 'L_SPECIALIST': 106, 'SWITCHING_GL': 76}
2025-05-27 19:43:32,882 - sim.TraitDistinct_HighDistinct_W40_P0.5_Rep1.MetricsCollector - INFO - metrics:177 - Metrics @ T=77.00: Cells=2118, MaxR=46.89, Pheno={'G_SPECIALIST': 1922, 'L_SPECIALIST': 117, 'SWITCHING_GL': 79}
2025-05-27 19:43:33,014 - sim.TraitDistinct_HighDistinct_W40_P0.5_Rep1.MetricsCollector - INFO - metrics:177 - Metrics @ T=78.00: Cells=2136, MaxR=47.47, Pheno={'G_SPECIALIST': 1931, 'L_SPECIALIST': 129, 'SWITCHING_GL': 76}
2025-05-27 19:43:33,149 - sim.TraitDistinct_HighDistinct_W40_P0.5_Rep1.MetricsCollector - INFO - metrics:177 - Metrics @ T=79.00: Cells=2157, MaxR=47.47, Pheno={'G_SPECIALIST': 1934, 'L_SPECIALIST': 151, 'SWITCHING_GL': 72}
2025-05-27 19:43:33,269 - sim.TraitDistinct_HighDistinct_W40_P0.5_Rep1 - INFO - simulation_engine:218 - Progress: T=80.00, Cells=2164
2025-05-27 19:43:33,291 - sim.TraitDistinct_HighDistinct_W40_P0.5_Rep1.MetricsCollector - INFO - metrics:177 - Metrics @ T=80.00: Cells=2165, MaxR=47.47, Pheno={'G_SPECIALIST': 1935, 'L_SPECIALIST': 167, 'SWITCHING_GL': 63}
2025-05-27 19:43:33,425 - sim.TraitDistinct_HighDistinct_W40_P0.5_Rep1.MetricsCollector - INFO - metrics:177 - Metrics @ T=81.00: Cells=2187, MaxR=47.47, Pheno={'G_SPECIALIST': 1940, 'L_SPECIALIST': 189, 'SWITCHING_GL': 58}
2025-05-27 19:43:33,563 - sim.TraitDistinct_HighDistinct_W40_P0.5_Rep1.MetricsCollector - INFO - metrics:177 - Metrics @ T=82.00: Cells=2214, MaxR=47.47, Pheno={'G_SPECIALIST': 1944, 'L_SPECIALIST': 212, 'SWITCHING_GL': 58}
2025-05-27 19:43:33,702 - sim.TraitDistinct_HighDistinct_W40_P0.5_Rep1.MetricsCollector - INFO - metrics:177 - Metrics @ T=83.00: Cells=2229, MaxR=48.00, Pheno={'G_SPECIALIST': 1945, 'L_SPECIALIST': 231, 'SWITCHING_GL': 53}
2025-05-27 19:43:33,841 - sim.TraitDistinct_HighDistinct_W40_P0.5_Rep1.MetricsCollector - INFO - metrics:177 - Metrics @ T=84.00: Cells=2247, MaxR=48.00, Pheno={'G_SPECIALIST': 1945, 'L_SPECIALIST': 250, 'SWITCHING_GL': 52}
2025-05-27 19:43:33,982 - sim.TraitDistinct_HighDistinct_W40_P0.5_Rep1.MetricsCollector - INFO - metrics:177 - Metrics @ T=85.00: Cells=2266, MaxR=48.50, Pheno={'G_SPECIALIST': 1945, 'L_SPECIALIST': 273, 'SWITCHING_GL': 48}
2025-05-27 19:43:34,124 - sim.TraitDistinct_HighDistinct_W40_P0.5_Rep1.MetricsCollector - INFO - metrics:177 - Metrics @ T=86.00: Cells=2287, MaxR=48.50, Pheno={'G_SPECIALIST': 1945, 'L_SPECIALIST': 297, 'SWITCHING_GL': 45}
2025-05-27 19:43:34,266 - sim.TraitDistinct_HighDistinct_W40_P0.5_Rep1.MetricsCollector - INFO - metrics:177 - Metrics @ T=87.00: Cells=2306, MaxR=48.50, Pheno={'G_SPECIALIST': 1945, 'L_SPECIALIST': 322, 'SWITCHING_GL': 39}
2025-05-27 19:43:34,411 - sim.TraitDistinct_HighDistinct_W40_P0.5_Rep1.MetricsCollector - INFO - metrics:177 - Metrics @ T=88.00: Cells=2329, MaxR=49.96, Pheno={'G_SPECIALIST': 1945, 'L_SPECIALIST': 345, 'SWITCHING_GL': 39}
2025-05-27 19:43:34,556 - sim.TraitDistinct_HighDistinct_W40_P0.5_Rep1.MetricsCollector - INFO - metrics:177 - Metrics @ T=89.00: Cells=2351, MaxR=50.11, Pheno={'G_SPECIALIST': 1945, 'L_SPECIALIST': 368, 'SWITCHING_GL': 38}
2025-05-27 19:43:34,678 - sim.TraitDistinct_HighDistinct_W40_P0.5_Rep1 - INFO - simulation_engine:218 - Progress: T=90.00, Cells=2373
2025-05-27 19:43:34,702 - sim.TraitDistinct_HighDistinct_W40_P0.5_Rep1.MetricsCollector - INFO - metrics:177 - Metrics @ T=90.00: Cells=2378, MaxR=51.47, Pheno={'G_SPECIALIST': 1945, 'L_SPECIALIST': 395, 'SWITCHING_GL': 38}
2025-05-27 19:43:34,853 - sim.TraitDistinct_HighDistinct_W40_P0.5_Rep1.MetricsCollector - INFO - metrics:177 - Metrics @ T=91.00: Cells=2405, MaxR=51.47, Pheno={'G_SPECIALIST': 1945, 'L_SPECIALIST': 424, 'SWITCHING_GL': 36}
2025-05-27 19:43:35,003 - sim.TraitDistinct_HighDistinct_W40_P0.5_Rep1.MetricsCollector - INFO - metrics:177 - Metrics @ T=92.00: Cells=2430, MaxR=51.73, Pheno={'G_SPECIALIST': 1945, 'L_SPECIALIST': 452, 'SWITCHING_GL': 33}
2025-05-27 19:43:35,155 - sim.TraitDistinct_HighDistinct_W40_P0.5_Rep1.MetricsCollector - INFO - metrics:177 - Metrics @ T=93.00: Cells=2451, MaxR=51.73, Pheno={'G_SPECIALIST': 1945, 'L_SPECIALIST': 477, 'SWITCHING_GL': 29}
2025-05-27 19:43:35,307 - sim.TraitDistinct_HighDistinct_W40_P0.5_Rep1.MetricsCollector - INFO - metrics:177 - Metrics @ T=94.00: Cells=2468, MaxR=51.73, Pheno={'G_SPECIALIST': 1945, 'L_SPECIALIST': 498, 'SWITCHING_GL': 25}
2025-05-27 19:43:35,464 - sim.TraitDistinct_HighDistinct_W40_P0.5_Rep1.MetricsCollector - INFO - metrics:177 - Metrics @ T=95.00: Cells=2489, MaxR=51.73, Pheno={'G_SPECIALIST': 1945, 'L_SPECIALIST': 525, 'SWITCHING_GL': 19}
2025-05-27 19:43:35,621 - sim.TraitDistinct_HighDistinct_W40_P0.5_Rep1.MetricsCollector - INFO - metrics:177 - Metrics @ T=96.00: Cells=2514, MaxR=51.73, Pheno={'G_SPECIALIST': 1945, 'L_SPECIALIST': 552, 'SWITCHING_GL': 17}
2025-05-27 19:43:35,780 - sim.TraitDistinct_HighDistinct_W40_P0.5_Rep1.MetricsCollector - INFO - metrics:177 - Metrics @ T=97.00: Cells=2545, MaxR=52.68, Pheno={'G_SPECIALIST': 1945, 'L_SPECIALIST': 584, 'SWITCHING_GL': 16}
2025-05-27 19:43:35,945 - sim.TraitDistinct_HighDistinct_W40_P0.5_Rep1.MetricsCollector - INFO - metrics:177 - Metrics @ T=98.00: Cells=2566, MaxR=53.08, Pheno={'G_SPECIALIST': 1945, 'L_SPECIALIST': 610, 'SWITCHING_GL': 11}
2025-05-27 19:43:36,122 - sim.TraitDistinct_HighDistinct_W40_P0.5_Rep1.MetricsCollector - INFO - metrics:177 - Metrics @ T=99.00: Cells=2596, MaxR=54.44, Pheno={'G_SPECIALIST': 1945, 'L_SPECIALIST': 640, 'SWITCHING_GL': 11}
2025-05-27 19:43:36,259 - sim.TraitDistinct_HighDistinct_W40_P0.5_Rep1 - INFO - simulation_engine:218 - Progress: T=100.00, Cells=2620
2025-05-27 19:43:36,287 - sim.TraitDistinct_HighDistinct_W40_P0.5_Rep1.MetricsCollector - INFO - metrics:177 - Metrics @ T=100.00: Cells=2621, MaxR=54.44, Pheno={'G_SPECIALIST': 1945, 'L_SPECIALIST': 666, 'SWITCHING_GL': 10}
2025-05-27 19:43:36,450 - sim.TraitDistinct_HighDistinct_W40_P0.5_Rep1.MetricsCollector - INFO - metrics:177 - Metrics @ T=101.00: Cells=2650, MaxR=54.44, Pheno={'G_SPECIALIST': 1945, 'L_SPECIALIST': 695, 'SWITCHING_GL': 10}
2025-05-27 19:43:36,615 - sim.TraitDistinct_HighDistinct_W40_P0.5_Rep1.MetricsCollector - INFO - metrics:177 - Metrics @ T=102.00: Cells=2677, MaxR=54.44, Pheno={'G_SPECIALIST': 1945, 'L_SPECIALIST': 724, 'SWITCHING_GL': 8}
2025-05-27 19:43:36,783 - sim.TraitDistinct_HighDistinct_W40_P0.5_Rep1.MetricsCollector - INFO - metrics:177 - Metrics @ T=103.00: Cells=2705, MaxR=54.44, Pheno={'G_SPECIALIST': 1945, 'L_SPECIALIST': 753, 'SWITCHING_GL': 7}
2025-05-27 19:43:36,952 - sim.TraitDistinct_HighDistinct_W40_P0.5_Rep1.MetricsCollector - INFO - metrics:177 - Metrics @ T=104.00: Cells=2735, MaxR=54.44, Pheno={'G_SPECIALIST': 1945, 'L_SPECIALIST': 784, 'SWITCHING_GL': 6}
2025-05-27 19:43:37,124 - sim.TraitDistinct_HighDistinct_W40_P0.5_Rep1.MetricsCollector - INFO - metrics:177 - Metrics @ T=105.00: Cells=2761, MaxR=54.44, Pheno={'G_SPECIALIST': 1945, 'L_SPECIALIST': 812, 'SWITCHING_GL': 4}
2025-05-27 19:43:37,299 - sim.TraitDistinct_HighDistinct_W40_P0.5_Rep1.MetricsCollector - INFO - metrics:177 - Metrics @ T=106.00: Cells=2790, MaxR=54.44, Pheno={'G_SPECIALIST': 1945, 'L_SPECIALIST': 841, 'SWITCHING_GL': 4}
2025-05-27 19:43:37,471 - sim.TraitDistinct_HighDistinct_W40_P0.5_Rep1.MetricsCollector - INFO - metrics:177 - Metrics @ T=107.00: Cells=2822, MaxR=54.69, Pheno={'G_SPECIALIST': 1945, 'L_SPECIALIST': 875, 'SWITCHING_GL': 2}
2025-05-27 19:43:37,644 - sim.TraitDistinct_HighDistinct_W40_P0.5_Rep1.MetricsCollector - INFO - metrics:177 - Metrics @ T=108.00: Cells=2856, MaxR=55.02, Pheno={'G_SPECIALIST': 1945, 'L_SPECIALIST': 909, 'SWITCHING_GL': 2}
2025-05-27 19:43:37,828 - sim.TraitDistinct_HighDistinct_W40_P0.5_Rep1.MetricsCollector - INFO - metrics:177 - Metrics @ T=109.00: Cells=2880, MaxR=55.02, Pheno={'G_SPECIALIST': 1945, 'L_SPECIALIST': 934, 'SWITCHING_GL': 1}
2025-05-27 19:43:37,976 - sim.TraitDistinct_HighDistinct_W40_P0.5_Rep1 - INFO - simulation_engine:218 - Progress: T=110.00, Cells=2909
2025-05-27 19:43:38,007 - sim.TraitDistinct_HighDistinct_W40_P0.5_Rep1.MetricsCollector - INFO - metrics:177 - Metrics @ T=110.00: Cells=2911, MaxR=55.02, Pheno={'G_SPECIALIST': 1945, 'L_SPECIALIST': 966, 'SWITCHING_GL': 0}
2025-05-27 19:43:38,189 - sim.TraitDistinct_HighDistinct_W40_P0.5_Rep1.MetricsCollector - INFO - metrics:177 - Metrics @ T=111.00: Cells=2937, MaxR=55.75, Pheno={'G_SPECIALIST': 1945, 'L_SPECIALIST': 992, 'SWITCHING_GL': 0}
2025-05-27 19:43:38,373 - sim.TraitDistinct_HighDistinct_W40_P0.5_Rep1.MetricsCollector - INFO - metrics:177 - Metrics @ T=112.00: Cells=2971, MaxR=56.71, Pheno={'G_SPECIALIST': 1945, 'L_SPECIALIST': 1026, 'SWITCHING_GL': 0}
2025-05-27 19:43:38,558 - sim.TraitDistinct_HighDistinct_W40_P0.5_Rep1.MetricsCollector - INFO - metrics:177 - Metrics @ T=113.00: Cells=3007, MaxR=56.71, Pheno={'G_SPECIALIST': 1945, 'L_SPECIALIST': 1062, 'SWITCHING_GL': 0}
2025-05-27 19:43:38,747 - sim.TraitDistinct_HighDistinct_W40_P0.5_Rep1.MetricsCollector - INFO - metrics:177 - Metrics @ T=114.00: Cells=3038, MaxR=56.71, Pheno={'G_SPECIALIST': 1945, 'L_SPECIALIST': 1093, 'SWITCHING_GL': 0}
2025-05-27 19:43:38,936 - sim.TraitDistinct_HighDistinct_W40_P0.5_Rep1.MetricsCollector - INFO - metrics:177 - Metrics @ T=115.00: Cells=3062, MaxR=56.71, Pheno={'G_SPECIALIST': 1945, 'L_SPECIALIST': 1117, 'SWITCHING_GL': 0}
2025-05-27 19:43:39,134 - sim.TraitDistinct_HighDistinct_W40_P0.5_Rep1.MetricsCollector - INFO - metrics:177 - Metrics @ T=116.00: Cells=3093, MaxR=56.71, Pheno={'G_SPECIALIST': 1945, 'L_SPECIALIST': 1148, 'SWITCHING_GL': 0}
2025-05-27 19:43:39,328 - sim.TraitDistinct_HighDistinct_W40_P0.5_Rep1.MetricsCollector - INFO - metrics:177 - Metrics @ T=117.00: Cells=3124, MaxR=57.42, Pheno={'G_SPECIALIST': 1945, 'L_SPECIALIST': 1179, 'SWITCHING_GL': 0}
2025-05-27 19:43:39,525 - sim.TraitDistinct_HighDistinct_W40_P0.5_Rep1.MetricsCollector - INFO - metrics:177 - Metrics @ T=118.00: Cells=3151, MaxR=57.89, Pheno={'G_SPECIALIST': 1945, 'L_SPECIALIST': 1206, 'SWITCHING_GL': 0}
2025-05-27 19:43:39,722 - sim.TraitDistinct_HighDistinct_W40_P0.5_Rep1.MetricsCollector - INFO - metrics:177 - Metrics @ T=119.00: Cells=3184, MaxR=57.89, Pheno={'G_SPECIALIST': 1945, 'L_SPECIALIST': 1239, 'SWITCHING_GL': 0}
2025-05-27 19:43:39,909 - sim.TraitDistinct_HighDistinct_W40_P0.5_Rep1 - INFO - simulation_engine:218 - Progress: T=120.00, Cells=3205
2025-05-27 19:43:39,942 - sim.TraitDistinct_HighDistinct_W40_P0.5_Rep1.MetricsCollector - INFO - metrics:177 - Metrics @ T=120.00: Cells=3206, MaxR=58.66, Pheno={'G_SPECIALIST': 1945, 'L_SPECIALIST': 1261, 'SWITCHING_GL': 0}
2025-05-27 19:43:40,140 - sim.TraitDistinct_HighDistinct_W40_P0.5_Rep1.MetricsCollector - INFO - metrics:177 - Metrics @ T=121.00: Cells=3234, MaxR=58.66, Pheno={'G_SPECIALIST': 1945, 'L_SPECIALIST': 1289, 'SWITCHING_GL': 0}
2025-05-27 19:43:40,342 - sim.TraitDistinct_HighDistinct_W40_P0.5_Rep1.MetricsCollector - INFO - metrics:177 - Metrics @ T=122.00: Cells=3264, MaxR=58.66, Pheno={'G_SPECIALIST': 1945, 'L_SPECIALIST': 1319, 'SWITCHING_GL': 0}
2025-05-27 19:43:40,545 - sim.TraitDistinct_HighDistinct_W40_P0.5_Rep1.MetricsCollector - INFO - metrics:177 - Metrics @ T=123.00: Cells=3301, MaxR=58.66, Pheno={'G_SPECIALIST': 1945, 'L_SPECIALIST': 1356, 'SWITCHING_GL': 0}
2025-05-27 19:43:40,752 - sim.TraitDistinct_HighDistinct_W40_P0.5_Rep1.MetricsCollector - INFO - metrics:177 - Metrics @ T=124.00: Cells=3345, MaxR=58.66, Pheno={'G_SPECIALIST': 1945, 'L_SPECIALIST': 1400, 'SWITCHING_GL': 0}
2025-05-27 19:43:40,960 - sim.TraitDistinct_HighDistinct_W40_P0.5_Rep1.MetricsCollector - INFO - metrics:177 - Metrics @ T=125.00: Cells=3372, MaxR=58.66, Pheno={'G_SPECIALIST': 1945, 'L_SPECIALIST': 1427, 'SWITCHING_GL': 0}
2025-05-27 19:43:41,177 - sim.TraitDistinct_HighDistinct_W40_P0.5_Rep1.MetricsCollector - INFO - metrics:177 - Metrics @ T=126.00: Cells=3405, MaxR=58.66, Pheno={'G_SPECIALIST': 1945, 'L_SPECIALIST': 1460, 'SWITCHING_GL': 0}
2025-05-27 19:43:41,396 - sim.TraitDistinct_HighDistinct_W40_P0.5_Rep1.MetricsCollector - INFO - metrics:177 - Metrics @ T=127.00: Cells=3451, MaxR=59.27, Pheno={'G_SPECIALIST': 1945, 'L_SPECIALIST': 1506, 'SWITCHING_GL': 0}
2025-05-27 19:43:41,610 - sim.TraitDistinct_HighDistinct_W40_P0.5_Rep1.MetricsCollector - INFO - metrics:177 - Metrics @ T=128.00: Cells=3471, MaxR=59.27, Pheno={'G_SPECIALIST': 1945, 'L_SPECIALIST': 1526, 'SWITCHING_GL': 0}
2025-05-27 19:43:41,825 - sim.TraitDistinct_HighDistinct_W40_P0.5_Rep1.MetricsCollector - INFO - metrics:177 - Metrics @ T=129.00: Cells=3507, MaxR=59.27, Pheno={'G_SPECIALIST': 1945, 'L_SPECIALIST': 1562, 'SWITCHING_GL': 0}
2025-05-27 19:43:42,011 - sim.TraitDistinct_HighDistinct_W40_P0.5_Rep1 - INFO - simulation_engine:218 - Progress: T=130.00, Cells=3534
2025-05-27 19:43:42,048 - sim.TraitDistinct_HighDistinct_W40_P0.5_Rep1.MetricsCollector - INFO - metrics:177 - Metrics @ T=130.00: Cells=3536, MaxR=60.00, Pheno={'G_SPECIALIST': 1945, 'L_SPECIALIST': 1591, 'SWITCHING_GL': 0}
2025-05-27 19:43:42,269 - sim.TraitDistinct_HighDistinct_W40_P0.5_Rep1.MetricsCollector - INFO - metrics:177 - Metrics @ T=131.00: Cells=3569, MaxR=60.77, Pheno={'G_SPECIALIST': 1945, 'L_SPECIALIST': 1624, 'SWITCHING_GL': 0}
2025-05-27 19:43:42,493 - sim.TraitDistinct_HighDistinct_W40_P0.5_Rep1.MetricsCollector - INFO - metrics:177 - Metrics @ T=132.00: Cells=3604, MaxR=62.86, Pheno={'G_SPECIALIST': 1945, 'L_SPECIALIST': 1659, 'SWITCHING_GL': 0}
2025-05-27 19:43:42,717 - sim.TraitDistinct_HighDistinct_W40_P0.5_Rep1.MetricsCollector - INFO - metrics:177 - Metrics @ T=133.00: Cells=3641, MaxR=62.86, Pheno={'G_SPECIALIST': 1945, 'L_SPECIALIST': 1696, 'SWITCHING_GL': 0}
2025-05-27 19:43:42,943 - sim.TraitDistinct_HighDistinct_W40_P0.5_Rep1.MetricsCollector - INFO - metrics:177 - Metrics @ T=134.00: Cells=3675, MaxR=62.86, Pheno={'G_SPECIALIST': 1945, 'L_SPECIALIST': 1730, 'SWITCHING_GL': 0}
2025-05-27 19:43:43,174 - sim.TraitDistinct_HighDistinct_W40_P0.5_Rep1.MetricsCollector - INFO - metrics:177 - Metrics @ T=135.00: Cells=3714, MaxR=63.24, Pheno={'G_SPECIALIST': 1945, 'L_SPECIALIST': 1769, 'SWITCHING_GL': 0}
2025-05-27 19:43:43,408 - sim.TraitDistinct_HighDistinct_W40_P0.5_Rep1.MetricsCollector - INFO - metrics:177 - Metrics @ T=136.00: Cells=3746, MaxR=64.16, Pheno={'G_SPECIALIST': 1945, 'L_SPECIALIST': 1801, 'SWITCHING_GL': 0}
2025-05-27 19:43:43,642 - sim.TraitDistinct_HighDistinct_W40_P0.5_Rep1.MetricsCollector - INFO - metrics:177 - Metrics @ T=137.00: Cells=3785, MaxR=64.16, Pheno={'G_SPECIALIST': 1945, 'L_SPECIALIST': 1840, 'SWITCHING_GL': 0}
2025-05-27 19:43:43,879 - sim.TraitDistinct_HighDistinct_W40_P0.5_Rep1.MetricsCollector - INFO - metrics:177 - Metrics @ T=138.00: Cells=3824, MaxR=64.16, Pheno={'G_SPECIALIST': 1945, 'L_SPECIALIST': 1879, 'SWITCHING_GL': 0}
2025-05-27 19:43:44,115 - sim.TraitDistinct_HighDistinct_W40_P0.5_Rep1.MetricsCollector - INFO - metrics:177 - Metrics @ T=139.00: Cells=3857, MaxR=64.16, Pheno={'G_SPECIALIST': 1945, 'L_SPECIALIST': 1912, 'SWITCHING_GL': 0}
2025-05-27 19:43:44,316 - sim.TraitDistinct_HighDistinct_W40_P0.5_Rep1 - INFO - simulation_engine:218 - Progress: T=140.00, Cells=3886
2025-05-27 19:43:44,355 - sim.TraitDistinct_HighDistinct_W40_P0.5_Rep1.MetricsCollector - INFO - metrics:177 - Metrics @ T=140.00: Cells=3889, MaxR=64.51, Pheno={'G_SPECIALIST': 1945, 'L_SPECIALIST': 1944, 'SWITCHING_GL': 0}
2025-05-27 19:43:44,618 - sim.TraitDistinct_HighDistinct_W40_P0.5_Rep1.MetricsCollector - INFO - metrics:177 - Metrics @ T=141.00: Cells=3923, MaxR=64.51, Pheno={'G_SPECIALIST': 1945, 'L_SPECIALIST': 1978, 'SWITCHING_GL': 0}
2025-05-27 19:43:44,868 - sim.TraitDistinct_HighDistinct_W40_P0.5_Rep1.MetricsCollector - INFO - metrics:177 - Metrics @ T=142.00: Cells=3951, MaxR=64.51, Pheno={'G_SPECIALIST': 1945, 'L_SPECIALIST': 2006, 'SWITCHING_GL': 0}
2025-05-27 19:43:45,112 - sim.TraitDistinct_HighDistinct_W40_P0.5_Rep1.MetricsCollector - INFO - metrics:177 - Metrics @ T=143.00: Cells=3987, MaxR=64.51, Pheno={'G_SPECIALIST': 1945, 'L_SPECIALIST': 2042, 'SWITCHING_GL': 0}
2025-05-27 19:43:45,362 - sim.TraitDistinct_HighDistinct_W40_P0.5_Rep1.MetricsCollector - INFO - metrics:177 - Metrics @ T=144.00: Cells=4022, MaxR=64.51, Pheno={'G_SPECIALIST': 1945, 'L_SPECIALIST': 2077, 'SWITCHING_GL': 0}
2025-05-27 19:43:45,612 - sim.TraitDistinct_HighDistinct_W40_P0.5_Rep1.MetricsCollector - INFO - metrics:177 - Metrics @ T=145.00: Cells=4053, MaxR=64.51, Pheno={'G_SPECIALIST': 1945, 'L_SPECIALIST': 2108, 'SWITCHING_GL': 0}
2025-05-27 19:43:45,865 - sim.TraitDistinct_HighDistinct_W40_P0.5_Rep1.MetricsCollector - INFO - metrics:177 - Metrics @ T=146.00: Cells=4101, MaxR=65.20, Pheno={'G_SPECIALIST': 1945, 'L_SPECIALIST': 2156, 'SWITCHING_GL': 0}
2025-05-27 19:43:46,122 - sim.TraitDistinct_HighDistinct_W40_P0.5_Rep1.MetricsCollector - INFO - metrics:177 - Metrics @ T=147.00: Cells=4140, MaxR=65.48, Pheno={'G_SPECIALIST': 1945, 'L_SPECIALIST': 2195, 'SWITCHING_GL': 0}
2025-05-27 19:43:46,380 - sim.TraitDistinct_HighDistinct_W40_P0.5_Rep1.MetricsCollector - INFO - metrics:177 - Metrics @ T=148.00: Cells=4164, MaxR=65.48, Pheno={'G_SPECIALIST': 1945, 'L_SPECIALIST': 2219, 'SWITCHING_GL': 0}
2025-05-27 19:43:46,639 - sim.TraitDistinct_HighDistinct_W40_P0.5_Rep1.MetricsCollector - INFO - metrics:177 - Metrics @ T=149.00: Cells=4187, MaxR=65.48, Pheno={'G_SPECIALIST': 1945, 'L_SPECIALIST': 2242, 'SWITCHING_GL': 0}
2025-05-27 19:43:46,855 - sim.TraitDistinct_HighDistinct_W40_P0.5_Rep1 - INFO - simulation_engine:218 - Progress: T=150.00, Cells=4218
2025-05-27 19:43:46,898 - sim.TraitDistinct_HighDistinct_W40_P0.5_Rep1.MetricsCollector - INFO - metrics:177 - Metrics @ T=150.00: Cells=4219, MaxR=66.57, Pheno={'G_SPECIALIST': 1945, 'L_SPECIALIST': 2274, 'SWITCHING_GL': 0}
2025-05-27 19:43:47,158 - sim.TraitDistinct_HighDistinct_W40_P0.5_Rep1.MetricsCollector - INFO - metrics:177 - Metrics @ T=151.00: Cells=4263, MaxR=66.57, Pheno={'G_SPECIALIST': 1945, 'L_SPECIALIST': 2318, 'SWITCHING_GL': 0}
2025-05-27 19:43:47,427 - sim.TraitDistinct_HighDistinct_W40_P0.5_Rep1.MetricsCollector - INFO - metrics:177 - Metrics @ T=152.00: Cells=4304, MaxR=67.10, Pheno={'G_SPECIALIST': 1945, 'L_SPECIALIST': 2359, 'SWITCHING_GL': 0}
2025-05-27 19:43:47,697 - sim.TraitDistinct_HighDistinct_W40_P0.5_Rep1.MetricsCollector - INFO - metrics:177 - Metrics @ T=153.00: Cells=4334, MaxR=67.10, Pheno={'G_SPECIALIST': 1945, 'L_SPECIALIST': 2389, 'SWITCHING_GL': 0}
2025-05-27 19:43:47,967 - sim.TraitDistinct_HighDistinct_W40_P0.5_Rep1.MetricsCollector - INFO - metrics:177 - Metrics @ T=154.00: Cells=4369, MaxR=68.23, Pheno={'G_SPECIALIST': 1945, 'L_SPECIALIST': 2424, 'SWITCHING_GL': 0}
2025-05-27 19:43:48,239 - sim.TraitDistinct_HighDistinct_W40_P0.5_Rep1.MetricsCollector - INFO - metrics:177 - Metrics @ T=155.00: Cells=4400, MaxR=68.23, Pheno={'G_SPECIALIST': 1945, 'L_SPECIALIST': 2455, 'SWITCHING_GL': 0}
2025-05-27 19:43:48,514 - sim.TraitDistinct_HighDistinct_W40_P0.5_Rep1.MetricsCollector - INFO - metrics:177 - Metrics @ T=156.00: Cells=4432, MaxR=68.23, Pheno={'G_SPECIALIST': 1945, 'L_SPECIALIST': 2487, 'SWITCHING_GL': 0}
2025-05-27 19:43:48,793 - sim.TraitDistinct_HighDistinct_W40_P0.5_Rep1.MetricsCollector - INFO - metrics:177 - Metrics @ T=157.00: Cells=4482, MaxR=68.43, Pheno={'G_SPECIALIST': 1945, 'L_SPECIALIST': 2537, 'SWITCHING_GL': 0}
2025-05-27 19:43:49,071 - sim.TraitDistinct_HighDistinct_W40_P0.5_Rep1.MetricsCollector - INFO - metrics:177 - Metrics @ T=158.00: Cells=4511, MaxR=68.43, Pheno={'G_SPECIALIST': 1945, 'L_SPECIALIST': 2566, 'SWITCHING_GL': 0}
2025-05-27 19:43:49,354 - sim.TraitDistinct_HighDistinct_W40_P0.5_Rep1.MetricsCollector - INFO - metrics:177 - Metrics @ T=159.00: Cells=4556, MaxR=69.91, Pheno={'G_SPECIALIST': 1945, 'L_SPECIALIST': 2611, 'SWITCHING_GL': 0}
2025-05-27 19:43:49,591 - sim.TraitDistinct_HighDistinct_W40_P0.5_Rep1 - INFO - simulation_engine:218 - Progress: T=160.00, Cells=4598
2025-05-27 19:43:49,638 - sim.TraitDistinct_HighDistinct_W40_P0.5_Rep1.MetricsCollector - INFO - metrics:177 - Metrics @ T=160.00: Cells=4602, MaxR=69.91, Pheno={'G_SPECIALIST': 1945, 'L_SPECIALIST': 2657, 'SWITCHING_GL': 0}
2025-05-27 19:43:49,923 - sim.TraitDistinct_HighDistinct_W40_P0.5_Rep1.MetricsCollector - INFO - metrics:177 - Metrics @ T=161.00: Cells=4638, MaxR=69.91, Pheno={'G_SPECIALIST': 1945, 'L_SPECIALIST': 2693, 'SWITCHING_GL': 0}
2025-05-27 19:43:50,212 - sim.TraitDistinct_HighDistinct_W40_P0.5_Rep1.MetricsCollector - INFO - metrics:177 - Metrics @ T=162.00: Cells=4678, MaxR=69.91, Pheno={'G_SPECIALIST': 1945, 'L_SPECIALIST': 2733, 'SWITCHING_GL': 0}
2025-05-27 19:43:50,502 - sim.TraitDistinct_HighDistinct_W40_P0.5_Rep1.MetricsCollector - INFO - metrics:177 - Metrics @ T=163.00: Cells=4718, MaxR=70.06, Pheno={'G_SPECIALIST': 1945, 'L_SPECIALIST': 2773, 'SWITCHING_GL': 0}
2025-05-27 19:43:50,794 - sim.TraitDistinct_HighDistinct_W40_P0.5_Rep1.MetricsCollector - INFO - metrics:177 - Metrics @ T=164.00: Cells=4764, MaxR=70.38, Pheno={'G_SPECIALIST': 1945, 'L_SPECIALIST': 2819, 'SWITCHING_GL': 0}
2025-05-27 19:43:51,090 - sim.TraitDistinct_HighDistinct_W40_P0.5_Rep1.MetricsCollector - INFO - metrics:177 - Metrics @ T=165.00: Cells=4792, MaxR=70.38, Pheno={'G_SPECIALIST': 1945, 'L_SPECIALIST': 2847, 'SWITCHING_GL': 0}
2025-05-27 19:43:51,388 - sim.TraitDistinct_HighDistinct_W40_P0.5_Rep1.MetricsCollector - INFO - metrics:177 - Metrics @ T=166.00: Cells=4824, MaxR=70.38, Pheno={'G_SPECIALIST': 1945, 'L_SPECIALIST': 2879, 'SWITCHING_GL': 0}
2025-05-27 19:43:51,692 - sim.TraitDistinct_HighDistinct_W40_P0.5_Rep1.MetricsCollector - INFO - metrics:177 - Metrics @ T=167.00: Cells=4876, MaxR=70.89, Pheno={'G_SPECIALIST': 1945, 'L_SPECIALIST': 2931, 'SWITCHING_GL': 0}
2025-05-27 19:43:51,997 - sim.TraitDistinct_HighDistinct_W40_P0.5_Rep1.MetricsCollector - INFO - metrics:177 - Metrics @ T=168.00: Cells=4921, MaxR=70.89, Pheno={'G_SPECIALIST': 1945, 'L_SPECIALIST': 2976, 'SWITCHING_GL': 0}
2025-05-27 19:43:52,304 - sim.TraitDistinct_HighDistinct_W40_P0.5_Rep1.MetricsCollector - INFO - metrics:177 - Metrics @ T=169.00: Cells=4966, MaxR=70.89, Pheno={'G_SPECIALIST': 1945, 'L_SPECIALIST': 3021, 'SWITCHING_GL': 0}
2025-05-27 19:43:52,561 - sim.TraitDistinct_HighDistinct_W40_P0.5_Rep1 - INFO - simulation_engine:218 - Progress: T=170.00, Cells=4992
2025-05-27 19:43:52,614 - sim.TraitDistinct_HighDistinct_W40_P0.5_Rep1.MetricsCollector - INFO - metrics:177 - Metrics @ T=170.00: Cells=4999, MaxR=70.89, Pheno={'G_SPECIALIST': 1945, 'L_SPECIALIST': 3054, 'SWITCHING_GL': 0}
2025-05-27 19:43:52,923 - sim.TraitDistinct_HighDistinct_W40_P0.5_Rep1.MetricsCollector - INFO - metrics:177 - Metrics @ T=171.00: Cells=5023, MaxR=70.93, Pheno={'G_SPECIALIST': 1945, 'L_SPECIALIST': 3078, 'SWITCHING_GL': 0}
2025-05-27 19:43:53,238 - sim.TraitDistinct_HighDistinct_W40_P0.5_Rep1.MetricsCollector - INFO - metrics:177 - Metrics @ T=172.00: Cells=5061, MaxR=70.93, Pheno={'G_SPECIALIST': 1945, 'L_SPECIALIST': 3116, 'SWITCHING_GL': 0}
2025-05-27 19:43:53,556 - sim.TraitDistinct_HighDistinct_W40_P0.5_Rep1.MetricsCollector - INFO - metrics:177 - Metrics @ T=173.00: Cells=5093, MaxR=72.33, Pheno={'G_SPECIALIST': 1945, 'L_SPECIALIST': 3148, 'SWITCHING_GL': 0}
2025-05-27 19:43:53,874 - sim.TraitDistinct_HighDistinct_W40_P0.5_Rep1.MetricsCollector - INFO - metrics:177 - Metrics @ T=174.00: Cells=5131, MaxR=72.33, Pheno={'G_SPECIALIST': 1945, 'L_SPECIALIST': 3186, 'SWITCHING_GL': 0}
2025-05-27 19:43:54,193 - sim.TraitDistinct_HighDistinct_W40_P0.5_Rep1.MetricsCollector - INFO - metrics:177 - Metrics @ T=175.00: Cells=5170, MaxR=72.75, Pheno={'G_SPECIALIST': 1945, 'L_SPECIALIST': 3225, 'SWITCHING_GL': 0}
2025-05-27 19:43:54,516 - sim.TraitDistinct_HighDistinct_W40_P0.5_Rep1.MetricsCollector - INFO - metrics:177 - Metrics @ T=176.00: Cells=5204, MaxR=72.75, Pheno={'G_SPECIALIST': 1945, 'L_SPECIALIST': 3259, 'SWITCHING_GL': 0}
2025-05-27 19:43:54,844 - sim.TraitDistinct_HighDistinct_W40_P0.5_Rep1.MetricsCollector - INFO - metrics:177 - Metrics @ T=177.00: Cells=5237, MaxR=72.75, Pheno={'G_SPECIALIST': 1945, 'L_SPECIALIST': 3292, 'SWITCHING_GL': 0}
2025-05-27 19:43:55,176 - sim.TraitDistinct_HighDistinct_W40_P0.5_Rep1.MetricsCollector - INFO - metrics:177 - Metrics @ T=178.00: Cells=5280, MaxR=72.81, Pheno={'G_SPECIALIST': 1945, 'L_SPECIALIST': 3335, 'SWITCHING_GL': 0}
2025-05-27 19:43:55,525 - sim.TraitDistinct_HighDistinct_W40_P0.5_Rep1.MetricsCollector - INFO - metrics:177 - Metrics @ T=179.00: Cells=5318, MaxR=72.81, Pheno={'G_SPECIALIST': 1945, 'L_SPECIALIST': 3373, 'SWITCHING_GL': 0}
2025-05-27 19:43:55,801 - sim.TraitDistinct_HighDistinct_W40_P0.5_Rep1 - INFO - simulation_engine:218 - Progress: T=180.00, Cells=5345
2025-05-27 19:43:55,857 - sim.TraitDistinct_HighDistinct_W40_P0.5_Rep1.MetricsCollector - INFO - metrics:177 - Metrics @ T=180.00: Cells=5350, MaxR=73.73, Pheno={'G_SPECIALIST': 1945, 'L_SPECIALIST': 3405, 'SWITCHING_GL': 0}
2025-05-27 19:43:56,190 - sim.TraitDistinct_HighDistinct_W40_P0.5_Rep1.MetricsCollector - INFO - metrics:177 - Metrics @ T=181.00: Cells=5388, MaxR=74.28, Pheno={'G_SPECIALIST': 1945, 'L_SPECIALIST': 3443, 'SWITCHING_GL': 0}
2025-05-27 19:43:56,528 - sim.TraitDistinct_HighDistinct_W40_P0.5_Rep1.MetricsCollector - INFO - metrics:177 - Metrics @ T=182.00: Cells=5426, MaxR=74.28, Pheno={'G_SPECIALIST': 1945, 'L_SPECIALIST': 3481, 'SWITCHING_GL': 0}
2025-05-27 19:43:56,864 - sim.TraitDistinct_HighDistinct_W40_P0.5_Rep1.MetricsCollector - INFO - metrics:177 - Metrics @ T=183.00: Cells=5472, MaxR=74.54, Pheno={'G_SPECIALIST': 1945, 'L_SPECIALIST': 3527, 'SWITCHING_GL': 0}
2025-05-27 19:43:57,206 - sim.TraitDistinct_HighDistinct_W40_P0.5_Rep1.MetricsCollector - INFO - metrics:177 - Metrics @ T=184.00: Cells=5520, MaxR=74.54, Pheno={'G_SPECIALIST': 1945, 'L_SPECIALIST': 3575, 'SWITCHING_GL': 0}
2025-05-27 19:43:57,553 - sim.TraitDistinct_HighDistinct_W40_P0.5_Rep1.MetricsCollector - INFO - metrics:177 - Metrics @ T=185.00: Cells=5562, MaxR=74.54, Pheno={'G_SPECIALIST': 1945, 'L_SPECIALIST': 3617, 'SWITCHING_GL': 0}
2025-05-27 19:43:57,906 - sim.TraitDistinct_HighDistinct_W40_P0.5_Rep1.MetricsCollector - INFO - metrics:177 - Metrics @ T=186.00: Cells=5601, MaxR=75.18, Pheno={'G_SPECIALIST': 1945, 'L_SPECIALIST': 3656, 'SWITCHING_GL': 0}
2025-05-27 19:43:58,256 - sim.TraitDistinct_HighDistinct_W40_P0.5_Rep1.MetricsCollector - INFO - metrics:177 - Metrics @ T=187.00: Cells=5646, MaxR=75.97, Pheno={'G_SPECIALIST': 1945, 'L_SPECIALIST': 3701, 'SWITCHING_GL': 0}
2025-05-27 19:43:58,611 - sim.TraitDistinct_HighDistinct_W40_P0.5_Rep1.MetricsCollector - INFO - metrics:177 - Metrics @ T=188.00: Cells=5683, MaxR=78.31, Pheno={'G_SPECIALIST': 1945, 'L_SPECIALIST': 3738, 'SWITCHING_GL': 0}
2025-05-27 19:43:58,964 - sim.TraitDistinct_HighDistinct_W40_P0.5_Rep1.MetricsCollector - INFO - metrics:177 - Metrics @ T=189.00: Cells=5713, MaxR=79.50, Pheno={'G_SPECIALIST': 1945, 'L_SPECIALIST': 3768, 'SWITCHING_GL': 0}
2025-05-27 19:43:59,261 - sim.TraitDistinct_HighDistinct_W40_P0.5_Rep1 - INFO - simulation_engine:218 - Progress: T=190.00, Cells=5755
2025-05-27 19:43:59,318 - sim.TraitDistinct_HighDistinct_W40_P0.5_Rep1.MetricsCollector - INFO - metrics:177 - Metrics @ T=190.00: Cells=5756, MaxR=79.50, Pheno={'G_SPECIALIST': 1945, 'L_SPECIALIST': 3811, 'SWITCHING_GL': 0}
2025-05-27 19:43:59,681 - sim.TraitDistinct_HighDistinct_W40_P0.5_Rep1.MetricsCollector - INFO - metrics:177 - Metrics @ T=191.00: Cells=5793, MaxR=79.50, Pheno={'G_SPECIALIST': 1945, 'L_SPECIALIST': 3848, 'SWITCHING_GL': 0}
2025-05-27 19:44:00,047 - sim.TraitDistinct_HighDistinct_W40_P0.5_Rep1.MetricsCollector - INFO - metrics:177 - Metrics @ T=192.00: Cells=5823, MaxR=79.50, Pheno={'G_SPECIALIST': 1945, 'L_SPECIALIST': 3878, 'SWITCHING_GL': 0}
2025-05-27 19:44:00,410 - sim.TraitDistinct_HighDistinct_W40_P0.5_Rep1.MetricsCollector - INFO - metrics:177 - Metrics @ T=193.00: Cells=5854, MaxR=79.50, Pheno={'G_SPECIALIST': 1945, 'L_SPECIALIST': 3909, 'SWITCHING_GL': 0}
2025-05-27 19:44:00,773 - sim.TraitDistinct_HighDistinct_W40_P0.5_Rep1.MetricsCollector - INFO - metrics:177 - Metrics @ T=194.00: Cells=5902, MaxR=79.50, Pheno={'G_SPECIALIST': 1945, 'L_SPECIALIST': 3957, 'SWITCHING_GL': 0}
2025-05-27 19:44:01,139 - sim.TraitDistinct_HighDistinct_W40_P0.5_Rep1.MetricsCollector - INFO - metrics:177 - Metrics @ T=195.00: Cells=5952, MaxR=79.50, Pheno={'G_SPECIALIST': 1945, 'L_SPECIALIST': 4007, 'SWITCHING_GL': 0}
2025-05-27 19:44:01,515 - sim.TraitDistinct_HighDistinct_W40_P0.5_Rep1.MetricsCollector - INFO - metrics:177 - Metrics @ T=196.00: Cells=5984, MaxR=79.50, Pheno={'G_SPECIALIST': 1945, 'L_SPECIALIST': 4039, 'SWITCHING_GL': 0}
2025-05-27 19:44:01,897 - sim.TraitDistinct_HighDistinct_W40_P0.5_Rep1.MetricsCollector - INFO - metrics:177 - Metrics @ T=197.00: Cells=6033, MaxR=79.50, Pheno={'G_SPECIALIST': 1945, 'L_SPECIALIST': 4088, 'SWITCHING_GL': 0}
2025-05-27 19:44:02,293 - sim.TraitDistinct_HighDistinct_W40_P0.5_Rep1.MetricsCollector - INFO - metrics:177 - Metrics @ T=198.00: Cells=6079, MaxR=80.89, Pheno={'G_SPECIALIST': 1946, 'L_SPECIALIST': 4133, 'SWITCHING_GL': 0}
2025-05-27 19:44:02,672 - sim.TraitDistinct_HighDistinct_W40_P0.5_Rep1.MetricsCollector - INFO - metrics:177 - Metrics @ T=199.00: Cells=6122, MaxR=80.89, Pheno={'G_SPECIALIST': 1946, 'L_SPECIALIST': 4176, 'SWITCHING_GL': 0}
2025-05-27 19:44:02,991 - sim.TraitDistinct_HighDistinct_W40_P0.5_Rep1 - INFO - simulation_engine:218 - Progress: T=200.00, Cells=6162
2025-05-27 19:44:03,054 - sim.TraitDistinct_HighDistinct_W40_P0.5_Rep1.MetricsCollector - INFO - metrics:177 - Metrics @ T=200.00: Cells=6164, MaxR=80.89, Pheno={'G_SPECIALIST': 1946, 'L_SPECIALIST': 4218, 'SWITCHING_GL': 0}
2025-05-27 19:44:03,090 - sim.TraitDistinct_HighDistinct_W40_P0.5_Rep1 - INFO - simulation_engine:238 - Sim run finished: TraitDistinct_HighDistinct_W40_P0.5_Rep1. Wall-clock: 34.261s.
2025-05-27 19:44:03,090 - sim.TraitDistinct_HighDistinct_W40_P0.5_Rep1 - INFO - simulation_engine:241 - Final state: SimTime=200.10, Steps=2001, Cells=6168.
2025-05-27 19:44:03,090 - sim.TraitDistinct_HighDistinct_W40_P0.5_Rep1.MetricsCollector - INFO - metrics:300 - Finalizing data collection and exporting results...
2025-05-27 19:44:03,090 - sim.TraitDistinct_HighDistinct_W40_P0.5_Rep1.MetricsCollector - INFO - metrics:312 - --- Simulation Summary (Log) ---
time: 199.99999999999292
total_cell_count: 6164
phenotype_counts: {'G_SPECIALIST': 1946, 'L_SPECIALIST': 4218, 'SWITCHING_GL': 0}
avg_radial_distance: 47.784503077984084
max_radial_distance: 80.88881257627658
min_radial_distance: 0.0
std_dev_radial_distance: 17.091072620490426
median_radial_distance: 50.46781152378217
frontier_lag_G_to_L: (details in files)
frontier_traits: (details in files)
overall_radial_expansion_velocity: 0.39578380884355246
config_exp_name: TraitDistinct_HighDistinct_W40_P0.5_Rep1

2025-05-27 19:44:03,112 - sim.TraitDistinct_HighDistinct_W40_P0.5_Rep1.MetricsCollector - INFO - metrics:242 - Time series data exported to results\TraitDistinct_HighDistinct_W40_P0.5_Rep1\time_series_data.csv
2025-05-27 19:44:03,114 - sim.TraitDistinct_HighDistinct_W40_P0.5_Rep1.MetricsCollector - INFO - metrics:267 - Summary data exported to results\TraitDistinct_HighDistinct_W40_P0.5_Rep1\summary.json
2025-05-27 19:44:03,114 - sim.TraitDistinct_HighDistinct_W40_P0.5_Rep1.MetricsCollector - INFO - metrics:275 - No kymograph data to export.
2025-05-27 19:44:03,114 - sim.TraitDistinct_HighDistinct_W40_P0.5_Rep1.MetricsCollector - INFO - metrics:316 - All data export finalized for TraitDistinct_HighDistinct_W40_P0.5_Rep1.
2025-05-27 19:44:03,114 - sim.TraitDistinct_HighDistinct_W40_P0.5_Rep1 - INFO - simulation_engine:276 - Simulation fully complete.
