2025-05-27 19:37:36,068 - sim.ProbSweep_W40_P0.8_Rep3 - INFO - simulation_engine:37 - Initializing SimulationEngine for experiment: ProbSweep_W40_P0.8_Rep3
2025-05-27 19:37:36,069 - sim.ProbSweep_W40_P0.8_Rep3 - INFO - simulation_engine:70 - Visualization disabled.
2025-05-27 19:37:36,069 - sim.ProbSweep_W40_P0.8_Rep3 - INFO - simulation_engine:202 - Starting simulation: ProbSweep_W40_P0.8_Rep3
2025-05-27 19:37:36,069 - sim.ProbSweep_W40_P0.8_Rep3 - INFO - simulation_engine:204 - Colony initialized: 5 cells.
2025-05-27 19:37:36,070 - sim.ProbSweep_W40_P0.8_Rep3.MetricsCollector - INFO - metrics:177 - Metrics @ T=0.00: Cells=5, MaxR=1.73, Pheno={'G_SPECIALIST': 5, 'L_SPECIALIST': 0, 'SWITCHING_GL': 0}
2025-05-27 19:37:36,072 - sim.ProbSweep_W40_P0.8_Rep3.MetricsCollector - INFO - metrics:177 - Metrics @ T=1.00: Cells=6, MaxR=3.46, Pheno={'G_SPECIALIST': 6, 'L_SPECIALIST': 0, 'SWITCHING_GL': 0}
2025-05-27 19:37:36,079 - sim.ProbSweep_W40_P0.8_Rep3.MetricsCollector - INFO - metrics:177 - Metrics @ T=2.00: Cells=6, MaxR=3.46, Pheno={'G_SPECIALIST': 6, 'L_SPECIALIST': 0, 'SWITCHING_GL': 0}
2025-05-27 19:37:36,079 - sim.ProbSweep_W40_P0.8_Rep3.MetricsCollector - INFO - metrics:177 - Metrics @ T=3.00: Cells=9, MaxR=3.46, Pheno={'G_SPECIALIST': 9, 'L_SPECIALIST': 0, 'SWITCHING_GL': 0}
2025-05-27 19:37:36,081 - sim.ProbSweep_W40_P0.8_Rep3.MetricsCollector - INFO - metrics:177 - Metrics @ T=4.00: Cells=9, MaxR=3.46, Pheno={'G_SPECIALIST': 9, 'L_SPECIALIST': 0, 'SWITCHING_GL': 0}
2025-05-27 19:37:36,082 - sim.ProbSweep_W40_P0.8_Rep3.MetricsCollector - INFO - metrics:177 - Metrics @ T=5.00: Cells=13, MaxR=4.58, Pheno={'G_SPECIALIST': 13, 'L_SPECIALIST': 0, 'SWITCHING_GL': 0}
2025-05-27 19:37:36,084 - sim.ProbSweep_W40_P0.8_Rep3.MetricsCollector - INFO - metrics:177 - Metrics @ T=6.00: Cells=18, MaxR=4.58, Pheno={'G_SPECIALIST': 18, 'L_SPECIALIST': 0, 'SWITCHING_GL': 0}
2025-05-27 19:37:36,085 - sim.ProbSweep_W40_P0.8_Rep3.MetricsCollector - INFO - metrics:177 - Metrics @ T=7.00: Cells=22, MaxR=4.58, Pheno={'G_SPECIALIST': 22, 'L_SPECIALIST': 0, 'SWITCHING_GL': 0}
2025-05-27 19:37:36,088 - sim.ProbSweep_W40_P0.8_Rep3.MetricsCollector - INFO - metrics:177 - Metrics @ T=8.00: Cells=28, MaxR=6.24, Pheno={'G_SPECIALIST': 28, 'L_SPECIALIST': 0, 'SWITCHING_GL': 0}
2025-05-27 19:37:36,091 - sim.ProbSweep_W40_P0.8_Rep3.MetricsCollector - INFO - metrics:177 - Metrics @ T=9.00: Cells=30, MaxR=6.24, Pheno={'G_SPECIALIST': 30, 'L_SPECIALIST': 0, 'SWITCHING_GL': 0}
2025-05-27 19:37:36,092 - sim.ProbSweep_W40_P0.8_Rep3 - INFO - simulation_engine:218 - Progress: T=10.00, Cells=34
2025-05-27 19:37:36,093 - sim.ProbSweep_W40_P0.8_Rep3.MetricsCollector - INFO - metrics:177 - Metrics @ T=10.00: Cells=35, MaxR=6.24, Pheno={'G_SPECIALIST': 35, 'L_SPECIALIST': 0, 'SWITCHING_GL': 0}
2025-05-27 19:37:36,097 - sim.ProbSweep_W40_P0.8_Rep3.MetricsCollector - INFO - metrics:177 - Metrics @ T=11.00: Cells=46, MaxR=7.94, Pheno={'G_SPECIALIST': 46, 'L_SPECIALIST': 0, 'SWITCHING_GL': 0}
2025-05-27 19:37:36,100 - sim.ProbSweep_W40_P0.8_Rep3.MetricsCollector - INFO - metrics:177 - Metrics @ T=12.00: Cells=54, MaxR=7.94, Pheno={'G_SPECIALIST': 54, 'L_SPECIALIST': 0, 'SWITCHING_GL': 0}
2025-05-27 19:37:36,104 - sim.ProbSweep_W40_P0.8_Rep3.MetricsCollector - INFO - metrics:177 - Metrics @ T=13.00: Cells=59, MaxR=8.66, Pheno={'G_SPECIALIST': 59, 'L_SPECIALIST': 0, 'SWITCHING_GL': 0}
2025-05-27 19:37:36,109 - sim.ProbSweep_W40_P0.8_Rep3.MetricsCollector - INFO - metrics:177 - Metrics @ T=14.00: Cells=67, MaxR=9.64, Pheno={'G_SPECIALIST': 67, 'L_SPECIALIST': 0, 'SWITCHING_GL': 0}
2025-05-27 19:37:36,115 - sim.ProbSweep_W40_P0.8_Rep3.MetricsCollector - INFO - metrics:177 - Metrics @ T=15.00: Cells=82, MaxR=11.36, Pheno={'G_SPECIALIST': 82, 'L_SPECIALIST': 0, 'SWITCHING_GL': 0}
2025-05-27 19:37:36,120 - sim.ProbSweep_W40_P0.8_Rep3.MetricsCollector - INFO - metrics:177 - Metrics @ T=16.00: Cells=94, MaxR=12.49, Pheno={'G_SPECIALIST': 94, 'L_SPECIALIST': 0, 'SWITCHING_GL': 0}
2025-05-27 19:37:36,128 - sim.ProbSweep_W40_P0.8_Rep3.MetricsCollector - INFO - metrics:177 - Metrics @ T=17.00: Cells=103, MaxR=12.49, Pheno={'G_SPECIALIST': 103, 'L_SPECIALIST': 0, 'SWITCHING_GL': 0}
2025-05-27 19:37:36,136 - sim.ProbSweep_W40_P0.8_Rep3.MetricsCollector - INFO - metrics:177 - Metrics @ T=18.00: Cells=116, MaxR=13.08, Pheno={'G_SPECIALIST': 116, 'L_SPECIALIST': 0, 'SWITCHING_GL': 0}
2025-05-27 19:37:36,144 - sim.ProbSweep_W40_P0.8_Rep3.MetricsCollector - INFO - metrics:177 - Metrics @ T=19.00: Cells=122, MaxR=13.75, Pheno={'G_SPECIALIST': 122, 'L_SPECIALIST': 0, 'SWITCHING_GL': 0}
2025-05-27 19:37:36,152 - sim.ProbSweep_W40_P0.8_Rep3 - INFO - simulation_engine:218 - Progress: T=20.00, Cells=133
2025-05-27 19:37:36,154 - sim.ProbSweep_W40_P0.8_Rep3.MetricsCollector - INFO - metrics:177 - Metrics @ T=20.00: Cells=134, MaxR=15.10, Pheno={'G_SPECIALIST': 134, 'L_SPECIALIST': 0, 'SWITCHING_GL': 0}
2025-05-27 19:37:36,162 - sim.ProbSweep_W40_P0.8_Rep3.MetricsCollector - INFO - metrics:177 - Metrics @ T=21.00: Cells=145, MaxR=17.06, Pheno={'G_SPECIALIST': 145, 'L_SPECIALIST': 0, 'SWITCHING_GL': 0}
2025-05-27 19:37:36,173 - sim.ProbSweep_W40_P0.8_Rep3.MetricsCollector - INFO - metrics:177 - Metrics @ T=22.00: Cells=162, MaxR=17.58, Pheno={'G_SPECIALIST': 162, 'L_SPECIALIST': 0, 'SWITCHING_GL': 0}
2025-05-27 19:37:36,184 - sim.ProbSweep_W40_P0.8_Rep3.MetricsCollector - INFO - metrics:177 - Metrics @ T=23.00: Cells=175, MaxR=18.33, Pheno={'G_SPECIALIST': 175, 'L_SPECIALIST': 0, 'SWITCHING_GL': 0}
2025-05-27 19:37:36,197 - sim.ProbSweep_W40_P0.8_Rep3.MetricsCollector - INFO - metrics:177 - Metrics @ T=24.00: Cells=193, MaxR=19.67, Pheno={'G_SPECIALIST': 193, 'L_SPECIALIST': 0, 'SWITCHING_GL': 0}
2025-05-27 19:37:36,210 - sim.ProbSweep_W40_P0.8_Rep3.MetricsCollector - INFO - metrics:177 - Metrics @ T=25.00: Cells=208, MaxR=19.67, Pheno={'G_SPECIALIST': 208, 'L_SPECIALIST': 0, 'SWITCHING_GL': 0}
2025-05-27 19:37:36,224 - sim.ProbSweep_W40_P0.8_Rep3.MetricsCollector - INFO - metrics:177 - Metrics @ T=26.00: Cells=228, MaxR=19.97, Pheno={'G_SPECIALIST': 228, 'L_SPECIALIST': 0, 'SWITCHING_GL': 0}
2025-05-27 19:37:36,241 - sim.ProbSweep_W40_P0.8_Rep3.MetricsCollector - INFO - metrics:177 - Metrics @ T=27.00: Cells=254, MaxR=20.42, Pheno={'G_SPECIALIST': 254, 'L_SPECIALIST': 0, 'SWITCHING_GL': 0}
2025-05-27 19:37:36,258 - sim.ProbSweep_W40_P0.8_Rep3.MetricsCollector - INFO - metrics:177 - Metrics @ T=28.00: Cells=282, MaxR=20.42, Pheno={'G_SPECIALIST': 282, 'L_SPECIALIST': 0, 'SWITCHING_GL': 0}
2025-05-27 19:37:36,278 - sim.ProbSweep_W40_P0.8_Rep3.MetricsCollector - INFO - metrics:177 - Metrics @ T=29.00: Cells=313, MaxR=20.42, Pheno={'G_SPECIALIST': 313, 'L_SPECIALIST': 0, 'SWITCHING_GL': 0}
2025-05-27 19:37:36,296 - sim.ProbSweep_W40_P0.8_Rep3 - INFO - simulation_engine:218 - Progress: T=30.00, Cells=340
2025-05-27 19:37:36,301 - sim.ProbSweep_W40_P0.8_Rep3.MetricsCollector - INFO - metrics:177 - Metrics @ T=30.00: Cells=345, MaxR=21.63, Pheno={'G_SPECIALIST': 345, 'L_SPECIALIST': 0, 'SWITCHING_GL': 0}
2025-05-27 19:37:36,323 - sim.ProbSweep_W40_P0.8_Rep3.MetricsCollector - INFO - metrics:177 - Metrics @ T=31.00: Cells=371, MaxR=21.70, Pheno={'G_SPECIALIST': 371, 'L_SPECIALIST': 0, 'SWITCHING_GL': 0}
2025-05-27 19:37:36,349 - sim.ProbSweep_W40_P0.8_Rep3.MetricsCollector - INFO - metrics:177 - Metrics @ T=32.00: Cells=401, MaxR=22.65, Pheno={'G_SPECIALIST': 401, 'L_SPECIALIST': 0, 'SWITCHING_GL': 0}
2025-05-27 19:37:36,377 - sim.ProbSweep_W40_P0.8_Rep3.MetricsCollector - INFO - metrics:177 - Metrics @ T=33.00: Cells=425, MaxR=23.43, Pheno={'G_SPECIALIST': 425, 'L_SPECIALIST': 0, 'SWITCHING_GL': 0}
2025-05-27 19:37:36,406 - sim.ProbSweep_W40_P0.8_Rep3.MetricsCollector - INFO - metrics:177 - Metrics @ T=34.00: Cells=457, MaxR=25.16, Pheno={'G_SPECIALIST': 457, 'L_SPECIALIST': 0, 'SWITCHING_GL': 0}
2025-05-27 19:37:36,437 - sim.ProbSweep_W40_P0.8_Rep3.MetricsCollector - INFO - metrics:177 - Metrics @ T=35.00: Cells=477, MaxR=26.15, Pheno={'G_SPECIALIST': 477, 'L_SPECIALIST': 0, 'SWITCHING_GL': 0}
2025-05-27 19:37:36,470 - sim.ProbSweep_W40_P0.8_Rep3.MetricsCollector - INFO - metrics:177 - Metrics @ T=36.00: Cells=505, MaxR=27.50, Pheno={'G_SPECIALIST': 505, 'L_SPECIALIST': 0, 'SWITCHING_GL': 0}
2025-05-27 19:37:36,504 - sim.ProbSweep_W40_P0.8_Rep3.MetricsCollector - INFO - metrics:177 - Metrics @ T=37.00: Cells=541, MaxR=30.64, Pheno={'G_SPECIALIST': 541, 'L_SPECIALIST': 0, 'SWITCHING_GL': 0}
2025-05-27 19:37:36,540 - sim.ProbSweep_W40_P0.8_Rep3.MetricsCollector - INFO - metrics:177 - Metrics @ T=38.00: Cells=570, MaxR=30.64, Pheno={'G_SPECIALIST': 570, 'L_SPECIALIST': 0, 'SWITCHING_GL': 0}
2025-05-27 19:37:36,577 - sim.ProbSweep_W40_P0.8_Rep3.MetricsCollector - INFO - metrics:177 - Metrics @ T=39.00: Cells=608, MaxR=30.64, Pheno={'G_SPECIALIST': 608, 'L_SPECIALIST': 0, 'SWITCHING_GL': 0}
2025-05-27 19:37:36,611 - sim.ProbSweep_W40_P0.8_Rep3 - INFO - simulation_engine:218 - Progress: T=40.00, Cells=635
2025-05-27 19:37:36,618 - sim.ProbSweep_W40_P0.8_Rep3.MetricsCollector - INFO - metrics:177 - Metrics @ T=40.00: Cells=638, MaxR=32.36, Pheno={'G_SPECIALIST': 638, 'L_SPECIALIST': 0, 'SWITCHING_GL': 0}
2025-05-27 19:37:36,659 - sim.ProbSweep_W40_P0.8_Rep3.MetricsCollector - INFO - metrics:177 - Metrics @ T=41.00: Cells=662, MaxR=32.36, Pheno={'G_SPECIALIST': 662, 'L_SPECIALIST': 0, 'SWITCHING_GL': 0}
2025-05-27 19:37:36,706 - sim.ProbSweep_W40_P0.8_Rep3.MetricsCollector - INFO - metrics:177 - Metrics @ T=42.00: Cells=709, MaxR=33.05, Pheno={'G_SPECIALIST': 709, 'L_SPECIALIST': 0, 'SWITCHING_GL': 0}
2025-05-27 19:37:36,753 - sim.ProbSweep_W40_P0.8_Rep3.MetricsCollector - INFO - metrics:177 - Metrics @ T=43.00: Cells=739, MaxR=34.07, Pheno={'G_SPECIALIST': 739, 'L_SPECIALIST': 0, 'SWITCHING_GL': 0}
2025-05-27 19:37:36,803 - sim.ProbSweep_W40_P0.8_Rep3.MetricsCollector - INFO - metrics:177 - Metrics @ T=44.00: Cells=790, MaxR=34.07, Pheno={'G_SPECIALIST': 790, 'L_SPECIALIST': 0, 'SWITCHING_GL': 0}
2025-05-27 19:37:36,856 - sim.ProbSweep_W40_P0.8_Rep3.MetricsCollector - INFO - metrics:177 - Metrics @ T=45.00: Cells=827, MaxR=34.07, Pheno={'G_SPECIALIST': 827, 'L_SPECIALIST': 0, 'SWITCHING_GL': 0}
2025-05-27 19:37:36,909 - sim.ProbSweep_W40_P0.8_Rep3.MetricsCollector - INFO - metrics:177 - Metrics @ T=46.00: Cells=866, MaxR=35.16, Pheno={'G_SPECIALIST': 866, 'L_SPECIALIST': 0, 'SWITCHING_GL': 0}
2025-05-27 19:37:36,969 - sim.ProbSweep_W40_P0.8_Rep3.MetricsCollector - INFO - metrics:177 - Metrics @ T=47.00: Cells=898, MaxR=35.16, Pheno={'G_SPECIALIST': 898, 'L_SPECIALIST': 0, 'SWITCHING_GL': 0}
2025-05-27 19:37:37,028 - sim.ProbSweep_W40_P0.8_Rep3.MetricsCollector - INFO - metrics:177 - Metrics @ T=48.00: Cells=945, MaxR=36.86, Pheno={'G_SPECIALIST': 945, 'L_SPECIALIST': 0, 'SWITCHING_GL': 0}
2025-05-27 19:37:37,089 - sim.ProbSweep_W40_P0.8_Rep3.MetricsCollector - INFO - metrics:177 - Metrics @ T=49.00: Cells=983, MaxR=36.86, Pheno={'G_SPECIALIST': 983, 'L_SPECIALIST': 0, 'SWITCHING_GL': 0}
2025-05-27 19:37:37,144 - sim.ProbSweep_W40_P0.8_Rep3 - INFO - simulation_engine:218 - Progress: T=50.00, Cells=1024
2025-05-27 19:37:37,154 - sim.ProbSweep_W40_P0.8_Rep3.MetricsCollector - INFO - metrics:177 - Metrics @ T=50.00: Cells=1030, MaxR=37.51, Pheno={'G_SPECIALIST': 1030, 'L_SPECIALIST': 0, 'SWITCHING_GL': 0}
2025-05-27 19:37:37,222 - sim.ProbSweep_W40_P0.8_Rep3.MetricsCollector - INFO - metrics:177 - Metrics @ T=51.00: Cells=1079, MaxR=37.51, Pheno={'G_SPECIALIST': 1079, 'L_SPECIALIST': 0, 'SWITCHING_GL': 0}
2025-05-27 19:37:37,293 - sim.ProbSweep_W40_P0.8_Rep3.MetricsCollector - INFO - metrics:177 - Metrics @ T=52.00: Cells=1115, MaxR=37.51, Pheno={'G_SPECIALIST': 1115, 'L_SPECIALIST': 0, 'SWITCHING_GL': 0}
2025-05-27 19:37:37,366 - sim.ProbSweep_W40_P0.8_Rep3.MetricsCollector - INFO - metrics:177 - Metrics @ T=53.00: Cells=1160, MaxR=39.00, Pheno={'G_SPECIALIST': 1160, 'L_SPECIALIST': 0, 'SWITCHING_GL': 0}
2025-05-27 19:37:37,443 - sim.ProbSweep_W40_P0.8_Rep3.MetricsCollector - INFO - metrics:177 - Metrics @ T=54.00: Cells=1209, MaxR=39.84, Pheno={'G_SPECIALIST': 1209, 'L_SPECIALIST': 0, 'SWITCHING_GL': 0}
2025-05-27 19:37:37,523 - sim.ProbSweep_W40_P0.8_Rep3.MetricsCollector - INFO - metrics:177 - Metrics @ T=55.00: Cells=1250, MaxR=39.95, Pheno={'G_SPECIALIST': 1250, 'L_SPECIALIST': 0, 'SWITCHING_GL': 0}
2025-05-27 19:37:37,605 - sim.ProbSweep_W40_P0.8_Rep3.MetricsCollector - INFO - metrics:177 - Metrics @ T=56.00: Cells=1301, MaxR=40.73, Pheno={'G_SPECIALIST': 1298, 'SWITCHING_GL': 3, 'L_SPECIALIST': 0}
2025-05-27 19:37:37,690 - sim.ProbSweep_W40_P0.8_Rep3.MetricsCollector - INFO - metrics:177 - Metrics @ T=57.00: Cells=1355, MaxR=40.95, Pheno={'G_SPECIALIST': 1349, 'SWITCHING_GL': 6, 'L_SPECIALIST': 0}
2025-05-27 19:37:37,782 - sim.ProbSweep_W40_P0.8_Rep3.MetricsCollector - INFO - metrics:177 - Metrics @ T=58.00: Cells=1395, MaxR=40.95, Pheno={'G_SPECIALIST': 1387, 'SWITCHING_GL': 8, 'L_SPECIALIST': 0}
2025-05-27 19:37:37,874 - sim.ProbSweep_W40_P0.8_Rep3.MetricsCollector - INFO - metrics:177 - Metrics @ T=59.00: Cells=1447, MaxR=41.57, Pheno={'G_SPECIALIST': 1435, 'SWITCHING_GL': 12, 'L_SPECIALIST': 0}
2025-05-27 19:37:37,953 - sim.ProbSweep_W40_P0.8_Rep3 - INFO - simulation_engine:218 - Progress: T=60.00, Cells=1493
2025-05-27 19:37:37,969 - sim.ProbSweep_W40_P0.8_Rep3.MetricsCollector - INFO - metrics:177 - Metrics @ T=60.00: Cells=1495, MaxR=41.68, Pheno={'G_SPECIALIST': 1480, 'SWITCHING_GL': 15, 'L_SPECIALIST': 0}
2025-05-27 19:37:38,067 - sim.ProbSweep_W40_P0.8_Rep3.MetricsCollector - INFO - metrics:177 - Metrics @ T=61.00: Cells=1549, MaxR=41.68, Pheno={'G_SPECIALIST': 1532, 'L_SPECIALIST': 3, 'SWITCHING_GL': 14}
2025-05-27 19:37:38,167 - sim.ProbSweep_W40_P0.8_Rep3.MetricsCollector - INFO - metrics:177 - Metrics @ T=62.00: Cells=1594, MaxR=41.68, Pheno={'G_SPECIALIST': 1572, 'L_SPECIALIST': 4, 'SWITCHING_GL': 18}
2025-05-27 19:37:38,272 - sim.ProbSweep_W40_P0.8_Rep3.MetricsCollector - INFO - metrics:177 - Metrics @ T=63.00: Cells=1629, MaxR=41.68, Pheno={'G_SPECIALIST': 1605, 'L_SPECIALIST': 6, 'SWITCHING_GL': 18}
2025-05-27 19:37:38,377 - sim.ProbSweep_W40_P0.8_Rep3.MetricsCollector - INFO - metrics:177 - Metrics @ T=64.00: Cells=1672, MaxR=42.67, Pheno={'G_SPECIALIST': 1639, 'L_SPECIALIST': 13, 'SWITCHING_GL': 20}
2025-05-27 19:37:38,484 - sim.ProbSweep_W40_P0.8_Rep3.MetricsCollector - INFO - metrics:177 - Metrics @ T=65.00: Cells=1713, MaxR=42.67, Pheno={'G_SPECIALIST': 1675, 'L_SPECIALIST': 16, 'SWITCHING_GL': 22}
2025-05-27 19:37:38,594 - sim.ProbSweep_W40_P0.8_Rep3.MetricsCollector - INFO - metrics:177 - Metrics @ T=66.00: Cells=1746, MaxR=42.67, Pheno={'G_SPECIALIST': 1701, 'L_SPECIALIST': 19, 'SWITCHING_GL': 26}
2025-05-27 19:37:38,706 - sim.ProbSweep_W40_P0.8_Rep3.MetricsCollector - INFO - metrics:177 - Metrics @ T=67.00: Cells=1777, MaxR=42.67, Pheno={'G_SPECIALIST': 1726, 'L_SPECIALIST': 23, 'SWITCHING_GL': 28}
2025-05-27 19:37:38,820 - sim.ProbSweep_W40_P0.8_Rep3.MetricsCollector - INFO - metrics:177 - Metrics @ T=68.00: Cells=1814, MaxR=43.41, Pheno={'G_SPECIALIST': 1752, 'L_SPECIALIST': 27, 'SWITCHING_GL': 35}
2025-05-27 19:37:38,936 - sim.ProbSweep_W40_P0.8_Rep3.MetricsCollector - INFO - metrics:177 - Metrics @ T=69.00: Cells=1849, MaxR=43.41, Pheno={'G_SPECIALIST': 1778, 'L_SPECIALIST': 34, 'SWITCHING_GL': 37}
2025-05-27 19:37:39,035 - sim.ProbSweep_W40_P0.8_Rep3 - INFO - simulation_engine:218 - Progress: T=70.00, Cells=1882
2025-05-27 19:37:39,055 - sim.ProbSweep_W40_P0.8_Rep3.MetricsCollector - INFO - metrics:177 - Metrics @ T=70.00: Cells=1886, MaxR=44.80, Pheno={'G_SPECIALIST': 1799, 'L_SPECIALIST': 43, 'SWITCHING_GL': 44}
2025-05-27 19:37:39,177 - sim.ProbSweep_W40_P0.8_Rep3.MetricsCollector - INFO - metrics:177 - Metrics @ T=71.00: Cells=1908, MaxR=44.80, Pheno={'G_SPECIALIST': 1816, 'L_SPECIALIST': 45, 'SWITCHING_GL': 47}
2025-05-27 19:37:39,300 - sim.ProbSweep_W40_P0.8_Rep3.MetricsCollector - INFO - metrics:177 - Metrics @ T=72.00: Cells=1941, MaxR=45.43, Pheno={'G_SPECIALIST': 1835, 'L_SPECIALIST': 56, 'SWITCHING_GL': 50}
2025-05-27 19:37:39,424 - sim.ProbSweep_W40_P0.8_Rep3.MetricsCollector - INFO - metrics:177 - Metrics @ T=73.00: Cells=1980, MaxR=46.12, Pheno={'G_SPECIALIST': 1863, 'L_SPECIALIST': 67, 'SWITCHING_GL': 50}
2025-05-27 19:37:39,551 - sim.ProbSweep_W40_P0.8_Rep3.MetricsCollector - INFO - metrics:177 - Metrics @ T=74.00: Cells=2019, MaxR=46.51, Pheno={'G_SPECIALIST': 1885, 'L_SPECIALIST': 80, 'SWITCHING_GL': 54}
2025-05-27 19:37:39,678 - sim.ProbSweep_W40_P0.8_Rep3.MetricsCollector - INFO - metrics:177 - Metrics @ T=75.00: Cells=2046, MaxR=46.51, Pheno={'G_SPECIALIST': 1899, 'L_SPECIALIST': 94, 'SWITCHING_GL': 53}
2025-05-27 19:37:39,807 - sim.ProbSweep_W40_P0.8_Rep3.MetricsCollector - INFO - metrics:177 - Metrics @ T=76.00: Cells=2074, MaxR=46.51, Pheno={'G_SPECIALIST': 1912, 'L_SPECIALIST': 105, 'SWITCHING_GL': 57}
2025-05-27 19:37:39,938 - sim.ProbSweep_W40_P0.8_Rep3.MetricsCollector - INFO - metrics:177 - Metrics @ T=77.00: Cells=2105, MaxR=46.51, Pheno={'G_SPECIALIST': 1926, 'L_SPECIALIST': 118, 'SWITCHING_GL': 61}
2025-05-27 19:37:40,072 - sim.ProbSweep_W40_P0.8_Rep3.MetricsCollector - INFO - metrics:177 - Metrics @ T=78.00: Cells=2135, MaxR=47.09, Pheno={'G_SPECIALIST': 1938, 'L_SPECIALIST': 128, 'SWITCHING_GL': 69}
2025-05-27 19:37:40,206 - sim.ProbSweep_W40_P0.8_Rep3.MetricsCollector - INFO - metrics:177 - Metrics @ T=79.00: Cells=2161, MaxR=48.22, Pheno={'G_SPECIALIST': 1942, 'L_SPECIALIST': 140, 'SWITCHING_GL': 79}
2025-05-27 19:37:40,321 - sim.ProbSweep_W40_P0.8_Rep3 - INFO - simulation_engine:218 - Progress: T=80.00, Cells=2174
2025-05-27 19:37:40,343 - sim.ProbSweep_W40_P0.8_Rep3.MetricsCollector - INFO - metrics:177 - Metrics @ T=80.00: Cells=2175, MaxR=48.22, Pheno={'G_SPECIALIST': 1943, 'L_SPECIALIST': 152, 'SWITCHING_GL': 80}
2025-05-27 19:37:40,481 - sim.ProbSweep_W40_P0.8_Rep3.MetricsCollector - INFO - metrics:177 - Metrics @ T=81.00: Cells=2185, MaxR=48.77, Pheno={'G_SPECIALIST': 1943, 'L_SPECIALIST': 159, 'SWITCHING_GL': 83}
2025-05-27 19:37:40,619 - sim.ProbSweep_W40_P0.8_Rep3.MetricsCollector - INFO - metrics:177 - Metrics @ T=82.00: Cells=2204, MaxR=48.77, Pheno={'G_SPECIALIST': 1945, 'L_SPECIALIST': 176, 'SWITCHING_GL': 83}
2025-05-27 19:37:40,758 - sim.ProbSweep_W40_P0.8_Rep3.MetricsCollector - INFO - metrics:177 - Metrics @ T=83.00: Cells=2224, MaxR=48.77, Pheno={'G_SPECIALIST': 1945, 'L_SPECIALIST': 202, 'SWITCHING_GL': 77}
2025-05-27 19:37:40,897 - sim.ProbSweep_W40_P0.8_Rep3.MetricsCollector - INFO - metrics:177 - Metrics @ T=84.00: Cells=2233, MaxR=49.33, Pheno={'G_SPECIALIST': 1945, 'L_SPECIALIST': 214, 'SWITCHING_GL': 74}
2025-05-27 19:37:41,038 - sim.ProbSweep_W40_P0.8_Rep3.MetricsCollector - INFO - metrics:177 - Metrics @ T=85.00: Cells=2246, MaxR=49.33, Pheno={'G_SPECIALIST': 1945, 'L_SPECIALIST': 225, 'SWITCHING_GL': 76}
2025-05-27 19:37:41,181 - sim.ProbSweep_W40_P0.8_Rep3.MetricsCollector - INFO - metrics:177 - Metrics @ T=86.00: Cells=2265, MaxR=49.39, Pheno={'G_SPECIALIST': 1945, 'L_SPECIALIST': 251, 'SWITCHING_GL': 69}
2025-05-27 19:37:41,324 - sim.ProbSweep_W40_P0.8_Rep3.MetricsCollector - INFO - metrics:177 - Metrics @ T=87.00: Cells=2288, MaxR=49.96, Pheno={'G_SPECIALIST': 1945, 'L_SPECIALIST': 278, 'SWITCHING_GL': 65}
2025-05-27 19:37:41,469 - sim.ProbSweep_W40_P0.8_Rep3.MetricsCollector - INFO - metrics:177 - Metrics @ T=88.00: Cells=2309, MaxR=49.96, Pheno={'G_SPECIALIST': 1945, 'L_SPECIALIST': 302, 'SWITCHING_GL': 62}
2025-05-27 19:37:41,616 - sim.ProbSweep_W40_P0.8_Rep3.MetricsCollector - INFO - metrics:177 - Metrics @ T=89.00: Cells=2330, MaxR=51.18, Pheno={'G_SPECIALIST': 1945, 'L_SPECIALIST': 329, 'SWITCHING_GL': 56}
2025-05-27 19:37:41,740 - sim.ProbSweep_W40_P0.8_Rep3 - INFO - simulation_engine:218 - Progress: T=90.00, Cells=2342
2025-05-27 19:37:41,764 - sim.ProbSweep_W40_P0.8_Rep3.MetricsCollector - INFO - metrics:177 - Metrics @ T=90.00: Cells=2345, MaxR=51.18, Pheno={'G_SPECIALIST': 1945, 'L_SPECIALIST': 349, 'SWITCHING_GL': 51}
2025-05-27 19:37:41,913 - sim.ProbSweep_W40_P0.8_Rep3.MetricsCollector - INFO - metrics:177 - Metrics @ T=91.00: Cells=2373, MaxR=51.18, Pheno={'G_SPECIALIST': 1945, 'L_SPECIALIST': 379, 'SWITCHING_GL': 49}
2025-05-27 19:37:42,062 - sim.ProbSweep_W40_P0.8_Rep3.MetricsCollector - INFO - metrics:177 - Metrics @ T=92.00: Cells=2394, MaxR=52.05, Pheno={'G_SPECIALIST': 1945, 'L_SPECIALIST': 402, 'SWITCHING_GL': 47}
2025-05-27 19:37:42,213 - sim.ProbSweep_W40_P0.8_Rep3.MetricsCollector - INFO - metrics:177 - Metrics @ T=93.00: Cells=2412, MaxR=54.58, Pheno={'G_SPECIALIST': 1945, 'L_SPECIALIST': 425, 'SWITCHING_GL': 42}
2025-05-27 19:37:42,366 - sim.ProbSweep_W40_P0.8_Rep3.MetricsCollector - INFO - metrics:177 - Metrics @ T=94.00: Cells=2444, MaxR=55.51, Pheno={'G_SPECIALIST': 1945, 'L_SPECIALIST': 459, 'SWITCHING_GL': 40}
2025-05-27 19:37:42,521 - sim.ProbSweep_W40_P0.8_Rep3.MetricsCollector - INFO - metrics:177 - Metrics @ T=95.00: Cells=2473, MaxR=56.31, Pheno={'G_SPECIALIST': 1945, 'L_SPECIALIST': 496, 'SWITCHING_GL': 32}
2025-05-27 19:37:42,679 - sim.ProbSweep_W40_P0.8_Rep3.MetricsCollector - INFO - metrics:177 - Metrics @ T=96.00: Cells=2493, MaxR=56.31, Pheno={'G_SPECIALIST': 1945, 'L_SPECIALIST': 518, 'SWITCHING_GL': 30}
2025-05-27 19:37:42,835 - sim.ProbSweep_W40_P0.8_Rep3.MetricsCollector - INFO - metrics:177 - Metrics @ T=97.00: Cells=2517, MaxR=56.31, Pheno={'G_SPECIALIST': 1945, 'L_SPECIALIST': 547, 'SWITCHING_GL': 25}
2025-05-27 19:37:42,995 - sim.ProbSweep_W40_P0.8_Rep3.MetricsCollector - INFO - metrics:177 - Metrics @ T=98.00: Cells=2546, MaxR=56.31, Pheno={'G_SPECIALIST': 1945, 'L_SPECIALIST': 580, 'SWITCHING_GL': 21}
2025-05-27 19:37:43,157 - sim.ProbSweep_W40_P0.8_Rep3.MetricsCollector - INFO - metrics:177 - Metrics @ T=99.00: Cells=2574, MaxR=57.24, Pheno={'G_SPECIALIST': 1945, 'L_SPECIALIST': 612, 'SWITCHING_GL': 17}
2025-05-27 19:37:43,293 - sim.ProbSweep_W40_P0.8_Rep3 - INFO - simulation_engine:218 - Progress: T=100.00, Cells=2600
2025-05-27 19:37:43,320 - sim.ProbSweep_W40_P0.8_Rep3.MetricsCollector - INFO - metrics:177 - Metrics @ T=100.00: Cells=2603, MaxR=57.24, Pheno={'G_SPECIALIST': 1945, 'L_SPECIALIST': 647, 'SWITCHING_GL': 11}
2025-05-27 19:37:43,496 - sim.ProbSweep_W40_P0.8_Rep3.MetricsCollector - INFO - metrics:177 - Metrics @ T=101.00: Cells=2629, MaxR=57.24, Pheno={'G_SPECIALIST': 1945, 'L_SPECIALIST': 676, 'SWITCHING_GL': 8}
2025-05-27 19:37:43,669 - sim.ProbSweep_W40_P0.8_Rep3.MetricsCollector - INFO - metrics:177 - Metrics @ T=102.00: Cells=2650, MaxR=57.24, Pheno={'G_SPECIALIST': 1945, 'L_SPECIALIST': 697, 'SWITCHING_GL': 8}
2025-05-27 19:37:43,838 - sim.ProbSweep_W40_P0.8_Rep3.MetricsCollector - INFO - metrics:177 - Metrics @ T=103.00: Cells=2685, MaxR=57.24, Pheno={'G_SPECIALIST': 1945, 'L_SPECIALIST': 734, 'SWITCHING_GL': 6}
2025-05-27 19:37:44,009 - sim.ProbSweep_W40_P0.8_Rep3.MetricsCollector - INFO - metrics:177 - Metrics @ T=104.00: Cells=2717, MaxR=57.24, Pheno={'G_SPECIALIST': 1945, 'L_SPECIALIST': 768, 'SWITCHING_GL': 4}
2025-05-27 19:37:44,185 - sim.ProbSweep_W40_P0.8_Rep3.MetricsCollector - INFO - metrics:177 - Metrics @ T=105.00: Cells=2742, MaxR=57.24, Pheno={'G_SPECIALIST': 1945, 'L_SPECIALIST': 793, 'SWITCHING_GL': 4}
2025-05-27 19:37:44,360 - sim.ProbSweep_W40_P0.8_Rep3.MetricsCollector - INFO - metrics:177 - Metrics @ T=106.00: Cells=2775, MaxR=57.24, Pheno={'G_SPECIALIST': 1945, 'L_SPECIALIST': 827, 'SWITCHING_GL': 3}
2025-05-27 19:37:44,537 - sim.ProbSweep_W40_P0.8_Rep3.MetricsCollector - INFO - metrics:177 - Metrics @ T=107.00: Cells=2806, MaxR=58.04, Pheno={'G_SPECIALIST': 1945, 'L_SPECIALIST': 858, 'SWITCHING_GL': 3}
2025-05-27 19:37:44,713 - sim.ProbSweep_W40_P0.8_Rep3.MetricsCollector - INFO - metrics:177 - Metrics @ T=108.00: Cells=2838, MaxR=58.89, Pheno={'G_SPECIALIST': 1945, 'L_SPECIALIST': 891, 'SWITCHING_GL': 2}
2025-05-27 19:37:44,893 - sim.ProbSweep_W40_P0.8_Rep3.MetricsCollector - INFO - metrics:177 - Metrics @ T=109.00: Cells=2874, MaxR=58.97, Pheno={'G_SPECIALIST': 1945, 'L_SPECIALIST': 927, 'SWITCHING_GL': 2}
2025-05-27 19:37:45,048 - sim.ProbSweep_W40_P0.8_Rep3 - INFO - simulation_engine:218 - Progress: T=110.00, Cells=2904
2025-05-27 19:37:45,078 - sim.ProbSweep_W40_P0.8_Rep3.MetricsCollector - INFO - metrics:177 - Metrics @ T=110.00: Cells=2907, MaxR=58.97, Pheno={'G_SPECIALIST': 1945, 'L_SPECIALIST': 960, 'SWITCHING_GL': 2}
2025-05-27 19:37:45,260 - sim.ProbSweep_W40_P0.8_Rep3.MetricsCollector - INFO - metrics:177 - Metrics @ T=111.00: Cells=2940, MaxR=58.97, Pheno={'G_SPECIALIST': 1945, 'L_SPECIALIST': 994, 'SWITCHING_GL': 1}
2025-05-27 19:37:45,448 - sim.ProbSweep_W40_P0.8_Rep3.MetricsCollector - INFO - metrics:177 - Metrics @ T=112.00: Cells=2979, MaxR=58.97, Pheno={'G_SPECIALIST': 1945, 'L_SPECIALIST': 1033, 'SWITCHING_GL': 1}
2025-05-27 19:37:45,636 - sim.ProbSweep_W40_P0.8_Rep3.MetricsCollector - INFO - metrics:177 - Metrics @ T=113.00: Cells=3001, MaxR=59.77, Pheno={'G_SPECIALIST': 1945, 'L_SPECIALIST': 1055, 'SWITCHING_GL': 1}
2025-05-27 19:37:45,827 - sim.ProbSweep_W40_P0.8_Rep3.MetricsCollector - INFO - metrics:177 - Metrics @ T=114.00: Cells=3030, MaxR=59.77, Pheno={'G_SPECIALIST': 1945, 'L_SPECIALIST': 1084, 'SWITCHING_GL': 1}
2025-05-27 19:37:46,022 - sim.ProbSweep_W40_P0.8_Rep3.MetricsCollector - INFO - metrics:177 - Metrics @ T=115.00: Cells=3079, MaxR=59.77, Pheno={'G_SPECIALIST': 1945, 'L_SPECIALIST': 1133, 'SWITCHING_GL': 1}
2025-05-27 19:37:46,218 - sim.ProbSweep_W40_P0.8_Rep3.MetricsCollector - INFO - metrics:177 - Metrics @ T=116.00: Cells=3113, MaxR=61.51, Pheno={'G_SPECIALIST': 1945, 'L_SPECIALIST': 1167, 'SWITCHING_GL': 1}
2025-05-27 19:37:46,414 - sim.ProbSweep_W40_P0.8_Rep3.MetricsCollector - INFO - metrics:177 - Metrics @ T=117.00: Cells=3153, MaxR=61.51, Pheno={'G_SPECIALIST': 1945, 'L_SPECIALIST': 1207, 'SWITCHING_GL': 1}
2025-05-27 19:37:46,615 - sim.ProbSweep_W40_P0.8_Rep3.MetricsCollector - INFO - metrics:177 - Metrics @ T=118.00: Cells=3186, MaxR=61.65, Pheno={'G_SPECIALIST': 1945, 'L_SPECIALIST': 1240, 'SWITCHING_GL': 1}
2025-05-27 19:37:46,838 - sim.ProbSweep_W40_P0.8_Rep3.MetricsCollector - INFO - metrics:177 - Metrics @ T=119.00: Cells=3216, MaxR=63.21, Pheno={'G_SPECIALIST': 1945, 'L_SPECIALIST': 1270, 'SWITCHING_GL': 1}
2025-05-27 19:37:47,012 - sim.ProbSweep_W40_P0.8_Rep3 - INFO - simulation_engine:218 - Progress: T=120.00, Cells=3240
2025-05-27 19:37:47,046 - sim.ProbSweep_W40_P0.8_Rep3.MetricsCollector - INFO - metrics:177 - Metrics @ T=120.00: Cells=3246, MaxR=63.21, Pheno={'G_SPECIALIST': 1945, 'L_SPECIALIST': 1300, 'SWITCHING_GL': 1}
2025-05-27 19:37:47,250 - sim.ProbSweep_W40_P0.8_Rep3.MetricsCollector - INFO - metrics:177 - Metrics @ T=121.00: Cells=3285, MaxR=63.21, Pheno={'G_SPECIALIST': 1945, 'L_SPECIALIST': 1339, 'SWITCHING_GL': 1}
2025-05-27 19:37:47,460 - sim.ProbSweep_W40_P0.8_Rep3.MetricsCollector - INFO - metrics:177 - Metrics @ T=122.00: Cells=3311, MaxR=63.21, Pheno={'G_SPECIALIST': 1945, 'L_SPECIALIST': 1365, 'SWITCHING_GL': 1}
2025-05-27 19:37:47,674 - sim.ProbSweep_W40_P0.8_Rep3.MetricsCollector - INFO - metrics:177 - Metrics @ T=123.00: Cells=3348, MaxR=63.21, Pheno={'G_SPECIALIST': 1945, 'L_SPECIALIST': 1402, 'SWITCHING_GL': 1}
2025-05-27 19:37:47,887 - sim.ProbSweep_W40_P0.8_Rep3.MetricsCollector - INFO - metrics:177 - Metrics @ T=124.00: Cells=3381, MaxR=63.38, Pheno={'G_SPECIALIST': 1945, 'L_SPECIALIST': 1435, 'SWITCHING_GL': 1}
2025-05-27 19:37:48,103 - sim.ProbSweep_W40_P0.8_Rep3.MetricsCollector - INFO - metrics:177 - Metrics @ T=125.00: Cells=3420, MaxR=63.38, Pheno={'G_SPECIALIST': 1945, 'L_SPECIALIST': 1474, 'SWITCHING_GL': 1}
2025-05-27 19:37:48,320 - sim.ProbSweep_W40_P0.8_Rep3.MetricsCollector - INFO - metrics:177 - Metrics @ T=126.00: Cells=3455, MaxR=63.38, Pheno={'G_SPECIALIST': 1945, 'L_SPECIALIST': 1509, 'SWITCHING_GL': 1}
2025-05-27 19:37:48,537 - sim.ProbSweep_W40_P0.8_Rep3.MetricsCollector - INFO - metrics:177 - Metrics @ T=127.00: Cells=3498, MaxR=64.97, Pheno={'G_SPECIALIST': 1945, 'L_SPECIALIST': 1552, 'SWITCHING_GL': 1}
2025-05-27 19:37:48,761 - sim.ProbSweep_W40_P0.8_Rep3.MetricsCollector - INFO - metrics:177 - Metrics @ T=128.00: Cells=3533, MaxR=64.97, Pheno={'G_SPECIALIST': 1945, 'L_SPECIALIST': 1588, 'SWITCHING_GL': 0}
2025-05-27 19:37:48,987 - sim.ProbSweep_W40_P0.8_Rep3.MetricsCollector - INFO - metrics:177 - Metrics @ T=129.00: Cells=3568, MaxR=64.97, Pheno={'G_SPECIALIST': 1945, 'L_SPECIALIST': 1623, 'SWITCHING_GL': 0}
2025-05-27 19:37:49,176 - sim.ProbSweep_W40_P0.8_Rep3 - INFO - simulation_engine:218 - Progress: T=130.00, Cells=3593
2025-05-27 19:37:49,213 - sim.ProbSweep_W40_P0.8_Rep3.MetricsCollector - INFO - metrics:177 - Metrics @ T=130.00: Cells=3595, MaxR=64.97, Pheno={'G_SPECIALIST': 1945, 'L_SPECIALIST': 1650, 'SWITCHING_GL': 0}
2025-05-27 19:37:49,441 - sim.ProbSweep_W40_P0.8_Rep3.MetricsCollector - INFO - metrics:177 - Metrics @ T=131.00: Cells=3635, MaxR=64.97, Pheno={'G_SPECIALIST': 1945, 'L_SPECIALIST': 1690, 'SWITCHING_GL': 0}
2025-05-27 19:37:49,689 - sim.ProbSweep_W40_P0.8_Rep3.MetricsCollector - INFO - metrics:177 - Metrics @ T=132.00: Cells=3667, MaxR=66.20, Pheno={'G_SPECIALIST': 1945, 'L_SPECIALIST': 1722, 'SWITCHING_GL': 0}
2025-05-27 19:37:49,925 - sim.ProbSweep_W40_P0.8_Rep3.MetricsCollector - INFO - metrics:177 - Metrics @ T=133.00: Cells=3697, MaxR=66.20, Pheno={'G_SPECIALIST': 1945, 'L_SPECIALIST': 1752, 'SWITCHING_GL': 0}
2025-05-27 19:37:50,157 - sim.ProbSweep_W40_P0.8_Rep3.MetricsCollector - INFO - metrics:177 - Metrics @ T=134.00: Cells=3724, MaxR=66.36, Pheno={'G_SPECIALIST': 1945, 'L_SPECIALIST': 1779, 'SWITCHING_GL': 0}
2025-05-27 19:37:50,394 - sim.ProbSweep_W40_P0.8_Rep3.MetricsCollector - INFO - metrics:177 - Metrics @ T=135.00: Cells=3761, MaxR=67.77, Pheno={'G_SPECIALIST': 1945, 'L_SPECIALIST': 1816, 'SWITCHING_GL': 0}
2025-05-27 19:37:50,630 - sim.ProbSweep_W40_P0.8_Rep3.MetricsCollector - INFO - metrics:177 - Metrics @ T=136.00: Cells=3790, MaxR=67.77, Pheno={'G_SPECIALIST': 1945, 'L_SPECIALIST': 1845, 'SWITCHING_GL': 0}
2025-05-27 19:37:50,869 - sim.ProbSweep_W40_P0.8_Rep3.MetricsCollector - INFO - metrics:177 - Metrics @ T=137.00: Cells=3827, MaxR=67.77, Pheno={'G_SPECIALIST': 1945, 'L_SPECIALIST': 1882, 'SWITCHING_GL': 0}
2025-05-27 19:37:51,113 - sim.ProbSweep_W40_P0.8_Rep3.MetricsCollector - INFO - metrics:177 - Metrics @ T=138.00: Cells=3867, MaxR=67.77, Pheno={'G_SPECIALIST': 1945, 'L_SPECIALIST': 1922, 'SWITCHING_GL': 0}
2025-05-27 19:37:51,360 - sim.ProbSweep_W40_P0.8_Rep3.MetricsCollector - INFO - metrics:177 - Metrics @ T=139.00: Cells=3898, MaxR=67.77, Pheno={'G_SPECIALIST': 1945, 'L_SPECIALIST': 1953, 'SWITCHING_GL': 0}
2025-05-27 19:37:51,565 - sim.ProbSweep_W40_P0.8_Rep3 - INFO - simulation_engine:218 - Progress: T=140.00, Cells=3923
2025-05-27 19:37:51,606 - sim.ProbSweep_W40_P0.8_Rep3.MetricsCollector - INFO - metrics:177 - Metrics @ T=140.00: Cells=3925, MaxR=67.77, Pheno={'G_SPECIALIST': 1945, 'L_SPECIALIST': 1980, 'SWITCHING_GL': 0}
2025-05-27 19:37:51,857 - sim.ProbSweep_W40_P0.8_Rep3.MetricsCollector - INFO - metrics:177 - Metrics @ T=141.00: Cells=3962, MaxR=67.77, Pheno={'G_SPECIALIST': 1945, 'L_SPECIALIST': 2017, 'SWITCHING_GL': 0}
2025-05-27 19:37:52,107 - sim.ProbSweep_W40_P0.8_Rep3.MetricsCollector - INFO - metrics:177 - Metrics @ T=142.00: Cells=3986, MaxR=69.02, Pheno={'G_SPECIALIST': 1945, 'L_SPECIALIST': 2041, 'SWITCHING_GL': 0}
2025-05-27 19:37:52,363 - sim.ProbSweep_W40_P0.8_Rep3.MetricsCollector - INFO - metrics:177 - Metrics @ T=143.00: Cells=4012, MaxR=69.02, Pheno={'G_SPECIALIST': 1945, 'L_SPECIALIST': 2067, 'SWITCHING_GL': 0}
2025-05-27 19:37:52,615 - sim.ProbSweep_W40_P0.8_Rep3.MetricsCollector - INFO - metrics:177 - Metrics @ T=144.00: Cells=4046, MaxR=69.02, Pheno={'G_SPECIALIST': 1945, 'L_SPECIALIST': 2101, 'SWITCHING_GL': 0}
2025-05-27 19:37:52,872 - sim.ProbSweep_W40_P0.8_Rep3.MetricsCollector - INFO - metrics:177 - Metrics @ T=145.00: Cells=4085, MaxR=70.76, Pheno={'G_SPECIALIST': 1945, 'L_SPECIALIST': 2140, 'SWITCHING_GL': 0}
2025-05-27 19:37:53,128 - sim.ProbSweep_W40_P0.8_Rep3.MetricsCollector - INFO - metrics:177 - Metrics @ T=146.00: Cells=4127, MaxR=70.76, Pheno={'G_SPECIALIST': 1945, 'L_SPECIALIST': 2182, 'SWITCHING_GL': 0}
2025-05-27 19:37:53,390 - sim.ProbSweep_W40_P0.8_Rep3.MetricsCollector - INFO - metrics:177 - Metrics @ T=147.00: Cells=4161, MaxR=70.76, Pheno={'G_SPECIALIST': 1945, 'L_SPECIALIST': 2216, 'SWITCHING_GL': 0}
2025-05-27 19:37:53,651 - sim.ProbSweep_W40_P0.8_Rep3.MetricsCollector - INFO - metrics:177 - Metrics @ T=148.00: Cells=4191, MaxR=70.76, Pheno={'G_SPECIALIST': 1945, 'L_SPECIALIST': 2246, 'SWITCHING_GL': 0}
2025-05-27 19:37:53,926 - sim.ProbSweep_W40_P0.8_Rep3.MetricsCollector - INFO - metrics:177 - Metrics @ T=149.00: Cells=4218, MaxR=70.76, Pheno={'G_SPECIALIST': 1945, 'L_SPECIALIST': 2273, 'SWITCHING_GL': 0}
2025-05-27 19:37:54,147 - sim.ProbSweep_W40_P0.8_Rep3 - INFO - simulation_engine:218 - Progress: T=150.00, Cells=4247
2025-05-27 19:37:54,193 - sim.ProbSweep_W40_P0.8_Rep3.MetricsCollector - INFO - metrics:177 - Metrics @ T=150.00: Cells=4251, MaxR=70.76, Pheno={'G_SPECIALIST': 1945, 'L_SPECIALIST': 2306, 'SWITCHING_GL': 0}
2025-05-27 19:37:54,488 - sim.ProbSweep_W40_P0.8_Rep3.MetricsCollector - INFO - metrics:177 - Metrics @ T=151.00: Cells=4290, MaxR=70.76, Pheno={'G_SPECIALIST': 1945, 'L_SPECIALIST': 2345, 'SWITCHING_GL': 0}
2025-05-27 19:37:54,759 - sim.ProbSweep_W40_P0.8_Rep3.MetricsCollector - INFO - metrics:177 - Metrics @ T=152.00: Cells=4327, MaxR=72.02, Pheno={'G_SPECIALIST': 1945, 'L_SPECIALIST': 2382, 'SWITCHING_GL': 0}
2025-05-27 19:37:55,030 - sim.ProbSweep_W40_P0.8_Rep3.MetricsCollector - INFO - metrics:177 - Metrics @ T=153.00: Cells=4373, MaxR=72.02, Pheno={'G_SPECIALIST': 1945, 'L_SPECIALIST': 2428, 'SWITCHING_GL': 0}
2025-05-27 19:37:55,309 - sim.ProbSweep_W40_P0.8_Rep3.MetricsCollector - INFO - metrics:177 - Metrics @ T=154.00: Cells=4424, MaxR=72.02, Pheno={'G_SPECIALIST': 1945, 'L_SPECIALIST': 2479, 'SWITCHING_GL': 0}
2025-05-27 19:37:55,586 - sim.ProbSweep_W40_P0.8_Rep3.MetricsCollector - INFO - metrics:177 - Metrics @ T=155.00: Cells=4463, MaxR=72.02, Pheno={'G_SPECIALIST': 1945, 'L_SPECIALIST': 2518, 'SWITCHING_GL': 0}
2025-05-27 19:37:55,870 - sim.ProbSweep_W40_P0.8_Rep3.MetricsCollector - INFO - metrics:177 - Metrics @ T=156.00: Cells=4498, MaxR=72.02, Pheno={'G_SPECIALIST': 1945, 'L_SPECIALIST': 2553, 'SWITCHING_GL': 0}
2025-05-27 19:37:56,154 - sim.ProbSweep_W40_P0.8_Rep3.MetricsCollector - INFO - metrics:177 - Metrics @ T=157.00: Cells=4535, MaxR=72.02, Pheno={'G_SPECIALIST': 1945, 'L_SPECIALIST': 2590, 'SWITCHING_GL': 0}
2025-05-27 19:37:56,444 - sim.ProbSweep_W40_P0.8_Rep3.MetricsCollector - INFO - metrics:177 - Metrics @ T=158.00: Cells=4578, MaxR=72.02, Pheno={'G_SPECIALIST': 1945, 'L_SPECIALIST': 2633, 'SWITCHING_GL': 0}
2025-05-27 19:37:56,736 - sim.ProbSweep_W40_P0.8_Rep3.MetricsCollector - INFO - metrics:177 - Metrics @ T=159.00: Cells=4611, MaxR=72.02, Pheno={'G_SPECIALIST': 1945, 'L_SPECIALIST': 2666, 'SWITCHING_GL': 0}
2025-05-27 19:37:56,988 - sim.ProbSweep_W40_P0.8_Rep3 - INFO - simulation_engine:218 - Progress: T=160.00, Cells=4640
2025-05-27 19:37:57,037 - sim.ProbSweep_W40_P0.8_Rep3.MetricsCollector - INFO - metrics:177 - Metrics @ T=160.00: Cells=4644, MaxR=72.02, Pheno={'G_SPECIALIST': 1945, 'L_SPECIALIST': 2699, 'SWITCHING_GL': 0}
2025-05-27 19:37:57,334 - sim.ProbSweep_W40_P0.8_Rep3.MetricsCollector - INFO - metrics:177 - Metrics @ T=161.00: Cells=4671, MaxR=72.19, Pheno={'G_SPECIALIST': 1945, 'L_SPECIALIST': 2726, 'SWITCHING_GL': 0}
2025-05-27 19:37:57,629 - sim.ProbSweep_W40_P0.8_Rep3.MetricsCollector - INFO - metrics:177 - Metrics @ T=162.00: Cells=4707, MaxR=72.19, Pheno={'G_SPECIALIST': 1945, 'L_SPECIALIST': 2762, 'SWITCHING_GL': 0}
2025-05-27 19:37:57,924 - sim.ProbSweep_W40_P0.8_Rep3.MetricsCollector - INFO - metrics:177 - Metrics @ T=163.00: Cells=4748, MaxR=72.19, Pheno={'G_SPECIALIST': 1945, 'L_SPECIALIST': 2803, 'SWITCHING_GL': 0}
2025-05-27 19:37:58,226 - sim.ProbSweep_W40_P0.8_Rep3.MetricsCollector - INFO - metrics:177 - Metrics @ T=164.00: Cells=4779, MaxR=72.19, Pheno={'G_SPECIALIST': 1945, 'L_SPECIALIST': 2834, 'SWITCHING_GL': 0}
2025-05-27 19:37:58,534 - sim.ProbSweep_W40_P0.8_Rep3.MetricsCollector - INFO - metrics:177 - Metrics @ T=165.00: Cells=4828, MaxR=72.39, Pheno={'G_SPECIALIST': 1945, 'L_SPECIALIST': 2883, 'SWITCHING_GL': 0}
2025-05-27 19:37:58,839 - sim.ProbSweep_W40_P0.8_Rep3.MetricsCollector - INFO - metrics:177 - Metrics @ T=166.00: Cells=4864, MaxR=72.39, Pheno={'G_SPECIALIST': 1945, 'L_SPECIALIST': 2919, 'SWITCHING_GL': 0}
2025-05-27 19:37:59,144 - sim.ProbSweep_W40_P0.8_Rep3.MetricsCollector - INFO - metrics:177 - Metrics @ T=167.00: Cells=4907, MaxR=72.75, Pheno={'G_SPECIALIST': 1945, 'L_SPECIALIST': 2962, 'SWITCHING_GL': 0}
2025-05-27 19:37:59,453 - sim.ProbSweep_W40_P0.8_Rep3.MetricsCollector - INFO - metrics:177 - Metrics @ T=168.00: Cells=4936, MaxR=72.75, Pheno={'G_SPECIALIST': 1945, 'L_SPECIALIST': 2991, 'SWITCHING_GL': 0}
2025-05-27 19:37:59,763 - sim.ProbSweep_W40_P0.8_Rep3.MetricsCollector - INFO - metrics:177 - Metrics @ T=169.00: Cells=4974, MaxR=73.51, Pheno={'G_SPECIALIST': 1945, 'L_SPECIALIST': 3029, 'SWITCHING_GL': 0}
2025-05-27 19:38:00,024 - sim.ProbSweep_W40_P0.8_Rep3 - INFO - simulation_engine:218 - Progress: T=170.00, Cells=5001
2025-05-27 19:38:00,077 - sim.ProbSweep_W40_P0.8_Rep3.MetricsCollector - INFO - metrics:177 - Metrics @ T=170.00: Cells=5004, MaxR=73.51, Pheno={'G_SPECIALIST': 1945, 'L_SPECIALIST': 3059, 'SWITCHING_GL': 0}
2025-05-27 19:38:00,392 - sim.ProbSweep_W40_P0.8_Rep3.MetricsCollector - INFO - metrics:177 - Metrics @ T=171.00: Cells=5042, MaxR=73.63, Pheno={'G_SPECIALIST': 1945, 'L_SPECIALIST': 3097, 'SWITCHING_GL': 0}
2025-05-27 19:38:00,719 - sim.ProbSweep_W40_P0.8_Rep3.MetricsCollector - INFO - metrics:177 - Metrics @ T=172.00: Cells=5069, MaxR=73.63, Pheno={'G_SPECIALIST': 1945, 'L_SPECIALIST': 3124, 'SWITCHING_GL': 0}
2025-05-27 19:38:01,061 - sim.ProbSweep_W40_P0.8_Rep3.MetricsCollector - INFO - metrics:177 - Metrics @ T=173.00: Cells=5109, MaxR=75.50, Pheno={'G_SPECIALIST': 1945, 'L_SPECIALIST': 3164, 'SWITCHING_GL': 0}
2025-05-27 19:38:01,386 - sim.ProbSweep_W40_P0.8_Rep3.MetricsCollector - INFO - metrics:177 - Metrics @ T=174.00: Cells=5140, MaxR=75.50, Pheno={'G_SPECIALIST': 1945, 'L_SPECIALIST': 3195, 'SWITCHING_GL': 0}
2025-05-27 19:38:01,713 - sim.ProbSweep_W40_P0.8_Rep3.MetricsCollector - INFO - metrics:177 - Metrics @ T=175.00: Cells=5197, MaxR=75.50, Pheno={'G_SPECIALIST': 1945, 'L_SPECIALIST': 3252, 'SWITCHING_GL': 0}
2025-05-27 19:38:02,052 - sim.ProbSweep_W40_P0.8_Rep3.MetricsCollector - INFO - metrics:177 - Metrics @ T=176.00: Cells=5227, MaxR=75.97, Pheno={'G_SPECIALIST': 1945, 'L_SPECIALIST': 3282, 'SWITCHING_GL': 0}
2025-05-27 19:38:02,384 - sim.ProbSweep_W40_P0.8_Rep3.MetricsCollector - INFO - metrics:177 - Metrics @ T=177.00: Cells=5260, MaxR=75.97, Pheno={'G_SPECIALIST': 1945, 'L_SPECIALIST': 3315, 'SWITCHING_GL': 0}
2025-05-27 19:38:02,713 - sim.ProbSweep_W40_P0.8_Rep3.MetricsCollector - INFO - metrics:177 - Metrics @ T=178.00: Cells=5301, MaxR=76.21, Pheno={'G_SPECIALIST': 1945, 'L_SPECIALIST': 3356, 'SWITCHING_GL': 0}
2025-05-27 19:38:03,051 - sim.ProbSweep_W40_P0.8_Rep3.MetricsCollector - INFO - metrics:177 - Metrics @ T=179.00: Cells=5337, MaxR=76.21, Pheno={'G_SPECIALIST': 1945, 'L_SPECIALIST': 3392, 'SWITCHING_GL': 0}
2025-05-27 19:38:03,339 - sim.ProbSweep_W40_P0.8_Rep3 - INFO - simulation_engine:218 - Progress: T=180.00, Cells=5381
2025-05-27 19:38:03,395 - sim.ProbSweep_W40_P0.8_Rep3.MetricsCollector - INFO - metrics:177 - Metrics @ T=180.00: Cells=5384, MaxR=77.09, Pheno={'G_SPECIALIST': 1945, 'L_SPECIALIST': 3439, 'SWITCHING_GL': 0}
2025-05-27 19:38:03,737 - sim.ProbSweep_W40_P0.8_Rep3.MetricsCollector - INFO - metrics:177 - Metrics @ T=181.00: Cells=5425, MaxR=77.09, Pheno={'G_SPECIALIST': 1945, 'L_SPECIALIST': 3480, 'SWITCHING_GL': 0}
2025-05-27 19:38:04,078 - sim.ProbSweep_W40_P0.8_Rep3.MetricsCollector - INFO - metrics:177 - Metrics @ T=182.00: Cells=5469, MaxR=77.32, Pheno={'G_SPECIALIST': 1945, 'L_SPECIALIST': 3524, 'SWITCHING_GL': 0}
2025-05-27 19:38:04,428 - sim.ProbSweep_W40_P0.8_Rep3.MetricsCollector - INFO - metrics:177 - Metrics @ T=183.00: Cells=5511, MaxR=78.48, Pheno={'G_SPECIALIST': 1945, 'L_SPECIALIST': 3566, 'SWITCHING_GL': 0}
2025-05-27 19:38:04,778 - sim.ProbSweep_W40_P0.8_Rep3.MetricsCollector - INFO - metrics:177 - Metrics @ T=184.00: Cells=5551, MaxR=78.69, Pheno={'G_SPECIALIST': 1945, 'L_SPECIALIST': 3606, 'SWITCHING_GL': 0}
2025-05-27 19:38:05,140 - sim.ProbSweep_W40_P0.8_Rep3.MetricsCollector - INFO - metrics:177 - Metrics @ T=185.00: Cells=5595, MaxR=78.69, Pheno={'G_SPECIALIST': 1945, 'L_SPECIALIST': 3650, 'SWITCHING_GL': 0}
2025-05-27 19:38:05,496 - sim.ProbSweep_W40_P0.8_Rep3.MetricsCollector - INFO - metrics:177 - Metrics @ T=186.00: Cells=5635, MaxR=81.46, Pheno={'G_SPECIALIST': 1947, 'L_SPECIALIST': 3688, 'SWITCHING_GL': 0}
2025-05-27 19:38:05,852 - sim.ProbSweep_W40_P0.8_Rep3.MetricsCollector - INFO - metrics:177 - Metrics @ T=187.00: Cells=5669, MaxR=81.66, Pheno={'G_SPECIALIST': 1948, 'L_SPECIALIST': 3721, 'SWITCHING_GL': 0}
2025-05-27 19:38:06,210 - sim.ProbSweep_W40_P0.8_Rep3.MetricsCollector - INFO - metrics:177 - Metrics @ T=188.00: Cells=5717, MaxR=81.66, Pheno={'G_SPECIALIST': 1949, 'L_SPECIALIST': 3767, 'SWITCHING_GL': 1}
2025-05-27 19:38:06,572 - sim.ProbSweep_W40_P0.8_Rep3.MetricsCollector - INFO - metrics:177 - Metrics @ T=189.00: Cells=5763, MaxR=84.45, Pheno={'G_SPECIALIST': 1951, 'L_SPECIALIST': 3811, 'SWITCHING_GL': 1}
2025-05-27 19:38:06,875 - sim.ProbSweep_W40_P0.8_Rep3 - INFO - simulation_engine:218 - Progress: T=190.00, Cells=5812
2025-05-27 19:38:06,934 - sim.ProbSweep_W40_P0.8_Rep3.MetricsCollector - INFO - metrics:177 - Metrics @ T=190.00: Cells=5815, MaxR=84.45, Pheno={'G_SPECIALIST': 1952, 'L_SPECIALIST': 3862, 'SWITCHING_GL': 1}
2025-05-27 19:38:07,313 - sim.ProbSweep_W40_P0.8_Rep3.MetricsCollector - INFO - metrics:177 - Metrics @ T=191.00: Cells=5854, MaxR=85.71, Pheno={'G_SPECIALIST': 1957, 'L_SPECIALIST': 3896, 'SWITCHING_GL': 1}
2025-05-27 19:38:07,681 - sim.ProbSweep_W40_P0.8_Rep3.MetricsCollector - INFO - metrics:177 - Metrics @ T=192.00: Cells=5901, MaxR=85.85, Pheno={'G_SPECIALIST': 1959, 'L_SPECIALIST': 3941, 'SWITCHING_GL': 1}
2025-05-27 19:38:08,055 - sim.ProbSweep_W40_P0.8_Rep3.MetricsCollector - INFO - metrics:177 - Metrics @ T=193.00: Cells=5942, MaxR=85.85, Pheno={'G_SPECIALIST': 1965, 'L_SPECIALIST': 3976, 'SWITCHING_GL': 1}
2025-05-27 19:38:08,430 - sim.ProbSweep_W40_P0.8_Rep3.MetricsCollector - INFO - metrics:177 - Metrics @ T=194.00: Cells=6010, MaxR=87.28, Pheno={'G_SPECIALIST': 1967, 'L_SPECIALIST': 4041, 'SWITCHING_GL': 2}
2025-05-27 19:38:08,810 - sim.ProbSweep_W40_P0.8_Rep3.MetricsCollector - INFO - metrics:177 - Metrics @ T=195.00: Cells=6066, MaxR=88.84, Pheno={'G_SPECIALIST': 1975, 'L_SPECIALIST': 4089, 'SWITCHING_GL': 2}
2025-05-27 19:38:09,196 - sim.ProbSweep_W40_P0.8_Rep3.MetricsCollector - INFO - metrics:177 - Metrics @ T=196.00: Cells=6123, MaxR=90.15, Pheno={'G_SPECIALIST': 1981, 'L_SPECIALIST': 4140, 'SWITCHING_GL': 2}
2025-05-27 19:38:09,601 - sim.ProbSweep_W40_P0.8_Rep3.MetricsCollector - INFO - metrics:177 - Metrics @ T=197.00: Cells=6169, MaxR=91.70, Pheno={'G_SPECIALIST': 1989, 'L_SPECIALIST': 4178, 'SWITCHING_GL': 2}
2025-05-27 19:38:09,991 - sim.ProbSweep_W40_P0.8_Rep3.MetricsCollector - INFO - metrics:177 - Metrics @ T=198.00: Cells=6233, MaxR=91.70, Pheno={'G_SPECIALIST': 1999, 'L_SPECIALIST': 4231, 'SWITCHING_GL': 3}
2025-05-27 19:38:10,387 - sim.ProbSweep_W40_P0.8_Rep3.MetricsCollector - INFO - metrics:177 - Metrics @ T=199.00: Cells=6279, MaxR=91.70, Pheno={'G_SPECIALIST': 2007, 'L_SPECIALIST': 4270, 'SWITCHING_GL': 2}
2025-05-27 19:38:10,716 - sim.ProbSweep_W40_P0.8_Rep3 - INFO - simulation_engine:218 - Progress: T=200.00, Cells=6313
2025-05-27 19:38:10,779 - sim.ProbSweep_W40_P0.8_Rep3.MetricsCollector - INFO - metrics:177 - Metrics @ T=200.00: Cells=6317, MaxR=91.70, Pheno={'G_SPECIALIST': 2010, 'L_SPECIALIST': 4305, 'SWITCHING_GL': 2}
2025-05-27 19:38:10,816 - sim.ProbSweep_W40_P0.8_Rep3 - INFO - simulation_engine:238 - Sim run finished: ProbSweep_W40_P0.8_Rep3. Wall-clock: 34.746s.
2025-05-27 19:38:10,816 - sim.ProbSweep_W40_P0.8_Rep3 - INFO - simulation_engine:241 - Final state: SimTime=200.10, Steps=2001, Cells=6328.
2025-05-27 19:38:10,816 - sim.ProbSweep_W40_P0.8_Rep3.MetricsCollector - INFO - metrics:300 - Finalizing data collection and exporting results...
2025-05-27 19:38:10,817 - sim.ProbSweep_W40_P0.8_Rep3.MetricsCollector - INFO - metrics:312 - --- Simulation Summary (Log) ---
time: 199.99999999999292
total_cell_count: 6317
phenotype_counts: {'G_SPECIALIST': 2010, 'L_SPECIALIST': 4305, 'SWITCHING_GL': 2}
avg_radial_distance: 48.549762437278495
max_radial_distance: 91.70059977993601
min_radial_distance: 0.0
std_dev_radial_distance: 17.592687326987175
median_radial_distance: 51.11751167652823
frontier_lag_G_to_L: (details in files)
frontier_traits: (details in files)
overall_radial_expansion_velocity: 0.44984274486185155
config_exp_name: ProbSweep_W40_P0.8_Rep3

2025-05-27 19:38:10,834 - sim.ProbSweep_W40_P0.8_Rep3.MetricsCollector - INFO - metrics:242 - Time series data exported to results\ProbSweep_W40_P0.8_Rep3\time_series_data.csv
2025-05-27 19:38:10,836 - sim.ProbSweep_W40_P0.8_Rep3.MetricsCollector - INFO - metrics:267 - Summary data exported to results\ProbSweep_W40_P0.8_Rep3\summary.json
2025-05-27 19:38:10,836 - sim.ProbSweep_W40_P0.8_Rep3.MetricsCollector - INFO - metrics:275 - No kymograph data to export.
2025-05-27 19:38:10,836 - sim.ProbSweep_W40_P0.8_Rep3.MetricsCollector - INFO - metrics:316 - All data export finalized for ProbSweep_W40_P0.8_Rep3.
2025-05-27 19:38:10,836 - sim.ProbSweep_W40_P0.8_Rep3 - INFO - simulation_engine:276 - Simulation fully complete.
