2025-05-27 19:42:18,233 - sim.TraitDistinct_LowDistinct_W40_P0.5_Rep2 - INFO - simulation_engine:37 - Initializing SimulationEngine for experiment: TraitDistinct_LowDistinct_W40_P0.5_Rep2
2025-05-27 19:42:18,234 - sim.TraitDistinct_LowDistinct_W40_P0.5_Rep2 - INFO - simulation_engine:70 - Visualization disabled.
2025-05-27 19:42:18,235 - sim.TraitDistinct_LowDistinct_W40_P0.5_Rep2 - INFO - simulation_engine:202 - Starting simulation: TraitDistinct_LowDistinct_W40_P0.5_Rep2
2025-05-27 19:42:18,235 - sim.TraitDistinct_LowDistinct_W40_P0.5_Rep2 - INFO - simulation_engine:204 - Colony initialized: 5 cells.
2025-05-27 19:42:18,236 - sim.TraitDistinct_LowDistinct_W40_P0.5_Rep2.MetricsCollector - INFO - metrics:177 - Metrics @ T=0.00: Cells=5, MaxR=1.73, Pheno={'G_SPECIALIST': 5, 'L_SPECIALIST': 0, 'SWITCHING_GL': 0}
2025-05-27 19:42:18,237 - sim.TraitDistinct_LowDistinct_W40_P0.5_Rep2.MetricsCollector - INFO - metrics:177 - Metrics @ T=1.00: Cells=6, MaxR=3.00, Pheno={'G_SPECIALIST': 6, 'L_SPECIALIST': 0, 'SWITCHING_GL': 0}
2025-05-27 19:42:18,238 - sim.TraitDistinct_LowDistinct_W40_P0.5_Rep2.MetricsCollector - INFO - metrics:177 - Metrics @ T=2.00: Cells=6, MaxR=3.00, Pheno={'G_SPECIALIST': 6, 'L_SPECIALIST': 0, 'SWITCHING_GL': 0}
2025-05-27 19:42:18,238 - sim.TraitDistinct_LowDistinct_W40_P0.5_Rep2.MetricsCollector - INFO - metrics:177 - Metrics @ T=3.00: Cells=7, MaxR=3.00, Pheno={'G_SPECIALIST': 7, 'L_SPECIALIST': 0, 'SWITCHING_GL': 0}
2025-05-27 19:42:18,239 - sim.TraitDistinct_LowDistinct_W40_P0.5_Rep2.MetricsCollector - INFO - metrics:177 - Metrics @ T=4.00: Cells=9, MaxR=3.46, Pheno={'G_SPECIALIST': 9, 'L_SPECIALIST': 0, 'SWITCHING_GL': 0}
2025-05-27 19:42:18,240 - sim.TraitDistinct_LowDistinct_W40_P0.5_Rep2.MetricsCollector - INFO - metrics:177 - Metrics @ T=5.00: Cells=12, MaxR=4.58, Pheno={'G_SPECIALIST': 12, 'L_SPECIALIST': 0, 'SWITCHING_GL': 0}
2025-05-27 19:42:18,241 - sim.TraitDistinct_LowDistinct_W40_P0.5_Rep2.MetricsCollector - INFO - metrics:177 - Metrics @ T=6.00: Cells=16, MaxR=4.58, Pheno={'G_SPECIALIST': 16, 'L_SPECIALIST': 0, 'SWITCHING_GL': 0}
2025-05-27 19:42:18,242 - sim.TraitDistinct_LowDistinct_W40_P0.5_Rep2.MetricsCollector - INFO - metrics:177 - Metrics @ T=7.00: Cells=20, MaxR=6.00, Pheno={'G_SPECIALIST': 20, 'L_SPECIALIST': 0, 'SWITCHING_GL': 0}
2025-05-27 19:42:18,246 - sim.TraitDistinct_LowDistinct_W40_P0.5_Rep2.MetricsCollector - INFO - metrics:177 - Metrics @ T=8.00: Cells=24, MaxR=6.24, Pheno={'G_SPECIALIST': 24, 'L_SPECIALIST': 0, 'SWITCHING_GL': 0}
2025-05-27 19:42:18,248 - sim.TraitDistinct_LowDistinct_W40_P0.5_Rep2.MetricsCollector - INFO - metrics:177 - Metrics @ T=9.00: Cells=32, MaxR=7.55, Pheno={'G_SPECIALIST': 32, 'L_SPECIALIST': 0, 'SWITCHING_GL': 0}
2025-05-27 19:42:18,250 - sim.TraitDistinct_LowDistinct_W40_P0.5_Rep2 - INFO - simulation_engine:218 - Progress: T=10.00, Cells=38
2025-05-27 19:42:18,251 - sim.TraitDistinct_LowDistinct_W40_P0.5_Rep2.MetricsCollector - INFO - metrics:177 - Metrics @ T=10.00: Cells=38, MaxR=7.94, Pheno={'G_SPECIALIST': 38, 'L_SPECIALIST': 0, 'SWITCHING_GL': 0}
2025-05-27 19:42:18,255 - sim.TraitDistinct_LowDistinct_W40_P0.5_Rep2.MetricsCollector - INFO - metrics:177 - Metrics @ T=11.00: Cells=45, MaxR=9.00, Pheno={'G_SPECIALIST': 45, 'L_SPECIALIST': 0, 'SWITCHING_GL': 0}
2025-05-27 19:42:18,259 - sim.TraitDistinct_LowDistinct_W40_P0.5_Rep2.MetricsCollector - INFO - metrics:177 - Metrics @ T=12.00: Cells=51, MaxR=9.64, Pheno={'G_SPECIALIST': 51, 'L_SPECIALIST': 0, 'SWITCHING_GL': 0}
2025-05-27 19:42:18,263 - sim.TraitDistinct_LowDistinct_W40_P0.5_Rep2.MetricsCollector - INFO - metrics:177 - Metrics @ T=13.00: Cells=58, MaxR=10.82, Pheno={'G_SPECIALIST': 58, 'L_SPECIALIST': 0, 'SWITCHING_GL': 0}
2025-05-27 19:42:18,267 - sim.TraitDistinct_LowDistinct_W40_P0.5_Rep2.MetricsCollector - INFO - metrics:177 - Metrics @ T=14.00: Cells=64, MaxR=10.82, Pheno={'G_SPECIALIST': 64, 'L_SPECIALIST': 0, 'SWITCHING_GL': 0}
2025-05-27 19:42:18,272 - sim.TraitDistinct_LowDistinct_W40_P0.5_Rep2.MetricsCollector - INFO - metrics:177 - Metrics @ T=15.00: Cells=74, MaxR=13.75, Pheno={'G_SPECIALIST': 74, 'L_SPECIALIST': 0, 'SWITCHING_GL': 0}
2025-05-27 19:42:18,278 - sim.TraitDistinct_LowDistinct_W40_P0.5_Rep2.MetricsCollector - INFO - metrics:177 - Metrics @ T=16.00: Cells=88, MaxR=15.10, Pheno={'G_SPECIALIST': 88, 'L_SPECIALIST': 0, 'SWITCHING_GL': 0}
2025-05-27 19:42:18,285 - sim.TraitDistinct_LowDistinct_W40_P0.5_Rep2.MetricsCollector - INFO - metrics:177 - Metrics @ T=17.00: Cells=104, MaxR=16.52, Pheno={'G_SPECIALIST': 104, 'L_SPECIALIST': 0, 'SWITCHING_GL': 0}
2025-05-27 19:42:18,292 - sim.TraitDistinct_LowDistinct_W40_P0.5_Rep2.MetricsCollector - INFO - metrics:177 - Metrics @ T=18.00: Cells=113, MaxR=16.70, Pheno={'G_SPECIALIST': 113, 'L_SPECIALIST': 0, 'SWITCHING_GL': 0}
2025-05-27 19:42:18,301 - sim.TraitDistinct_LowDistinct_W40_P0.5_Rep2.MetricsCollector - INFO - metrics:177 - Metrics @ T=19.00: Cells=126, MaxR=16.70, Pheno={'G_SPECIALIST': 126, 'L_SPECIALIST': 0, 'SWITCHING_GL': 0}
2025-05-27 19:42:18,308 - sim.TraitDistinct_LowDistinct_W40_P0.5_Rep2 - INFO - simulation_engine:218 - Progress: T=20.00, Cells=142
2025-05-27 19:42:18,310 - sim.TraitDistinct_LowDistinct_W40_P0.5_Rep2.MetricsCollector - INFO - metrics:177 - Metrics @ T=20.00: Cells=142, MaxR=18.33, Pheno={'G_SPECIALIST': 142, 'L_SPECIALIST': 0, 'SWITCHING_GL': 0}
2025-05-27 19:42:18,320 - sim.TraitDistinct_LowDistinct_W40_P0.5_Rep2.MetricsCollector - INFO - metrics:177 - Metrics @ T=21.00: Cells=154, MaxR=18.33, Pheno={'G_SPECIALIST': 154, 'L_SPECIALIST': 0, 'SWITCHING_GL': 0}
2025-05-27 19:42:18,331 - sim.TraitDistinct_LowDistinct_W40_P0.5_Rep2.MetricsCollector - INFO - metrics:177 - Metrics @ T=22.00: Cells=169, MaxR=18.33, Pheno={'G_SPECIALIST': 169, 'L_SPECIALIST': 0, 'SWITCHING_GL': 0}
2025-05-27 19:42:18,344 - sim.TraitDistinct_LowDistinct_W40_P0.5_Rep2.MetricsCollector - INFO - metrics:177 - Metrics @ T=23.00: Cells=186, MaxR=19.67, Pheno={'G_SPECIALIST': 186, 'L_SPECIALIST': 0, 'SWITCHING_GL': 0}
2025-05-27 19:42:18,359 - sim.TraitDistinct_LowDistinct_W40_P0.5_Rep2.MetricsCollector - INFO - metrics:177 - Metrics @ T=24.00: Cells=215, MaxR=19.97, Pheno={'G_SPECIALIST': 215, 'L_SPECIALIST': 0, 'SWITCHING_GL': 0}
2025-05-27 19:42:18,375 - sim.TraitDistinct_LowDistinct_W40_P0.5_Rep2.MetricsCollector - INFO - metrics:177 - Metrics @ T=25.00: Cells=231, MaxR=19.97, Pheno={'G_SPECIALIST': 231, 'L_SPECIALIST': 0, 'SWITCHING_GL': 0}
2025-05-27 19:42:18,394 - sim.TraitDistinct_LowDistinct_W40_P0.5_Rep2.MetricsCollector - INFO - metrics:177 - Metrics @ T=26.00: Cells=252, MaxR=22.52, Pheno={'G_SPECIALIST': 252, 'L_SPECIALIST': 0, 'SWITCHING_GL': 0}
2025-05-27 19:42:18,413 - sim.TraitDistinct_LowDistinct_W40_P0.5_Rep2.MetricsCollector - INFO - metrics:177 - Metrics @ T=27.00: Cells=277, MaxR=22.52, Pheno={'G_SPECIALIST': 277, 'L_SPECIALIST': 0, 'SWITCHING_GL': 0}
2025-05-27 19:42:18,435 - sim.TraitDistinct_LowDistinct_W40_P0.5_Rep2.MetricsCollector - INFO - metrics:177 - Metrics @ T=28.00: Cells=307, MaxR=22.52, Pheno={'G_SPECIALIST': 307, 'L_SPECIALIST': 0, 'SWITCHING_GL': 0}
2025-05-27 19:42:18,455 - sim.TraitDistinct_LowDistinct_W40_P0.5_Rep2.MetricsCollector - INFO - metrics:177 - Metrics @ T=29.00: Cells=333, MaxR=22.52, Pheno={'G_SPECIALIST': 333, 'L_SPECIALIST': 0, 'SWITCHING_GL': 0}
2025-05-27 19:42:18,476 - sim.TraitDistinct_LowDistinct_W40_P0.5_Rep2 - INFO - simulation_engine:218 - Progress: T=30.00, Cells=364
2025-05-27 19:42:18,481 - sim.TraitDistinct_LowDistinct_W40_P0.5_Rep2.MetricsCollector - INFO - metrics:177 - Metrics @ T=30.00: Cells=367, MaxR=24.06, Pheno={'G_SPECIALIST': 367, 'L_SPECIALIST': 0, 'SWITCHING_GL': 0}
2025-05-27 19:42:18,506 - sim.TraitDistinct_LowDistinct_W40_P0.5_Rep2.MetricsCollector - INFO - metrics:177 - Metrics @ T=31.00: Cells=399, MaxR=25.87, Pheno={'G_SPECIALIST': 399, 'L_SPECIALIST': 0, 'SWITCHING_GL': 0}
2025-05-27 19:42:18,534 - sim.TraitDistinct_LowDistinct_W40_P0.5_Rep2.MetricsCollector - INFO - metrics:177 - Metrics @ T=32.00: Cells=434, MaxR=27.50, Pheno={'G_SPECIALIST': 434, 'L_SPECIALIST': 0, 'SWITCHING_GL': 0}
2025-05-27 19:42:18,570 - sim.TraitDistinct_LowDistinct_W40_P0.5_Rep2.MetricsCollector - INFO - metrics:177 - Metrics @ T=33.00: Cells=477, MaxR=27.87, Pheno={'G_SPECIALIST': 477, 'L_SPECIALIST': 0, 'SWITCHING_GL': 0}
2025-05-27 19:42:18,604 - sim.TraitDistinct_LowDistinct_W40_P0.5_Rep2.MetricsCollector - INFO - metrics:177 - Metrics @ T=34.00: Cells=509, MaxR=30.45, Pheno={'G_SPECIALIST': 509, 'L_SPECIALIST': 0, 'SWITCHING_GL': 0}
2025-05-27 19:42:18,641 - sim.TraitDistinct_LowDistinct_W40_P0.5_Rep2.MetricsCollector - INFO - metrics:177 - Metrics @ T=35.00: Cells=557, MaxR=30.45, Pheno={'G_SPECIALIST': 557, 'L_SPECIALIST': 0, 'SWITCHING_GL': 0}
2025-05-27 19:42:18,681 - sim.TraitDistinct_LowDistinct_W40_P0.5_Rep2.MetricsCollector - INFO - metrics:177 - Metrics @ T=36.00: Cells=591, MaxR=30.79, Pheno={'G_SPECIALIST': 591, 'L_SPECIALIST': 0, 'SWITCHING_GL': 0}
2025-05-27 19:42:18,726 - sim.TraitDistinct_LowDistinct_W40_P0.5_Rep2.MetricsCollector - INFO - metrics:177 - Metrics @ T=37.00: Cells=619, MaxR=32.08, Pheno={'G_SPECIALIST': 619, 'L_SPECIALIST': 0, 'SWITCHING_GL': 0}
2025-05-27 19:42:18,772 - sim.TraitDistinct_LowDistinct_W40_P0.5_Rep2.MetricsCollector - INFO - metrics:177 - Metrics @ T=38.00: Cells=659, MaxR=32.08, Pheno={'G_SPECIALIST': 659, 'L_SPECIALIST': 0, 'SWITCHING_GL': 0}
2025-05-27 19:42:18,815 - sim.TraitDistinct_LowDistinct_W40_P0.5_Rep2.MetricsCollector - INFO - metrics:177 - Metrics @ T=39.00: Cells=696, MaxR=33.18, Pheno={'G_SPECIALIST': 696, 'L_SPECIALIST': 0, 'SWITCHING_GL': 0}
2025-05-27 19:42:18,853 - sim.TraitDistinct_LowDistinct_W40_P0.5_Rep2 - INFO - simulation_engine:218 - Progress: T=40.00, Cells=725
2025-05-27 19:42:18,860 - sim.TraitDistinct_LowDistinct_W40_P0.5_Rep2.MetricsCollector - INFO - metrics:177 - Metrics @ T=40.00: Cells=728, MaxR=33.41, Pheno={'G_SPECIALIST': 728, 'L_SPECIALIST': 0, 'SWITCHING_GL': 0}
2025-05-27 19:42:18,910 - sim.TraitDistinct_LowDistinct_W40_P0.5_Rep2.MetricsCollector - INFO - metrics:177 - Metrics @ T=41.00: Cells=769, MaxR=35.03, Pheno={'G_SPECIALIST': 769, 'L_SPECIALIST': 0, 'SWITCHING_GL': 0}
2025-05-27 19:42:18,962 - sim.TraitDistinct_LowDistinct_W40_P0.5_Rep2.MetricsCollector - INFO - metrics:177 - Metrics @ T=42.00: Cells=796, MaxR=35.03, Pheno={'G_SPECIALIST': 796, 'L_SPECIALIST': 0, 'SWITCHING_GL': 0}
2025-05-27 19:42:19,016 - sim.TraitDistinct_LowDistinct_W40_P0.5_Rep2.MetricsCollector - INFO - metrics:177 - Metrics @ T=43.00: Cells=823, MaxR=36.04, Pheno={'G_SPECIALIST': 823, 'L_SPECIALIST': 0, 'SWITCHING_GL': 0}
2025-05-27 19:42:19,068 - sim.TraitDistinct_LowDistinct_W40_P0.5_Rep2.MetricsCollector - INFO - metrics:177 - Metrics @ T=44.00: Cells=856, MaxR=36.04, Pheno={'G_SPECIALIST': 856, 'L_SPECIALIST': 0, 'SWITCHING_GL': 0}
2025-05-27 19:42:19,123 - sim.TraitDistinct_LowDistinct_W40_P0.5_Rep2.MetricsCollector - INFO - metrics:177 - Metrics @ T=45.00: Cells=905, MaxR=37.59, Pheno={'G_SPECIALIST': 905, 'L_SPECIALIST': 0, 'SWITCHING_GL': 0}
2025-05-27 19:42:19,183 - sim.TraitDistinct_LowDistinct_W40_P0.5_Rep2.MetricsCollector - INFO - metrics:177 - Metrics @ T=46.00: Cells=956, MaxR=37.59, Pheno={'G_SPECIALIST': 956, 'L_SPECIALIST': 0, 'SWITCHING_GL': 0}
2025-05-27 19:42:19,244 - sim.TraitDistinct_LowDistinct_W40_P0.5_Rep2.MetricsCollector - INFO - metrics:177 - Metrics @ T=47.00: Cells=1003, MaxR=37.75, Pheno={'G_SPECIALIST': 1003, 'L_SPECIALIST': 0, 'SWITCHING_GL': 0}
2025-05-27 19:42:19,309 - sim.TraitDistinct_LowDistinct_W40_P0.5_Rep2.MetricsCollector - INFO - metrics:177 - Metrics @ T=48.00: Cells=1055, MaxR=37.99, Pheno={'G_SPECIALIST': 1055, 'L_SPECIALIST': 0, 'SWITCHING_GL': 0}
2025-05-27 19:42:19,379 - sim.TraitDistinct_LowDistinct_W40_P0.5_Rep2.MetricsCollector - INFO - metrics:177 - Metrics @ T=49.00: Cells=1107, MaxR=39.23, Pheno={'G_SPECIALIST': 1107, 'L_SPECIALIST': 0, 'SWITCHING_GL': 0}
2025-05-27 19:42:19,438 - sim.TraitDistinct_LowDistinct_W40_P0.5_Rep2 - INFO - simulation_engine:218 - Progress: T=50.00, Cells=1143
2025-05-27 19:42:19,450 - sim.TraitDistinct_LowDistinct_W40_P0.5_Rep2.MetricsCollector - INFO - metrics:177 - Metrics @ T=50.00: Cells=1149, MaxR=39.23, Pheno={'G_SPECIALIST': 1149, 'L_SPECIALIST': 0, 'SWITCHING_GL': 0}
2025-05-27 19:42:19,526 - sim.TraitDistinct_LowDistinct_W40_P0.5_Rep2.MetricsCollector - INFO - metrics:177 - Metrics @ T=51.00: Cells=1189, MaxR=40.36, Pheno={'G_SPECIALIST': 1188, 'SWITCHING_GL': 1, 'L_SPECIALIST': 0}
2025-05-27 19:42:19,603 - sim.TraitDistinct_LowDistinct_W40_P0.5_Rep2.MetricsCollector - INFO - metrics:177 - Metrics @ T=52.00: Cells=1236, MaxR=41.68, Pheno={'G_SPECIALIST': 1233, 'SWITCHING_GL': 3, 'L_SPECIALIST': 0}
2025-05-27 19:42:19,683 - sim.TraitDistinct_LowDistinct_W40_P0.5_Rep2.MetricsCollector - INFO - metrics:177 - Metrics @ T=53.00: Cells=1274, MaxR=41.68, Pheno={'G_SPECIALIST': 1266, 'SWITCHING_GL': 8, 'L_SPECIALIST': 0}
2025-05-27 19:42:19,766 - sim.TraitDistinct_LowDistinct_W40_P0.5_Rep2.MetricsCollector - INFO - metrics:177 - Metrics @ T=54.00: Cells=1315, MaxR=41.68, Pheno={'G_SPECIALIST': 1306, 'SWITCHING_GL': 9, 'L_SPECIALIST': 0}
2025-05-27 19:42:19,853 - sim.TraitDistinct_LowDistinct_W40_P0.5_Rep2.MetricsCollector - INFO - metrics:177 - Metrics @ T=55.00: Cells=1369, MaxR=41.68, Pheno={'G_SPECIALIST': 1357, 'SWITCHING_GL': 12, 'L_SPECIALIST': 0}
2025-05-27 19:42:19,941 - sim.TraitDistinct_LowDistinct_W40_P0.5_Rep2.MetricsCollector - INFO - metrics:177 - Metrics @ T=56.00: Cells=1420, MaxR=41.68, Pheno={'G_SPECIALIST': 1403, 'SWITCHING_GL': 17, 'L_SPECIALIST': 0}
2025-05-27 19:42:20,034 - sim.TraitDistinct_LowDistinct_W40_P0.5_Rep2.MetricsCollector - INFO - metrics:177 - Metrics @ T=57.00: Cells=1484, MaxR=41.68, Pheno={'G_SPECIALIST': 1464, 'SWITCHING_GL': 18, 'L_SPECIALIST': 2}
2025-05-27 19:42:20,131 - sim.TraitDistinct_LowDistinct_W40_P0.5_Rep2.MetricsCollector - INFO - metrics:177 - Metrics @ T=58.00: Cells=1540, MaxR=42.00, Pheno={'G_SPECIALIST': 1516, 'SWITCHING_GL': 18, 'L_SPECIALIST': 6}
2025-05-27 19:42:20,231 - sim.TraitDistinct_LowDistinct_W40_P0.5_Rep2.MetricsCollector - INFO - metrics:177 - Metrics @ T=59.00: Cells=1599, MaxR=42.00, Pheno={'G_SPECIALIST': 1568, 'SWITCHING_GL': 24, 'L_SPECIALIST': 7}
2025-05-27 19:42:20,315 - sim.TraitDistinct_LowDistinct_W40_P0.5_Rep2 - INFO - simulation_engine:218 - Progress: T=60.00, Cells=1642
2025-05-27 19:42:20,333 - sim.TraitDistinct_LowDistinct_W40_P0.5_Rep2.MetricsCollector - INFO - metrics:177 - Metrics @ T=60.00: Cells=1650, MaxR=42.00, Pheno={'G_SPECIALIST': 1614, 'SWITCHING_GL': 27, 'L_SPECIALIST': 9}
2025-05-27 19:42:20,439 - sim.TraitDistinct_LowDistinct_W40_P0.5_Rep2.MetricsCollector - INFO - metrics:177 - Metrics @ T=61.00: Cells=1707, MaxR=42.67, Pheno={'G_SPECIALIST': 1666, 'SWITCHING_GL': 29, 'L_SPECIALIST': 12}
2025-05-27 19:42:20,550 - sim.TraitDistinct_LowDistinct_W40_P0.5_Rep2.MetricsCollector - INFO - metrics:177 - Metrics @ T=62.00: Cells=1758, MaxR=42.67, Pheno={'G_SPECIALIST': 1710, 'SWITCHING_GL': 36, 'L_SPECIALIST': 12}
2025-05-27 19:42:20,661 - sim.TraitDistinct_LowDistinct_W40_P0.5_Rep2.MetricsCollector - INFO - metrics:177 - Metrics @ T=63.00: Cells=1789, MaxR=42.67, Pheno={'G_SPECIALIST': 1737, 'SWITCHING_GL': 36, 'L_SPECIALIST': 16}
2025-05-27 19:42:20,774 - sim.TraitDistinct_LowDistinct_W40_P0.5_Rep2.MetricsCollector - INFO - metrics:177 - Metrics @ T=64.00: Cells=1832, MaxR=42.67, Pheno={'G_SPECIALIST': 1775, 'SWITCHING_GL': 38, 'L_SPECIALIST': 19}
2025-05-27 19:42:20,892 - sim.TraitDistinct_LowDistinct_W40_P0.5_Rep2.MetricsCollector - INFO - metrics:177 - Metrics @ T=65.00: Cells=1866, MaxR=42.67, Pheno={'G_SPECIALIST': 1803, 'SWITCHING_GL': 41, 'L_SPECIALIST': 22}
2025-05-27 19:42:21,014 - sim.TraitDistinct_LowDistinct_W40_P0.5_Rep2.MetricsCollector - INFO - metrics:177 - Metrics @ T=66.00: Cells=1896, MaxR=42.67, Pheno={'G_SPECIALIST': 1830, 'SWITCHING_GL': 40, 'L_SPECIALIST': 26}
2025-05-27 19:42:21,135 - sim.TraitDistinct_LowDistinct_W40_P0.5_Rep2.MetricsCollector - INFO - metrics:177 - Metrics @ T=67.00: Cells=1924, MaxR=42.67, Pheno={'G_SPECIALIST': 1850, 'SWITCHING_GL': 43, 'L_SPECIALIST': 31}
2025-05-27 19:42:21,257 - sim.TraitDistinct_LowDistinct_W40_P0.5_Rep2.MetricsCollector - INFO - metrics:177 - Metrics @ T=68.00: Cells=1970, MaxR=43.27, Pheno={'G_SPECIALIST': 1880, 'SWITCHING_GL': 52, 'L_SPECIALIST': 38}
2025-05-27 19:42:21,383 - sim.TraitDistinct_LowDistinct_W40_P0.5_Rep2.MetricsCollector - INFO - metrics:177 - Metrics @ T=69.00: Cells=1992, MaxR=43.27, Pheno={'G_SPECIALIST': 1893, 'SWITCHING_GL': 57, 'L_SPECIALIST': 42}
2025-05-27 19:42:21,489 - sim.TraitDistinct_LowDistinct_W40_P0.5_Rep2 - INFO - simulation_engine:218 - Progress: T=70.00, Cells=2014
2025-05-27 19:42:21,510 - sim.TraitDistinct_LowDistinct_W40_P0.5_Rep2.MetricsCollector - INFO - metrics:177 - Metrics @ T=70.00: Cells=2017, MaxR=43.30, Pheno={'G_SPECIALIST': 1904, 'SWITCHING_GL': 66, 'L_SPECIALIST': 47}
2025-05-27 19:42:21,639 - sim.TraitDistinct_LowDistinct_W40_P0.5_Rep2.MetricsCollector - INFO - metrics:177 - Metrics @ T=71.00: Cells=2042, MaxR=43.71, Pheno={'G_SPECIALIST': 1915, 'SWITCHING_GL': 76, 'L_SPECIALIST': 51}
2025-05-27 19:42:21,768 - sim.TraitDistinct_LowDistinct_W40_P0.5_Rep2.MetricsCollector - INFO - metrics:177 - Metrics @ T=72.00: Cells=2058, MaxR=43.71, Pheno={'G_SPECIALIST': 1921, 'L_SPECIALIST': 60, 'SWITCHING_GL': 77}
2025-05-27 19:42:21,899 - sim.TraitDistinct_LowDistinct_W40_P0.5_Rep2.MetricsCollector - INFO - metrics:177 - Metrics @ T=73.00: Cells=2078, MaxR=45.00, Pheno={'G_SPECIALIST': 1926, 'L_SPECIALIST': 77, 'SWITCHING_GL': 75}
2025-05-27 19:42:22,031 - sim.TraitDistinct_LowDistinct_W40_P0.5_Rep2.MetricsCollector - INFO - metrics:177 - Metrics @ T=74.00: Cells=2096, MaxR=45.00, Pheno={'G_SPECIALIST': 1930, 'L_SPECIALIST': 92, 'SWITCHING_GL': 74}
2025-05-27 19:42:22,161 - sim.TraitDistinct_LowDistinct_W40_P0.5_Rep2.MetricsCollector - INFO - metrics:177 - Metrics @ T=75.00: Cells=2107, MaxR=45.00, Pheno={'G_SPECIALIST': 1932, 'L_SPECIALIST': 99, 'SWITCHING_GL': 76}
2025-05-27 19:42:22,293 - sim.TraitDistinct_LowDistinct_W40_P0.5_Rep2.MetricsCollector - INFO - metrics:177 - Metrics @ T=76.00: Cells=2119, MaxR=45.00, Pheno={'G_SPECIALIST': 1934, 'L_SPECIALIST': 109, 'SWITCHING_GL': 76}
2025-05-27 19:42:22,426 - sim.TraitDistinct_LowDistinct_W40_P0.5_Rep2.MetricsCollector - INFO - metrics:177 - Metrics @ T=77.00: Cells=2131, MaxR=45.03, Pheno={'G_SPECIALIST': 1939, 'L_SPECIALIST': 120, 'SWITCHING_GL': 72}
2025-05-27 19:42:22,561 - sim.TraitDistinct_LowDistinct_W40_P0.5_Rep2.MetricsCollector - INFO - metrics:177 - Metrics @ T=78.00: Cells=2149, MaxR=45.30, Pheno={'G_SPECIALIST': 1941, 'L_SPECIALIST': 137, 'SWITCHING_GL': 71}
2025-05-27 19:42:22,695 - sim.TraitDistinct_LowDistinct_W40_P0.5_Rep2.MetricsCollector - INFO - metrics:177 - Metrics @ T=79.00: Cells=2163, MaxR=45.30, Pheno={'G_SPECIALIST': 1941, 'L_SPECIALIST': 152, 'SWITCHING_GL': 70}
2025-05-27 19:42:22,807 - sim.TraitDistinct_LowDistinct_W40_P0.5_Rep2 - INFO - simulation_engine:218 - Progress: T=80.00, Cells=2179
2025-05-27 19:42:22,831 - sim.TraitDistinct_LowDistinct_W40_P0.5_Rep2.MetricsCollector - INFO - metrics:177 - Metrics @ T=80.00: Cells=2180, MaxR=46.89, Pheno={'G_SPECIALIST': 1943, 'L_SPECIALIST': 172, 'SWITCHING_GL': 65}
2025-05-27 19:42:22,966 - sim.TraitDistinct_LowDistinct_W40_P0.5_Rep2.MetricsCollector - INFO - metrics:177 - Metrics @ T=81.00: Cells=2200, MaxR=46.89, Pheno={'G_SPECIALIST': 1944, 'L_SPECIALIST': 196, 'SWITCHING_GL': 60}
2025-05-27 19:42:23,105 - sim.TraitDistinct_LowDistinct_W40_P0.5_Rep2.MetricsCollector - INFO - metrics:177 - Metrics @ T=82.00: Cells=2227, MaxR=46.89, Pheno={'G_SPECIALIST': 1944, 'L_SPECIALIST': 223, 'SWITCHING_GL': 60}
2025-05-27 19:42:23,245 - sim.TraitDistinct_LowDistinct_W40_P0.5_Rep2.MetricsCollector - INFO - metrics:177 - Metrics @ T=83.00: Cells=2242, MaxR=46.89, Pheno={'G_SPECIALIST': 1944, 'L_SPECIALIST': 242, 'SWITCHING_GL': 56}
2025-05-27 19:42:23,387 - sim.TraitDistinct_LowDistinct_W40_P0.5_Rep2.MetricsCollector - INFO - metrics:177 - Metrics @ T=84.00: Cells=2261, MaxR=46.89, Pheno={'G_SPECIALIST': 1944, 'L_SPECIALIST': 266, 'SWITCHING_GL': 51}
2025-05-27 19:42:23,528 - sim.TraitDistinct_LowDistinct_W40_P0.5_Rep2.MetricsCollector - INFO - metrics:177 - Metrics @ T=85.00: Cells=2279, MaxR=47.66, Pheno={'G_SPECIALIST': 1944, 'L_SPECIALIST': 287, 'SWITCHING_GL': 48}
2025-05-27 19:42:23,671 - sim.TraitDistinct_LowDistinct_W40_P0.5_Rep2.MetricsCollector - INFO - metrics:177 - Metrics @ T=86.00: Cells=2297, MaxR=48.12, Pheno={'G_SPECIALIST': 1944, 'L_SPECIALIST': 310, 'SWITCHING_GL': 43}
2025-05-27 19:42:23,816 - sim.TraitDistinct_LowDistinct_W40_P0.5_Rep2.MetricsCollector - INFO - metrics:177 - Metrics @ T=87.00: Cells=2322, MaxR=48.50, Pheno={'G_SPECIALIST': 1945, 'L_SPECIALIST': 336, 'SWITCHING_GL': 41}
2025-05-27 19:42:23,960 - sim.TraitDistinct_LowDistinct_W40_P0.5_Rep2.MetricsCollector - INFO - metrics:177 - Metrics @ T=88.00: Cells=2340, MaxR=51.73, Pheno={'G_SPECIALIST': 1945, 'L_SPECIALIST': 357, 'SWITCHING_GL': 38}
2025-05-27 19:42:24,105 - sim.TraitDistinct_LowDistinct_W40_P0.5_Rep2.MetricsCollector - INFO - metrics:177 - Metrics @ T=89.00: Cells=2365, MaxR=52.05, Pheno={'G_SPECIALIST': 1945, 'L_SPECIALIST': 387, 'SWITCHING_GL': 33}
2025-05-27 19:42:24,227 - sim.TraitDistinct_LowDistinct_W40_P0.5_Rep2 - INFO - simulation_engine:218 - Progress: T=90.00, Cells=2377
2025-05-27 19:42:24,252 - sim.TraitDistinct_LowDistinct_W40_P0.5_Rep2.MetricsCollector - INFO - metrics:177 - Metrics @ T=90.00: Cells=2378, MaxR=52.05, Pheno={'G_SPECIALIST': 1945, 'L_SPECIALIST': 401, 'SWITCHING_GL': 32}
2025-05-27 19:42:24,400 - sim.TraitDistinct_LowDistinct_W40_P0.5_Rep2.MetricsCollector - INFO - metrics:177 - Metrics @ T=91.00: Cells=2402, MaxR=52.05, Pheno={'G_SPECIALIST': 1945, 'L_SPECIALIST': 433, 'SWITCHING_GL': 24}
2025-05-27 19:42:24,551 - sim.TraitDistinct_LowDistinct_W40_P0.5_Rep2.MetricsCollector - INFO - metrics:177 - Metrics @ T=92.00: Cells=2433, MaxR=52.05, Pheno={'G_SPECIALIST': 1945, 'L_SPECIALIST': 469, 'SWITCHING_GL': 19}
2025-05-27 19:42:24,703 - sim.TraitDistinct_LowDistinct_W40_P0.5_Rep2.MetricsCollector - INFO - metrics:177 - Metrics @ T=93.00: Cells=2460, MaxR=52.42, Pheno={'G_SPECIALIST': 1945, 'L_SPECIALIST': 496, 'SWITCHING_GL': 19}
2025-05-27 19:42:24,858 - sim.TraitDistinct_LowDistinct_W40_P0.5_Rep2.MetricsCollector - INFO - metrics:177 - Metrics @ T=94.00: Cells=2484, MaxR=52.42, Pheno={'G_SPECIALIST': 1945, 'L_SPECIALIST': 522, 'SWITCHING_GL': 17}
2025-05-27 19:42:25,014 - sim.TraitDistinct_LowDistinct_W40_P0.5_Rep2.MetricsCollector - INFO - metrics:177 - Metrics @ T=95.00: Cells=2503, MaxR=52.42, Pheno={'G_SPECIALIST': 1945, 'L_SPECIALIST': 543, 'SWITCHING_GL': 15}
2025-05-27 19:42:25,172 - sim.TraitDistinct_LowDistinct_W40_P0.5_Rep2.MetricsCollector - INFO - metrics:177 - Metrics @ T=96.00: Cells=2522, MaxR=52.42, Pheno={'G_SPECIALIST': 1945, 'L_SPECIALIST': 563, 'SWITCHING_GL': 14}
2025-05-27 19:42:25,330 - sim.TraitDistinct_LowDistinct_W40_P0.5_Rep2.MetricsCollector - INFO - metrics:177 - Metrics @ T=97.00: Cells=2549, MaxR=52.42, Pheno={'G_SPECIALIST': 1945, 'L_SPECIALIST': 593, 'SWITCHING_GL': 11}
2025-05-27 19:42:25,489 - sim.TraitDistinct_LowDistinct_W40_P0.5_Rep2.MetricsCollector - INFO - metrics:177 - Metrics @ T=98.00: Cells=2572, MaxR=52.42, Pheno={'G_SPECIALIST': 1945, 'L_SPECIALIST': 617, 'SWITCHING_GL': 10}
2025-05-27 19:42:25,649 - sim.TraitDistinct_LowDistinct_W40_P0.5_Rep2.MetricsCollector - INFO - metrics:177 - Metrics @ T=99.00: Cells=2602, MaxR=52.42, Pheno={'G_SPECIALIST': 1945, 'L_SPECIALIST': 649, 'SWITCHING_GL': 8}
2025-05-27 19:42:25,785 - sim.TraitDistinct_LowDistinct_W40_P0.5_Rep2 - INFO - simulation_engine:218 - Progress: T=100.00, Cells=2624
2025-05-27 19:42:25,812 - sim.TraitDistinct_LowDistinct_W40_P0.5_Rep2.MetricsCollector - INFO - metrics:177 - Metrics @ T=100.00: Cells=2627, MaxR=52.85, Pheno={'G_SPECIALIST': 1945, 'L_SPECIALIST': 675, 'SWITCHING_GL': 7}
2025-05-27 19:42:25,980 - sim.TraitDistinct_LowDistinct_W40_P0.5_Rep2.MetricsCollector - INFO - metrics:177 - Metrics @ T=101.00: Cells=2659, MaxR=52.85, Pheno={'G_SPECIALIST': 1945, 'L_SPECIALIST': 708, 'SWITCHING_GL': 6}
2025-05-27 19:42:26,146 - sim.TraitDistinct_LowDistinct_W40_P0.5_Rep2.MetricsCollector - INFO - metrics:177 - Metrics @ T=102.00: Cells=2677, MaxR=53.08, Pheno={'G_SPECIALIST': 1945, 'L_SPECIALIST': 726, 'SWITCHING_GL': 6}
2025-05-27 19:42:26,313 - sim.TraitDistinct_LowDistinct_W40_P0.5_Rep2.MetricsCollector - INFO - metrics:177 - Metrics @ T=103.00: Cells=2708, MaxR=54.08, Pheno={'G_SPECIALIST': 1945, 'L_SPECIALIST': 758, 'SWITCHING_GL': 5}
2025-05-27 19:42:26,483 - sim.TraitDistinct_LowDistinct_W40_P0.5_Rep2.MetricsCollector - INFO - metrics:177 - Metrics @ T=104.00: Cells=2745, MaxR=54.08, Pheno={'G_SPECIALIST': 1945, 'L_SPECIALIST': 797, 'SWITCHING_GL': 3}
2025-05-27 19:42:26,655 - sim.TraitDistinct_LowDistinct_W40_P0.5_Rep2.MetricsCollector - INFO - metrics:177 - Metrics @ T=105.00: Cells=2780, MaxR=54.58, Pheno={'G_SPECIALIST': 1945, 'L_SPECIALIST': 832, 'SWITCHING_GL': 3}
2025-05-27 19:42:26,829 - sim.TraitDistinct_LowDistinct_W40_P0.5_Rep2.MetricsCollector - INFO - metrics:177 - Metrics @ T=106.00: Cells=2820, MaxR=54.58, Pheno={'G_SPECIALIST': 1945, 'L_SPECIALIST': 872, 'SWITCHING_GL': 3}
2025-05-27 19:42:27,017 - sim.TraitDistinct_LowDistinct_W40_P0.5_Rep2.MetricsCollector - INFO - metrics:177 - Metrics @ T=107.00: Cells=2846, MaxR=55.43, Pheno={'G_SPECIALIST': 1945, 'L_SPECIALIST': 898, 'SWITCHING_GL': 3}
2025-05-27 19:42:27,199 - sim.TraitDistinct_LowDistinct_W40_P0.5_Rep2.MetricsCollector - INFO - metrics:177 - Metrics @ T=108.00: Cells=2882, MaxR=55.43, Pheno={'G_SPECIALIST': 1945, 'L_SPECIALIST': 935, 'SWITCHING_GL': 2}
2025-05-27 19:42:27,391 - sim.TraitDistinct_LowDistinct_W40_P0.5_Rep2.MetricsCollector - INFO - metrics:177 - Metrics @ T=109.00: Cells=2916, MaxR=57.16, Pheno={'G_SPECIALIST': 1945, 'L_SPECIALIST': 970, 'SWITCHING_GL': 1}
2025-05-27 19:42:27,550 - sim.TraitDistinct_LowDistinct_W40_P0.5_Rep2 - INFO - simulation_engine:218 - Progress: T=110.00, Cells=2948
2025-05-27 19:42:27,581 - sim.TraitDistinct_LowDistinct_W40_P0.5_Rep2.MetricsCollector - INFO - metrics:177 - Metrics @ T=110.00: Cells=2949, MaxR=57.16, Pheno={'G_SPECIALIST': 1945, 'L_SPECIALIST': 1003, 'SWITCHING_GL': 1}
2025-05-27 19:42:27,766 - sim.TraitDistinct_LowDistinct_W40_P0.5_Rep2.MetricsCollector - INFO - metrics:177 - Metrics @ T=111.00: Cells=2972, MaxR=58.04, Pheno={'G_SPECIALIST': 1945, 'L_SPECIALIST': 1026, 'SWITCHING_GL': 1}
2025-05-27 19:42:27,955 - sim.TraitDistinct_LowDistinct_W40_P0.5_Rep2.MetricsCollector - INFO - metrics:177 - Metrics @ T=112.00: Cells=3002, MaxR=58.04, Pheno={'G_SPECIALIST': 1945, 'L_SPECIALIST': 1056, 'SWITCHING_GL': 1}
2025-05-27 19:42:28,145 - sim.TraitDistinct_LowDistinct_W40_P0.5_Rep2.MetricsCollector - INFO - metrics:177 - Metrics @ T=113.00: Cells=3028, MaxR=58.04, Pheno={'G_SPECIALIST': 1945, 'L_SPECIALIST': 1082, 'SWITCHING_GL': 1}
2025-05-27 19:42:28,337 - sim.TraitDistinct_LowDistinct_W40_P0.5_Rep2.MetricsCollector - INFO - metrics:177 - Metrics @ T=114.00: Cells=3054, MaxR=58.89, Pheno={'G_SPECIALIST': 1945, 'L_SPECIALIST': 1109, 'SWITCHING_GL': 0}
2025-05-27 19:42:28,529 - sim.TraitDistinct_LowDistinct_W40_P0.5_Rep2.MetricsCollector - INFO - metrics:177 - Metrics @ T=115.00: Cells=3088, MaxR=59.77, Pheno={'G_SPECIALIST': 1945, 'L_SPECIALIST': 1143, 'SWITCHING_GL': 0}
2025-05-27 19:42:28,724 - sim.TraitDistinct_LowDistinct_W40_P0.5_Rep2.MetricsCollector - INFO - metrics:177 - Metrics @ T=116.00: Cells=3125, MaxR=59.77, Pheno={'G_SPECIALIST': 1945, 'L_SPECIALIST': 1180, 'SWITCHING_GL': 0}
2025-05-27 19:42:28,921 - sim.TraitDistinct_LowDistinct_W40_P0.5_Rep2.MetricsCollector - INFO - metrics:177 - Metrics @ T=117.00: Cells=3159, MaxR=59.77, Pheno={'G_SPECIALIST': 1945, 'L_SPECIALIST': 1214, 'SWITCHING_GL': 0}
2025-05-27 19:42:29,145 - sim.TraitDistinct_LowDistinct_W40_P0.5_Rep2.MetricsCollector - INFO - metrics:177 - Metrics @ T=118.00: Cells=3191, MaxR=59.77, Pheno={'G_SPECIALIST': 1945, 'L_SPECIALIST': 1246, 'SWITCHING_GL': 0}
2025-05-27 19:42:29,347 - sim.TraitDistinct_LowDistinct_W40_P0.5_Rep2.MetricsCollector - INFO - metrics:177 - Metrics @ T=119.00: Cells=3218, MaxR=59.77, Pheno={'G_SPECIALIST': 1945, 'L_SPECIALIST': 1273, 'SWITCHING_GL': 0}
2025-05-27 19:42:29,514 - sim.TraitDistinct_LowDistinct_W40_P0.5_Rep2 - INFO - simulation_engine:218 - Progress: T=120.00, Cells=3249
2025-05-27 19:42:29,547 - sim.TraitDistinct_LowDistinct_W40_P0.5_Rep2.MetricsCollector - INFO - metrics:177 - Metrics @ T=120.00: Cells=3255, MaxR=59.77, Pheno={'G_SPECIALIST': 1945, 'L_SPECIALIST': 1310, 'SWITCHING_GL': 0}
2025-05-27 19:42:29,751 - sim.TraitDistinct_LowDistinct_W40_P0.5_Rep2.MetricsCollector - INFO - metrics:177 - Metrics @ T=121.00: Cells=3294, MaxR=59.77, Pheno={'G_SPECIALIST': 1945, 'L_SPECIALIST': 1349, 'SWITCHING_GL': 0}
2025-05-27 19:42:29,956 - sim.TraitDistinct_LowDistinct_W40_P0.5_Rep2.MetricsCollector - INFO - metrics:177 - Metrics @ T=122.00: Cells=3324, MaxR=59.77, Pheno={'G_SPECIALIST': 1945, 'L_SPECIALIST': 1379, 'SWITCHING_GL': 0}
2025-05-27 19:42:30,171 - sim.TraitDistinct_LowDistinct_W40_P0.5_Rep2.MetricsCollector - INFO - metrics:177 - Metrics @ T=123.00: Cells=3348, MaxR=59.77, Pheno={'G_SPECIALIST': 1945, 'L_SPECIALIST': 1403, 'SWITCHING_GL': 0}
2025-05-27 19:42:30,381 - sim.TraitDistinct_LowDistinct_W40_P0.5_Rep2.MetricsCollector - INFO - metrics:177 - Metrics @ T=124.00: Cells=3380, MaxR=59.77, Pheno={'G_SPECIALIST': 1945, 'L_SPECIALIST': 1435, 'SWITCHING_GL': 0}
2025-05-27 19:42:30,593 - sim.TraitDistinct_LowDistinct_W40_P0.5_Rep2.MetricsCollector - INFO - metrics:177 - Metrics @ T=125.00: Cells=3406, MaxR=59.92, Pheno={'G_SPECIALIST': 1945, 'L_SPECIALIST': 1461, 'SWITCHING_GL': 0}
2025-05-27 19:42:30,809 - sim.TraitDistinct_LowDistinct_W40_P0.5_Rep2.MetricsCollector - INFO - metrics:177 - Metrics @ T=126.00: Cells=3438, MaxR=59.92, Pheno={'G_SPECIALIST': 1945, 'L_SPECIALIST': 1493, 'SWITCHING_GL': 0}
2025-05-27 19:42:31,022 - sim.TraitDistinct_LowDistinct_W40_P0.5_Rep2.MetricsCollector - INFO - metrics:177 - Metrics @ T=127.00: Cells=3467, MaxR=60.40, Pheno={'G_SPECIALIST': 1945, 'L_SPECIALIST': 1522, 'SWITCHING_GL': 0}
2025-05-27 19:42:31,238 - sim.TraitDistinct_LowDistinct_W40_P0.5_Rep2.MetricsCollector - INFO - metrics:177 - Metrics @ T=128.00: Cells=3503, MaxR=60.70, Pheno={'G_SPECIALIST': 1945, 'L_SPECIALIST': 1558, 'SWITCHING_GL': 0}
2025-05-27 19:42:31,456 - sim.TraitDistinct_LowDistinct_W40_P0.5_Rep2.MetricsCollector - INFO - metrics:177 - Metrics @ T=129.00: Cells=3535, MaxR=60.77, Pheno={'G_SPECIALIST': 1945, 'L_SPECIALIST': 1590, 'SWITCHING_GL': 0}
2025-05-27 19:42:31,641 - sim.TraitDistinct_LowDistinct_W40_P0.5_Rep2 - INFO - simulation_engine:218 - Progress: T=130.00, Cells=3571
2025-05-27 19:42:31,678 - sim.TraitDistinct_LowDistinct_W40_P0.5_Rep2.MetricsCollector - INFO - metrics:177 - Metrics @ T=130.00: Cells=3575, MaxR=60.77, Pheno={'G_SPECIALIST': 1945, 'L_SPECIALIST': 1630, 'SWITCHING_GL': 0}
2025-05-27 19:42:31,903 - sim.TraitDistinct_LowDistinct_W40_P0.5_Rep2.MetricsCollector - INFO - metrics:177 - Metrics @ T=131.00: Cells=3607, MaxR=60.77, Pheno={'G_SPECIALIST': 1945, 'L_SPECIALIST': 1662, 'SWITCHING_GL': 0}
2025-05-27 19:42:32,131 - sim.TraitDistinct_LowDistinct_W40_P0.5_Rep2.MetricsCollector - INFO - metrics:177 - Metrics @ T=132.00: Cells=3649, MaxR=61.99, Pheno={'G_SPECIALIST': 1945, 'L_SPECIALIST': 1704, 'SWITCHING_GL': 0}
2025-05-27 19:42:32,359 - sim.TraitDistinct_LowDistinct_W40_P0.5_Rep2.MetricsCollector - INFO - metrics:177 - Metrics @ T=133.00: Cells=3681, MaxR=61.99, Pheno={'G_SPECIALIST': 1945, 'L_SPECIALIST': 1736, 'SWITCHING_GL': 0}
2025-05-27 19:42:32,587 - sim.TraitDistinct_LowDistinct_W40_P0.5_Rep2.MetricsCollector - INFO - metrics:177 - Metrics @ T=134.00: Cells=3714, MaxR=63.24, Pheno={'G_SPECIALIST': 1945, 'L_SPECIALIST': 1769, 'SWITCHING_GL': 0}
2025-05-27 19:42:32,821 - sim.TraitDistinct_LowDistinct_W40_P0.5_Rep2.MetricsCollector - INFO - metrics:177 - Metrics @ T=135.00: Cells=3741, MaxR=63.24, Pheno={'G_SPECIALIST': 1945, 'L_SPECIALIST': 1796, 'SWITCHING_GL': 0}
2025-05-27 19:42:33,054 - sim.TraitDistinct_LowDistinct_W40_P0.5_Rep2.MetricsCollector - INFO - metrics:177 - Metrics @ T=136.00: Cells=3776, MaxR=64.97, Pheno={'G_SPECIALIST': 1945, 'L_SPECIALIST': 1831, 'SWITCHING_GL': 0}
2025-05-27 19:42:33,288 - sim.TraitDistinct_LowDistinct_W40_P0.5_Rep2.MetricsCollector - INFO - metrics:177 - Metrics @ T=137.00: Cells=3805, MaxR=64.97, Pheno={'G_SPECIALIST': 1945, 'L_SPECIALIST': 1860, 'SWITCHING_GL': 0}
2025-05-27 19:42:33,527 - sim.TraitDistinct_LowDistinct_W40_P0.5_Rep2.MetricsCollector - INFO - metrics:177 - Metrics @ T=138.00: Cells=3839, MaxR=64.97, Pheno={'G_SPECIALIST': 1945, 'L_SPECIALIST': 1894, 'SWITCHING_GL': 0}
2025-05-27 19:42:33,766 - sim.TraitDistinct_LowDistinct_W40_P0.5_Rep2.MetricsCollector - INFO - metrics:177 - Metrics @ T=139.00: Cells=3865, MaxR=64.97, Pheno={'G_SPECIALIST': 1945, 'L_SPECIALIST': 1920, 'SWITCHING_GL': 0}
2025-05-27 19:42:33,968 - sim.TraitDistinct_LowDistinct_W40_P0.5_Rep2 - INFO - simulation_engine:218 - Progress: T=140.00, Cells=3895
2025-05-27 19:42:34,007 - sim.TraitDistinct_LowDistinct_W40_P0.5_Rep2.MetricsCollector - INFO - metrics:177 - Metrics @ T=140.00: Cells=3901, MaxR=64.97, Pheno={'G_SPECIALIST': 1945, 'L_SPECIALIST': 1956, 'SWITCHING_GL': 0}
2025-05-27 19:42:34,255 - sim.TraitDistinct_LowDistinct_W40_P0.5_Rep2.MetricsCollector - INFO - metrics:177 - Metrics @ T=141.00: Cells=3934, MaxR=64.97, Pheno={'G_SPECIALIST': 1945, 'L_SPECIALIST': 1989, 'SWITCHING_GL': 0}
2025-05-27 19:42:34,500 - sim.TraitDistinct_LowDistinct_W40_P0.5_Rep2.MetricsCollector - INFO - metrics:177 - Metrics @ T=142.00: Cells=3972, MaxR=64.97, Pheno={'G_SPECIALIST': 1945, 'L_SPECIALIST': 2027, 'SWITCHING_GL': 0}
2025-05-27 19:42:34,747 - sim.TraitDistinct_LowDistinct_W40_P0.5_Rep2.MetricsCollector - INFO - metrics:177 - Metrics @ T=143.00: Cells=4005, MaxR=64.97, Pheno={'G_SPECIALIST': 1945, 'L_SPECIALIST': 2060, 'SWITCHING_GL': 0}
2025-05-27 19:42:34,996 - sim.TraitDistinct_LowDistinct_W40_P0.5_Rep2.MetricsCollector - INFO - metrics:177 - Metrics @ T=144.00: Cells=4042, MaxR=64.97, Pheno={'G_SPECIALIST': 1945, 'L_SPECIALIST': 2097, 'SWITCHING_GL': 0}
2025-05-27 19:42:35,250 - sim.TraitDistinct_LowDistinct_W40_P0.5_Rep2.MetricsCollector - INFO - metrics:177 - Metrics @ T=145.00: Cells=4087, MaxR=65.11, Pheno={'G_SPECIALIST': 1945, 'L_SPECIALIST': 2142, 'SWITCHING_GL': 0}
2025-05-27 19:42:35,506 - sim.TraitDistinct_LowDistinct_W40_P0.5_Rep2.MetricsCollector - INFO - metrics:177 - Metrics @ T=146.00: Cells=4116, MaxR=65.89, Pheno={'G_SPECIALIST': 1945, 'L_SPECIALIST': 2171, 'SWITCHING_GL': 0}
2025-05-27 19:42:35,761 - sim.TraitDistinct_LowDistinct_W40_P0.5_Rep2.MetricsCollector - INFO - metrics:177 - Metrics @ T=147.00: Cells=4163, MaxR=66.09, Pheno={'G_SPECIALIST': 1945, 'L_SPECIALIST': 2218, 'SWITCHING_GL': 0}
2025-05-27 19:42:36,021 - sim.TraitDistinct_LowDistinct_W40_P0.5_Rep2.MetricsCollector - INFO - metrics:177 - Metrics @ T=148.00: Cells=4200, MaxR=66.09, Pheno={'G_SPECIALIST': 1945, 'L_SPECIALIST': 2255, 'SWITCHING_GL': 0}
2025-05-27 19:42:36,283 - sim.TraitDistinct_LowDistinct_W40_P0.5_Rep2.MetricsCollector - INFO - metrics:177 - Metrics @ T=149.00: Cells=4240, MaxR=66.09, Pheno={'G_SPECIALIST': 1945, 'L_SPECIALIST': 2295, 'SWITCHING_GL': 0}
2025-05-27 19:42:36,503 - sim.TraitDistinct_LowDistinct_W40_P0.5_Rep2 - INFO - simulation_engine:218 - Progress: T=150.00, Cells=4270
2025-05-27 19:42:36,546 - sim.TraitDistinct_LowDistinct_W40_P0.5_Rep2.MetricsCollector - INFO - metrics:177 - Metrics @ T=150.00: Cells=4270, MaxR=67.55, Pheno={'G_SPECIALIST': 1945, 'L_SPECIALIST': 2325, 'SWITCHING_GL': 0}
2025-05-27 19:42:36,817 - sim.TraitDistinct_LowDistinct_W40_P0.5_Rep2.MetricsCollector - INFO - metrics:177 - Metrics @ T=151.00: Cells=4303, MaxR=67.55, Pheno={'G_SPECIALIST': 1945, 'L_SPECIALIST': 2358, 'SWITCHING_GL': 0}
2025-05-27 19:42:37,088 - sim.TraitDistinct_LowDistinct_W40_P0.5_Rep2.MetricsCollector - INFO - metrics:177 - Metrics @ T=152.00: Cells=4346, MaxR=69.02, Pheno={'G_SPECIALIST': 1945, 'L_SPECIALIST': 2401, 'SWITCHING_GL': 0}
2025-05-27 19:42:37,360 - sim.TraitDistinct_LowDistinct_W40_P0.5_Rep2.MetricsCollector - INFO - metrics:177 - Metrics @ T=153.00: Cells=4379, MaxR=69.02, Pheno={'G_SPECIALIST': 1945, 'L_SPECIALIST': 2434, 'SWITCHING_GL': 0}
2025-05-27 19:42:37,648 - sim.TraitDistinct_LowDistinct_W40_P0.5_Rep2.MetricsCollector - INFO - metrics:177 - Metrics @ T=154.00: Cells=4420, MaxR=69.02, Pheno={'G_SPECIALIST': 1945, 'L_SPECIALIST': 2475, 'SWITCHING_GL': 0}
2025-05-27 19:42:37,942 - sim.TraitDistinct_LowDistinct_W40_P0.5_Rep2.MetricsCollector - INFO - metrics:177 - Metrics @ T=155.00: Cells=4461, MaxR=69.02, Pheno={'G_SPECIALIST': 1945, 'L_SPECIALIST': 2516, 'SWITCHING_GL': 0}
2025-05-27 19:42:38,234 - sim.TraitDistinct_LowDistinct_W40_P0.5_Rep2.MetricsCollector - INFO - metrics:177 - Metrics @ T=156.00: Cells=4488, MaxR=69.20, Pheno={'G_SPECIALIST': 1945, 'L_SPECIALIST': 2543, 'SWITCHING_GL': 0}
2025-05-27 19:42:38,519 - sim.TraitDistinct_LowDistinct_W40_P0.5_Rep2.MetricsCollector - INFO - metrics:177 - Metrics @ T=157.00: Cells=4515, MaxR=69.20, Pheno={'G_SPECIALIST': 1945, 'L_SPECIALIST': 2570, 'SWITCHING_GL': 0}
2025-05-27 19:42:38,802 - sim.TraitDistinct_LowDistinct_W40_P0.5_Rep2.MetricsCollector - INFO - metrics:177 - Metrics @ T=158.00: Cells=4556, MaxR=69.20, Pheno={'G_SPECIALIST': 1945, 'L_SPECIALIST': 2611, 'SWITCHING_GL': 0}
2025-05-27 19:42:39,088 - sim.TraitDistinct_LowDistinct_W40_P0.5_Rep2.MetricsCollector - INFO - metrics:177 - Metrics @ T=159.00: Cells=4584, MaxR=70.93, Pheno={'G_SPECIALIST': 1945, 'L_SPECIALIST': 2639, 'SWITCHING_GL': 0}
2025-05-27 19:42:39,326 - sim.TraitDistinct_LowDistinct_W40_P0.5_Rep2 - INFO - simulation_engine:218 - Progress: T=160.00, Cells=4612
2025-05-27 19:42:39,374 - sim.TraitDistinct_LowDistinct_W40_P0.5_Rep2.MetricsCollector - INFO - metrics:177 - Metrics @ T=160.00: Cells=4618, MaxR=70.93, Pheno={'G_SPECIALIST': 1945, 'L_SPECIALIST': 2673, 'SWITCHING_GL': 0}
2025-05-27 19:42:39,664 - sim.TraitDistinct_LowDistinct_W40_P0.5_Rep2.MetricsCollector - INFO - metrics:177 - Metrics @ T=161.00: Cells=4665, MaxR=70.93, Pheno={'G_SPECIALIST': 1945, 'L_SPECIALIST': 2720, 'SWITCHING_GL': 0}
2025-05-27 19:42:39,955 - sim.TraitDistinct_LowDistinct_W40_P0.5_Rep2.MetricsCollector - INFO - metrics:177 - Metrics @ T=162.00: Cells=4711, MaxR=70.93, Pheno={'G_SPECIALIST': 1945, 'L_SPECIALIST': 2766, 'SWITCHING_GL': 0}
2025-05-27 19:42:40,274 - sim.TraitDistinct_LowDistinct_W40_P0.5_Rep2.MetricsCollector - INFO - metrics:177 - Metrics @ T=163.00: Cells=4751, MaxR=70.93, Pheno={'G_SPECIALIST': 1945, 'L_SPECIALIST': 2806, 'SWITCHING_GL': 0}
2025-05-27 19:42:40,581 - sim.TraitDistinct_LowDistinct_W40_P0.5_Rep2.MetricsCollector - INFO - metrics:177 - Metrics @ T=164.00: Cells=4793, MaxR=70.93, Pheno={'G_SPECIALIST': 1945, 'L_SPECIALIST': 2848, 'SWITCHING_GL': 0}
2025-05-27 19:42:40,883 - sim.TraitDistinct_LowDistinct_W40_P0.5_Rep2.MetricsCollector - INFO - metrics:177 - Metrics @ T=165.00: Cells=4833, MaxR=72.33, Pheno={'G_SPECIALIST': 1945, 'L_SPECIALIST': 2888, 'SWITCHING_GL': 0}
2025-05-27 19:42:41,184 - sim.TraitDistinct_LowDistinct_W40_P0.5_Rep2.MetricsCollector - INFO - metrics:177 - Metrics @ T=166.00: Cells=4864, MaxR=72.33, Pheno={'G_SPECIALIST': 1945, 'L_SPECIALIST': 2919, 'SWITCHING_GL': 0}
2025-05-27 19:42:41,486 - sim.TraitDistinct_LowDistinct_W40_P0.5_Rep2.MetricsCollector - INFO - metrics:177 - Metrics @ T=167.00: Cells=4898, MaxR=72.33, Pheno={'G_SPECIALIST': 1945, 'L_SPECIALIST': 2953, 'SWITCHING_GL': 0}
2025-05-27 19:42:41,792 - sim.TraitDistinct_LowDistinct_W40_P0.5_Rep2.MetricsCollector - INFO - metrics:177 - Metrics @ T=168.00: Cells=4938, MaxR=73.63, Pheno={'G_SPECIALIST': 1945, 'L_SPECIALIST': 2993, 'SWITCHING_GL': 0}
2025-05-27 19:42:42,100 - sim.TraitDistinct_LowDistinct_W40_P0.5_Rep2.MetricsCollector - INFO - metrics:177 - Metrics @ T=169.00: Cells=4988, MaxR=73.75, Pheno={'G_SPECIALIST': 1945, 'L_SPECIALIST': 3043, 'SWITCHING_GL': 0}
2025-05-27 19:42:42,362 - sim.TraitDistinct_LowDistinct_W40_P0.5_Rep2 - INFO - simulation_engine:218 - Progress: T=170.00, Cells=5017
2025-05-27 19:42:42,413 - sim.TraitDistinct_LowDistinct_W40_P0.5_Rep2.MetricsCollector - INFO - metrics:177 - Metrics @ T=170.00: Cells=5023, MaxR=75.18, Pheno={'G_SPECIALIST': 1945, 'L_SPECIALIST': 3078, 'SWITCHING_GL': 0}
2025-05-27 19:42:42,723 - sim.TraitDistinct_LowDistinct_W40_P0.5_Rep2.MetricsCollector - INFO - metrics:177 - Metrics @ T=171.00: Cells=5056, MaxR=75.18, Pheno={'G_SPECIALIST': 1945, 'L_SPECIALIST': 3111, 'SWITCHING_GL': 0}
2025-05-27 19:42:43,039 - sim.TraitDistinct_LowDistinct_W40_P0.5_Rep2.MetricsCollector - INFO - metrics:177 - Metrics @ T=172.00: Cells=5099, MaxR=75.18, Pheno={'G_SPECIALIST': 1945, 'L_SPECIALIST': 3154, 'SWITCHING_GL': 0}
2025-05-27 19:42:43,361 - sim.TraitDistinct_LowDistinct_W40_P0.5_Rep2.MetricsCollector - INFO - metrics:177 - Metrics @ T=173.00: Cells=5132, MaxR=75.18, Pheno={'G_SPECIALIST': 1945, 'L_SPECIALIST': 3187, 'SWITCHING_GL': 0}
2025-05-27 19:42:43,680 - sim.TraitDistinct_LowDistinct_W40_P0.5_Rep2.MetricsCollector - INFO - metrics:177 - Metrics @ T=174.00: Cells=5169, MaxR=75.18, Pheno={'G_SPECIALIST': 1945, 'L_SPECIALIST': 3224, 'SWITCHING_GL': 0}
2025-05-27 19:42:44,001 - sim.TraitDistinct_LowDistinct_W40_P0.5_Rep2.MetricsCollector - INFO - metrics:177 - Metrics @ T=175.00: Cells=5220, MaxR=75.18, Pheno={'G_SPECIALIST': 1945, 'L_SPECIALIST': 3275, 'SWITCHING_GL': 0}
2025-05-27 19:42:44,332 - sim.TraitDistinct_LowDistinct_W40_P0.5_Rep2.MetricsCollector - INFO - metrics:177 - Metrics @ T=176.00: Cells=5253, MaxR=75.18, Pheno={'G_SPECIALIST': 1945, 'L_SPECIALIST': 3308, 'SWITCHING_GL': 0}
2025-05-27 19:42:44,677 - sim.TraitDistinct_LowDistinct_W40_P0.5_Rep2.MetricsCollector - INFO - metrics:177 - Metrics @ T=177.00: Cells=5292, MaxR=75.18, Pheno={'G_SPECIALIST': 1945, 'L_SPECIALIST': 3347, 'SWITCHING_GL': 0}
2025-05-27 19:42:45,012 - sim.TraitDistinct_LowDistinct_W40_P0.5_Rep2.MetricsCollector - INFO - metrics:177 - Metrics @ T=178.00: Cells=5331, MaxR=76.62, Pheno={'G_SPECIALIST': 1945, 'L_SPECIALIST': 3386, 'SWITCHING_GL': 0}
2025-05-27 19:42:45,346 - sim.TraitDistinct_LowDistinct_W40_P0.5_Rep2.MetricsCollector - INFO - metrics:177 - Metrics @ T=179.00: Cells=5364, MaxR=76.62, Pheno={'G_SPECIALIST': 1945, 'L_SPECIALIST': 3419, 'SWITCHING_GL': 0}
2025-05-27 19:42:45,629 - sim.TraitDistinct_LowDistinct_W40_P0.5_Rep2 - INFO - simulation_engine:218 - Progress: T=180.00, Cells=5392
2025-05-27 19:42:45,684 - sim.TraitDistinct_LowDistinct_W40_P0.5_Rep2.MetricsCollector - INFO - metrics:177 - Metrics @ T=180.00: Cells=5395, MaxR=76.62, Pheno={'G_SPECIALIST': 1945, 'L_SPECIALIST': 3450, 'SWITCHING_GL': 0}
2025-05-27 19:42:46,024 - sim.TraitDistinct_LowDistinct_W40_P0.5_Rep2.MetricsCollector - INFO - metrics:177 - Metrics @ T=181.00: Cells=5450, MaxR=76.62, Pheno={'G_SPECIALIST': 1945, 'L_SPECIALIST': 3505, 'SWITCHING_GL': 0}
2025-05-27 19:42:46,371 - sim.TraitDistinct_LowDistinct_W40_P0.5_Rep2.MetricsCollector - INFO - metrics:177 - Metrics @ T=182.00: Cells=5506, MaxR=76.62, Pheno={'G_SPECIALIST': 1945, 'L_SPECIALIST': 3561, 'SWITCHING_GL': 0}
2025-05-27 19:42:46,715 - sim.TraitDistinct_LowDistinct_W40_P0.5_Rep2.MetricsCollector - INFO - metrics:177 - Metrics @ T=183.00: Cells=5545, MaxR=76.62, Pheno={'G_SPECIALIST': 1945, 'L_SPECIALIST': 3600, 'SWITCHING_GL': 0}
2025-05-27 19:42:47,064 - sim.TraitDistinct_LowDistinct_W40_P0.5_Rep2.MetricsCollector - INFO - metrics:177 - Metrics @ T=184.00: Cells=5595, MaxR=78.08, Pheno={'G_SPECIALIST': 1945, 'L_SPECIALIST': 3650, 'SWITCHING_GL': 0}
2025-05-27 19:42:47,412 - sim.TraitDistinct_LowDistinct_W40_P0.5_Rep2.MetricsCollector - INFO - metrics:177 - Metrics @ T=185.00: Cells=5655, MaxR=78.08, Pheno={'G_SPECIALIST': 1945, 'L_SPECIALIST': 3710, 'SWITCHING_GL': 0}
2025-05-27 19:42:47,767 - sim.TraitDistinct_LowDistinct_W40_P0.5_Rep2.MetricsCollector - INFO - metrics:177 - Metrics @ T=186.00: Cells=5698, MaxR=79.62, Pheno={'G_SPECIALIST': 1945, 'L_SPECIALIST': 3753, 'SWITCHING_GL': 0}
2025-05-27 19:42:48,123 - sim.TraitDistinct_LowDistinct_W40_P0.5_Rep2.MetricsCollector - INFO - metrics:177 - Metrics @ T=187.00: Cells=5740, MaxR=79.62, Pheno={'G_SPECIALIST': 1945, 'L_SPECIALIST': 3795, 'SWITCHING_GL': 0}
2025-05-27 19:42:48,485 - sim.TraitDistinct_LowDistinct_W40_P0.5_Rep2.MetricsCollector - INFO - metrics:177 - Metrics @ T=188.00: Cells=5793, MaxR=79.62, Pheno={'G_SPECIALIST': 1945, 'L_SPECIALIST': 3848, 'SWITCHING_GL': 0}
2025-05-27 19:42:48,849 - sim.TraitDistinct_LowDistinct_W40_P0.5_Rep2.MetricsCollector - INFO - metrics:177 - Metrics @ T=189.00: Cells=5838, MaxR=79.62, Pheno={'G_SPECIALIST': 1945, 'L_SPECIALIST': 3893, 'SWITCHING_GL': 0}
2025-05-27 19:42:49,158 - sim.TraitDistinct_LowDistinct_W40_P0.5_Rep2 - INFO - simulation_engine:218 - Progress: T=190.00, Cells=5881
2025-05-27 19:42:49,220 - sim.TraitDistinct_LowDistinct_W40_P0.5_Rep2.MetricsCollector - INFO - metrics:177 - Metrics @ T=190.00: Cells=5886, MaxR=79.62, Pheno={'G_SPECIALIST': 1945, 'L_SPECIALIST': 3941, 'SWITCHING_GL': 0}
2025-05-27 19:42:49,587 - sim.TraitDistinct_LowDistinct_W40_P0.5_Rep2.MetricsCollector - INFO - metrics:177 - Metrics @ T=191.00: Cells=5928, MaxR=79.62, Pheno={'G_SPECIALIST': 1945, 'L_SPECIALIST': 3983, 'SWITCHING_GL': 0}
2025-05-27 19:42:49,958 - sim.TraitDistinct_LowDistinct_W40_P0.5_Rep2.MetricsCollector - INFO - metrics:177 - Metrics @ T=192.00: Cells=5973, MaxR=79.62, Pheno={'G_SPECIALIST': 1945, 'L_SPECIALIST': 4028, 'SWITCHING_GL': 0}
2025-05-27 19:42:50,334 - sim.TraitDistinct_LowDistinct_W40_P0.5_Rep2.MetricsCollector - INFO - metrics:177 - Metrics @ T=193.00: Cells=6012, MaxR=79.62, Pheno={'G_SPECIALIST': 1945, 'L_SPECIALIST': 4067, 'SWITCHING_GL': 0}
2025-05-27 19:42:50,715 - sim.TraitDistinct_LowDistinct_W40_P0.5_Rep2.MetricsCollector - INFO - metrics:177 - Metrics @ T=194.00: Cells=6060, MaxR=79.73, Pheno={'G_SPECIALIST': 1945, 'L_SPECIALIST': 4115, 'SWITCHING_GL': 0}
2025-05-27 19:42:51,093 - sim.TraitDistinct_LowDistinct_W40_P0.5_Rep2.MetricsCollector - INFO - metrics:177 - Metrics @ T=195.00: Cells=6098, MaxR=79.73, Pheno={'G_SPECIALIST': 1945, 'L_SPECIALIST': 4153, 'SWITCHING_GL': 0}
2025-05-27 19:42:51,476 - sim.TraitDistinct_LowDistinct_W40_P0.5_Rep2.MetricsCollector - INFO - metrics:177 - Metrics @ T=196.00: Cells=6147, MaxR=81.07, Pheno={'G_SPECIALIST': 1946, 'L_SPECIALIST': 4201, 'SWITCHING_GL': 0}
2025-05-27 19:42:51,860 - sim.TraitDistinct_LowDistinct_W40_P0.5_Rep2.MetricsCollector - INFO - metrics:177 - Metrics @ T=197.00: Cells=6189, MaxR=81.07, Pheno={'G_SPECIALIST': 1946, 'L_SPECIALIST': 4243, 'SWITCHING_GL': 0}
2025-05-27 19:42:52,248 - sim.TraitDistinct_LowDistinct_W40_P0.5_Rep2.MetricsCollector - INFO - metrics:177 - Metrics @ T=198.00: Cells=6232, MaxR=81.07, Pheno={'G_SPECIALIST': 1946, 'L_SPECIALIST': 4286, 'SWITCHING_GL': 0}
2025-05-27 19:42:52,636 - sim.TraitDistinct_LowDistinct_W40_P0.5_Rep2.MetricsCollector - INFO - metrics:177 - Metrics @ T=199.00: Cells=6267, MaxR=81.07, Pheno={'G_SPECIALIST': 1947, 'L_SPECIALIST': 4320, 'SWITCHING_GL': 0}
2025-05-27 19:42:52,971 - sim.TraitDistinct_LowDistinct_W40_P0.5_Rep2 - INFO - simulation_engine:218 - Progress: T=200.00, Cells=6306
2025-05-27 19:42:53,039 - sim.TraitDistinct_LowDistinct_W40_P0.5_Rep2.MetricsCollector - INFO - metrics:177 - Metrics @ T=200.00: Cells=6312, MaxR=82.54, Pheno={'G_SPECIALIST': 1949, 'L_SPECIALIST': 4363, 'SWITCHING_GL': 0}
2025-05-27 19:42:53,077 - sim.TraitDistinct_LowDistinct_W40_P0.5_Rep2 - INFO - simulation_engine:238 - Sim run finished: TraitDistinct_LowDistinct_W40_P0.5_Rep2. Wall-clock: 34.841s.
2025-05-27 19:42:53,077 - sim.TraitDistinct_LowDistinct_W40_P0.5_Rep2 - INFO - simulation_engine:241 - Final state: SimTime=200.10, Steps=2001, Cells=6313.
2025-05-27 19:42:53,077 - sim.TraitDistinct_LowDistinct_W40_P0.5_Rep2.MetricsCollector - INFO - metrics:300 - Finalizing data collection and exporting results...
2025-05-27 19:42:53,078 - sim.TraitDistinct_LowDistinct_W40_P0.5_Rep2.MetricsCollector - INFO - metrics:312 - --- Simulation Summary (Log) ---
time: 199.99999999999292
total_cell_count: 6312
phenotype_counts: {'G_SPECIALIST': 1949, 'L_SPECIALIST': 4363, 'SWITCHING_GL': 0}
avg_radial_distance: 48.3502822711525
max_radial_distance: 82.54089895318563
min_radial_distance: 0.0
std_dev_radial_distance: 17.289258377687773
median_radial_distance: 51.11751167652823
frontier_lag_G_to_L: (details in files)
frontier_traits: (details in files)
overall_radial_expansion_velocity: 0.404044240728098
config_exp_name: TraitDistinct_LowDistinct_W40_P0.5_Rep2

2025-05-27 19:42:53,104 - sim.TraitDistinct_LowDistinct_W40_P0.5_Rep2.MetricsCollector - INFO - metrics:242 - Time series data exported to results\TraitDistinct_LowDistinct_W40_P0.5_Rep2\time_series_data.csv
2025-05-27 19:42:53,106 - sim.TraitDistinct_LowDistinct_W40_P0.5_Rep2.MetricsCollector - INFO - metrics:267 - Summary data exported to results\TraitDistinct_LowDistinct_W40_P0.5_Rep2\summary.json
2025-05-27 19:42:53,106 - sim.TraitDistinct_LowDistinct_W40_P0.5_Rep2.MetricsCollector - INFO - metrics:275 - No kymograph data to export.
2025-05-27 19:42:53,106 - sim.TraitDistinct_LowDistinct_W40_P0.5_Rep2.MetricsCollector - INFO - metrics:316 - All data export finalized for TraitDistinct_LowDistinct_W40_P0.5_Rep2.
2025-05-27 19:42:53,106 - sim.TraitDistinct_LowDistinct_W40_P0.5_Rep2 - INFO - simulation_engine:276 - Simulation fully complete.
