2025-05-27 19:32:27,490 - sim.ProbSweep_W40_P0.5_Rep3 - INFO - simulation_engine:37 - Initializing SimulationEngine for experiment: ProbSweep_W40_P0.5_Rep3
2025-05-27 19:32:27,491 - sim.ProbSweep_W40_P0.5_Rep3 - INFO - simulation_engine:70 - Visualization disabled.
2025-05-27 19:32:27,491 - sim.ProbSweep_W40_P0.5_Rep3 - INFO - simulation_engine:202 - Starting simulation: ProbSweep_W40_P0.5_Rep3
2025-05-27 19:32:27,491 - sim.ProbSweep_W40_P0.5_Rep3 - INFO - simulation_engine:204 - Colony initialized: 5 cells.
2025-05-27 19:32:27,492 - sim.ProbSweep_W40_P0.5_Rep3.MetricsCollector - INFO - metrics:177 - Metrics @ T=0.00: Cells=5, MaxR=1.73, Pheno={'G_SPECIALIST': 5, 'L_SPECIALIST': 0, 'SWITCHING_GL': 0}
2025-05-27 19:32:27,493 - sim.ProbSweep_W40_P0.5_Rep3.MetricsCollector - INFO - metrics:177 - Metrics @ T=1.00: Cells=7, MaxR=3.46, Pheno={'G_SPECIALIST': 7, 'L_SPECIALIST': 0, 'SWITCHING_GL': 0}
2025-05-27 19:32:27,494 - sim.ProbSweep_W40_P0.5_Rep3.MetricsCollector - INFO - metrics:177 - Metrics @ T=2.00: Cells=9, MaxR=4.58, Pheno={'G_SPECIALIST': 9, 'L_SPECIALIST': 0, 'SWITCHING_GL': 0}
2025-05-27 19:32:27,495 - sim.ProbSweep_W40_P0.5_Rep3.MetricsCollector - INFO - metrics:177 - Metrics @ T=3.00: Cells=14, MaxR=5.20, Pheno={'G_SPECIALIST': 14, 'L_SPECIALIST': 0, 'SWITCHING_GL': 0}
2025-05-27 19:32:27,497 - sim.ProbSweep_W40_P0.5_Rep3.MetricsCollector - INFO - metrics:177 - Metrics @ T=4.00: Cells=18, MaxR=6.00, Pheno={'G_SPECIALIST': 18, 'L_SPECIALIST': 0, 'SWITCHING_GL': 0}
2025-05-27 19:32:27,499 - sim.ProbSweep_W40_P0.5_Rep3.MetricsCollector - INFO - metrics:177 - Metrics @ T=5.00: Cells=23, MaxR=7.55, Pheno={'G_SPECIALIST': 23, 'L_SPECIALIST': 0, 'SWITCHING_GL': 0}
2025-05-27 19:32:27,502 - sim.ProbSweep_W40_P0.5_Rep3.MetricsCollector - INFO - metrics:177 - Metrics @ T=6.00: Cells=31, MaxR=9.64, Pheno={'G_SPECIALIST': 31, 'L_SPECIALIST': 0, 'SWITCHING_GL': 0}
2025-05-27 19:32:27,505 - sim.ProbSweep_W40_P0.5_Rep3.MetricsCollector - INFO - metrics:177 - Metrics @ T=7.00: Cells=37, MaxR=11.36, Pheno={'G_SPECIALIST': 37, 'L_SPECIALIST': 0, 'SWITCHING_GL': 0}
2025-05-27 19:32:27,507 - sim.ProbSweep_W40_P0.5_Rep3.MetricsCollector - INFO - metrics:177 - Metrics @ T=8.00: Cells=41, MaxR=11.36, Pheno={'G_SPECIALIST': 41, 'L_SPECIALIST': 0, 'SWITCHING_GL': 0}
2025-05-27 19:32:27,510 - sim.ProbSweep_W40_P0.5_Rep3.MetricsCollector - INFO - metrics:177 - Metrics @ T=9.00: Cells=45, MaxR=11.36, Pheno={'G_SPECIALIST': 45, 'L_SPECIALIST': 0, 'SWITCHING_GL': 0}
2025-05-27 19:32:27,513 - sim.ProbSweep_W40_P0.5_Rep3 - INFO - simulation_engine:218 - Progress: T=10.00, Cells=53
2025-05-27 19:32:27,514 - sim.ProbSweep_W40_P0.5_Rep3.MetricsCollector - INFO - metrics:177 - Metrics @ T=10.00: Cells=54, MaxR=11.36, Pheno={'G_SPECIALIST': 54, 'L_SPECIALIST': 0, 'SWITCHING_GL': 0}
2025-05-27 19:32:27,517 - sim.ProbSweep_W40_P0.5_Rep3.MetricsCollector - INFO - metrics:177 - Metrics @ T=11.00: Cells=58, MaxR=12.12, Pheno={'G_SPECIALIST': 58, 'L_SPECIALIST': 0, 'SWITCHING_GL': 0}
2025-05-27 19:32:27,522 - sim.ProbSweep_W40_P0.5_Rep3.MetricsCollector - INFO - metrics:177 - Metrics @ T=12.00: Cells=69, MaxR=13.08, Pheno={'G_SPECIALIST': 69, 'L_SPECIALIST': 0, 'SWITCHING_GL': 0}
2025-05-27 19:32:27,528 - sim.ProbSweep_W40_P0.5_Rep3.MetricsCollector - INFO - metrics:177 - Metrics @ T=13.00: Cells=81, MaxR=13.08, Pheno={'G_SPECIALIST': 81, 'L_SPECIALIST': 0, 'SWITCHING_GL': 0}
2025-05-27 19:32:27,534 - sim.ProbSweep_W40_P0.5_Rep3.MetricsCollector - INFO - metrics:177 - Metrics @ T=14.00: Cells=87, MaxR=13.86, Pheno={'G_SPECIALIST': 87, 'L_SPECIALIST': 0, 'SWITCHING_GL': 0}
2025-05-27 19:32:27,540 - sim.ProbSweep_W40_P0.5_Rep3.MetricsCollector - INFO - metrics:177 - Metrics @ T=15.00: Cells=98, MaxR=15.59, Pheno={'G_SPECIALIST': 98, 'L_SPECIALIST': 0, 'SWITCHING_GL': 0}
2025-05-27 19:32:27,548 - sim.ProbSweep_W40_P0.5_Rep3.MetricsCollector - INFO - metrics:177 - Metrics @ T=16.00: Cells=110, MaxR=16.52, Pheno={'G_SPECIALIST': 110, 'L_SPECIALIST': 0, 'SWITCHING_GL': 0}
2025-05-27 19:32:27,556 - sim.ProbSweep_W40_P0.5_Rep3.MetricsCollector - INFO - metrics:177 - Metrics @ T=17.00: Cells=127, MaxR=16.52, Pheno={'G_SPECIALIST': 127, 'L_SPECIALIST': 0, 'SWITCHING_GL': 0}
2025-05-27 19:32:27,565 - sim.ProbSweep_W40_P0.5_Rep3.MetricsCollector - INFO - metrics:177 - Metrics @ T=18.00: Cells=138, MaxR=16.52, Pheno={'G_SPECIALIST': 138, 'L_SPECIALIST': 0, 'SWITCHING_GL': 0}
2025-05-27 19:32:27,575 - sim.ProbSweep_W40_P0.5_Rep3.MetricsCollector - INFO - metrics:177 - Metrics @ T=19.00: Cells=149, MaxR=17.06, Pheno={'G_SPECIALIST': 149, 'L_SPECIALIST': 0, 'SWITCHING_GL': 0}
2025-05-27 19:32:27,584 - sim.ProbSweep_W40_P0.5_Rep3 - INFO - simulation_engine:218 - Progress: T=20.00, Cells=160
2025-05-27 19:32:27,585 - sim.ProbSweep_W40_P0.5_Rep3.MetricsCollector - INFO - metrics:177 - Metrics @ T=20.00: Cells=163, MaxR=17.06, Pheno={'G_SPECIALIST': 163, 'L_SPECIALIST': 0, 'SWITCHING_GL': 0}
2025-05-27 19:32:27,597 - sim.ProbSweep_W40_P0.5_Rep3.MetricsCollector - INFO - metrics:177 - Metrics @ T=21.00: Cells=181, MaxR=18.73, Pheno={'G_SPECIALIST': 181, 'L_SPECIALIST': 0, 'SWITCHING_GL': 0}
2025-05-27 19:32:27,610 - sim.ProbSweep_W40_P0.5_Rep3.MetricsCollector - INFO - metrics:177 - Metrics @ T=22.00: Cells=200, MaxR=18.73, Pheno={'G_SPECIALIST': 200, 'L_SPECIALIST': 0, 'SWITCHING_GL': 0}
2025-05-27 19:32:27,623 - sim.ProbSweep_W40_P0.5_Rep3.MetricsCollector - INFO - metrics:177 - Metrics @ T=23.00: Cells=221, MaxR=21.28, Pheno={'G_SPECIALIST': 221, 'L_SPECIALIST': 0, 'SWITCHING_GL': 0}
2025-05-27 19:32:27,640 - sim.ProbSweep_W40_P0.5_Rep3.MetricsCollector - INFO - metrics:177 - Metrics @ T=24.00: Cells=252, MaxR=21.28, Pheno={'G_SPECIALIST': 252, 'L_SPECIALIST': 0, 'SWITCHING_GL': 0}
2025-05-27 19:32:27,658 - sim.ProbSweep_W40_P0.5_Rep3.MetricsCollector - INFO - metrics:177 - Metrics @ T=25.00: Cells=280, MaxR=23.43, Pheno={'G_SPECIALIST': 280, 'L_SPECIALIST': 0, 'SWITCHING_GL': 0}
2025-05-27 19:32:27,677 - sim.ProbSweep_W40_P0.5_Rep3.MetricsCollector - INFO - metrics:177 - Metrics @ T=26.00: Cells=312, MaxR=24.25, Pheno={'G_SPECIALIST': 312, 'L_SPECIALIST': 0, 'SWITCHING_GL': 0}
2025-05-27 19:32:27,698 - sim.ProbSweep_W40_P0.5_Rep3.MetricsCollector - INFO - metrics:177 - Metrics @ T=27.00: Cells=330, MaxR=24.56, Pheno={'G_SPECIALIST': 330, 'L_SPECIALIST': 0, 'SWITCHING_GL': 0}
2025-05-27 19:32:27,720 - sim.ProbSweep_W40_P0.5_Rep3.MetricsCollector - INFO - metrics:177 - Metrics @ T=28.00: Cells=353, MaxR=25.51, Pheno={'G_SPECIALIST': 353, 'L_SPECIALIST': 0, 'SWITCHING_GL': 0}
2025-05-27 19:32:27,744 - sim.ProbSweep_W40_P0.5_Rep3.MetricsCollector - INFO - metrics:177 - Metrics @ T=29.00: Cells=381, MaxR=25.51, Pheno={'G_SPECIALIST': 381, 'L_SPECIALIST': 0, 'SWITCHING_GL': 0}
2025-05-27 19:32:27,765 - sim.ProbSweep_W40_P0.5_Rep3 - INFO - simulation_engine:218 - Progress: T=30.00, Cells=404
2025-05-27 19:32:27,770 - sim.ProbSweep_W40_P0.5_Rep3.MetricsCollector - INFO - metrics:177 - Metrics @ T=30.00: Cells=408, MaxR=25.63, Pheno={'G_SPECIALIST': 408, 'L_SPECIALIST': 0, 'SWITCHING_GL': 0}
2025-05-27 19:32:27,797 - sim.ProbSweep_W40_P0.5_Rep3.MetricsCollector - INFO - metrics:177 - Metrics @ T=31.00: Cells=432, MaxR=25.63, Pheno={'G_SPECIALIST': 432, 'L_SPECIALIST': 0, 'SWITCHING_GL': 0}
2025-05-27 19:32:27,826 - sim.ProbSweep_W40_P0.5_Rep3.MetricsCollector - INFO - metrics:177 - Metrics @ T=32.00: Cells=460, MaxR=26.15, Pheno={'G_SPECIALIST': 460, 'L_SPECIALIST': 0, 'SWITCHING_GL': 0}
2025-05-27 19:32:27,856 - sim.ProbSweep_W40_P0.5_Rep3.MetricsCollector - INFO - metrics:177 - Metrics @ T=33.00: Cells=497, MaxR=27.71, Pheno={'G_SPECIALIST': 497, 'L_SPECIALIST': 0, 'SWITCHING_GL': 0}
2025-05-27 19:32:27,889 - sim.ProbSweep_W40_P0.5_Rep3.MetricsCollector - INFO - metrics:177 - Metrics @ T=34.00: Cells=516, MaxR=27.87, Pheno={'G_SPECIALIST': 516, 'L_SPECIALIST': 0, 'SWITCHING_GL': 0}
2025-05-27 19:32:27,922 - sim.ProbSweep_W40_P0.5_Rep3.MetricsCollector - INFO - metrics:177 - Metrics @ T=35.00: Cells=546, MaxR=28.93, Pheno={'G_SPECIALIST': 546, 'L_SPECIALIST': 0, 'SWITCHING_GL': 0}
2025-05-27 19:32:27,958 - sim.ProbSweep_W40_P0.5_Rep3.MetricsCollector - INFO - metrics:177 - Metrics @ T=36.00: Cells=576, MaxR=30.05, Pheno={'G_SPECIALIST': 576, 'L_SPECIALIST': 0, 'SWITCHING_GL': 0}
2025-05-27 19:32:27,995 - sim.ProbSweep_W40_P0.5_Rep3.MetricsCollector - INFO - metrics:177 - Metrics @ T=37.00: Cells=600, MaxR=30.64, Pheno={'G_SPECIALIST': 600, 'L_SPECIALIST': 0, 'SWITCHING_GL': 0}
2025-05-27 19:32:28,035 - sim.ProbSweep_W40_P0.5_Rep3.MetricsCollector - INFO - metrics:177 - Metrics @ T=38.00: Cells=634, MaxR=31.75, Pheno={'G_SPECIALIST': 634, 'L_SPECIALIST': 0, 'SWITCHING_GL': 0}
2025-05-27 19:32:28,076 - sim.ProbSweep_W40_P0.5_Rep3.MetricsCollector - INFO - metrics:177 - Metrics @ T=39.00: Cells=675, MaxR=34.07, Pheno={'G_SPECIALIST': 675, 'L_SPECIALIST': 0, 'SWITCHING_GL': 0}
2025-05-27 19:32:28,114 - sim.ProbSweep_W40_P0.5_Rep3 - INFO - simulation_engine:218 - Progress: T=40.00, Cells=715
2025-05-27 19:32:28,121 - sim.ProbSweep_W40_P0.5_Rep3.MetricsCollector - INFO - metrics:177 - Metrics @ T=40.00: Cells=716, MaxR=35.16, Pheno={'G_SPECIALIST': 716, 'L_SPECIALIST': 0, 'SWITCHING_GL': 0}
2025-05-27 19:32:28,167 - sim.ProbSweep_W40_P0.5_Rep3.MetricsCollector - INFO - metrics:177 - Metrics @ T=41.00: Cells=745, MaxR=35.16, Pheno={'G_SPECIALIST': 745, 'L_SPECIALIST': 0, 'SWITCHING_GL': 0}
2025-05-27 19:32:28,217 - sim.ProbSweep_W40_P0.5_Rep3.MetricsCollector - INFO - metrics:177 - Metrics @ T=42.00: Cells=785, MaxR=35.16, Pheno={'G_SPECIALIST': 785, 'L_SPECIALIST': 0, 'SWITCHING_GL': 0}
2025-05-27 19:32:28,267 - sim.ProbSweep_W40_P0.5_Rep3.MetricsCollector - INFO - metrics:177 - Metrics @ T=43.00: Cells=828, MaxR=35.16, Pheno={'G_SPECIALIST': 828, 'L_SPECIALIST': 0, 'SWITCHING_GL': 0}
2025-05-27 19:32:28,321 - sim.ProbSweep_W40_P0.5_Rep3.MetricsCollector - INFO - metrics:177 - Metrics @ T=44.00: Cells=865, MaxR=36.29, Pheno={'G_SPECIALIST': 865, 'L_SPECIALIST': 0, 'SWITCHING_GL': 0}
2025-05-27 19:32:28,379 - sim.ProbSweep_W40_P0.5_Rep3.MetricsCollector - INFO - metrics:177 - Metrics @ T=45.00: Cells=911, MaxR=38.57, Pheno={'G_SPECIALIST': 911, 'L_SPECIALIST': 0, 'SWITCHING_GL': 0}
2025-05-27 19:32:28,437 - sim.ProbSweep_W40_P0.5_Rep3.MetricsCollector - INFO - metrics:177 - Metrics @ T=46.00: Cells=952, MaxR=40.29, Pheno={'G_SPECIALIST': 951, 'SWITCHING_GL': 1, 'L_SPECIALIST': 0}
2025-05-27 19:32:28,500 - sim.ProbSweep_W40_P0.5_Rep3.MetricsCollector - INFO - metrics:177 - Metrics @ T=47.00: Cells=1004, MaxR=40.29, Pheno={'G_SPECIALIST': 1003, 'SWITCHING_GL': 1, 'L_SPECIALIST': 0}
2025-05-27 19:32:28,565 - sim.ProbSweep_W40_P0.5_Rep3.MetricsCollector - INFO - metrics:177 - Metrics @ T=48.00: Cells=1058, MaxR=40.29, Pheno={'G_SPECIALIST': 1057, 'SWITCHING_GL': 1, 'L_SPECIALIST': 0}
2025-05-27 19:32:28,635 - sim.ProbSweep_W40_P0.5_Rep3.MetricsCollector - INFO - metrics:177 - Metrics @ T=49.00: Cells=1120, MaxR=40.29, Pheno={'G_SPECIALIST': 1119, 'SWITCHING_GL': 1, 'L_SPECIALIST': 0}
2025-05-27 19:32:28,696 - sim.ProbSweep_W40_P0.5_Rep3 - INFO - simulation_engine:218 - Progress: T=50.00, Cells=1164
2025-05-27 19:32:28,708 - sim.ProbSweep_W40_P0.5_Rep3.MetricsCollector - INFO - metrics:177 - Metrics @ T=50.00: Cells=1171, MaxR=40.29, Pheno={'G_SPECIALIST': 1170, 'SWITCHING_GL': 1, 'L_SPECIALIST': 0}
2025-05-27 19:32:28,786 - sim.ProbSweep_W40_P0.5_Rep3.MetricsCollector - INFO - metrics:177 - Metrics @ T=51.00: Cells=1226, MaxR=40.95, Pheno={'G_SPECIALIST': 1223, 'L_SPECIALIST': 1, 'SWITCHING_GL': 2}
2025-05-27 19:32:28,867 - sim.ProbSweep_W40_P0.5_Rep3.MetricsCollector - INFO - metrics:177 - Metrics @ T=52.00: Cells=1260, MaxR=40.95, Pheno={'G_SPECIALIST': 1257, 'L_SPECIALIST': 1, 'SWITCHING_GL': 2}
2025-05-27 19:32:28,947 - sim.ProbSweep_W40_P0.5_Rep3.MetricsCollector - INFO - metrics:177 - Metrics @ T=53.00: Cells=1309, MaxR=40.95, Pheno={'G_SPECIALIST': 1303, 'L_SPECIALIST': 1, 'SWITCHING_GL': 5}
2025-05-27 19:32:29,037 - sim.ProbSweep_W40_P0.5_Rep3.MetricsCollector - INFO - metrics:177 - Metrics @ T=54.00: Cells=1358, MaxR=42.00, Pheno={'G_SPECIALIST': 1348, 'L_SPECIALIST': 2, 'SWITCHING_GL': 8}
2025-05-27 19:32:29,130 - sim.ProbSweep_W40_P0.5_Rep3.MetricsCollector - INFO - metrics:177 - Metrics @ T=55.00: Cells=1408, MaxR=42.00, Pheno={'G_SPECIALIST': 1397, 'L_SPECIALIST': 2, 'SWITCHING_GL': 9}
2025-05-27 19:32:29,228 - sim.ProbSweep_W40_P0.5_Rep3.MetricsCollector - INFO - metrics:177 - Metrics @ T=56.00: Cells=1462, MaxR=42.00, Pheno={'G_SPECIALIST': 1446, 'L_SPECIALIST': 4, 'SWITCHING_GL': 12}
2025-05-27 19:32:29,325 - sim.ProbSweep_W40_P0.5_Rep3.MetricsCollector - INFO - metrics:177 - Metrics @ T=57.00: Cells=1520, MaxR=42.57, Pheno={'G_SPECIALIST': 1501, 'L_SPECIALIST': 5, 'SWITCHING_GL': 14}
2025-05-27 19:32:29,422 - sim.ProbSweep_W40_P0.5_Rep3.MetricsCollector - INFO - metrics:177 - Metrics @ T=58.00: Cells=1563, MaxR=43.09, Pheno={'G_SPECIALIST': 1539, 'L_SPECIALIST': 7, 'SWITCHING_GL': 17}
2025-05-27 19:32:29,521 - sim.ProbSweep_W40_P0.5_Rep3.MetricsCollector - INFO - metrics:177 - Metrics @ T=59.00: Cells=1599, MaxR=43.71, Pheno={'G_SPECIALIST': 1567, 'L_SPECIALIST': 10, 'SWITCHING_GL': 22}
2025-05-27 19:32:29,607 - sim.ProbSweep_W40_P0.5_Rep3 - INFO - simulation_engine:218 - Progress: T=60.00, Cells=1651
2025-05-27 19:32:29,625 - sim.ProbSweep_W40_P0.5_Rep3.MetricsCollector - INFO - metrics:177 - Metrics @ T=60.00: Cells=1659, MaxR=43.92, Pheno={'G_SPECIALIST': 1622, 'L_SPECIALIST': 12, 'SWITCHING_GL': 25}
2025-05-27 19:32:29,733 - sim.ProbSweep_W40_P0.5_Rep3.MetricsCollector - INFO - metrics:177 - Metrics @ T=61.00: Cells=1717, MaxR=43.92, Pheno={'G_SPECIALIST': 1674, 'L_SPECIALIST': 16, 'SWITCHING_GL': 27}
2025-05-27 19:32:29,846 - sim.ProbSweep_W40_P0.5_Rep3.MetricsCollector - INFO - metrics:177 - Metrics @ T=62.00: Cells=1747, MaxR=43.92, Pheno={'G_SPECIALIST': 1698, 'L_SPECIALIST': 16, 'SWITCHING_GL': 33}
2025-05-27 19:32:29,956 - sim.ProbSweep_W40_P0.5_Rep3.MetricsCollector - INFO - metrics:177 - Metrics @ T=63.00: Cells=1786, MaxR=43.92, Pheno={'G_SPECIALIST': 1729, 'L_SPECIALIST': 18, 'SWITCHING_GL': 39}
2025-05-27 19:32:30,075 - sim.ProbSweep_W40_P0.5_Rep3.MetricsCollector - INFO - metrics:177 - Metrics @ T=64.00: Cells=1833, MaxR=44.23, Pheno={'G_SPECIALIST': 1764, 'L_SPECIALIST': 21, 'SWITCHING_GL': 48}
2025-05-27 19:32:30,191 - sim.ProbSweep_W40_P0.5_Rep3.MetricsCollector - INFO - metrics:177 - Metrics @ T=65.00: Cells=1871, MaxR=44.23, Pheno={'G_SPECIALIST': 1792, 'L_SPECIALIST': 24, 'SWITCHING_GL': 55}
2025-05-27 19:32:30,308 - sim.ProbSweep_W40_P0.5_Rep3.MetricsCollector - INFO - metrics:177 - Metrics @ T=66.00: Cells=1895, MaxR=44.23, Pheno={'G_SPECIALIST': 1807, 'L_SPECIALIST': 31, 'SWITCHING_GL': 57}
2025-05-27 19:32:30,428 - sim.ProbSweep_W40_P0.5_Rep3.MetricsCollector - INFO - metrics:177 - Metrics @ T=67.00: Cells=1925, MaxR=44.23, Pheno={'G_SPECIALIST': 1827, 'L_SPECIALIST': 35, 'SWITCHING_GL': 63}
2025-05-27 19:32:30,551 - sim.ProbSweep_W40_P0.5_Rep3.MetricsCollector - INFO - metrics:177 - Metrics @ T=68.00: Cells=1948, MaxR=44.23, Pheno={'G_SPECIALIST': 1842, 'L_SPECIALIST': 42, 'SWITCHING_GL': 64}
2025-05-27 19:32:30,675 - sim.ProbSweep_W40_P0.5_Rep3.MetricsCollector - INFO - metrics:177 - Metrics @ T=69.00: Cells=1984, MaxR=44.23, Pheno={'G_SPECIALIST': 1865, 'L_SPECIALIST': 53, 'SWITCHING_GL': 66}
2025-05-27 19:32:30,779 - sim.ProbSweep_W40_P0.5_Rep3 - INFO - simulation_engine:218 - Progress: T=70.00, Cells=2008
2025-05-27 19:32:30,801 - sim.ProbSweep_W40_P0.5_Rep3.MetricsCollector - INFO - metrics:177 - Metrics @ T=70.00: Cells=2010, MaxR=44.23, Pheno={'G_SPECIALIST': 1874, 'L_SPECIALIST': 64, 'SWITCHING_GL': 72}
2025-05-27 19:32:30,926 - sim.ProbSweep_W40_P0.5_Rep3.MetricsCollector - INFO - metrics:177 - Metrics @ T=71.00: Cells=2024, MaxR=44.23, Pheno={'G_SPECIALIST': 1882, 'L_SPECIALIST': 67, 'SWITCHING_GL': 75}
2025-05-27 19:32:31,055 - sim.ProbSweep_W40_P0.5_Rep3.MetricsCollector - INFO - metrics:177 - Metrics @ T=72.00: Cells=2045, MaxR=44.23, Pheno={'G_SPECIALIST': 1894, 'L_SPECIALIST': 73, 'SWITCHING_GL': 78}
2025-05-27 19:32:31,184 - sim.ProbSweep_W40_P0.5_Rep3.MetricsCollector - INFO - metrics:177 - Metrics @ T=73.00: Cells=2066, MaxR=45.40, Pheno={'G_SPECIALIST': 1903, 'L_SPECIALIST': 83, 'SWITCHING_GL': 80}
2025-05-27 19:32:31,313 - sim.ProbSweep_W40_P0.5_Rep3.MetricsCollector - INFO - metrics:177 - Metrics @ T=74.00: Cells=2083, MaxR=45.40, Pheno={'G_SPECIALIST': 1911, 'L_SPECIALIST': 92, 'SWITCHING_GL': 80}
2025-05-27 19:32:31,444 - sim.ProbSweep_W40_P0.5_Rep3.MetricsCollector - INFO - metrics:177 - Metrics @ T=75.00: Cells=2106, MaxR=45.92, Pheno={'G_SPECIALIST': 1921, 'L_SPECIALIST': 110, 'SWITCHING_GL': 75}
2025-05-27 19:32:31,577 - sim.ProbSweep_W40_P0.5_Rep3.MetricsCollector - INFO - metrics:177 - Metrics @ T=76.00: Cells=2125, MaxR=46.57, Pheno={'G_SPECIALIST': 1928, 'L_SPECIALIST': 118, 'SWITCHING_GL': 79}
2025-05-27 19:32:31,707 - sim.ProbSweep_W40_P0.5_Rep3.MetricsCollector - INFO - metrics:177 - Metrics @ T=77.00: Cells=2135, MaxR=46.57, Pheno={'G_SPECIALIST': 1930, 'L_SPECIALIST': 130, 'SWITCHING_GL': 75}
2025-05-27 19:32:31,839 - sim.ProbSweep_W40_P0.5_Rep3.MetricsCollector - INFO - metrics:177 - Metrics @ T=78.00: Cells=2156, MaxR=46.70, Pheno={'G_SPECIALIST': 1937, 'L_SPECIALIST': 147, 'SWITCHING_GL': 72}
2025-05-27 19:32:31,973 - sim.ProbSweep_W40_P0.5_Rep3.MetricsCollector - INFO - metrics:177 - Metrics @ T=79.00: Cells=2174, MaxR=48.28, Pheno={'G_SPECIALIST': 1938, 'L_SPECIALIST': 164, 'SWITCHING_GL': 72}
2025-05-27 19:32:32,087 - sim.ProbSweep_W40_P0.5_Rep3 - INFO - simulation_engine:218 - Progress: T=80.00, Cells=2192
2025-05-27 19:32:32,111 - sim.ProbSweep_W40_P0.5_Rep3.MetricsCollector - INFO - metrics:177 - Metrics @ T=80.00: Cells=2197, MaxR=48.28, Pheno={'G_SPECIALIST': 1941, 'L_SPECIALIST': 190, 'SWITCHING_GL': 66}
2025-05-27 19:32:32,249 - sim.ProbSweep_W40_P0.5_Rep3.MetricsCollector - INFO - metrics:177 - Metrics @ T=81.00: Cells=2216, MaxR=48.28, Pheno={'G_SPECIALIST': 1942, 'L_SPECIALIST': 210, 'SWITCHING_GL': 64}
2025-05-27 19:32:32,388 - sim.ProbSweep_W40_P0.5_Rep3.MetricsCollector - INFO - metrics:177 - Metrics @ T=82.00: Cells=2236, MaxR=48.77, Pheno={'G_SPECIALIST': 1943, 'L_SPECIALIST': 228, 'SWITCHING_GL': 65}
2025-05-27 19:32:32,528 - sim.ProbSweep_W40_P0.5_Rep3.MetricsCollector - INFO - metrics:177 - Metrics @ T=83.00: Cells=2260, MaxR=49.87, Pheno={'G_SPECIALIST': 1945, 'L_SPECIALIST': 253, 'SWITCHING_GL': 62}
2025-05-27 19:32:32,670 - sim.ProbSweep_W40_P0.5_Rep3.MetricsCollector - INFO - metrics:177 - Metrics @ T=84.00: Cells=2281, MaxR=49.87, Pheno={'G_SPECIALIST': 1945, 'L_SPECIALIST': 280, 'SWITCHING_GL': 56}
2025-05-27 19:32:32,811 - sim.ProbSweep_W40_P0.5_Rep3.MetricsCollector - INFO - metrics:177 - Metrics @ T=85.00: Cells=2302, MaxR=50.11, Pheno={'G_SPECIALIST': 1945, 'L_SPECIALIST': 302, 'SWITCHING_GL': 55}
2025-05-27 19:32:32,955 - sim.ProbSweep_W40_P0.5_Rep3.MetricsCollector - INFO - metrics:177 - Metrics @ T=86.00: Cells=2320, MaxR=50.11, Pheno={'G_SPECIALIST': 1945, 'L_SPECIALIST': 325, 'SWITCHING_GL': 50}
2025-05-27 19:32:33,103 - sim.ProbSweep_W40_P0.5_Rep3.MetricsCollector - INFO - metrics:177 - Metrics @ T=87.00: Cells=2350, MaxR=50.11, Pheno={'G_SPECIALIST': 1945, 'L_SPECIALIST': 358, 'SWITCHING_GL': 47}
2025-05-27 19:32:33,250 - sim.ProbSweep_W40_P0.5_Rep3.MetricsCollector - INFO - metrics:177 - Metrics @ T=88.00: Cells=2367, MaxR=50.11, Pheno={'G_SPECIALIST': 1945, 'L_SPECIALIST': 382, 'SWITCHING_GL': 40}
2025-05-27 19:32:33,397 - sim.ProbSweep_W40_P0.5_Rep3.MetricsCollector - INFO - metrics:177 - Metrics @ T=89.00: Cells=2387, MaxR=51.26, Pheno={'G_SPECIALIST': 1945, 'L_SPECIALIST': 403, 'SWITCHING_GL': 39}
2025-05-27 19:32:33,525 - sim.ProbSweep_W40_P0.5_Rep3 - INFO - simulation_engine:218 - Progress: T=90.00, Cells=2409
2025-05-27 19:32:33,551 - sim.ProbSweep_W40_P0.5_Rep3.MetricsCollector - INFO - metrics:177 - Metrics @ T=90.00: Cells=2416, MaxR=51.47, Pheno={'G_SPECIALIST': 1945, 'L_SPECIALIST': 436, 'SWITCHING_GL': 35}
2025-05-27 19:32:33,704 - sim.ProbSweep_W40_P0.5_Rep3.MetricsCollector - INFO - metrics:177 - Metrics @ T=91.00: Cells=2429, MaxR=51.47, Pheno={'G_SPECIALIST': 1945, 'L_SPECIALIST': 455, 'SWITCHING_GL': 29}
2025-05-27 19:32:33,856 - sim.ProbSweep_W40_P0.5_Rep3.MetricsCollector - INFO - metrics:177 - Metrics @ T=92.00: Cells=2445, MaxR=51.47, Pheno={'G_SPECIALIST': 1945, 'L_SPECIALIST': 477, 'SWITCHING_GL': 23}
2025-05-27 19:32:34,019 - sim.ProbSweep_W40_P0.5_Rep3.MetricsCollector - INFO - metrics:177 - Metrics @ T=93.00: Cells=2468, MaxR=51.47, Pheno={'G_SPECIALIST': 1945, 'L_SPECIALIST': 503, 'SWITCHING_GL': 20}
2025-05-27 19:32:34,184 - sim.ProbSweep_W40_P0.5_Rep3.MetricsCollector - INFO - metrics:177 - Metrics @ T=94.00: Cells=2495, MaxR=52.51, Pheno={'G_SPECIALIST': 1945, 'L_SPECIALIST': 531, 'SWITCHING_GL': 19}
2025-05-27 19:32:34,342 - sim.ProbSweep_W40_P0.5_Rep3.MetricsCollector - INFO - metrics:177 - Metrics @ T=95.00: Cells=2522, MaxR=52.51, Pheno={'G_SPECIALIST': 1945, 'L_SPECIALIST': 563, 'SWITCHING_GL': 14}
2025-05-27 19:32:34,503 - sim.ProbSweep_W40_P0.5_Rep3.MetricsCollector - INFO - metrics:177 - Metrics @ T=96.00: Cells=2549, MaxR=52.56, Pheno={'G_SPECIALIST': 1945, 'L_SPECIALIST': 590, 'SWITCHING_GL': 14}
2025-05-27 19:32:34,662 - sim.ProbSweep_W40_P0.5_Rep3.MetricsCollector - INFO - metrics:177 - Metrics @ T=97.00: Cells=2575, MaxR=52.56, Pheno={'G_SPECIALIST': 1945, 'L_SPECIALIST': 619, 'SWITCHING_GL': 11}
2025-05-27 19:32:34,823 - sim.ProbSweep_W40_P0.5_Rep3.MetricsCollector - INFO - metrics:177 - Metrics @ T=98.00: Cells=2605, MaxR=55.56, Pheno={'G_SPECIALIST': 1945, 'L_SPECIALIST': 649, 'SWITCHING_GL': 11}
2025-05-27 19:32:34,985 - sim.ProbSweep_W40_P0.5_Rep3.MetricsCollector - INFO - metrics:177 - Metrics @ T=99.00: Cells=2633, MaxR=55.56, Pheno={'G_SPECIALIST': 1945, 'L_SPECIALIST': 679, 'SWITCHING_GL': 9}
2025-05-27 19:32:35,124 - sim.ProbSweep_W40_P0.5_Rep3 - INFO - simulation_engine:218 - Progress: T=100.00, Cells=2654
2025-05-27 19:32:35,151 - sim.ProbSweep_W40_P0.5_Rep3.MetricsCollector - INFO - metrics:177 - Metrics @ T=100.00: Cells=2659, MaxR=55.56, Pheno={'G_SPECIALIST': 1945, 'L_SPECIALIST': 707, 'SWITCHING_GL': 7}
2025-05-27 19:32:35,315 - sim.ProbSweep_W40_P0.5_Rep3.MetricsCollector - INFO - metrics:177 - Metrics @ T=101.00: Cells=2683, MaxR=55.56, Pheno={'G_SPECIALIST': 1945, 'L_SPECIALIST': 731, 'SWITCHING_GL': 7}
2025-05-27 19:32:35,482 - sim.ProbSweep_W40_P0.5_Rep3.MetricsCollector - INFO - metrics:177 - Metrics @ T=102.00: Cells=2707, MaxR=55.56, Pheno={'G_SPECIALIST': 1945, 'L_SPECIALIST': 755, 'SWITCHING_GL': 7}
2025-05-27 19:32:35,651 - sim.ProbSweep_W40_P0.5_Rep3.MetricsCollector - INFO - metrics:177 - Metrics @ T=103.00: Cells=2729, MaxR=55.56, Pheno={'G_SPECIALIST': 1945, 'L_SPECIALIST': 780, 'SWITCHING_GL': 4}
2025-05-27 19:32:35,821 - sim.ProbSweep_W40_P0.5_Rep3.MetricsCollector - INFO - metrics:177 - Metrics @ T=104.00: Cells=2755, MaxR=55.56, Pheno={'G_SPECIALIST': 1945, 'L_SPECIALIST': 806, 'SWITCHING_GL': 4}
2025-05-27 19:32:35,993 - sim.ProbSweep_W40_P0.5_Rep3.MetricsCollector - INFO - metrics:177 - Metrics @ T=105.00: Cells=2780, MaxR=55.56, Pheno={'G_SPECIALIST': 1945, 'L_SPECIALIST': 832, 'SWITCHING_GL': 3}
2025-05-27 19:32:36,166 - sim.ProbSweep_W40_P0.5_Rep3.MetricsCollector - INFO - metrics:177 - Metrics @ T=106.00: Cells=2806, MaxR=55.67, Pheno={'G_SPECIALIST': 1945, 'L_SPECIALIST': 860, 'SWITCHING_GL': 1}
2025-05-27 19:32:36,342 - sim.ProbSweep_W40_P0.5_Rep3.MetricsCollector - INFO - metrics:177 - Metrics @ T=107.00: Cells=2837, MaxR=55.67, Pheno={'G_SPECIALIST': 1945, 'L_SPECIALIST': 892, 'SWITCHING_GL': 0}
2025-05-27 19:32:36,520 - sim.ProbSweep_W40_P0.5_Rep3.MetricsCollector - INFO - metrics:177 - Metrics @ T=108.00: Cells=2869, MaxR=55.67, Pheno={'G_SPECIALIST': 1945, 'L_SPECIALIST': 924, 'SWITCHING_GL': 0}
2025-05-27 19:32:36,699 - sim.ProbSweep_W40_P0.5_Rep3.MetricsCollector - INFO - metrics:177 - Metrics @ T=109.00: Cells=2894, MaxR=57.03, Pheno={'G_SPECIALIST': 1945, 'L_SPECIALIST': 949, 'SWITCHING_GL': 0}
2025-05-27 19:32:36,849 - sim.ProbSweep_W40_P0.5_Rep3 - INFO - simulation_engine:218 - Progress: T=110.00, Cells=2914
2025-05-27 19:32:36,879 - sim.ProbSweep_W40_P0.5_Rep3.MetricsCollector - INFO - metrics:177 - Metrics @ T=110.00: Cells=2917, MaxR=57.03, Pheno={'G_SPECIALIST': 1945, 'L_SPECIALIST': 972, 'SWITCHING_GL': 0}
2025-05-27 19:32:37,061 - sim.ProbSweep_W40_P0.5_Rep3.MetricsCollector - INFO - metrics:177 - Metrics @ T=111.00: Cells=2944, MaxR=57.03, Pheno={'G_SPECIALIST': 1945, 'L_SPECIALIST': 999, 'SWITCHING_GL': 0}
2025-05-27 19:32:37,243 - sim.ProbSweep_W40_P0.5_Rep3.MetricsCollector - INFO - metrics:177 - Metrics @ T=112.00: Cells=2975, MaxR=57.03, Pheno={'G_SPECIALIST': 1945, 'L_SPECIALIST': 1030, 'SWITCHING_GL': 0}
2025-05-27 19:32:37,431 - sim.ProbSweep_W40_P0.5_Rep3.MetricsCollector - INFO - metrics:177 - Metrics @ T=113.00: Cells=2995, MaxR=57.03, Pheno={'G_SPECIALIST': 1945, 'L_SPECIALIST': 1050, 'SWITCHING_GL': 0}
2025-05-27 19:32:37,618 - sim.ProbSweep_W40_P0.5_Rep3.MetricsCollector - INFO - metrics:177 - Metrics @ T=114.00: Cells=3023, MaxR=57.03, Pheno={'G_SPECIALIST': 1945, 'L_SPECIALIST': 1078, 'SWITCHING_GL': 0}
2025-05-27 19:32:37,807 - sim.ProbSweep_W40_P0.5_Rep3.MetricsCollector - INFO - metrics:177 - Metrics @ T=115.00: Cells=3052, MaxR=57.03, Pheno={'G_SPECIALIST': 1945, 'L_SPECIALIST': 1107, 'SWITCHING_GL': 0}
2025-05-27 19:32:38,000 - sim.ProbSweep_W40_P0.5_Rep3.MetricsCollector - INFO - metrics:177 - Metrics @ T=116.00: Cells=3084, MaxR=57.24, Pheno={'G_SPECIALIST': 1945, 'L_SPECIALIST': 1139, 'SWITCHING_GL': 0}
2025-05-27 19:32:38,190 - sim.ProbSweep_W40_P0.5_Rep3.MetricsCollector - INFO - metrics:177 - Metrics @ T=117.00: Cells=3116, MaxR=57.24, Pheno={'G_SPECIALIST': 1945, 'L_SPECIALIST': 1171, 'SWITCHING_GL': 0}
2025-05-27 19:32:38,383 - sim.ProbSweep_W40_P0.5_Rep3.MetricsCollector - INFO - metrics:177 - Metrics @ T=118.00: Cells=3148, MaxR=57.94, Pheno={'G_SPECIALIST': 1945, 'L_SPECIALIST': 1203, 'SWITCHING_GL': 0}
2025-05-27 19:32:38,582 - sim.ProbSweep_W40_P0.5_Rep3.MetricsCollector - INFO - metrics:177 - Metrics @ T=119.00: Cells=3177, MaxR=57.94, Pheno={'G_SPECIALIST': 1945, 'L_SPECIALIST': 1232, 'SWITCHING_GL': 0}
2025-05-27 19:32:38,770 - sim.ProbSweep_W40_P0.5_Rep3 - INFO - simulation_engine:218 - Progress: T=120.00, Cells=3200
2025-05-27 19:32:38,803 - sim.ProbSweep_W40_P0.5_Rep3.MetricsCollector - INFO - metrics:177 - Metrics @ T=120.00: Cells=3200, MaxR=58.51, Pheno={'G_SPECIALIST': 1945, 'L_SPECIALIST': 1255, 'SWITCHING_GL': 0}
2025-05-27 19:32:39,004 - sim.ProbSweep_W40_P0.5_Rep3.MetricsCollector - INFO - metrics:177 - Metrics @ T=121.00: Cells=3231, MaxR=58.51, Pheno={'G_SPECIALIST': 1945, 'L_SPECIALIST': 1286, 'SWITCHING_GL': 0}
2025-05-27 19:32:39,205 - sim.ProbSweep_W40_P0.5_Rep3.MetricsCollector - INFO - metrics:177 - Metrics @ T=122.00: Cells=3257, MaxR=59.02, Pheno={'G_SPECIALIST': 1945, 'L_SPECIALIST': 1312, 'SWITCHING_GL': 0}
2025-05-27 19:32:39,408 - sim.ProbSweep_W40_P0.5_Rep3.MetricsCollector - INFO - metrics:177 - Metrics @ T=123.00: Cells=3292, MaxR=59.02, Pheno={'G_SPECIALIST': 1945, 'L_SPECIALIST': 1347, 'SWITCHING_GL': 0}
2025-05-27 19:32:39,616 - sim.ProbSweep_W40_P0.5_Rep3.MetricsCollector - INFO - metrics:177 - Metrics @ T=124.00: Cells=3334, MaxR=59.02, Pheno={'G_SPECIALIST': 1945, 'L_SPECIALIST': 1389, 'SWITCHING_GL': 0}
2025-05-27 19:32:39,824 - sim.ProbSweep_W40_P0.5_Rep3.MetricsCollector - INFO - metrics:177 - Metrics @ T=125.00: Cells=3362, MaxR=59.19, Pheno={'G_SPECIALIST': 1945, 'L_SPECIALIST': 1417, 'SWITCHING_GL': 0}
2025-05-27 19:32:40,039 - sim.ProbSweep_W40_P0.5_Rep3.MetricsCollector - INFO - metrics:177 - Metrics @ T=126.00: Cells=3390, MaxR=59.19, Pheno={'G_SPECIALIST': 1945, 'L_SPECIALIST': 1445, 'SWITCHING_GL': 0}
2025-05-27 19:32:40,252 - sim.ProbSweep_W40_P0.5_Rep3.MetricsCollector - INFO - metrics:177 - Metrics @ T=127.00: Cells=3419, MaxR=59.19, Pheno={'G_SPECIALIST': 1945, 'L_SPECIALIST': 1474, 'SWITCHING_GL': 0}
2025-05-27 19:32:40,465 - sim.ProbSweep_W40_P0.5_Rep3.MetricsCollector - INFO - metrics:177 - Metrics @ T=128.00: Cells=3450, MaxR=59.19, Pheno={'G_SPECIALIST': 1945, 'L_SPECIALIST': 1505, 'SWITCHING_GL': 0}
2025-05-27 19:32:40,684 - sim.ProbSweep_W40_P0.5_Rep3.MetricsCollector - INFO - metrics:177 - Metrics @ T=129.00: Cells=3478, MaxR=59.19, Pheno={'G_SPECIALIST': 1945, 'L_SPECIALIST': 1533, 'SWITCHING_GL': 0}
2025-05-27 19:32:40,865 - sim.ProbSweep_W40_P0.5_Rep3 - INFO - simulation_engine:218 - Progress: T=130.00, Cells=3506
2025-05-27 19:32:40,902 - sim.ProbSweep_W40_P0.5_Rep3.MetricsCollector - INFO - metrics:177 - Metrics @ T=130.00: Cells=3512, MaxR=60.22, Pheno={'G_SPECIALIST': 1945, 'L_SPECIALIST': 1567, 'SWITCHING_GL': 0}
2025-05-27 19:32:41,121 - sim.ProbSweep_W40_P0.5_Rep3.MetricsCollector - INFO - metrics:177 - Metrics @ T=131.00: Cells=3548, MaxR=60.22, Pheno={'G_SPECIALIST': 1945, 'L_SPECIALIST': 1603, 'SWITCHING_GL': 0}
2025-05-27 19:32:41,341 - sim.ProbSweep_W40_P0.5_Rep3.MetricsCollector - INFO - metrics:177 - Metrics @ T=132.00: Cells=3581, MaxR=61.65, Pheno={'G_SPECIALIST': 1945, 'L_SPECIALIST': 1636, 'SWITCHING_GL': 0}
2025-05-27 19:32:41,569 - sim.ProbSweep_W40_P0.5_Rep3.MetricsCollector - INFO - metrics:177 - Metrics @ T=133.00: Cells=3615, MaxR=61.65, Pheno={'G_SPECIALIST': 1945, 'L_SPECIALIST': 1670, 'SWITCHING_GL': 0}
2025-05-27 19:32:41,795 - sim.ProbSweep_W40_P0.5_Rep3.MetricsCollector - INFO - metrics:177 - Metrics @ T=134.00: Cells=3647, MaxR=61.80, Pheno={'G_SPECIALIST': 1945, 'L_SPECIALIST': 1702, 'SWITCHING_GL': 0}
2025-05-27 19:32:42,024 - sim.ProbSweep_W40_P0.5_Rep3.MetricsCollector - INFO - metrics:177 - Metrics @ T=135.00: Cells=3675, MaxR=61.80, Pheno={'G_SPECIALIST': 1945, 'L_SPECIALIST': 1730, 'SWITCHING_GL': 0}
2025-05-27 19:32:42,256 - sim.ProbSweep_W40_P0.5_Rep3.MetricsCollector - INFO - metrics:177 - Metrics @ T=136.00: Cells=3722, MaxR=61.80, Pheno={'G_SPECIALIST': 1945, 'L_SPECIALIST': 1777, 'SWITCHING_GL': 0}
2025-05-27 19:32:42,490 - sim.ProbSweep_W40_P0.5_Rep3.MetricsCollector - INFO - metrics:177 - Metrics @ T=137.00: Cells=3748, MaxR=61.80, Pheno={'G_SPECIALIST': 1945, 'L_SPECIALIST': 1803, 'SWITCHING_GL': 0}
2025-05-27 19:32:42,728 - sim.ProbSweep_W40_P0.5_Rep3.MetricsCollector - INFO - metrics:177 - Metrics @ T=138.00: Cells=3788, MaxR=61.80, Pheno={'G_SPECIALIST': 1945, 'L_SPECIALIST': 1843, 'SWITCHING_GL': 0}
2025-05-27 19:32:42,967 - sim.ProbSweep_W40_P0.5_Rep3.MetricsCollector - INFO - metrics:177 - Metrics @ T=139.00: Cells=3822, MaxR=61.80, Pheno={'G_SPECIALIST': 1945, 'L_SPECIALIST': 1877, 'SWITCHING_GL': 0}
2025-05-27 19:32:43,165 - sim.ProbSweep_W40_P0.5_Rep3 - INFO - simulation_engine:218 - Progress: T=140.00, Cells=3850
2025-05-27 19:32:43,205 - sim.ProbSweep_W40_P0.5_Rep3.MetricsCollector - INFO - metrics:177 - Metrics @ T=140.00: Cells=3850, MaxR=63.10, Pheno={'G_SPECIALIST': 1945, 'L_SPECIALIST': 1905, 'SWITCHING_GL': 0}
2025-05-27 19:32:43,446 - sim.ProbSweep_W40_P0.5_Rep3.MetricsCollector - INFO - metrics:177 - Metrics @ T=141.00: Cells=3890, MaxR=63.10, Pheno={'G_SPECIALIST': 1945, 'L_SPECIALIST': 1945, 'SWITCHING_GL': 0}
2025-05-27 19:32:43,692 - sim.ProbSweep_W40_P0.5_Rep3.MetricsCollector - INFO - metrics:177 - Metrics @ T=142.00: Cells=3926, MaxR=63.10, Pheno={'G_SPECIALIST': 1945, 'L_SPECIALIST': 1981, 'SWITCHING_GL': 0}
2025-05-27 19:32:43,941 - sim.ProbSweep_W40_P0.5_Rep3.MetricsCollector - INFO - metrics:177 - Metrics @ T=143.00: Cells=3976, MaxR=63.38, Pheno={'G_SPECIALIST': 1945, 'L_SPECIALIST': 2031, 'SWITCHING_GL': 0}
2025-05-27 19:32:44,195 - sim.ProbSweep_W40_P0.5_Rep3.MetricsCollector - INFO - metrics:177 - Metrics @ T=144.00: Cells=4003, MaxR=63.38, Pheno={'G_SPECIALIST': 1945, 'L_SPECIALIST': 2058, 'SWITCHING_GL': 0}
2025-05-27 19:32:44,450 - sim.ProbSweep_W40_P0.5_Rep3.MetricsCollector - INFO - metrics:177 - Metrics @ T=145.00: Cells=4036, MaxR=63.38, Pheno={'G_SPECIALIST': 1945, 'L_SPECIALIST': 2091, 'SWITCHING_GL': 0}
2025-05-27 19:32:44,725 - sim.ProbSweep_W40_P0.5_Rep3.MetricsCollector - INFO - metrics:177 - Metrics @ T=146.00: Cells=4073, MaxR=63.38, Pheno={'G_SPECIALIST': 1945, 'L_SPECIALIST': 2128, 'SWITCHING_GL': 0}
2025-05-27 19:32:44,978 - sim.ProbSweep_W40_P0.5_Rep3.MetricsCollector - INFO - metrics:177 - Metrics @ T=147.00: Cells=4120, MaxR=64.16, Pheno={'G_SPECIALIST': 1945, 'L_SPECIALIST': 2175, 'SWITCHING_GL': 0}
2025-05-27 19:32:45,240 - sim.ProbSweep_W40_P0.5_Rep3.MetricsCollector - INFO - metrics:177 - Metrics @ T=148.00: Cells=4153, MaxR=64.51, Pheno={'G_SPECIALIST': 1945, 'L_SPECIALIST': 2208, 'SWITCHING_GL': 0}
2025-05-27 19:32:45,500 - sim.ProbSweep_W40_P0.5_Rep3.MetricsCollector - INFO - metrics:177 - Metrics @ T=149.00: Cells=4187, MaxR=64.55, Pheno={'G_SPECIALIST': 1945, 'L_SPECIALIST': 2242, 'SWITCHING_GL': 0}
2025-05-27 19:32:45,718 - sim.ProbSweep_W40_P0.5_Rep3 - INFO - simulation_engine:218 - Progress: T=150.00, Cells=4220
2025-05-27 19:32:45,763 - sim.ProbSweep_W40_P0.5_Rep3.MetricsCollector - INFO - metrics:177 - Metrics @ T=150.00: Cells=4222, MaxR=64.55, Pheno={'G_SPECIALIST': 1945, 'L_SPECIALIST': 2277, 'SWITCHING_GL': 0}
2025-05-27 19:32:46,029 - sim.ProbSweep_W40_P0.5_Rep3.MetricsCollector - INFO - metrics:177 - Metrics @ T=151.00: Cells=4262, MaxR=64.97, Pheno={'G_SPECIALIST': 1945, 'L_SPECIALIST': 2317, 'SWITCHING_GL': 0}
2025-05-27 19:32:46,298 - sim.ProbSweep_W40_P0.5_Rep3.MetricsCollector - INFO - metrics:177 - Metrics @ T=152.00: Cells=4289, MaxR=65.89, Pheno={'G_SPECIALIST': 1945, 'L_SPECIALIST': 2344, 'SWITCHING_GL': 0}
2025-05-27 19:32:46,570 - sim.ProbSweep_W40_P0.5_Rep3.MetricsCollector - INFO - metrics:177 - Metrics @ T=153.00: Cells=4320, MaxR=65.89, Pheno={'G_SPECIALIST': 1945, 'L_SPECIALIST': 2375, 'SWITCHING_GL': 0}
2025-05-27 19:32:46,841 - sim.ProbSweep_W40_P0.5_Rep3.MetricsCollector - INFO - metrics:177 - Metrics @ T=154.00: Cells=4345, MaxR=65.89, Pheno={'G_SPECIALIST': 1945, 'L_SPECIALIST': 2400, 'SWITCHING_GL': 0}
2025-05-27 19:32:47,115 - sim.ProbSweep_W40_P0.5_Rep3.MetricsCollector - INFO - metrics:177 - Metrics @ T=155.00: Cells=4383, MaxR=65.89, Pheno={'G_SPECIALIST': 1945, 'L_SPECIALIST': 2438, 'SWITCHING_GL': 0}
2025-05-27 19:32:47,390 - sim.ProbSweep_W40_P0.5_Rep3.MetricsCollector - INFO - metrics:177 - Metrics @ T=156.00: Cells=4414, MaxR=65.89, Pheno={'G_SPECIALIST': 1945, 'L_SPECIALIST': 2469, 'SWITCHING_GL': 0}
2025-05-27 19:32:47,670 - sim.ProbSweep_W40_P0.5_Rep3.MetricsCollector - INFO - metrics:177 - Metrics @ T=157.00: Cells=4449, MaxR=67.51, Pheno={'G_SPECIALIST': 1945, 'L_SPECIALIST': 2504, 'SWITCHING_GL': 0}
2025-05-27 19:32:47,949 - sim.ProbSweep_W40_P0.5_Rep3.MetricsCollector - INFO - metrics:177 - Metrics @ T=158.00: Cells=4475, MaxR=67.51, Pheno={'G_SPECIALIST': 1945, 'L_SPECIALIST': 2530, 'SWITCHING_GL': 0}
2025-05-27 19:32:48,229 - sim.ProbSweep_W40_P0.5_Rep3.MetricsCollector - INFO - metrics:177 - Metrics @ T=159.00: Cells=4507, MaxR=67.64, Pheno={'G_SPECIALIST': 1945, 'L_SPECIALIST': 2562, 'SWITCHING_GL': 0}
2025-05-27 19:32:48,462 - sim.ProbSweep_W40_P0.5_Rep3 - INFO - simulation_engine:218 - Progress: T=160.00, Cells=4532
2025-05-27 19:32:48,509 - sim.ProbSweep_W40_P0.5_Rep3.MetricsCollector - INFO - metrics:177 - Metrics @ T=160.00: Cells=4535, MaxR=67.64, Pheno={'G_SPECIALIST': 1945, 'L_SPECIALIST': 2590, 'SWITCHING_GL': 0}
2025-05-27 19:32:48,792 - sim.ProbSweep_W40_P0.5_Rep3.MetricsCollector - INFO - metrics:177 - Metrics @ T=161.00: Cells=4582, MaxR=69.22, Pheno={'G_SPECIALIST': 1945, 'L_SPECIALIST': 2637, 'SWITCHING_GL': 0}
2025-05-27 19:32:49,078 - sim.ProbSweep_W40_P0.5_Rep3.MetricsCollector - INFO - metrics:177 - Metrics @ T=162.00: Cells=4627, MaxR=69.22, Pheno={'G_SPECIALIST': 1945, 'L_SPECIALIST': 2682, 'SWITCHING_GL': 0}
2025-05-27 19:32:49,370 - sim.ProbSweep_W40_P0.5_Rep3.MetricsCollector - INFO - metrics:177 - Metrics @ T=163.00: Cells=4674, MaxR=69.22, Pheno={'G_SPECIALIST': 1945, 'L_SPECIALIST': 2729, 'SWITCHING_GL': 0}
2025-05-27 19:32:49,671 - sim.ProbSweep_W40_P0.5_Rep3.MetricsCollector - INFO - metrics:177 - Metrics @ T=164.00: Cells=4711, MaxR=69.22, Pheno={'G_SPECIALIST': 1945, 'L_SPECIALIST': 2766, 'SWITCHING_GL': 0}
2025-05-27 19:32:49,968 - sim.ProbSweep_W40_P0.5_Rep3.MetricsCollector - INFO - metrics:177 - Metrics @ T=165.00: Cells=4755, MaxR=69.28, Pheno={'G_SPECIALIST': 1945, 'L_SPECIALIST': 2810, 'SWITCHING_GL': 0}
2025-05-27 19:32:50,264 - sim.ProbSweep_W40_P0.5_Rep3.MetricsCollector - INFO - metrics:177 - Metrics @ T=166.00: Cells=4796, MaxR=71.01, Pheno={'G_SPECIALIST': 1945, 'L_SPECIALIST': 2851, 'SWITCHING_GL': 0}
2025-05-27 19:32:50,563 - sim.ProbSweep_W40_P0.5_Rep3.MetricsCollector - INFO - metrics:177 - Metrics @ T=167.00: Cells=4833, MaxR=71.01, Pheno={'G_SPECIALIST': 1945, 'L_SPECIALIST': 2888, 'SWITCHING_GL': 0}
2025-05-27 19:32:50,882 - sim.ProbSweep_W40_P0.5_Rep3.MetricsCollector - INFO - metrics:177 - Metrics @ T=168.00: Cells=4870, MaxR=71.01, Pheno={'G_SPECIALIST': 1945, 'L_SPECIALIST': 2925, 'SWITCHING_GL': 0}
2025-05-27 19:32:51,199 - sim.ProbSweep_W40_P0.5_Rep3.MetricsCollector - INFO - metrics:177 - Metrics @ T=169.00: Cells=4905, MaxR=71.01, Pheno={'G_SPECIALIST': 1945, 'L_SPECIALIST': 2960, 'SWITCHING_GL': 0}
2025-05-27 19:32:51,457 - sim.ProbSweep_W40_P0.5_Rep3 - INFO - simulation_engine:218 - Progress: T=170.00, Cells=4936
2025-05-27 19:32:51,508 - sim.ProbSweep_W40_P0.5_Rep3.MetricsCollector - INFO - metrics:177 - Metrics @ T=170.00: Cells=4939, MaxR=71.44, Pheno={'G_SPECIALIST': 1945, 'L_SPECIALIST': 2994, 'SWITCHING_GL': 0}
2025-05-27 19:32:51,819 - sim.ProbSweep_W40_P0.5_Rep3.MetricsCollector - INFO - metrics:177 - Metrics @ T=171.00: Cells=4985, MaxR=71.44, Pheno={'G_SPECIALIST': 1945, 'L_SPECIALIST': 3040, 'SWITCHING_GL': 0}
2025-05-27 19:32:52,133 - sim.ProbSweep_W40_P0.5_Rep3.MetricsCollector - INFO - metrics:177 - Metrics @ T=172.00: Cells=5020, MaxR=72.02, Pheno={'G_SPECIALIST': 1945, 'L_SPECIALIST': 3075, 'SWITCHING_GL': 0}
2025-05-27 19:32:52,446 - sim.ProbSweep_W40_P0.5_Rep3.MetricsCollector - INFO - metrics:177 - Metrics @ T=173.00: Cells=5058, MaxR=72.02, Pheno={'G_SPECIALIST': 1945, 'L_SPECIALIST': 3113, 'SWITCHING_GL': 0}
2025-05-27 19:32:52,770 - sim.ProbSweep_W40_P0.5_Rep3.MetricsCollector - INFO - metrics:177 - Metrics @ T=174.00: Cells=5104, MaxR=72.02, Pheno={'G_SPECIALIST': 1945, 'L_SPECIALIST': 3159, 'SWITCHING_GL': 0}
2025-05-27 19:32:53,088 - sim.ProbSweep_W40_P0.5_Rep3.MetricsCollector - INFO - metrics:177 - Metrics @ T=175.00: Cells=5141, MaxR=73.73, Pheno={'G_SPECIALIST': 1945, 'L_SPECIALIST': 3196, 'SWITCHING_GL': 0}
2025-05-27 19:32:53,410 - sim.ProbSweep_W40_P0.5_Rep3.MetricsCollector - INFO - metrics:177 - Metrics @ T=176.00: Cells=5181, MaxR=73.73, Pheno={'G_SPECIALIST': 1945, 'L_SPECIALIST': 3236, 'SWITCHING_GL': 0}
2025-05-27 19:32:53,733 - sim.ProbSweep_W40_P0.5_Rep3.MetricsCollector - INFO - metrics:177 - Metrics @ T=177.00: Cells=5219, MaxR=73.73, Pheno={'G_SPECIALIST': 1945, 'L_SPECIALIST': 3274, 'SWITCHING_GL': 0}
2025-05-27 19:32:54,060 - sim.ProbSweep_W40_P0.5_Rep3.MetricsCollector - INFO - metrics:177 - Metrics @ T=178.00: Cells=5255, MaxR=75.44, Pheno={'G_SPECIALIST': 1945, 'L_SPECIALIST': 3310, 'SWITCHING_GL': 0}
2025-05-27 19:32:54,388 - sim.ProbSweep_W40_P0.5_Rep3.MetricsCollector - INFO - metrics:177 - Metrics @ T=179.00: Cells=5296, MaxR=76.07, Pheno={'G_SPECIALIST': 1945, 'L_SPECIALIST': 3351, 'SWITCHING_GL': 0}
2025-05-27 19:32:54,663 - sim.ProbSweep_W40_P0.5_Rep3 - INFO - simulation_engine:218 - Progress: T=180.00, Cells=5322
2025-05-27 19:32:54,717 - sim.ProbSweep_W40_P0.5_Rep3.MetricsCollector - INFO - metrics:177 - Metrics @ T=180.00: Cells=5328, MaxR=77.79, Pheno={'G_SPECIALIST': 1945, 'L_SPECIALIST': 3383, 'SWITCHING_GL': 0}
2025-05-27 19:32:55,047 - sim.ProbSweep_W40_P0.5_Rep3.MetricsCollector - INFO - metrics:177 - Metrics @ T=181.00: Cells=5372, MaxR=77.79, Pheno={'G_SPECIALIST': 1945, 'L_SPECIALIST': 3427, 'SWITCHING_GL': 0}
2025-05-27 19:32:55,383 - sim.ProbSweep_W40_P0.5_Rep3.MetricsCollector - INFO - metrics:177 - Metrics @ T=182.00: Cells=5418, MaxR=78.25, Pheno={'G_SPECIALIST': 1945, 'L_SPECIALIST': 3473, 'SWITCHING_GL': 0}
2025-05-27 19:32:55,721 - sim.ProbSweep_W40_P0.5_Rep3.MetricsCollector - INFO - metrics:177 - Metrics @ T=183.00: Cells=5454, MaxR=78.25, Pheno={'G_SPECIALIST': 1945, 'L_SPECIALIST': 3509, 'SWITCHING_GL': 0}
2025-05-27 19:32:56,061 - sim.ProbSweep_W40_P0.5_Rep3.MetricsCollector - INFO - metrics:177 - Metrics @ T=184.00: Cells=5488, MaxR=78.25, Pheno={'G_SPECIALIST': 1945, 'L_SPECIALIST': 3543, 'SWITCHING_GL': 0}
2025-05-27 19:32:56,404 - sim.ProbSweep_W40_P0.5_Rep3.MetricsCollector - INFO - metrics:177 - Metrics @ T=185.00: Cells=5525, MaxR=79.37, Pheno={'G_SPECIALIST': 1945, 'L_SPECIALIST': 3580, 'SWITCHING_GL': 0}
2025-05-27 19:32:56,747 - sim.ProbSweep_W40_P0.5_Rep3.MetricsCollector - INFO - metrics:177 - Metrics @ T=186.00: Cells=5573, MaxR=79.37, Pheno={'G_SPECIALIST': 1945, 'L_SPECIALIST': 3628, 'SWITCHING_GL': 0}
2025-05-27 19:32:57,097 - sim.ProbSweep_W40_P0.5_Rep3.MetricsCollector - INFO - metrics:177 - Metrics @ T=187.00: Cells=5609, MaxR=79.37, Pheno={'G_SPECIALIST': 1945, 'L_SPECIALIST': 3664, 'SWITCHING_GL': 0}
2025-05-27 19:32:57,449 - sim.ProbSweep_W40_P0.5_Rep3.MetricsCollector - INFO - metrics:177 - Metrics @ T=188.00: Cells=5650, MaxR=79.37, Pheno={'G_SPECIALIST': 1945, 'L_SPECIALIST': 3705, 'SWITCHING_GL': 0}
2025-05-27 19:32:57,799 - sim.ProbSweep_W40_P0.5_Rep3.MetricsCollector - INFO - metrics:177 - Metrics @ T=189.00: Cells=5676, MaxR=79.37, Pheno={'G_SPECIALIST': 1945, 'L_SPECIALIST': 3731, 'SWITCHING_GL': 0}
2025-05-27 19:32:58,101 - sim.ProbSweep_W40_P0.5_Rep3 - INFO - simulation_engine:218 - Progress: T=190.00, Cells=5706
2025-05-27 19:32:58,160 - sim.ProbSweep_W40_P0.5_Rep3.MetricsCollector - INFO - metrics:177 - Metrics @ T=190.00: Cells=5712, MaxR=79.37, Pheno={'G_SPECIALIST': 1945, 'L_SPECIALIST': 3767, 'SWITCHING_GL': 0}
2025-05-27 19:32:58,516 - sim.ProbSweep_W40_P0.5_Rep3.MetricsCollector - INFO - metrics:177 - Metrics @ T=191.00: Cells=5754, MaxR=79.37, Pheno={'G_SPECIALIST': 1945, 'L_SPECIALIST': 3809, 'SWITCHING_GL': 0}
2025-05-27 19:32:58,874 - sim.ProbSweep_W40_P0.5_Rep3.MetricsCollector - INFO - metrics:177 - Metrics @ T=192.00: Cells=5787, MaxR=81.22, Pheno={'G_SPECIALIST': 1946, 'L_SPECIALIST': 3841, 'SWITCHING_GL': 0}
2025-05-27 19:32:59,235 - sim.ProbSweep_W40_P0.5_Rep3.MetricsCollector - INFO - metrics:177 - Metrics @ T=193.00: Cells=5835, MaxR=81.22, Pheno={'G_SPECIALIST': 1947, 'L_SPECIALIST': 3888, 'SWITCHING_GL': 0}
2025-05-27 19:32:59,605 - sim.ProbSweep_W40_P0.5_Rep3.MetricsCollector - INFO - metrics:177 - Metrics @ T=194.00: Cells=5876, MaxR=81.22, Pheno={'G_SPECIALIST': 1948, 'L_SPECIALIST': 3928, 'SWITCHING_GL': 0}
2025-05-27 19:32:59,986 - sim.ProbSweep_W40_P0.5_Rep3.MetricsCollector - INFO - metrics:177 - Metrics @ T=195.00: Cells=5914, MaxR=81.22, Pheno={'G_SPECIALIST': 1948, 'L_SPECIALIST': 3966, 'SWITCHING_GL': 0}
2025-05-27 19:33:00,359 - sim.ProbSweep_W40_P0.5_Rep3.MetricsCollector - INFO - metrics:177 - Metrics @ T=196.00: Cells=5956, MaxR=81.66, Pheno={'G_SPECIALIST': 1949, 'L_SPECIALIST': 4007, 'SWITCHING_GL': 0}
2025-05-27 19:33:00,734 - sim.ProbSweep_W40_P0.5_Rep3.MetricsCollector - INFO - metrics:177 - Metrics @ T=197.00: Cells=5998, MaxR=81.66, Pheno={'G_SPECIALIST': 1949, 'L_SPECIALIST': 4049, 'SWITCHING_GL': 0}
2025-05-27 19:33:01,107 - sim.ProbSweep_W40_P0.5_Rep3.MetricsCollector - INFO - metrics:177 - Metrics @ T=198.00: Cells=6041, MaxR=82.78, Pheno={'G_SPECIALIST': 1951, 'L_SPECIALIST': 4090, 'SWITCHING_GL': 0}
2025-05-27 19:33:01,481 - sim.ProbSweep_W40_P0.5_Rep3.MetricsCollector - INFO - metrics:177 - Metrics @ T=199.00: Cells=6081, MaxR=83.37, Pheno={'G_SPECIALIST': 1952, 'L_SPECIALIST': 4129, 'SWITCHING_GL': 0}
2025-05-27 19:33:01,801 - sim.ProbSweep_W40_P0.5_Rep3 - INFO - simulation_engine:218 - Progress: T=200.00, Cells=6113
2025-05-27 19:33:01,871 - sim.ProbSweep_W40_P0.5_Rep3.MetricsCollector - INFO - metrics:177 - Metrics @ T=200.00: Cells=6114, MaxR=84.55, Pheno={'G_SPECIALIST': 1955, 'L_SPECIALIST': 4159, 'SWITCHING_GL': 0}
2025-05-27 19:33:01,906 - sim.ProbSweep_W40_P0.5_Rep3 - INFO - simulation_engine:238 - Sim run finished: ProbSweep_W40_P0.5_Rep3. Wall-clock: 34.414s.
2025-05-27 19:33:01,906 - sim.ProbSweep_W40_P0.5_Rep3 - INFO - simulation_engine:241 - Final state: SimTime=200.10, Steps=2001, Cells=6119.
2025-05-27 19:33:01,906 - sim.ProbSweep_W40_P0.5_Rep3.MetricsCollector - INFO - metrics:300 - Finalizing data collection and exporting results...
2025-05-27 19:33:01,906 - sim.ProbSweep_W40_P0.5_Rep3.MetricsCollector - INFO - metrics:312 - --- Simulation Summary (Log) ---
time: 199.99999999999292
total_cell_count: 6114
phenotype_counts: {'G_SPECIALIST': 1955, 'L_SPECIALIST': 4159, 'SWITCHING_GL': 0}
avg_radial_distance: 47.5929768398215
max_radial_distance: 84.55175929571188
min_radial_distance: 0.0
std_dev_radial_distance: 17.02759458956401
median_radial_distance: 50.31898250163649
frontier_lag_G_to_L: (details in files)
frontier_traits: (details in files)
overall_radial_expansion_velocity: 0.41409854244072963
config_exp_name: ProbSweep_W40_P0.5_Rep3

2025-05-27 19:33:01,929 - sim.ProbSweep_W40_P0.5_Rep3.MetricsCollector - INFO - metrics:242 - Time series data exported to results\ProbSweep_W40_P0.5_Rep3\time_series_data.csv
2025-05-27 19:33:01,930 - sim.ProbSweep_W40_P0.5_Rep3.MetricsCollector - INFO - metrics:267 - Summary data exported to results\ProbSweep_W40_P0.5_Rep3\summary.json
2025-05-27 19:33:01,930 - sim.ProbSweep_W40_P0.5_Rep3.MetricsCollector - INFO - metrics:275 - No kymograph data to export.
2025-05-27 19:33:01,930 - sim.ProbSweep_W40_P0.5_Rep3.MetricsCollector - INFO - metrics:316 - All data export finalized for ProbSweep_W40_P0.5_Rep3.
2025-05-27 19:33:01,930 - sim.ProbSweep_W40_P0.5_Rep3 - INFO - simulation_engine:276 - Simulation fully complete.
