2025-05-27 19:01:22,269 - sim.BetHedging0.5_W80_Rep3 - INFO - simulation_engine:37 - Initializing SimulationEngine for experiment: BetHedging0.5_W80_Rep3
2025-05-27 19:01:22,271 - sim.BetHedging0.5_W80_Rep3 - INFO - simulation_engine:70 - Visualization disabled.
2025-05-27 19:01:22,271 - sim.BetHedging0.5_W80_Rep3 - INFO - simulation_engine:202 - Starting simulation: BetHedging0.5_W80_Rep3
2025-05-27 19:01:22,272 - sim.BetHedging0.5_W80_Rep3 - INFO - simulation_engine:204 - Colony initialized: 5 cells.
2025-05-27 19:01:22,272 - sim.BetHedging0.5_W80_Rep3.MetricsCollector - INFO - metrics:177 - Metrics @ T=0.00: Cells=5, MaxR=1.73, Pheno={'G_SPECIALIST': 5, 'L_SPECIALIST': 0, 'SWITCHING_GL': 0}
2025-05-27 19:01:22,274 - sim.BetHedging0.5_W80_Rep3.MetricsCollector - INFO - metrics:177 - Metrics @ T=1.00: Cells=9, MaxR=3.46, Pheno={'G_SPECIALIST': 9, 'L_SPECIALIST': 0, 'SWITCHING_GL': 0}
2025-05-27 19:01:22,284 - sim.BetHedging0.5_W80_Rep3.MetricsCollector - INFO - metrics:177 - Metrics @ T=2.00: Cells=16, MaxR=6.00, Pheno={'G_SPECIALIST': 16, 'L_SPECIALIST': 0, 'SWITCHING_GL': 0}
2025-05-27 19:01:22,285 - sim.BetHedging0.5_W80_Rep3.MetricsCollector - INFO - metrics:177 - Metrics @ T=3.00: Cells=18, MaxR=6.00, Pheno={'G_SPECIALIST': 18, 'L_SPECIALIST': 0, 'SWITCHING_GL': 0}
2025-05-27 19:01:22,287 - sim.BetHedging0.5_W80_Rep3.MetricsCollector - INFO - metrics:177 - Metrics @ T=4.00: Cells=23, MaxR=6.24, Pheno={'G_SPECIALIST': 23, 'L_SPECIALIST': 0, 'SWITCHING_GL': 0}
2025-05-27 19:01:22,290 - sim.BetHedging0.5_W80_Rep3.MetricsCollector - INFO - metrics:177 - Metrics @ T=5.00: Cells=32, MaxR=7.55, Pheno={'G_SPECIALIST': 32, 'L_SPECIALIST': 0, 'SWITCHING_GL': 0}
2025-05-27 19:01:22,292 - sim.BetHedging0.5_W80_Rep3.MetricsCollector - INFO - metrics:177 - Metrics @ T=6.00: Cells=34, MaxR=7.55, Pheno={'G_SPECIALIST': 34, 'L_SPECIALIST': 0, 'SWITCHING_GL': 0}
2025-05-27 19:01:22,296 - sim.BetHedging0.5_W80_Rep3.MetricsCollector - INFO - metrics:177 - Metrics @ T=7.00: Cells=36, MaxR=7.55, Pheno={'G_SPECIALIST': 36, 'L_SPECIALIST': 0, 'SWITCHING_GL': 0}
2025-05-27 19:01:22,300 - sim.BetHedging0.5_W80_Rep3.MetricsCollector - INFO - metrics:177 - Metrics @ T=8.00: Cells=45, MaxR=9.00, Pheno={'G_SPECIALIST': 45, 'L_SPECIALIST': 0, 'SWITCHING_GL': 0}
2025-05-27 19:01:22,304 - sim.BetHedging0.5_W80_Rep3.MetricsCollector - INFO - metrics:177 - Metrics @ T=9.00: Cells=53, MaxR=9.64, Pheno={'G_SPECIALIST': 53, 'L_SPECIALIST': 0, 'SWITCHING_GL': 0}
2025-05-27 19:01:22,308 - sim.BetHedging0.5_W80_Rep3 - INFO - simulation_engine:218 - Progress: T=10.00, Cells=64
2025-05-27 19:01:22,309 - sim.BetHedging0.5_W80_Rep3.MetricsCollector - INFO - metrics:177 - Metrics @ T=10.00: Cells=64, MaxR=9.64, Pheno={'G_SPECIALIST': 64, 'L_SPECIALIST': 0, 'SWITCHING_GL': 0}
2025-05-27 19:01:22,316 - sim.BetHedging0.5_W80_Rep3.MetricsCollector - INFO - metrics:177 - Metrics @ T=11.00: Cells=81, MaxR=11.36, Pheno={'G_SPECIALIST': 81, 'L_SPECIALIST': 0, 'SWITCHING_GL': 0}
2025-05-27 19:01:22,322 - sim.BetHedging0.5_W80_Rep3.MetricsCollector - INFO - metrics:177 - Metrics @ T=12.00: Cells=95, MaxR=12.49, Pheno={'G_SPECIALIST': 95, 'L_SPECIALIST': 0, 'SWITCHING_GL': 0}
2025-05-27 19:01:22,331 - sim.BetHedging0.5_W80_Rep3.MetricsCollector - INFO - metrics:177 - Metrics @ T=13.00: Cells=108, MaxR=14.18, Pheno={'G_SPECIALIST': 108, 'L_SPECIALIST': 0, 'SWITCHING_GL': 0}
2025-05-27 19:01:22,340 - sim.BetHedging0.5_W80_Rep3.MetricsCollector - INFO - metrics:177 - Metrics @ T=14.00: Cells=123, MaxR=14.18, Pheno={'G_SPECIALIST': 123, 'L_SPECIALIST': 0, 'SWITCHING_GL': 0}
2025-05-27 19:01:22,350 - sim.BetHedging0.5_W80_Rep3.MetricsCollector - INFO - metrics:177 - Metrics @ T=15.00: Cells=134, MaxR=15.39, Pheno={'G_SPECIALIST': 134, 'L_SPECIALIST': 0, 'SWITCHING_GL': 0}
2025-05-27 19:01:22,361 - sim.BetHedging0.5_W80_Rep3.MetricsCollector - INFO - metrics:177 - Metrics @ T=16.00: Cells=152, MaxR=17.06, Pheno={'G_SPECIALIST': 152, 'L_SPECIALIST': 0, 'SWITCHING_GL': 0}
2025-05-27 19:01:22,373 - sim.BetHedging0.5_W80_Rep3.MetricsCollector - INFO - metrics:177 - Metrics @ T=17.00: Cells=173, MaxR=17.58, Pheno={'G_SPECIALIST': 173, 'L_SPECIALIST': 0, 'SWITCHING_GL': 0}
2025-05-27 19:01:22,388 - sim.BetHedging0.5_W80_Rep3.MetricsCollector - INFO - metrics:177 - Metrics @ T=18.00: Cells=199, MaxR=19.29, Pheno={'G_SPECIALIST': 199, 'L_SPECIALIST': 0, 'SWITCHING_GL': 0}
2025-05-27 19:01:22,404 - sim.BetHedging0.5_W80_Rep3.MetricsCollector - INFO - metrics:177 - Metrics @ T=19.00: Cells=230, MaxR=19.29, Pheno={'G_SPECIALIST': 230, 'L_SPECIALIST': 0, 'SWITCHING_GL': 0}
2025-05-27 19:01:22,420 - sim.BetHedging0.5_W80_Rep3 - INFO - simulation_engine:218 - Progress: T=20.00, Cells=256
2025-05-27 19:01:22,423 - sim.BetHedging0.5_W80_Rep3.MetricsCollector - INFO - metrics:177 - Metrics @ T=20.00: Cells=262, MaxR=22.11, Pheno={'G_SPECIALIST': 262, 'L_SPECIALIST': 0, 'SWITCHING_GL': 0}
2025-05-27 19:01:22,443 - sim.BetHedging0.5_W80_Rep3.MetricsCollector - INFO - metrics:177 - Metrics @ T=21.00: Cells=281, MaxR=22.11, Pheno={'G_SPECIALIST': 281, 'L_SPECIALIST': 0, 'SWITCHING_GL': 0}
2025-05-27 19:01:22,464 - sim.BetHedging0.5_W80_Rep3.MetricsCollector - INFO - metrics:177 - Metrics @ T=22.00: Cells=314, MaxR=22.11, Pheno={'G_SPECIALIST': 314, 'L_SPECIALIST': 0, 'SWITCHING_GL': 0}
2025-05-27 19:01:22,488 - sim.BetHedging0.5_W80_Rep3.MetricsCollector - INFO - metrics:177 - Metrics @ T=23.00: Cells=338, MaxR=22.11, Pheno={'G_SPECIALIST': 338, 'L_SPECIALIST': 0, 'SWITCHING_GL': 0}
2025-05-27 19:01:22,514 - sim.BetHedging0.5_W80_Rep3.MetricsCollector - INFO - metrics:177 - Metrics @ T=24.00: Cells=362, MaxR=22.91, Pheno={'G_SPECIALIST': 362, 'L_SPECIALIST': 0, 'SWITCHING_GL': 0}
2025-05-27 19:01:22,541 - sim.BetHedging0.5_W80_Rep3.MetricsCollector - INFO - metrics:177 - Metrics @ T=25.00: Cells=386, MaxR=23.43, Pheno={'G_SPECIALIST': 386, 'L_SPECIALIST': 0, 'SWITCHING_GL': 0}
2025-05-27 19:01:22,569 - sim.BetHedging0.5_W80_Rep3.MetricsCollector - INFO - metrics:177 - Metrics @ T=26.00: Cells=414, MaxR=24.56, Pheno={'G_SPECIALIST': 414, 'L_SPECIALIST': 0, 'SWITCHING_GL': 0}
2025-05-27 19:01:22,600 - sim.BetHedging0.5_W80_Rep3.MetricsCollector - INFO - metrics:177 - Metrics @ T=27.00: Cells=443, MaxR=26.21, Pheno={'G_SPECIALIST': 443, 'L_SPECIALIST': 0, 'SWITCHING_GL': 0}
2025-05-27 19:01:22,633 - sim.BetHedging0.5_W80_Rep3.MetricsCollector - INFO - metrics:177 - Metrics @ T=28.00: Cells=468, MaxR=27.87, Pheno={'G_SPECIALIST': 468, 'L_SPECIALIST': 0, 'SWITCHING_GL': 0}
2025-05-27 19:01:22,669 - sim.BetHedging0.5_W80_Rep3.MetricsCollector - INFO - metrics:177 - Metrics @ T=29.00: Cells=491, MaxR=27.87, Pheno={'G_SPECIALIST': 491, 'L_SPECIALIST': 0, 'SWITCHING_GL': 0}
2025-05-27 19:01:22,699 - sim.BetHedging0.5_W80_Rep3 - INFO - simulation_engine:218 - Progress: T=30.00, Cells=517
2025-05-27 19:01:22,706 - sim.BetHedging0.5_W80_Rep3.MetricsCollector - INFO - metrics:177 - Metrics @ T=30.00: Cells=521, MaxR=27.87, Pheno={'G_SPECIALIST': 521, 'L_SPECIALIST': 0, 'SWITCHING_GL': 0}
2025-05-27 19:01:22,743 - sim.BetHedging0.5_W80_Rep3.MetricsCollector - INFO - metrics:177 - Metrics @ T=31.00: Cells=538, MaxR=28.35, Pheno={'G_SPECIALIST': 538, 'L_SPECIALIST': 0, 'SWITCHING_GL': 0}
2025-05-27 19:01:22,783 - sim.BetHedging0.5_W80_Rep3.MetricsCollector - INFO - metrics:177 - Metrics @ T=32.00: Cells=569, MaxR=29.14, Pheno={'G_SPECIALIST': 569, 'L_SPECIALIST': 0, 'SWITCHING_GL': 0}
2025-05-27 19:01:22,825 - sim.BetHedging0.5_W80_Rep3.MetricsCollector - INFO - metrics:177 - Metrics @ T=33.00: Cells=603, MaxR=29.14, Pheno={'G_SPECIALIST': 603, 'L_SPECIALIST': 0, 'SWITCHING_GL': 0}
2025-05-27 19:01:22,873 - sim.BetHedging0.5_W80_Rep3.MetricsCollector - INFO - metrics:177 - Metrics @ T=34.00: Cells=649, MaxR=31.61, Pheno={'G_SPECIALIST': 649, 'L_SPECIALIST': 0, 'SWITCHING_GL': 0}
2025-05-27 19:01:22,925 - sim.BetHedging0.5_W80_Rep3.MetricsCollector - INFO - metrics:177 - Metrics @ T=35.00: Cells=686, MaxR=33.41, Pheno={'G_SPECIALIST': 686, 'L_SPECIALIST': 0, 'SWITCHING_GL': 0}
2025-05-27 19:01:22,975 - sim.BetHedging0.5_W80_Rep3.MetricsCollector - INFO - metrics:177 - Metrics @ T=36.00: Cells=713, MaxR=33.72, Pheno={'G_SPECIALIST': 713, 'L_SPECIALIST': 0, 'SWITCHING_GL': 0}
2025-05-27 19:01:23,032 - sim.BetHedging0.5_W80_Rep3.MetricsCollector - INFO - metrics:177 - Metrics @ T=37.00: Cells=744, MaxR=34.60, Pheno={'G_SPECIALIST': 744, 'L_SPECIALIST': 0, 'SWITCHING_GL': 0}
2025-05-27 19:01:23,088 - sim.BetHedging0.5_W80_Rep3.MetricsCollector - INFO - metrics:177 - Metrics @ T=38.00: Cells=787, MaxR=36.17, Pheno={'G_SPECIALIST': 787, 'L_SPECIALIST': 0, 'SWITCHING_GL': 0}
2025-05-27 19:01:23,151 - sim.BetHedging0.5_W80_Rep3.MetricsCollector - INFO - metrics:177 - Metrics @ T=39.00: Cells=820, MaxR=36.17, Pheno={'G_SPECIALIST': 820, 'L_SPECIALIST': 0, 'SWITCHING_GL': 0}
2025-05-27 19:01:23,206 - sim.BetHedging0.5_W80_Rep3 - INFO - simulation_engine:218 - Progress: T=40.00, Cells=858
2025-05-27 19:01:23,217 - sim.BetHedging0.5_W80_Rep3.MetricsCollector - INFO - metrics:177 - Metrics @ T=40.00: Cells=861, MaxR=36.17, Pheno={'G_SPECIALIST': 861, 'L_SPECIALIST': 0, 'SWITCHING_GL': 0}
2025-05-27 19:01:23,288 - sim.BetHedging0.5_W80_Rep3.MetricsCollector - INFO - metrics:177 - Metrics @ T=41.00: Cells=904, MaxR=36.17, Pheno={'G_SPECIALIST': 904, 'L_SPECIALIST': 0, 'SWITCHING_GL': 0}
2025-05-27 19:01:23,352 - sim.BetHedging0.5_W80_Rep3.MetricsCollector - INFO - metrics:177 - Metrics @ T=42.00: Cells=956, MaxR=36.37, Pheno={'G_SPECIALIST': 956, 'L_SPECIALIST': 0, 'SWITCHING_GL': 0}
2025-05-27 19:01:23,423 - sim.BetHedging0.5_W80_Rep3.MetricsCollector - INFO - metrics:177 - Metrics @ T=43.00: Cells=1000, MaxR=36.37, Pheno={'G_SPECIALIST': 1000, 'L_SPECIALIST': 0, 'SWITCHING_GL': 0}
2025-05-27 19:01:23,496 - sim.BetHedging0.5_W80_Rep3.MetricsCollector - INFO - metrics:177 - Metrics @ T=44.00: Cells=1037, MaxR=37.47, Pheno={'G_SPECIALIST': 1037, 'L_SPECIALIST': 0, 'SWITCHING_GL': 0}
2025-05-27 19:01:23,570 - sim.BetHedging0.5_W80_Rep3.MetricsCollector - INFO - metrics:177 - Metrics @ T=45.00: Cells=1082, MaxR=37.75, Pheno={'G_SPECIALIST': 1082, 'L_SPECIALIST': 0, 'SWITCHING_GL': 0}
2025-05-27 19:01:23,648 - sim.BetHedging0.5_W80_Rep3.MetricsCollector - INFO - metrics:177 - Metrics @ T=46.00: Cells=1126, MaxR=37.75, Pheno={'G_SPECIALIST': 1126, 'L_SPECIALIST': 0, 'SWITCHING_GL': 0}
2025-05-27 19:01:23,729 - sim.BetHedging0.5_W80_Rep3.MetricsCollector - INFO - metrics:177 - Metrics @ T=47.00: Cells=1165, MaxR=39.00, Pheno={'G_SPECIALIST': 1165, 'L_SPECIALIST': 0, 'SWITCHING_GL': 0}
2025-05-27 19:01:23,815 - sim.BetHedging0.5_W80_Rep3.MetricsCollector - INFO - metrics:177 - Metrics @ T=48.00: Cells=1215, MaxR=39.23, Pheno={'G_SPECIALIST': 1215, 'L_SPECIALIST': 0, 'SWITCHING_GL': 0}
2025-05-27 19:01:23,903 - sim.BetHedging0.5_W80_Rep3.MetricsCollector - INFO - metrics:177 - Metrics @ T=49.00: Cells=1245, MaxR=40.73, Pheno={'G_SPECIALIST': 1244, 'SWITCHING_GL': 1, 'L_SPECIALIST': 0}
2025-05-27 19:01:23,980 - sim.BetHedging0.5_W80_Rep3 - INFO - simulation_engine:218 - Progress: T=50.00, Cells=1295
2025-05-27 19:01:23,996 - sim.BetHedging0.5_W80_Rep3.MetricsCollector - INFO - metrics:177 - Metrics @ T=50.00: Cells=1300, MaxR=40.73, Pheno={'G_SPECIALIST': 1298, 'SWITCHING_GL': 2, 'L_SPECIALIST': 0}
2025-05-27 19:01:24,090 - sim.BetHedging0.5_W80_Rep3.MetricsCollector - INFO - metrics:177 - Metrics @ T=51.00: Cells=1344, MaxR=41.57, Pheno={'G_SPECIALIST': 1341, 'SWITCHING_GL': 3, 'L_SPECIALIST': 0}
2025-05-27 19:01:24,191 - sim.BetHedging0.5_W80_Rep3.MetricsCollector - INFO - metrics:177 - Metrics @ T=52.00: Cells=1406, MaxR=41.57, Pheno={'G_SPECIALIST': 1400, 'SWITCHING_GL': 6, 'L_SPECIALIST': 0}
2025-05-27 19:01:24,291 - sim.BetHedging0.5_W80_Rep3.MetricsCollector - INFO - metrics:177 - Metrics @ T=53.00: Cells=1452, MaxR=41.57, Pheno={'G_SPECIALIST': 1442, 'SWITCHING_GL': 10, 'L_SPECIALIST': 0}
2025-05-27 19:01:24,396 - sim.BetHedging0.5_W80_Rep3.MetricsCollector - INFO - metrics:177 - Metrics @ T=54.00: Cells=1500, MaxR=41.61, Pheno={'G_SPECIALIST': 1482, 'L_SPECIALIST': 1, 'SWITCHING_GL': 17}
2025-05-27 19:01:24,503 - sim.BetHedging0.5_W80_Rep3.MetricsCollector - INFO - metrics:177 - Metrics @ T=55.00: Cells=1534, MaxR=41.61, Pheno={'G_SPECIALIST': 1511, 'L_SPECIALIST': 2, 'SWITCHING_GL': 21}
2025-05-27 19:01:24,611 - sim.BetHedging0.5_W80_Rep3.MetricsCollector - INFO - metrics:177 - Metrics @ T=56.00: Cells=1577, MaxR=41.61, Pheno={'G_SPECIALIST': 1545, 'L_SPECIALIST': 2, 'SWITCHING_GL': 30}
2025-05-27 19:01:24,725 - sim.BetHedging0.5_W80_Rep3.MetricsCollector - INFO - metrics:177 - Metrics @ T=57.00: Cells=1611, MaxR=41.68, Pheno={'G_SPECIALIST': 1577, 'L_SPECIALIST': 2, 'SWITCHING_GL': 32}
2025-05-27 19:01:24,842 - sim.BetHedging0.5_W80_Rep3.MetricsCollector - INFO - metrics:177 - Metrics @ T=58.00: Cells=1660, MaxR=42.46, Pheno={'G_SPECIALIST': 1617, 'L_SPECIALIST': 6, 'SWITCHING_GL': 37}
2025-05-27 19:01:24,959 - sim.BetHedging0.5_W80_Rep3.MetricsCollector - INFO - metrics:177 - Metrics @ T=59.00: Cells=1694, MaxR=42.46, Pheno={'G_SPECIALIST': 1647, 'L_SPECIALIST': 12, 'SWITCHING_GL': 35}
2025-05-27 19:01:25,061 - sim.BetHedging0.5_W80_Rep3 - INFO - simulation_engine:218 - Progress: T=60.00, Cells=1726
2025-05-27 19:01:25,082 - sim.BetHedging0.5_W80_Rep3.MetricsCollector - INFO - metrics:177 - Metrics @ T=60.00: Cells=1729, MaxR=42.46, Pheno={'G_SPECIALIST': 1675, 'L_SPECIALIST': 16, 'SWITCHING_GL': 38}
2025-05-27 19:01:25,207 - sim.BetHedging0.5_W80_Rep3.MetricsCollector - INFO - metrics:177 - Metrics @ T=61.00: Cells=1773, MaxR=43.09, Pheno={'G_SPECIALIST': 1707, 'L_SPECIALIST': 23, 'SWITCHING_GL': 43}
2025-05-27 19:01:25,334 - sim.BetHedging0.5_W80_Rep3.MetricsCollector - INFO - metrics:177 - Metrics @ T=62.00: Cells=1809, MaxR=43.09, Pheno={'G_SPECIALIST': 1738, 'L_SPECIALIST': 24, 'SWITCHING_GL': 47}
2025-05-27 19:01:25,462 - sim.BetHedging0.5_W80_Rep3.MetricsCollector - INFO - metrics:177 - Metrics @ T=63.00: Cells=1847, MaxR=43.09, Pheno={'G_SPECIALIST': 1765, 'L_SPECIALIST': 31, 'SWITCHING_GL': 51}
2025-05-27 19:01:25,592 - sim.BetHedging0.5_W80_Rep3.MetricsCollector - INFO - metrics:177 - Metrics @ T=64.00: Cells=1881, MaxR=43.27, Pheno={'G_SPECIALIST': 1793, 'L_SPECIALIST': 34, 'SWITCHING_GL': 54}
2025-05-27 19:01:25,726 - sim.BetHedging0.5_W80_Rep3.MetricsCollector - INFO - metrics:177 - Metrics @ T=65.00: Cells=1918, MaxR=43.92, Pheno={'G_SPECIALIST': 1814, 'L_SPECIALIST': 39, 'SWITCHING_GL': 65}
2025-05-27 19:01:25,862 - sim.BetHedging0.5_W80_Rep3.MetricsCollector - INFO - metrics:177 - Metrics @ T=66.00: Cells=1939, MaxR=43.92, Pheno={'G_SPECIALIST': 1828, 'L_SPECIALIST': 45, 'SWITCHING_GL': 66}
2025-05-27 19:01:25,997 - sim.BetHedging0.5_W80_Rep3.MetricsCollector - INFO - metrics:177 - Metrics @ T=67.00: Cells=1960, MaxR=43.92, Pheno={'G_SPECIALIST': 1842, 'L_SPECIALIST': 54, 'SWITCHING_GL': 64}
2025-05-27 19:01:26,135 - sim.BetHedging0.5_W80_Rep3.MetricsCollector - INFO - metrics:177 - Metrics @ T=68.00: Cells=1987, MaxR=43.92, Pheno={'G_SPECIALIST': 1860, 'L_SPECIALIST': 62, 'SWITCHING_GL': 65}
2025-05-27 19:01:26,277 - sim.BetHedging0.5_W80_Rep3.MetricsCollector - INFO - metrics:177 - Metrics @ T=69.00: Cells=2013, MaxR=45.92, Pheno={'G_SPECIALIST': 1867, 'L_SPECIALIST': 74, 'SWITCHING_GL': 72}
2025-05-27 19:01:26,396 - sim.BetHedging0.5_W80_Rep3 - INFO - simulation_engine:218 - Progress: T=70.00, Cells=2031
2025-05-27 19:01:26,420 - sim.BetHedging0.5_W80_Rep3.MetricsCollector - INFO - metrics:177 - Metrics @ T=70.00: Cells=2033, MaxR=45.92, Pheno={'G_SPECIALIST': 1879, 'L_SPECIALIST': 88, 'SWITCHING_GL': 66}
2025-05-27 19:01:26,566 - sim.BetHedging0.5_W80_Rep3.MetricsCollector - INFO - metrics:177 - Metrics @ T=71.00: Cells=2057, MaxR=45.92, Pheno={'G_SPECIALIST': 1887, 'L_SPECIALIST': 104, 'SWITCHING_GL': 66}
2025-05-27 19:01:26,713 - sim.BetHedging0.5_W80_Rep3.MetricsCollector - INFO - metrics:177 - Metrics @ T=72.00: Cells=2079, MaxR=45.92, Pheno={'G_SPECIALIST': 1900, 'L_SPECIALIST': 114, 'SWITCHING_GL': 65}
2025-05-27 19:01:26,859 - sim.BetHedging0.5_W80_Rep3.MetricsCollector - INFO - metrics:177 - Metrics @ T=73.00: Cells=2099, MaxR=45.92, Pheno={'G_SPECIALIST': 1907, 'L_SPECIALIST': 126, 'SWITCHING_GL': 66}
2025-05-27 19:01:27,006 - sim.BetHedging0.5_W80_Rep3.MetricsCollector - INFO - metrics:177 - Metrics @ T=74.00: Cells=2121, MaxR=45.92, Pheno={'G_SPECIALIST': 1914, 'L_SPECIALIST': 144, 'SWITCHING_GL': 63}
2025-05-27 19:01:27,162 - sim.BetHedging0.5_W80_Rep3.MetricsCollector - INFO - metrics:177 - Metrics @ T=75.00: Cells=2139, MaxR=46.60, Pheno={'G_SPECIALIST': 1917, 'L_SPECIALIST': 159, 'SWITCHING_GL': 63}
2025-05-27 19:01:27,317 - sim.BetHedging0.5_W80_Rep3.MetricsCollector - INFO - metrics:177 - Metrics @ T=76.00: Cells=2160, MaxR=46.60, Pheno={'G_SPECIALIST': 1923, 'L_SPECIALIST': 173, 'SWITCHING_GL': 64}
2025-05-27 19:01:27,471 - sim.BetHedging0.5_W80_Rep3.MetricsCollector - INFO - metrics:177 - Metrics @ T=77.00: Cells=2181, MaxR=46.60, Pheno={'G_SPECIALIST': 1930, 'L_SPECIALIST': 191, 'SWITCHING_GL': 60}
2025-05-27 19:01:27,629 - sim.BetHedging0.5_W80_Rep3.MetricsCollector - INFO - metrics:177 - Metrics @ T=78.00: Cells=2221, MaxR=47.09, Pheno={'G_SPECIALIST': 1937, 'L_SPECIALIST': 226, 'SWITCHING_GL': 58}
2025-05-27 19:01:27,789 - sim.BetHedging0.5_W80_Rep3.MetricsCollector - INFO - metrics:177 - Metrics @ T=79.00: Cells=2245, MaxR=47.84, Pheno={'G_SPECIALIST': 1940, 'L_SPECIALIST': 245, 'SWITCHING_GL': 60}
2025-05-27 19:01:27,943 - sim.BetHedging0.5_W80_Rep3 - INFO - simulation_engine:218 - Progress: T=80.00, Cells=2261
2025-05-27 19:01:27,970 - sim.BetHedging0.5_W80_Rep3.MetricsCollector - INFO - metrics:177 - Metrics @ T=80.00: Cells=2263, MaxR=47.84, Pheno={'G_SPECIALIST': 1941, 'L_SPECIALIST': 267, 'SWITCHING_GL': 55}
2025-05-27 19:01:28,135 - sim.BetHedging0.5_W80_Rep3.MetricsCollector - INFO - metrics:177 - Metrics @ T=81.00: Cells=2294, MaxR=48.28, Pheno={'G_SPECIALIST': 1942, 'L_SPECIALIST': 297, 'SWITCHING_GL': 55}
2025-05-27 19:01:28,295 - sim.BetHedging0.5_W80_Rep3.MetricsCollector - INFO - metrics:177 - Metrics @ T=82.00: Cells=2318, MaxR=48.28, Pheno={'G_SPECIALIST': 1944, 'L_SPECIALIST': 322, 'SWITCHING_GL': 52}
2025-05-27 19:01:28,459 - sim.BetHedging0.5_W80_Rep3.MetricsCollector - INFO - metrics:177 - Metrics @ T=83.00: Cells=2335, MaxR=48.28, Pheno={'G_SPECIALIST': 1945, 'L_SPECIALIST': 340, 'SWITCHING_GL': 50}
2025-05-27 19:01:28,622 - sim.BetHedging0.5_W80_Rep3.MetricsCollector - INFO - metrics:177 - Metrics @ T=84.00: Cells=2350, MaxR=49.51, Pheno={'G_SPECIALIST': 1945, 'L_SPECIALIST': 360, 'SWITCHING_GL': 45}
2025-05-27 19:01:28,787 - sim.BetHedging0.5_W80_Rep3.MetricsCollector - INFO - metrics:177 - Metrics @ T=85.00: Cells=2366, MaxR=49.51, Pheno={'G_SPECIALIST': 1945, 'L_SPECIALIST': 377, 'SWITCHING_GL': 44}
2025-05-27 19:01:28,955 - sim.BetHedging0.5_W80_Rep3.MetricsCollector - INFO - metrics:177 - Metrics @ T=86.00: Cells=2385, MaxR=49.57, Pheno={'G_SPECIALIST': 1945, 'L_SPECIALIST': 403, 'SWITCHING_GL': 37}
2025-05-27 19:01:29,124 - sim.BetHedging0.5_W80_Rep3.MetricsCollector - INFO - metrics:177 - Metrics @ T=87.00: Cells=2406, MaxR=49.57, Pheno={'G_SPECIALIST': 1945, 'L_SPECIALIST': 425, 'SWITCHING_GL': 36}
2025-05-27 19:01:29,303 - sim.BetHedging0.5_W80_Rep3.MetricsCollector - INFO - metrics:177 - Metrics @ T=88.00: Cells=2432, MaxR=49.69, Pheno={'G_SPECIALIST': 1945, 'L_SPECIALIST': 453, 'SWITCHING_GL': 34}
2025-05-27 19:01:29,481 - sim.BetHedging0.5_W80_Rep3.MetricsCollector - INFO - metrics:177 - Metrics @ T=89.00: Cells=2457, MaxR=49.93, Pheno={'G_SPECIALIST': 1945, 'L_SPECIALIST': 483, 'SWITCHING_GL': 29}
2025-05-27 19:01:29,667 - sim.BetHedging0.5_W80_Rep3 - INFO - simulation_engine:218 - Progress: T=90.00, Cells=2480
2025-05-27 19:01:29,696 - sim.BetHedging0.5_W80_Rep3.MetricsCollector - INFO - metrics:177 - Metrics @ T=90.00: Cells=2482, MaxR=50.76, Pheno={'G_SPECIALIST': 1945, 'L_SPECIALIST': 513, 'SWITCHING_GL': 24}
2025-05-27 19:01:29,878 - sim.BetHedging0.5_W80_Rep3.MetricsCollector - INFO - metrics:177 - Metrics @ T=91.00: Cells=2504, MaxR=50.76, Pheno={'G_SPECIALIST': 1945, 'L_SPECIALIST': 535, 'SWITCHING_GL': 24}
2025-05-27 19:01:30,063 - sim.BetHedging0.5_W80_Rep3.MetricsCollector - INFO - metrics:177 - Metrics @ T=92.00: Cells=2528, MaxR=51.64, Pheno={'G_SPECIALIST': 1945, 'L_SPECIALIST': 564, 'SWITCHING_GL': 19}
2025-05-27 19:01:30,247 - sim.BetHedging0.5_W80_Rep3.MetricsCollector - INFO - metrics:177 - Metrics @ T=93.00: Cells=2561, MaxR=52.42, Pheno={'G_SPECIALIST': 1945, 'L_SPECIALIST': 597, 'SWITCHING_GL': 19}
2025-05-27 19:01:30,435 - sim.BetHedging0.5_W80_Rep3.MetricsCollector - INFO - metrics:177 - Metrics @ T=94.00: Cells=2586, MaxR=52.42, Pheno={'G_SPECIALIST': 1945, 'L_SPECIALIST': 623, 'SWITCHING_GL': 18}
2025-05-27 19:01:30,629 - sim.BetHedging0.5_W80_Rep3.MetricsCollector - INFO - metrics:177 - Metrics @ T=95.00: Cells=2619, MaxR=53.33, Pheno={'G_SPECIALIST': 1945, 'L_SPECIALIST': 660, 'SWITCHING_GL': 14}
2025-05-27 19:01:30,822 - sim.BetHedging0.5_W80_Rep3.MetricsCollector - INFO - metrics:177 - Metrics @ T=96.00: Cells=2655, MaxR=53.33, Pheno={'G_SPECIALIST': 1945, 'L_SPECIALIST': 696, 'SWITCHING_GL': 14}
2025-05-27 19:01:31,014 - sim.BetHedging0.5_W80_Rep3.MetricsCollector - INFO - metrics:177 - Metrics @ T=97.00: Cells=2677, MaxR=53.33, Pheno={'G_SPECIALIST': 1945, 'L_SPECIALIST': 721, 'SWITCHING_GL': 11}
2025-05-27 19:01:31,212 - sim.BetHedging0.5_W80_Rep3.MetricsCollector - INFO - metrics:177 - Metrics @ T=98.00: Cells=2702, MaxR=53.33, Pheno={'G_SPECIALIST': 1945, 'L_SPECIALIST': 747, 'SWITCHING_GL': 10}
2025-05-27 19:01:31,408 - sim.BetHedging0.5_W80_Rep3.MetricsCollector - INFO - metrics:177 - Metrics @ T=99.00: Cells=2726, MaxR=54.08, Pheno={'G_SPECIALIST': 1945, 'L_SPECIALIST': 772, 'SWITCHING_GL': 9}
2025-05-27 19:01:31,574 - sim.BetHedging0.5_W80_Rep3 - INFO - simulation_engine:218 - Progress: T=100.00, Cells=2750
2025-05-27 19:01:31,607 - sim.BetHedging0.5_W80_Rep3.MetricsCollector - INFO - metrics:177 - Metrics @ T=100.00: Cells=2752, MaxR=54.08, Pheno={'G_SPECIALIST': 1945, 'L_SPECIALIST': 800, 'SWITCHING_GL': 7}
2025-05-27 19:01:31,805 - sim.BetHedging0.5_W80_Rep3.MetricsCollector - INFO - metrics:177 - Metrics @ T=101.00: Cells=2786, MaxR=54.44, Pheno={'G_SPECIALIST': 1945, 'L_SPECIALIST': 834, 'SWITCHING_GL': 7}
2025-05-27 19:01:32,010 - sim.BetHedging0.5_W80_Rep3.MetricsCollector - INFO - metrics:177 - Metrics @ T=102.00: Cells=2818, MaxR=55.34, Pheno={'G_SPECIALIST': 1945, 'L_SPECIALIST': 868, 'SWITCHING_GL': 5}
2025-05-27 19:01:32,215 - sim.BetHedging0.5_W80_Rep3.MetricsCollector - INFO - metrics:177 - Metrics @ T=103.00: Cells=2845, MaxR=55.34, Pheno={'G_SPECIALIST': 1945, 'L_SPECIALIST': 897, 'SWITCHING_GL': 3}
2025-05-27 19:01:32,423 - sim.BetHedging0.5_W80_Rep3.MetricsCollector - INFO - metrics:177 - Metrics @ T=104.00: Cells=2877, MaxR=55.34, Pheno={'G_SPECIALIST': 1945, 'L_SPECIALIST': 929, 'SWITCHING_GL': 3}
2025-05-27 19:01:32,655 - sim.BetHedging0.5_W80_Rep3.MetricsCollector - INFO - metrics:177 - Metrics @ T=105.00: Cells=2897, MaxR=55.34, Pheno={'G_SPECIALIST': 1945, 'L_SPECIALIST': 949, 'SWITCHING_GL': 3}
2025-05-27 19:01:32,865 - sim.BetHedging0.5_W80_Rep3.MetricsCollector - INFO - metrics:177 - Metrics @ T=106.00: Cells=2925, MaxR=55.34, Pheno={'G_SPECIALIST': 1945, 'L_SPECIALIST': 977, 'SWITCHING_GL': 3}
2025-05-27 19:01:33,083 - sim.BetHedging0.5_W80_Rep3.MetricsCollector - INFO - metrics:177 - Metrics @ T=107.00: Cells=2952, MaxR=55.34, Pheno={'G_SPECIALIST': 1945, 'L_SPECIALIST': 1005, 'SWITCHING_GL': 2}
2025-05-27 19:01:33,319 - sim.BetHedging0.5_W80_Rep3.MetricsCollector - INFO - metrics:177 - Metrics @ T=108.00: Cells=2989, MaxR=55.34, Pheno={'G_SPECIALIST': 1945, 'L_SPECIALIST': 1042, 'SWITCHING_GL': 2}
2025-05-27 19:01:33,554 - sim.BetHedging0.5_W80_Rep3.MetricsCollector - INFO - metrics:177 - Metrics @ T=109.00: Cells=3011, MaxR=56.15, Pheno={'G_SPECIALIST': 1945, 'L_SPECIALIST': 1064, 'SWITCHING_GL': 2}
2025-05-27 19:01:33,736 - sim.BetHedging0.5_W80_Rep3 - INFO - simulation_engine:218 - Progress: T=110.00, Cells=3049
2025-05-27 19:01:33,771 - sim.BetHedging0.5_W80_Rep3.MetricsCollector - INFO - metrics:177 - Metrics @ T=110.00: Cells=3055, MaxR=56.15, Pheno={'G_SPECIALIST': 1945, 'L_SPECIALIST': 1109, 'SWITCHING_GL': 1}
2025-05-27 19:01:33,988 - sim.BetHedging0.5_W80_Rep3.MetricsCollector - INFO - metrics:177 - Metrics @ T=111.00: Cells=3084, MaxR=57.00, Pheno={'G_SPECIALIST': 1945, 'L_SPECIALIST': 1138, 'SWITCHING_GL': 1}
2025-05-27 19:01:34,213 - sim.BetHedging0.5_W80_Rep3.MetricsCollector - INFO - metrics:177 - Metrics @ T=112.00: Cells=3109, MaxR=57.00, Pheno={'G_SPECIALIST': 1945, 'L_SPECIALIST': 1163, 'SWITCHING_GL': 1}
2025-05-27 19:01:34,435 - sim.BetHedging0.5_W80_Rep3.MetricsCollector - INFO - metrics:177 - Metrics @ T=113.00: Cells=3141, MaxR=57.42, Pheno={'G_SPECIALIST': 1945, 'L_SPECIALIST': 1195, 'SWITCHING_GL': 1}
2025-05-27 19:01:34,659 - sim.BetHedging0.5_W80_Rep3.MetricsCollector - INFO - metrics:177 - Metrics @ T=114.00: Cells=3169, MaxR=57.42, Pheno={'G_SPECIALIST': 1945, 'L_SPECIALIST': 1223, 'SWITCHING_GL': 1}
2025-05-27 19:01:34,913 - sim.BetHedging0.5_W80_Rep3.MetricsCollector - INFO - metrics:177 - Metrics @ T=115.00: Cells=3203, MaxR=57.42, Pheno={'G_SPECIALIST': 1945, 'L_SPECIALIST': 1257, 'SWITCHING_GL': 1}
2025-05-27 19:01:35,143 - sim.BetHedging0.5_W80_Rep3.MetricsCollector - INFO - metrics:177 - Metrics @ T=116.00: Cells=3234, MaxR=57.42, Pheno={'G_SPECIALIST': 1945, 'L_SPECIALIST': 1288, 'SWITCHING_GL': 1}
2025-05-27 19:01:35,373 - sim.BetHedging0.5_W80_Rep3.MetricsCollector - INFO - metrics:177 - Metrics @ T=117.00: Cells=3255, MaxR=57.42, Pheno={'G_SPECIALIST': 1945, 'L_SPECIALIST': 1310, 'SWITCHING_GL': 0}
2025-05-27 19:01:35,608 - sim.BetHedging0.5_W80_Rep3.MetricsCollector - INFO - metrics:177 - Metrics @ T=118.00: Cells=3284, MaxR=57.42, Pheno={'G_SPECIALIST': 1945, 'L_SPECIALIST': 1339, 'SWITCHING_GL': 0}
2025-05-27 19:01:35,844 - sim.BetHedging0.5_W80_Rep3.MetricsCollector - INFO - metrics:177 - Metrics @ T=119.00: Cells=3312, MaxR=57.42, Pheno={'G_SPECIALIST': 1945, 'L_SPECIALIST': 1367, 'SWITCHING_GL': 0}
2025-05-27 19:01:36,044 - sim.BetHedging0.5_W80_Rep3 - INFO - simulation_engine:218 - Progress: T=120.00, Cells=3339
2025-05-27 19:01:36,089 - sim.BetHedging0.5_W80_Rep3.MetricsCollector - INFO - metrics:177 - Metrics @ T=120.00: Cells=3343, MaxR=57.42, Pheno={'G_SPECIALIST': 1945, 'L_SPECIALIST': 1398, 'SWITCHING_GL': 0}
2025-05-27 19:01:36,359 - sim.BetHedging0.5_W80_Rep3.MetricsCollector - INFO - metrics:177 - Metrics @ T=121.00: Cells=3371, MaxR=58.81, Pheno={'G_SPECIALIST': 1945, 'L_SPECIALIST': 1426, 'SWITCHING_GL': 0}
2025-05-27 19:01:36,658 - sim.BetHedging0.5_W80_Rep3.MetricsCollector - INFO - metrics:177 - Metrics @ T=122.00: Cells=3396, MaxR=58.81, Pheno={'G_SPECIALIST': 1945, 'L_SPECIALIST': 1451, 'SWITCHING_GL': 0}
2025-05-27 19:01:36,926 - sim.BetHedging0.5_W80_Rep3.MetricsCollector - INFO - metrics:177 - Metrics @ T=123.00: Cells=3436, MaxR=58.81, Pheno={'G_SPECIALIST': 1945, 'L_SPECIALIST': 1491, 'SWITCHING_GL': 0}
2025-05-27 19:01:37,175 - sim.BetHedging0.5_W80_Rep3.MetricsCollector - INFO - metrics:177 - Metrics @ T=124.00: Cells=3462, MaxR=58.81, Pheno={'G_SPECIALIST': 1945, 'L_SPECIALIST': 1517, 'SWITCHING_GL': 0}
2025-05-27 19:01:37,424 - sim.BetHedging0.5_W80_Rep3.MetricsCollector - INFO - metrics:177 - Metrics @ T=125.00: Cells=3501, MaxR=59.02, Pheno={'G_SPECIALIST': 1945, 'L_SPECIALIST': 1556, 'SWITCHING_GL': 0}
2025-05-27 19:01:37,686 - sim.BetHedging0.5_W80_Rep3.MetricsCollector - INFO - metrics:177 - Metrics @ T=126.00: Cells=3530, MaxR=59.02, Pheno={'G_SPECIALIST': 1945, 'L_SPECIALIST': 1585, 'SWITCHING_GL': 0}
2025-05-27 19:01:37,938 - sim.BetHedging0.5_W80_Rep3.MetricsCollector - INFO - metrics:177 - Metrics @ T=127.00: Cells=3552, MaxR=59.09, Pheno={'G_SPECIALIST': 1945, 'L_SPECIALIST': 1607, 'SWITCHING_GL': 0}
2025-05-27 19:01:38,195 - sim.BetHedging0.5_W80_Rep3.MetricsCollector - INFO - metrics:177 - Metrics @ T=128.00: Cells=3593, MaxR=59.19, Pheno={'G_SPECIALIST': 1945, 'L_SPECIALIST': 1648, 'SWITCHING_GL': 0}
2025-05-27 19:01:38,452 - sim.BetHedging0.5_W80_Rep3.MetricsCollector - INFO - metrics:177 - Metrics @ T=129.00: Cells=3620, MaxR=59.57, Pheno={'G_SPECIALIST': 1945, 'L_SPECIALIST': 1675, 'SWITCHING_GL': 0}
2025-05-27 19:01:38,670 - sim.BetHedging0.5_W80_Rep3 - INFO - simulation_engine:218 - Progress: T=130.00, Cells=3648
2025-05-27 19:01:38,711 - sim.BetHedging0.5_W80_Rep3.MetricsCollector - INFO - metrics:177 - Metrics @ T=130.00: Cells=3648, MaxR=60.22, Pheno={'G_SPECIALIST': 1945, 'L_SPECIALIST': 1703, 'SWITCHING_GL': 0}
2025-05-27 19:01:38,974 - sim.BetHedging0.5_W80_Rep3.MetricsCollector - INFO - metrics:177 - Metrics @ T=131.00: Cells=3684, MaxR=60.22, Pheno={'G_SPECIALIST': 1945, 'L_SPECIALIST': 1739, 'SWITCHING_GL': 0}
2025-05-27 19:01:39,243 - sim.BetHedging0.5_W80_Rep3.MetricsCollector - INFO - metrics:177 - Metrics @ T=132.00: Cells=3730, MaxR=60.62, Pheno={'G_SPECIALIST': 1945, 'L_SPECIALIST': 1785, 'SWITCHING_GL': 0}
2025-05-27 19:01:39,527 - sim.BetHedging0.5_W80_Rep3.MetricsCollector - INFO - metrics:177 - Metrics @ T=133.00: Cells=3775, MaxR=62.23, Pheno={'G_SPECIALIST': 1945, 'L_SPECIALIST': 1830, 'SWITCHING_GL': 0}
2025-05-27 19:01:39,801 - sim.BetHedging0.5_W80_Rep3.MetricsCollector - INFO - metrics:177 - Metrics @ T=134.00: Cells=3811, MaxR=62.23, Pheno={'G_SPECIALIST': 1945, 'L_SPECIALIST': 1866, 'SWITCHING_GL': 0}
2025-05-27 19:01:40,086 - sim.BetHedging0.5_W80_Rep3.MetricsCollector - INFO - metrics:177 - Metrics @ T=135.00: Cells=3857, MaxR=63.59, Pheno={'G_SPECIALIST': 1945, 'L_SPECIALIST': 1912, 'SWITCHING_GL': 0}
2025-05-27 19:01:40,361 - sim.BetHedging0.5_W80_Rep3.MetricsCollector - INFO - metrics:177 - Metrics @ T=136.00: Cells=3883, MaxR=63.59, Pheno={'G_SPECIALIST': 1945, 'L_SPECIALIST': 1938, 'SWITCHING_GL': 0}
2025-05-27 19:01:40,639 - sim.BetHedging0.5_W80_Rep3.MetricsCollector - INFO - metrics:177 - Metrics @ T=137.00: Cells=3927, MaxR=63.59, Pheno={'G_SPECIALIST': 1945, 'L_SPECIALIST': 1982, 'SWITCHING_GL': 0}
2025-05-27 19:01:40,946 - sim.BetHedging0.5_W80_Rep3.MetricsCollector - INFO - metrics:177 - Metrics @ T=138.00: Cells=3951, MaxR=63.85, Pheno={'G_SPECIALIST': 1945, 'L_SPECIALIST': 2006, 'SWITCHING_GL': 0}
2025-05-27 19:01:41,238 - sim.BetHedging0.5_W80_Rep3.MetricsCollector - INFO - metrics:177 - Metrics @ T=139.00: Cells=3984, MaxR=63.85, Pheno={'G_SPECIALIST': 1945, 'L_SPECIALIST': 2039, 'SWITCHING_GL': 0}
2025-05-27 19:01:41,485 - sim.BetHedging0.5_W80_Rep3 - INFO - simulation_engine:218 - Progress: T=140.00, Cells=4020
2025-05-27 19:01:41,532 - sim.BetHedging0.5_W80_Rep3.MetricsCollector - INFO - metrics:177 - Metrics @ T=140.00: Cells=4022, MaxR=63.85, Pheno={'G_SPECIALIST': 1945, 'L_SPECIALIST': 2077, 'SWITCHING_GL': 0}
2025-05-27 19:01:41,821 - sim.BetHedging0.5_W80_Rep3.MetricsCollector - INFO - metrics:177 - Metrics @ T=141.00: Cells=4068, MaxR=65.20, Pheno={'G_SPECIALIST': 1945, 'L_SPECIALIST': 2123, 'SWITCHING_GL': 0}
2025-05-27 19:01:42,111 - sim.BetHedging0.5_W80_Rep3.MetricsCollector - INFO - metrics:177 - Metrics @ T=142.00: Cells=4098, MaxR=65.20, Pheno={'G_SPECIALIST': 1945, 'L_SPECIALIST': 2153, 'SWITCHING_GL': 0}
2025-05-27 19:01:42,404 - sim.BetHedging0.5_W80_Rep3.MetricsCollector - INFO - metrics:177 - Metrics @ T=143.00: Cells=4126, MaxR=65.20, Pheno={'G_SPECIALIST': 1945, 'L_SPECIALIST': 2181, 'SWITCHING_GL': 0}
2025-05-27 19:01:42,701 - sim.BetHedging0.5_W80_Rep3.MetricsCollector - INFO - metrics:177 - Metrics @ T=144.00: Cells=4155, MaxR=65.20, Pheno={'G_SPECIALIST': 1945, 'L_SPECIALIST': 2210, 'SWITCHING_GL': 0}
2025-05-27 19:01:43,001 - sim.BetHedging0.5_W80_Rep3.MetricsCollector - INFO - metrics:177 - Metrics @ T=145.00: Cells=4183, MaxR=66.81, Pheno={'G_SPECIALIST': 1945, 'L_SPECIALIST': 2238, 'SWITCHING_GL': 0}
2025-05-27 19:01:43,320 - sim.BetHedging0.5_W80_Rep3.MetricsCollector - INFO - metrics:177 - Metrics @ T=146.00: Cells=4217, MaxR=67.10, Pheno={'G_SPECIALIST': 1945, 'L_SPECIALIST': 2272, 'SWITCHING_GL': 0}
2025-05-27 19:01:43,646 - sim.BetHedging0.5_W80_Rep3.MetricsCollector - INFO - metrics:177 - Metrics @ T=147.00: Cells=4252, MaxR=67.44, Pheno={'G_SPECIALIST': 1945, 'L_SPECIALIST': 2307, 'SWITCHING_GL': 0}
2025-05-27 19:01:43,950 - sim.BetHedging0.5_W80_Rep3.MetricsCollector - INFO - metrics:177 - Metrics @ T=148.00: Cells=4288, MaxR=67.44, Pheno={'G_SPECIALIST': 1945, 'L_SPECIALIST': 2343, 'SWITCHING_GL': 0}
2025-05-27 19:01:44,260 - sim.BetHedging0.5_W80_Rep3.MetricsCollector - INFO - metrics:177 - Metrics @ T=149.00: Cells=4323, MaxR=67.44, Pheno={'G_SPECIALIST': 1945, 'L_SPECIALIST': 2378, 'SWITCHING_GL': 0}
2025-05-27 19:01:44,519 - sim.BetHedging0.5_W80_Rep3 - INFO - simulation_engine:218 - Progress: T=150.00, Cells=4353
2025-05-27 19:01:44,569 - sim.BetHedging0.5_W80_Rep3.MetricsCollector - INFO - metrics:177 - Metrics @ T=150.00: Cells=4358, MaxR=67.44, Pheno={'G_SPECIALIST': 1945, 'L_SPECIALIST': 2413, 'SWITCHING_GL': 0}
2025-05-27 19:01:44,917 - sim.BetHedging0.5_W80_Rep3.MetricsCollector - INFO - metrics:177 - Metrics @ T=151.00: Cells=4393, MaxR=68.43, Pheno={'G_SPECIALIST': 1945, 'L_SPECIALIST': 2448, 'SWITCHING_GL': 0}
2025-05-27 19:01:45,232 - sim.BetHedging0.5_W80_Rep3.MetricsCollector - INFO - metrics:177 - Metrics @ T=152.00: Cells=4425, MaxR=68.74, Pheno={'G_SPECIALIST': 1945, 'L_SPECIALIST': 2480, 'SWITCHING_GL': 0}
2025-05-27 19:01:45,556 - sim.BetHedging0.5_W80_Rep3.MetricsCollector - INFO - metrics:177 - Metrics @ T=153.00: Cells=4470, MaxR=68.74, Pheno={'G_SPECIALIST': 1945, 'L_SPECIALIST': 2525, 'SWITCHING_GL': 0}
2025-05-27 19:01:45,880 - sim.BetHedging0.5_W80_Rep3.MetricsCollector - INFO - metrics:177 - Metrics @ T=154.00: Cells=4510, MaxR=69.20, Pheno={'G_SPECIALIST': 1945, 'L_SPECIALIST': 2565, 'SWITCHING_GL': 0}
2025-05-27 19:01:46,205 - sim.BetHedging0.5_W80_Rep3.MetricsCollector - INFO - metrics:177 - Metrics @ T=155.00: Cells=4556, MaxR=69.20, Pheno={'G_SPECIALIST': 1945, 'L_SPECIALIST': 2611, 'SWITCHING_GL': 0}
2025-05-27 19:01:46,536 - sim.BetHedging0.5_W80_Rep3.MetricsCollector - INFO - metrics:177 - Metrics @ T=156.00: Cells=4585, MaxR=70.38, Pheno={'G_SPECIALIST': 1945, 'L_SPECIALIST': 2640, 'SWITCHING_GL': 0}
2025-05-27 19:01:46,890 - sim.BetHedging0.5_W80_Rep3.MetricsCollector - INFO - metrics:177 - Metrics @ T=157.00: Cells=4625, MaxR=70.38, Pheno={'G_SPECIALIST': 1945, 'L_SPECIALIST': 2680, 'SWITCHING_GL': 0}
2025-05-27 19:01:47,293 - sim.BetHedging0.5_W80_Rep3.MetricsCollector - INFO - metrics:177 - Metrics @ T=158.00: Cells=4654, MaxR=70.38, Pheno={'G_SPECIALIST': 1945, 'L_SPECIALIST': 2709, 'SWITCHING_GL': 0}
2025-05-27 19:01:47,630 - sim.BetHedging0.5_W80_Rep3.MetricsCollector - INFO - metrics:177 - Metrics @ T=159.00: Cells=4691, MaxR=72.02, Pheno={'G_SPECIALIST': 1945, 'L_SPECIALIST': 2746, 'SWITCHING_GL': 0}
2025-05-27 19:01:47,913 - sim.BetHedging0.5_W80_Rep3 - INFO - simulation_engine:218 - Progress: T=160.00, Cells=4727
2025-05-27 19:01:47,968 - sim.BetHedging0.5_W80_Rep3.MetricsCollector - INFO - metrics:177 - Metrics @ T=160.00: Cells=4732, MaxR=72.02, Pheno={'G_SPECIALIST': 1945, 'L_SPECIALIST': 2787, 'SWITCHING_GL': 0}
2025-05-27 19:01:48,305 - sim.BetHedging0.5_W80_Rep3.MetricsCollector - INFO - metrics:177 - Metrics @ T=161.00: Cells=4782, MaxR=72.02, Pheno={'G_SPECIALIST': 1945, 'L_SPECIALIST': 2837, 'SWITCHING_GL': 0}
2025-05-27 19:01:48,652 - sim.BetHedging0.5_W80_Rep3.MetricsCollector - INFO - metrics:177 - Metrics @ T=162.00: Cells=4823, MaxR=73.67, Pheno={'G_SPECIALIST': 1945, 'L_SPECIALIST': 2878, 'SWITCHING_GL': 0}
2025-05-27 19:01:49,016 - sim.BetHedging0.5_W80_Rep3.MetricsCollector - INFO - metrics:177 - Metrics @ T=163.00: Cells=4865, MaxR=73.67, Pheno={'G_SPECIALIST': 1945, 'L_SPECIALIST': 2920, 'SWITCHING_GL': 0}
2025-05-27 19:01:49,376 - sim.BetHedging0.5_W80_Rep3.MetricsCollector - INFO - metrics:177 - Metrics @ T=164.00: Cells=4908, MaxR=73.67, Pheno={'G_SPECIALIST': 1945, 'L_SPECIALIST': 2963, 'SWITCHING_GL': 0}
2025-05-27 19:01:49,730 - sim.BetHedging0.5_W80_Rep3.MetricsCollector - INFO - metrics:177 - Metrics @ T=165.00: Cells=4961, MaxR=73.67, Pheno={'G_SPECIALIST': 1945, 'L_SPECIALIST': 3016, 'SWITCHING_GL': 0}
2025-05-27 19:01:50,095 - sim.BetHedging0.5_W80_Rep3.MetricsCollector - INFO - metrics:177 - Metrics @ T=166.00: Cells=5002, MaxR=73.67, Pheno={'G_SPECIALIST': 1945, 'L_SPECIALIST': 3057, 'SWITCHING_GL': 0}
2025-05-27 19:01:50,455 - sim.BetHedging0.5_W80_Rep3.MetricsCollector - INFO - metrics:177 - Metrics @ T=167.00: Cells=5045, MaxR=74.54, Pheno={'G_SPECIALIST': 1945, 'L_SPECIALIST': 3100, 'SWITCHING_GL': 0}
2025-05-27 19:01:50,818 - sim.BetHedging0.5_W80_Rep3.MetricsCollector - INFO - metrics:177 - Metrics @ T=168.00: Cells=5090, MaxR=74.54, Pheno={'G_SPECIALIST': 1945, 'L_SPECIALIST': 3145, 'SWITCHING_GL': 0}
2025-05-27 19:01:51,180 - sim.BetHedging0.5_W80_Rep3.MetricsCollector - INFO - metrics:177 - Metrics @ T=169.00: Cells=5138, MaxR=75.36, Pheno={'G_SPECIALIST': 1945, 'L_SPECIALIST': 3193, 'SWITCHING_GL': 0}
2025-05-27 19:01:51,491 - sim.BetHedging0.5_W80_Rep3 - INFO - simulation_engine:218 - Progress: T=170.00, Cells=5170
2025-05-27 19:01:51,556 - sim.BetHedging0.5_W80_Rep3.MetricsCollector - INFO - metrics:177 - Metrics @ T=170.00: Cells=5175, MaxR=75.36, Pheno={'G_SPECIALIST': 1945, 'L_SPECIALIST': 3230, 'SWITCHING_GL': 0}
2025-05-27 19:01:51,930 - sim.BetHedging0.5_W80_Rep3.MetricsCollector - INFO - metrics:177 - Metrics @ T=171.00: Cells=5223, MaxR=76.27, Pheno={'G_SPECIALIST': 1945, 'L_SPECIALIST': 3278, 'SWITCHING_GL': 0}
2025-05-27 19:01:52,327 - sim.BetHedging0.5_W80_Rep3.MetricsCollector - INFO - metrics:177 - Metrics @ T=172.00: Cells=5264, MaxR=76.27, Pheno={'G_SPECIALIST': 1945, 'L_SPECIALIST': 3319, 'SWITCHING_GL': 0}
2025-05-27 19:01:52,704 - sim.BetHedging0.5_W80_Rep3.MetricsCollector - INFO - metrics:177 - Metrics @ T=173.00: Cells=5310, MaxR=77.83, Pheno={'G_SPECIALIST': 1945, 'L_SPECIALIST': 3365, 'SWITCHING_GL': 0}
2025-05-27 19:01:53,118 - sim.BetHedging0.5_W80_Rep3.MetricsCollector - INFO - metrics:177 - Metrics @ T=174.00: Cells=5365, MaxR=77.83, Pheno={'G_SPECIALIST': 1945, 'L_SPECIALIST': 3420, 'SWITCHING_GL': 0}
2025-05-27 19:01:53,571 - sim.BetHedging0.5_W80_Rep3.MetricsCollector - INFO - metrics:177 - Metrics @ T=175.00: Cells=5415, MaxR=77.83, Pheno={'G_SPECIALIST': 1945, 'L_SPECIALIST': 3470, 'SWITCHING_GL': 0}
2025-05-27 19:01:53,999 - sim.BetHedging0.5_W80_Rep3.MetricsCollector - INFO - metrics:177 - Metrics @ T=176.00: Cells=5462, MaxR=78.63, Pheno={'G_SPECIALIST': 1945, 'L_SPECIALIST': 3517, 'SWITCHING_GL': 0}
2025-05-27 19:01:54,389 - sim.BetHedging0.5_W80_Rep3.MetricsCollector - INFO - metrics:177 - Metrics @ T=177.00: Cells=5495, MaxR=78.63, Pheno={'G_SPECIALIST': 1945, 'L_SPECIALIST': 3550, 'SWITCHING_GL': 0}
2025-05-27 19:01:54,786 - sim.BetHedging0.5_W80_Rep3.MetricsCollector - INFO - metrics:177 - Metrics @ T=178.00: Cells=5530, MaxR=79.05, Pheno={'G_SPECIALIST': 1945, 'L_SPECIALIST': 3585, 'SWITCHING_GL': 0}
2025-05-27 19:01:55,183 - sim.BetHedging0.5_W80_Rep3.MetricsCollector - INFO - metrics:177 - Metrics @ T=179.00: Cells=5565, MaxR=79.05, Pheno={'G_SPECIALIST': 1945, 'L_SPECIALIST': 3620, 'SWITCHING_GL': 0}
2025-05-27 19:01:55,557 - sim.BetHedging0.5_W80_Rep3 - INFO - simulation_engine:218 - Progress: T=180.00, Cells=5602
2025-05-27 19:01:55,621 - sim.BetHedging0.5_W80_Rep3.MetricsCollector - INFO - metrics:177 - Metrics @ T=180.00: Cells=5607, MaxR=79.05, Pheno={'G_SPECIALIST': 1945, 'L_SPECIALIST': 3662, 'SWITCHING_GL': 0}
2025-05-27 19:01:56,025 - sim.BetHedging0.5_W80_Rep3.MetricsCollector - INFO - metrics:177 - Metrics @ T=181.00: Cells=5641, MaxR=79.05, Pheno={'G_SPECIALIST': 1945, 'L_SPECIALIST': 3696, 'SWITCHING_GL': 0}
2025-05-27 19:01:56,433 - sim.BetHedging0.5_W80_Rep3.MetricsCollector - INFO - metrics:177 - Metrics @ T=182.00: Cells=5681, MaxR=79.90, Pheno={'G_SPECIALIST': 1945, 'L_SPECIALIST': 3736, 'SWITCHING_GL': 0}
2025-05-27 19:01:56,841 - sim.BetHedging0.5_W80_Rep3.MetricsCollector - INFO - metrics:177 - Metrics @ T=183.00: Cells=5730, MaxR=79.90, Pheno={'G_SPECIALIST': 1945, 'L_SPECIALIST': 3785, 'SWITCHING_GL': 0}
2025-05-27 19:01:57,273 - sim.BetHedging0.5_W80_Rep3.MetricsCollector - INFO - metrics:177 - Metrics @ T=184.00: Cells=5759, MaxR=80.29, Pheno={'G_SPECIALIST': 1946, 'L_SPECIALIST': 3813, 'SWITCHING_GL': 0}
2025-05-27 19:01:57,690 - sim.BetHedging0.5_W80_Rep3.MetricsCollector - INFO - metrics:177 - Metrics @ T=185.00: Cells=5797, MaxR=80.29, Pheno={'G_SPECIALIST': 1946, 'L_SPECIALIST': 3851, 'SWITCHING_GL': 0}
2025-05-27 19:01:58,111 - sim.BetHedging0.5_W80_Rep3.MetricsCollector - INFO - metrics:177 - Metrics @ T=186.00: Cells=5836, MaxR=80.29, Pheno={'G_SPECIALIST': 1946, 'L_SPECIALIST': 3890, 'SWITCHING_GL': 0}
2025-05-27 19:01:58,527 - sim.BetHedging0.5_W80_Rep3.MetricsCollector - INFO - metrics:177 - Metrics @ T=187.00: Cells=5874, MaxR=81.55, Pheno={'G_SPECIALIST': 1947, 'L_SPECIALIST': 3927, 'SWITCHING_GL': 0}
2025-05-27 19:01:58,948 - sim.BetHedging0.5_W80_Rep3.MetricsCollector - INFO - metrics:177 - Metrics @ T=188.00: Cells=5905, MaxR=81.55, Pheno={'G_SPECIALIST': 1948, 'L_SPECIALIST': 3957, 'SWITCHING_GL': 0}
2025-05-27 19:01:59,372 - sim.BetHedging0.5_W80_Rep3.MetricsCollector - INFO - metrics:177 - Metrics @ T=189.00: Cells=5954, MaxR=81.55, Pheno={'G_SPECIALIST': 1948, 'L_SPECIALIST': 4006, 'SWITCHING_GL': 0}
2025-05-27 19:01:59,732 - sim.BetHedging0.5_W80_Rep3 - INFO - simulation_engine:218 - Progress: T=190.00, Cells=5993
2025-05-27 19:01:59,798 - sim.BetHedging0.5_W80_Rep3.MetricsCollector - INFO - metrics:177 - Metrics @ T=190.00: Cells=5994, MaxR=81.55, Pheno={'G_SPECIALIST': 1950, 'L_SPECIALIST': 4044, 'SWITCHING_GL': 0}
2025-05-27 19:02:00,258 - sim.BetHedging0.5_W80_Rep3.MetricsCollector - INFO - metrics:177 - Metrics @ T=191.00: Cells=6029, MaxR=83.21, Pheno={'G_SPECIALIST': 1954, 'L_SPECIALIST': 4075, 'SWITCHING_GL': 0}
2025-05-27 19:02:00,692 - sim.BetHedging0.5_W80_Rep3.MetricsCollector - INFO - metrics:177 - Metrics @ T=192.00: Cells=6080, MaxR=86.13, Pheno={'G_SPECIALIST': 1960, 'L_SPECIALIST': 4120, 'SWITCHING_GL': 0}
2025-05-27 19:02:01,146 - sim.BetHedging0.5_W80_Rep3.MetricsCollector - INFO - metrics:177 - Metrics @ T=193.00: Cells=6127, MaxR=86.53, Pheno={'G_SPECIALIST': 1965, 'L_SPECIALIST': 4162, 'SWITCHING_GL': 0}
2025-05-27 19:02:01,614 - sim.BetHedging0.5_W80_Rep3.MetricsCollector - INFO - metrics:177 - Metrics @ T=194.00: Cells=6167, MaxR=86.97, Pheno={'G_SPECIALIST': 1968, 'L_SPECIALIST': 4199, 'SWITCHING_GL': 0}
2025-05-27 19:02:02,109 - sim.BetHedging0.5_W80_Rep3.MetricsCollector - INFO - metrics:177 - Metrics @ T=195.00: Cells=6224, MaxR=86.97, Pheno={'G_SPECIALIST': 1975, 'L_SPECIALIST': 4248, 'SWITCHING_GL': 1}
2025-05-27 19:02:02,580 - sim.BetHedging0.5_W80_Rep3.MetricsCollector - INFO - metrics:177 - Metrics @ T=196.00: Cells=6273, MaxR=86.97, Pheno={'G_SPECIALIST': 1979, 'L_SPECIALIST': 4293, 'SWITCHING_GL': 1}
2025-05-27 19:02:03,032 - sim.BetHedging0.5_W80_Rep3.MetricsCollector - INFO - metrics:177 - Metrics @ T=197.00: Cells=6320, MaxR=86.97, Pheno={'G_SPECIALIST': 1984, 'L_SPECIALIST': 4333, 'SWITCHING_GL': 3}
2025-05-27 19:02:03,515 - sim.BetHedging0.5_W80_Rep3.MetricsCollector - INFO - metrics:177 - Metrics @ T=198.00: Cells=6373, MaxR=87.79, Pheno={'G_SPECIALIST': 1991, 'L_SPECIALIST': 4379, 'SWITCHING_GL': 3}
2025-05-27 19:02:04,007 - sim.BetHedging0.5_W80_Rep3.MetricsCollector - INFO - metrics:177 - Metrics @ T=199.00: Cells=6414, MaxR=88.64, Pheno={'G_SPECIALIST': 1997, 'L_SPECIALIST': 4414, 'SWITCHING_GL': 3}
2025-05-27 19:02:04,396 - sim.BetHedging0.5_W80_Rep3 - INFO - simulation_engine:218 - Progress: T=200.00, Cells=6460
2025-05-27 19:02:04,468 - sim.BetHedging0.5_W80_Rep3.MetricsCollector - INFO - metrics:177 - Metrics @ T=200.00: Cells=6465, MaxR=89.06, Pheno={'G_SPECIALIST': 2011, 'L_SPECIALIST': 4451, 'SWITCHING_GL': 3}
2025-05-27 19:02:04,510 - sim.BetHedging0.5_W80_Rep3 - INFO - simulation_engine:238 - Sim run finished: BetHedging0.5_W80_Rep3. Wall-clock: 42.238s.
2025-05-27 19:02:04,510 - sim.BetHedging0.5_W80_Rep3 - INFO - simulation_engine:241 - Final state: SimTime=200.10, Steps=2001, Cells=6469.
2025-05-27 19:02:04,510 - sim.BetHedging0.5_W80_Rep3.MetricsCollector - INFO - metrics:300 - Finalizing data collection and exporting results...
2025-05-27 19:02:04,512 - sim.BetHedging0.5_W80_Rep3.MetricsCollector - INFO - metrics:312 - --- Simulation Summary (Log) ---
time: 199.99999999999292
total_cell_count: 6465
phenotype_counts: {'G_SPECIALIST': 2011, 'L_SPECIALIST': 4451, 'SWITCHING_GL': 3}
avg_radial_distance: 49.03632721286267
max_radial_distance: 89.06177631284928
min_radial_distance: 0.0
std_dev_radial_distance: 17.676865109764073
median_radial_distance: 51.64300533470143
frontier_lag_G_to_L: (details in files)
frontier_traits: (details in files)
overall_radial_expansion_velocity: 0.4366486275264174
config_exp_name: BetHedging0.5_W80_Rep3

2025-05-27 19:02:04,535 - sim.BetHedging0.5_W80_Rep3.MetricsCollector - INFO - metrics:242 - Time series data exported to results\BetHedging0.5_W80_Rep3\time_series_data.csv
2025-05-27 19:02:04,536 - sim.BetHedging0.5_W80_Rep3.MetricsCollector - INFO - metrics:267 - Summary data exported to results\BetHedging0.5_W80_Rep3\summary.json
2025-05-27 19:02:04,536 - sim.BetHedging0.5_W80_Rep3.MetricsCollector - INFO - metrics:275 - No kymograph data to export.
2025-05-27 19:02:04,536 - sim.BetHedging0.5_W80_Rep3.MetricsCollector - INFO - metrics:316 - All data export finalized for BetHedging0.5_W80_Rep3.
2025-05-27 19:02:04,536 - sim.BetHedging0.5_W80_Rep3 - INFO - simulation_engine:276 - Simulation fully complete.
