2025-05-27 19:00:07,447 - sim.BetHedging0.5_W80_Rep1 - INFO - simulation_engine:37 - Initializing SimulationEngine for experiment: BetHedging0.5_W80_Rep1
2025-05-27 19:00:07,448 - sim.BetHedging0.5_W80_Rep1 - INFO - simulation_engine:70 - Visualization disabled.
2025-05-27 19:00:07,448 - sim.BetHedging0.5_W80_Rep1 - INFO - simulation_engine:202 - Starting simulation: BetHedging0.5_W80_Rep1
2025-05-27 19:00:07,448 - sim.BetHedging0.5_W80_Rep1 - INFO - simulation_engine:204 - Colony initialized: 5 cells.
2025-05-27 19:00:07,449 - sim.BetHedging0.5_W80_Rep1.MetricsCollector - INFO - metrics:177 - Metrics @ T=0.00: Cells=5, MaxR=1.73, Pheno={'G_SPECIALIST': 5, 'L_SPECIALIST': 0, 'SWITCHING_GL': 0}
2025-05-27 19:00:07,450 - sim.BetHedging0.5_W80_Rep1.MetricsCollector - INFO - metrics:177 - Metrics @ T=1.00: Cells=7, MaxR=3.46, Pheno={'G_SPECIALIST': 7, 'L_SPECIALIST': 0, 'SWITCHING_GL': 0}
2025-05-27 19:00:07,451 - sim.BetHedging0.5_W80_Rep1.MetricsCollector - INFO - metrics:177 - Metrics @ T=2.00: Cells=11, MaxR=3.46, Pheno={'G_SPECIALIST': 11, 'L_SPECIALIST': 0, 'SWITCHING_GL': 0}
2025-05-27 19:00:07,452 - sim.BetHedging0.5_W80_Rep1.MetricsCollector - INFO - metrics:177 - Metrics @ T=3.00: Cells=11, MaxR=3.46, Pheno={'G_SPECIALIST': 11, 'L_SPECIALIST': 0, 'SWITCHING_GL': 0}
2025-05-27 19:00:07,453 - sim.BetHedging0.5_W80_Rep1.MetricsCollector - INFO - metrics:177 - Metrics @ T=4.00: Cells=16, MaxR=4.58, Pheno={'G_SPECIALIST': 16, 'L_SPECIALIST': 0, 'SWITCHING_GL': 0}
2025-05-27 19:00:07,455 - sim.BetHedging0.5_W80_Rep1.MetricsCollector - INFO - metrics:177 - Metrics @ T=5.00: Cells=21, MaxR=4.58, Pheno={'G_SPECIALIST': 21, 'L_SPECIALIST': 0, 'SWITCHING_GL': 0}
2025-05-27 19:00:07,457 - sim.BetHedging0.5_W80_Rep1.MetricsCollector - INFO - metrics:177 - Metrics @ T=6.00: Cells=26, MaxR=6.24, Pheno={'G_SPECIALIST': 26, 'L_SPECIALIST': 0, 'SWITCHING_GL': 0}
2025-05-27 19:00:07,460 - sim.BetHedging0.5_W80_Rep1.MetricsCollector - INFO - metrics:177 - Metrics @ T=7.00: Cells=37, MaxR=7.55, Pheno={'G_SPECIALIST': 37, 'L_SPECIALIST': 0, 'SWITCHING_GL': 0}
2025-05-27 19:00:07,463 - sim.BetHedging0.5_W80_Rep1.MetricsCollector - INFO - metrics:177 - Metrics @ T=8.00: Cells=42, MaxR=7.55, Pheno={'G_SPECIALIST': 42, 'L_SPECIALIST': 0, 'SWITCHING_GL': 0}
2025-05-27 19:00:07,467 - sim.BetHedging0.5_W80_Rep1.MetricsCollector - INFO - metrics:177 - Metrics @ T=9.00: Cells=45, MaxR=7.55, Pheno={'G_SPECIALIST': 45, 'L_SPECIALIST': 0, 'SWITCHING_GL': 0}
2025-05-27 19:00:07,469 - sim.BetHedging0.5_W80_Rep1 - INFO - simulation_engine:218 - Progress: T=10.00, Cells=47
2025-05-27 19:00:07,470 - sim.BetHedging0.5_W80_Rep1.MetricsCollector - INFO - metrics:177 - Metrics @ T=10.00: Cells=48, MaxR=7.94, Pheno={'G_SPECIALIST': 48, 'L_SPECIALIST': 0, 'SWITCHING_GL': 0}
2025-05-27 19:00:07,474 - sim.BetHedging0.5_W80_Rep1.MetricsCollector - INFO - metrics:177 - Metrics @ T=11.00: Cells=55, MaxR=9.17, Pheno={'G_SPECIALIST': 55, 'L_SPECIALIST': 0, 'SWITCHING_GL': 0}
2025-05-27 19:00:07,478 - sim.BetHedging0.5_W80_Rep1.MetricsCollector - INFO - metrics:177 - Metrics @ T=12.00: Cells=64, MaxR=10.82, Pheno={'G_SPECIALIST': 64, 'L_SPECIALIST': 0, 'SWITCHING_GL': 0}
2025-05-27 19:00:07,483 - sim.BetHedging0.5_W80_Rep1.MetricsCollector - INFO - metrics:177 - Metrics @ T=13.00: Cells=76, MaxR=10.82, Pheno={'G_SPECIALIST': 76, 'L_SPECIALIST': 0, 'SWITCHING_GL': 0}
2025-05-27 19:00:07,489 - sim.BetHedging0.5_W80_Rep1.MetricsCollector - INFO - metrics:177 - Metrics @ T=14.00: Cells=87, MaxR=12.00, Pheno={'G_SPECIALIST': 87, 'L_SPECIALIST': 0, 'SWITCHING_GL': 0}
2025-05-27 19:00:07,495 - sim.BetHedging0.5_W80_Rep1.MetricsCollector - INFO - metrics:177 - Metrics @ T=15.00: Cells=107, MaxR=14.18, Pheno={'G_SPECIALIST': 107, 'L_SPECIALIST': 0, 'SWITCHING_GL': 0}
2025-05-27 19:00:07,503 - sim.BetHedging0.5_W80_Rep1.MetricsCollector - INFO - metrics:177 - Metrics @ T=16.00: Cells=116, MaxR=14.80, Pheno={'G_SPECIALIST': 116, 'L_SPECIALIST': 0, 'SWITCHING_GL': 0}
2025-05-27 19:00:07,512 - sim.BetHedging0.5_W80_Rep1.MetricsCollector - INFO - metrics:177 - Metrics @ T=17.00: Cells=136, MaxR=17.58, Pheno={'G_SPECIALIST': 136, 'L_SPECIALIST': 0, 'SWITCHING_GL': 0}
2025-05-27 19:00:07,521 - sim.BetHedging0.5_W80_Rep1.MetricsCollector - INFO - metrics:177 - Metrics @ T=18.00: Cells=151, MaxR=18.25, Pheno={'G_SPECIALIST': 151, 'L_SPECIALIST': 0, 'SWITCHING_GL': 0}
2025-05-27 19:00:07,533 - sim.BetHedging0.5_W80_Rep1.MetricsCollector - INFO - metrics:177 - Metrics @ T=19.00: Cells=179, MaxR=18.73, Pheno={'G_SPECIALIST': 179, 'L_SPECIALIST': 0, 'SWITCHING_GL': 0}
2025-05-27 19:00:07,544 - sim.BetHedging0.5_W80_Rep1 - INFO - simulation_engine:218 - Progress: T=20.00, Cells=197
2025-05-27 19:00:07,547 - sim.BetHedging0.5_W80_Rep1.MetricsCollector - INFO - metrics:177 - Metrics @ T=20.00: Cells=200, MaxR=19.97, Pheno={'G_SPECIALIST': 200, 'L_SPECIALIST': 0, 'SWITCHING_GL': 0}
2025-05-27 19:00:07,560 - sim.BetHedging0.5_W80_Rep1.MetricsCollector - INFO - metrics:177 - Metrics @ T=21.00: Cells=223, MaxR=21.70, Pheno={'G_SPECIALIST': 223, 'L_SPECIALIST': 0, 'SWITCHING_GL': 0}
2025-05-27 19:00:07,577 - sim.BetHedging0.5_W80_Rep1.MetricsCollector - INFO - metrics:177 - Metrics @ T=22.00: Cells=241, MaxR=22.52, Pheno={'G_SPECIALIST': 241, 'L_SPECIALIST': 0, 'SWITCHING_GL': 0}
2025-05-27 19:00:07,594 - sim.BetHedging0.5_W80_Rep1.MetricsCollector - INFO - metrics:177 - Metrics @ T=23.00: Cells=266, MaxR=22.52, Pheno={'G_SPECIALIST': 266, 'L_SPECIALIST': 0, 'SWITCHING_GL': 0}
2025-05-27 19:00:07,612 - sim.BetHedging0.5_W80_Rep1.MetricsCollector - INFO - metrics:177 - Metrics @ T=24.00: Cells=289, MaxR=23.30, Pheno={'G_SPECIALIST': 289, 'L_SPECIALIST': 0, 'SWITCHING_GL': 0}
2025-05-27 19:00:07,633 - sim.BetHedging0.5_W80_Rep1.MetricsCollector - INFO - metrics:177 - Metrics @ T=25.00: Cells=315, MaxR=24.98, Pheno={'G_SPECIALIST': 315, 'L_SPECIALIST': 0, 'SWITCHING_GL': 0}
2025-05-27 19:00:07,653 - sim.BetHedging0.5_W80_Rep1.MetricsCollector - INFO - metrics:177 - Metrics @ T=26.00: Cells=332, MaxR=24.98, Pheno={'G_SPECIALIST': 332, 'L_SPECIALIST': 0, 'SWITCHING_GL': 0}
2025-05-27 19:00:07,675 - sim.BetHedging0.5_W80_Rep1.MetricsCollector - INFO - metrics:177 - Metrics @ T=27.00: Cells=356, MaxR=26.21, Pheno={'G_SPECIALIST': 356, 'L_SPECIALIST': 0, 'SWITCHING_GL': 0}
2025-05-27 19:00:07,699 - sim.BetHedging0.5_W80_Rep1.MetricsCollector - INFO - metrics:177 - Metrics @ T=28.00: Cells=385, MaxR=26.66, Pheno={'G_SPECIALIST': 385, 'L_SPECIALIST': 0, 'SWITCHING_GL': 0}
2025-05-27 19:00:07,726 - sim.BetHedging0.5_W80_Rep1.MetricsCollector - INFO - metrics:177 - Metrics @ T=29.00: Cells=429, MaxR=28.35, Pheno={'G_SPECIALIST': 429, 'L_SPECIALIST': 0, 'SWITCHING_GL': 0}
2025-05-27 19:00:07,750 - sim.BetHedging0.5_W80_Rep1 - INFO - simulation_engine:218 - Progress: T=30.00, Cells=459
2025-05-27 19:00:07,756 - sim.BetHedging0.5_W80_Rep1.MetricsCollector - INFO - metrics:177 - Metrics @ T=30.00: Cells=464, MaxR=29.55, Pheno={'G_SPECIALIST': 464, 'L_SPECIALIST': 0, 'SWITCHING_GL': 0}
2025-05-27 19:00:07,785 - sim.BetHedging0.5_W80_Rep1.MetricsCollector - INFO - metrics:177 - Metrics @ T=31.00: Cells=492, MaxR=29.60, Pheno={'G_SPECIALIST': 492, 'L_SPECIALIST': 0, 'SWITCHING_GL': 0}
2025-05-27 19:00:07,818 - sim.BetHedging0.5_W80_Rep1.MetricsCollector - INFO - metrics:177 - Metrics @ T=32.00: Cells=519, MaxR=30.79, Pheno={'G_SPECIALIST': 519, 'L_SPECIALIST': 0, 'SWITCHING_GL': 0}
2025-05-27 19:00:07,852 - sim.BetHedging0.5_W80_Rep1.MetricsCollector - INFO - metrics:177 - Metrics @ T=33.00: Cells=548, MaxR=31.32, Pheno={'G_SPECIALIST': 548, 'L_SPECIALIST': 0, 'SWITCHING_GL': 0}
2025-05-27 19:00:07,888 - sim.BetHedging0.5_W80_Rep1.MetricsCollector - INFO - metrics:177 - Metrics @ T=34.00: Cells=585, MaxR=32.08, Pheno={'G_SPECIALIST': 585, 'L_SPECIALIST': 0, 'SWITCHING_GL': 0}
2025-05-27 19:00:07,927 - sim.BetHedging0.5_W80_Rep1.MetricsCollector - INFO - metrics:177 - Metrics @ T=35.00: Cells=621, MaxR=33.05, Pheno={'G_SPECIALIST': 621, 'L_SPECIALIST': 0, 'SWITCHING_GL': 0}
2025-05-27 19:00:07,968 - sim.BetHedging0.5_W80_Rep1.MetricsCollector - INFO - metrics:177 - Metrics @ T=36.00: Cells=666, MaxR=34.12, Pheno={'G_SPECIALIST': 666, 'L_SPECIALIST': 0, 'SWITCHING_GL': 0}
2025-05-27 19:00:08,012 - sim.BetHedging0.5_W80_Rep1.MetricsCollector - INFO - metrics:177 - Metrics @ T=37.00: Cells=709, MaxR=34.12, Pheno={'G_SPECIALIST': 709, 'L_SPECIALIST': 0, 'SWITCHING_GL': 0}
2025-05-27 19:00:08,058 - sim.BetHedging0.5_W80_Rep1.MetricsCollector - INFO - metrics:177 - Metrics @ T=38.00: Cells=760, MaxR=35.03, Pheno={'G_SPECIALIST': 760, 'L_SPECIALIST': 0, 'SWITCHING_GL': 0}
2025-05-27 19:00:08,108 - sim.BetHedging0.5_W80_Rep1.MetricsCollector - INFO - metrics:177 - Metrics @ T=39.00: Cells=802, MaxR=35.03, Pheno={'G_SPECIALIST': 802, 'L_SPECIALIST': 0, 'SWITCHING_GL': 0}
2025-05-27 19:00:08,150 - sim.BetHedging0.5_W80_Rep1 - INFO - simulation_engine:218 - Progress: T=40.00, Cells=829
2025-05-27 19:00:08,159 - sim.BetHedging0.5_W80_Rep1.MetricsCollector - INFO - metrics:177 - Metrics @ T=40.00: Cells=831, MaxR=36.29, Pheno={'G_SPECIALIST': 831, 'L_SPECIALIST': 0, 'SWITCHING_GL': 0}
2025-05-27 19:00:08,213 - sim.BetHedging0.5_W80_Rep1.MetricsCollector - INFO - metrics:177 - Metrics @ T=41.00: Cells=860, MaxR=36.29, Pheno={'G_SPECIALIST': 860, 'L_SPECIALIST': 0, 'SWITCHING_GL': 0}
2025-05-27 19:00:08,268 - sim.BetHedging0.5_W80_Rep1.MetricsCollector - INFO - metrics:177 - Metrics @ T=42.00: Cells=889, MaxR=36.29, Pheno={'G_SPECIALIST': 889, 'L_SPECIALIST': 0, 'SWITCHING_GL': 0}
2025-05-27 19:00:08,325 - sim.BetHedging0.5_W80_Rep1.MetricsCollector - INFO - metrics:177 - Metrics @ T=43.00: Cells=934, MaxR=37.47, Pheno={'G_SPECIALIST': 934, 'L_SPECIALIST': 0, 'SWITCHING_GL': 0}
2025-05-27 19:00:08,385 - sim.BetHedging0.5_W80_Rep1.MetricsCollector - INFO - metrics:177 - Metrics @ T=44.00: Cells=967, MaxR=37.47, Pheno={'G_SPECIALIST': 967, 'L_SPECIALIST': 0, 'SWITCHING_GL': 0}
2025-05-27 19:00:08,448 - sim.BetHedging0.5_W80_Rep1.MetricsCollector - INFO - metrics:177 - Metrics @ T=45.00: Cells=1011, MaxR=38.69, Pheno={'G_SPECIALIST': 1011, 'L_SPECIALIST': 0, 'SWITCHING_GL': 0}
2025-05-27 19:00:08,513 - sim.BetHedging0.5_W80_Rep1.MetricsCollector - INFO - metrics:177 - Metrics @ T=46.00: Cells=1061, MaxR=40.36, Pheno={'G_SPECIALIST': 1060, 'SWITCHING_GL': 1, 'L_SPECIALIST': 0}
2025-05-27 19:00:08,584 - sim.BetHedging0.5_W80_Rep1.MetricsCollector - INFO - metrics:177 - Metrics @ T=47.00: Cells=1112, MaxR=40.36, Pheno={'G_SPECIALIST': 1111, 'SWITCHING_GL': 1, 'L_SPECIALIST': 0}
2025-05-27 19:00:08,656 - sim.BetHedging0.5_W80_Rep1.MetricsCollector - INFO - metrics:177 - Metrics @ T=48.00: Cells=1165, MaxR=41.39, Pheno={'G_SPECIALIST': 1161, 'SWITCHING_GL': 4, 'L_SPECIALIST': 0}
2025-05-27 19:00:08,732 - sim.BetHedging0.5_W80_Rep1.MetricsCollector - INFO - metrics:177 - Metrics @ T=49.00: Cells=1226, MaxR=41.39, Pheno={'G_SPECIALIST': 1222, 'SWITCHING_GL': 4, 'L_SPECIALIST': 0}
2025-05-27 19:00:08,801 - sim.BetHedging0.5_W80_Rep1 - INFO - simulation_engine:218 - Progress: T=50.00, Cells=1270
2025-05-27 19:00:08,815 - sim.BetHedging0.5_W80_Rep1.MetricsCollector - INFO - metrics:177 - Metrics @ T=50.00: Cells=1271, MaxR=41.39, Pheno={'G_SPECIALIST': 1265, 'SWITCHING_GL': 6, 'L_SPECIALIST': 0}
2025-05-27 19:00:08,895 - sim.BetHedging0.5_W80_Rep1.MetricsCollector - INFO - metrics:177 - Metrics @ T=51.00: Cells=1306, MaxR=41.39, Pheno={'G_SPECIALIST': 1298, 'SWITCHING_GL': 8, 'L_SPECIALIST': 0}
2025-05-27 19:00:08,981 - sim.BetHedging0.5_W80_Rep1.MetricsCollector - INFO - metrics:177 - Metrics @ T=52.00: Cells=1361, MaxR=41.61, Pheno={'G_SPECIALIST': 1350, 'SWITCHING_GL': 11, 'L_SPECIALIST': 0}
2025-05-27 19:00:09,083 - sim.BetHedging0.5_W80_Rep1.MetricsCollector - INFO - metrics:177 - Metrics @ T=53.00: Cells=1395, MaxR=41.61, Pheno={'G_SPECIALIST': 1384, 'SWITCHING_GL': 9, 'L_SPECIALIST': 2}
2025-05-27 19:00:09,177 - sim.BetHedging0.5_W80_Rep1.MetricsCollector - INFO - metrics:177 - Metrics @ T=54.00: Cells=1442, MaxR=41.68, Pheno={'G_SPECIALIST': 1428, 'SWITCHING_GL': 12, 'L_SPECIALIST': 2}
2025-05-27 19:00:09,275 - sim.BetHedging0.5_W80_Rep1.MetricsCollector - INFO - metrics:177 - Metrics @ T=55.00: Cells=1492, MaxR=41.68, Pheno={'G_SPECIALIST': 1478, 'SWITCHING_GL': 11, 'L_SPECIALIST': 3}
2025-05-27 19:00:09,375 - sim.BetHedging0.5_W80_Rep1.MetricsCollector - INFO - metrics:177 - Metrics @ T=56.00: Cells=1546, MaxR=41.68, Pheno={'G_SPECIALIST': 1526, 'SWITCHING_GL': 16, 'L_SPECIALIST': 4}
2025-05-27 19:00:09,483 - sim.BetHedging0.5_W80_Rep1.MetricsCollector - INFO - metrics:177 - Metrics @ T=57.00: Cells=1598, MaxR=42.88, Pheno={'G_SPECIALIST': 1570, 'SWITCHING_GL': 20, 'L_SPECIALIST': 8}
2025-05-27 19:00:09,592 - sim.BetHedging0.5_W80_Rep1.MetricsCollector - INFO - metrics:177 - Metrics @ T=58.00: Cells=1628, MaxR=42.88, Pheno={'G_SPECIALIST': 1594, 'SWITCHING_GL': 25, 'L_SPECIALIST': 9}
2025-05-27 19:00:09,703 - sim.BetHedging0.5_W80_Rep1.MetricsCollector - INFO - metrics:177 - Metrics @ T=59.00: Cells=1668, MaxR=42.88, Pheno={'G_SPECIALIST': 1625, 'SWITCHING_GL': 31, 'L_SPECIALIST': 12}
2025-05-27 19:00:09,797 - sim.BetHedging0.5_W80_Rep1 - INFO - simulation_engine:218 - Progress: T=60.00, Cells=1708
2025-05-27 19:00:09,815 - sim.BetHedging0.5_W80_Rep1.MetricsCollector - INFO - metrics:177 - Metrics @ T=60.00: Cells=1712, MaxR=42.88, Pheno={'G_SPECIALIST': 1664, 'SWITCHING_GL': 36, 'L_SPECIALIST': 12}
2025-05-27 19:00:09,923 - sim.BetHedging0.5_W80_Rep1.MetricsCollector - INFO - metrics:177 - Metrics @ T=61.00: Cells=1737, MaxR=42.88, Pheno={'G_SPECIALIST': 1683, 'SWITCHING_GL': 39, 'L_SPECIALIST': 15}
2025-05-27 19:00:10,034 - sim.BetHedging0.5_W80_Rep1.MetricsCollector - INFO - metrics:177 - Metrics @ T=62.00: Cells=1780, MaxR=42.88, Pheno={'G_SPECIALIST': 1721, 'SWITCHING_GL': 39, 'L_SPECIALIST': 20}
2025-05-27 19:00:10,148 - sim.BetHedging0.5_W80_Rep1.MetricsCollector - INFO - metrics:177 - Metrics @ T=63.00: Cells=1813, MaxR=42.88, Pheno={'G_SPECIALIST': 1748, 'SWITCHING_GL': 39, 'L_SPECIALIST': 26}
2025-05-27 19:00:10,263 - sim.BetHedging0.5_W80_Rep1.MetricsCollector - INFO - metrics:177 - Metrics @ T=64.00: Cells=1838, MaxR=42.88, Pheno={'G_SPECIALIST': 1767, 'SWITCHING_GL': 41, 'L_SPECIALIST': 30}
2025-05-27 19:00:10,380 - sim.BetHedging0.5_W80_Rep1.MetricsCollector - INFO - metrics:177 - Metrics @ T=65.00: Cells=1869, MaxR=42.88, Pheno={'G_SPECIALIST': 1796, 'SWITCHING_GL': 39, 'L_SPECIALIST': 34}
2025-05-27 19:00:10,499 - sim.BetHedging0.5_W80_Rep1.MetricsCollector - INFO - metrics:177 - Metrics @ T=66.00: Cells=1897, MaxR=42.88, Pheno={'G_SPECIALIST': 1817, 'SWITCHING_GL': 43, 'L_SPECIALIST': 37}
2025-05-27 19:00:10,619 - sim.BetHedging0.5_W80_Rep1.MetricsCollector - INFO - metrics:177 - Metrics @ T=67.00: Cells=1931, MaxR=43.41, Pheno={'G_SPECIALIST': 1839, 'L_SPECIALIST': 44, 'SWITCHING_GL': 48}
2025-05-27 19:00:10,742 - sim.BetHedging0.5_W80_Rep1.MetricsCollector - INFO - metrics:177 - Metrics @ T=68.00: Cells=1965, MaxR=43.41, Pheno={'G_SPECIALIST': 1864, 'L_SPECIALIST': 48, 'SWITCHING_GL': 53}
2025-05-27 19:00:10,868 - sim.BetHedging0.5_W80_Rep1.MetricsCollector - INFO - metrics:177 - Metrics @ T=69.00: Cells=1997, MaxR=43.41, Pheno={'G_SPECIALIST': 1885, 'L_SPECIALIST': 55, 'SWITCHING_GL': 57}
2025-05-27 19:00:10,972 - sim.BetHedging0.5_W80_Rep1 - INFO - simulation_engine:218 - Progress: T=70.00, Cells=2012
2025-05-27 19:00:10,994 - sim.BetHedging0.5_W80_Rep1.MetricsCollector - INFO - metrics:177 - Metrics @ T=70.00: Cells=2016, MaxR=44.19, Pheno={'G_SPECIALIST': 1894, 'L_SPECIALIST': 60, 'SWITCHING_GL': 62}
2025-05-27 19:00:11,120 - sim.BetHedging0.5_W80_Rep1.MetricsCollector - INFO - metrics:177 - Metrics @ T=71.00: Cells=2038, MaxR=44.19, Pheno={'G_SPECIALIST': 1905, 'L_SPECIALIST': 66, 'SWITCHING_GL': 67}
2025-05-27 19:00:11,247 - sim.BetHedging0.5_W80_Rep1.MetricsCollector - INFO - metrics:177 - Metrics @ T=72.00: Cells=2056, MaxR=45.92, Pheno={'G_SPECIALIST': 1913, 'L_SPECIALIST': 75, 'SWITCHING_GL': 68}
2025-05-27 19:00:11,373 - sim.BetHedging0.5_W80_Rep1.MetricsCollector - INFO - metrics:177 - Metrics @ T=73.00: Cells=2074, MaxR=45.92, Pheno={'G_SPECIALIST': 1919, 'L_SPECIALIST': 87, 'SWITCHING_GL': 68}
2025-05-27 19:00:11,505 - sim.BetHedging0.5_W80_Rep1.MetricsCollector - INFO - metrics:177 - Metrics @ T=74.00: Cells=2093, MaxR=45.92, Pheno={'G_SPECIALIST': 1926, 'L_SPECIALIST': 98, 'SWITCHING_GL': 69}
2025-05-27 19:00:11,635 - sim.BetHedging0.5_W80_Rep1.MetricsCollector - INFO - metrics:177 - Metrics @ T=75.00: Cells=2109, MaxR=45.92, Pheno={'G_SPECIALIST': 1931, 'L_SPECIALIST': 108, 'SWITCHING_GL': 70}
2025-05-27 19:00:11,766 - sim.BetHedging0.5_W80_Rep1.MetricsCollector - INFO - metrics:177 - Metrics @ T=76.00: Cells=2128, MaxR=45.92, Pheno={'G_SPECIALIST': 1932, 'L_SPECIALIST': 127, 'SWITCHING_GL': 69}
2025-05-27 19:00:11,900 - sim.BetHedging0.5_W80_Rep1.MetricsCollector - INFO - metrics:177 - Metrics @ T=77.00: Cells=2152, MaxR=46.12, Pheno={'G_SPECIALIST': 1940, 'L_SPECIALIST': 145, 'SWITCHING_GL': 67}
2025-05-27 19:00:12,034 - sim.BetHedging0.5_W80_Rep1.MetricsCollector - INFO - metrics:177 - Metrics @ T=78.00: Cells=2165, MaxR=46.86, Pheno={'G_SPECIALIST': 1942, 'L_SPECIALIST': 156, 'SWITCHING_GL': 67}
2025-05-27 19:00:12,171 - sim.BetHedging0.5_W80_Rep1.MetricsCollector - INFO - metrics:177 - Metrics @ T=79.00: Cells=2177, MaxR=46.86, Pheno={'G_SPECIALIST': 1942, 'L_SPECIALIST': 168, 'SWITCHING_GL': 67}
2025-05-27 19:00:12,290 - sim.BetHedging0.5_W80_Rep1 - INFO - simulation_engine:218 - Progress: T=80.00, Cells=2189
2025-05-27 19:00:12,313 - sim.BetHedging0.5_W80_Rep1.MetricsCollector - INFO - metrics:177 - Metrics @ T=80.00: Cells=2189, MaxR=46.86, Pheno={'G_SPECIALIST': 1942, 'L_SPECIALIST': 187, 'SWITCHING_GL': 60}
2025-05-27 19:00:12,447 - sim.BetHedging0.5_W80_Rep1.MetricsCollector - INFO - metrics:177 - Metrics @ T=81.00: Cells=2211, MaxR=47.84, Pheno={'G_SPECIALIST': 1942, 'L_SPECIALIST': 212, 'SWITCHING_GL': 57}
2025-05-27 19:00:12,585 - sim.BetHedging0.5_W80_Rep1.MetricsCollector - INFO - metrics:177 - Metrics @ T=82.00: Cells=2228, MaxR=49.51, Pheno={'G_SPECIALIST': 1943, 'L_SPECIALIST': 234, 'SWITCHING_GL': 51}
2025-05-27 19:00:12,723 - sim.BetHedging0.5_W80_Rep1.MetricsCollector - INFO - metrics:177 - Metrics @ T=83.00: Cells=2246, MaxR=49.51, Pheno={'G_SPECIALIST': 1943, 'L_SPECIALIST': 258, 'SWITCHING_GL': 45}
2025-05-27 19:00:12,865 - sim.BetHedging0.5_W80_Rep1.MetricsCollector - INFO - metrics:177 - Metrics @ T=84.00: Cells=2268, MaxR=49.51, Pheno={'G_SPECIALIST': 1943, 'L_SPECIALIST': 283, 'SWITCHING_GL': 42}
2025-05-27 19:00:13,007 - sim.BetHedging0.5_W80_Rep1.MetricsCollector - INFO - metrics:177 - Metrics @ T=85.00: Cells=2290, MaxR=49.51, Pheno={'G_SPECIALIST': 1943, 'L_SPECIALIST': 307, 'SWITCHING_GL': 40}
2025-05-27 19:00:13,149 - sim.BetHedging0.5_W80_Rep1.MetricsCollector - INFO - metrics:177 - Metrics @ T=86.00: Cells=2306, MaxR=49.51, Pheno={'G_SPECIALIST': 1944, 'L_SPECIALIST': 324, 'SWITCHING_GL': 38}
2025-05-27 19:00:13,292 - sim.BetHedging0.5_W80_Rep1.MetricsCollector - INFO - metrics:177 - Metrics @ T=87.00: Cells=2329, MaxR=50.76, Pheno={'G_SPECIALIST': 1945, 'L_SPECIALIST': 347, 'SWITCHING_GL': 37}
2025-05-27 19:00:13,439 - sim.BetHedging0.5_W80_Rep1.MetricsCollector - INFO - metrics:177 - Metrics @ T=88.00: Cells=2352, MaxR=50.76, Pheno={'G_SPECIALIST': 1945, 'L_SPECIALIST': 373, 'SWITCHING_GL': 34}
2025-05-27 19:00:13,587 - sim.BetHedging0.5_W80_Rep1.MetricsCollector - INFO - metrics:177 - Metrics @ T=89.00: Cells=2383, MaxR=52.42, Pheno={'G_SPECIALIST': 1945, 'L_SPECIALIST': 408, 'SWITCHING_GL': 30}
2025-05-27 19:00:13,715 - sim.BetHedging0.5_W80_Rep1 - INFO - simulation_engine:218 - Progress: T=90.00, Cells=2402
2025-05-27 19:00:13,740 - sim.BetHedging0.5_W80_Rep1.MetricsCollector - INFO - metrics:177 - Metrics @ T=90.00: Cells=2406, MaxR=52.42, Pheno={'G_SPECIALIST': 1945, 'L_SPECIALIST': 434, 'SWITCHING_GL': 27}
2025-05-27 19:00:13,890 - sim.BetHedging0.5_W80_Rep1.MetricsCollector - INFO - metrics:177 - Metrics @ T=91.00: Cells=2420, MaxR=52.42, Pheno={'G_SPECIALIST': 1945, 'L_SPECIALIST': 452, 'SWITCHING_GL': 23}
2025-05-27 19:00:14,043 - sim.BetHedging0.5_W80_Rep1.MetricsCollector - INFO - metrics:177 - Metrics @ T=92.00: Cells=2451, MaxR=52.42, Pheno={'G_SPECIALIST': 1945, 'L_SPECIALIST': 489, 'SWITCHING_GL': 17}
2025-05-27 19:00:14,196 - sim.BetHedging0.5_W80_Rep1.MetricsCollector - INFO - metrics:177 - Metrics @ T=93.00: Cells=2482, MaxR=52.42, Pheno={'G_SPECIALIST': 1945, 'L_SPECIALIST': 524, 'SWITCHING_GL': 13}
2025-05-27 19:00:14,355 - sim.BetHedging0.5_W80_Rep1.MetricsCollector - INFO - metrics:177 - Metrics @ T=94.00: Cells=2503, MaxR=52.42, Pheno={'G_SPECIALIST': 1945, 'L_SPECIALIST': 546, 'SWITCHING_GL': 12}
2025-05-27 19:00:14,516 - sim.BetHedging0.5_W80_Rep1.MetricsCollector - INFO - metrics:177 - Metrics @ T=95.00: Cells=2529, MaxR=52.42, Pheno={'G_SPECIALIST': 1945, 'L_SPECIALIST': 575, 'SWITCHING_GL': 9}
2025-05-27 19:00:14,685 - sim.BetHedging0.5_W80_Rep1.MetricsCollector - INFO - metrics:177 - Metrics @ T=96.00: Cells=2546, MaxR=52.42, Pheno={'G_SPECIALIST': 1945, 'L_SPECIALIST': 593, 'SWITCHING_GL': 8}
2025-05-27 19:00:14,877 - sim.BetHedging0.5_W80_Rep1.MetricsCollector - INFO - metrics:177 - Metrics @ T=97.00: Cells=2576, MaxR=52.42, Pheno={'G_SPECIALIST': 1945, 'L_SPECIALIST': 624, 'SWITCHING_GL': 7}
2025-05-27 19:00:15,044 - sim.BetHedging0.5_W80_Rep1.MetricsCollector - INFO - metrics:177 - Metrics @ T=98.00: Cells=2608, MaxR=52.85, Pheno={'G_SPECIALIST': 1945, 'L_SPECIALIST': 656, 'SWITCHING_GL': 7}
2025-05-27 19:00:15,212 - sim.BetHedging0.5_W80_Rep1.MetricsCollector - INFO - metrics:177 - Metrics @ T=99.00: Cells=2635, MaxR=52.85, Pheno={'G_SPECIALIST': 1945, 'L_SPECIALIST': 684, 'SWITCHING_GL': 6}
2025-05-27 19:00:15,352 - sim.BetHedging0.5_W80_Rep1 - INFO - simulation_engine:218 - Progress: T=100.00, Cells=2649
2025-05-27 19:00:15,380 - sim.BetHedging0.5_W80_Rep1.MetricsCollector - INFO - metrics:177 - Metrics @ T=100.00: Cells=2655, MaxR=53.69, Pheno={'G_SPECIALIST': 1945, 'L_SPECIALIST': 706, 'SWITCHING_GL': 4}
2025-05-27 19:00:15,550 - sim.BetHedging0.5_W80_Rep1.MetricsCollector - INFO - metrics:177 - Metrics @ T=101.00: Cells=2677, MaxR=54.69, Pheno={'G_SPECIALIST': 1945, 'L_SPECIALIST': 728, 'SWITCHING_GL': 4}
2025-05-27 19:00:15,727 - sim.BetHedging0.5_W80_Rep1.MetricsCollector - INFO - metrics:177 - Metrics @ T=102.00: Cells=2701, MaxR=54.69, Pheno={'G_SPECIALIST': 1945, 'L_SPECIALIST': 752, 'SWITCHING_GL': 4}
2025-05-27 19:00:15,901 - sim.BetHedging0.5_W80_Rep1.MetricsCollector - INFO - metrics:177 - Metrics @ T=103.00: Cells=2737, MaxR=54.69, Pheno={'G_SPECIALIST': 1945, 'L_SPECIALIST': 789, 'SWITCHING_GL': 3}
2025-05-27 19:00:16,076 - sim.BetHedging0.5_W80_Rep1.MetricsCollector - INFO - metrics:177 - Metrics @ T=104.00: Cells=2762, MaxR=54.69, Pheno={'G_SPECIALIST': 1945, 'L_SPECIALIST': 814, 'SWITCHING_GL': 3}
2025-05-27 19:00:16,254 - sim.BetHedging0.5_W80_Rep1.MetricsCollector - INFO - metrics:177 - Metrics @ T=105.00: Cells=2793, MaxR=54.69, Pheno={'G_SPECIALIST': 1945, 'L_SPECIALIST': 845, 'SWITCHING_GL': 3}
2025-05-27 19:00:16,436 - sim.BetHedging0.5_W80_Rep1.MetricsCollector - INFO - metrics:177 - Metrics @ T=106.00: Cells=2824, MaxR=54.69, Pheno={'G_SPECIALIST': 1945, 'L_SPECIALIST': 878, 'SWITCHING_GL': 1}
2025-05-27 19:00:16,620 - sim.BetHedging0.5_W80_Rep1.MetricsCollector - INFO - metrics:177 - Metrics @ T=107.00: Cells=2865, MaxR=54.69, Pheno={'G_SPECIALIST': 1945, 'L_SPECIALIST': 919, 'SWITCHING_GL': 1}
2025-05-27 19:00:16,800 - sim.BetHedging0.5_W80_Rep1.MetricsCollector - INFO - metrics:177 - Metrics @ T=108.00: Cells=2894, MaxR=54.69, Pheno={'G_SPECIALIST': 1945, 'L_SPECIALIST': 948, 'SWITCHING_GL': 1}
2025-05-27 19:00:16,985 - sim.BetHedging0.5_W80_Rep1.MetricsCollector - INFO - metrics:177 - Metrics @ T=109.00: Cells=2927, MaxR=56.04, Pheno={'G_SPECIALIST': 1945, 'L_SPECIALIST': 982, 'SWITCHING_GL': 0}
2025-05-27 19:00:17,141 - sim.BetHedging0.5_W80_Rep1 - INFO - simulation_engine:218 - Progress: T=110.00, Cells=2950
2025-05-27 19:00:17,173 - sim.BetHedging0.5_W80_Rep1.MetricsCollector - INFO - metrics:177 - Metrics @ T=110.00: Cells=2953, MaxR=56.04, Pheno={'G_SPECIALIST': 1945, 'L_SPECIALIST': 1008, 'SWITCHING_GL': 0}
2025-05-27 19:00:17,360 - sim.BetHedging0.5_W80_Rep1.MetricsCollector - INFO - metrics:177 - Metrics @ T=111.00: Cells=2984, MaxR=56.04, Pheno={'G_SPECIALIST': 1945, 'L_SPECIALIST': 1039, 'SWITCHING_GL': 0}
2025-05-27 19:00:17,553 - sim.BetHedging0.5_W80_Rep1.MetricsCollector - INFO - metrics:177 - Metrics @ T=112.00: Cells=3021, MaxR=56.31, Pheno={'G_SPECIALIST': 1945, 'L_SPECIALIST': 1076, 'SWITCHING_GL': 0}
2025-05-27 19:00:17,755 - sim.BetHedging0.5_W80_Rep1.MetricsCollector - INFO - metrics:177 - Metrics @ T=113.00: Cells=3045, MaxR=56.31, Pheno={'G_SPECIALIST': 1945, 'L_SPECIALIST': 1100, 'SWITCHING_GL': 0}
2025-05-27 19:00:17,984 - sim.BetHedging0.5_W80_Rep1.MetricsCollector - INFO - metrics:177 - Metrics @ T=114.00: Cells=3073, MaxR=56.31, Pheno={'G_SPECIALIST': 1945, 'L_SPECIALIST': 1128, 'SWITCHING_GL': 0}
2025-05-27 19:00:18,187 - sim.BetHedging0.5_W80_Rep1.MetricsCollector - INFO - metrics:177 - Metrics @ T=115.00: Cells=3116, MaxR=57.65, Pheno={'G_SPECIALIST': 1945, 'L_SPECIALIST': 1171, 'SWITCHING_GL': 0}
2025-05-27 19:00:18,439 - sim.BetHedging0.5_W80_Rep1.MetricsCollector - INFO - metrics:177 - Metrics @ T=116.00: Cells=3145, MaxR=58.04, Pheno={'G_SPECIALIST': 1945, 'L_SPECIALIST': 1200, 'SWITCHING_GL': 0}
2025-05-27 19:00:18,647 - sim.BetHedging0.5_W80_Rep1.MetricsCollector - INFO - metrics:177 - Metrics @ T=117.00: Cells=3178, MaxR=58.04, Pheno={'G_SPECIALIST': 1945, 'L_SPECIALIST': 1233, 'SWITCHING_GL': 0}
2025-05-27 19:00:18,882 - sim.BetHedging0.5_W80_Rep1.MetricsCollector - INFO - metrics:177 - Metrics @ T=118.00: Cells=3208, MaxR=58.04, Pheno={'G_SPECIALIST': 1945, 'L_SPECIALIST': 1263, 'SWITCHING_GL': 0}
2025-05-27 19:00:19,190 - sim.BetHedging0.5_W80_Rep1.MetricsCollector - INFO - metrics:177 - Metrics @ T=119.00: Cells=3241, MaxR=58.04, Pheno={'G_SPECIALIST': 1945, 'L_SPECIALIST': 1296, 'SWITCHING_GL': 0}
2025-05-27 19:00:19,450 - sim.BetHedging0.5_W80_Rep1 - INFO - simulation_engine:218 - Progress: T=120.00, Cells=3269
2025-05-27 19:00:19,492 - sim.BetHedging0.5_W80_Rep1.MetricsCollector - INFO - metrics:177 - Metrics @ T=120.00: Cells=3272, MaxR=58.04, Pheno={'G_SPECIALIST': 1945, 'L_SPECIALIST': 1327, 'SWITCHING_GL': 0}
2025-05-27 19:00:19,702 - sim.BetHedging0.5_W80_Rep1.MetricsCollector - INFO - metrics:177 - Metrics @ T=121.00: Cells=3301, MaxR=58.04, Pheno={'G_SPECIALIST': 1945, 'L_SPECIALIST': 1356, 'SWITCHING_GL': 0}
2025-05-27 19:00:19,913 - sim.BetHedging0.5_W80_Rep1.MetricsCollector - INFO - metrics:177 - Metrics @ T=122.00: Cells=3334, MaxR=58.28, Pheno={'G_SPECIALIST': 1945, 'L_SPECIALIST': 1389, 'SWITCHING_GL': 0}
2025-05-27 19:00:20,127 - sim.BetHedging0.5_W80_Rep1.MetricsCollector - INFO - metrics:177 - Metrics @ T=123.00: Cells=3368, MaxR=58.97, Pheno={'G_SPECIALIST': 1945, 'L_SPECIALIST': 1423, 'SWITCHING_GL': 0}
2025-05-27 19:00:20,344 - sim.BetHedging0.5_W80_Rep1.MetricsCollector - INFO - metrics:177 - Metrics @ T=124.00: Cells=3396, MaxR=58.97, Pheno={'G_SPECIALIST': 1945, 'L_SPECIALIST': 1451, 'SWITCHING_GL': 0}
2025-05-27 19:00:20,563 - sim.BetHedging0.5_W80_Rep1.MetricsCollector - INFO - metrics:177 - Metrics @ T=125.00: Cells=3424, MaxR=59.77, Pheno={'G_SPECIALIST': 1945, 'L_SPECIALIST': 1479, 'SWITCHING_GL': 0}
2025-05-27 19:00:20,778 - sim.BetHedging0.5_W80_Rep1.MetricsCollector - INFO - metrics:177 - Metrics @ T=126.00: Cells=3450, MaxR=59.77, Pheno={'G_SPECIALIST': 1945, 'L_SPECIALIST': 1505, 'SWITCHING_GL': 0}
2025-05-27 19:00:20,999 - sim.BetHedging0.5_W80_Rep1.MetricsCollector - INFO - metrics:177 - Metrics @ T=127.00: Cells=3478, MaxR=59.77, Pheno={'G_SPECIALIST': 1945, 'L_SPECIALIST': 1533, 'SWITCHING_GL': 0}
2025-05-27 19:00:21,223 - sim.BetHedging0.5_W80_Rep1.MetricsCollector - INFO - metrics:177 - Metrics @ T=128.00: Cells=3512, MaxR=60.40, Pheno={'G_SPECIALIST': 1945, 'L_SPECIALIST': 1567, 'SWITCHING_GL': 0}
2025-05-27 19:00:21,443 - sim.BetHedging0.5_W80_Rep1.MetricsCollector - INFO - metrics:177 - Metrics @ T=129.00: Cells=3530, MaxR=60.40, Pheno={'G_SPECIALIST': 1945, 'L_SPECIALIST': 1585, 'SWITCHING_GL': 0}
2025-05-27 19:00:21,635 - sim.BetHedging0.5_W80_Rep1 - INFO - simulation_engine:218 - Progress: T=130.00, Cells=3560
2025-05-27 19:00:21,673 - sim.BetHedging0.5_W80_Rep1.MetricsCollector - INFO - metrics:177 - Metrics @ T=130.00: Cells=3563, MaxR=60.40, Pheno={'G_SPECIALIST': 1945, 'L_SPECIALIST': 1618, 'SWITCHING_GL': 0}
2025-05-27 19:00:21,902 - sim.BetHedging0.5_W80_Rep1.MetricsCollector - INFO - metrics:177 - Metrics @ T=131.00: Cells=3597, MaxR=60.89, Pheno={'G_SPECIALIST': 1945, 'L_SPECIALIST': 1652, 'SWITCHING_GL': 0}
2025-05-27 19:00:22,133 - sim.BetHedging0.5_W80_Rep1.MetricsCollector - INFO - metrics:177 - Metrics @ T=132.00: Cells=3632, MaxR=61.55, Pheno={'G_SPECIALIST': 1945, 'L_SPECIALIST': 1687, 'SWITCHING_GL': 0}
2025-05-27 19:00:22,391 - sim.BetHedging0.5_W80_Rep1.MetricsCollector - INFO - metrics:177 - Metrics @ T=133.00: Cells=3665, MaxR=61.55, Pheno={'G_SPECIALIST': 1945, 'L_SPECIALIST': 1720, 'SWITCHING_GL': 0}
2025-05-27 19:00:22,626 - sim.BetHedging0.5_W80_Rep1.MetricsCollector - INFO - metrics:177 - Metrics @ T=134.00: Cells=3701, MaxR=62.23, Pheno={'G_SPECIALIST': 1945, 'L_SPECIALIST': 1756, 'SWITCHING_GL': 0}
2025-05-27 19:00:22,865 - sim.BetHedging0.5_W80_Rep1.MetricsCollector - INFO - metrics:177 - Metrics @ T=135.00: Cells=3742, MaxR=62.23, Pheno={'G_SPECIALIST': 1945, 'L_SPECIALIST': 1797, 'SWITCHING_GL': 0}
2025-05-27 19:00:23,126 - sim.BetHedging0.5_W80_Rep1.MetricsCollector - INFO - metrics:177 - Metrics @ T=136.00: Cells=3782, MaxR=62.52, Pheno={'G_SPECIALIST': 1945, 'L_SPECIALIST': 1837, 'SWITCHING_GL': 0}
2025-05-27 19:00:23,372 - sim.BetHedging0.5_W80_Rep1.MetricsCollector - INFO - metrics:177 - Metrics @ T=137.00: Cells=3810, MaxR=62.52, Pheno={'G_SPECIALIST': 1945, 'L_SPECIALIST': 1865, 'SWITCHING_GL': 0}
2025-05-27 19:00:23,625 - sim.BetHedging0.5_W80_Rep1.MetricsCollector - INFO - metrics:177 - Metrics @ T=138.00: Cells=3841, MaxR=63.85, Pheno={'G_SPECIALIST': 1945, 'L_SPECIALIST': 1896, 'SWITCHING_GL': 0}
2025-05-27 19:00:23,870 - sim.BetHedging0.5_W80_Rep1.MetricsCollector - INFO - metrics:177 - Metrics @ T=139.00: Cells=3871, MaxR=63.85, Pheno={'G_SPECIALIST': 1945, 'L_SPECIALIST': 1926, 'SWITCHING_GL': 0}
2025-05-27 19:00:24,079 - sim.BetHedging0.5_W80_Rep1 - INFO - simulation_engine:218 - Progress: T=140.00, Cells=3898
2025-05-27 19:00:24,120 - sim.BetHedging0.5_W80_Rep1.MetricsCollector - INFO - metrics:177 - Metrics @ T=140.00: Cells=3900, MaxR=64.16, Pheno={'G_SPECIALIST': 1945, 'L_SPECIALIST': 1955, 'SWITCHING_GL': 0}
2025-05-27 19:00:24,366 - sim.BetHedging0.5_W80_Rep1.MetricsCollector - INFO - metrics:177 - Metrics @ T=141.00: Cells=3930, MaxR=64.16, Pheno={'G_SPECIALIST': 1945, 'L_SPECIALIST': 1985, 'SWITCHING_GL': 0}
2025-05-27 19:00:24,616 - sim.BetHedging0.5_W80_Rep1.MetricsCollector - INFO - metrics:177 - Metrics @ T=142.00: Cells=3970, MaxR=64.65, Pheno={'G_SPECIALIST': 1945, 'L_SPECIALIST': 2025, 'SWITCHING_GL': 0}
2025-05-27 19:00:24,874 - sim.BetHedging0.5_W80_Rep1.MetricsCollector - INFO - metrics:177 - Metrics @ T=143.00: Cells=4013, MaxR=65.20, Pheno={'G_SPECIALIST': 1945, 'L_SPECIALIST': 2068, 'SWITCHING_GL': 0}
2025-05-27 19:00:25,132 - sim.BetHedging0.5_W80_Rep1.MetricsCollector - INFO - metrics:177 - Metrics @ T=144.00: Cells=4048, MaxR=65.20, Pheno={'G_SPECIALIST': 1945, 'L_SPECIALIST': 2103, 'SWITCHING_GL': 0}
2025-05-27 19:00:25,393 - sim.BetHedging0.5_W80_Rep1.MetricsCollector - INFO - metrics:177 - Metrics @ T=145.00: Cells=4091, MaxR=65.20, Pheno={'G_SPECIALIST': 1945, 'L_SPECIALIST': 2146, 'SWITCHING_GL': 0}
2025-05-27 19:00:25,659 - sim.BetHedging0.5_W80_Rep1.MetricsCollector - INFO - metrics:177 - Metrics @ T=146.00: Cells=4117, MaxR=65.80, Pheno={'G_SPECIALIST': 1945, 'L_SPECIALIST': 2172, 'SWITCHING_GL': 0}
2025-05-27 19:00:25,924 - sim.BetHedging0.5_W80_Rep1.MetricsCollector - INFO - metrics:177 - Metrics @ T=147.00: Cells=4160, MaxR=66.57, Pheno={'G_SPECIALIST': 1945, 'L_SPECIALIST': 2215, 'SWITCHING_GL': 0}
2025-05-27 19:00:26,199 - sim.BetHedging0.5_W80_Rep1.MetricsCollector - INFO - metrics:177 - Metrics @ T=148.00: Cells=4197, MaxR=66.57, Pheno={'G_SPECIALIST': 1945, 'L_SPECIALIST': 2252, 'SWITCHING_GL': 0}
2025-05-27 19:00:26,475 - sim.BetHedging0.5_W80_Rep1.MetricsCollector - INFO - metrics:177 - Metrics @ T=149.00: Cells=4227, MaxR=66.57, Pheno={'G_SPECIALIST': 1945, 'L_SPECIALIST': 2282, 'SWITCHING_GL': 0}
2025-05-27 19:00:26,741 - sim.BetHedging0.5_W80_Rep1 - INFO - simulation_engine:218 - Progress: T=150.00, Cells=4259
2025-05-27 19:00:26,802 - sim.BetHedging0.5_W80_Rep1.MetricsCollector - INFO - metrics:177 - Metrics @ T=150.00: Cells=4261, MaxR=66.57, Pheno={'G_SPECIALIST': 1945, 'L_SPECIALIST': 2316, 'SWITCHING_GL': 0}
2025-05-27 19:00:27,169 - sim.BetHedging0.5_W80_Rep1.MetricsCollector - INFO - metrics:177 - Metrics @ T=151.00: Cells=4288, MaxR=66.57, Pheno={'G_SPECIALIST': 1945, 'L_SPECIALIST': 2343, 'SWITCHING_GL': 0}
2025-05-27 19:00:27,444 - sim.BetHedging0.5_W80_Rep1.MetricsCollector - INFO - metrics:177 - Metrics @ T=152.00: Cells=4324, MaxR=66.57, Pheno={'G_SPECIALIST': 1945, 'L_SPECIALIST': 2379, 'SWITCHING_GL': 0}
2025-05-27 19:00:27,722 - sim.BetHedging0.5_W80_Rep1.MetricsCollector - INFO - metrics:177 - Metrics @ T=153.00: Cells=4355, MaxR=66.57, Pheno={'G_SPECIALIST': 1945, 'L_SPECIALIST': 2410, 'SWITCHING_GL': 0}
2025-05-27 19:00:28,006 - sim.BetHedging0.5_W80_Rep1.MetricsCollector - INFO - metrics:177 - Metrics @ T=154.00: Cells=4388, MaxR=66.81, Pheno={'G_SPECIALIST': 1945, 'L_SPECIALIST': 2443, 'SWITCHING_GL': 0}
2025-05-27 19:00:28,285 - sim.BetHedging0.5_W80_Rep1.MetricsCollector - INFO - metrics:177 - Metrics @ T=155.00: Cells=4426, MaxR=66.81, Pheno={'G_SPECIALIST': 1945, 'L_SPECIALIST': 2481, 'SWITCHING_GL': 0}
2025-05-27 19:00:28,590 - sim.BetHedging0.5_W80_Rep1.MetricsCollector - INFO - metrics:177 - Metrics @ T=156.00: Cells=4462, MaxR=67.55, Pheno={'G_SPECIALIST': 1945, 'L_SPECIALIST': 2517, 'SWITCHING_GL': 0}
2025-05-27 19:00:28,920 - sim.BetHedging0.5_W80_Rep1.MetricsCollector - INFO - metrics:177 - Metrics @ T=157.00: Cells=4501, MaxR=67.55, Pheno={'G_SPECIALIST': 1945, 'L_SPECIALIST': 2556, 'SWITCHING_GL': 0}
2025-05-27 19:00:29,266 - sim.BetHedging0.5_W80_Rep1.MetricsCollector - INFO - metrics:177 - Metrics @ T=158.00: Cells=4543, MaxR=67.64, Pheno={'G_SPECIALIST': 1945, 'L_SPECIALIST': 2598, 'SWITCHING_GL': 0}
2025-05-27 19:00:29,559 - sim.BetHedging0.5_W80_Rep1.MetricsCollector - INFO - metrics:177 - Metrics @ T=159.00: Cells=4576, MaxR=69.09, Pheno={'G_SPECIALIST': 1945, 'L_SPECIALIST': 2631, 'SWITCHING_GL': 0}
2025-05-27 19:00:29,811 - sim.BetHedging0.5_W80_Rep1 - INFO - simulation_engine:218 - Progress: T=160.00, Cells=4611
2025-05-27 19:00:29,859 - sim.BetHedging0.5_W80_Rep1.MetricsCollector - INFO - metrics:177 - Metrics @ T=160.00: Cells=4614, MaxR=69.09, Pheno={'G_SPECIALIST': 1945, 'L_SPECIALIST': 2669, 'SWITCHING_GL': 0}
2025-05-27 19:00:30,156 - sim.BetHedging0.5_W80_Rep1.MetricsCollector - INFO - metrics:177 - Metrics @ T=161.00: Cells=4654, MaxR=69.09, Pheno={'G_SPECIALIST': 1945, 'L_SPECIALIST': 2709, 'SWITCHING_GL': 0}
2025-05-27 19:00:30,456 - sim.BetHedging0.5_W80_Rep1.MetricsCollector - INFO - metrics:177 - Metrics @ T=162.00: Cells=4693, MaxR=69.09, Pheno={'G_SPECIALIST': 1945, 'L_SPECIALIST': 2748, 'SWITCHING_GL': 0}
2025-05-27 19:00:30,765 - sim.BetHedging0.5_W80_Rep1.MetricsCollector - INFO - metrics:177 - Metrics @ T=163.00: Cells=4729, MaxR=69.09, Pheno={'G_SPECIALIST': 1945, 'L_SPECIALIST': 2784, 'SWITCHING_GL': 0}
2025-05-27 19:00:31,064 - sim.BetHedging0.5_W80_Rep1.MetricsCollector - INFO - metrics:177 - Metrics @ T=164.00: Cells=4762, MaxR=69.09, Pheno={'G_SPECIALIST': 1945, 'L_SPECIALIST': 2817, 'SWITCHING_GL': 0}
2025-05-27 19:00:31,401 - sim.BetHedging0.5_W80_Rep1.MetricsCollector - INFO - metrics:177 - Metrics @ T=165.00: Cells=4808, MaxR=69.54, Pheno={'G_SPECIALIST': 1945, 'L_SPECIALIST': 2863, 'SWITCHING_GL': 0}
2025-05-27 19:00:31,708 - sim.BetHedging0.5_W80_Rep1.MetricsCollector - INFO - metrics:177 - Metrics @ T=166.00: Cells=4837, MaxR=69.54, Pheno={'G_SPECIALIST': 1945, 'L_SPECIALIST': 2892, 'SWITCHING_GL': 0}
2025-05-27 19:00:32,017 - sim.BetHedging0.5_W80_Rep1.MetricsCollector - INFO - metrics:177 - Metrics @ T=167.00: Cells=4874, MaxR=70.55, Pheno={'G_SPECIALIST': 1945, 'L_SPECIALIST': 2929, 'SWITCHING_GL': 0}
2025-05-27 19:00:32,334 - sim.BetHedging0.5_W80_Rep1.MetricsCollector - INFO - metrics:177 - Metrics @ T=168.00: Cells=4918, MaxR=70.55, Pheno={'G_SPECIALIST': 1945, 'L_SPECIALIST': 2973, 'SWITCHING_GL': 0}
2025-05-27 19:00:32,677 - sim.BetHedging0.5_W80_Rep1.MetricsCollector - INFO - metrics:177 - Metrics @ T=169.00: Cells=4955, MaxR=70.74, Pheno={'G_SPECIALIST': 1945, 'L_SPECIALIST': 3010, 'SWITCHING_GL': 0}
2025-05-27 19:00:32,941 - sim.BetHedging0.5_W80_Rep1 - INFO - simulation_engine:218 - Progress: T=170.00, Cells=4987
2025-05-27 19:00:33,006 - sim.BetHedging0.5_W80_Rep1.MetricsCollector - INFO - metrics:177 - Metrics @ T=170.00: Cells=4992, MaxR=70.93, Pheno={'G_SPECIALIST': 1945, 'L_SPECIALIST': 3047, 'SWITCHING_GL': 0}
2025-05-27 19:00:33,340 - sim.BetHedging0.5_W80_Rep1.MetricsCollector - INFO - metrics:177 - Metrics @ T=171.00: Cells=5032, MaxR=72.02, Pheno={'G_SPECIALIST': 1945, 'L_SPECIALIST': 3087, 'SWITCHING_GL': 0}
2025-05-27 19:00:33,663 - sim.BetHedging0.5_W80_Rep1.MetricsCollector - INFO - metrics:177 - Metrics @ T=172.00: Cells=5071, MaxR=73.55, Pheno={'G_SPECIALIST': 1945, 'L_SPECIALIST': 3126, 'SWITCHING_GL': 0}
2025-05-27 19:00:33,993 - sim.BetHedging0.5_W80_Rep1.MetricsCollector - INFO - metrics:177 - Metrics @ T=173.00: Cells=5114, MaxR=73.55, Pheno={'G_SPECIALIST': 1945, 'L_SPECIALIST': 3169, 'SWITCHING_GL': 0}
2025-05-27 19:00:34,317 - sim.BetHedging0.5_W80_Rep1.MetricsCollector - INFO - metrics:177 - Metrics @ T=174.00: Cells=5160, MaxR=73.55, Pheno={'G_SPECIALIST': 1945, 'L_SPECIALIST': 3215, 'SWITCHING_GL': 0}
2025-05-27 19:00:34,648 - sim.BetHedging0.5_W80_Rep1.MetricsCollector - INFO - metrics:177 - Metrics @ T=175.00: Cells=5201, MaxR=73.55, Pheno={'G_SPECIALIST': 1945, 'L_SPECIALIST': 3256, 'SWITCHING_GL': 0}
2025-05-27 19:00:34,979 - sim.BetHedging0.5_W80_Rep1.MetricsCollector - INFO - metrics:177 - Metrics @ T=176.00: Cells=5244, MaxR=73.55, Pheno={'G_SPECIALIST': 1945, 'L_SPECIALIST': 3299, 'SWITCHING_GL': 0}
2025-05-27 19:00:35,355 - sim.BetHedging0.5_W80_Rep1.MetricsCollector - INFO - metrics:177 - Metrics @ T=177.00: Cells=5273, MaxR=73.63, Pheno={'G_SPECIALIST': 1945, 'L_SPECIALIST': 3328, 'SWITCHING_GL': 0}
2025-05-27 19:00:35,764 - sim.BetHedging0.5_W80_Rep1.MetricsCollector - INFO - metrics:177 - Metrics @ T=178.00: Cells=5310, MaxR=73.63, Pheno={'G_SPECIALIST': 1945, 'L_SPECIALIST': 3365, 'SWITCHING_GL': 0}
2025-05-27 19:00:36,114 - sim.BetHedging0.5_W80_Rep1.MetricsCollector - INFO - metrics:177 - Metrics @ T=179.00: Cells=5340, MaxR=73.63, Pheno={'G_SPECIALIST': 1945, 'L_SPECIALIST': 3395, 'SWITCHING_GL': 0}
2025-05-27 19:00:36,397 - sim.BetHedging0.5_W80_Rep1 - INFO - simulation_engine:218 - Progress: T=180.00, Cells=5368
2025-05-27 19:00:36,454 - sim.BetHedging0.5_W80_Rep1.MetricsCollector - INFO - metrics:177 - Metrics @ T=180.00: Cells=5374, MaxR=74.84, Pheno={'G_SPECIALIST': 1945, 'L_SPECIALIST': 3429, 'SWITCHING_GL': 0}
2025-05-27 19:00:36,797 - sim.BetHedging0.5_W80_Rep1.MetricsCollector - INFO - metrics:177 - Metrics @ T=181.00: Cells=5402, MaxR=74.84, Pheno={'G_SPECIALIST': 1945, 'L_SPECIALIST': 3457, 'SWITCHING_GL': 0}
2025-05-27 19:00:37,147 - sim.BetHedging0.5_W80_Rep1.MetricsCollector - INFO - metrics:177 - Metrics @ T=182.00: Cells=5439, MaxR=74.84, Pheno={'G_SPECIALIST': 1945, 'L_SPECIALIST': 3494, 'SWITCHING_GL': 0}
2025-05-27 19:00:37,496 - sim.BetHedging0.5_W80_Rep1.MetricsCollector - INFO - metrics:177 - Metrics @ T=183.00: Cells=5483, MaxR=75.18, Pheno={'G_SPECIALIST': 1945, 'L_SPECIALIST': 3538, 'SWITCHING_GL': 0}
2025-05-27 19:00:37,844 - sim.BetHedging0.5_W80_Rep1.MetricsCollector - INFO - metrics:177 - Metrics @ T=184.00: Cells=5520, MaxR=75.18, Pheno={'G_SPECIALIST': 1945, 'L_SPECIALIST': 3575, 'SWITCHING_GL': 0}
2025-05-27 19:00:38,250 - sim.BetHedging0.5_W80_Rep1.MetricsCollector - INFO - metrics:177 - Metrics @ T=185.00: Cells=5561, MaxR=75.18, Pheno={'G_SPECIALIST': 1945, 'L_SPECIALIST': 3616, 'SWITCHING_GL': 0}
2025-05-27 19:00:38,612 - sim.BetHedging0.5_W80_Rep1.MetricsCollector - INFO - metrics:177 - Metrics @ T=186.00: Cells=5601, MaxR=76.54, Pheno={'G_SPECIALIST': 1945, 'L_SPECIALIST': 3656, 'SWITCHING_GL': 0}
2025-05-27 19:00:38,975 - sim.BetHedging0.5_W80_Rep1.MetricsCollector - INFO - metrics:177 - Metrics @ T=187.00: Cells=5646, MaxR=76.54, Pheno={'G_SPECIALIST': 1945, 'L_SPECIALIST': 3701, 'SWITCHING_GL': 0}
2025-05-27 19:00:39,349 - sim.BetHedging0.5_W80_Rep1.MetricsCollector - INFO - metrics:177 - Metrics @ T=188.00: Cells=5698, MaxR=78.86, Pheno={'G_SPECIALIST': 1945, 'L_SPECIALIST': 3753, 'SWITCHING_GL': 0}
2025-05-27 19:00:39,746 - sim.BetHedging0.5_W80_Rep1.MetricsCollector - INFO - metrics:177 - Metrics @ T=189.00: Cells=5753, MaxR=78.86, Pheno={'G_SPECIALIST': 1945, 'L_SPECIALIST': 3808, 'SWITCHING_GL': 0}
2025-05-27 19:00:40,063 - sim.BetHedging0.5_W80_Rep1 - INFO - simulation_engine:218 - Progress: T=190.00, Cells=5807
2025-05-27 19:00:40,124 - sim.BetHedging0.5_W80_Rep1.MetricsCollector - INFO - metrics:177 - Metrics @ T=190.00: Cells=5812, MaxR=78.86, Pheno={'G_SPECIALIST': 1945, 'L_SPECIALIST': 3867, 'SWITCHING_GL': 0}
2025-05-27 19:00:40,498 - sim.BetHedging0.5_W80_Rep1.MetricsCollector - INFO - metrics:177 - Metrics @ T=191.00: Cells=5862, MaxR=78.86, Pheno={'G_SPECIALIST': 1945, 'L_SPECIALIST': 3917, 'SWITCHING_GL': 0}
2025-05-27 19:00:40,873 - sim.BetHedging0.5_W80_Rep1.MetricsCollector - INFO - metrics:177 - Metrics @ T=192.00: Cells=5908, MaxR=78.86, Pheno={'G_SPECIALIST': 1945, 'L_SPECIALIST': 3963, 'SWITCHING_GL': 0}
2025-05-27 19:00:41,251 - sim.BetHedging0.5_W80_Rep1.MetricsCollector - INFO - metrics:177 - Metrics @ T=193.00: Cells=5955, MaxR=79.16, Pheno={'G_SPECIALIST': 1945, 'L_SPECIALIST': 4010, 'SWITCHING_GL': 0}
2025-05-27 19:00:41,636 - sim.BetHedging0.5_W80_Rep1.MetricsCollector - INFO - metrics:177 - Metrics @ T=194.00: Cells=5995, MaxR=79.16, Pheno={'G_SPECIALIST': 1945, 'L_SPECIALIST': 4050, 'SWITCHING_GL': 0}
2025-05-27 19:00:42,016 - sim.BetHedging0.5_W80_Rep1.MetricsCollector - INFO - metrics:177 - Metrics @ T=195.00: Cells=6041, MaxR=79.16, Pheno={'G_SPECIALIST': 1945, 'L_SPECIALIST': 4096, 'SWITCHING_GL': 0}
2025-05-27 19:00:42,404 - sim.BetHedging0.5_W80_Rep1.MetricsCollector - INFO - metrics:177 - Metrics @ T=196.00: Cells=6068, MaxR=79.16, Pheno={'G_SPECIALIST': 1945, 'L_SPECIALIST': 4123, 'SWITCHING_GL': 0}
2025-05-27 19:00:42,825 - sim.BetHedging0.5_W80_Rep1.MetricsCollector - INFO - metrics:177 - Metrics @ T=197.00: Cells=6121, MaxR=79.16, Pheno={'G_SPECIALIST': 1945, 'L_SPECIALIST': 4176, 'SWITCHING_GL': 0}
2025-05-27 19:00:43,235 - sim.BetHedging0.5_W80_Rep1.MetricsCollector - INFO - metrics:177 - Metrics @ T=198.00: Cells=6154, MaxR=79.16, Pheno={'G_SPECIALIST': 1945, 'L_SPECIALIST': 4209, 'SWITCHING_GL': 0}
2025-05-27 19:00:43,657 - sim.BetHedging0.5_W80_Rep1.MetricsCollector - INFO - metrics:177 - Metrics @ T=199.00: Cells=6203, MaxR=80.57, Pheno={'G_SPECIALIST': 1946, 'L_SPECIALIST': 4257, 'SWITCHING_GL': 0}
2025-05-27 19:00:44,038 - sim.BetHedging0.5_W80_Rep1 - INFO - simulation_engine:218 - Progress: T=200.00, Cells=6231
2025-05-27 19:00:44,113 - sim.BetHedging0.5_W80_Rep1.MetricsCollector - INFO - metrics:177 - Metrics @ T=200.00: Cells=6237, MaxR=80.57, Pheno={'G_SPECIALIST': 1946, 'L_SPECIALIST': 4291, 'SWITCHING_GL': 0}
2025-05-27 19:00:44,164 - sim.BetHedging0.5_W80_Rep1 - INFO - simulation_engine:238 - Sim run finished: BetHedging0.5_W80_Rep1. Wall-clock: 36.715s.
2025-05-27 19:00:44,164 - sim.BetHedging0.5_W80_Rep1 - INFO - simulation_engine:241 - Final state: SimTime=200.10, Steps=2001, Cells=6241.
2025-05-27 19:00:44,164 - sim.BetHedging0.5_W80_Rep1.MetricsCollector - INFO - metrics:300 - Finalizing data collection and exporting results...
2025-05-27 19:00:44,165 - sim.BetHedging0.5_W80_Rep1.MetricsCollector - INFO - metrics:312 - --- Simulation Summary (Log) ---
time: 199.99999999999292
total_cell_count: 6237
phenotype_counts: {'G_SPECIALIST': 1946, 'L_SPECIALIST': 4291, 'SWITCHING_GL': 0}
avg_radial_distance: 48.04634050143252
max_radial_distance: 80.57294831393475
min_radial_distance: 0.0
std_dev_radial_distance: 17.1661197580265
median_radial_distance: 51.0
frontier_lag_G_to_L: (details in files)
frontier_traits: (details in files)
overall_radial_expansion_velocity: 0.3942044875318433
config_exp_name: BetHedging0.5_W80_Rep1

2025-05-27 19:00:44,199 - sim.BetHedging0.5_W80_Rep1.MetricsCollector - INFO - metrics:242 - Time series data exported to results\BetHedging0.5_W80_Rep1\time_series_data.csv
2025-05-27 19:00:44,201 - sim.BetHedging0.5_W80_Rep1.MetricsCollector - INFO - metrics:267 - Summary data exported to results\BetHedging0.5_W80_Rep1\summary.json
2025-05-27 19:00:44,201 - sim.BetHedging0.5_W80_Rep1.MetricsCollector - INFO - metrics:275 - No kymograph data to export.
2025-05-27 19:00:44,201 - sim.BetHedging0.5_W80_Rep1.MetricsCollector - INFO - metrics:316 - All data export finalized for BetHedging0.5_W80_Rep1.
2025-05-27 19:00:44,201 - sim.BetHedging0.5_W80_Rep1 - INFO - simulation_engine:276 - Simulation fully complete.
