2025-05-27 19:41:41,058 - sim.TraitDistinct_LowDistinct_W40_P0.5_Rep1 - INFO - simulation_engine:37 - Initializing SimulationEngine for experiment: TraitDistinct_LowDistinct_W40_P0.5_Rep1
2025-05-27 19:41:41,060 - sim.TraitDistinct_LowDistinct_W40_P0.5_Rep1 - INFO - simulation_engine:70 - Visualization disabled.
2025-05-27 19:41:41,060 - sim.TraitDistinct_LowDistinct_W40_P0.5_Rep1 - INFO - simulation_engine:202 - Starting simulation: TraitDistinct_LowDistinct_W40_P0.5_Rep1
2025-05-27 19:41:41,061 - sim.TraitDistinct_LowDistinct_W40_P0.5_Rep1 - INFO - simulation_engine:204 - Colony initialized: 5 cells.
2025-05-27 19:41:41,061 - sim.TraitDistinct_LowDistinct_W40_P0.5_Rep1.MetricsCollector - INFO - metrics:177 - Metrics @ T=0.00: Cells=5, MaxR=1.73, Pheno={'G_SPECIALIST': 5, 'L_SPECIALIST': 0, 'SWITCHING_GL': 0}
2025-05-27 19:41:41,063 - sim.TraitDistinct_LowDistinct_W40_P0.5_Rep1.MetricsCollector - INFO - metrics:177 - Metrics @ T=1.00: Cells=7, MaxR=3.00, Pheno={'G_SPECIALIST': 7, 'L_SPECIALIST': 0, 'SWITCHING_GL': 0}
2025-05-27 19:41:41,063 - sim.TraitDistinct_LowDistinct_W40_P0.5_Rep1.MetricsCollector - INFO - metrics:177 - Metrics @ T=2.00: Cells=10, MaxR=3.46, Pheno={'G_SPECIALIST': 10, 'L_SPECIALIST': 0, 'SWITCHING_GL': 0}
2025-05-27 19:41:41,064 - sim.TraitDistinct_LowDistinct_W40_P0.5_Rep1.MetricsCollector - INFO - metrics:177 - Metrics @ T=3.00: Cells=12, MaxR=3.46, Pheno={'G_SPECIALIST': 12, 'L_SPECIALIST': 0, 'SWITCHING_GL': 0}
2025-05-27 19:41:41,066 - sim.TraitDistinct_LowDistinct_W40_P0.5_Rep1.MetricsCollector - INFO - metrics:177 - Metrics @ T=4.00: Cells=17, MaxR=4.58, Pheno={'G_SPECIALIST': 17, 'L_SPECIALIST': 0, 'SWITCHING_GL': 0}
2025-05-27 19:41:41,068 - sim.TraitDistinct_LowDistinct_W40_P0.5_Rep1.MetricsCollector - INFO - metrics:177 - Metrics @ T=5.00: Cells=23, MaxR=6.24, Pheno={'G_SPECIALIST': 23, 'L_SPECIALIST': 0, 'SWITCHING_GL': 0}
2025-05-27 19:41:41,070 - sim.TraitDistinct_LowDistinct_W40_P0.5_Rep1.MetricsCollector - INFO - metrics:177 - Metrics @ T=6.00: Cells=29, MaxR=6.24, Pheno={'G_SPECIALIST': 29, 'L_SPECIALIST': 0, 'SWITCHING_GL': 0}
2025-05-27 19:41:41,073 - sim.TraitDistinct_LowDistinct_W40_P0.5_Rep1.MetricsCollector - INFO - metrics:177 - Metrics @ T=7.00: Cells=36, MaxR=6.93, Pheno={'G_SPECIALIST': 36, 'L_SPECIALIST': 0, 'SWITCHING_GL': 0}
2025-05-27 19:41:41,076 - sim.TraitDistinct_LowDistinct_W40_P0.5_Rep1.MetricsCollector - INFO - metrics:177 - Metrics @ T=8.00: Cells=42, MaxR=7.55, Pheno={'G_SPECIALIST': 42, 'L_SPECIALIST': 0, 'SWITCHING_GL': 0}
2025-05-27 19:41:41,080 - sim.TraitDistinct_LowDistinct_W40_P0.5_Rep1.MetricsCollector - INFO - metrics:177 - Metrics @ T=9.00: Cells=54, MaxR=7.94, Pheno={'G_SPECIALIST': 54, 'L_SPECIALIST': 0, 'SWITCHING_GL': 0}
2025-05-27 19:41:41,083 - sim.TraitDistinct_LowDistinct_W40_P0.5_Rep1 - INFO - simulation_engine:218 - Progress: T=10.00, Cells=58
2025-05-27 19:41:41,084 - sim.TraitDistinct_LowDistinct_W40_P0.5_Rep1.MetricsCollector - INFO - metrics:177 - Metrics @ T=10.00: Cells=58, MaxR=7.94, Pheno={'G_SPECIALIST': 58, 'L_SPECIALIST': 0, 'SWITCHING_GL': 0}
2025-05-27 19:41:41,089 - sim.TraitDistinct_LowDistinct_W40_P0.5_Rep1.MetricsCollector - INFO - metrics:177 - Metrics @ T=11.00: Cells=68, MaxR=11.36, Pheno={'G_SPECIALIST': 68, 'L_SPECIALIST': 0, 'SWITCHING_GL': 0}
2025-05-27 19:41:41,093 - sim.TraitDistinct_LowDistinct_W40_P0.5_Rep1.MetricsCollector - INFO - metrics:177 - Metrics @ T=12.00: Cells=74, MaxR=12.12, Pheno={'G_SPECIALIST': 74, 'L_SPECIALIST': 0, 'SWITCHING_GL': 0}
2025-05-27 19:41:41,100 - sim.TraitDistinct_LowDistinct_W40_P0.5_Rep1.MetricsCollector - INFO - metrics:177 - Metrics @ T=13.00: Cells=83, MaxR=13.08, Pheno={'G_SPECIALIST': 83, 'L_SPECIALIST': 0, 'SWITCHING_GL': 0}
2025-05-27 19:41:41,107 - sim.TraitDistinct_LowDistinct_W40_P0.5_Rep1.MetricsCollector - INFO - metrics:177 - Metrics @ T=14.00: Cells=90, MaxR=13.08, Pheno={'G_SPECIALIST': 90, 'L_SPECIALIST': 0, 'SWITCHING_GL': 0}
2025-05-27 19:41:41,113 - sim.TraitDistinct_LowDistinct_W40_P0.5_Rep1.MetricsCollector - INFO - metrics:177 - Metrics @ T=15.00: Cells=96, MaxR=13.08, Pheno={'G_SPECIALIST': 96, 'L_SPECIALIST': 0, 'SWITCHING_GL': 0}
2025-05-27 19:41:41,120 - sim.TraitDistinct_LowDistinct_W40_P0.5_Rep1.MetricsCollector - INFO - metrics:177 - Metrics @ T=16.00: Cells=109, MaxR=15.10, Pheno={'G_SPECIALIST': 109, 'L_SPECIALIST': 0, 'SWITCHING_GL': 0}
2025-05-27 19:41:41,130 - sim.TraitDistinct_LowDistinct_W40_P0.5_Rep1.MetricsCollector - INFO - metrics:177 - Metrics @ T=17.00: Cells=133, MaxR=15.10, Pheno={'G_SPECIALIST': 133, 'L_SPECIALIST': 0, 'SWITCHING_GL': 0}
2025-05-27 19:41:41,139 - sim.TraitDistinct_LowDistinct_W40_P0.5_Rep1.MetricsCollector - INFO - metrics:177 - Metrics @ T=18.00: Cells=149, MaxR=15.39, Pheno={'G_SPECIALIST': 149, 'L_SPECIALIST': 0, 'SWITCHING_GL': 0}
2025-05-27 19:41:41,150 - sim.TraitDistinct_LowDistinct_W40_P0.5_Rep1.MetricsCollector - INFO - metrics:177 - Metrics @ T=19.00: Cells=167, MaxR=18.00, Pheno={'G_SPECIALIST': 167, 'L_SPECIALIST': 0, 'SWITCHING_GL': 0}
2025-05-27 19:41:41,159 - sim.TraitDistinct_LowDistinct_W40_P0.5_Rep1 - INFO - simulation_engine:218 - Progress: T=20.00, Cells=182
2025-05-27 19:41:41,161 - sim.TraitDistinct_LowDistinct_W40_P0.5_Rep1.MetricsCollector - INFO - metrics:177 - Metrics @ T=20.00: Cells=184, MaxR=19.52, Pheno={'G_SPECIALIST': 184, 'L_SPECIALIST': 0, 'SWITCHING_GL': 0}
2025-05-27 19:41:41,174 - sim.TraitDistinct_LowDistinct_W40_P0.5_Rep1.MetricsCollector - INFO - metrics:177 - Metrics @ T=21.00: Cells=200, MaxR=19.52, Pheno={'G_SPECIALIST': 200, 'L_SPECIALIST': 0, 'SWITCHING_GL': 0}
2025-05-27 19:41:41,189 - sim.TraitDistinct_LowDistinct_W40_P0.5_Rep1.MetricsCollector - INFO - metrics:177 - Metrics @ T=22.00: Cells=232, MaxR=19.67, Pheno={'G_SPECIALIST': 232, 'L_SPECIALIST': 0, 'SWITCHING_GL': 0}
2025-05-27 19:41:41,205 - sim.TraitDistinct_LowDistinct_W40_P0.5_Rep1.MetricsCollector - INFO - metrics:177 - Metrics @ T=23.00: Cells=247, MaxR=21.07, Pheno={'G_SPECIALIST': 247, 'L_SPECIALIST': 0, 'SWITCHING_GL': 0}
2025-05-27 19:41:41,223 - sim.TraitDistinct_LowDistinct_W40_P0.5_Rep1.MetricsCollector - INFO - metrics:177 - Metrics @ T=24.00: Cells=267, MaxR=21.07, Pheno={'G_SPECIALIST': 267, 'L_SPECIALIST': 0, 'SWITCHING_GL': 0}
2025-05-27 19:41:41,241 - sim.TraitDistinct_LowDistinct_W40_P0.5_Rep1.MetricsCollector - INFO - metrics:177 - Metrics @ T=25.00: Cells=282, MaxR=21.07, Pheno={'G_SPECIALIST': 282, 'L_SPECIALIST': 0, 'SWITCHING_GL': 0}
2025-05-27 19:41:41,261 - sim.TraitDistinct_LowDistinct_W40_P0.5_Rep1.MetricsCollector - INFO - metrics:177 - Metrics @ T=26.00: Cells=296, MaxR=21.28, Pheno={'G_SPECIALIST': 296, 'L_SPECIALIST': 0, 'SWITCHING_GL': 0}
2025-05-27 19:41:41,281 - sim.TraitDistinct_LowDistinct_W40_P0.5_Rep1.MetricsCollector - INFO - metrics:177 - Metrics @ T=27.00: Cells=318, MaxR=22.91, Pheno={'G_SPECIALIST': 318, 'L_SPECIALIST': 0, 'SWITCHING_GL': 0}
2025-05-27 19:41:41,302 - sim.TraitDistinct_LowDistinct_W40_P0.5_Rep1.MetricsCollector - INFO - metrics:177 - Metrics @ T=28.00: Cells=345, MaxR=23.43, Pheno={'G_SPECIALIST': 345, 'L_SPECIALIST': 0, 'SWITCHING_GL': 0}
2025-05-27 19:41:41,326 - sim.TraitDistinct_LowDistinct_W40_P0.5_Rep1.MetricsCollector - INFO - metrics:177 - Metrics @ T=29.00: Cells=373, MaxR=24.98, Pheno={'G_SPECIALIST': 373, 'L_SPECIALIST': 0, 'SWITCHING_GL': 0}
2025-05-27 19:41:41,347 - sim.TraitDistinct_LowDistinct_W40_P0.5_Rep1 - INFO - simulation_engine:218 - Progress: T=30.00, Cells=393
2025-05-27 19:41:41,350 - sim.TraitDistinct_LowDistinct_W40_P0.5_Rep1.MetricsCollector - INFO - metrics:177 - Metrics @ T=30.00: Cells=394, MaxR=24.98, Pheno={'G_SPECIALIST': 394, 'L_SPECIALIST': 0, 'SWITCHING_GL': 0}
2025-05-27 19:41:41,377 - sim.TraitDistinct_LowDistinct_W40_P0.5_Rep1.MetricsCollector - INFO - metrics:177 - Metrics @ T=31.00: Cells=417, MaxR=26.15, Pheno={'G_SPECIALIST': 417, 'L_SPECIALIST': 0, 'SWITCHING_GL': 0}
2025-05-27 19:41:41,406 - sim.TraitDistinct_LowDistinct_W40_P0.5_Rep1.MetricsCollector - INFO - metrics:177 - Metrics @ T=32.00: Cells=445, MaxR=26.15, Pheno={'G_SPECIALIST': 445, 'L_SPECIALIST': 0, 'SWITCHING_GL': 0}
2025-05-27 19:41:41,435 - sim.TraitDistinct_LowDistinct_W40_P0.5_Rep1.MetricsCollector - INFO - metrics:177 - Metrics @ T=33.00: Cells=466, MaxR=26.21, Pheno={'G_SPECIALIST': 466, 'L_SPECIALIST': 0, 'SWITCHING_GL': 0}
2025-05-27 19:41:41,468 - sim.TraitDistinct_LowDistinct_W40_P0.5_Rep1.MetricsCollector - INFO - metrics:177 - Metrics @ T=34.00: Cells=500, MaxR=29.14, Pheno={'G_SPECIALIST': 500, 'L_SPECIALIST': 0, 'SWITCHING_GL': 0}
2025-05-27 19:41:41,500 - sim.TraitDistinct_LowDistinct_W40_P0.5_Rep1.MetricsCollector - INFO - metrics:177 - Metrics @ T=35.00: Cells=527, MaxR=29.14, Pheno={'G_SPECIALIST': 527, 'L_SPECIALIST': 0, 'SWITCHING_GL': 0}
2025-05-27 19:41:41,536 - sim.TraitDistinct_LowDistinct_W40_P0.5_Rep1.MetricsCollector - INFO - metrics:177 - Metrics @ T=36.00: Cells=562, MaxR=29.14, Pheno={'G_SPECIALIST': 562, 'L_SPECIALIST': 0, 'SWITCHING_GL': 0}
2025-05-27 19:41:41,574 - sim.TraitDistinct_LowDistinct_W40_P0.5_Rep1.MetricsCollector - INFO - metrics:177 - Metrics @ T=37.00: Cells=599, MaxR=30.05, Pheno={'G_SPECIALIST': 599, 'L_SPECIALIST': 0, 'SWITCHING_GL': 0}
2025-05-27 19:41:41,614 - sim.TraitDistinct_LowDistinct_W40_P0.5_Rep1.MetricsCollector - INFO - metrics:177 - Metrics @ T=38.00: Cells=639, MaxR=30.20, Pheno={'G_SPECIALIST': 639, 'L_SPECIALIST': 0, 'SWITCHING_GL': 0}
2025-05-27 19:41:41,657 - sim.TraitDistinct_LowDistinct_W40_P0.5_Rep1.MetricsCollector - INFO - metrics:177 - Metrics @ T=39.00: Cells=677, MaxR=31.22, Pheno={'G_SPECIALIST': 677, 'L_SPECIALIST': 0, 'SWITCHING_GL': 0}
2025-05-27 19:41:41,696 - sim.TraitDistinct_LowDistinct_W40_P0.5_Rep1 - INFO - simulation_engine:218 - Progress: T=40.00, Cells=712
2025-05-27 19:41:41,704 - sim.TraitDistinct_LowDistinct_W40_P0.5_Rep1.MetricsCollector - INFO - metrics:177 - Metrics @ T=40.00: Cells=715, MaxR=31.75, Pheno={'G_SPECIALIST': 715, 'L_SPECIALIST': 0, 'SWITCHING_GL': 0}
2025-05-27 19:41:41,752 - sim.TraitDistinct_LowDistinct_W40_P0.5_Rep1.MetricsCollector - INFO - metrics:177 - Metrics @ T=41.00: Cells=761, MaxR=33.05, Pheno={'G_SPECIALIST': 761, 'L_SPECIALIST': 0, 'SWITCHING_GL': 0}
2025-05-27 19:41:41,803 - sim.TraitDistinct_LowDistinct_W40_P0.5_Rep1.MetricsCollector - INFO - metrics:177 - Metrics @ T=42.00: Cells=802, MaxR=33.81, Pheno={'G_SPECIALIST': 802, 'L_SPECIALIST': 0, 'SWITCHING_GL': 0}
2025-05-27 19:41:41,857 - sim.TraitDistinct_LowDistinct_W40_P0.5_Rep1.MetricsCollector - INFO - metrics:177 - Metrics @ T=43.00: Cells=843, MaxR=33.81, Pheno={'G_SPECIALIST': 843, 'L_SPECIALIST': 0, 'SWITCHING_GL': 0}
2025-05-27 19:41:41,913 - sim.TraitDistinct_LowDistinct_W40_P0.5_Rep1.MetricsCollector - INFO - metrics:177 - Metrics @ T=44.00: Cells=895, MaxR=34.64, Pheno={'G_SPECIALIST': 895, 'L_SPECIALIST': 0, 'SWITCHING_GL': 0}
2025-05-27 19:41:41,972 - sim.TraitDistinct_LowDistinct_W40_P0.5_Rep1.MetricsCollector - INFO - metrics:177 - Metrics @ T=45.00: Cells=936, MaxR=35.54, Pheno={'G_SPECIALIST': 936, 'L_SPECIALIST': 0, 'SWITCHING_GL': 0}
2025-05-27 19:41:42,034 - sim.TraitDistinct_LowDistinct_W40_P0.5_Rep1.MetricsCollector - INFO - metrics:177 - Metrics @ T=46.00: Cells=988, MaxR=36.66, Pheno={'G_SPECIALIST': 988, 'L_SPECIALIST': 0, 'SWITCHING_GL': 0}
2025-05-27 19:41:42,100 - sim.TraitDistinct_LowDistinct_W40_P0.5_Rep1.MetricsCollector - INFO - metrics:177 - Metrics @ T=47.00: Cells=1045, MaxR=37.99, Pheno={'G_SPECIALIST': 1045, 'L_SPECIALIST': 0, 'SWITCHING_GL': 0}
2025-05-27 19:41:42,168 - sim.TraitDistinct_LowDistinct_W40_P0.5_Rep1.MetricsCollector - INFO - metrics:177 - Metrics @ T=48.00: Cells=1096, MaxR=39.61, Pheno={'G_SPECIALIST': 1096, 'L_SPECIALIST': 0, 'SWITCHING_GL': 0}
2025-05-27 19:41:42,242 - sim.TraitDistinct_LowDistinct_W40_P0.5_Rep1.MetricsCollector - INFO - metrics:177 - Metrics @ T=49.00: Cells=1146, MaxR=39.61, Pheno={'G_SPECIALIST': 1146, 'L_SPECIALIST': 0, 'SWITCHING_GL': 0}
2025-05-27 19:41:42,305 - sim.TraitDistinct_LowDistinct_W40_P0.5_Rep1 - INFO - simulation_engine:218 - Progress: T=50.00, Cells=1189
2025-05-27 19:41:42,318 - sim.TraitDistinct_LowDistinct_W40_P0.5_Rep1.MetricsCollector - INFO - metrics:177 - Metrics @ T=50.00: Cells=1190, MaxR=40.36, Pheno={'G_SPECIALIST': 1189, 'SWITCHING_GL': 1, 'L_SPECIALIST': 0}
2025-05-27 19:41:42,396 - sim.TraitDistinct_LowDistinct_W40_P0.5_Rep1.MetricsCollector - INFO - metrics:177 - Metrics @ T=51.00: Cells=1243, MaxR=40.36, Pheno={'G_SPECIALIST': 1242, 'SWITCHING_GL': 1, 'L_SPECIALIST': 0}
2025-05-27 19:41:42,477 - sim.TraitDistinct_LowDistinct_W40_P0.5_Rep1.MetricsCollector - INFO - metrics:177 - Metrics @ T=52.00: Cells=1292, MaxR=40.73, Pheno={'G_SPECIALIST': 1289, 'SWITCHING_GL': 3, 'L_SPECIALIST': 0}
2025-05-27 19:41:42,561 - sim.TraitDistinct_LowDistinct_W40_P0.5_Rep1.MetricsCollector - INFO - metrics:177 - Metrics @ T=53.00: Cells=1347, MaxR=40.95, Pheno={'G_SPECIALIST': 1343, 'SWITCHING_GL': 4, 'L_SPECIALIST': 0}
2025-05-27 19:41:42,651 - sim.TraitDistinct_LowDistinct_W40_P0.5_Rep1.MetricsCollector - INFO - metrics:177 - Metrics @ T=54.00: Cells=1407, MaxR=41.57, Pheno={'G_SPECIALIST': 1400, 'SWITCHING_GL': 7, 'L_SPECIALIST': 0}
2025-05-27 19:41:42,743 - sim.TraitDistinct_LowDistinct_W40_P0.5_Rep1.MetricsCollector - INFO - metrics:177 - Metrics @ T=55.00: Cells=1458, MaxR=41.57, Pheno={'G_SPECIALIST': 1449, 'L_SPECIALIST': 1, 'SWITCHING_GL': 8}
2025-05-27 19:41:42,840 - sim.TraitDistinct_LowDistinct_W40_P0.5_Rep1.MetricsCollector - INFO - metrics:177 - Metrics @ T=56.00: Cells=1511, MaxR=41.68, Pheno={'G_SPECIALIST': 1497, 'L_SPECIALIST': 1, 'SWITCHING_GL': 13}
2025-05-27 19:41:42,938 - sim.TraitDistinct_LowDistinct_W40_P0.5_Rep1.MetricsCollector - INFO - metrics:177 - Metrics @ T=57.00: Cells=1564, MaxR=41.68, Pheno={'G_SPECIALIST': 1550, 'L_SPECIALIST': 2, 'SWITCHING_GL': 12}
2025-05-27 19:41:43,041 - sim.TraitDistinct_LowDistinct_W40_P0.5_Rep1.MetricsCollector - INFO - metrics:177 - Metrics @ T=58.00: Cells=1618, MaxR=41.68, Pheno={'G_SPECIALIST': 1599, 'L_SPECIALIST': 3, 'SWITCHING_GL': 16}
2025-05-27 19:41:43,144 - sim.TraitDistinct_LowDistinct_W40_P0.5_Rep1.MetricsCollector - INFO - metrics:177 - Metrics @ T=59.00: Cells=1670, MaxR=42.04, Pheno={'G_SPECIALIST': 1638, 'L_SPECIALIST': 7, 'SWITCHING_GL': 25}
2025-05-27 19:41:43,233 - sim.TraitDistinct_LowDistinct_W40_P0.5_Rep1 - INFO - simulation_engine:218 - Progress: T=60.00, Cells=1719
2025-05-27 19:41:43,252 - sim.TraitDistinct_LowDistinct_W40_P0.5_Rep1.MetricsCollector - INFO - metrics:177 - Metrics @ T=60.00: Cells=1722, MaxR=43.30, Pheno={'G_SPECIALIST': 1680, 'L_SPECIALIST': 10, 'SWITCHING_GL': 32}
2025-05-27 19:41:43,363 - sim.TraitDistinct_LowDistinct_W40_P0.5_Rep1.MetricsCollector - INFO - metrics:177 - Metrics @ T=61.00: Cells=1772, MaxR=43.30, Pheno={'G_SPECIALIST': 1723, 'L_SPECIALIST': 14, 'SWITCHING_GL': 35}
2025-05-27 19:41:43,475 - sim.TraitDistinct_LowDistinct_W40_P0.5_Rep1.MetricsCollector - INFO - metrics:177 - Metrics @ T=62.00: Cells=1813, MaxR=44.40, Pheno={'G_SPECIALIST': 1755, 'L_SPECIALIST': 15, 'SWITCHING_GL': 43}
2025-05-27 19:41:43,592 - sim.TraitDistinct_LowDistinct_W40_P0.5_Rep1.MetricsCollector - INFO - metrics:177 - Metrics @ T=63.00: Cells=1862, MaxR=44.40, Pheno={'G_SPECIALIST': 1792, 'L_SPECIALIST': 21, 'SWITCHING_GL': 49}
2025-05-27 19:41:43,713 - sim.TraitDistinct_LowDistinct_W40_P0.5_Rep1.MetricsCollector - INFO - metrics:177 - Metrics @ T=64.00: Cells=1894, MaxR=44.40, Pheno={'G_SPECIALIST': 1813, 'L_SPECIALIST': 31, 'SWITCHING_GL': 50}
2025-05-27 19:41:43,833 - sim.TraitDistinct_LowDistinct_W40_P0.5_Rep1.MetricsCollector - INFO - metrics:177 - Metrics @ T=65.00: Cells=1913, MaxR=44.40, Pheno={'G_SPECIALIST': 1828, 'L_SPECIALIST': 37, 'SWITCHING_GL': 48}
2025-05-27 19:41:43,953 - sim.TraitDistinct_LowDistinct_W40_P0.5_Rep1.MetricsCollector - INFO - metrics:177 - Metrics @ T=66.00: Cells=1941, MaxR=44.40, Pheno={'G_SPECIALIST': 1845, 'L_SPECIALIST': 44, 'SWITCHING_GL': 52}
2025-05-27 19:41:44,076 - sim.TraitDistinct_LowDistinct_W40_P0.5_Rep1.MetricsCollector - INFO - metrics:177 - Metrics @ T=67.00: Cells=1961, MaxR=44.40, Pheno={'G_SPECIALIST': 1860, 'L_SPECIALIST': 50, 'SWITCHING_GL': 51}
2025-05-27 19:41:44,199 - sim.TraitDistinct_LowDistinct_W40_P0.5_Rep1.MetricsCollector - INFO - metrics:177 - Metrics @ T=68.00: Cells=1994, MaxR=44.40, Pheno={'G_SPECIALIST': 1881, 'L_SPECIALIST': 60, 'SWITCHING_GL': 53}
2025-05-27 19:41:44,326 - sim.TraitDistinct_LowDistinct_W40_P0.5_Rep1.MetricsCollector - INFO - metrics:177 - Metrics @ T=69.00: Cells=2027, MaxR=45.53, Pheno={'G_SPECIALIST': 1893, 'L_SPECIALIST': 73, 'SWITCHING_GL': 61}
2025-05-27 19:41:44,433 - sim.TraitDistinct_LowDistinct_W40_P0.5_Rep1 - INFO - simulation_engine:218 - Progress: T=70.00, Cells=2046
2025-05-27 19:41:44,456 - sim.TraitDistinct_LowDistinct_W40_P0.5_Rep1.MetricsCollector - INFO - metrics:177 - Metrics @ T=70.00: Cells=2049, MaxR=45.53, Pheno={'G_SPECIALIST': 1901, 'L_SPECIALIST': 82, 'SWITCHING_GL': 66}
2025-05-27 19:41:44,587 - sim.TraitDistinct_LowDistinct_W40_P0.5_Rep1.MetricsCollector - INFO - metrics:177 - Metrics @ T=71.00: Cells=2064, MaxR=45.53, Pheno={'G_SPECIALIST': 1909, 'L_SPECIALIST': 90, 'SWITCHING_GL': 65}
2025-05-27 19:41:44,718 - sim.TraitDistinct_LowDistinct_W40_P0.5_Rep1.MetricsCollector - INFO - metrics:177 - Metrics @ T=72.00: Cells=2089, MaxR=47.15, Pheno={'G_SPECIALIST': 1916, 'L_SPECIALIST': 105, 'SWITCHING_GL': 68}
2025-05-27 19:41:44,848 - sim.TraitDistinct_LowDistinct_W40_P0.5_Rep1.MetricsCollector - INFO - metrics:177 - Metrics @ T=73.00: Cells=2108, MaxR=47.15, Pheno={'G_SPECIALIST': 1922, 'L_SPECIALIST': 116, 'SWITCHING_GL': 70}
2025-05-27 19:41:44,982 - sim.TraitDistinct_LowDistinct_W40_P0.5_Rep1.MetricsCollector - INFO - metrics:177 - Metrics @ T=74.00: Cells=2137, MaxR=47.15, Pheno={'G_SPECIALIST': 1930, 'L_SPECIALIST': 134, 'SWITCHING_GL': 73}
2025-05-27 19:41:45,120 - sim.TraitDistinct_LowDistinct_W40_P0.5_Rep1.MetricsCollector - INFO - metrics:177 - Metrics @ T=75.00: Cells=2154, MaxR=47.15, Pheno={'G_SPECIALIST': 1931, 'L_SPECIALIST': 149, 'SWITCHING_GL': 74}
2025-05-27 19:41:45,255 - sim.TraitDistinct_LowDistinct_W40_P0.5_Rep1.MetricsCollector - INFO - metrics:177 - Metrics @ T=76.00: Cells=2178, MaxR=49.11, Pheno={'G_SPECIALIST': 1935, 'L_SPECIALIST': 168, 'SWITCHING_GL': 75}
2025-05-27 19:41:45,391 - sim.TraitDistinct_LowDistinct_W40_P0.5_Rep1.MetricsCollector - INFO - metrics:177 - Metrics @ T=77.00: Cells=2200, MaxR=49.11, Pheno={'G_SPECIALIST': 1940, 'L_SPECIALIST': 186, 'SWITCHING_GL': 74}
2025-05-27 19:41:45,528 - sim.TraitDistinct_LowDistinct_W40_P0.5_Rep1.MetricsCollector - INFO - metrics:177 - Metrics @ T=78.00: Cells=2218, MaxR=49.11, Pheno={'G_SPECIALIST': 1943, 'L_SPECIALIST': 201, 'SWITCHING_GL': 74}
2025-05-27 19:41:45,666 - sim.TraitDistinct_LowDistinct_W40_P0.5_Rep1.MetricsCollector - INFO - metrics:177 - Metrics @ T=79.00: Cells=2229, MaxR=49.11, Pheno={'G_SPECIALIST': 1943, 'L_SPECIALIST': 219, 'SWITCHING_GL': 67}
2025-05-27 19:41:45,782 - sim.TraitDistinct_LowDistinct_W40_P0.5_Rep1 - INFO - simulation_engine:218 - Progress: T=80.00, Cells=2240
2025-05-27 19:41:45,805 - sim.TraitDistinct_LowDistinct_W40_P0.5_Rep1.MetricsCollector - INFO - metrics:177 - Metrics @ T=80.00: Cells=2241, MaxR=49.11, Pheno={'G_SPECIALIST': 1944, 'L_SPECIALIST': 235, 'SWITCHING_GL': 62}
2025-05-27 19:41:45,949 - sim.TraitDistinct_LowDistinct_W40_P0.5_Rep1.MetricsCollector - INFO - metrics:177 - Metrics @ T=81.00: Cells=2260, MaxR=49.11, Pheno={'G_SPECIALIST': 1945, 'L_SPECIALIST': 256, 'SWITCHING_GL': 59}
2025-05-27 19:41:46,098 - sim.TraitDistinct_LowDistinct_W40_P0.5_Rep1.MetricsCollector - INFO - metrics:177 - Metrics @ T=82.00: Cells=2272, MaxR=49.11, Pheno={'G_SPECIALIST': 1945, 'L_SPECIALIST': 271, 'SWITCHING_GL': 56}
2025-05-27 19:41:46,248 - sim.TraitDistinct_LowDistinct_W40_P0.5_Rep1.MetricsCollector - INFO - metrics:177 - Metrics @ T=83.00: Cells=2300, MaxR=50.76, Pheno={'G_SPECIALIST': 1945, 'L_SPECIALIST': 302, 'SWITCHING_GL': 53}
2025-05-27 19:41:46,401 - sim.TraitDistinct_LowDistinct_W40_P0.5_Rep1.MetricsCollector - INFO - metrics:177 - Metrics @ T=84.00: Cells=2318, MaxR=50.76, Pheno={'G_SPECIALIST': 1945, 'L_SPECIALIST': 324, 'SWITCHING_GL': 49}
2025-05-27 19:41:46,547 - sim.TraitDistinct_LowDistinct_W40_P0.5_Rep1.MetricsCollector - INFO - metrics:177 - Metrics @ T=85.00: Cells=2338, MaxR=50.76, Pheno={'G_SPECIALIST': 1945, 'L_SPECIALIST': 351, 'SWITCHING_GL': 42}
2025-05-27 19:41:46,695 - sim.TraitDistinct_LowDistinct_W40_P0.5_Rep1.MetricsCollector - INFO - metrics:177 - Metrics @ T=86.00: Cells=2358, MaxR=50.76, Pheno={'G_SPECIALIST': 1945, 'L_SPECIALIST': 373, 'SWITCHING_GL': 40}
2025-05-27 19:41:46,843 - sim.TraitDistinct_LowDistinct_W40_P0.5_Rep1.MetricsCollector - INFO - metrics:177 - Metrics @ T=87.00: Cells=2380, MaxR=50.76, Pheno={'G_SPECIALIST': 1945, 'L_SPECIALIST': 399, 'SWITCHING_GL': 36}
2025-05-27 19:41:46,993 - sim.TraitDistinct_LowDistinct_W40_P0.5_Rep1.MetricsCollector - INFO - metrics:177 - Metrics @ T=88.00: Cells=2408, MaxR=50.76, Pheno={'G_SPECIALIST': 1945, 'L_SPECIALIST': 428, 'SWITCHING_GL': 35}
2025-05-27 19:41:47,148 - sim.TraitDistinct_LowDistinct_W40_P0.5_Rep1.MetricsCollector - INFO - metrics:177 - Metrics @ T=89.00: Cells=2431, MaxR=50.76, Pheno={'G_SPECIALIST': 1945, 'L_SPECIALIST': 455, 'SWITCHING_GL': 31}
2025-05-27 19:41:47,278 - sim.TraitDistinct_LowDistinct_W40_P0.5_Rep1 - INFO - simulation_engine:218 - Progress: T=90.00, Cells=2454
2025-05-27 19:41:47,303 - sim.TraitDistinct_LowDistinct_W40_P0.5_Rep1.MetricsCollector - INFO - metrics:177 - Metrics @ T=90.00: Cells=2455, MaxR=50.76, Pheno={'G_SPECIALIST': 1945, 'L_SPECIALIST': 484, 'SWITCHING_GL': 26}
2025-05-27 19:41:47,463 - sim.TraitDistinct_LowDistinct_W40_P0.5_Rep1.MetricsCollector - INFO - metrics:177 - Metrics @ T=91.00: Cells=2486, MaxR=50.76, Pheno={'G_SPECIALIST': 1945, 'L_SPECIALIST': 518, 'SWITCHING_GL': 23}
2025-05-27 19:41:47,631 - sim.TraitDistinct_LowDistinct_W40_P0.5_Rep1.MetricsCollector - INFO - metrics:177 - Metrics @ T=92.00: Cells=2509, MaxR=50.76, Pheno={'G_SPECIALIST': 1945, 'L_SPECIALIST': 543, 'SWITCHING_GL': 21}
2025-05-27 19:41:47,792 - sim.TraitDistinct_LowDistinct_W40_P0.5_Rep1.MetricsCollector - INFO - metrics:177 - Metrics @ T=93.00: Cells=2536, MaxR=51.03, Pheno={'G_SPECIALIST': 1945, 'L_SPECIALIST': 573, 'SWITCHING_GL': 18}
2025-05-27 19:41:47,955 - sim.TraitDistinct_LowDistinct_W40_P0.5_Rep1.MetricsCollector - INFO - metrics:177 - Metrics @ T=94.00: Cells=2559, MaxR=51.03, Pheno={'G_SPECIALIST': 1945, 'L_SPECIALIST': 599, 'SWITCHING_GL': 15}
2025-05-27 19:41:48,118 - sim.TraitDistinct_LowDistinct_W40_P0.5_Rep1.MetricsCollector - INFO - metrics:177 - Metrics @ T=95.00: Cells=2591, MaxR=51.64, Pheno={'G_SPECIALIST': 1945, 'L_SPECIALIST': 635, 'SWITCHING_GL': 11}
2025-05-27 19:41:48,283 - sim.TraitDistinct_LowDistinct_W40_P0.5_Rep1.MetricsCollector - INFO - metrics:177 - Metrics @ T=96.00: Cells=2613, MaxR=51.64, Pheno={'G_SPECIALIST': 1945, 'L_SPECIALIST': 659, 'SWITCHING_GL': 9}
2025-05-27 19:41:48,449 - sim.TraitDistinct_LowDistinct_W40_P0.5_Rep1.MetricsCollector - INFO - metrics:177 - Metrics @ T=97.00: Cells=2642, MaxR=53.33, Pheno={'G_SPECIALIST': 1945, 'L_SPECIALIST': 690, 'SWITCHING_GL': 7}
2025-05-27 19:41:48,615 - sim.TraitDistinct_LowDistinct_W40_P0.5_Rep1.MetricsCollector - INFO - metrics:177 - Metrics @ T=98.00: Cells=2661, MaxR=53.33, Pheno={'G_SPECIALIST': 1945, 'L_SPECIALIST': 710, 'SWITCHING_GL': 6}
2025-05-27 19:41:48,783 - sim.TraitDistinct_LowDistinct_W40_P0.5_Rep1.MetricsCollector - INFO - metrics:177 - Metrics @ T=99.00: Cells=2684, MaxR=53.33, Pheno={'G_SPECIALIST': 1945, 'L_SPECIALIST': 734, 'SWITCHING_GL': 5}
2025-05-27 19:41:48,924 - sim.TraitDistinct_LowDistinct_W40_P0.5_Rep1 - INFO - simulation_engine:218 - Progress: T=100.00, Cells=2705
2025-05-27 19:41:48,952 - sim.TraitDistinct_LowDistinct_W40_P0.5_Rep1.MetricsCollector - INFO - metrics:177 - Metrics @ T=100.00: Cells=2707, MaxR=53.33, Pheno={'G_SPECIALIST': 1945, 'L_SPECIALIST': 757, 'SWITCHING_GL': 5}
2025-05-27 19:41:49,126 - sim.TraitDistinct_LowDistinct_W40_P0.5_Rep1.MetricsCollector - INFO - metrics:177 - Metrics @ T=101.00: Cells=2744, MaxR=54.44, Pheno={'G_SPECIALIST': 1945, 'L_SPECIALIST': 794, 'SWITCHING_GL': 5}
2025-05-27 19:41:49,299 - sim.TraitDistinct_LowDistinct_W40_P0.5_Rep1.MetricsCollector - INFO - metrics:177 - Metrics @ T=102.00: Cells=2777, MaxR=56.15, Pheno={'G_SPECIALIST': 1945, 'L_SPECIALIST': 828, 'SWITCHING_GL': 4}
2025-05-27 19:41:49,475 - sim.TraitDistinct_LowDistinct_W40_P0.5_Rep1.MetricsCollector - INFO - metrics:177 - Metrics @ T=103.00: Cells=2809, MaxR=56.15, Pheno={'G_SPECIALIST': 1945, 'L_SPECIALIST': 861, 'SWITCHING_GL': 3}
2025-05-27 19:41:49,653 - sim.TraitDistinct_LowDistinct_W40_P0.5_Rep1.MetricsCollector - INFO - metrics:177 - Metrics @ T=104.00: Cells=2829, MaxR=56.15, Pheno={'G_SPECIALIST': 1945, 'L_SPECIALIST': 883, 'SWITCHING_GL': 1}
2025-05-27 19:41:49,828 - sim.TraitDistinct_LowDistinct_W40_P0.5_Rep1.MetricsCollector - INFO - metrics:177 - Metrics @ T=105.00: Cells=2854, MaxR=56.15, Pheno={'G_SPECIALIST': 1945, 'L_SPECIALIST': 908, 'SWITCHING_GL': 1}
2025-05-27 19:41:50,005 - sim.TraitDistinct_LowDistinct_W40_P0.5_Rep1.MetricsCollector - INFO - metrics:177 - Metrics @ T=106.00: Cells=2877, MaxR=56.15, Pheno={'G_SPECIALIST': 1945, 'L_SPECIALIST': 931, 'SWITCHING_GL': 1}
2025-05-27 19:41:50,187 - sim.TraitDistinct_LowDistinct_W40_P0.5_Rep1.MetricsCollector - INFO - metrics:177 - Metrics @ T=107.00: Cells=2908, MaxR=56.15, Pheno={'G_SPECIALIST': 1945, 'L_SPECIALIST': 962, 'SWITCHING_GL': 1}
2025-05-27 19:41:50,370 - sim.TraitDistinct_LowDistinct_W40_P0.5_Rep1.MetricsCollector - INFO - metrics:177 - Metrics @ T=108.00: Cells=2950, MaxR=56.15, Pheno={'G_SPECIALIST': 1945, 'L_SPECIALIST': 1004, 'SWITCHING_GL': 1}
2025-05-27 19:41:50,559 - sim.TraitDistinct_LowDistinct_W40_P0.5_Rep1.MetricsCollector - INFO - metrics:177 - Metrics @ T=109.00: Cells=2981, MaxR=56.15, Pheno={'G_SPECIALIST': 1945, 'L_SPECIALIST': 1035, 'SWITCHING_GL': 1}
2025-05-27 19:41:50,716 - sim.TraitDistinct_LowDistinct_W40_P0.5_Rep1 - INFO - simulation_engine:218 - Progress: T=110.00, Cells=3007
2025-05-27 19:41:50,746 - sim.TraitDistinct_LowDistinct_W40_P0.5_Rep1.MetricsCollector - INFO - metrics:177 - Metrics @ T=110.00: Cells=3007, MaxR=56.15, Pheno={'G_SPECIALIST': 1945, 'L_SPECIALIST': 1061, 'SWITCHING_GL': 1}
2025-05-27 19:41:50,936 - sim.TraitDistinct_LowDistinct_W40_P0.5_Rep1.MetricsCollector - INFO - metrics:177 - Metrics @ T=111.00: Cells=3038, MaxR=56.15, Pheno={'G_SPECIALIST': 1945, 'L_SPECIALIST': 1093, 'SWITCHING_GL': 0}
2025-05-27 19:41:51,126 - sim.TraitDistinct_LowDistinct_W40_P0.5_Rep1.MetricsCollector - INFO - metrics:177 - Metrics @ T=112.00: Cells=3062, MaxR=56.79, Pheno={'G_SPECIALIST': 1945, 'L_SPECIALIST': 1117, 'SWITCHING_GL': 0}
2025-05-27 19:41:51,317 - sim.TraitDistinct_LowDistinct_W40_P0.5_Rep1.MetricsCollector - INFO - metrics:177 - Metrics @ T=113.00: Cells=3093, MaxR=56.79, Pheno={'G_SPECIALIST': 1945, 'L_SPECIALIST': 1148, 'SWITCHING_GL': 0}
2025-05-27 19:41:51,512 - sim.TraitDistinct_LowDistinct_W40_P0.5_Rep1.MetricsCollector - INFO - metrics:177 - Metrics @ T=114.00: Cells=3128, MaxR=57.86, Pheno={'G_SPECIALIST': 1945, 'L_SPECIALIST': 1183, 'SWITCHING_GL': 0}
2025-05-27 19:41:51,710 - sim.TraitDistinct_LowDistinct_W40_P0.5_Rep1.MetricsCollector - INFO - metrics:177 - Metrics @ T=115.00: Cells=3156, MaxR=58.51, Pheno={'G_SPECIALIST': 1945, 'L_SPECIALIST': 1211, 'SWITCHING_GL': 0}
2025-05-27 19:41:51,907 - sim.TraitDistinct_LowDistinct_W40_P0.5_Rep1.MetricsCollector - INFO - metrics:177 - Metrics @ T=116.00: Cells=3184, MaxR=58.51, Pheno={'G_SPECIALIST': 1945, 'L_SPECIALIST': 1239, 'SWITCHING_GL': 0}
2025-05-27 19:41:52,130 - sim.TraitDistinct_LowDistinct_W40_P0.5_Rep1.MetricsCollector - INFO - metrics:177 - Metrics @ T=117.00: Cells=3206, MaxR=58.51, Pheno={'G_SPECIALIST': 1945, 'L_SPECIALIST': 1261, 'SWITCHING_GL': 0}
2025-05-27 19:41:52,331 - sim.TraitDistinct_LowDistinct_W40_P0.5_Rep1.MetricsCollector - INFO - metrics:177 - Metrics @ T=118.00: Cells=3248, MaxR=58.51, Pheno={'G_SPECIALIST': 1945, 'L_SPECIALIST': 1303, 'SWITCHING_GL': 0}
2025-05-27 19:41:52,541 - sim.TraitDistinct_LowDistinct_W40_P0.5_Rep1.MetricsCollector - INFO - metrics:177 - Metrics @ T=119.00: Cells=3283, MaxR=59.19, Pheno={'G_SPECIALIST': 1945, 'L_SPECIALIST': 1338, 'SWITCHING_GL': 0}
2025-05-27 19:41:52,721 - sim.TraitDistinct_LowDistinct_W40_P0.5_Rep1 - INFO - simulation_engine:218 - Progress: T=120.00, Cells=3323
2025-05-27 19:41:52,755 - sim.TraitDistinct_LowDistinct_W40_P0.5_Rep1.MetricsCollector - INFO - metrics:177 - Metrics @ T=120.00: Cells=3324, MaxR=59.19, Pheno={'G_SPECIALIST': 1945, 'L_SPECIALIST': 1379, 'SWITCHING_GL': 0}
2025-05-27 19:41:52,976 - sim.TraitDistinct_LowDistinct_W40_P0.5_Rep1.MetricsCollector - INFO - metrics:177 - Metrics @ T=121.00: Cells=3365, MaxR=59.19, Pheno={'G_SPECIALIST': 1945, 'L_SPECIALIST': 1420, 'SWITCHING_GL': 0}
2025-05-27 19:41:53,196 - sim.TraitDistinct_LowDistinct_W40_P0.5_Rep1.MetricsCollector - INFO - metrics:177 - Metrics @ T=122.00: Cells=3409, MaxR=59.19, Pheno={'G_SPECIALIST': 1945, 'L_SPECIALIST': 1464, 'SWITCHING_GL': 0}
2025-05-27 19:41:53,411 - sim.TraitDistinct_LowDistinct_W40_P0.5_Rep1.MetricsCollector - INFO - metrics:177 - Metrics @ T=123.00: Cells=3451, MaxR=60.22, Pheno={'G_SPECIALIST': 1945, 'L_SPECIALIST': 1506, 'SWITCHING_GL': 0}
2025-05-27 19:41:53,629 - sim.TraitDistinct_LowDistinct_W40_P0.5_Rep1.MetricsCollector - INFO - metrics:177 - Metrics @ T=124.00: Cells=3478, MaxR=60.92, Pheno={'G_SPECIALIST': 1945, 'L_SPECIALIST': 1533, 'SWITCHING_GL': 0}
2025-05-27 19:41:53,848 - sim.TraitDistinct_LowDistinct_W40_P0.5_Rep1.MetricsCollector - INFO - metrics:177 - Metrics @ T=125.00: Cells=3519, MaxR=60.92, Pheno={'G_SPECIALIST': 1945, 'L_SPECIALIST': 1574, 'SWITCHING_GL': 0}
2025-05-27 19:41:54,068 - sim.TraitDistinct_LowDistinct_W40_P0.5_Rep1.MetricsCollector - INFO - metrics:177 - Metrics @ T=126.00: Cells=3555, MaxR=61.29, Pheno={'G_SPECIALIST': 1945, 'L_SPECIALIST': 1610, 'SWITCHING_GL': 0}
2025-05-27 19:41:54,291 - sim.TraitDistinct_LowDistinct_W40_P0.5_Rep1.MetricsCollector - INFO - metrics:177 - Metrics @ T=127.00: Cells=3587, MaxR=61.29, Pheno={'G_SPECIALIST': 1945, 'L_SPECIALIST': 1642, 'SWITCHING_GL': 0}
2025-05-27 19:41:54,516 - sim.TraitDistinct_LowDistinct_W40_P0.5_Rep1.MetricsCollector - INFO - metrics:177 - Metrics @ T=128.00: Cells=3621, MaxR=63.00, Pheno={'G_SPECIALIST': 1945, 'L_SPECIALIST': 1676, 'SWITCHING_GL': 0}
2025-05-27 19:41:54,744 - sim.TraitDistinct_LowDistinct_W40_P0.5_Rep1.MetricsCollector - INFO - metrics:177 - Metrics @ T=129.00: Cells=3654, MaxR=63.00, Pheno={'G_SPECIALIST': 1945, 'L_SPECIALIST': 1709, 'SWITCHING_GL': 0}
2025-05-27 19:41:54,937 - sim.TraitDistinct_LowDistinct_W40_P0.5_Rep1 - INFO - simulation_engine:218 - Progress: T=130.00, Cells=3688
2025-05-27 19:41:54,975 - sim.TraitDistinct_LowDistinct_W40_P0.5_Rep1.MetricsCollector - INFO - metrics:177 - Metrics @ T=130.00: Cells=3689, MaxR=63.00, Pheno={'G_SPECIALIST': 1945, 'L_SPECIALIST': 1744, 'SWITCHING_GL': 0}
2025-05-27 19:41:55,205 - sim.TraitDistinct_LowDistinct_W40_P0.5_Rep1.MetricsCollector - INFO - metrics:177 - Metrics @ T=131.00: Cells=3718, MaxR=63.66, Pheno={'G_SPECIALIST': 1945, 'L_SPECIALIST': 1773, 'SWITCHING_GL': 0}
2025-05-27 19:41:55,437 - sim.TraitDistinct_LowDistinct_W40_P0.5_Rep1.MetricsCollector - INFO - metrics:177 - Metrics @ T=132.00: Cells=3750, MaxR=63.66, Pheno={'G_SPECIALIST': 1945, 'L_SPECIALIST': 1805, 'SWITCHING_GL': 0}
2025-05-27 19:41:55,673 - sim.TraitDistinct_LowDistinct_W40_P0.5_Rep1.MetricsCollector - INFO - metrics:177 - Metrics @ T=133.00: Cells=3781, MaxR=63.66, Pheno={'G_SPECIALIST': 1945, 'L_SPECIALIST': 1836, 'SWITCHING_GL': 0}
2025-05-27 19:41:55,908 - sim.TraitDistinct_LowDistinct_W40_P0.5_Rep1.MetricsCollector - INFO - metrics:177 - Metrics @ T=134.00: Cells=3800, MaxR=63.66, Pheno={'G_SPECIALIST': 1945, 'L_SPECIALIST': 1855, 'SWITCHING_GL': 0}
2025-05-27 19:41:56,145 - sim.TraitDistinct_LowDistinct_W40_P0.5_Rep1.MetricsCollector - INFO - metrics:177 - Metrics @ T=135.00: Cells=3845, MaxR=63.66, Pheno={'G_SPECIALIST': 1945, 'L_SPECIALIST': 1900, 'SWITCHING_GL': 0}
2025-05-27 19:41:56,384 - sim.TraitDistinct_LowDistinct_W40_P0.5_Rep1.MetricsCollector - INFO - metrics:177 - Metrics @ T=136.00: Cells=3876, MaxR=63.66, Pheno={'G_SPECIALIST': 1945, 'L_SPECIALIST': 1931, 'SWITCHING_GL': 0}
2025-05-27 19:41:56,625 - sim.TraitDistinct_LowDistinct_W40_P0.5_Rep1.MetricsCollector - INFO - metrics:177 - Metrics @ T=137.00: Cells=3912, MaxR=63.66, Pheno={'G_SPECIALIST': 1945, 'L_SPECIALIST': 1967, 'SWITCHING_GL': 0}
2025-05-27 19:41:56,871 - sim.TraitDistinct_LowDistinct_W40_P0.5_Rep1.MetricsCollector - INFO - metrics:177 - Metrics @ T=138.00: Cells=3953, MaxR=63.66, Pheno={'G_SPECIALIST': 1945, 'L_SPECIALIST': 2008, 'SWITCHING_GL': 0}
2025-05-27 19:41:57,121 - sim.TraitDistinct_LowDistinct_W40_P0.5_Rep1.MetricsCollector - INFO - metrics:177 - Metrics @ T=139.00: Cells=3990, MaxR=63.66, Pheno={'G_SPECIALIST': 1945, 'L_SPECIALIST': 2045, 'SWITCHING_GL': 0}
2025-05-27 19:41:57,332 - sim.TraitDistinct_LowDistinct_W40_P0.5_Rep1 - INFO - simulation_engine:218 - Progress: T=140.00, Cells=4011
2025-05-27 19:41:57,375 - sim.TraitDistinct_LowDistinct_W40_P0.5_Rep1.MetricsCollector - INFO - metrics:177 - Metrics @ T=140.00: Cells=4012, MaxR=63.66, Pheno={'G_SPECIALIST': 1945, 'L_SPECIALIST': 2067, 'SWITCHING_GL': 0}
2025-05-27 19:41:57,631 - sim.TraitDistinct_LowDistinct_W40_P0.5_Rep1.MetricsCollector - INFO - metrics:177 - Metrics @ T=141.00: Cells=4048, MaxR=63.66, Pheno={'G_SPECIALIST': 1945, 'L_SPECIALIST': 2103, 'SWITCHING_GL': 0}
2025-05-27 19:41:57,901 - sim.TraitDistinct_LowDistinct_W40_P0.5_Rep1.MetricsCollector - INFO - metrics:177 - Metrics @ T=142.00: Cells=4084, MaxR=65.38, Pheno={'G_SPECIALIST': 1945, 'L_SPECIALIST': 2139, 'SWITCHING_GL': 0}
2025-05-27 19:41:58,156 - sim.TraitDistinct_LowDistinct_W40_P0.5_Rep1.MetricsCollector - INFO - metrics:177 - Metrics @ T=143.00: Cells=4133, MaxR=65.38, Pheno={'G_SPECIALIST': 1945, 'L_SPECIALIST': 2188, 'SWITCHING_GL': 0}
2025-05-27 19:41:58,415 - sim.TraitDistinct_LowDistinct_W40_P0.5_Rep1.MetricsCollector - INFO - metrics:177 - Metrics @ T=144.00: Cells=4172, MaxR=65.38, Pheno={'G_SPECIALIST': 1945, 'L_SPECIALIST': 2227, 'SWITCHING_GL': 0}
2025-05-27 19:41:58,678 - sim.TraitDistinct_LowDistinct_W40_P0.5_Rep1.MetricsCollector - INFO - metrics:177 - Metrics @ T=145.00: Cells=4203, MaxR=65.38, Pheno={'G_SPECIALIST': 1945, 'L_SPECIALIST': 2258, 'SWITCHING_GL': 0}
2025-05-27 19:41:58,944 - sim.TraitDistinct_LowDistinct_W40_P0.5_Rep1.MetricsCollector - INFO - metrics:177 - Metrics @ T=146.00: Cells=4233, MaxR=65.38, Pheno={'G_SPECIALIST': 1945, 'L_SPECIALIST': 2288, 'SWITCHING_GL': 0}
2025-05-27 19:41:59,210 - sim.TraitDistinct_LowDistinct_W40_P0.5_Rep1.MetricsCollector - INFO - metrics:177 - Metrics @ T=147.00: Cells=4267, MaxR=66.09, Pheno={'G_SPECIALIST': 1945, 'L_SPECIALIST': 2322, 'SWITCHING_GL': 0}
2025-05-27 19:41:59,475 - sim.TraitDistinct_LowDistinct_W40_P0.5_Rep1.MetricsCollector - INFO - metrics:177 - Metrics @ T=148.00: Cells=4297, MaxR=66.16, Pheno={'G_SPECIALIST': 1945, 'L_SPECIALIST': 2352, 'SWITCHING_GL': 0}
2025-05-27 19:41:59,744 - sim.TraitDistinct_LowDistinct_W40_P0.5_Rep1.MetricsCollector - INFO - metrics:177 - Metrics @ T=149.00: Cells=4327, MaxR=66.16, Pheno={'G_SPECIALIST': 1945, 'L_SPECIALIST': 2382, 'SWITCHING_GL': 0}
2025-05-27 19:41:59,972 - sim.TraitDistinct_LowDistinct_W40_P0.5_Rep1 - INFO - simulation_engine:218 - Progress: T=150.00, Cells=4363
2025-05-27 19:42:00,017 - sim.TraitDistinct_LowDistinct_W40_P0.5_Rep1.MetricsCollector - INFO - metrics:177 - Metrics @ T=150.00: Cells=4368, MaxR=67.10, Pheno={'G_SPECIALIST': 1945, 'L_SPECIALIST': 2423, 'SWITCHING_GL': 0}
2025-05-27 19:42:00,295 - sim.TraitDistinct_LowDistinct_W40_P0.5_Rep1.MetricsCollector - INFO - metrics:177 - Metrics @ T=151.00: Cells=4395, MaxR=67.10, Pheno={'G_SPECIALIST': 1945, 'L_SPECIALIST': 2450, 'SWITCHING_GL': 0}
2025-05-27 19:42:00,569 - sim.TraitDistinct_LowDistinct_W40_P0.5_Rep1.MetricsCollector - INFO - metrics:177 - Metrics @ T=152.00: Cells=4432, MaxR=67.10, Pheno={'G_SPECIALIST': 1945, 'L_SPECIALIST': 2487, 'SWITCHING_GL': 0}
2025-05-27 19:42:00,845 - sim.TraitDistinct_LowDistinct_W40_P0.5_Rep1.MetricsCollector - INFO - metrics:177 - Metrics @ T=153.00: Cells=4474, MaxR=67.10, Pheno={'G_SPECIALIST': 1945, 'L_SPECIALIST': 2529, 'SWITCHING_GL': 0}
2025-05-27 19:42:01,126 - sim.TraitDistinct_LowDistinct_W40_P0.5_Rep1.MetricsCollector - INFO - metrics:177 - Metrics @ T=154.00: Cells=4512, MaxR=68.56, Pheno={'G_SPECIALIST': 1945, 'L_SPECIALIST': 2567, 'SWITCHING_GL': 0}
2025-05-27 19:42:01,425 - sim.TraitDistinct_LowDistinct_W40_P0.5_Rep1.MetricsCollector - INFO - metrics:177 - Metrics @ T=155.00: Cells=4552, MaxR=68.56, Pheno={'G_SPECIALIST': 1945, 'L_SPECIALIST': 2607, 'SWITCHING_GL': 0}
2025-05-27 19:42:01,718 - sim.TraitDistinct_LowDistinct_W40_P0.5_Rep1.MetricsCollector - INFO - metrics:177 - Metrics @ T=156.00: Cells=4577, MaxR=69.35, Pheno={'G_SPECIALIST': 1945, 'L_SPECIALIST': 2632, 'SWITCHING_GL': 0}
2025-05-27 19:42:02,007 - sim.TraitDistinct_LowDistinct_W40_P0.5_Rep1.MetricsCollector - INFO - metrics:177 - Metrics @ T=157.00: Cells=4617, MaxR=69.35, Pheno={'G_SPECIALIST': 1945, 'L_SPECIALIST': 2672, 'SWITCHING_GL': 0}
2025-05-27 19:42:02,304 - sim.TraitDistinct_LowDistinct_W40_P0.5_Rep1.MetricsCollector - INFO - metrics:177 - Metrics @ T=158.00: Cells=4665, MaxR=70.06, Pheno={'G_SPECIALIST': 1945, 'L_SPECIALIST': 2720, 'SWITCHING_GL': 0}
2025-05-27 19:42:02,600 - sim.TraitDistinct_LowDistinct_W40_P0.5_Rep1.MetricsCollector - INFO - metrics:177 - Metrics @ T=159.00: Cells=4695, MaxR=71.08, Pheno={'G_SPECIALIST': 1945, 'L_SPECIALIST': 2750, 'SWITCHING_GL': 0}
2025-05-27 19:42:02,848 - sim.TraitDistinct_LowDistinct_W40_P0.5_Rep1 - INFO - simulation_engine:218 - Progress: T=160.00, Cells=4723
2025-05-27 19:42:02,897 - sim.TraitDistinct_LowDistinct_W40_P0.5_Rep1.MetricsCollector - INFO - metrics:177 - Metrics @ T=160.00: Cells=4728, MaxR=71.08, Pheno={'G_SPECIALIST': 1945, 'L_SPECIALIST': 2783, 'SWITCHING_GL': 0}
2025-05-27 19:42:03,193 - sim.TraitDistinct_LowDistinct_W40_P0.5_Rep1.MetricsCollector - INFO - metrics:177 - Metrics @ T=161.00: Cells=4767, MaxR=71.08, Pheno={'G_SPECIALIST': 1945, 'L_SPECIALIST': 2822, 'SWITCHING_GL': 0}
2025-05-27 19:42:03,499 - sim.TraitDistinct_LowDistinct_W40_P0.5_Rep1.MetricsCollector - INFO - metrics:177 - Metrics @ T=162.00: Cells=4800, MaxR=71.08, Pheno={'G_SPECIALIST': 1945, 'L_SPECIALIST': 2855, 'SWITCHING_GL': 0}
2025-05-27 19:42:03,809 - sim.TraitDistinct_LowDistinct_W40_P0.5_Rep1.MetricsCollector - INFO - metrics:177 - Metrics @ T=163.00: Cells=4834, MaxR=71.08, Pheno={'G_SPECIALIST': 1945, 'L_SPECIALIST': 2889, 'SWITCHING_GL': 0}
2025-05-27 19:42:04,117 - sim.TraitDistinct_LowDistinct_W40_P0.5_Rep1.MetricsCollector - INFO - metrics:177 - Metrics @ T=164.00: Cells=4880, MaxR=71.08, Pheno={'G_SPECIALIST': 1945, 'L_SPECIALIST': 2935, 'SWITCHING_GL': 0}
2025-05-27 19:42:04,424 - sim.TraitDistinct_LowDistinct_W40_P0.5_Rep1.MetricsCollector - INFO - metrics:177 - Metrics @ T=165.00: Cells=4924, MaxR=71.08, Pheno={'G_SPECIALIST': 1945, 'L_SPECIALIST': 2979, 'SWITCHING_GL': 0}
2025-05-27 19:42:04,733 - sim.TraitDistinct_LowDistinct_W40_P0.5_Rep1.MetricsCollector - INFO - metrics:177 - Metrics @ T=166.00: Cells=4957, MaxR=72.02, Pheno={'G_SPECIALIST': 1945, 'L_SPECIALIST': 3012, 'SWITCHING_GL': 0}
2025-05-27 19:42:05,046 - sim.TraitDistinct_LowDistinct_W40_P0.5_Rep1.MetricsCollector - INFO - metrics:177 - Metrics @ T=167.00: Cells=4992, MaxR=72.02, Pheno={'G_SPECIALIST': 1945, 'L_SPECIALIST': 3047, 'SWITCHING_GL': 0}
2025-05-27 19:42:05,383 - sim.TraitDistinct_LowDistinct_W40_P0.5_Rep1.MetricsCollector - INFO - metrics:177 - Metrics @ T=168.00: Cells=5026, MaxR=72.02, Pheno={'G_SPECIALIST': 1945, 'L_SPECIALIST': 3081, 'SWITCHING_GL': 0}
2025-05-27 19:42:05,705 - sim.TraitDistinct_LowDistinct_W40_P0.5_Rep1.MetricsCollector - INFO - metrics:177 - Metrics @ T=169.00: Cells=5074, MaxR=72.02, Pheno={'G_SPECIALIST': 1945, 'L_SPECIALIST': 3129, 'SWITCHING_GL': 0}
2025-05-27 19:42:05,968 - sim.TraitDistinct_LowDistinct_W40_P0.5_Rep1 - INFO - simulation_engine:218 - Progress: T=170.00, Cells=5103
2025-05-27 19:42:06,022 - sim.TraitDistinct_LowDistinct_W40_P0.5_Rep1.MetricsCollector - INFO - metrics:177 - Metrics @ T=170.00: Cells=5104, MaxR=72.02, Pheno={'G_SPECIALIST': 1945, 'L_SPECIALIST': 3159, 'SWITCHING_GL': 0}
2025-05-27 19:42:06,341 - sim.TraitDistinct_LowDistinct_W40_P0.5_Rep1.MetricsCollector - INFO - metrics:177 - Metrics @ T=171.00: Cells=5144, MaxR=72.02, Pheno={'G_SPECIALIST': 1945, 'L_SPECIALIST': 3199, 'SWITCHING_GL': 0}
2025-05-27 19:42:06,663 - sim.TraitDistinct_LowDistinct_W40_P0.5_Rep1.MetricsCollector - INFO - metrics:177 - Metrics @ T=172.00: Cells=5179, MaxR=72.02, Pheno={'G_SPECIALIST': 1945, 'L_SPECIALIST': 3234, 'SWITCHING_GL': 0}
2025-05-27 19:42:06,989 - sim.TraitDistinct_LowDistinct_W40_P0.5_Rep1.MetricsCollector - INFO - metrics:177 - Metrics @ T=173.00: Cells=5216, MaxR=72.75, Pheno={'G_SPECIALIST': 1945, 'L_SPECIALIST': 3271, 'SWITCHING_GL': 0}
2025-05-27 19:42:07,319 - sim.TraitDistinct_LowDistinct_W40_P0.5_Rep1.MetricsCollector - INFO - metrics:177 - Metrics @ T=174.00: Cells=5261, MaxR=73.63, Pheno={'G_SPECIALIST': 1945, 'L_SPECIALIST': 3316, 'SWITCHING_GL': 0}
2025-05-27 19:42:07,657 - sim.TraitDistinct_LowDistinct_W40_P0.5_Rep1.MetricsCollector - INFO - metrics:177 - Metrics @ T=175.00: Cells=5305, MaxR=73.63, Pheno={'G_SPECIALIST': 1945, 'L_SPECIALIST': 3360, 'SWITCHING_GL': 0}
2025-05-27 19:42:08,005 - sim.TraitDistinct_LowDistinct_W40_P0.5_Rep1.MetricsCollector - INFO - metrics:177 - Metrics @ T=176.00: Cells=5331, MaxR=73.63, Pheno={'G_SPECIALIST': 1945, 'L_SPECIALIST': 3386, 'SWITCHING_GL': 0}
2025-05-27 19:42:08,340 - sim.TraitDistinct_LowDistinct_W40_P0.5_Rep1.MetricsCollector - INFO - metrics:177 - Metrics @ T=177.00: Cells=5370, MaxR=73.75, Pheno={'G_SPECIALIST': 1945, 'L_SPECIALIST': 3425, 'SWITCHING_GL': 0}
2025-05-27 19:42:08,674 - sim.TraitDistinct_LowDistinct_W40_P0.5_Rep1.MetricsCollector - INFO - metrics:177 - Metrics @ T=178.00: Cells=5423, MaxR=74.11, Pheno={'G_SPECIALIST': 1945, 'L_SPECIALIST': 3478, 'SWITCHING_GL': 0}
2025-05-27 19:42:09,014 - sim.TraitDistinct_LowDistinct_W40_P0.5_Rep1.MetricsCollector - INFO - metrics:177 - Metrics @ T=179.00: Cells=5467, MaxR=74.64, Pheno={'G_SPECIALIST': 1945, 'L_SPECIALIST': 3522, 'SWITCHING_GL': 0}
2025-05-27 19:42:09,302 - sim.TraitDistinct_LowDistinct_W40_P0.5_Rep1 - INFO - simulation_engine:218 - Progress: T=180.00, Cells=5512
2025-05-27 19:42:09,360 - sim.TraitDistinct_LowDistinct_W40_P0.5_Rep1.MetricsCollector - INFO - metrics:177 - Metrics @ T=180.00: Cells=5516, MaxR=74.64, Pheno={'G_SPECIALIST': 1945, 'L_SPECIALIST': 3571, 'SWITCHING_GL': 0}
2025-05-27 19:42:09,706 - sim.TraitDistinct_LowDistinct_W40_P0.5_Rep1.MetricsCollector - INFO - metrics:177 - Metrics @ T=181.00: Cells=5562, MaxR=74.64, Pheno={'G_SPECIALIST': 1945, 'L_SPECIALIST': 3617, 'SWITCHING_GL': 0}
2025-05-27 19:42:10,055 - sim.TraitDistinct_LowDistinct_W40_P0.5_Rep1.MetricsCollector - INFO - metrics:177 - Metrics @ T=182.00: Cells=5604, MaxR=75.36, Pheno={'G_SPECIALIST': 1945, 'L_SPECIALIST': 3659, 'SWITCHING_GL': 0}
2025-05-27 19:42:10,405 - sim.TraitDistinct_LowDistinct_W40_P0.5_Rep1.MetricsCollector - INFO - metrics:177 - Metrics @ T=183.00: Cells=5647, MaxR=75.36, Pheno={'G_SPECIALIST': 1945, 'L_SPECIALIST': 3702, 'SWITCHING_GL': 0}
2025-05-27 19:42:10,760 - sim.TraitDistinct_LowDistinct_W40_P0.5_Rep1.MetricsCollector - INFO - metrics:177 - Metrics @ T=184.00: Cells=5682, MaxR=76.21, Pheno={'G_SPECIALIST': 1945, 'L_SPECIALIST': 3737, 'SWITCHING_GL': 0}
2025-05-27 19:42:11,120 - sim.TraitDistinct_LowDistinct_W40_P0.5_Rep1.MetricsCollector - INFO - metrics:177 - Metrics @ T=185.00: Cells=5717, MaxR=77.09, Pheno={'G_SPECIALIST': 1945, 'L_SPECIALIST': 3772, 'SWITCHING_GL': 0}
2025-05-27 19:42:11,484 - sim.TraitDistinct_LowDistinct_W40_P0.5_Rep1.MetricsCollector - INFO - metrics:177 - Metrics @ T=186.00: Cells=5757, MaxR=77.09, Pheno={'G_SPECIALIST': 1945, 'L_SPECIALIST': 3812, 'SWITCHING_GL': 0}
2025-05-27 19:42:11,855 - sim.TraitDistinct_LowDistinct_W40_P0.5_Rep1.MetricsCollector - INFO - metrics:177 - Metrics @ T=187.00: Cells=5784, MaxR=77.94, Pheno={'G_SPECIALIST': 1945, 'L_SPECIALIST': 3839, 'SWITCHING_GL': 0}
2025-05-27 19:42:12,241 - sim.TraitDistinct_LowDistinct_W40_P0.5_Rep1.MetricsCollector - INFO - metrics:177 - Metrics @ T=188.00: Cells=5838, MaxR=77.94, Pheno={'G_SPECIALIST': 1945, 'L_SPECIALIST': 3893, 'SWITCHING_GL': 0}
2025-05-27 19:42:12,610 - sim.TraitDistinct_LowDistinct_W40_P0.5_Rep1.MetricsCollector - INFO - metrics:177 - Metrics @ T=189.00: Cells=5887, MaxR=77.94, Pheno={'G_SPECIALIST': 1945, 'L_SPECIALIST': 3942, 'SWITCHING_GL': 0}
2025-05-27 19:42:12,919 - sim.TraitDistinct_LowDistinct_W40_P0.5_Rep1 - INFO - simulation_engine:218 - Progress: T=190.00, Cells=5925
2025-05-27 19:42:12,984 - sim.TraitDistinct_LowDistinct_W40_P0.5_Rep1.MetricsCollector - INFO - metrics:177 - Metrics @ T=190.00: Cells=5930, MaxR=77.94, Pheno={'G_SPECIALIST': 1945, 'L_SPECIALIST': 3985, 'SWITCHING_GL': 0}
2025-05-27 19:42:13,366 - sim.TraitDistinct_LowDistinct_W40_P0.5_Rep1.MetricsCollector - INFO - metrics:177 - Metrics @ T=191.00: Cells=5974, MaxR=77.94, Pheno={'G_SPECIALIST': 1945, 'L_SPECIALIST': 4029, 'SWITCHING_GL': 0}
2025-05-27 19:42:13,741 - sim.TraitDistinct_LowDistinct_W40_P0.5_Rep1.MetricsCollector - INFO - metrics:177 - Metrics @ T=192.00: Cells=6016, MaxR=77.94, Pheno={'G_SPECIALIST': 1945, 'L_SPECIALIST': 4071, 'SWITCHING_GL': 0}
2025-05-27 19:42:14,119 - sim.TraitDistinct_LowDistinct_W40_P0.5_Rep1.MetricsCollector - INFO - metrics:177 - Metrics @ T=193.00: Cells=6061, MaxR=77.94, Pheno={'G_SPECIALIST': 1945, 'L_SPECIALIST': 4116, 'SWITCHING_GL': 0}
2025-05-27 19:42:14,503 - sim.TraitDistinct_LowDistinct_W40_P0.5_Rep1.MetricsCollector - INFO - metrics:177 - Metrics @ T=194.00: Cells=6106, MaxR=77.94, Pheno={'G_SPECIALIST': 1945, 'L_SPECIALIST': 4161, 'SWITCHING_GL': 0}
2025-05-27 19:42:14,886 - sim.TraitDistinct_LowDistinct_W40_P0.5_Rep1.MetricsCollector - INFO - metrics:177 - Metrics @ T=195.00: Cells=6144, MaxR=77.94, Pheno={'G_SPECIALIST': 1945, 'L_SPECIALIST': 4199, 'SWITCHING_GL': 0}
2025-05-27 19:42:15,281 - sim.TraitDistinct_LowDistinct_W40_P0.5_Rep1.MetricsCollector - INFO - metrics:177 - Metrics @ T=196.00: Cells=6191, MaxR=78.69, Pheno={'G_SPECIALIST': 1945, 'L_SPECIALIST': 4246, 'SWITCHING_GL': 0}
2025-05-27 19:42:15,678 - sim.TraitDistinct_LowDistinct_W40_P0.5_Rep1.MetricsCollector - INFO - metrics:177 - Metrics @ T=197.00: Cells=6241, MaxR=78.69, Pheno={'G_SPECIALIST': 1945, 'L_SPECIALIST': 4296, 'SWITCHING_GL': 0}
2025-05-27 19:42:16,070 - sim.TraitDistinct_LowDistinct_W40_P0.5_Rep1.MetricsCollector - INFO - metrics:177 - Metrics @ T=198.00: Cells=6281, MaxR=78.94, Pheno={'G_SPECIALIST': 1945, 'L_SPECIALIST': 4336, 'SWITCHING_GL': 0}
2025-05-27 19:42:16,465 - sim.TraitDistinct_LowDistinct_W40_P0.5_Rep1.MetricsCollector - INFO - metrics:177 - Metrics @ T=199.00: Cells=6331, MaxR=79.90, Pheno={'G_SPECIALIST': 1945, 'L_SPECIALIST': 4386, 'SWITCHING_GL': 0}
2025-05-27 19:42:16,797 - sim.TraitDistinct_LowDistinct_W40_P0.5_Rep1 - INFO - simulation_engine:218 - Progress: T=200.00, Cells=6369
2025-05-27 19:42:16,863 - sim.TraitDistinct_LowDistinct_W40_P0.5_Rep1.MetricsCollector - INFO - metrics:177 - Metrics @ T=200.00: Cells=6375, MaxR=80.55, Pheno={'G_SPECIALIST': 1946, 'L_SPECIALIST': 4429, 'SWITCHING_GL': 0}
2025-05-27 19:42:16,900 - sim.TraitDistinct_LowDistinct_W40_P0.5_Rep1 - INFO - simulation_engine:238 - Sim run finished: TraitDistinct_LowDistinct_W40_P0.5_Rep1. Wall-clock: 35.838s.
2025-05-27 19:42:16,900 - sim.TraitDistinct_LowDistinct_W40_P0.5_Rep1 - INFO - simulation_engine:241 - Final state: SimTime=200.10, Steps=2001, Cells=6379.
2025-05-27 19:42:16,900 - sim.TraitDistinct_LowDistinct_W40_P0.5_Rep1.MetricsCollector - INFO - metrics:300 - Finalizing data collection and exporting results...
2025-05-27 19:42:16,900 - sim.TraitDistinct_LowDistinct_W40_P0.5_Rep1.MetricsCollector - INFO - metrics:312 - --- Simulation Summary (Log) ---
time: 199.99999999999292
total_cell_count: 6375
phenotype_counts: {'G_SPECIALIST': 1946, 'L_SPECIALIST': 4429, 'SWITCHING_GL': 0}
avg_radial_distance: 48.54603340758257
max_radial_distance: 80.55432949258531
min_radial_distance: 0.0
std_dev_radial_distance: 17.311806387257146
median_radial_distance: 51.264022471905186
frontier_lag_G_to_L: (details in files)
frontier_traits: (details in files)
overall_radial_expansion_velocity: 0.3941113934250961
config_exp_name: TraitDistinct_LowDistinct_W40_P0.5_Rep1

2025-05-27 19:42:16,924 - sim.TraitDistinct_LowDistinct_W40_P0.5_Rep1.MetricsCollector - INFO - metrics:242 - Time series data exported to results\TraitDistinct_LowDistinct_W40_P0.5_Rep1\time_series_data.csv
2025-05-27 19:42:16,925 - sim.TraitDistinct_LowDistinct_W40_P0.5_Rep1.MetricsCollector - INFO - metrics:267 - Summary data exported to results\TraitDistinct_LowDistinct_W40_P0.5_Rep1\summary.json
2025-05-27 19:42:16,925 - sim.TraitDistinct_LowDistinct_W40_P0.5_Rep1.MetricsCollector - INFO - metrics:275 - No kymograph data to export.
2025-05-27 19:42:16,925 - sim.TraitDistinct_LowDistinct_W40_P0.5_Rep1.MetricsCollector - INFO - metrics:316 - All data export finalized for TraitDistinct_LowDistinct_W40_P0.5_Rep1.
2025-05-27 19:42:16,925 - sim.TraitDistinct_LowDistinct_W40_P0.5_Rep1 - INFO - simulation_engine:276 - Simulation fully complete.
