2025-05-27 19:22:17,058 - sim.ProbSweep_W40_P0.0_Rep1 - INFO - simulation_engine:37 - Initializing SimulationEngine for experiment: ProbSweep_W40_P0.0_Rep1
2025-05-27 19:22:17,060 - sim.ProbSweep_W40_P0.0_Rep1 - INFO - simulation_engine:70 - Visualization disabled.
2025-05-27 19:22:17,060 - sim.ProbSweep_W40_P0.0_Rep1 - INFO - simulation_engine:202 - Starting simulation: ProbSweep_W40_P0.0_Rep1
2025-05-27 19:22:17,060 - sim.ProbSweep_W40_P0.0_Rep1 - INFO - simulation_engine:204 - Colony initialized: 5 cells.
2025-05-27 19:22:17,061 - sim.ProbSweep_W40_P0.0_Rep1.MetricsCollector - INFO - metrics:177 - Metrics @ T=0.00: Cells=5, MaxR=1.73, Pheno={'G_SPECIALIST': 5, 'L_SPECIALIST': 0, 'SWITCHING_GL': 0}
2025-05-27 19:22:17,062 - sim.ProbSweep_W40_P0.0_Rep1.MetricsCollector - INFO - metrics:177 - Metrics @ T=1.00: Cells=7, MaxR=3.00, Pheno={'G_SPECIALIST': 7, 'L_SPECIALIST': 0, 'SWITCHING_GL': 0}
2025-05-27 19:22:17,064 - sim.ProbSweep_W40_P0.0_Rep1.MetricsCollector - INFO - metrics:177 - Metrics @ T=2.00: Cells=9, MaxR=3.46, Pheno={'G_SPECIALIST': 9, 'L_SPECIALIST': 0, 'SWITCHING_GL': 0}
2025-05-27 19:22:17,066 - sim.ProbSweep_W40_P0.0_Rep1.MetricsCollector - INFO - metrics:177 - Metrics @ T=3.00: Cells=15, MaxR=5.20, Pheno={'G_SPECIALIST': 15, 'L_SPECIALIST': 0, 'SWITCHING_GL': 0}
2025-05-27 19:22:17,067 - sim.ProbSweep_W40_P0.0_Rep1.MetricsCollector - INFO - metrics:177 - Metrics @ T=4.00: Cells=21, MaxR=6.24, Pheno={'G_SPECIALIST': 21, 'L_SPECIALIST': 0, 'SWITCHING_GL': 0}
2025-05-27 19:22:17,070 - sim.ProbSweep_W40_P0.0_Rep1.MetricsCollector - INFO - metrics:177 - Metrics @ T=5.00: Cells=28, MaxR=6.93, Pheno={'G_SPECIALIST': 28, 'L_SPECIALIST': 0, 'SWITCHING_GL': 0}
2025-05-27 19:22:17,072 - sim.ProbSweep_W40_P0.0_Rep1.MetricsCollector - INFO - metrics:177 - Metrics @ T=6.00: Cells=37, MaxR=8.66, Pheno={'G_SPECIALIST': 37, 'L_SPECIALIST': 0, 'SWITCHING_GL': 0}
2025-05-27 19:22:17,075 - sim.ProbSweep_W40_P0.0_Rep1.MetricsCollector - INFO - metrics:177 - Metrics @ T=7.00: Cells=46, MaxR=8.66, Pheno={'G_SPECIALIST': 46, 'L_SPECIALIST': 0, 'SWITCHING_GL': 0}
2025-05-27 19:22:17,079 - sim.ProbSweep_W40_P0.0_Rep1.MetricsCollector - INFO - metrics:177 - Metrics @ T=8.00: Cells=52, MaxR=9.17, Pheno={'G_SPECIALIST': 52, 'L_SPECIALIST': 0, 'SWITCHING_GL': 0}
2025-05-27 19:22:17,084 - sim.ProbSweep_W40_P0.0_Rep1.MetricsCollector - INFO - metrics:177 - Metrics @ T=9.00: Cells=61, MaxR=9.64, Pheno={'G_SPECIALIST': 61, 'L_SPECIALIST': 0, 'SWITCHING_GL': 0}
2025-05-27 19:22:17,088 - sim.ProbSweep_W40_P0.0_Rep1 - INFO - simulation_engine:218 - Progress: T=10.00, Cells=71
2025-05-27 19:22:17,089 - sim.ProbSweep_W40_P0.0_Rep1.MetricsCollector - INFO - metrics:177 - Metrics @ T=10.00: Cells=72, MaxR=10.54, Pheno={'G_SPECIALIST': 72, 'L_SPECIALIST': 0, 'SWITCHING_GL': 0}
2025-05-27 19:22:17,094 - sim.ProbSweep_W40_P0.0_Rep1.MetricsCollector - INFO - metrics:177 - Metrics @ T=11.00: Cells=78, MaxR=12.12, Pheno={'G_SPECIALIST': 78, 'L_SPECIALIST': 0, 'SWITCHING_GL': 0}
2025-05-27 19:22:17,100 - sim.ProbSweep_W40_P0.0_Rep1.MetricsCollector - INFO - metrics:177 - Metrics @ T=12.00: Cells=86, MaxR=12.49, Pheno={'G_SPECIALIST': 86, 'L_SPECIALIST': 0, 'SWITCHING_GL': 0}
2025-05-27 19:22:17,107 - sim.ProbSweep_W40_P0.0_Rep1.MetricsCollector - INFO - metrics:177 - Metrics @ T=13.00: Cells=101, MaxR=14.18, Pheno={'G_SPECIALIST': 101, 'L_SPECIALIST': 0, 'SWITCHING_GL': 0}
2025-05-27 19:22:17,114 - sim.ProbSweep_W40_P0.0_Rep1.MetricsCollector - INFO - metrics:177 - Metrics @ T=14.00: Cells=114, MaxR=14.18, Pheno={'G_SPECIALIST': 114, 'L_SPECIALIST': 0, 'SWITCHING_GL': 0}
2025-05-27 19:22:17,122 - sim.ProbSweep_W40_P0.0_Rep1.MetricsCollector - INFO - metrics:177 - Metrics @ T=15.00: Cells=127, MaxR=15.59, Pheno={'G_SPECIALIST': 127, 'L_SPECIALIST': 0, 'SWITCHING_GL': 0}
2025-05-27 19:22:17,132 - sim.ProbSweep_W40_P0.0_Rep1.MetricsCollector - INFO - metrics:177 - Metrics @ T=16.00: Cells=149, MaxR=15.87, Pheno={'G_SPECIALIST': 149, 'L_SPECIALIST': 0, 'SWITCHING_GL': 0}
2025-05-27 19:22:17,143 - sim.ProbSweep_W40_P0.0_Rep1.MetricsCollector - INFO - metrics:177 - Metrics @ T=17.00: Cells=170, MaxR=17.58, Pheno={'G_SPECIALIST': 170, 'L_SPECIALIST': 0, 'SWITCHING_GL': 0}
2025-05-27 19:22:17,155 - sim.ProbSweep_W40_P0.0_Rep1.MetricsCollector - INFO - metrics:177 - Metrics @ T=18.00: Cells=185, MaxR=18.33, Pheno={'G_SPECIALIST': 185, 'L_SPECIALIST': 0, 'SWITCHING_GL': 0}
2025-05-27 19:22:17,169 - sim.ProbSweep_W40_P0.0_Rep1.MetricsCollector - INFO - metrics:177 - Metrics @ T=19.00: Cells=205, MaxR=20.42, Pheno={'G_SPECIALIST': 205, 'L_SPECIALIST': 0, 'SWITCHING_GL': 0}
2025-05-27 19:22:17,180 - sim.ProbSweep_W40_P0.0_Rep1 - INFO - simulation_engine:218 - Progress: T=20.00, Cells=221
2025-05-27 19:22:17,184 - sim.ProbSweep_W40_P0.0_Rep1.MetricsCollector - INFO - metrics:177 - Metrics @ T=20.00: Cells=222, MaxR=21.00, Pheno={'G_SPECIALIST': 222, 'L_SPECIALIST': 0, 'SWITCHING_GL': 0}
2025-05-27 19:22:17,199 - sim.ProbSweep_W40_P0.0_Rep1.MetricsCollector - INFO - metrics:177 - Metrics @ T=21.00: Cells=245, MaxR=21.00, Pheno={'G_SPECIALIST': 245, 'L_SPECIALIST': 0, 'SWITCHING_GL': 0}
2025-05-27 19:22:17,217 - sim.ProbSweep_W40_P0.0_Rep1.MetricsCollector - INFO - metrics:177 - Metrics @ T=22.00: Cells=275, MaxR=21.00, Pheno={'G_SPECIALIST': 275, 'L_SPECIALIST': 0, 'SWITCHING_GL': 0}
2025-05-27 19:22:17,235 - sim.ProbSweep_W40_P0.0_Rep1.MetricsCollector - INFO - metrics:177 - Metrics @ T=23.00: Cells=297, MaxR=21.00, Pheno={'G_SPECIALIST': 297, 'L_SPECIALIST': 0, 'SWITCHING_GL': 0}
2025-05-27 19:22:17,256 - sim.ProbSweep_W40_P0.0_Rep1.MetricsCollector - INFO - metrics:177 - Metrics @ T=24.00: Cells=322, MaxR=22.11, Pheno={'G_SPECIALIST': 322, 'L_SPECIALIST': 0, 'SWITCHING_GL': 0}
2025-05-27 19:22:17,278 - sim.ProbSweep_W40_P0.0_Rep1.MetricsCollector - INFO - metrics:177 - Metrics @ T=25.00: Cells=352, MaxR=24.43, Pheno={'G_SPECIALIST': 352, 'L_SPECIALIST': 0, 'SWITCHING_GL': 0}
2025-05-27 19:22:17,302 - sim.ProbSweep_W40_P0.0_Rep1.MetricsCollector - INFO - metrics:177 - Metrics @ T=26.00: Cells=386, MaxR=24.43, Pheno={'G_SPECIALIST': 386, 'L_SPECIALIST': 0, 'SWITCHING_GL': 0}
2025-05-27 19:22:17,328 - sim.ProbSweep_W40_P0.0_Rep1.MetricsCollector - INFO - metrics:177 - Metrics @ T=27.00: Cells=411, MaxR=24.43, Pheno={'G_SPECIALIST': 411, 'L_SPECIALIST': 0, 'SWITCHING_GL': 0}
2025-05-27 19:22:17,355 - sim.ProbSweep_W40_P0.0_Rep1.MetricsCollector - INFO - metrics:177 - Metrics @ T=28.00: Cells=442, MaxR=25.51, Pheno={'G_SPECIALIST': 442, 'L_SPECIALIST': 0, 'SWITCHING_GL': 0}
2025-05-27 19:22:17,385 - sim.ProbSweep_W40_P0.0_Rep1.MetricsCollector - INFO - metrics:177 - Metrics @ T=29.00: Cells=467, MaxR=25.51, Pheno={'G_SPECIALIST': 467, 'L_SPECIALIST': 0, 'SWITCHING_GL': 0}
2025-05-27 19:22:17,410 - sim.ProbSweep_W40_P0.0_Rep1 - INFO - simulation_engine:218 - Progress: T=30.00, Cells=494
2025-05-27 19:22:17,415 - sim.ProbSweep_W40_P0.0_Rep1.MetricsCollector - INFO - metrics:177 - Metrics @ T=30.00: Cells=499, MaxR=26.89, Pheno={'G_SPECIALIST': 499, 'L_SPECIALIST': 0, 'SWITCHING_GL': 0}
2025-05-27 19:22:17,449 - sim.ProbSweep_W40_P0.0_Rep1.MetricsCollector - INFO - metrics:177 - Metrics @ T=31.00: Cells=520, MaxR=27.87, Pheno={'G_SPECIALIST': 520, 'L_SPECIALIST': 0, 'SWITCHING_GL': 0}
2025-05-27 19:22:17,483 - sim.ProbSweep_W40_P0.0_Rep1.MetricsCollector - INFO - metrics:177 - Metrics @ T=32.00: Cells=551, MaxR=27.87, Pheno={'G_SPECIALIST': 551, 'L_SPECIALIST': 0, 'SWITCHING_GL': 0}
2025-05-27 19:22:17,520 - sim.ProbSweep_W40_P0.0_Rep1.MetricsCollector - INFO - metrics:177 - Metrics @ T=33.00: Cells=581, MaxR=27.87, Pheno={'G_SPECIALIST': 581, 'L_SPECIALIST': 0, 'SWITCHING_GL': 0}
2025-05-27 19:22:17,558 - sim.ProbSweep_W40_P0.0_Rep1.MetricsCollector - INFO - metrics:177 - Metrics @ T=34.00: Cells=612, MaxR=29.14, Pheno={'G_SPECIALIST': 612, 'L_SPECIALIST': 0, 'SWITCHING_GL': 0}
2025-05-27 19:22:17,601 - sim.ProbSweep_W40_P0.0_Rep1.MetricsCollector - INFO - metrics:177 - Metrics @ T=35.00: Cells=650, MaxR=29.14, Pheno={'G_SPECIALIST': 650, 'L_SPECIALIST': 0, 'SWITCHING_GL': 0}
2025-05-27 19:22:17,644 - sim.ProbSweep_W40_P0.0_Rep1.MetricsCollector - INFO - metrics:177 - Metrics @ T=36.00: Cells=684, MaxR=30.45, Pheno={'G_SPECIALIST': 684, 'L_SPECIALIST': 0, 'SWITCHING_GL': 0}
2025-05-27 19:22:17,688 - sim.ProbSweep_W40_P0.0_Rep1.MetricsCollector - INFO - metrics:177 - Metrics @ T=37.00: Cells=715, MaxR=30.45, Pheno={'G_SPECIALIST': 715, 'L_SPECIALIST': 0, 'SWITCHING_GL': 0}
2025-05-27 19:22:17,736 - sim.ProbSweep_W40_P0.0_Rep1.MetricsCollector - INFO - metrics:177 - Metrics @ T=38.00: Cells=759, MaxR=33.18, Pheno={'G_SPECIALIST': 759, 'L_SPECIALIST': 0, 'SWITCHING_GL': 0}
2025-05-27 19:22:17,787 - sim.ProbSweep_W40_P0.0_Rep1.MetricsCollector - INFO - metrics:177 - Metrics @ T=39.00: Cells=806, MaxR=33.41, Pheno={'G_SPECIALIST': 806, 'L_SPECIALIST': 0, 'SWITCHING_GL': 0}
2025-05-27 19:22:17,831 - sim.ProbSweep_W40_P0.0_Rep1 - INFO - simulation_engine:218 - Progress: T=40.00, Cells=858
2025-05-27 19:22:17,840 - sim.ProbSweep_W40_P0.0_Rep1.MetricsCollector - INFO - metrics:177 - Metrics @ T=40.00: Cells=862, MaxR=34.77, Pheno={'G_SPECIALIST': 862, 'L_SPECIALIST': 0, 'SWITCHING_GL': 0}
2025-05-27 19:22:17,897 - sim.ProbSweep_W40_P0.0_Rep1.MetricsCollector - INFO - metrics:177 - Metrics @ T=41.00: Cells=909, MaxR=35.03, Pheno={'G_SPECIALIST': 909, 'L_SPECIALIST': 0, 'SWITCHING_GL': 0}
2025-05-27 19:22:17,956 - sim.ProbSweep_W40_P0.0_Rep1.MetricsCollector - INFO - metrics:177 - Metrics @ T=42.00: Cells=957, MaxR=35.54, Pheno={'G_SPECIALIST': 957, 'L_SPECIALIST': 0, 'SWITCHING_GL': 0}
2025-05-27 19:22:18,018 - sim.ProbSweep_W40_P0.0_Rep1.MetricsCollector - INFO - metrics:177 - Metrics @ T=43.00: Cells=1003, MaxR=38.11, Pheno={'G_SPECIALIST': 1003, 'L_SPECIALIST': 0, 'SWITCHING_GL': 0}
2025-05-27 19:22:18,084 - sim.ProbSweep_W40_P0.0_Rep1.MetricsCollector - INFO - metrics:177 - Metrics @ T=44.00: Cells=1043, MaxR=38.11, Pheno={'G_SPECIALIST': 1043, 'L_SPECIALIST': 0, 'SWITCHING_GL': 0}
2025-05-27 19:22:18,151 - sim.ProbSweep_W40_P0.0_Rep1.MetricsCollector - INFO - metrics:177 - Metrics @ T=45.00: Cells=1086, MaxR=39.84, Pheno={'G_SPECIALIST': 1086, 'L_SPECIALIST': 0, 'SWITCHING_GL': 0}
2025-05-27 19:22:18,221 - sim.ProbSweep_W40_P0.0_Rep1.MetricsCollector - INFO - metrics:177 - Metrics @ T=46.00: Cells=1127, MaxR=39.95, Pheno={'G_SPECIALIST': 1127, 'L_SPECIALIST': 0, 'SWITCHING_GL': 0}
2025-05-27 19:22:18,295 - sim.ProbSweep_W40_P0.0_Rep1.MetricsCollector - INFO - metrics:177 - Metrics @ T=47.00: Cells=1169, MaxR=39.95, Pheno={'G_SPECIALIST': 1169, 'L_SPECIALIST': 0, 'SWITCHING_GL': 0}
2025-05-27 19:22:18,373 - sim.ProbSweep_W40_P0.0_Rep1.MetricsCollector - INFO - metrics:177 - Metrics @ T=48.00: Cells=1225, MaxR=39.95, Pheno={'G_SPECIALIST': 1225, 'L_SPECIALIST': 0, 'SWITCHING_GL': 0}
2025-05-27 19:22:18,453 - sim.ProbSweep_W40_P0.0_Rep1.MetricsCollector - INFO - metrics:177 - Metrics @ T=49.00: Cells=1279, MaxR=40.73, Pheno={'G_SPECIALIST': 1278, 'SWITCHING_GL': 1, 'L_SPECIALIST': 0}
2025-05-27 19:22:18,526 - sim.ProbSweep_W40_P0.0_Rep1 - INFO - simulation_engine:218 - Progress: T=50.00, Cells=1324
2025-05-27 19:22:18,540 - sim.ProbSweep_W40_P0.0_Rep1.MetricsCollector - INFO - metrics:177 - Metrics @ T=50.00: Cells=1329, MaxR=40.95, Pheno={'G_SPECIALIST': 1327, 'SWITCHING_GL': 2, 'L_SPECIALIST': 0}
2025-05-27 19:22:18,626 - sim.ProbSweep_W40_P0.0_Rep1.MetricsCollector - INFO - metrics:177 - Metrics @ T=51.00: Cells=1382, MaxR=41.57, Pheno={'G_SPECIALIST': 1378, 'SWITCHING_GL': 4, 'L_SPECIALIST': 0}
2025-05-27 19:22:18,715 - sim.ProbSweep_W40_P0.0_Rep1.MetricsCollector - INFO - metrics:177 - Metrics @ T=52.00: Cells=1428, MaxR=41.57, Pheno={'G_SPECIALIST': 1424, 'SWITCHING_GL': 4, 'L_SPECIALIST': 0}
2025-05-27 19:22:18,808 - sim.ProbSweep_W40_P0.0_Rep1.MetricsCollector - INFO - metrics:177 - Metrics @ T=53.00: Cells=1485, MaxR=41.57, Pheno={'G_SPECIALIST': 1480, 'SWITCHING_GL': 5, 'L_SPECIALIST': 0}
2025-05-27 19:22:18,904 - sim.ProbSweep_W40_P0.0_Rep1.MetricsCollector - INFO - metrics:177 - Metrics @ T=54.00: Cells=1526, MaxR=41.68, Pheno={'G_SPECIALIST': 1518, 'L_SPECIALIST': 1, 'SWITCHING_GL': 7}
2025-05-27 19:22:19,008 - sim.ProbSweep_W40_P0.0_Rep1.MetricsCollector - INFO - metrics:177 - Metrics @ T=55.00: Cells=1574, MaxR=41.68, Pheno={'G_SPECIALIST': 1563, 'L_SPECIALIST': 1, 'SWITCHING_GL': 10}
2025-05-27 19:22:19,108 - sim.ProbSweep_W40_P0.0_Rep1.MetricsCollector - INFO - metrics:177 - Metrics @ T=56.00: Cells=1617, MaxR=41.68, Pheno={'G_SPECIALIST': 1601, 'L_SPECIALIST': 2, 'SWITCHING_GL': 14}
2025-05-27 19:22:19,213 - sim.ProbSweep_W40_P0.0_Rep1.MetricsCollector - INFO - metrics:177 - Metrics @ T=57.00: Cells=1662, MaxR=41.68, Pheno={'G_SPECIALIST': 1639, 'L_SPECIALIST': 2, 'SWITCHING_GL': 21}
2025-05-27 19:22:19,320 - sim.ProbSweep_W40_P0.0_Rep1.MetricsCollector - INFO - metrics:177 - Metrics @ T=58.00: Cells=1703, MaxR=41.68, Pheno={'G_SPECIALIST': 1676, 'L_SPECIALIST': 2, 'SWITCHING_GL': 25}
2025-05-27 19:22:19,429 - sim.ProbSweep_W40_P0.0_Rep1.MetricsCollector - INFO - metrics:177 - Metrics @ T=59.00: Cells=1746, MaxR=41.68, Pheno={'G_SPECIALIST': 1717, 'L_SPECIALIST': 4, 'SWITCHING_GL': 25}
2025-05-27 19:22:19,523 - sim.ProbSweep_W40_P0.0_Rep1 - INFO - simulation_engine:218 - Progress: T=60.00, Cells=1783
2025-05-27 19:22:19,543 - sim.ProbSweep_W40_P0.0_Rep1.MetricsCollector - INFO - metrics:177 - Metrics @ T=60.00: Cells=1787, MaxR=41.68, Pheno={'G_SPECIALIST': 1752, 'L_SPECIALIST': 5, 'SWITCHING_GL': 30}
2025-05-27 19:22:19,656 - sim.ProbSweep_W40_P0.0_Rep1.MetricsCollector - INFO - metrics:177 - Metrics @ T=61.00: Cells=1817, MaxR=43.41, Pheno={'G_SPECIALIST': 1775, 'L_SPECIALIST': 9, 'SWITCHING_GL': 33}
2025-05-27 19:22:19,771 - sim.ProbSweep_W40_P0.0_Rep1.MetricsCollector - INFO - metrics:177 - Metrics @ T=62.00: Cells=1853, MaxR=43.41, Pheno={'G_SPECIALIST': 1805, 'L_SPECIALIST': 12, 'SWITCHING_GL': 36}
2025-05-27 19:22:19,889 - sim.ProbSweep_W40_P0.0_Rep1.MetricsCollector - INFO - metrics:177 - Metrics @ T=63.00: Cells=1888, MaxR=43.41, Pheno={'G_SPECIALIST': 1828, 'L_SPECIALIST': 15, 'SWITCHING_GL': 45}
2025-05-27 19:22:20,010 - sim.ProbSweep_W40_P0.0_Rep1.MetricsCollector - INFO - metrics:177 - Metrics @ T=64.00: Cells=1916, MaxR=43.41, Pheno={'G_SPECIALIST': 1844, 'L_SPECIALIST': 17, 'SWITCHING_GL': 55}
2025-05-27 19:22:20,130 - sim.ProbSweep_W40_P0.0_Rep1.MetricsCollector - INFO - metrics:177 - Metrics @ T=65.00: Cells=1935, MaxR=43.41, Pheno={'G_SPECIALIST': 1856, 'L_SPECIALIST': 21, 'SWITCHING_GL': 58}
2025-05-27 19:22:20,251 - sim.ProbSweep_W40_P0.0_Rep1.MetricsCollector - INFO - metrics:177 - Metrics @ T=66.00: Cells=1957, MaxR=43.71, Pheno={'G_SPECIALIST': 1865, 'L_SPECIALIST': 27, 'SWITCHING_GL': 65}
2025-05-27 19:22:20,374 - sim.ProbSweep_W40_P0.0_Rep1.MetricsCollector - INFO - metrics:177 - Metrics @ T=67.00: Cells=1975, MaxR=43.71, Pheno={'G_SPECIALIST': 1876, 'L_SPECIALIST': 31, 'SWITCHING_GL': 68}
2025-05-27 19:22:20,497 - sim.ProbSweep_W40_P0.0_Rep1.MetricsCollector - INFO - metrics:177 - Metrics @ T=68.00: Cells=1996, MaxR=45.13, Pheno={'G_SPECIALIST': 1886, 'L_SPECIALIST': 39, 'SWITCHING_GL': 71}
2025-05-27 19:22:20,622 - sim.ProbSweep_W40_P0.0_Rep1.MetricsCollector - INFO - metrics:177 - Metrics @ T=69.00: Cells=2016, MaxR=46.12, Pheno={'G_SPECIALIST': 1896, 'L_SPECIALIST': 49, 'SWITCHING_GL': 71}
2025-05-27 19:22:20,727 - sim.ProbSweep_W40_P0.0_Rep1 - INFO - simulation_engine:218 - Progress: T=70.00, Cells=2032
2025-05-27 19:22:20,748 - sim.ProbSweep_W40_P0.0_Rep1.MetricsCollector - INFO - metrics:177 - Metrics @ T=70.00: Cells=2034, MaxR=46.12, Pheno={'G_SPECIALIST': 1901, 'L_SPECIALIST': 60, 'SWITCHING_GL': 73}
2025-05-27 19:22:20,876 - sim.ProbSweep_W40_P0.0_Rep1.MetricsCollector - INFO - metrics:177 - Metrics @ T=71.00: Cells=2058, MaxR=47.15, Pheno={'G_SPECIALIST': 1909, 'L_SPECIALIST': 76, 'SWITCHING_GL': 73}
2025-05-27 19:22:21,006 - sim.ProbSweep_W40_P0.0_Rep1.MetricsCollector - INFO - metrics:177 - Metrics @ T=72.00: Cells=2077, MaxR=47.15, Pheno={'G_SPECIALIST': 1915, 'L_SPECIALIST': 87, 'SWITCHING_GL': 75}
2025-05-27 19:22:21,140 - sim.ProbSweep_W40_P0.0_Rep1.MetricsCollector - INFO - metrics:177 - Metrics @ T=73.00: Cells=2093, MaxR=47.15, Pheno={'G_SPECIALIST': 1917, 'L_SPECIALIST': 104, 'SWITCHING_GL': 72}
2025-05-27 19:22:21,272 - sim.ProbSweep_W40_P0.0_Rep1.MetricsCollector - INFO - metrics:177 - Metrics @ T=74.00: Cells=2108, MaxR=47.15, Pheno={'G_SPECIALIST': 1922, 'L_SPECIALIST': 119, 'SWITCHING_GL': 67}
2025-05-27 19:22:21,403 - sim.ProbSweep_W40_P0.0_Rep1.MetricsCollector - INFO - metrics:177 - Metrics @ T=75.00: Cells=2126, MaxR=47.15, Pheno={'G_SPECIALIST': 1928, 'L_SPECIALIST': 131, 'SWITCHING_GL': 67}
2025-05-27 19:22:21,536 - sim.ProbSweep_W40_P0.0_Rep1.MetricsCollector - INFO - metrics:177 - Metrics @ T=76.00: Cells=2140, MaxR=47.15, Pheno={'G_SPECIALIST': 1931, 'L_SPECIALIST': 145, 'SWITCHING_GL': 64}
2025-05-27 19:22:21,673 - sim.ProbSweep_W40_P0.0_Rep1.MetricsCollector - INFO - metrics:177 - Metrics @ T=77.00: Cells=2163, MaxR=48.22, Pheno={'G_SPECIALIST': 1937, 'L_SPECIALIST': 161, 'SWITCHING_GL': 65}
2025-05-27 19:22:21,810 - sim.ProbSweep_W40_P0.0_Rep1.MetricsCollector - INFO - metrics:177 - Metrics @ T=78.00: Cells=2174, MaxR=49.93, Pheno={'G_SPECIALIST': 1938, 'L_SPECIALIST': 176, 'SWITCHING_GL': 60}
2025-05-27 19:22:21,945 - sim.ProbSweep_W40_P0.0_Rep1.MetricsCollector - INFO - metrics:177 - Metrics @ T=79.00: Cells=2193, MaxR=49.93, Pheno={'G_SPECIALIST': 1943, 'L_SPECIALIST': 193, 'SWITCHING_GL': 57}
2025-05-27 19:22:22,060 - sim.ProbSweep_W40_P0.0_Rep1 - INFO - simulation_engine:218 - Progress: T=80.00, Cells=2212
2025-05-27 19:22:22,083 - sim.ProbSweep_W40_P0.0_Rep1.MetricsCollector - INFO - metrics:177 - Metrics @ T=80.00: Cells=2213, MaxR=49.93, Pheno={'G_SPECIALIST': 1944, 'L_SPECIALIST': 214, 'SWITCHING_GL': 55}
2025-05-27 19:22:22,222 - sim.ProbSweep_W40_P0.0_Rep1.MetricsCollector - INFO - metrics:177 - Metrics @ T=81.00: Cells=2226, MaxR=49.93, Pheno={'G_SPECIALIST': 1944, 'L_SPECIALIST': 231, 'SWITCHING_GL': 51}
2025-05-27 19:22:22,362 - sim.ProbSweep_W40_P0.0_Rep1.MetricsCollector - INFO - metrics:177 - Metrics @ T=82.00: Cells=2242, MaxR=49.93, Pheno={'G_SPECIALIST': 1944, 'L_SPECIALIST': 250, 'SWITCHING_GL': 48}
2025-05-27 19:22:22,503 - sim.ProbSweep_W40_P0.0_Rep1.MetricsCollector - INFO - metrics:177 - Metrics @ T=83.00: Cells=2261, MaxR=49.93, Pheno={'G_SPECIALIST': 1944, 'L_SPECIALIST': 271, 'SWITCHING_GL': 46}
2025-05-27 19:22:22,646 - sim.ProbSweep_W40_P0.0_Rep1.MetricsCollector - INFO - metrics:177 - Metrics @ T=84.00: Cells=2283, MaxR=49.93, Pheno={'G_SPECIALIST': 1944, 'L_SPECIALIST': 296, 'SWITCHING_GL': 43}
2025-05-27 19:22:22,789 - sim.ProbSweep_W40_P0.0_Rep1.MetricsCollector - INFO - metrics:177 - Metrics @ T=85.00: Cells=2299, MaxR=49.93, Pheno={'G_SPECIALIST': 1944, 'L_SPECIALIST': 318, 'SWITCHING_GL': 37}
2025-05-27 19:22:22,935 - sim.ProbSweep_W40_P0.0_Rep1.MetricsCollector - INFO - metrics:177 - Metrics @ T=86.00: Cells=2324, MaxR=51.03, Pheno={'G_SPECIALIST': 1944, 'L_SPECIALIST': 346, 'SWITCHING_GL': 34}
2025-05-27 19:22:23,081 - sim.ProbSweep_W40_P0.0_Rep1.MetricsCollector - INFO - metrics:177 - Metrics @ T=87.00: Cells=2359, MaxR=51.64, Pheno={'G_SPECIALIST': 1944, 'L_SPECIALIST': 386, 'SWITCHING_GL': 29}
2025-05-27 19:22:23,230 - sim.ProbSweep_W40_P0.0_Rep1.MetricsCollector - INFO - metrics:177 - Metrics @ T=88.00: Cells=2381, MaxR=51.64, Pheno={'G_SPECIALIST': 1944, 'L_SPECIALIST': 411, 'SWITCHING_GL': 26}
2025-05-27 19:22:23,378 - sim.ProbSweep_W40_P0.0_Rep1.MetricsCollector - INFO - metrics:177 - Metrics @ T=89.00: Cells=2401, MaxR=51.64, Pheno={'G_SPECIALIST': 1945, 'L_SPECIALIST': 435, 'SWITCHING_GL': 21}
2025-05-27 19:22:23,505 - sim.ProbSweep_W40_P0.0_Rep1 - INFO - simulation_engine:218 - Progress: T=90.00, Cells=2423
2025-05-27 19:22:23,531 - sim.ProbSweep_W40_P0.0_Rep1.MetricsCollector - INFO - metrics:177 - Metrics @ T=90.00: Cells=2425, MaxR=51.64, Pheno={'G_SPECIALIST': 1945, 'L_SPECIALIST': 460, 'SWITCHING_GL': 20}
2025-05-27 19:22:23,682 - sim.ProbSweep_W40_P0.0_Rep1.MetricsCollector - INFO - metrics:177 - Metrics @ T=91.00: Cells=2443, MaxR=51.64, Pheno={'G_SPECIALIST': 1945, 'L_SPECIALIST': 481, 'SWITCHING_GL': 17}
2025-05-27 19:22:23,836 - sim.ProbSweep_W40_P0.0_Rep1.MetricsCollector - INFO - metrics:177 - Metrics @ T=92.00: Cells=2467, MaxR=51.64, Pheno={'G_SPECIALIST': 1945, 'L_SPECIALIST': 507, 'SWITCHING_GL': 15}
2025-05-27 19:22:23,992 - sim.ProbSweep_W40_P0.0_Rep1.MetricsCollector - INFO - metrics:177 - Metrics @ T=93.00: Cells=2501, MaxR=51.96, Pheno={'G_SPECIALIST': 1945, 'L_SPECIALIST': 544, 'SWITCHING_GL': 12}
2025-05-27 19:22:24,152 - sim.ProbSweep_W40_P0.0_Rep1.MetricsCollector - INFO - metrics:177 - Metrics @ T=94.00: Cells=2525, MaxR=51.96, Pheno={'G_SPECIALIST': 1945, 'L_SPECIALIST': 569, 'SWITCHING_GL': 11}
2025-05-27 19:22:24,312 - sim.ProbSweep_W40_P0.0_Rep1.MetricsCollector - INFO - metrics:177 - Metrics @ T=95.00: Cells=2545, MaxR=52.16, Pheno={'G_SPECIALIST': 1945, 'L_SPECIALIST': 589, 'SWITCHING_GL': 11}
2025-05-27 19:22:24,472 - sim.ProbSweep_W40_P0.0_Rep1.MetricsCollector - INFO - metrics:177 - Metrics @ T=96.00: Cells=2568, MaxR=52.85, Pheno={'G_SPECIALIST': 1945, 'L_SPECIALIST': 614, 'SWITCHING_GL': 9}
2025-05-27 19:22:24,638 - sim.ProbSweep_W40_P0.0_Rep1.MetricsCollector - INFO - metrics:177 - Metrics @ T=97.00: Cells=2599, MaxR=52.85, Pheno={'G_SPECIALIST': 1945, 'L_SPECIALIST': 645, 'SWITCHING_GL': 9}
2025-05-27 19:22:24,805 - sim.ProbSweep_W40_P0.0_Rep1.MetricsCollector - INFO - metrics:177 - Metrics @ T=98.00: Cells=2620, MaxR=52.85, Pheno={'G_SPECIALIST': 1945, 'L_SPECIALIST': 667, 'SWITCHING_GL': 8}
2025-05-27 19:22:24,986 - sim.ProbSweep_W40_P0.0_Rep1.MetricsCollector - INFO - metrics:177 - Metrics @ T=99.00: Cells=2645, MaxR=52.85, Pheno={'G_SPECIALIST': 1945, 'L_SPECIALIST': 692, 'SWITCHING_GL': 8}
2025-05-27 19:22:25,132 - sim.ProbSweep_W40_P0.0_Rep1 - INFO - simulation_engine:218 - Progress: T=100.00, Cells=2678
2025-05-27 19:22:25,163 - sim.ProbSweep_W40_P0.0_Rep1.MetricsCollector - INFO - metrics:177 - Metrics @ T=100.00: Cells=2679, MaxR=53.69, Pheno={'G_SPECIALIST': 1945, 'L_SPECIALIST': 726, 'SWITCHING_GL': 8}
2025-05-27 19:22:25,333 - sim.ProbSweep_W40_P0.0_Rep1.MetricsCollector - INFO - metrics:177 - Metrics @ T=101.00: Cells=2702, MaxR=53.69, Pheno={'G_SPECIALIST': 1945, 'L_SPECIALIST': 749, 'SWITCHING_GL': 8}
2025-05-27 19:22:25,507 - sim.ProbSweep_W40_P0.0_Rep1.MetricsCollector - INFO - metrics:177 - Metrics @ T=102.00: Cells=2734, MaxR=54.58, Pheno={'G_SPECIALIST': 1945, 'L_SPECIALIST': 782, 'SWITCHING_GL': 7}
2025-05-27 19:22:25,684 - sim.ProbSweep_W40_P0.0_Rep1.MetricsCollector - INFO - metrics:177 - Metrics @ T=103.00: Cells=2764, MaxR=54.58, Pheno={'G_SPECIALIST': 1945, 'L_SPECIALIST': 813, 'SWITCHING_GL': 6}
2025-05-27 19:22:25,860 - sim.ProbSweep_W40_P0.0_Rep1.MetricsCollector - INFO - metrics:177 - Metrics @ T=104.00: Cells=2778, MaxR=54.58, Pheno={'G_SPECIALIST': 1945, 'L_SPECIALIST': 828, 'SWITCHING_GL': 5}
2025-05-27 19:22:26,032 - sim.ProbSweep_W40_P0.0_Rep1.MetricsCollector - INFO - metrics:177 - Metrics @ T=105.00: Cells=2812, MaxR=55.51, Pheno={'G_SPECIALIST': 1945, 'L_SPECIALIST': 861, 'SWITCHING_GL': 6}
2025-05-27 19:22:26,209 - sim.ProbSweep_W40_P0.0_Rep1.MetricsCollector - INFO - metrics:177 - Metrics @ T=106.00: Cells=2836, MaxR=55.51, Pheno={'G_SPECIALIST': 1945, 'L_SPECIALIST': 885, 'SWITCHING_GL': 6}
2025-05-27 19:22:26,386 - sim.ProbSweep_W40_P0.0_Rep1.MetricsCollector - INFO - metrics:177 - Metrics @ T=107.00: Cells=2860, MaxR=56.31, Pheno={'G_SPECIALIST': 1945, 'L_SPECIALIST': 909, 'SWITCHING_GL': 6}
2025-05-27 19:22:26,566 - sim.ProbSweep_W40_P0.0_Rep1.MetricsCollector - INFO - metrics:177 - Metrics @ T=108.00: Cells=2887, MaxR=56.31, Pheno={'G_SPECIALIST': 1945, 'L_SPECIALIST': 937, 'SWITCHING_GL': 5}
2025-05-27 19:22:26,747 - sim.ProbSweep_W40_P0.0_Rep1.MetricsCollector - INFO - metrics:177 - Metrics @ T=109.00: Cells=2921, MaxR=56.31, Pheno={'G_SPECIALIST': 1945, 'L_SPECIALIST': 972, 'SWITCHING_GL': 4}
2025-05-27 19:22:26,897 - sim.ProbSweep_W40_P0.0_Rep1 - INFO - simulation_engine:218 - Progress: T=110.00, Cells=2943
2025-05-27 19:22:26,927 - sim.ProbSweep_W40_P0.0_Rep1.MetricsCollector - INFO - metrics:177 - Metrics @ T=110.00: Cells=2949, MaxR=57.24, Pheno={'G_SPECIALIST': 1945, 'L_SPECIALIST': 1000, 'SWITCHING_GL': 4}
2025-05-27 19:22:27,112 - sim.ProbSweep_W40_P0.0_Rep1.MetricsCollector - INFO - metrics:177 - Metrics @ T=111.00: Cells=2989, MaxR=57.24, Pheno={'G_SPECIALIST': 1945, 'L_SPECIALIST': 1041, 'SWITCHING_GL': 3}
2025-05-27 19:22:27,298 - sim.ProbSweep_W40_P0.0_Rep1.MetricsCollector - INFO - metrics:177 - Metrics @ T=112.00: Cells=3024, MaxR=57.24, Pheno={'G_SPECIALIST': 1945, 'L_SPECIALIST': 1076, 'SWITCHING_GL': 3}
2025-05-27 19:22:27,486 - sim.ProbSweep_W40_P0.0_Rep1.MetricsCollector - INFO - metrics:177 - Metrics @ T=113.00: Cells=3049, MaxR=57.24, Pheno={'G_SPECIALIST': 1945, 'L_SPECIALIST': 1102, 'SWITCHING_GL': 2}
2025-05-27 19:22:27,678 - sim.ProbSweep_W40_P0.0_Rep1.MetricsCollector - INFO - metrics:177 - Metrics @ T=114.00: Cells=3072, MaxR=57.24, Pheno={'G_SPECIALIST': 1945, 'L_SPECIALIST': 1125, 'SWITCHING_GL': 2}
2025-05-27 19:22:27,870 - sim.ProbSweep_W40_P0.0_Rep1.MetricsCollector - INFO - metrics:177 - Metrics @ T=115.00: Cells=3109, MaxR=57.24, Pheno={'G_SPECIALIST': 1945, 'L_SPECIALIST': 1162, 'SWITCHING_GL': 2}
2025-05-27 19:22:28,061 - sim.ProbSweep_W40_P0.0_Rep1.MetricsCollector - INFO - metrics:177 - Metrics @ T=116.00: Cells=3128, MaxR=58.51, Pheno={'G_SPECIALIST': 1945, 'L_SPECIALIST': 1181, 'SWITCHING_GL': 2}
2025-05-27 19:22:28,255 - sim.ProbSweep_W40_P0.0_Rep1.MetricsCollector - INFO - metrics:177 - Metrics @ T=117.00: Cells=3161, MaxR=58.51, Pheno={'G_SPECIALIST': 1945, 'L_SPECIALIST': 1214, 'SWITCHING_GL': 2}
2025-05-27 19:22:28,474 - sim.ProbSweep_W40_P0.0_Rep1.MetricsCollector - INFO - metrics:177 - Metrics @ T=118.00: Cells=3187, MaxR=58.51, Pheno={'G_SPECIALIST': 1945, 'L_SPECIALIST': 1241, 'SWITCHING_GL': 1}
2025-05-27 19:22:28,672 - sim.ProbSweep_W40_P0.0_Rep1.MetricsCollector - INFO - metrics:177 - Metrics @ T=119.00: Cells=3222, MaxR=59.92, Pheno={'G_SPECIALIST': 1945, 'L_SPECIALIST': 1276, 'SWITCHING_GL': 1}
2025-05-27 19:22:28,839 - sim.ProbSweep_W40_P0.0_Rep1 - INFO - simulation_engine:218 - Progress: T=120.00, Cells=3252
2025-05-27 19:22:28,873 - sim.ProbSweep_W40_P0.0_Rep1.MetricsCollector - INFO - metrics:177 - Metrics @ T=120.00: Cells=3257, MaxR=59.92, Pheno={'G_SPECIALIST': 1945, 'L_SPECIALIST': 1311, 'SWITCHING_GL': 1}
2025-05-27 19:22:29,073 - sim.ProbSweep_W40_P0.0_Rep1.MetricsCollector - INFO - metrics:177 - Metrics @ T=121.00: Cells=3286, MaxR=59.92, Pheno={'G_SPECIALIST': 1945, 'L_SPECIALIST': 1340, 'SWITCHING_GL': 1}
2025-05-27 19:22:29,277 - sim.ProbSweep_W40_P0.0_Rep1.MetricsCollector - INFO - metrics:177 - Metrics @ T=122.00: Cells=3312, MaxR=59.92, Pheno={'G_SPECIALIST': 1945, 'L_SPECIALIST': 1366, 'SWITCHING_GL': 1}
2025-05-27 19:22:29,484 - sim.ProbSweep_W40_P0.0_Rep1.MetricsCollector - INFO - metrics:177 - Metrics @ T=123.00: Cells=3342, MaxR=59.92, Pheno={'G_SPECIALIST': 1945, 'L_SPECIALIST': 1396, 'SWITCHING_GL': 1}
2025-05-27 19:22:29,696 - sim.ProbSweep_W40_P0.0_Rep1.MetricsCollector - INFO - metrics:177 - Metrics @ T=124.00: Cells=3373, MaxR=59.92, Pheno={'G_SPECIALIST': 1945, 'L_SPECIALIST': 1427, 'SWITCHING_GL': 1}
2025-05-27 19:22:29,909 - sim.ProbSweep_W40_P0.0_Rep1.MetricsCollector - INFO - metrics:177 - Metrics @ T=125.00: Cells=3405, MaxR=61.21, Pheno={'G_SPECIALIST': 1945, 'L_SPECIALIST': 1459, 'SWITCHING_GL': 1}
2025-05-27 19:22:30,120 - sim.ProbSweep_W40_P0.0_Rep1.MetricsCollector - INFO - metrics:177 - Metrics @ T=126.00: Cells=3433, MaxR=61.21, Pheno={'G_SPECIALIST': 1945, 'L_SPECIALIST': 1488, 'SWITCHING_GL': 0}
2025-05-27 19:22:30,334 - sim.ProbSweep_W40_P0.0_Rep1.MetricsCollector - INFO - metrics:177 - Metrics @ T=127.00: Cells=3481, MaxR=62.86, Pheno={'G_SPECIALIST': 1945, 'L_SPECIALIST': 1536, 'SWITCHING_GL': 0}
2025-05-27 19:22:30,551 - sim.ProbSweep_W40_P0.0_Rep1.MetricsCollector - INFO - metrics:177 - Metrics @ T=128.00: Cells=3504, MaxR=62.86, Pheno={'G_SPECIALIST': 1945, 'L_SPECIALIST': 1559, 'SWITCHING_GL': 0}
2025-05-27 19:22:30,772 - sim.ProbSweep_W40_P0.0_Rep1.MetricsCollector - INFO - metrics:177 - Metrics @ T=129.00: Cells=3539, MaxR=62.86, Pheno={'G_SPECIALIST': 1945, 'L_SPECIALIST': 1594, 'SWITCHING_GL': 0}
2025-05-27 19:22:30,961 - sim.ProbSweep_W40_P0.0_Rep1 - INFO - simulation_engine:218 - Progress: T=130.00, Cells=3558
2025-05-27 19:22:30,997 - sim.ProbSweep_W40_P0.0_Rep1.MetricsCollector - INFO - metrics:177 - Metrics @ T=130.00: Cells=3563, MaxR=62.86, Pheno={'G_SPECIALIST': 1945, 'L_SPECIALIST': 1618, 'SWITCHING_GL': 0}
2025-05-27 19:22:31,223 - sim.ProbSweep_W40_P0.0_Rep1.MetricsCollector - INFO - metrics:177 - Metrics @ T=131.00: Cells=3593, MaxR=62.86, Pheno={'G_SPECIALIST': 1945, 'L_SPECIALIST': 1648, 'SWITCHING_GL': 0}
2025-05-27 19:22:31,452 - sim.ProbSweep_W40_P0.0_Rep1.MetricsCollector - INFO - metrics:177 - Metrics @ T=132.00: Cells=3624, MaxR=62.86, Pheno={'G_SPECIALIST': 1945, 'L_SPECIALIST': 1679, 'SWITCHING_GL': 0}
2025-05-27 19:22:31,691 - sim.ProbSweep_W40_P0.0_Rep1.MetricsCollector - INFO - metrics:177 - Metrics @ T=133.00: Cells=3655, MaxR=62.86, Pheno={'G_SPECIALIST': 1945, 'L_SPECIALIST': 1710, 'SWITCHING_GL': 0}
2025-05-27 19:22:31,927 - sim.ProbSweep_W40_P0.0_Rep1.MetricsCollector - INFO - metrics:177 - Metrics @ T=134.00: Cells=3685, MaxR=62.86, Pheno={'G_SPECIALIST': 1945, 'L_SPECIALIST': 1740, 'SWITCHING_GL': 0}
2025-05-27 19:22:32,156 - sim.ProbSweep_W40_P0.0_Rep1.MetricsCollector - INFO - metrics:177 - Metrics @ T=135.00: Cells=3709, MaxR=62.86, Pheno={'G_SPECIALIST': 1945, 'L_SPECIALIST': 1764, 'SWITCHING_GL': 0}
2025-05-27 19:22:32,389 - sim.ProbSweep_W40_P0.0_Rep1.MetricsCollector - INFO - metrics:177 - Metrics @ T=136.00: Cells=3745, MaxR=62.86, Pheno={'G_SPECIALIST': 1945, 'L_SPECIALIST': 1800, 'SWITCHING_GL': 0}
2025-05-27 19:22:32,620 - sim.ProbSweep_W40_P0.0_Rep1.MetricsCollector - INFO - metrics:177 - Metrics @ T=137.00: Cells=3770, MaxR=64.51, Pheno={'G_SPECIALIST': 1945, 'L_SPECIALIST': 1825, 'SWITCHING_GL': 0}
2025-05-27 19:22:32,856 - sim.ProbSweep_W40_P0.0_Rep1.MetricsCollector - INFO - metrics:177 - Metrics @ T=138.00: Cells=3798, MaxR=64.51, Pheno={'G_SPECIALIST': 1945, 'L_SPECIALIST': 1853, 'SWITCHING_GL': 0}
2025-05-27 19:22:33,094 - sim.ProbSweep_W40_P0.0_Rep1.MetricsCollector - INFO - metrics:177 - Metrics @ T=139.00: Cells=3829, MaxR=64.65, Pheno={'G_SPECIALIST': 1945, 'L_SPECIALIST': 1884, 'SWITCHING_GL': 0}
2025-05-27 19:22:33,295 - sim.ProbSweep_W40_P0.0_Rep1 - INFO - simulation_engine:218 - Progress: T=140.00, Cells=3861
2025-05-27 19:22:33,335 - sim.ProbSweep_W40_P0.0_Rep1.MetricsCollector - INFO - metrics:177 - Metrics @ T=140.00: Cells=3867, MaxR=64.65, Pheno={'G_SPECIALIST': 1945, 'L_SPECIALIST': 1922, 'SWITCHING_GL': 0}
2025-05-27 19:22:33,576 - sim.ProbSweep_W40_P0.0_Rep1.MetricsCollector - INFO - metrics:177 - Metrics @ T=141.00: Cells=3895, MaxR=64.65, Pheno={'G_SPECIALIST': 1945, 'L_SPECIALIST': 1950, 'SWITCHING_GL': 0}
2025-05-27 19:22:33,820 - sim.ProbSweep_W40_P0.0_Rep1.MetricsCollector - INFO - metrics:177 - Metrics @ T=142.00: Cells=3937, MaxR=64.65, Pheno={'G_SPECIALIST': 1945, 'L_SPECIALIST': 1992, 'SWITCHING_GL': 0}
2025-05-27 19:22:34,066 - sim.ProbSweep_W40_P0.0_Rep1.MetricsCollector - INFO - metrics:177 - Metrics @ T=143.00: Cells=3970, MaxR=64.97, Pheno={'G_SPECIALIST': 1945, 'L_SPECIALIST': 2025, 'SWITCHING_GL': 0}
2025-05-27 19:22:34,312 - sim.ProbSweep_W40_P0.0_Rep1.MetricsCollector - INFO - metrics:177 - Metrics @ T=144.00: Cells=4011, MaxR=65.20, Pheno={'G_SPECIALIST': 1945, 'L_SPECIALIST': 2066, 'SWITCHING_GL': 0}
2025-05-27 19:22:34,562 - sim.ProbSweep_W40_P0.0_Rep1.MetricsCollector - INFO - metrics:177 - Metrics @ T=145.00: Cells=4055, MaxR=65.20, Pheno={'G_SPECIALIST': 1945, 'L_SPECIALIST': 2110, 'SWITCHING_GL': 0}
2025-05-27 19:22:34,813 - sim.ProbSweep_W40_P0.0_Rep1.MetricsCollector - INFO - metrics:177 - Metrics @ T=146.00: Cells=4080, MaxR=65.20, Pheno={'G_SPECIALIST': 1945, 'L_SPECIALIST': 2135, 'SWITCHING_GL': 0}
2025-05-27 19:22:35,070 - sim.ProbSweep_W40_P0.0_Rep1.MetricsCollector - INFO - metrics:177 - Metrics @ T=147.00: Cells=4113, MaxR=66.16, Pheno={'G_SPECIALIST': 1945, 'L_SPECIALIST': 2168, 'SWITCHING_GL': 0}
2025-05-27 19:22:35,327 - sim.ProbSweep_W40_P0.0_Rep1.MetricsCollector - INFO - metrics:177 - Metrics @ T=148.00: Cells=4143, MaxR=66.16, Pheno={'G_SPECIALIST': 1945, 'L_SPECIALIST': 2198, 'SWITCHING_GL': 0}
2025-05-27 19:22:35,585 - sim.ProbSweep_W40_P0.0_Rep1.MetricsCollector - INFO - metrics:177 - Metrics @ T=149.00: Cells=4188, MaxR=66.81, Pheno={'G_SPECIALIST': 1945, 'L_SPECIALIST': 2243, 'SWITCHING_GL': 0}
2025-05-27 19:22:35,806 - sim.ProbSweep_W40_P0.0_Rep1 - INFO - simulation_engine:218 - Progress: T=150.00, Cells=4219
2025-05-27 19:22:35,848 - sim.ProbSweep_W40_P0.0_Rep1.MetricsCollector - INFO - metrics:177 - Metrics @ T=150.00: Cells=4221, MaxR=68.43, Pheno={'G_SPECIALIST': 1945, 'L_SPECIALIST': 2276, 'SWITCHING_GL': 0}
2025-05-27 19:22:36,109 - sim.ProbSweep_W40_P0.0_Rep1.MetricsCollector - INFO - metrics:177 - Metrics @ T=151.00: Cells=4259, MaxR=68.43, Pheno={'G_SPECIALIST': 1945, 'L_SPECIALIST': 2314, 'SWITCHING_GL': 0}
2025-05-27 19:22:36,374 - sim.ProbSweep_W40_P0.0_Rep1.MetricsCollector - INFO - metrics:177 - Metrics @ T=152.00: Cells=4306, MaxR=68.43, Pheno={'G_SPECIALIST': 1945, 'L_SPECIALIST': 2361, 'SWITCHING_GL': 0}
2025-05-27 19:22:36,643 - sim.ProbSweep_W40_P0.0_Rep1.MetricsCollector - INFO - metrics:177 - Metrics @ T=153.00: Cells=4341, MaxR=68.43, Pheno={'G_SPECIALIST': 1945, 'L_SPECIALIST': 2396, 'SWITCHING_GL': 0}
2025-05-27 19:22:36,918 - sim.ProbSweep_W40_P0.0_Rep1.MetricsCollector - INFO - metrics:177 - Metrics @ T=154.00: Cells=4372, MaxR=68.43, Pheno={'G_SPECIALIST': 1945, 'L_SPECIALIST': 2427, 'SWITCHING_GL': 0}
2025-05-27 19:22:37,189 - sim.ProbSweep_W40_P0.0_Rep1.MetricsCollector - INFO - metrics:177 - Metrics @ T=155.00: Cells=4402, MaxR=68.43, Pheno={'G_SPECIALIST': 1945, 'L_SPECIALIST': 2457, 'SWITCHING_GL': 0}
2025-05-27 19:22:37,461 - sim.ProbSweep_W40_P0.0_Rep1.MetricsCollector - INFO - metrics:177 - Metrics @ T=156.00: Cells=4436, MaxR=68.43, Pheno={'G_SPECIALIST': 1945, 'L_SPECIALIST': 2491, 'SWITCHING_GL': 0}
2025-05-27 19:22:37,736 - sim.ProbSweep_W40_P0.0_Rep1.MetricsCollector - INFO - metrics:177 - Metrics @ T=157.00: Cells=4477, MaxR=69.91, Pheno={'G_SPECIALIST': 1945, 'L_SPECIALIST': 2532, 'SWITCHING_GL': 0}
2025-05-27 19:22:38,016 - sim.ProbSweep_W40_P0.0_Rep1.MetricsCollector - INFO - metrics:177 - Metrics @ T=158.00: Cells=4507, MaxR=69.91, Pheno={'G_SPECIALIST': 1945, 'L_SPECIALIST': 2562, 'SWITCHING_GL': 0}
2025-05-27 19:22:38,294 - sim.ProbSweep_W40_P0.0_Rep1.MetricsCollector - INFO - metrics:177 - Metrics @ T=159.00: Cells=4541, MaxR=69.91, Pheno={'G_SPECIALIST': 1945, 'L_SPECIALIST': 2596, 'SWITCHING_GL': 0}
2025-05-27 19:22:38,528 - sim.ProbSweep_W40_P0.0_Rep1 - INFO - simulation_engine:218 - Progress: T=160.00, Cells=4565
2025-05-27 19:22:38,575 - sim.ProbSweep_W40_P0.0_Rep1.MetricsCollector - INFO - metrics:177 - Metrics @ T=160.00: Cells=4568, MaxR=69.91, Pheno={'G_SPECIALIST': 1945, 'L_SPECIALIST': 2623, 'SWITCHING_GL': 0}
2025-05-27 19:22:38,856 - sim.ProbSweep_W40_P0.0_Rep1.MetricsCollector - INFO - metrics:177 - Metrics @ T=161.00: Cells=4600, MaxR=71.58, Pheno={'G_SPECIALIST': 1945, 'L_SPECIALIST': 2655, 'SWITCHING_GL': 0}
2025-05-27 19:22:39,144 - sim.ProbSweep_W40_P0.0_Rep1.MetricsCollector - INFO - metrics:177 - Metrics @ T=162.00: Cells=4639, MaxR=71.58, Pheno={'G_SPECIALIST': 1945, 'L_SPECIALIST': 2694, 'SWITCHING_GL': 0}
2025-05-27 19:22:39,435 - sim.ProbSweep_W40_P0.0_Rep1.MetricsCollector - INFO - metrics:177 - Metrics @ T=163.00: Cells=4682, MaxR=71.58, Pheno={'G_SPECIALIST': 1945, 'L_SPECIALIST': 2737, 'SWITCHING_GL': 0}
2025-05-27 19:22:39,730 - sim.ProbSweep_W40_P0.0_Rep1.MetricsCollector - INFO - metrics:177 - Metrics @ T=164.00: Cells=4726, MaxR=72.27, Pheno={'G_SPECIALIST': 1945, 'L_SPECIALIST': 2781, 'SWITCHING_GL': 0}
2025-05-27 19:22:40,040 - sim.ProbSweep_W40_P0.0_Rep1.MetricsCollector - INFO - metrics:177 - Metrics @ T=165.00: Cells=4762, MaxR=72.27, Pheno={'G_SPECIALIST': 1945, 'L_SPECIALIST': 2817, 'SWITCHING_GL': 0}
2025-05-27 19:22:40,348 - sim.ProbSweep_W40_P0.0_Rep1.MetricsCollector - INFO - metrics:177 - Metrics @ T=166.00: Cells=4803, MaxR=72.27, Pheno={'G_SPECIALIST': 1945, 'L_SPECIALIST': 2858, 'SWITCHING_GL': 0}
2025-05-27 19:22:40,656 - sim.ProbSweep_W40_P0.0_Rep1.MetricsCollector - INFO - metrics:177 - Metrics @ T=167.00: Cells=4845, MaxR=72.27, Pheno={'G_SPECIALIST': 1945, 'L_SPECIALIST': 2900, 'SWITCHING_GL': 0}
2025-05-27 19:22:40,957 - sim.ProbSweep_W40_P0.0_Rep1.MetricsCollector - INFO - metrics:177 - Metrics @ T=168.00: Cells=4881, MaxR=72.58, Pheno={'G_SPECIALIST': 1945, 'L_SPECIALIST': 2936, 'SWITCHING_GL': 0}
2025-05-27 19:22:41,267 - sim.ProbSweep_W40_P0.0_Rep1.MetricsCollector - INFO - metrics:177 - Metrics @ T=169.00: Cells=4926, MaxR=73.99, Pheno={'G_SPECIALIST': 1945, 'L_SPECIALIST': 2981, 'SWITCHING_GL': 0}
2025-05-27 19:22:41,525 - sim.ProbSweep_W40_P0.0_Rep1 - INFO - simulation_engine:218 - Progress: T=170.00, Cells=4956
2025-05-27 19:22:41,575 - sim.ProbSweep_W40_P0.0_Rep1.MetricsCollector - INFO - metrics:177 - Metrics @ T=170.00: Cells=4959, MaxR=73.99, Pheno={'G_SPECIALIST': 1945, 'L_SPECIALIST': 3014, 'SWITCHING_GL': 0}
2025-05-27 19:22:41,880 - sim.ProbSweep_W40_P0.0_Rep1.MetricsCollector - INFO - metrics:177 - Metrics @ T=171.00: Cells=4992, MaxR=73.99, Pheno={'G_SPECIALIST': 1945, 'L_SPECIALIST': 3047, 'SWITCHING_GL': 0}
2025-05-27 19:22:42,193 - sim.ProbSweep_W40_P0.0_Rep1.MetricsCollector - INFO - metrics:177 - Metrics @ T=172.00: Cells=5014, MaxR=73.99, Pheno={'G_SPECIALIST': 1945, 'L_SPECIALIST': 3069, 'SWITCHING_GL': 0}
2025-05-27 19:22:42,511 - sim.ProbSweep_W40_P0.0_Rep1.MetricsCollector - INFO - metrics:177 - Metrics @ T=173.00: Cells=5061, MaxR=73.99, Pheno={'G_SPECIALIST': 1945, 'L_SPECIALIST': 3116, 'SWITCHING_GL': 0}
2025-05-27 19:22:42,832 - sim.ProbSweep_W40_P0.0_Rep1.MetricsCollector - INFO - metrics:177 - Metrics @ T=174.00: Cells=5096, MaxR=73.99, Pheno={'G_SPECIALIST': 1945, 'L_SPECIALIST': 3151, 'SWITCHING_GL': 0}
2025-05-27 19:22:43,151 - sim.ProbSweep_W40_P0.0_Rep1.MetricsCollector - INFO - metrics:177 - Metrics @ T=175.00: Cells=5140, MaxR=73.99, Pheno={'G_SPECIALIST': 1945, 'L_SPECIALIST': 3195, 'SWITCHING_GL': 0}
2025-05-27 19:22:43,473 - sim.ProbSweep_W40_P0.0_Rep1.MetricsCollector - INFO - metrics:177 - Metrics @ T=176.00: Cells=5191, MaxR=74.36, Pheno={'G_SPECIALIST': 1945, 'L_SPECIALIST': 3246, 'SWITCHING_GL': 0}
2025-05-27 19:22:43,799 - sim.ProbSweep_W40_P0.0_Rep1.MetricsCollector - INFO - metrics:177 - Metrics @ T=177.00: Cells=5235, MaxR=74.36, Pheno={'G_SPECIALIST': 1945, 'L_SPECIALIST': 3290, 'SWITCHING_GL': 0}
2025-05-27 19:22:44,124 - sim.ProbSweep_W40_P0.0_Rep1.MetricsCollector - INFO - metrics:177 - Metrics @ T=178.00: Cells=5280, MaxR=74.36, Pheno={'G_SPECIALIST': 1945, 'L_SPECIALIST': 3335, 'SWITCHING_GL': 0}
2025-05-27 19:22:44,453 - sim.ProbSweep_W40_P0.0_Rep1.MetricsCollector - INFO - metrics:177 - Metrics @ T=179.00: Cells=5321, MaxR=74.36, Pheno={'G_SPECIALIST': 1945, 'L_SPECIALIST': 3376, 'SWITCHING_GL': 0}
2025-05-27 19:22:44,733 - sim.ProbSweep_W40_P0.0_Rep1 - INFO - simulation_engine:218 - Progress: T=180.00, Cells=5350
2025-05-27 19:22:44,788 - sim.ProbSweep_W40_P0.0_Rep1.MetricsCollector - INFO - metrics:177 - Metrics @ T=180.00: Cells=5356, MaxR=75.72, Pheno={'G_SPECIALIST': 1945, 'L_SPECIALIST': 3411, 'SWITCHING_GL': 0}
2025-05-27 19:22:45,122 - sim.ProbSweep_W40_P0.0_Rep1.MetricsCollector - INFO - metrics:177 - Metrics @ T=181.00: Cells=5400, MaxR=75.72, Pheno={'G_SPECIALIST': 1945, 'L_SPECIALIST': 3455, 'SWITCHING_GL': 0}
2025-05-27 19:22:45,458 - sim.ProbSweep_W40_P0.0_Rep1.MetricsCollector - INFO - metrics:177 - Metrics @ T=182.00: Cells=5440, MaxR=79.16, Pheno={'G_SPECIALIST': 1945, 'L_SPECIALIST': 3495, 'SWITCHING_GL': 0}
2025-05-27 19:22:45,798 - sim.ProbSweep_W40_P0.0_Rep1.MetricsCollector - INFO - metrics:177 - Metrics @ T=183.00: Cells=5495, MaxR=79.16, Pheno={'G_SPECIALIST': 1945, 'L_SPECIALIST': 3550, 'SWITCHING_GL': 0}
2025-05-27 19:22:46,139 - sim.ProbSweep_W40_P0.0_Rep1.MetricsCollector - INFO - metrics:177 - Metrics @ T=184.00: Cells=5541, MaxR=79.90, Pheno={'G_SPECIALIST': 1945, 'L_SPECIALIST': 3596, 'SWITCHING_GL': 0}
2025-05-27 19:22:46,485 - sim.ProbSweep_W40_P0.0_Rep1.MetricsCollector - INFO - metrics:177 - Metrics @ T=185.00: Cells=5574, MaxR=79.90, Pheno={'G_SPECIALIST': 1945, 'L_SPECIALIST': 3629, 'SWITCHING_GL': 0}
2025-05-27 19:22:46,836 - sim.ProbSweep_W40_P0.0_Rep1.MetricsCollector - INFO - metrics:177 - Metrics @ T=186.00: Cells=5628, MaxR=79.90, Pheno={'G_SPECIALIST': 1945, 'L_SPECIALIST': 3683, 'SWITCHING_GL': 0}
2025-05-27 19:22:47,187 - sim.ProbSweep_W40_P0.0_Rep1.MetricsCollector - INFO - metrics:177 - Metrics @ T=187.00: Cells=5667, MaxR=79.90, Pheno={'G_SPECIALIST': 1945, 'L_SPECIALIST': 3722, 'SWITCHING_GL': 0}
2025-05-27 19:22:47,536 - sim.ProbSweep_W40_P0.0_Rep1.MetricsCollector - INFO - metrics:177 - Metrics @ T=188.00: Cells=5706, MaxR=81.90, Pheno={'G_SPECIALIST': 1947, 'L_SPECIALIST': 3759, 'SWITCHING_GL': 0}
2025-05-27 19:22:47,890 - sim.ProbSweep_W40_P0.0_Rep1.MetricsCollector - INFO - metrics:177 - Metrics @ T=189.00: Cells=5750, MaxR=81.90, Pheno={'G_SPECIALIST': 1947, 'L_SPECIALIST': 3803, 'SWITCHING_GL': 0}
2025-05-27 19:22:48,188 - sim.ProbSweep_W40_P0.0_Rep1 - INFO - simulation_engine:218 - Progress: T=190.00, Cells=5785
2025-05-27 19:22:48,246 - sim.ProbSweep_W40_P0.0_Rep1.MetricsCollector - INFO - metrics:177 - Metrics @ T=190.00: Cells=5790, MaxR=81.90, Pheno={'G_SPECIALIST': 1948, 'L_SPECIALIST': 3842, 'SWITCHING_GL': 0}
2025-05-27 19:22:48,605 - sim.ProbSweep_W40_P0.0_Rep1.MetricsCollector - INFO - metrics:177 - Metrics @ T=191.00: Cells=5835, MaxR=81.90, Pheno={'G_SPECIALIST': 1949, 'L_SPECIALIST': 3886, 'SWITCHING_GL': 0}
2025-05-27 19:22:48,967 - sim.ProbSweep_W40_P0.0_Rep1.MetricsCollector - INFO - metrics:177 - Metrics @ T=192.00: Cells=5875, MaxR=82.40, Pheno={'G_SPECIALIST': 1951, 'L_SPECIALIST': 3924, 'SWITCHING_GL': 0}
2025-05-27 19:22:49,332 - sim.ProbSweep_W40_P0.0_Rep1.MetricsCollector - INFO - metrics:177 - Metrics @ T=193.00: Cells=5921, MaxR=82.40, Pheno={'G_SPECIALIST': 1952, 'L_SPECIALIST': 3969, 'SWITCHING_GL': 0}
2025-05-27 19:22:49,700 - sim.ProbSweep_W40_P0.0_Rep1.MetricsCollector - INFO - metrics:177 - Metrics @ T=194.00: Cells=5947, MaxR=82.40, Pheno={'G_SPECIALIST': 1952, 'L_SPECIALIST': 3995, 'SWITCHING_GL': 0}
2025-05-27 19:22:50,072 - sim.ProbSweep_W40_P0.0_Rep1.MetricsCollector - INFO - metrics:177 - Metrics @ T=195.00: Cells=5983, MaxR=82.94, Pheno={'G_SPECIALIST': 1954, 'L_SPECIALIST': 4029, 'SWITCHING_GL': 0}
2025-05-27 19:22:50,445 - sim.ProbSweep_W40_P0.0_Rep1.MetricsCollector - INFO - metrics:177 - Metrics @ T=196.00: Cells=6030, MaxR=82.94, Pheno={'G_SPECIALIST': 1956, 'L_SPECIALIST': 4073, 'SWITCHING_GL': 1}
2025-05-27 19:22:50,827 - sim.ProbSweep_W40_P0.0_Rep1.MetricsCollector - INFO - metrics:177 - Metrics @ T=197.00: Cells=6073, MaxR=82.94, Pheno={'G_SPECIALIST': 1957, 'L_SPECIALIST': 4115, 'SWITCHING_GL': 1}
2025-05-27 19:22:51,217 - sim.ProbSweep_W40_P0.0_Rep1.MetricsCollector - INFO - metrics:177 - Metrics @ T=198.00: Cells=6111, MaxR=84.34, Pheno={'G_SPECIALIST': 1961, 'L_SPECIALIST': 4149, 'SWITCHING_GL': 1}
2025-05-27 19:22:51,612 - sim.ProbSweep_W40_P0.0_Rep1.MetricsCollector - INFO - metrics:177 - Metrics @ T=199.00: Cells=6162, MaxR=84.34, Pheno={'G_SPECIALIST': 1962, 'L_SPECIALIST': 4199, 'SWITCHING_GL': 1}
2025-05-27 19:22:51,933 - sim.ProbSweep_W40_P0.0_Rep1 - INFO - simulation_engine:218 - Progress: T=200.00, Cells=6208
2025-05-27 19:22:51,995 - sim.ProbSweep_W40_P0.0_Rep1.MetricsCollector - INFO - metrics:177 - Metrics @ T=200.00: Cells=6208, MaxR=84.34, Pheno={'G_SPECIALIST': 1963, 'L_SPECIALIST': 4244, 'SWITCHING_GL': 1}
2025-05-27 19:22:52,030 - sim.ProbSweep_W40_P0.0_Rep1 - INFO - simulation_engine:238 - Sim run finished: ProbSweep_W40_P0.0_Rep1. Wall-clock: 34.969s.
2025-05-27 19:22:52,030 - sim.ProbSweep_W40_P0.0_Rep1 - INFO - simulation_engine:241 - Final state: SimTime=200.10, Steps=2001, Cells=6215.
2025-05-27 19:22:52,030 - sim.ProbSweep_W40_P0.0_Rep1.MetricsCollector - INFO - metrics:300 - Finalizing data collection and exporting results...
2025-05-27 19:22:52,031 - sim.ProbSweep_W40_P0.0_Rep1.MetricsCollector - INFO - metrics:312 - --- Simulation Summary (Log) ---
time: 199.99999999999292
total_cell_count: 6208
phenotype_counts: {'G_SPECIALIST': 1963, 'L_SPECIALIST': 4244, 'SWITCHING_GL': 1}
avg_radial_distance: 47.989678871327285
max_radial_distance: 84.338603260903
min_radial_distance: 0.0
std_dev_radial_distance: 17.21152328187582
median_radial_distance: 50.764160585988215
frontier_lag_G_to_L: (details in files)
frontier_traits: (details in files)
overall_radial_expansion_velocity: 0.4130327622666852
config_exp_name: ProbSweep_W40_P0.0_Rep1

2025-05-27 19:22:52,050 - sim.ProbSweep_W40_P0.0_Rep1.MetricsCollector - INFO - metrics:242 - Time series data exported to results\ProbSweep_W40_P0.0_Rep1\time_series_data.csv
2025-05-27 19:22:52,051 - sim.ProbSweep_W40_P0.0_Rep1.MetricsCollector - INFO - metrics:267 - Summary data exported to results\ProbSweep_W40_P0.0_Rep1\summary.json
2025-05-27 19:22:52,051 - sim.ProbSweep_W40_P0.0_Rep1.MetricsCollector - INFO - metrics:275 - No kymograph data to export.
2025-05-27 19:22:52,051 - sim.ProbSweep_W40_P0.0_Rep1.MetricsCollector - INFO - metrics:316 - All data export finalized for ProbSweep_W40_P0.0_Rep1.
2025-05-27 19:22:52,051 - sim.ProbSweep_W40_P0.0_Rep1 - INFO - simulation_engine:276 - Simulation fully complete.
