2025-05-27 19:44:04,407 - sim.TraitDistinct_HighDistinct_W40_P0.5_Rep2 - INFO - simulation_engine:37 - Initializing SimulationEngine for experiment: TraitDistinct_HighDistinct_W40_P0.5_Rep2
2025-05-27 19:44:04,409 - sim.TraitDistinct_HighDistinct_W40_P0.5_Rep2 - INFO - simulation_engine:70 - Visualization disabled.
2025-05-27 19:44:04,409 - sim.TraitDistinct_HighDistinct_W40_P0.5_Rep2 - INFO - simulation_engine:202 - Starting simulation: TraitDistinct_HighDistinct_W40_P0.5_Rep2
2025-05-27 19:44:04,409 - sim.TraitDistinct_HighDistinct_W40_P0.5_Rep2 - INFO - simulation_engine:204 - Colony initialized: 5 cells.
2025-05-27 19:44:04,410 - sim.TraitDistinct_HighDistinct_W40_P0.5_Rep2.MetricsCollector - INFO - metrics:177 - Metrics @ T=0.00: Cells=5, MaxR=1.73, Pheno={'G_SPECIALIST': 5, 'L_SPECIALIST': 0, 'SWITCHING_GL': 0}
2025-05-27 19:44:04,411 - sim.TraitDistinct_HighDistinct_W40_P0.5_Rep2.MetricsCollector - INFO - metrics:177 - Metrics @ T=1.00: Cells=7, MaxR=3.00, Pheno={'G_SPECIALIST': 7, 'L_SPECIALIST': 0, 'SWITCHING_GL': 0}
2025-05-27 19:44:04,412 - sim.TraitDistinct_HighDistinct_W40_P0.5_Rep2.MetricsCollector - INFO - metrics:177 - Metrics @ T=2.00: Cells=9, MaxR=3.46, Pheno={'G_SPECIALIST': 9, 'L_SPECIALIST': 0, 'SWITCHING_GL': 0}
2025-05-27 19:44:04,414 - sim.TraitDistinct_HighDistinct_W40_P0.5_Rep2.MetricsCollector - INFO - metrics:177 - Metrics @ T=3.00: Cells=16, MaxR=4.58, Pheno={'G_SPECIALIST': 16, 'L_SPECIALIST': 0, 'SWITCHING_GL': 0}
2025-05-27 19:44:04,416 - sim.TraitDistinct_HighDistinct_W40_P0.5_Rep2.MetricsCollector - INFO - metrics:177 - Metrics @ T=4.00: Cells=23, MaxR=5.20, Pheno={'G_SPECIALIST': 23, 'L_SPECIALIST': 0, 'SWITCHING_GL': 0}
2025-05-27 19:44:04,418 - sim.TraitDistinct_HighDistinct_W40_P0.5_Rep2.MetricsCollector - INFO - metrics:177 - Metrics @ T=5.00: Cells=33, MaxR=8.66, Pheno={'G_SPECIALIST': 33, 'L_SPECIALIST': 0, 'SWITCHING_GL': 0}
2025-05-27 19:44:04,421 - sim.TraitDistinct_HighDistinct_W40_P0.5_Rep2.MetricsCollector - INFO - metrics:177 - Metrics @ T=6.00: Cells=38, MaxR=9.64, Pheno={'G_SPECIALIST': 38, 'L_SPECIALIST': 0, 'SWITCHING_GL': 0}
2025-05-27 19:44:04,424 - sim.TraitDistinct_HighDistinct_W40_P0.5_Rep2.MetricsCollector - INFO - metrics:177 - Metrics @ T=7.00: Cells=47, MaxR=9.64, Pheno={'G_SPECIALIST': 47, 'L_SPECIALIST': 0, 'SWITCHING_GL': 0}
2025-05-27 19:44:04,428 - sim.TraitDistinct_HighDistinct_W40_P0.5_Rep2.MetricsCollector - INFO - metrics:177 - Metrics @ T=8.00: Cells=58, MaxR=9.64, Pheno={'G_SPECIALIST': 58, 'L_SPECIALIST': 0, 'SWITCHING_GL': 0}
2025-05-27 19:44:04,432 - sim.TraitDistinct_HighDistinct_W40_P0.5_Rep2.MetricsCollector - INFO - metrics:177 - Metrics @ T=9.00: Cells=69, MaxR=9.64, Pheno={'G_SPECIALIST': 69, 'L_SPECIALIST': 0, 'SWITCHING_GL': 0}
2025-05-27 19:44:04,437 - sim.TraitDistinct_HighDistinct_W40_P0.5_Rep2 - INFO - simulation_engine:218 - Progress: T=10.00, Cells=76
2025-05-27 19:44:04,438 - sim.TraitDistinct_HighDistinct_W40_P0.5_Rep2.MetricsCollector - INFO - metrics:177 - Metrics @ T=10.00: Cells=77, MaxR=9.64, Pheno={'G_SPECIALIST': 77, 'L_SPECIALIST': 0, 'SWITCHING_GL': 0}
2025-05-27 19:44:04,443 - sim.TraitDistinct_HighDistinct_W40_P0.5_Rep2.MetricsCollector - INFO - metrics:177 - Metrics @ T=11.00: Cells=89, MaxR=10.82, Pheno={'G_SPECIALIST': 89, 'L_SPECIALIST': 0, 'SWITCHING_GL': 0}
2025-05-27 19:44:04,451 - sim.TraitDistinct_HighDistinct_W40_P0.5_Rep2.MetricsCollector - INFO - metrics:177 - Metrics @ T=12.00: Cells=98, MaxR=12.12, Pheno={'G_SPECIALIST': 98, 'L_SPECIALIST': 0, 'SWITCHING_GL': 0}
2025-05-27 19:44:04,458 - sim.TraitDistinct_HighDistinct_W40_P0.5_Rep2.MetricsCollector - INFO - metrics:177 - Metrics @ T=13.00: Cells=112, MaxR=12.12, Pheno={'G_SPECIALIST': 112, 'L_SPECIALIST': 0, 'SWITCHING_GL': 0}
2025-05-27 19:44:04,467 - sim.TraitDistinct_HighDistinct_W40_P0.5_Rep2.MetricsCollector - INFO - metrics:177 - Metrics @ T=14.00: Cells=123, MaxR=12.49, Pheno={'G_SPECIALIST': 123, 'L_SPECIALIST': 0, 'SWITCHING_GL': 0}
2025-05-27 19:44:04,475 - sim.TraitDistinct_HighDistinct_W40_P0.5_Rep2.MetricsCollector - INFO - metrics:177 - Metrics @ T=15.00: Cells=142, MaxR=14.18, Pheno={'G_SPECIALIST': 142, 'L_SPECIALIST': 0, 'SWITCHING_GL': 0}
2025-05-27 19:44:04,485 - sim.TraitDistinct_HighDistinct_W40_P0.5_Rep2.MetricsCollector - INFO - metrics:177 - Metrics @ T=16.00: Cells=155, MaxR=14.18, Pheno={'G_SPECIALIST': 155, 'L_SPECIALIST': 0, 'SWITCHING_GL': 0}
2025-05-27 19:44:04,496 - sim.TraitDistinct_HighDistinct_W40_P0.5_Rep2.MetricsCollector - INFO - metrics:177 - Metrics @ T=17.00: Cells=169, MaxR=15.87, Pheno={'G_SPECIALIST': 169, 'L_SPECIALIST': 0, 'SWITCHING_GL': 0}
2025-05-27 19:44:04,509 - sim.TraitDistinct_HighDistinct_W40_P0.5_Rep2.MetricsCollector - INFO - metrics:177 - Metrics @ T=18.00: Cells=187, MaxR=15.87, Pheno={'G_SPECIALIST': 187, 'L_SPECIALIST': 0, 'SWITCHING_GL': 0}
2025-05-27 19:44:04,521 - sim.TraitDistinct_HighDistinct_W40_P0.5_Rep2.MetricsCollector - INFO - metrics:177 - Metrics @ T=19.00: Cells=199, MaxR=17.06, Pheno={'G_SPECIALIST': 199, 'L_SPECIALIST': 0, 'SWITCHING_GL': 0}
2025-05-27 19:44:04,532 - sim.TraitDistinct_HighDistinct_W40_P0.5_Rep2 - INFO - simulation_engine:218 - Progress: T=20.00, Cells=209
2025-05-27 19:44:04,535 - sim.TraitDistinct_HighDistinct_W40_P0.5_Rep2.MetricsCollector - INFO - metrics:177 - Metrics @ T=20.00: Cells=210, MaxR=19.67, Pheno={'G_SPECIALIST': 210, 'L_SPECIALIST': 0, 'SWITCHING_GL': 0}
2025-05-27 19:44:04,549 - sim.TraitDistinct_HighDistinct_W40_P0.5_Rep2.MetricsCollector - INFO - metrics:177 - Metrics @ T=21.00: Cells=226, MaxR=19.97, Pheno={'G_SPECIALIST': 226, 'L_SPECIALIST': 0, 'SWITCHING_GL': 0}
2025-05-27 19:44:04,565 - sim.TraitDistinct_HighDistinct_W40_P0.5_Rep2.MetricsCollector - INFO - metrics:177 - Metrics @ T=22.00: Cells=254, MaxR=19.97, Pheno={'G_SPECIALIST': 254, 'L_SPECIALIST': 0, 'SWITCHING_GL': 0}
2025-05-27 19:44:04,582 - sim.TraitDistinct_HighDistinct_W40_P0.5_Rep2.MetricsCollector - INFO - metrics:177 - Metrics @ T=23.00: Cells=275, MaxR=19.97, Pheno={'G_SPECIALIST': 275, 'L_SPECIALIST': 0, 'SWITCHING_GL': 0}
2025-05-27 19:44:04,601 - sim.TraitDistinct_HighDistinct_W40_P0.5_Rep2.MetricsCollector - INFO - metrics:177 - Metrics @ T=24.00: Cells=295, MaxR=19.97, Pheno={'G_SPECIALIST': 295, 'L_SPECIALIST': 0, 'SWITCHING_GL': 0}
2025-05-27 19:44:04,621 - sim.TraitDistinct_HighDistinct_W40_P0.5_Rep2.MetricsCollector - INFO - metrics:177 - Metrics @ T=25.00: Cells=321, MaxR=21.28, Pheno={'G_SPECIALIST': 321, 'L_SPECIALIST': 0, 'SWITCHING_GL': 0}
2025-05-27 19:44:04,643 - sim.TraitDistinct_HighDistinct_W40_P0.5_Rep2.MetricsCollector - INFO - metrics:177 - Metrics @ T=26.00: Cells=344, MaxR=24.25, Pheno={'G_SPECIALIST': 344, 'L_SPECIALIST': 0, 'SWITCHING_GL': 0}
2025-05-27 19:44:04,666 - sim.TraitDistinct_HighDistinct_W40_P0.5_Rep2.MetricsCollector - INFO - metrics:177 - Metrics @ T=27.00: Cells=370, MaxR=24.25, Pheno={'G_SPECIALIST': 370, 'L_SPECIALIST': 0, 'SWITCHING_GL': 0}
2025-05-27 19:44:04,690 - sim.TraitDistinct_HighDistinct_W40_P0.5_Rep2.MetricsCollector - INFO - metrics:177 - Metrics @ T=28.00: Cells=394, MaxR=25.63, Pheno={'G_SPECIALIST': 394, 'L_SPECIALIST': 0, 'SWITCHING_GL': 0}
2025-05-27 19:44:04,715 - sim.TraitDistinct_HighDistinct_W40_P0.5_Rep2.MetricsCollector - INFO - metrics:177 - Metrics @ T=29.00: Cells=415, MaxR=25.63, Pheno={'G_SPECIALIST': 415, 'L_SPECIALIST': 0, 'SWITCHING_GL': 0}
2025-05-27 19:44:04,739 - sim.TraitDistinct_HighDistinct_W40_P0.5_Rep2 - INFO - simulation_engine:218 - Progress: T=30.00, Cells=439
2025-05-27 19:44:04,743 - sim.TraitDistinct_HighDistinct_W40_P0.5_Rep2.MetricsCollector - INFO - metrics:177 - Metrics @ T=30.00: Cells=441, MaxR=27.06, Pheno={'G_SPECIALIST': 441, 'L_SPECIALIST': 0, 'SWITCHING_GL': 0}
2025-05-27 19:44:04,773 - sim.TraitDistinct_HighDistinct_W40_P0.5_Rep2.MetricsCollector - INFO - metrics:177 - Metrics @ T=31.00: Cells=486, MaxR=28.51, Pheno={'G_SPECIALIST': 486, 'L_SPECIALIST': 0, 'SWITCHING_GL': 0}
2025-05-27 19:44:04,805 - sim.TraitDistinct_HighDistinct_W40_P0.5_Rep2.MetricsCollector - INFO - metrics:177 - Metrics @ T=32.00: Cells=519, MaxR=30.00, Pheno={'G_SPECIALIST': 519, 'L_SPECIALIST': 0, 'SWITCHING_GL': 0}
2025-05-27 19:44:04,840 - sim.TraitDistinct_HighDistinct_W40_P0.5_Rep2.MetricsCollector - INFO - metrics:177 - Metrics @ T=33.00: Cells=551, MaxR=30.05, Pheno={'G_SPECIALIST': 551, 'L_SPECIALIST': 0, 'SWITCHING_GL': 0}
2025-05-27 19:44:04,876 - sim.TraitDistinct_HighDistinct_W40_P0.5_Rep2.MetricsCollector - INFO - metrics:177 - Metrics @ T=34.00: Cells=591, MaxR=30.45, Pheno={'G_SPECIALIST': 591, 'L_SPECIALIST': 0, 'SWITCHING_GL': 0}
2025-05-27 19:44:04,916 - sim.TraitDistinct_HighDistinct_W40_P0.5_Rep2.MetricsCollector - INFO - metrics:177 - Metrics @ T=35.00: Cells=622, MaxR=31.80, Pheno={'G_SPECIALIST': 622, 'L_SPECIALIST': 0, 'SWITCHING_GL': 0}
2025-05-27 19:44:04,959 - sim.TraitDistinct_HighDistinct_W40_P0.5_Rep2.MetricsCollector - INFO - metrics:177 - Metrics @ T=36.00: Cells=663, MaxR=31.80, Pheno={'G_SPECIALIST': 663, 'L_SPECIALIST': 0, 'SWITCHING_GL': 0}
2025-05-27 19:44:05,006 - sim.TraitDistinct_HighDistinct_W40_P0.5_Rep2.MetricsCollector - INFO - metrics:177 - Metrics @ T=37.00: Cells=699, MaxR=32.08, Pheno={'G_SPECIALIST': 699, 'L_SPECIALIST': 0, 'SWITCHING_GL': 0}
2025-05-27 19:44:05,061 - sim.TraitDistinct_HighDistinct_W40_P0.5_Rep2.MetricsCollector - INFO - metrics:177 - Metrics @ T=38.00: Cells=725, MaxR=33.41, Pheno={'G_SPECIALIST': 725, 'L_SPECIALIST': 0, 'SWITCHING_GL': 0}
2025-05-27 19:44:05,113 - sim.TraitDistinct_HighDistinct_W40_P0.5_Rep2.MetricsCollector - INFO - metrics:177 - Metrics @ T=39.00: Cells=762, MaxR=34.51, Pheno={'G_SPECIALIST': 762, 'L_SPECIALIST': 0, 'SWITCHING_GL': 0}
2025-05-27 19:44:05,155 - sim.TraitDistinct_HighDistinct_W40_P0.5_Rep2 - INFO - simulation_engine:218 - Progress: T=40.00, Cells=798
2025-05-27 19:44:05,164 - sim.TraitDistinct_HighDistinct_W40_P0.5_Rep2.MetricsCollector - INFO - metrics:177 - Metrics @ T=40.00: Cells=800, MaxR=34.60, Pheno={'G_SPECIALIST': 800, 'L_SPECIALIST': 0, 'SWITCHING_GL': 0}
2025-05-27 19:44:05,222 - sim.TraitDistinct_HighDistinct_W40_P0.5_Rep2.MetricsCollector - INFO - metrics:177 - Metrics @ T=41.00: Cells=835, MaxR=36.17, Pheno={'G_SPECIALIST': 835, 'L_SPECIALIST': 0, 'SWITCHING_GL': 0}
2025-05-27 19:44:05,277 - sim.TraitDistinct_HighDistinct_W40_P0.5_Rep2.MetricsCollector - INFO - metrics:177 - Metrics @ T=42.00: Cells=866, MaxR=36.17, Pheno={'G_SPECIALIST': 866, 'L_SPECIALIST': 0, 'SWITCHING_GL': 0}
2025-05-27 19:44:05,334 - sim.TraitDistinct_HighDistinct_W40_P0.5_Rep2.MetricsCollector - INFO - metrics:177 - Metrics @ T=43.00: Cells=899, MaxR=36.17, Pheno={'G_SPECIALIST': 899, 'L_SPECIALIST': 0, 'SWITCHING_GL': 0}
2025-05-27 19:44:05,390 - sim.TraitDistinct_HighDistinct_W40_P0.5_Rep2.MetricsCollector - INFO - metrics:177 - Metrics @ T=44.00: Cells=942, MaxR=36.17, Pheno={'G_SPECIALIST': 942, 'L_SPECIALIST': 0, 'SWITCHING_GL': 0}
2025-05-27 19:44:05,451 - sim.TraitDistinct_HighDistinct_W40_P0.5_Rep2.MetricsCollector - INFO - metrics:177 - Metrics @ T=45.00: Cells=987, MaxR=37.59, Pheno={'G_SPECIALIST': 987, 'L_SPECIALIST': 0, 'SWITCHING_GL': 0}
2025-05-27 19:44:05,515 - sim.TraitDistinct_HighDistinct_W40_P0.5_Rep2.MetricsCollector - INFO - metrics:177 - Metrics @ T=46.00: Cells=1037, MaxR=37.99, Pheno={'G_SPECIALIST': 1037, 'L_SPECIALIST': 0, 'SWITCHING_GL': 0}
2025-05-27 19:44:05,583 - sim.TraitDistinct_HighDistinct_W40_P0.5_Rep2.MetricsCollector - INFO - metrics:177 - Metrics @ T=47.00: Cells=1096, MaxR=39.15, Pheno={'G_SPECIALIST': 1096, 'L_SPECIALIST': 0, 'SWITCHING_GL': 0}
2025-05-27 19:44:05,659 - sim.TraitDistinct_HighDistinct_W40_P0.5_Rep2.MetricsCollector - INFO - metrics:177 - Metrics @ T=48.00: Cells=1140, MaxR=39.61, Pheno={'G_SPECIALIST': 1140, 'L_SPECIALIST': 0, 'SWITCHING_GL': 0}
2025-05-27 19:44:05,732 - sim.TraitDistinct_HighDistinct_W40_P0.5_Rep2.MetricsCollector - INFO - metrics:177 - Metrics @ T=49.00: Cells=1191, MaxR=41.24, Pheno={'G_SPECIALIST': 1189, 'SWITCHING_GL': 2, 'L_SPECIALIST': 0}
2025-05-27 19:44:05,795 - sim.TraitDistinct_HighDistinct_W40_P0.5_Rep2 - INFO - simulation_engine:218 - Progress: T=50.00, Cells=1233
2025-05-27 19:44:05,810 - sim.TraitDistinct_HighDistinct_W40_P0.5_Rep2.MetricsCollector - INFO - metrics:177 - Metrics @ T=50.00: Cells=1236, MaxR=41.24, Pheno={'G_SPECIALIST': 1231, 'SWITCHING_GL': 5, 'L_SPECIALIST': 0}
2025-05-27 19:44:05,889 - sim.TraitDistinct_HighDistinct_W40_P0.5_Rep2.MetricsCollector - INFO - metrics:177 - Metrics @ T=51.00: Cells=1292, MaxR=41.61, Pheno={'G_SPECIALIST': 1284, 'SWITCHING_GL': 8, 'L_SPECIALIST': 0}
2025-05-27 19:44:05,974 - sim.TraitDistinct_HighDistinct_W40_P0.5_Rep2.MetricsCollector - INFO - metrics:177 - Metrics @ T=52.00: Cells=1354, MaxR=41.61, Pheno={'G_SPECIALIST': 1345, 'SWITCHING_GL': 9, 'L_SPECIALIST': 0}
2025-05-27 19:44:06,061 - sim.TraitDistinct_HighDistinct_W40_P0.5_Rep2.MetricsCollector - INFO - metrics:177 - Metrics @ T=53.00: Cells=1413, MaxR=41.61, Pheno={'G_SPECIALIST': 1404, 'SWITCHING_GL': 9, 'L_SPECIALIST': 0}
2025-05-27 19:44:06,154 - sim.TraitDistinct_HighDistinct_W40_P0.5_Rep2.MetricsCollector - INFO - metrics:177 - Metrics @ T=54.00: Cells=1482, MaxR=41.61, Pheno={'G_SPECIALIST': 1467, 'L_SPECIALIST': 2, 'SWITCHING_GL': 13}
2025-05-27 19:44:06,250 - sim.TraitDistinct_HighDistinct_W40_P0.5_Rep2.MetricsCollector - INFO - metrics:177 - Metrics @ T=55.00: Cells=1535, MaxR=42.32, Pheno={'G_SPECIALIST': 1516, 'L_SPECIALIST': 4, 'SWITCHING_GL': 15}
2025-05-27 19:44:06,353 - sim.TraitDistinct_HighDistinct_W40_P0.5_Rep2.MetricsCollector - INFO - metrics:177 - Metrics @ T=56.00: Cells=1607, MaxR=42.32, Pheno={'G_SPECIALIST': 1581, 'L_SPECIALIST': 6, 'SWITCHING_GL': 20}
2025-05-27 19:44:06,453 - sim.TraitDistinct_HighDistinct_W40_P0.5_Rep2.MetricsCollector - INFO - metrics:177 - Metrics @ T=57.00: Cells=1643, MaxR=42.32, Pheno={'G_SPECIALIST': 1609, 'L_SPECIALIST': 7, 'SWITCHING_GL': 27}
2025-05-27 19:44:06,559 - sim.TraitDistinct_HighDistinct_W40_P0.5_Rep2.MetricsCollector - INFO - metrics:177 - Metrics @ T=58.00: Cells=1696, MaxR=43.71, Pheno={'G_SPECIALIST': 1652, 'L_SPECIALIST': 9, 'SWITCHING_GL': 35}
2025-05-27 19:44:06,668 - sim.TraitDistinct_HighDistinct_W40_P0.5_Rep2.MetricsCollector - INFO - metrics:177 - Metrics @ T=59.00: Cells=1743, MaxR=43.71, Pheno={'G_SPECIALIST': 1687, 'L_SPECIALIST': 13, 'SWITCHING_GL': 43}
2025-05-27 19:44:06,759 - sim.TraitDistinct_HighDistinct_W40_P0.5_Rep2 - INFO - simulation_engine:218 - Progress: T=60.00, Cells=1770
2025-05-27 19:44:06,778 - sim.TraitDistinct_HighDistinct_W40_P0.5_Rep2.MetricsCollector - INFO - metrics:177 - Metrics @ T=60.00: Cells=1773, MaxR=43.92, Pheno={'G_SPECIALIST': 1709, 'L_SPECIALIST': 17, 'SWITCHING_GL': 47}
2025-05-27 19:44:06,891 - sim.TraitDistinct_HighDistinct_W40_P0.5_Rep2.MetricsCollector - INFO - metrics:177 - Metrics @ T=61.00: Cells=1816, MaxR=45.30, Pheno={'G_SPECIALIST': 1744, 'L_SPECIALIST': 21, 'SWITCHING_GL': 51}
2025-05-27 19:44:07,009 - sim.TraitDistinct_HighDistinct_W40_P0.5_Rep2.MetricsCollector - INFO - metrics:177 - Metrics @ T=62.00: Cells=1863, MaxR=45.30, Pheno={'G_SPECIALIST': 1783, 'L_SPECIALIST': 26, 'SWITCHING_GL': 54}
2025-05-27 19:44:07,125 - sim.TraitDistinct_HighDistinct_W40_P0.5_Rep2.MetricsCollector - INFO - metrics:177 - Metrics @ T=63.00: Cells=1894, MaxR=45.30, Pheno={'G_SPECIALIST': 1806, 'L_SPECIALIST': 28, 'SWITCHING_GL': 60}
2025-05-27 19:44:07,244 - sim.TraitDistinct_HighDistinct_W40_P0.5_Rep2.MetricsCollector - INFO - metrics:177 - Metrics @ T=64.00: Cells=1931, MaxR=45.30, Pheno={'G_SPECIALIST': 1828, 'L_SPECIALIST': 38, 'SWITCHING_GL': 65}
2025-05-27 19:44:07,365 - sim.TraitDistinct_HighDistinct_W40_P0.5_Rep2.MetricsCollector - INFO - metrics:177 - Metrics @ T=65.00: Cells=1972, MaxR=45.30, Pheno={'G_SPECIALIST': 1854, 'L_SPECIALIST': 49, 'SWITCHING_GL': 69}
2025-05-27 19:44:07,491 - sim.TraitDistinct_HighDistinct_W40_P0.5_Rep2.MetricsCollector - INFO - metrics:177 - Metrics @ T=66.00: Cells=2003, MaxR=45.30, Pheno={'G_SPECIALIST': 1875, 'L_SPECIALIST': 56, 'SWITCHING_GL': 72}
2025-05-27 19:44:07,616 - sim.TraitDistinct_HighDistinct_W40_P0.5_Rep2.MetricsCollector - INFO - metrics:177 - Metrics @ T=67.00: Cells=2023, MaxR=45.83, Pheno={'G_SPECIALIST': 1888, 'L_SPECIALIST': 60, 'SWITCHING_GL': 75}
2025-05-27 19:44:07,742 - sim.TraitDistinct_HighDistinct_W40_P0.5_Rep2.MetricsCollector - INFO - metrics:177 - Metrics @ T=68.00: Cells=2050, MaxR=46.18, Pheno={'G_SPECIALIST': 1903, 'L_SPECIALIST': 69, 'SWITCHING_GL': 78}
2025-05-27 19:44:07,872 - sim.TraitDistinct_HighDistinct_W40_P0.5_Rep2.MetricsCollector - INFO - metrics:177 - Metrics @ T=69.00: Cells=2076, MaxR=46.70, Pheno={'G_SPECIALIST': 1912, 'L_SPECIALIST': 79, 'SWITCHING_GL': 85}
2025-05-27 19:44:07,980 - sim.TraitDistinct_HighDistinct_W40_P0.5_Rep2 - INFO - simulation_engine:218 - Progress: T=70.00, Cells=2094
2025-05-27 19:44:08,001 - sim.TraitDistinct_HighDistinct_W40_P0.5_Rep2.MetricsCollector - INFO - metrics:177 - Metrics @ T=70.00: Cells=2095, MaxR=47.47, Pheno={'G_SPECIALIST': 1918, 'L_SPECIALIST': 89, 'SWITCHING_GL': 88}
2025-05-27 19:44:08,132 - sim.TraitDistinct_HighDistinct_W40_P0.5_Rep2.MetricsCollector - INFO - metrics:177 - Metrics @ T=71.00: Cells=2119, MaxR=47.47, Pheno={'G_SPECIALIST': 1929, 'L_SPECIALIST': 102, 'SWITCHING_GL': 88}
2025-05-27 19:44:08,261 - sim.TraitDistinct_HighDistinct_W40_P0.5_Rep2.MetricsCollector - INFO - metrics:177 - Metrics @ T=72.00: Cells=2130, MaxR=47.47, Pheno={'G_SPECIALIST': 1931, 'L_SPECIALIST': 113, 'SWITCHING_GL': 86}
2025-05-27 19:44:08,393 - sim.TraitDistinct_HighDistinct_W40_P0.5_Rep2.MetricsCollector - INFO - metrics:177 - Metrics @ T=73.00: Cells=2146, MaxR=47.47, Pheno={'G_SPECIALIST': 1933, 'L_SPECIALIST': 124, 'SWITCHING_GL': 89}
2025-05-27 19:44:08,524 - sim.TraitDistinct_HighDistinct_W40_P0.5_Rep2.MetricsCollector - INFO - metrics:177 - Metrics @ T=74.00: Cells=2162, MaxR=49.11, Pheno={'G_SPECIALIST': 1937, 'L_SPECIALIST': 138, 'SWITCHING_GL': 87}
2025-05-27 19:44:08,656 - sim.TraitDistinct_HighDistinct_W40_P0.5_Rep2.MetricsCollector - INFO - metrics:177 - Metrics @ T=75.00: Cells=2178, MaxR=50.41, Pheno={'G_SPECIALIST': 1942, 'L_SPECIALIST': 156, 'SWITCHING_GL': 80}
2025-05-27 19:44:08,790 - sim.TraitDistinct_HighDistinct_W40_P0.5_Rep2.MetricsCollector - INFO - metrics:177 - Metrics @ T=76.00: Cells=2194, MaxR=50.41, Pheno={'G_SPECIALIST': 1943, 'L_SPECIALIST': 172, 'SWITCHING_GL': 79}
2025-05-27 19:44:08,925 - sim.TraitDistinct_HighDistinct_W40_P0.5_Rep2.MetricsCollector - INFO - metrics:177 - Metrics @ T=77.00: Cells=2217, MaxR=50.41, Pheno={'G_SPECIALIST': 1945, 'L_SPECIALIST': 196, 'SWITCHING_GL': 76}
2025-05-27 19:44:09,061 - sim.TraitDistinct_HighDistinct_W40_P0.5_Rep2.MetricsCollector - INFO - metrics:177 - Metrics @ T=78.00: Cells=2231, MaxR=50.41, Pheno={'G_SPECIALIST': 1945, 'L_SPECIALIST': 214, 'SWITCHING_GL': 72}
2025-05-27 19:44:09,198 - sim.TraitDistinct_HighDistinct_W40_P0.5_Rep2.MetricsCollector - INFO - metrics:177 - Metrics @ T=79.00: Cells=2243, MaxR=50.41, Pheno={'G_SPECIALIST': 1945, 'L_SPECIALIST': 231, 'SWITCHING_GL': 67}
2025-05-27 19:44:09,315 - sim.TraitDistinct_HighDistinct_W40_P0.5_Rep2 - INFO - simulation_engine:218 - Progress: T=80.00, Cells=2258
2025-05-27 19:44:09,338 - sim.TraitDistinct_HighDistinct_W40_P0.5_Rep2.MetricsCollector - INFO - metrics:177 - Metrics @ T=80.00: Cells=2259, MaxR=50.41, Pheno={'G_SPECIALIST': 1945, 'L_SPECIALIST': 253, 'SWITCHING_GL': 61}
2025-05-27 19:44:09,477 - sim.TraitDistinct_HighDistinct_W40_P0.5_Rep2.MetricsCollector - INFO - metrics:177 - Metrics @ T=81.00: Cells=2282, MaxR=50.41, Pheno={'G_SPECIALIST': 1945, 'L_SPECIALIST': 279, 'SWITCHING_GL': 58}
2025-05-27 19:44:09,623 - sim.TraitDistinct_HighDistinct_W40_P0.5_Rep2.MetricsCollector - INFO - metrics:177 - Metrics @ T=82.00: Cells=2301, MaxR=50.41, Pheno={'G_SPECIALIST': 1945, 'L_SPECIALIST': 301, 'SWITCHING_GL': 55}
2025-05-27 19:44:09,769 - sim.TraitDistinct_HighDistinct_W40_P0.5_Rep2.MetricsCollector - INFO - metrics:177 - Metrics @ T=83.00: Cells=2315, MaxR=51.47, Pheno={'G_SPECIALIST': 1945, 'L_SPECIALIST': 321, 'SWITCHING_GL': 49}
2025-05-27 19:44:09,913 - sim.TraitDistinct_HighDistinct_W40_P0.5_Rep2.MetricsCollector - INFO - metrics:177 - Metrics @ T=84.00: Cells=2331, MaxR=51.47, Pheno={'G_SPECIALIST': 1945, 'L_SPECIALIST': 341, 'SWITCHING_GL': 45}
2025-05-27 19:44:10,057 - sim.TraitDistinct_HighDistinct_W40_P0.5_Rep2.MetricsCollector - INFO - metrics:177 - Metrics @ T=85.00: Cells=2352, MaxR=51.47, Pheno={'G_SPECIALIST': 1945, 'L_SPECIALIST': 367, 'SWITCHING_GL': 40}
2025-05-27 19:44:10,209 - sim.TraitDistinct_HighDistinct_W40_P0.5_Rep2.MetricsCollector - INFO - metrics:177 - Metrics @ T=86.00: Cells=2374, MaxR=52.56, Pheno={'G_SPECIALIST': 1945, 'L_SPECIALIST': 393, 'SWITCHING_GL': 36}
2025-05-27 19:44:10,362 - sim.TraitDistinct_HighDistinct_W40_P0.5_Rep2.MetricsCollector - INFO - metrics:177 - Metrics @ T=87.00: Cells=2397, MaxR=52.68, Pheno={'G_SPECIALIST': 1945, 'L_SPECIALIST': 419, 'SWITCHING_GL': 33}
2025-05-27 19:44:10,511 - sim.TraitDistinct_HighDistinct_W40_P0.5_Rep2.MetricsCollector - INFO - metrics:177 - Metrics @ T=88.00: Cells=2415, MaxR=52.68, Pheno={'G_SPECIALIST': 1945, 'L_SPECIALIST': 439, 'SWITCHING_GL': 31}
2025-05-27 19:44:10,674 - sim.TraitDistinct_HighDistinct_W40_P0.5_Rep2.MetricsCollector - INFO - metrics:177 - Metrics @ T=89.00: Cells=2447, MaxR=52.68, Pheno={'G_SPECIALIST': 1945, 'L_SPECIALIST': 477, 'SWITCHING_GL': 25}
2025-05-27 19:44:10,808 - sim.TraitDistinct_HighDistinct_W40_P0.5_Rep2 - INFO - simulation_engine:218 - Progress: T=90.00, Cells=2465
2025-05-27 19:44:10,834 - sim.TraitDistinct_HighDistinct_W40_P0.5_Rep2.MetricsCollector - INFO - metrics:177 - Metrics @ T=90.00: Cells=2467, MaxR=52.68, Pheno={'G_SPECIALIST': 1945, 'L_SPECIALIST': 504, 'SWITCHING_GL': 18}
2025-05-27 19:44:10,989 - sim.TraitDistinct_HighDistinct_W40_P0.5_Rep2.MetricsCollector - INFO - metrics:177 - Metrics @ T=91.00: Cells=2488, MaxR=54.11, Pheno={'G_SPECIALIST': 1945, 'L_SPECIALIST': 528, 'SWITCHING_GL': 15}
2025-05-27 19:44:11,146 - sim.TraitDistinct_HighDistinct_W40_P0.5_Rep2.MetricsCollector - INFO - metrics:177 - Metrics @ T=92.00: Cells=2519, MaxR=54.11, Pheno={'G_SPECIALIST': 1945, 'L_SPECIALIST': 562, 'SWITCHING_GL': 12}
2025-05-27 19:44:11,309 - sim.TraitDistinct_HighDistinct_W40_P0.5_Rep2.MetricsCollector - INFO - metrics:177 - Metrics @ T=93.00: Cells=2549, MaxR=54.11, Pheno={'G_SPECIALIST': 1945, 'L_SPECIALIST': 594, 'SWITCHING_GL': 10}
2025-05-27 19:44:11,469 - sim.TraitDistinct_HighDistinct_W40_P0.5_Rep2.MetricsCollector - INFO - metrics:177 - Metrics @ T=94.00: Cells=2578, MaxR=54.11, Pheno={'G_SPECIALIST': 1945, 'L_SPECIALIST': 624, 'SWITCHING_GL': 9}
2025-05-27 19:44:11,630 - sim.TraitDistinct_HighDistinct_W40_P0.5_Rep2.MetricsCollector - INFO - metrics:177 - Metrics @ T=95.00: Cells=2612, MaxR=54.69, Pheno={'G_SPECIALIST': 1945, 'L_SPECIALIST': 660, 'SWITCHING_GL': 7}
2025-05-27 19:44:11,794 - sim.TraitDistinct_HighDistinct_W40_P0.5_Rep2.MetricsCollector - INFO - metrics:177 - Metrics @ T=96.00: Cells=2642, MaxR=55.56, Pheno={'G_SPECIALIST': 1945, 'L_SPECIALIST': 691, 'SWITCHING_GL': 6}
2025-05-27 19:44:11,958 - sim.TraitDistinct_HighDistinct_W40_P0.5_Rep2.MetricsCollector - INFO - metrics:177 - Metrics @ T=97.00: Cells=2667, MaxR=55.56, Pheno={'G_SPECIALIST': 1945, 'L_SPECIALIST': 717, 'SWITCHING_GL': 5}
2025-05-27 19:44:12,131 - sim.TraitDistinct_HighDistinct_W40_P0.5_Rep2.MetricsCollector - INFO - metrics:177 - Metrics @ T=98.00: Cells=2705, MaxR=55.67, Pheno={'G_SPECIALIST': 1945, 'L_SPECIALIST': 758, 'SWITCHING_GL': 2}
2025-05-27 19:44:12,306 - sim.TraitDistinct_HighDistinct_W40_P0.5_Rep2.MetricsCollector - INFO - metrics:177 - Metrics @ T=99.00: Cells=2738, MaxR=55.67, Pheno={'G_SPECIALIST': 1945, 'L_SPECIALIST': 792, 'SWITCHING_GL': 1}
2025-05-27 19:44:12,449 - sim.TraitDistinct_HighDistinct_W40_P0.5_Rep2 - INFO - simulation_engine:218 - Progress: T=100.00, Cells=2767
2025-05-27 19:44:12,479 - sim.TraitDistinct_HighDistinct_W40_P0.5_Rep2.MetricsCollector - INFO - metrics:177 - Metrics @ T=100.00: Cells=2770, MaxR=56.04, Pheno={'G_SPECIALIST': 1945, 'L_SPECIALIST': 825, 'SWITCHING_GL': 0}
2025-05-27 19:44:12,653 - sim.TraitDistinct_HighDistinct_W40_P0.5_Rep2.MetricsCollector - INFO - metrics:177 - Metrics @ T=101.00: Cells=2792, MaxR=56.04, Pheno={'G_SPECIALIST': 1945, 'L_SPECIALIST': 847, 'SWITCHING_GL': 0}
2025-05-27 19:44:12,827 - sim.TraitDistinct_HighDistinct_W40_P0.5_Rep2.MetricsCollector - INFO - metrics:177 - Metrics @ T=102.00: Cells=2826, MaxR=56.04, Pheno={'G_SPECIALIST': 1945, 'L_SPECIALIST': 881, 'SWITCHING_GL': 0}
2025-05-27 19:44:13,003 - sim.TraitDistinct_HighDistinct_W40_P0.5_Rep2.MetricsCollector - INFO - metrics:177 - Metrics @ T=103.00: Cells=2863, MaxR=56.04, Pheno={'G_SPECIALIST': 1945, 'L_SPECIALIST': 918, 'SWITCHING_GL': 0}
2025-05-27 19:44:13,180 - sim.TraitDistinct_HighDistinct_W40_P0.5_Rep2.MetricsCollector - INFO - metrics:177 - Metrics @ T=104.00: Cells=2895, MaxR=56.20, Pheno={'G_SPECIALIST': 1945, 'L_SPECIALIST': 950, 'SWITCHING_GL': 0}
2025-05-27 19:44:13,359 - sim.TraitDistinct_HighDistinct_W40_P0.5_Rep2.MetricsCollector - INFO - metrics:177 - Metrics @ T=105.00: Cells=2923, MaxR=56.31, Pheno={'G_SPECIALIST': 1945, 'L_SPECIALIST': 978, 'SWITCHING_GL': 0}
2025-05-27 19:44:13,539 - sim.TraitDistinct_HighDistinct_W40_P0.5_Rep2.MetricsCollector - INFO - metrics:177 - Metrics @ T=106.00: Cells=2961, MaxR=56.31, Pheno={'G_SPECIALIST': 1945, 'L_SPECIALIST': 1016, 'SWITCHING_GL': 0}
2025-05-27 19:44:13,722 - sim.TraitDistinct_HighDistinct_W40_P0.5_Rep2.MetricsCollector - INFO - metrics:177 - Metrics @ T=107.00: Cells=2985, MaxR=56.31, Pheno={'G_SPECIALIST': 1945, 'L_SPECIALIST': 1040, 'SWITCHING_GL': 0}
2025-05-27 19:44:13,909 - sim.TraitDistinct_HighDistinct_W40_P0.5_Rep2.MetricsCollector - INFO - metrics:177 - Metrics @ T=108.00: Cells=3015, MaxR=57.42, Pheno={'G_SPECIALIST': 1945, 'L_SPECIALIST': 1070, 'SWITCHING_GL': 0}
2025-05-27 19:44:14,094 - sim.TraitDistinct_HighDistinct_W40_P0.5_Rep2.MetricsCollector - INFO - metrics:177 - Metrics @ T=109.00: Cells=3040, MaxR=57.42, Pheno={'G_SPECIALIST': 1945, 'L_SPECIALIST': 1095, 'SWITCHING_GL': 0}
2025-05-27 19:44:14,252 - sim.TraitDistinct_HighDistinct_W40_P0.5_Rep2 - INFO - simulation_engine:218 - Progress: T=110.00, Cells=3066
2025-05-27 19:44:14,283 - sim.TraitDistinct_HighDistinct_W40_P0.5_Rep2.MetricsCollector - INFO - metrics:177 - Metrics @ T=110.00: Cells=3071, MaxR=57.42, Pheno={'G_SPECIALIST': 1945, 'L_SPECIALIST': 1126, 'SWITCHING_GL': 0}
2025-05-27 19:44:14,472 - sim.TraitDistinct_HighDistinct_W40_P0.5_Rep2.MetricsCollector - INFO - metrics:177 - Metrics @ T=111.00: Cells=3096, MaxR=57.65, Pheno={'G_SPECIALIST': 1945, 'L_SPECIALIST': 1151, 'SWITCHING_GL': 0}
2025-05-27 19:44:14,662 - sim.TraitDistinct_HighDistinct_W40_P0.5_Rep2.MetricsCollector - INFO - metrics:177 - Metrics @ T=112.00: Cells=3125, MaxR=58.81, Pheno={'G_SPECIALIST': 1945, 'L_SPECIALIST': 1180, 'SWITCHING_GL': 0}
2025-05-27 19:44:14,853 - sim.TraitDistinct_HighDistinct_W40_P0.5_Rep2.MetricsCollector - INFO - metrics:177 - Metrics @ T=113.00: Cells=3142, MaxR=58.81, Pheno={'G_SPECIALIST': 1945, 'L_SPECIALIST': 1197, 'SWITCHING_GL': 0}
2025-05-27 19:44:15,050 - sim.TraitDistinct_HighDistinct_W40_P0.5_Rep2.MetricsCollector - INFO - metrics:177 - Metrics @ T=114.00: Cells=3173, MaxR=60.40, Pheno={'G_SPECIALIST': 1945, 'L_SPECIALIST': 1228, 'SWITCHING_GL': 0}
2025-05-27 19:44:15,268 - sim.TraitDistinct_HighDistinct_W40_P0.5_Rep2.MetricsCollector - INFO - metrics:177 - Metrics @ T=115.00: Cells=3195, MaxR=60.40, Pheno={'G_SPECIALIST': 1945, 'L_SPECIALIST': 1250, 'SWITCHING_GL': 0}
2025-05-27 19:44:15,466 - sim.TraitDistinct_HighDistinct_W40_P0.5_Rep2.MetricsCollector - INFO - metrics:177 - Metrics @ T=116.00: Cells=3224, MaxR=60.40, Pheno={'G_SPECIALIST': 1945, 'L_SPECIALIST': 1279, 'SWITCHING_GL': 0}
2025-05-27 19:44:15,667 - sim.TraitDistinct_HighDistinct_W40_P0.5_Rep2.MetricsCollector - INFO - metrics:177 - Metrics @ T=117.00: Cells=3262, MaxR=60.40, Pheno={'G_SPECIALIST': 1945, 'L_SPECIALIST': 1317, 'SWITCHING_GL': 0}
2025-05-27 19:44:15,871 - sim.TraitDistinct_HighDistinct_W40_P0.5_Rep2.MetricsCollector - INFO - metrics:177 - Metrics @ T=118.00: Cells=3292, MaxR=60.40, Pheno={'G_SPECIALIST': 1945, 'L_SPECIALIST': 1347, 'SWITCHING_GL': 0}
2025-05-27 19:44:16,076 - sim.TraitDistinct_HighDistinct_W40_P0.5_Rep2.MetricsCollector - INFO - metrics:177 - Metrics @ T=119.00: Cells=3323, MaxR=60.40, Pheno={'G_SPECIALIST': 1945, 'L_SPECIALIST': 1378, 'SWITCHING_GL': 0}
2025-05-27 19:44:16,252 - sim.TraitDistinct_HighDistinct_W40_P0.5_Rep2 - INFO - simulation_engine:218 - Progress: T=120.00, Cells=3361
2025-05-27 19:44:16,287 - sim.TraitDistinct_HighDistinct_W40_P0.5_Rep2.MetricsCollector - INFO - metrics:177 - Metrics @ T=120.00: Cells=3366, MaxR=60.40, Pheno={'G_SPECIALIST': 1945, 'L_SPECIALIST': 1421, 'SWITCHING_GL': 0}
2025-05-27 19:44:16,499 - sim.TraitDistinct_HighDistinct_W40_P0.5_Rep2.MetricsCollector - INFO - metrics:177 - Metrics @ T=121.00: Cells=3392, MaxR=60.40, Pheno={'G_SPECIALIST': 1945, 'L_SPECIALIST': 1447, 'SWITCHING_GL': 0}
2025-05-27 19:44:16,711 - sim.TraitDistinct_HighDistinct_W40_P0.5_Rep2.MetricsCollector - INFO - metrics:177 - Metrics @ T=122.00: Cells=3420, MaxR=60.40, Pheno={'G_SPECIALIST': 1945, 'L_SPECIALIST': 1475, 'SWITCHING_GL': 0}
2025-05-27 19:44:16,923 - sim.TraitDistinct_HighDistinct_W40_P0.5_Rep2.MetricsCollector - INFO - metrics:177 - Metrics @ T=123.00: Cells=3450, MaxR=60.40, Pheno={'G_SPECIALIST': 1945, 'L_SPECIALIST': 1505, 'SWITCHING_GL': 0}
2025-05-27 19:44:17,136 - sim.TraitDistinct_HighDistinct_W40_P0.5_Rep2.MetricsCollector - INFO - metrics:177 - Metrics @ T=124.00: Cells=3480, MaxR=60.89, Pheno={'G_SPECIALIST': 1945, 'L_SPECIALIST': 1535, 'SWITCHING_GL': 0}
2025-05-27 19:44:17,353 - sim.TraitDistinct_HighDistinct_W40_P0.5_Rep2.MetricsCollector - INFO - metrics:177 - Metrics @ T=125.00: Cells=3511, MaxR=60.89, Pheno={'G_SPECIALIST': 1945, 'L_SPECIALIST': 1566, 'SWITCHING_GL': 0}
2025-05-27 19:44:17,576 - sim.TraitDistinct_HighDistinct_W40_P0.5_Rep2.MetricsCollector - INFO - metrics:177 - Metrics @ T=126.00: Cells=3530, MaxR=60.89, Pheno={'G_SPECIALIST': 1945, 'L_SPECIALIST': 1585, 'SWITCHING_GL': 0}
2025-05-27 19:44:17,797 - sim.TraitDistinct_HighDistinct_W40_P0.5_Rep2.MetricsCollector - INFO - metrics:177 - Metrics @ T=127.00: Cells=3564, MaxR=61.55, Pheno={'G_SPECIALIST': 1945, 'L_SPECIALIST': 1619, 'SWITCHING_GL': 0}
2025-05-27 19:44:18,020 - sim.TraitDistinct_HighDistinct_W40_P0.5_Rep2.MetricsCollector - INFO - metrics:177 - Metrics @ T=128.00: Cells=3603, MaxR=61.55, Pheno={'G_SPECIALIST': 1945, 'L_SPECIALIST': 1658, 'SWITCHING_GL': 0}
2025-05-27 19:44:18,243 - sim.TraitDistinct_HighDistinct_W40_P0.5_Rep2.MetricsCollector - INFO - metrics:177 - Metrics @ T=129.00: Cells=3640, MaxR=61.65, Pheno={'G_SPECIALIST': 1945, 'L_SPECIALIST': 1695, 'SWITCHING_GL': 0}
2025-05-27 19:44:18,432 - sim.TraitDistinct_HighDistinct_W40_P0.5_Rep2 - INFO - simulation_engine:218 - Progress: T=130.00, Cells=3674
2025-05-27 19:44:18,469 - sim.TraitDistinct_HighDistinct_W40_P0.5_Rep2.MetricsCollector - INFO - metrics:177 - Metrics @ T=130.00: Cells=3676, MaxR=61.65, Pheno={'G_SPECIALIST': 1945, 'L_SPECIALIST': 1731, 'SWITCHING_GL': 0}
2025-05-27 19:44:18,700 - sim.TraitDistinct_HighDistinct_W40_P0.5_Rep2.MetricsCollector - INFO - metrics:177 - Metrics @ T=131.00: Cells=3713, MaxR=63.10, Pheno={'G_SPECIALIST': 1945, 'L_SPECIALIST': 1768, 'SWITCHING_GL': 0}
2025-05-27 19:44:18,932 - sim.TraitDistinct_HighDistinct_W40_P0.5_Rep2.MetricsCollector - INFO - metrics:177 - Metrics @ T=132.00: Cells=3745, MaxR=64.65, Pheno={'G_SPECIALIST': 1945, 'L_SPECIALIST': 1800, 'SWITCHING_GL': 0}
2025-05-27 19:44:19,175 - sim.TraitDistinct_HighDistinct_W40_P0.5_Rep2.MetricsCollector - INFO - metrics:177 - Metrics @ T=133.00: Cells=3780, MaxR=64.65, Pheno={'G_SPECIALIST': 1945, 'L_SPECIALIST': 1835, 'SWITCHING_GL': 0}
2025-05-27 19:44:19,417 - sim.TraitDistinct_HighDistinct_W40_P0.5_Rep2.MetricsCollector - INFO - metrics:177 - Metrics @ T=134.00: Cells=3819, MaxR=64.71, Pheno={'G_SPECIALIST': 1945, 'L_SPECIALIST': 1874, 'SWITCHING_GL': 0}
2025-05-27 19:44:19,661 - sim.TraitDistinct_HighDistinct_W40_P0.5_Rep2.MetricsCollector - INFO - metrics:177 - Metrics @ T=135.00: Cells=3854, MaxR=64.71, Pheno={'G_SPECIALIST': 1945, 'L_SPECIALIST': 1909, 'SWITCHING_GL': 0}
2025-05-27 19:44:19,911 - sim.TraitDistinct_HighDistinct_W40_P0.5_Rep2.MetricsCollector - INFO - metrics:177 - Metrics @ T=136.00: Cells=3890, MaxR=66.20, Pheno={'G_SPECIALIST': 1945, 'L_SPECIALIST': 1945, 'SWITCHING_GL': 0}
2025-05-27 19:44:20,155 - sim.TraitDistinct_HighDistinct_W40_P0.5_Rep2.MetricsCollector - INFO - metrics:177 - Metrics @ T=137.00: Cells=3927, MaxR=67.64, Pheno={'G_SPECIALIST': 1945, 'L_SPECIALIST': 1982, 'SWITCHING_GL': 0}
2025-05-27 19:44:20,396 - sim.TraitDistinct_HighDistinct_W40_P0.5_Rep2.MetricsCollector - INFO - metrics:177 - Metrics @ T=138.00: Cells=3960, MaxR=67.64, Pheno={'G_SPECIALIST': 1945, 'L_SPECIALIST': 2015, 'SWITCHING_GL': 0}
2025-05-27 19:44:20,640 - sim.TraitDistinct_HighDistinct_W40_P0.5_Rep2.MetricsCollector - INFO - metrics:177 - Metrics @ T=139.00: Cells=3995, MaxR=67.64, Pheno={'G_SPECIALIST': 1945, 'L_SPECIALIST': 2050, 'SWITCHING_GL': 0}
2025-05-27 19:44:20,848 - sim.TraitDistinct_HighDistinct_W40_P0.5_Rep2 - INFO - simulation_engine:218 - Progress: T=140.00, Cells=4019
2025-05-27 19:44:20,890 - sim.TraitDistinct_HighDistinct_W40_P0.5_Rep2.MetricsCollector - INFO - metrics:177 - Metrics @ T=140.00: Cells=4021, MaxR=67.64, Pheno={'G_SPECIALIST': 1945, 'L_SPECIALIST': 2076, 'SWITCHING_GL': 0}
2025-05-27 19:44:21,144 - sim.TraitDistinct_HighDistinct_W40_P0.5_Rep2.MetricsCollector - INFO - metrics:177 - Metrics @ T=141.00: Cells=4044, MaxR=69.09, Pheno={'G_SPECIALIST': 1945, 'L_SPECIALIST': 2099, 'SWITCHING_GL': 0}
2025-05-27 19:44:21,408 - sim.TraitDistinct_HighDistinct_W40_P0.5_Rep2.MetricsCollector - INFO - metrics:177 - Metrics @ T=142.00: Cells=4078, MaxR=69.09, Pheno={'G_SPECIALIST': 1945, 'L_SPECIALIST': 2133, 'SWITCHING_GL': 0}
2025-05-27 19:44:21,660 - sim.TraitDistinct_HighDistinct_W40_P0.5_Rep2.MetricsCollector - INFO - metrics:177 - Metrics @ T=143.00: Cells=4106, MaxR=69.20, Pheno={'G_SPECIALIST': 1945, 'L_SPECIALIST': 2161, 'SWITCHING_GL': 0}
2025-05-27 19:44:21,917 - sim.TraitDistinct_HighDistinct_W40_P0.5_Rep2.MetricsCollector - INFO - metrics:177 - Metrics @ T=144.00: Cells=4143, MaxR=69.20, Pheno={'G_SPECIALIST': 1945, 'L_SPECIALIST': 2198, 'SWITCHING_GL': 0}
2025-05-27 19:44:22,176 - sim.TraitDistinct_HighDistinct_W40_P0.5_Rep2.MetricsCollector - INFO - metrics:177 - Metrics @ T=145.00: Cells=4176, MaxR=69.20, Pheno={'G_SPECIALIST': 1945, 'L_SPECIALIST': 2231, 'SWITCHING_GL': 0}
2025-05-27 19:44:22,433 - sim.TraitDistinct_HighDistinct_W40_P0.5_Rep2.MetricsCollector - INFO - metrics:177 - Metrics @ T=146.00: Cells=4210, MaxR=70.63, Pheno={'G_SPECIALIST': 1945, 'L_SPECIALIST': 2265, 'SWITCHING_GL': 0}
2025-05-27 19:44:22,692 - sim.TraitDistinct_HighDistinct_W40_P0.5_Rep2.MetricsCollector - INFO - metrics:177 - Metrics @ T=147.00: Cells=4244, MaxR=70.63, Pheno={'G_SPECIALIST': 1945, 'L_SPECIALIST': 2299, 'SWITCHING_GL': 0}
2025-05-27 19:44:22,957 - sim.TraitDistinct_HighDistinct_W40_P0.5_Rep2.MetricsCollector - INFO - metrics:177 - Metrics @ T=148.00: Cells=4289, MaxR=70.63, Pheno={'G_SPECIALIST': 1945, 'L_SPECIALIST': 2344, 'SWITCHING_GL': 0}
2025-05-27 19:44:23,225 - sim.TraitDistinct_HighDistinct_W40_P0.5_Rep2.MetricsCollector - INFO - metrics:177 - Metrics @ T=149.00: Cells=4328, MaxR=70.63, Pheno={'G_SPECIALIST': 1945, 'L_SPECIALIST': 2383, 'SWITCHING_GL': 0}
2025-05-27 19:44:23,451 - sim.TraitDistinct_HighDistinct_W40_P0.5_Rep2 - INFO - simulation_engine:218 - Progress: T=150.00, Cells=4361
2025-05-27 19:44:23,494 - sim.TraitDistinct_HighDistinct_W40_P0.5_Rep2.MetricsCollector - INFO - metrics:177 - Metrics @ T=150.00: Cells=4365, MaxR=70.76, Pheno={'G_SPECIALIST': 1945, 'L_SPECIALIST': 2420, 'SWITCHING_GL': 0}
2025-05-27 19:44:23,762 - sim.TraitDistinct_HighDistinct_W40_P0.5_Rep2.MetricsCollector - INFO - metrics:177 - Metrics @ T=151.00: Cells=4403, MaxR=72.19, Pheno={'G_SPECIALIST': 1945, 'L_SPECIALIST': 2458, 'SWITCHING_GL': 0}
2025-05-27 19:44:24,034 - sim.TraitDistinct_HighDistinct_W40_P0.5_Rep2.MetricsCollector - INFO - metrics:177 - Metrics @ T=152.00: Cells=4451, MaxR=72.19, Pheno={'G_SPECIALIST': 1945, 'L_SPECIALIST': 2506, 'SWITCHING_GL': 0}
2025-05-27 19:44:24,309 - sim.TraitDistinct_HighDistinct_W40_P0.5_Rep2.MetricsCollector - INFO - metrics:177 - Metrics @ T=153.00: Cells=4497, MaxR=72.33, Pheno={'G_SPECIALIST': 1945, 'L_SPECIALIST': 2552, 'SWITCHING_GL': 0}
2025-05-27 19:44:24,591 - sim.TraitDistinct_HighDistinct_W40_P0.5_Rep2.MetricsCollector - INFO - metrics:177 - Metrics @ T=154.00: Cells=4536, MaxR=72.33, Pheno={'G_SPECIALIST': 1945, 'L_SPECIALIST': 2591, 'SWITCHING_GL': 0}
2025-05-27 19:44:24,871 - sim.TraitDistinct_HighDistinct_W40_P0.5_Rep2.MetricsCollector - INFO - metrics:177 - Metrics @ T=155.00: Cells=4574, MaxR=73.75, Pheno={'G_SPECIALIST': 1945, 'L_SPECIALIST': 2629, 'SWITCHING_GL': 0}
2025-05-27 19:44:25,151 - sim.TraitDistinct_HighDistinct_W40_P0.5_Rep2.MetricsCollector - INFO - metrics:177 - Metrics @ T=156.00: Cells=4608, MaxR=73.75, Pheno={'G_SPECIALIST': 1945, 'L_SPECIALIST': 2663, 'SWITCHING_GL': 0}
2025-05-27 19:44:25,434 - sim.TraitDistinct_HighDistinct_W40_P0.5_Rep2.MetricsCollector - INFO - metrics:177 - Metrics @ T=157.00: Cells=4649, MaxR=73.75, Pheno={'G_SPECIALIST': 1945, 'L_SPECIALIST': 2704, 'SWITCHING_GL': 0}
2025-05-27 19:44:25,721 - sim.TraitDistinct_HighDistinct_W40_P0.5_Rep2.MetricsCollector - INFO - metrics:177 - Metrics @ T=158.00: Cells=4692, MaxR=73.75, Pheno={'G_SPECIALIST': 1945, 'L_SPECIALIST': 2747, 'SWITCHING_GL': 0}
2025-05-27 19:44:26,012 - sim.TraitDistinct_HighDistinct_W40_P0.5_Rep2.MetricsCollector - INFO - metrics:177 - Metrics @ T=159.00: Cells=4741, MaxR=73.91, Pheno={'G_SPECIALIST': 1945, 'L_SPECIALIST': 2796, 'SWITCHING_GL': 0}
2025-05-27 19:44:26,259 - sim.TraitDistinct_HighDistinct_W40_P0.5_Rep2 - INFO - simulation_engine:218 - Progress: T=160.00, Cells=4779
2025-05-27 19:44:26,309 - sim.TraitDistinct_HighDistinct_W40_P0.5_Rep2.MetricsCollector - INFO - metrics:177 - Metrics @ T=160.00: Cells=4780, MaxR=75.50, Pheno={'G_SPECIALIST': 1945, 'L_SPECIALIST': 2835, 'SWITCHING_GL': 0}
2025-05-27 19:44:26,607 - sim.TraitDistinct_HighDistinct_W40_P0.5_Rep2.MetricsCollector - INFO - metrics:177 - Metrics @ T=161.00: Cells=4823, MaxR=75.72, Pheno={'G_SPECIALIST': 1945, 'L_SPECIALIST': 2878, 'SWITCHING_GL': 0}
2025-05-27 19:44:26,904 - sim.TraitDistinct_HighDistinct_W40_P0.5_Rep2.MetricsCollector - INFO - metrics:177 - Metrics @ T=162.00: Cells=4864, MaxR=75.72, Pheno={'G_SPECIALIST': 1945, 'L_SPECIALIST': 2919, 'SWITCHING_GL': 0}
2025-05-27 19:44:27,205 - sim.TraitDistinct_HighDistinct_W40_P0.5_Rep2.MetricsCollector - INFO - metrics:177 - Metrics @ T=163.00: Cells=4893, MaxR=75.72, Pheno={'G_SPECIALIST': 1945, 'L_SPECIALIST': 2948, 'SWITCHING_GL': 0}
2025-05-27 19:44:27,509 - sim.TraitDistinct_HighDistinct_W40_P0.5_Rep2.MetricsCollector - INFO - metrics:177 - Metrics @ T=164.00: Cells=4925, MaxR=77.09, Pheno={'G_SPECIALIST': 1945, 'L_SPECIALIST': 2980, 'SWITCHING_GL': 0}
2025-05-27 19:44:27,839 - sim.TraitDistinct_HighDistinct_W40_P0.5_Rep2.MetricsCollector - INFO - metrics:177 - Metrics @ T=165.00: Cells=4969, MaxR=77.09, Pheno={'G_SPECIALIST': 1945, 'L_SPECIALIST': 3024, 'SWITCHING_GL': 0}
2025-05-27 19:44:28,150 - sim.TraitDistinct_HighDistinct_W40_P0.5_Rep2.MetricsCollector - INFO - metrics:177 - Metrics @ T=166.00: Cells=5017, MaxR=77.09, Pheno={'G_SPECIALIST': 1945, 'L_SPECIALIST': 3072, 'SWITCHING_GL': 0}
2025-05-27 19:44:28,464 - sim.TraitDistinct_HighDistinct_W40_P0.5_Rep2.MetricsCollector - INFO - metrics:177 - Metrics @ T=167.00: Cells=5059, MaxR=78.69, Pheno={'G_SPECIALIST': 1945, 'L_SPECIALIST': 3114, 'SWITCHING_GL': 0}
2025-05-27 19:44:28,779 - sim.TraitDistinct_HighDistinct_W40_P0.5_Rep2.MetricsCollector - INFO - metrics:177 - Metrics @ T=168.00: Cells=5098, MaxR=78.69, Pheno={'G_SPECIALIST': 1945, 'L_SPECIALIST': 3153, 'SWITCHING_GL': 0}
2025-05-27 19:44:29,098 - sim.TraitDistinct_HighDistinct_W40_P0.5_Rep2.MetricsCollector - INFO - metrics:177 - Metrics @ T=169.00: Cells=5140, MaxR=80.07, Pheno={'G_SPECIALIST': 1946, 'L_SPECIALIST': 3194, 'SWITCHING_GL': 0}
2025-05-27 19:44:29,371 - sim.TraitDistinct_HighDistinct_W40_P0.5_Rep2 - INFO - simulation_engine:218 - Progress: T=170.00, Cells=5165
2025-05-27 19:44:29,423 - sim.TraitDistinct_HighDistinct_W40_P0.5_Rep2.MetricsCollector - INFO - metrics:177 - Metrics @ T=170.00: Cells=5168, MaxR=80.07, Pheno={'G_SPECIALIST': 1946, 'L_SPECIALIST': 3222, 'SWITCHING_GL': 0}
2025-05-27 19:44:29,743 - sim.TraitDistinct_HighDistinct_W40_P0.5_Rep2.MetricsCollector - INFO - metrics:177 - Metrics @ T=171.00: Cells=5197, MaxR=80.07, Pheno={'G_SPECIALIST': 1946, 'L_SPECIALIST': 3251, 'SWITCHING_GL': 0}
2025-05-27 19:44:30,077 - sim.TraitDistinct_HighDistinct_W40_P0.5_Rep2.MetricsCollector - INFO - metrics:177 - Metrics @ T=172.00: Cells=5230, MaxR=80.07, Pheno={'G_SPECIALIST': 1946, 'L_SPECIALIST': 3284, 'SWITCHING_GL': 0}
2025-05-27 19:44:30,403 - sim.TraitDistinct_HighDistinct_W40_P0.5_Rep2.MetricsCollector - INFO - metrics:177 - Metrics @ T=173.00: Cells=5264, MaxR=81.66, Pheno={'G_SPECIALIST': 1947, 'L_SPECIALIST': 3317, 'SWITCHING_GL': 0}
2025-05-27 19:44:30,738 - sim.TraitDistinct_HighDistinct_W40_P0.5_Rep2.MetricsCollector - INFO - metrics:177 - Metrics @ T=174.00: Cells=5316, MaxR=81.66, Pheno={'G_SPECIALIST': 1949, 'L_SPECIALIST': 3367, 'SWITCHING_GL': 0}
2025-05-27 19:44:31,067 - sim.TraitDistinct_HighDistinct_W40_P0.5_Rep2.MetricsCollector - INFO - metrics:177 - Metrics @ T=175.00: Cells=5361, MaxR=83.05, Pheno={'G_SPECIALIST': 1951, 'L_SPECIALIST': 3410, 'SWITCHING_GL': 0}
2025-05-27 19:44:31,402 - sim.TraitDistinct_HighDistinct_W40_P0.5_Rep2.MetricsCollector - INFO - metrics:177 - Metrics @ T=176.00: Cells=5408, MaxR=84.45, Pheno={'G_SPECIALIST': 1953, 'L_SPECIALIST': 3455, 'SWITCHING_GL': 0}
2025-05-27 19:44:31,743 - sim.TraitDistinct_HighDistinct_W40_P0.5_Rep2.MetricsCollector - INFO - metrics:177 - Metrics @ T=177.00: Cells=5452, MaxR=85.71, Pheno={'G_SPECIALIST': 1954, 'L_SPECIALIST': 3498, 'SWITCHING_GL': 0}
2025-05-27 19:44:32,079 - sim.TraitDistinct_HighDistinct_W40_P0.5_Rep2.MetricsCollector - INFO - metrics:177 - Metrics @ T=178.00: Cells=5513, MaxR=86.03, Pheno={'G_SPECIALIST': 1957, 'L_SPECIALIST': 3555, 'SWITCHING_GL': 1}
2025-05-27 19:44:32,450 - sim.TraitDistinct_HighDistinct_W40_P0.5_Rep2.MetricsCollector - INFO - metrics:177 - Metrics @ T=179.00: Cells=5571, MaxR=87.43, Pheno={'G_SPECIALIST': 1964, 'L_SPECIALIST': 3606, 'SWITCHING_GL': 1}
2025-05-27 19:44:32,737 - sim.TraitDistinct_HighDistinct_W40_P0.5_Rep2 - INFO - simulation_engine:218 - Progress: T=180.00, Cells=5608
2025-05-27 19:44:32,793 - sim.TraitDistinct_HighDistinct_W40_P0.5_Rep2.MetricsCollector - INFO - metrics:177 - Metrics @ T=180.00: Cells=5617, MaxR=88.71, Pheno={'G_SPECIALIST': 1970, 'L_SPECIALIST': 3646, 'SWITCHING_GL': 1}
2025-05-27 19:44:33,145 - sim.TraitDistinct_HighDistinct_W40_P0.5_Rep2.MetricsCollector - INFO - metrics:177 - Metrics @ T=181.00: Cells=5674, MaxR=89.01, Pheno={'G_SPECIALIST': 1976, 'L_SPECIALIST': 3697, 'SWITCHING_GL': 1}
2025-05-27 19:44:33,498 - sim.TraitDistinct_HighDistinct_W40_P0.5_Rep2.MetricsCollector - INFO - metrics:177 - Metrics @ T=182.00: Cells=5725, MaxR=90.42, Pheno={'G_SPECIALIST': 1983, 'L_SPECIALIST': 3741, 'SWITCHING_GL': 1}
2025-05-27 19:44:33,853 - sim.TraitDistinct_HighDistinct_W40_P0.5_Rep2.MetricsCollector - INFO - metrics:177 - Metrics @ T=183.00: Cells=5757, MaxR=91.83, Pheno={'G_SPECIALIST': 1987, 'L_SPECIALIST': 3769, 'SWITCHING_GL': 1}
2025-05-27 19:44:34,212 - sim.TraitDistinct_HighDistinct_W40_P0.5_Rep2.MetricsCollector - INFO - metrics:177 - Metrics @ T=184.00: Cells=5813, MaxR=91.83, Pheno={'G_SPECIALIST': 1996, 'L_SPECIALIST': 3816, 'SWITCHING_GL': 1}
2025-05-27 19:44:34,573 - sim.TraitDistinct_HighDistinct_W40_P0.5_Rep2.MetricsCollector - INFO - metrics:177 - Metrics @ T=185.00: Cells=5862, MaxR=91.99, Pheno={'G_SPECIALIST': 2003, 'L_SPECIALIST': 3858, 'SWITCHING_GL': 1}
2025-05-27 19:44:34,936 - sim.TraitDistinct_HighDistinct_W40_P0.5_Rep2.MetricsCollector - INFO - metrics:177 - Metrics @ T=186.00: Cells=5907, MaxR=93.58, Pheno={'G_SPECIALIST': 2009, 'L_SPECIALIST': 3897, 'SWITCHING_GL': 1}
2025-05-27 19:44:35,301 - sim.TraitDistinct_HighDistinct_W40_P0.5_Rep2.MetricsCollector - INFO - metrics:177 - Metrics @ T=187.00: Cells=5943, MaxR=95.17, Pheno={'G_SPECIALIST': 2015, 'L_SPECIALIST': 3927, 'SWITCHING_GL': 1}
2025-05-27 19:44:35,672 - sim.TraitDistinct_HighDistinct_W40_P0.5_Rep2.MetricsCollector - INFO - metrics:177 - Metrics @ T=188.00: Cells=5984, MaxR=96.39, Pheno={'G_SPECIALIST': 2020, 'L_SPECIALIST': 3963, 'SWITCHING_GL': 1}
2025-05-27 19:44:36,086 - sim.TraitDistinct_HighDistinct_W40_P0.5_Rep2.MetricsCollector - INFO - metrics:177 - Metrics @ T=189.00: Cells=6035, MaxR=97.81, Pheno={'G_SPECIALIST': 2028, 'L_SPECIALIST': 4005, 'SWITCHING_GL': 2}
2025-05-27 19:44:36,431 - sim.TraitDistinct_HighDistinct_W40_P0.5_Rep2 - INFO - simulation_engine:218 - Progress: T=190.00, Cells=6077
2025-05-27 19:44:36,491 - sim.TraitDistinct_HighDistinct_W40_P0.5_Rep2.MetricsCollector - INFO - metrics:177 - Metrics @ T=190.00: Cells=6081, MaxR=98.15, Pheno={'G_SPECIALIST': 2035, 'L_SPECIALIST': 4044, 'SWITCHING_GL': 2}
2025-05-27 19:44:36,871 - sim.TraitDistinct_HighDistinct_W40_P0.5_Rep2.MetricsCollector - INFO - metrics:177 - Metrics @ T=191.00: Cells=6130, MaxR=98.15, Pheno={'G_SPECIALIST': 2041, 'L_SPECIALIST': 4087, 'SWITCHING_GL': 2}
2025-05-27 19:44:37,255 - sim.TraitDistinct_HighDistinct_W40_P0.5_Rep2.MetricsCollector - INFO - metrics:177 - Metrics @ T=192.00: Cells=6179, MaxR=98.15, Pheno={'G_SPECIALIST': 2047, 'L_SPECIALIST': 4130, 'SWITCHING_GL': 2}
2025-05-27 19:44:37,638 - sim.TraitDistinct_HighDistinct_W40_P0.5_Rep2.MetricsCollector - INFO - metrics:177 - Metrics @ T=193.00: Cells=6235, MaxR=98.15, Pheno={'G_SPECIALIST': 2056, 'L_SPECIALIST': 4177, 'SWITCHING_GL': 2}
2025-05-27 19:44:38,032 - sim.TraitDistinct_HighDistinct_W40_P0.5_Rep2.MetricsCollector - INFO - metrics:177 - Metrics @ T=194.00: Cells=6296, MaxR=98.15, Pheno={'G_SPECIALIST': 2063, 'L_SPECIALIST': 4229, 'SWITCHING_GL': 4}
2025-05-27 19:44:38,426 - sim.TraitDistinct_HighDistinct_W40_P0.5_Rep2.MetricsCollector - INFO - metrics:177 - Metrics @ T=195.00: Cells=6346, MaxR=98.15, Pheno={'G_SPECIALIST': 2076, 'L_SPECIALIST': 4266, 'SWITCHING_GL': 4}
2025-05-27 19:44:38,818 - sim.TraitDistinct_HighDistinct_W40_P0.5_Rep2.MetricsCollector - INFO - metrics:177 - Metrics @ T=196.00: Cells=6385, MaxR=98.15, Pheno={'G_SPECIALIST': 2089, 'L_SPECIALIST': 4292, 'SWITCHING_GL': 4}
2025-05-27 19:44:39,214 - sim.TraitDistinct_HighDistinct_W40_P0.5_Rep2.MetricsCollector - INFO - metrics:177 - Metrics @ T=197.00: Cells=6426, MaxR=98.15, Pheno={'G_SPECIALIST': 2102, 'L_SPECIALIST': 4319, 'SWITCHING_GL': 5}
2025-05-27 19:44:39,615 - sim.TraitDistinct_HighDistinct_W40_P0.5_Rep2.MetricsCollector - INFO - metrics:177 - Metrics @ T=198.00: Cells=6478, MaxR=98.15, Pheno={'G_SPECIALIST': 2113, 'L_SPECIALIST': 4360, 'SWITCHING_GL': 5}
2025-05-27 19:44:40,017 - sim.TraitDistinct_HighDistinct_W40_P0.5_Rep2.MetricsCollector - INFO - metrics:177 - Metrics @ T=199.00: Cells=6536, MaxR=99.54, Pheno={'G_SPECIALIST': 2129, 'L_SPECIALIST': 4404, 'SWITCHING_GL': 3}
2025-05-27 19:44:40,360 - sim.TraitDistinct_HighDistinct_W40_P0.5_Rep2 - INFO - simulation_engine:218 - Progress: T=200.00, Cells=6596
2025-05-27 19:44:40,426 - sim.TraitDistinct_HighDistinct_W40_P0.5_Rep2.MetricsCollector - INFO - metrics:177 - Metrics @ T=200.00: Cells=6601, MaxR=100.95, Pheno={'G_SPECIALIST': 2147, 'L_SPECIALIST': 4450, 'SWITCHING_GL': 4}
2025-05-27 19:44:40,464 - sim.TraitDistinct_HighDistinct_W40_P0.5_Rep2 - INFO - simulation_engine:238 - Sim run finished: TraitDistinct_HighDistinct_W40_P0.5_Rep2. Wall-clock: 36.053s.
2025-05-27 19:44:40,464 - sim.TraitDistinct_HighDistinct_W40_P0.5_Rep2 - INFO - simulation_engine:241 - Final state: SimTime=200.10, Steps=2001, Cells=6608.
2025-05-27 19:44:40,464 - sim.TraitDistinct_HighDistinct_W40_P0.5_Rep2.MetricsCollector - INFO - metrics:300 - Finalizing data collection and exporting results...
2025-05-27 19:44:40,464 - sim.TraitDistinct_HighDistinct_W40_P0.5_Rep2.MetricsCollector - INFO - metrics:312 - --- Simulation Summary (Log) ---
time: 199.99999999999292
total_cell_count: 6601
phenotype_counts: {'G_SPECIALIST': 2147, 'L_SPECIALIST': 4450, 'SWITCHING_GL': 4}
avg_radial_distance: 49.927009524586296
max_radial_distance: 100.9504829111778
min_radial_distance: 0.0
std_dev_radial_distance: 18.484125795361944
median_radial_distance: 52.306787322488084
frontier_lag_G_to_L: (details in files)
frontier_traits: (details in files)
overall_radial_expansion_velocity: 0.49609216051806215
config_exp_name: TraitDistinct_HighDistinct_W40_P0.5_Rep2

2025-05-27 19:44:40,482 - sim.TraitDistinct_HighDistinct_W40_P0.5_Rep2.MetricsCollector - INFO - metrics:242 - Time series data exported to results\TraitDistinct_HighDistinct_W40_P0.5_Rep2\time_series_data.csv
2025-05-27 19:44:40,490 - sim.TraitDistinct_HighDistinct_W40_P0.5_Rep2.MetricsCollector - INFO - metrics:267 - Summary data exported to results\TraitDistinct_HighDistinct_W40_P0.5_Rep2\summary.json
2025-05-27 19:44:40,490 - sim.TraitDistinct_HighDistinct_W40_P0.5_Rep2.MetricsCollector - INFO - metrics:275 - No kymograph data to export.
2025-05-27 19:44:40,491 - sim.TraitDistinct_HighDistinct_W40_P0.5_Rep2.MetricsCollector - INFO - metrics:316 - All data export finalized for TraitDistinct_HighDistinct_W40_P0.5_Rep2.
2025-05-27 19:44:40,491 - sim.TraitDistinct_HighDistinct_W40_P0.5_Rep2 - INFO - simulation_engine:276 - Simulation fully complete.
