2025-05-27 18:48:52,176 - sim.BetHedging0.5_W20_Rep1 - INFO - simulation_engine:37 - Initializing SimulationEngine for experiment: BetHedging0.5_W20_Rep1
2025-05-27 18:48:52,178 - sim.BetHedging0.5_W20_Rep1 - INFO - simulation_engine:70 - Visualization disabled.
2025-05-27 18:48:52,178 - sim.BetHedging0.5_W20_Rep1 - INFO - simulation_engine:202 - Starting simulation: BetHedging0.5_W20_Rep1
2025-05-27 18:48:52,179 - sim.BetHedging0.5_W20_Rep1 - INFO - simulation_engine:204 - Colony initialized: 5 cells.
2025-05-27 18:48:52,179 - sim.BetHedging0.5_W20_Rep1.MetricsCollector - INFO - metrics:177 - Metrics @ T=0.00: Cells=5, MaxR=1.73, Pheno={'G_SPECIALIST': 5, 'L_SPECIALIST': 0, 'SWITCHING_GL': 0}
2025-05-27 18:48:52,180 - sim.BetHedging0.5_W20_Rep1.MetricsCollector - INFO - metrics:177 - Metrics @ T=1.00: Cells=7, MaxR=3.00, Pheno={'G_SPECIALIST': 7, 'L_SPECIALIST': 0, 'SWITCHING_GL': 0}
2025-05-27 18:48:52,185 - sim.BetHedging0.5_W20_Rep1.MetricsCollector - INFO - metrics:177 - Metrics @ T=2.00: Cells=8, MaxR=3.00, Pheno={'G_SPECIALIST': 8, 'L_SPECIALIST': 0, 'SWITCHING_GL': 0}
2025-05-27 18:48:52,186 - sim.BetHedging0.5_W20_Rep1.MetricsCollector - INFO - metrics:177 - Metrics @ T=3.00: Cells=9, MaxR=3.46, Pheno={'G_SPECIALIST': 9, 'L_SPECIALIST': 0, 'SWITCHING_GL': 0}
2025-05-27 18:48:52,187 - sim.BetHedging0.5_W20_Rep1.MetricsCollector - INFO - metrics:177 - Metrics @ T=4.00: Cells=12, MaxR=5.20, Pheno={'G_SPECIALIST': 12, 'L_SPECIALIST': 0, 'SWITCHING_GL': 0}
2025-05-27 18:48:52,190 - sim.BetHedging0.5_W20_Rep1.MetricsCollector - INFO - metrics:177 - Metrics @ T=5.00: Cells=20, MaxR=6.24, Pheno={'G_SPECIALIST': 20, 'L_SPECIALIST': 0, 'SWITCHING_GL': 0}
2025-05-27 18:48:52,191 - sim.BetHedging0.5_W20_Rep1.MetricsCollector - INFO - metrics:177 - Metrics @ T=6.00: Cells=23, MaxR=7.94, Pheno={'G_SPECIALIST': 23, 'L_SPECIALIST': 0, 'SWITCHING_GL': 0}
2025-05-27 18:48:52,194 - sim.BetHedging0.5_W20_Rep1.MetricsCollector - INFO - metrics:177 - Metrics @ T=7.00: Cells=30, MaxR=9.17, Pheno={'G_SPECIALIST': 30, 'L_SPECIALIST': 0, 'SWITCHING_GL': 0}
2025-05-27 18:48:52,197 - sim.BetHedging0.5_W20_Rep1.MetricsCollector - INFO - metrics:177 - Metrics @ T=8.00: Cells=40, MaxR=9.17, Pheno={'G_SPECIALIST': 40, 'L_SPECIALIST': 0, 'SWITCHING_GL': 0}
2025-05-27 18:48:52,201 - sim.BetHedging0.5_W20_Rep1.MetricsCollector - INFO - metrics:177 - Metrics @ T=9.00: Cells=48, MaxR=9.17, Pheno={'G_SPECIALIST': 48, 'L_SPECIALIST': 0, 'SWITCHING_GL': 0}
2025-05-27 18:48:52,204 - sim.BetHedging0.5_W20_Rep1 - INFO - simulation_engine:218 - Progress: T=10.00, Cells=59
2025-05-27 18:48:52,206 - sim.BetHedging0.5_W20_Rep1.MetricsCollector - INFO - metrics:177 - Metrics @ T=10.00: Cells=60, MaxR=9.64, Pheno={'G_SPECIALIST': 60, 'L_SPECIALIST': 0, 'SWITCHING_GL': 0}
2025-05-27 18:48:52,210 - sim.BetHedging0.5_W20_Rep1.MetricsCollector - INFO - metrics:177 - Metrics @ T=11.00: Cells=70, MaxR=10.54, Pheno={'G_SPECIALIST': 70, 'L_SPECIALIST': 0, 'SWITCHING_GL': 0}
2025-05-27 18:48:52,216 - sim.BetHedging0.5_W20_Rep1.MetricsCollector - INFO - metrics:177 - Metrics @ T=12.00: Cells=75, MaxR=11.36, Pheno={'G_SPECIALIST': 75, 'L_SPECIALIST': 0, 'SWITCHING_GL': 0}
2025-05-27 18:48:52,222 - sim.BetHedging0.5_W20_Rep1.MetricsCollector - INFO - metrics:177 - Metrics @ T=13.00: Cells=92, MaxR=12.00, Pheno={'G_SPECIALIST': 92, 'L_SPECIALIST': 0, 'SWITCHING_GL': 0}
2025-05-27 18:48:52,230 - sim.BetHedging0.5_W20_Rep1.MetricsCollector - INFO - metrics:177 - Metrics @ T=14.00: Cells=104, MaxR=12.49, Pheno={'G_SPECIALIST': 104, 'L_SPECIALIST': 0, 'SWITCHING_GL': 0}
2025-05-27 18:48:52,238 - sim.BetHedging0.5_W20_Rep1.MetricsCollector - INFO - metrics:177 - Metrics @ T=15.00: Cells=115, MaxR=14.18, Pheno={'G_SPECIALIST': 115, 'L_SPECIALIST': 0, 'SWITCHING_GL': 0}
2025-05-27 18:48:52,246 - sim.BetHedging0.5_W20_Rep1.MetricsCollector - INFO - metrics:177 - Metrics @ T=16.00: Cells=131, MaxR=15.87, Pheno={'G_SPECIALIST': 131, 'L_SPECIALIST': 0, 'SWITCHING_GL': 0}
2025-05-27 18:48:52,256 - sim.BetHedging0.5_W20_Rep1.MetricsCollector - INFO - metrics:177 - Metrics @ T=17.00: Cells=146, MaxR=16.52, Pheno={'G_SPECIALIST': 146, 'L_SPECIALIST': 0, 'SWITCHING_GL': 0}
2025-05-27 18:48:52,269 - sim.BetHedging0.5_W20_Rep1.MetricsCollector - INFO - metrics:177 - Metrics @ T=18.00: Cells=165, MaxR=16.52, Pheno={'G_SPECIALIST': 165, 'L_SPECIALIST': 0, 'SWITCHING_GL': 0}
2025-05-27 18:48:52,280 - sim.BetHedging0.5_W20_Rep1.MetricsCollector - INFO - metrics:177 - Metrics @ T=19.00: Cells=179, MaxR=17.32, Pheno={'G_SPECIALIST': 179, 'L_SPECIALIST': 0, 'SWITCHING_GL': 0}
2025-05-27 18:48:52,291 - sim.BetHedging0.5_W20_Rep1 - INFO - simulation_engine:218 - Progress: T=20.00, Cells=192
2025-05-27 18:48:52,293 - sim.BetHedging0.5_W20_Rep1.MetricsCollector - INFO - metrics:177 - Metrics @ T=20.00: Cells=195, MaxR=17.58, Pheno={'G_SPECIALIST': 195, 'L_SPECIALIST': 0, 'SWITCHING_GL': 0}
2025-05-27 18:48:52,308 - sim.BetHedging0.5_W20_Rep1.MetricsCollector - INFO - metrics:177 - Metrics @ T=21.00: Cells=218, MaxR=19.29, Pheno={'G_SPECIALIST': 218, 'L_SPECIALIST': 0, 'SWITCHING_GL': 0}
2025-05-27 18:48:52,322 - sim.BetHedging0.5_W20_Rep1.MetricsCollector - INFO - metrics:177 - Metrics @ T=22.00: Cells=230, MaxR=19.97, Pheno={'G_SPECIALIST': 230, 'L_SPECIALIST': 0, 'SWITCHING_GL': 0}
2025-05-27 18:48:52,338 - sim.BetHedging0.5_W20_Rep1.MetricsCollector - INFO - metrics:177 - Metrics @ T=23.00: Cells=249, MaxR=21.00, Pheno={'G_SPECIALIST': 249, 'L_SPECIALIST': 0, 'SWITCHING_GL': 0}
2025-05-27 18:48:52,356 - sim.BetHedging0.5_W20_Rep1.MetricsCollector - INFO - metrics:177 - Metrics @ T=24.00: Cells=272, MaxR=21.00, Pheno={'G_SPECIALIST': 272, 'L_SPECIALIST': 0, 'SWITCHING_GL': 0}
2025-05-27 18:48:52,379 - sim.BetHedging0.5_W20_Rep1.MetricsCollector - INFO - metrics:177 - Metrics @ T=25.00: Cells=303, MaxR=21.70, Pheno={'G_SPECIALIST': 303, 'L_SPECIALIST': 0, 'SWITCHING_GL': 0}
2025-05-27 18:48:52,402 - sim.BetHedging0.5_W20_Rep1.MetricsCollector - INFO - metrics:177 - Metrics @ T=26.00: Cells=324, MaxR=22.72, Pheno={'G_SPECIALIST': 324, 'L_SPECIALIST': 0, 'SWITCHING_GL': 0}
2025-05-27 18:48:52,425 - sim.BetHedging0.5_W20_Rep1.MetricsCollector - INFO - metrics:177 - Metrics @ T=27.00: Cells=349, MaxR=23.43, Pheno={'G_SPECIALIST': 349, 'L_SPECIALIST': 0, 'SWITCHING_GL': 0}
2025-05-27 18:48:52,447 - sim.BetHedging0.5_W20_Rep1.MetricsCollector - INFO - metrics:177 - Metrics @ T=28.00: Cells=368, MaxR=24.25, Pheno={'G_SPECIALIST': 368, 'L_SPECIALIST': 0, 'SWITCHING_GL': 0}
2025-05-27 18:48:52,472 - sim.BetHedging0.5_W20_Rep1.MetricsCollector - INFO - metrics:177 - Metrics @ T=29.00: Cells=390, MaxR=24.25, Pheno={'G_SPECIALIST': 390, 'L_SPECIALIST': 0, 'SWITCHING_GL': 0}
2025-05-27 18:48:52,493 - sim.BetHedging0.5_W20_Rep1 - INFO - simulation_engine:218 - Progress: T=30.00, Cells=415
2025-05-27 18:48:52,497 - sim.BetHedging0.5_W20_Rep1.MetricsCollector - INFO - metrics:177 - Metrics @ T=30.00: Cells=416, MaxR=25.16, Pheno={'G_SPECIALIST': 416, 'L_SPECIALIST': 0, 'SWITCHING_GL': 0}
2025-05-27 18:48:52,525 - sim.BetHedging0.5_W20_Rep1.MetricsCollector - INFO - metrics:177 - Metrics @ T=31.00: Cells=446, MaxR=26.66, Pheno={'G_SPECIALIST': 446, 'L_SPECIALIST': 0, 'SWITCHING_GL': 0}
2025-05-27 18:48:52,553 - sim.BetHedging0.5_W20_Rep1.MetricsCollector - INFO - metrics:177 - Metrics @ T=32.00: Cells=475, MaxR=26.89, Pheno={'G_SPECIALIST': 475, 'L_SPECIALIST': 0, 'SWITCHING_GL': 0}
2025-05-27 18:48:52,585 - sim.BetHedging0.5_W20_Rep1.MetricsCollector - INFO - metrics:177 - Metrics @ T=33.00: Cells=512, MaxR=27.87, Pheno={'G_SPECIALIST': 512, 'L_SPECIALIST': 0, 'SWITCHING_GL': 0}
2025-05-27 18:48:52,620 - sim.BetHedging0.5_W20_Rep1.MetricsCollector - INFO - metrics:177 - Metrics @ T=34.00: Cells=548, MaxR=29.55, Pheno={'G_SPECIALIST': 548, 'L_SPECIALIST': 0, 'SWITCHING_GL': 0}
2025-05-27 18:48:52,656 - sim.BetHedging0.5_W20_Rep1.MetricsCollector - INFO - metrics:177 - Metrics @ T=35.00: Cells=588, MaxR=29.55, Pheno={'G_SPECIALIST': 588, 'L_SPECIALIST': 0, 'SWITCHING_GL': 0}
2025-05-27 18:48:52,694 - sim.BetHedging0.5_W20_Rep1.MetricsCollector - INFO - metrics:177 - Metrics @ T=36.00: Cells=626, MaxR=29.55, Pheno={'G_SPECIALIST': 626, 'L_SPECIALIST': 0, 'SWITCHING_GL': 0}
2025-05-27 18:48:52,738 - sim.BetHedging0.5_W20_Rep1.MetricsCollector - INFO - metrics:177 - Metrics @ T=37.00: Cells=675, MaxR=30.05, Pheno={'G_SPECIALIST': 675, 'L_SPECIALIST': 0, 'SWITCHING_GL': 0}
2025-05-27 18:48:52,783 - sim.BetHedging0.5_W20_Rep1.MetricsCollector - INFO - metrics:177 - Metrics @ T=38.00: Cells=711, MaxR=30.64, Pheno={'G_SPECIALIST': 711, 'L_SPECIALIST': 0, 'SWITCHING_GL': 0}
2025-05-27 18:48:52,830 - sim.BetHedging0.5_W20_Rep1.MetricsCollector - INFO - metrics:177 - Metrics @ T=39.00: Cells=747, MaxR=31.75, Pheno={'G_SPECIALIST': 747, 'L_SPECIALIST': 0, 'SWITCHING_GL': 0}
2025-05-27 18:48:52,871 - sim.BetHedging0.5_W20_Rep1 - INFO - simulation_engine:218 - Progress: T=40.00, Cells=796
2025-05-27 18:48:52,880 - sim.BetHedging0.5_W20_Rep1.MetricsCollector - INFO - metrics:177 - Metrics @ T=40.00: Cells=799, MaxR=31.75, Pheno={'G_SPECIALIST': 799, 'L_SPECIALIST': 0, 'SWITCHING_GL': 0}
2025-05-27 18:48:52,932 - sim.BetHedging0.5_W20_Rep1.MetricsCollector - INFO - metrics:177 - Metrics @ T=41.00: Cells=831, MaxR=31.75, Pheno={'G_SPECIALIST': 831, 'L_SPECIALIST': 0, 'SWITCHING_GL': 0}
2025-05-27 18:48:52,985 - sim.BetHedging0.5_W20_Rep1.MetricsCollector - INFO - metrics:177 - Metrics @ T=42.00: Cells=869, MaxR=34.12, Pheno={'G_SPECIALIST': 869, 'L_SPECIALIST': 0, 'SWITCHING_GL': 0}
2025-05-27 18:48:53,040 - sim.BetHedging0.5_W20_Rep1.MetricsCollector - INFO - metrics:177 - Metrics @ T=43.00: Cells=900, MaxR=34.12, Pheno={'G_SPECIALIST': 900, 'L_SPECIALIST': 0, 'SWITCHING_GL': 0}
2025-05-27 18:48:53,099 - sim.BetHedging0.5_W20_Rep1.MetricsCollector - INFO - metrics:177 - Metrics @ T=44.00: Cells=940, MaxR=35.03, Pheno={'G_SPECIALIST': 940, 'L_SPECIALIST': 0, 'SWITCHING_GL': 0}
2025-05-27 18:48:53,159 - sim.BetHedging0.5_W20_Rep1.MetricsCollector - INFO - metrics:177 - Metrics @ T=45.00: Cells=988, MaxR=35.03, Pheno={'G_SPECIALIST': 988, 'L_SPECIALIST': 0, 'SWITCHING_GL': 0}
2025-05-27 18:48:53,222 - sim.BetHedging0.5_W20_Rep1.MetricsCollector - INFO - metrics:177 - Metrics @ T=46.00: Cells=1036, MaxR=36.66, Pheno={'G_SPECIALIST': 1036, 'L_SPECIALIST': 0, 'SWITCHING_GL': 0}
2025-05-27 18:48:53,289 - sim.BetHedging0.5_W20_Rep1.MetricsCollector - INFO - metrics:177 - Metrics @ T=47.00: Cells=1088, MaxR=36.66, Pheno={'G_SPECIALIST': 1088, 'L_SPECIALIST': 0, 'SWITCHING_GL': 0}
2025-05-27 18:48:53,362 - sim.BetHedging0.5_W20_Rep1.MetricsCollector - INFO - metrics:177 - Metrics @ T=48.00: Cells=1130, MaxR=37.99, Pheno={'G_SPECIALIST': 1130, 'L_SPECIALIST': 0, 'SWITCHING_GL': 0}
2025-05-27 18:48:53,438 - sim.BetHedging0.5_W20_Rep1.MetricsCollector - INFO - metrics:177 - Metrics @ T=49.00: Cells=1183, MaxR=38.69, Pheno={'G_SPECIALIST': 1183, 'L_SPECIALIST': 0, 'SWITCHING_GL': 0}
2025-05-27 18:48:53,502 - sim.BetHedging0.5_W20_Rep1 - INFO - simulation_engine:218 - Progress: T=50.00, Cells=1227
2025-05-27 18:48:53,515 - sim.BetHedging0.5_W20_Rep1.MetricsCollector - INFO - metrics:177 - Metrics @ T=50.00: Cells=1228, MaxR=39.34, Pheno={'G_SPECIALIST': 1228, 'L_SPECIALIST': 0, 'SWITCHING_GL': 0}
2025-05-27 18:48:53,595 - sim.BetHedging0.5_W20_Rep1.MetricsCollector - INFO - metrics:177 - Metrics @ T=51.00: Cells=1278, MaxR=41.39, Pheno={'G_SPECIALIST': 1277, 'SWITCHING_GL': 1, 'L_SPECIALIST': 0}
2025-05-27 18:48:53,680 - sim.BetHedging0.5_W20_Rep1.MetricsCollector - INFO - metrics:177 - Metrics @ T=52.00: Cells=1337, MaxR=41.39, Pheno={'G_SPECIALIST': 1334, 'SWITCHING_GL': 3, 'L_SPECIALIST': 0}
2025-05-27 18:48:53,767 - sim.BetHedging0.5_W20_Rep1.MetricsCollector - INFO - metrics:177 - Metrics @ T=53.00: Cells=1385, MaxR=41.39, Pheno={'G_SPECIALIST': 1382, 'SWITCHING_GL': 3, 'L_SPECIALIST': 0}
2025-05-27 18:48:53,858 - sim.BetHedging0.5_W20_Rep1.MetricsCollector - INFO - metrics:177 - Metrics @ T=54.00: Cells=1440, MaxR=41.39, Pheno={'G_SPECIALIST': 1435, 'SWITCHING_GL': 5, 'L_SPECIALIST': 0}
2025-05-27 18:48:53,952 - sim.BetHedging0.5_W20_Rep1.MetricsCollector - INFO - metrics:177 - Metrics @ T=55.00: Cells=1500, MaxR=41.39, Pheno={'G_SPECIALIST': 1493, 'SWITCHING_GL': 7, 'L_SPECIALIST': 0}
2025-05-27 18:48:54,050 - sim.BetHedging0.5_W20_Rep1.MetricsCollector - INFO - metrics:177 - Metrics @ T=56.00: Cells=1549, MaxR=41.39, Pheno={'G_SPECIALIST': 1539, 'L_SPECIALIST': 1, 'SWITCHING_GL': 9}
2025-05-27 18:48:54,151 - sim.BetHedging0.5_W20_Rep1.MetricsCollector - INFO - metrics:177 - Metrics @ T=57.00: Cells=1593, MaxR=41.61, Pheno={'G_SPECIALIST': 1580, 'L_SPECIALIST': 2, 'SWITCHING_GL': 11}
2025-05-27 18:48:54,258 - sim.BetHedging0.5_W20_Rep1.MetricsCollector - INFO - metrics:177 - Metrics @ T=58.00: Cells=1650, MaxR=41.61, Pheno={'G_SPECIALIST': 1631, 'L_SPECIALIST': 2, 'SWITCHING_GL': 17}
2025-05-27 18:48:54,366 - sim.BetHedging0.5_W20_Rep1.MetricsCollector - INFO - metrics:177 - Metrics @ T=59.00: Cells=1696, MaxR=41.61, Pheno={'G_SPECIALIST': 1672, 'L_SPECIALIST': 2, 'SWITCHING_GL': 22}
2025-05-27 18:48:54,454 - sim.BetHedging0.5_W20_Rep1 - INFO - simulation_engine:218 - Progress: T=60.00, Cells=1727
2025-05-27 18:48:54,473 - sim.BetHedging0.5_W20_Rep1.MetricsCollector - INFO - metrics:177 - Metrics @ T=60.00: Cells=1730, MaxR=41.68, Pheno={'G_SPECIALIST': 1702, 'L_SPECIALIST': 3, 'SWITCHING_GL': 25}
2025-05-27 18:48:54,583 - sim.BetHedging0.5_W20_Rep1.MetricsCollector - INFO - metrics:177 - Metrics @ T=61.00: Cells=1765, MaxR=41.68, Pheno={'G_SPECIALIST': 1732, 'L_SPECIALIST': 3, 'SWITCHING_GL': 30}
2025-05-27 18:48:54,697 - sim.BetHedging0.5_W20_Rep1.MetricsCollector - INFO - metrics:177 - Metrics @ T=62.00: Cells=1812, MaxR=41.68, Pheno={'G_SPECIALIST': 1772, 'L_SPECIALIST': 6, 'SWITCHING_GL': 34}
2025-05-27 18:48:54,813 - sim.BetHedging0.5_W20_Rep1.MetricsCollector - INFO - metrics:177 - Metrics @ T=63.00: Cells=1849, MaxR=42.00, Pheno={'G_SPECIALIST': 1797, 'L_SPECIALIST': 9, 'SWITCHING_GL': 43}
2025-05-27 18:48:54,932 - sim.BetHedging0.5_W20_Rep1.MetricsCollector - INFO - metrics:177 - Metrics @ T=64.00: Cells=1875, MaxR=42.00, Pheno={'G_SPECIALIST': 1817, 'L_SPECIALIST': 13, 'SWITCHING_GL': 45}
2025-05-27 18:48:55,057 - sim.BetHedging0.5_W20_Rep1.MetricsCollector - INFO - metrics:177 - Metrics @ T=65.00: Cells=1918, MaxR=42.14, Pheno={'G_SPECIALIST': 1845, 'L_SPECIALIST': 14, 'SWITCHING_GL': 59}
2025-05-27 18:48:55,182 - sim.BetHedging0.5_W20_Rep1.MetricsCollector - INFO - metrics:177 - Metrics @ T=66.00: Cells=1947, MaxR=42.53, Pheno={'G_SPECIALIST': 1864, 'L_SPECIALIST': 19, 'SWITCHING_GL': 64}
2025-05-27 18:48:55,308 - sim.BetHedging0.5_W20_Rep1.MetricsCollector - INFO - metrics:177 - Metrics @ T=67.00: Cells=1975, MaxR=43.71, Pheno={'G_SPECIALIST': 1880, 'L_SPECIALIST': 25, 'SWITCHING_GL': 70}
2025-05-27 18:48:55,431 - sim.BetHedging0.5_W20_Rep1.MetricsCollector - INFO - metrics:177 - Metrics @ T=68.00: Cells=2004, MaxR=43.71, Pheno={'G_SPECIALIST': 1895, 'L_SPECIALIST': 35, 'SWITCHING_GL': 74}
2025-05-27 18:48:55,558 - sim.BetHedging0.5_W20_Rep1.MetricsCollector - INFO - metrics:177 - Metrics @ T=69.00: Cells=2033, MaxR=43.71, Pheno={'G_SPECIALIST': 1912, 'L_SPECIALIST': 38, 'SWITCHING_GL': 83}
2025-05-27 18:48:55,662 - sim.BetHedging0.5_W20_Rep1 - INFO - simulation_engine:218 - Progress: T=70.00, Cells=2049
2025-05-27 18:48:55,684 - sim.BetHedging0.5_W20_Rep1.MetricsCollector - INFO - metrics:177 - Metrics @ T=70.00: Cells=2051, MaxR=44.93, Pheno={'G_SPECIALIST': 1920, 'L_SPECIALIST': 51, 'SWITCHING_GL': 80}
2025-05-27 18:48:55,812 - sim.BetHedging0.5_W20_Rep1.MetricsCollector - INFO - metrics:177 - Metrics @ T=71.00: Cells=2067, MaxR=44.93, Pheno={'G_SPECIALIST': 1927, 'L_SPECIALIST': 60, 'SWITCHING_GL': 80}
2025-05-27 18:48:55,939 - sim.BetHedging0.5_W20_Rep1.MetricsCollector - INFO - metrics:177 - Metrics @ T=72.00: Cells=2081, MaxR=46.60, Pheno={'G_SPECIALIST': 1931, 'L_SPECIALIST': 70, 'SWITCHING_GL': 80}
2025-05-27 18:48:56,068 - sim.BetHedging0.5_W20_Rep1.MetricsCollector - INFO - metrics:177 - Metrics @ T=73.00: Cells=2090, MaxR=47.09, Pheno={'G_SPECIALIST': 1933, 'L_SPECIALIST': 79, 'SWITCHING_GL': 78}
2025-05-27 18:48:56,198 - sim.BetHedging0.5_W20_Rep1.MetricsCollector - INFO - metrics:177 - Metrics @ T=74.00: Cells=2107, MaxR=47.09, Pheno={'G_SPECIALIST': 1938, 'L_SPECIALIST': 93, 'SWITCHING_GL': 76}
2025-05-27 18:48:56,326 - sim.BetHedging0.5_W20_Rep1.MetricsCollector - INFO - metrics:177 - Metrics @ T=75.00: Cells=2116, MaxR=47.09, Pheno={'G_SPECIALIST': 1940, 'L_SPECIALIST': 106, 'SWITCHING_GL': 70}
2025-05-27 18:48:56,460 - sim.BetHedging0.5_W20_Rep1.MetricsCollector - INFO - metrics:177 - Metrics @ T=76.00: Cells=2132, MaxR=47.62, Pheno={'G_SPECIALIST': 1942, 'L_SPECIALIST': 115, 'SWITCHING_GL': 75}
2025-05-27 18:48:56,594 - sim.BetHedging0.5_W20_Rep1.MetricsCollector - INFO - metrics:177 - Metrics @ T=77.00: Cells=2147, MaxR=47.62, Pheno={'G_SPECIALIST': 1945, 'L_SPECIALIST': 128, 'SWITCHING_GL': 74}
2025-05-27 18:48:56,727 - sim.BetHedging0.5_W20_Rep1.MetricsCollector - INFO - metrics:177 - Metrics @ T=78.00: Cells=2158, MaxR=47.62, Pheno={'G_SPECIALIST': 1945, 'L_SPECIALIST': 139, 'SWITCHING_GL': 74}
2025-05-27 18:48:56,862 - sim.BetHedging0.5_W20_Rep1.MetricsCollector - INFO - metrics:177 - Metrics @ T=79.00: Cells=2175, MaxR=47.62, Pheno={'G_SPECIALIST': 1945, 'L_SPECIALIST': 160, 'SWITCHING_GL': 70}
2025-05-27 18:48:56,981 - sim.BetHedging0.5_W20_Rep1 - INFO - simulation_engine:218 - Progress: T=80.00, Cells=2186
2025-05-27 18:48:57,004 - sim.BetHedging0.5_W20_Rep1.MetricsCollector - INFO - metrics:177 - Metrics @ T=80.00: Cells=2189, MaxR=47.62, Pheno={'G_SPECIALIST': 1945, 'L_SPECIALIST': 173, 'SWITCHING_GL': 71}
2025-05-27 18:48:57,148 - sim.BetHedging0.5_W20_Rep1.MetricsCollector - INFO - metrics:177 - Metrics @ T=81.00: Cells=2206, MaxR=48.22, Pheno={'G_SPECIALIST': 1945, 'L_SPECIALIST': 198, 'SWITCHING_GL': 63}
2025-05-27 18:48:57,290 - sim.BetHedging0.5_W20_Rep1.MetricsCollector - INFO - metrics:177 - Metrics @ T=82.00: Cells=2221, MaxR=48.22, Pheno={'G_SPECIALIST': 1945, 'L_SPECIALIST': 217, 'SWITCHING_GL': 59}
2025-05-27 18:48:57,443 - sim.BetHedging0.5_W20_Rep1.MetricsCollector - INFO - metrics:177 - Metrics @ T=83.00: Cells=2239, MaxR=48.22, Pheno={'G_SPECIALIST': 1945, 'L_SPECIALIST': 238, 'SWITCHING_GL': 56}
2025-05-27 18:48:57,588 - sim.BetHedging0.5_W20_Rep1.MetricsCollector - INFO - metrics:177 - Metrics @ T=84.00: Cells=2256, MaxR=48.22, Pheno={'G_SPECIALIST': 1945, 'L_SPECIALIST': 257, 'SWITCHING_GL': 54}
2025-05-27 18:48:57,728 - sim.BetHedging0.5_W20_Rep1.MetricsCollector - INFO - metrics:177 - Metrics @ T=85.00: Cells=2282, MaxR=48.22, Pheno={'G_SPECIALIST': 1945, 'L_SPECIALIST': 289, 'SWITCHING_GL': 48}
2025-05-27 18:48:57,873 - sim.BetHedging0.5_W20_Rep1.MetricsCollector - INFO - metrics:177 - Metrics @ T=86.00: Cells=2299, MaxR=48.28, Pheno={'G_SPECIALIST': 1945, 'L_SPECIALIST': 312, 'SWITCHING_GL': 42}
2025-05-27 18:48:58,019 - sim.BetHedging0.5_W20_Rep1.MetricsCollector - INFO - metrics:177 - Metrics @ T=87.00: Cells=2323, MaxR=48.28, Pheno={'G_SPECIALIST': 1945, 'L_SPECIALIST': 339, 'SWITCHING_GL': 39}
2025-05-27 18:48:58,168 - sim.BetHedging0.5_W20_Rep1.MetricsCollector - INFO - metrics:177 - Metrics @ T=88.00: Cells=2348, MaxR=49.33, Pheno={'G_SPECIALIST': 1945, 'L_SPECIALIST': 371, 'SWITCHING_GL': 32}
2025-05-27 18:48:58,317 - sim.BetHedging0.5_W20_Rep1.MetricsCollector - INFO - metrics:177 - Metrics @ T=89.00: Cells=2359, MaxR=49.33, Pheno={'G_SPECIALIST': 1945, 'L_SPECIALIST': 389, 'SWITCHING_GL': 25}
2025-05-27 18:48:58,441 - sim.BetHedging0.5_W20_Rep1 - INFO - simulation_engine:218 - Progress: T=90.00, Cells=2388
2025-05-27 18:48:58,466 - sim.BetHedging0.5_W20_Rep1.MetricsCollector - INFO - metrics:177 - Metrics @ T=90.00: Cells=2389, MaxR=49.33, Pheno={'G_SPECIALIST': 1945, 'L_SPECIALIST': 421, 'SWITCHING_GL': 23}
2025-05-27 18:48:58,622 - sim.BetHedging0.5_W20_Rep1.MetricsCollector - INFO - metrics:177 - Metrics @ T=91.00: Cells=2408, MaxR=49.33, Pheno={'G_SPECIALIST': 1945, 'L_SPECIALIST': 442, 'SWITCHING_GL': 21}
2025-05-27 18:48:58,776 - sim.BetHedging0.5_W20_Rep1.MetricsCollector - INFO - metrics:177 - Metrics @ T=92.00: Cells=2440, MaxR=49.93, Pheno={'G_SPECIALIST': 1945, 'L_SPECIALIST': 476, 'SWITCHING_GL': 19}
2025-05-27 18:48:58,929 - sim.BetHedging0.5_W20_Rep1.MetricsCollector - INFO - metrics:177 - Metrics @ T=93.00: Cells=2463, MaxR=51.03, Pheno={'G_SPECIALIST': 1945, 'L_SPECIALIST': 502, 'SWITCHING_GL': 16}
2025-05-27 18:48:59,117 - sim.BetHedging0.5_W20_Rep1.MetricsCollector - INFO - metrics:177 - Metrics @ T=94.00: Cells=2492, MaxR=51.03, Pheno={'G_SPECIALIST': 1945, 'L_SPECIALIST': 532, 'SWITCHING_GL': 15}
2025-05-27 18:48:59,280 - sim.BetHedging0.5_W20_Rep1.MetricsCollector - INFO - metrics:177 - Metrics @ T=95.00: Cells=2517, MaxR=52.16, Pheno={'G_SPECIALIST': 1945, 'L_SPECIALIST': 561, 'SWITCHING_GL': 11}
2025-05-27 18:48:59,447 - sim.BetHedging0.5_W20_Rep1.MetricsCollector - INFO - metrics:177 - Metrics @ T=96.00: Cells=2546, MaxR=52.16, Pheno={'G_SPECIALIST': 1945, 'L_SPECIALIST': 590, 'SWITCHING_GL': 11}
2025-05-27 18:48:59,620 - sim.BetHedging0.5_W20_Rep1.MetricsCollector - INFO - metrics:177 - Metrics @ T=97.00: Cells=2573, MaxR=52.16, Pheno={'G_SPECIALIST': 1945, 'L_SPECIALIST': 620, 'SWITCHING_GL': 8}
2025-05-27 18:48:59,788 - sim.BetHedging0.5_W20_Rep1.MetricsCollector - INFO - metrics:177 - Metrics @ T=98.00: Cells=2596, MaxR=52.16, Pheno={'G_SPECIALIST': 1945, 'L_SPECIALIST': 644, 'SWITCHING_GL': 7}
2025-05-27 18:48:59,960 - sim.BetHedging0.5_W20_Rep1.MetricsCollector - INFO - metrics:177 - Metrics @ T=99.00: Cells=2619, MaxR=53.02, Pheno={'G_SPECIALIST': 1945, 'L_SPECIALIST': 668, 'SWITCHING_GL': 6}
2025-05-27 18:49:00,113 - sim.BetHedging0.5_W20_Rep1 - INFO - simulation_engine:218 - Progress: T=100.00, Cells=2642
2025-05-27 18:49:00,143 - sim.BetHedging0.5_W20_Rep1.MetricsCollector - INFO - metrics:177 - Metrics @ T=100.00: Cells=2643, MaxR=53.02, Pheno={'G_SPECIALIST': 1945, 'L_SPECIALIST': 693, 'SWITCHING_GL': 5}
2025-05-27 18:49:00,317 - sim.BetHedging0.5_W20_Rep1.MetricsCollector - INFO - metrics:177 - Metrics @ T=101.00: Cells=2677, MaxR=53.02, Pheno={'G_SPECIALIST': 1945, 'L_SPECIALIST': 729, 'SWITCHING_GL': 3}
2025-05-27 18:49:00,491 - sim.BetHedging0.5_W20_Rep1.MetricsCollector - INFO - metrics:177 - Metrics @ T=102.00: Cells=2710, MaxR=54.74, Pheno={'G_SPECIALIST': 1945, 'L_SPECIALIST': 763, 'SWITCHING_GL': 2}
2025-05-27 18:49:00,669 - sim.BetHedging0.5_W20_Rep1.MetricsCollector - INFO - metrics:177 - Metrics @ T=103.00: Cells=2744, MaxR=54.74, Pheno={'G_SPECIALIST': 1945, 'L_SPECIALIST': 797, 'SWITCHING_GL': 2}
2025-05-27 18:49:00,851 - sim.BetHedging0.5_W20_Rep1.MetricsCollector - INFO - metrics:177 - Metrics @ T=104.00: Cells=2769, MaxR=56.47, Pheno={'G_SPECIALIST': 1945, 'L_SPECIALIST': 823, 'SWITCHING_GL': 1}
2025-05-27 18:49:01,051 - sim.BetHedging0.5_W20_Rep1.MetricsCollector - INFO - metrics:177 - Metrics @ T=105.00: Cells=2801, MaxR=56.47, Pheno={'G_SPECIALIST': 1945, 'L_SPECIALIST': 856, 'SWITCHING_GL': 0}
2025-05-27 18:49:01,244 - sim.BetHedging0.5_W20_Rep1.MetricsCollector - INFO - metrics:177 - Metrics @ T=106.00: Cells=2834, MaxR=56.47, Pheno={'G_SPECIALIST': 1945, 'L_SPECIALIST': 889, 'SWITCHING_GL': 0}
2025-05-27 18:49:01,426 - sim.BetHedging0.5_W20_Rep1.MetricsCollector - INFO - metrics:177 - Metrics @ T=107.00: Cells=2864, MaxR=56.47, Pheno={'G_SPECIALIST': 1945, 'L_SPECIALIST': 919, 'SWITCHING_GL': 0}
2025-05-27 18:49:01,613 - sim.BetHedging0.5_W20_Rep1.MetricsCollector - INFO - metrics:177 - Metrics @ T=108.00: Cells=2887, MaxR=58.20, Pheno={'G_SPECIALIST': 1945, 'L_SPECIALIST': 942, 'SWITCHING_GL': 0}
2025-05-27 18:49:01,796 - sim.BetHedging0.5_W20_Rep1.MetricsCollector - INFO - metrics:177 - Metrics @ T=109.00: Cells=2915, MaxR=58.20, Pheno={'G_SPECIALIST': 1945, 'L_SPECIALIST': 970, 'SWITCHING_GL': 0}
2025-05-27 18:49:01,957 - sim.BetHedging0.5_W20_Rep1 - INFO - simulation_engine:218 - Progress: T=110.00, Cells=2945
2025-05-27 18:49:01,988 - sim.BetHedging0.5_W20_Rep1.MetricsCollector - INFO - metrics:177 - Metrics @ T=110.00: Cells=2946, MaxR=58.20, Pheno={'G_SPECIALIST': 1945, 'L_SPECIALIST': 1001, 'SWITCHING_GL': 0}
2025-05-27 18:49:02,179 - sim.BetHedging0.5_W20_Rep1.MetricsCollector - INFO - metrics:177 - Metrics @ T=111.00: Cells=2984, MaxR=58.20, Pheno={'G_SPECIALIST': 1945, 'L_SPECIALIST': 1039, 'SWITCHING_GL': 0}
2025-05-27 18:49:02,386 - sim.BetHedging0.5_W20_Rep1.MetricsCollector - INFO - metrics:177 - Metrics @ T=112.00: Cells=3013, MaxR=58.20, Pheno={'G_SPECIALIST': 1945, 'L_SPECIALIST': 1068, 'SWITCHING_GL': 0}
2025-05-27 18:49:02,596 - sim.BetHedging0.5_W20_Rep1.MetricsCollector - INFO - metrics:177 - Metrics @ T=113.00: Cells=3042, MaxR=58.20, Pheno={'G_SPECIALIST': 1945, 'L_SPECIALIST': 1097, 'SWITCHING_GL': 0}
2025-05-27 18:49:02,796 - sim.BetHedging0.5_W20_Rep1.MetricsCollector - INFO - metrics:177 - Metrics @ T=114.00: Cells=3073, MaxR=59.92, Pheno={'G_SPECIALIST': 1945, 'L_SPECIALIST': 1128, 'SWITCHING_GL': 0}
2025-05-27 18:49:02,999 - sim.BetHedging0.5_W20_Rep1.MetricsCollector - INFO - metrics:177 - Metrics @ T=115.00: Cells=3104, MaxR=59.92, Pheno={'G_SPECIALIST': 1945, 'L_SPECIALIST': 1159, 'SWITCHING_GL': 0}
2025-05-27 18:49:03,225 - sim.BetHedging0.5_W20_Rep1.MetricsCollector - INFO - metrics:177 - Metrics @ T=116.00: Cells=3130, MaxR=59.92, Pheno={'G_SPECIALIST': 1945, 'L_SPECIALIST': 1185, 'SWITCHING_GL': 0}
2025-05-27 18:49:03,431 - sim.BetHedging0.5_W20_Rep1.MetricsCollector - INFO - metrics:177 - Metrics @ T=117.00: Cells=3162, MaxR=59.92, Pheno={'G_SPECIALIST': 1945, 'L_SPECIALIST': 1217, 'SWITCHING_GL': 0}
2025-05-27 18:49:03,665 - sim.BetHedging0.5_W20_Rep1.MetricsCollector - INFO - metrics:177 - Metrics @ T=118.00: Cells=3190, MaxR=59.92, Pheno={'G_SPECIALIST': 1945, 'L_SPECIALIST': 1245, 'SWITCHING_GL': 0}
2025-05-27 18:49:03,880 - sim.BetHedging0.5_W20_Rep1.MetricsCollector - INFO - metrics:177 - Metrics @ T=119.00: Cells=3221, MaxR=59.92, Pheno={'G_SPECIALIST': 1945, 'L_SPECIALIST': 1276, 'SWITCHING_GL': 0}
2025-05-27 18:49:04,068 - sim.BetHedging0.5_W20_Rep1 - INFO - simulation_engine:218 - Progress: T=120.00, Cells=3247
2025-05-27 18:49:04,104 - sim.BetHedging0.5_W20_Rep1.MetricsCollector - INFO - metrics:177 - Metrics @ T=120.00: Cells=3250, MaxR=59.92, Pheno={'G_SPECIALIST': 1945, 'L_SPECIALIST': 1305, 'SWITCHING_GL': 0}
2025-05-27 18:49:04,319 - sim.BetHedging0.5_W20_Rep1.MetricsCollector - INFO - metrics:177 - Metrics @ T=121.00: Cells=3281, MaxR=60.22, Pheno={'G_SPECIALIST': 1945, 'L_SPECIALIST': 1336, 'SWITCHING_GL': 0}
2025-05-27 18:49:04,535 - sim.BetHedging0.5_W20_Rep1.MetricsCollector - INFO - metrics:177 - Metrics @ T=122.00: Cells=3315, MaxR=60.22, Pheno={'G_SPECIALIST': 1945, 'L_SPECIALIST': 1370, 'SWITCHING_GL': 0}
2025-05-27 18:49:04,749 - sim.BetHedging0.5_W20_Rep1.MetricsCollector - INFO - metrics:177 - Metrics @ T=123.00: Cells=3357, MaxR=60.67, Pheno={'G_SPECIALIST': 1945, 'L_SPECIALIST': 1412, 'SWITCHING_GL': 0}
2025-05-27 18:49:05,018 - sim.BetHedging0.5_W20_Rep1.MetricsCollector - INFO - metrics:177 - Metrics @ T=124.00: Cells=3385, MaxR=60.67, Pheno={'G_SPECIALIST': 1945, 'L_SPECIALIST': 1440, 'SWITCHING_GL': 0}
2025-05-27 18:49:05,334 - sim.BetHedging0.5_W20_Rep1.MetricsCollector - INFO - metrics:177 - Metrics @ T=125.00: Cells=3416, MaxR=60.67, Pheno={'G_SPECIALIST': 1945, 'L_SPECIALIST': 1471, 'SWITCHING_GL': 0}
2025-05-27 18:49:05,572 - sim.BetHedging0.5_W20_Rep1.MetricsCollector - INFO - metrics:177 - Metrics @ T=126.00: Cells=3444, MaxR=60.70, Pheno={'G_SPECIALIST': 1945, 'L_SPECIALIST': 1499, 'SWITCHING_GL': 0}
2025-05-27 18:49:05,811 - sim.BetHedging0.5_W20_Rep1.MetricsCollector - INFO - metrics:177 - Metrics @ T=127.00: Cells=3484, MaxR=60.70, Pheno={'G_SPECIALIST': 1945, 'L_SPECIALIST': 1539, 'SWITCHING_GL': 0}
2025-05-27 18:49:06,093 - sim.BetHedging0.5_W20_Rep1.MetricsCollector - INFO - metrics:177 - Metrics @ T=128.00: Cells=3515, MaxR=60.70, Pheno={'G_SPECIALIST': 1945, 'L_SPECIALIST': 1570, 'SWITCHING_GL': 0}
2025-05-27 18:49:06,322 - sim.BetHedging0.5_W20_Rep1.MetricsCollector - INFO - metrics:177 - Metrics @ T=129.00: Cells=3553, MaxR=61.80, Pheno={'G_SPECIALIST': 1945, 'L_SPECIALIST': 1608, 'SWITCHING_GL': 0}
2025-05-27 18:49:06,523 - sim.BetHedging0.5_W20_Rep1 - INFO - simulation_engine:218 - Progress: T=130.00, Cells=3584
2025-05-27 18:49:06,561 - sim.BetHedging0.5_W20_Rep1.MetricsCollector - INFO - metrics:177 - Metrics @ T=130.00: Cells=3593, MaxR=61.94, Pheno={'G_SPECIALIST': 1945, 'L_SPECIALIST': 1648, 'SWITCHING_GL': 0}
2025-05-27 18:49:06,800 - sim.BetHedging0.5_W20_Rep1.MetricsCollector - INFO - metrics:177 - Metrics @ T=131.00: Cells=3636, MaxR=62.35, Pheno={'G_SPECIALIST': 1945, 'L_SPECIALIST': 1691, 'SWITCHING_GL': 0}
2025-05-27 18:49:07,047 - sim.BetHedging0.5_W20_Rep1.MetricsCollector - INFO - metrics:177 - Metrics @ T=132.00: Cells=3673, MaxR=62.64, Pheno={'G_SPECIALIST': 1945, 'L_SPECIALIST': 1728, 'SWITCHING_GL': 0}
2025-05-27 18:49:07,317 - sim.BetHedging0.5_W20_Rep1.MetricsCollector - INFO - metrics:177 - Metrics @ T=133.00: Cells=3699, MaxR=62.64, Pheno={'G_SPECIALIST': 1945, 'L_SPECIALIST': 1754, 'SWITCHING_GL': 0}
2025-05-27 18:49:07,564 - sim.BetHedging0.5_W20_Rep1.MetricsCollector - INFO - metrics:177 - Metrics @ T=134.00: Cells=3722, MaxR=62.64, Pheno={'G_SPECIALIST': 1945, 'L_SPECIALIST': 1777, 'SWITCHING_GL': 0}
2025-05-27 18:49:07,802 - sim.BetHedging0.5_W20_Rep1.MetricsCollector - INFO - metrics:177 - Metrics @ T=135.00: Cells=3754, MaxR=64.16, Pheno={'G_SPECIALIST': 1945, 'L_SPECIALIST': 1809, 'SWITCHING_GL': 0}
2025-05-27 18:49:08,048 - sim.BetHedging0.5_W20_Rep1.MetricsCollector - INFO - metrics:177 - Metrics @ T=136.00: Cells=3782, MaxR=64.97, Pheno={'G_SPECIALIST': 1945, 'L_SPECIALIST': 1837, 'SWITCHING_GL': 0}
2025-05-27 18:49:08,295 - sim.BetHedging0.5_W20_Rep1.MetricsCollector - INFO - metrics:177 - Metrics @ T=137.00: Cells=3817, MaxR=65.89, Pheno={'G_SPECIALIST': 1945, 'L_SPECIALIST': 1872, 'SWITCHING_GL': 0}
2025-05-27 18:49:08,551 - sim.BetHedging0.5_W20_Rep1.MetricsCollector - INFO - metrics:177 - Metrics @ T=138.00: Cells=3865, MaxR=65.89, Pheno={'G_SPECIALIST': 1945, 'L_SPECIALIST': 1920, 'SWITCHING_GL': 0}
2025-05-27 18:49:08,801 - sim.BetHedging0.5_W20_Rep1.MetricsCollector - INFO - metrics:177 - Metrics @ T=139.00: Cells=3894, MaxR=65.89, Pheno={'G_SPECIALIST': 1945, 'L_SPECIALIST': 1949, 'SWITCHING_GL': 0}
2025-05-27 18:49:09,015 - sim.BetHedging0.5_W20_Rep1 - INFO - simulation_engine:218 - Progress: T=140.00, Cells=3927
2025-05-27 18:49:09,056 - sim.BetHedging0.5_W20_Rep1.MetricsCollector - INFO - metrics:177 - Metrics @ T=140.00: Cells=3927, MaxR=66.84, Pheno={'G_SPECIALIST': 1945, 'L_SPECIALIST': 1982, 'SWITCHING_GL': 0}
2025-05-27 18:49:09,315 - sim.BetHedging0.5_W20_Rep1.MetricsCollector - INFO - metrics:177 - Metrics @ T=141.00: Cells=3955, MaxR=66.84, Pheno={'G_SPECIALIST': 1945, 'L_SPECIALIST': 2010, 'SWITCHING_GL': 0}
2025-05-27 18:49:09,581 - sim.BetHedging0.5_W20_Rep1.MetricsCollector - INFO - metrics:177 - Metrics @ T=142.00: Cells=3990, MaxR=66.84, Pheno={'G_SPECIALIST': 1945, 'L_SPECIALIST': 2045, 'SWITCHING_GL': 0}
2025-05-27 18:49:09,848 - sim.BetHedging0.5_W20_Rep1.MetricsCollector - INFO - metrics:177 - Metrics @ T=143.00: Cells=4023, MaxR=66.84, Pheno={'G_SPECIALIST': 1945, 'L_SPECIALIST': 2078, 'SWITCHING_GL': 0}
2025-05-27 18:49:10,123 - sim.BetHedging0.5_W20_Rep1.MetricsCollector - INFO - metrics:177 - Metrics @ T=144.00: Cells=4061, MaxR=67.62, Pheno={'G_SPECIALIST': 1945, 'L_SPECIALIST': 2116, 'SWITCHING_GL': 0}
2025-05-27 18:49:10,394 - sim.BetHedging0.5_W20_Rep1.MetricsCollector - INFO - metrics:177 - Metrics @ T=145.00: Cells=4091, MaxR=67.62, Pheno={'G_SPECIALIST': 1945, 'L_SPECIALIST': 2146, 'SWITCHING_GL': 0}
2025-05-27 18:49:10,662 - sim.BetHedging0.5_W20_Rep1.MetricsCollector - INFO - metrics:177 - Metrics @ T=146.00: Cells=4123, MaxR=67.62, Pheno={'G_SPECIALIST': 1945, 'L_SPECIALIST': 2178, 'SWITCHING_GL': 0}
2025-05-27 18:49:10,930 - sim.BetHedging0.5_W20_Rep1.MetricsCollector - INFO - metrics:177 - Metrics @ T=147.00: Cells=4165, MaxR=68.04, Pheno={'G_SPECIALIST': 1945, 'L_SPECIALIST': 2220, 'SWITCHING_GL': 0}
2025-05-27 18:49:11,206 - sim.BetHedging0.5_W20_Rep1.MetricsCollector - INFO - metrics:177 - Metrics @ T=148.00: Cells=4199, MaxR=68.56, Pheno={'G_SPECIALIST': 1945, 'L_SPECIALIST': 2254, 'SWITCHING_GL': 0}
2025-05-27 18:49:11,494 - sim.BetHedging0.5_W20_Rep1.MetricsCollector - INFO - metrics:177 - Metrics @ T=149.00: Cells=4231, MaxR=69.54, Pheno={'G_SPECIALIST': 1945, 'L_SPECIALIST': 2286, 'SWITCHING_GL': 0}
2025-05-27 18:49:11,728 - sim.BetHedging0.5_W20_Rep1 - INFO - simulation_engine:218 - Progress: T=150.00, Cells=4265
2025-05-27 18:49:11,773 - sim.BetHedging0.5_W20_Rep1.MetricsCollector - INFO - metrics:177 - Metrics @ T=150.00: Cells=4269, MaxR=69.54, Pheno={'G_SPECIALIST': 1945, 'L_SPECIALIST': 2324, 'SWITCHING_GL': 0}
2025-05-27 18:49:12,085 - sim.BetHedging0.5_W20_Rep1.MetricsCollector - INFO - metrics:177 - Metrics @ T=151.00: Cells=4302, MaxR=69.54, Pheno={'G_SPECIALIST': 1945, 'L_SPECIALIST': 2357, 'SWITCHING_GL': 0}
2025-05-27 18:49:12,480 - sim.BetHedging0.5_W20_Rep1.MetricsCollector - INFO - metrics:177 - Metrics @ T=152.00: Cells=4330, MaxR=69.54, Pheno={'G_SPECIALIST': 1945, 'L_SPECIALIST': 2385, 'SWITCHING_GL': 0}
2025-05-27 18:49:12,860 - sim.BetHedging0.5_W20_Rep1.MetricsCollector - INFO - metrics:177 - Metrics @ T=153.00: Cells=4383, MaxR=70.29, Pheno={'G_SPECIALIST': 1945, 'L_SPECIALIST': 2438, 'SWITCHING_GL': 0}
2025-05-27 18:49:13,195 - sim.BetHedging0.5_W20_Rep1.MetricsCollector - INFO - metrics:177 - Metrics @ T=154.00: Cells=4431, MaxR=71.14, Pheno={'G_SPECIALIST': 1945, 'L_SPECIALIST': 2486, 'SWITCHING_GL': 0}
2025-05-27 18:49:13,549 - sim.BetHedging0.5_W20_Rep1.MetricsCollector - INFO - metrics:177 - Metrics @ T=155.00: Cells=4472, MaxR=71.14, Pheno={'G_SPECIALIST': 1945, 'L_SPECIALIST': 2527, 'SWITCHING_GL': 0}
2025-05-27 18:49:13,931 - sim.BetHedging0.5_W20_Rep1.MetricsCollector - INFO - metrics:177 - Metrics @ T=156.00: Cells=4526, MaxR=72.39, Pheno={'G_SPECIALIST': 1945, 'L_SPECIALIST': 2581, 'SWITCHING_GL': 0}
2025-05-27 18:49:14,345 - sim.BetHedging0.5_W20_Rep1.MetricsCollector - INFO - metrics:177 - Metrics @ T=157.00: Cells=4568, MaxR=72.39, Pheno={'G_SPECIALIST': 1945, 'L_SPECIALIST': 2623, 'SWITCHING_GL': 0}
2025-05-27 18:49:14,746 - sim.BetHedging0.5_W20_Rep1.MetricsCollector - INFO - metrics:177 - Metrics @ T=158.00: Cells=4612, MaxR=72.39, Pheno={'G_SPECIALIST': 1945, 'L_SPECIALIST': 2667, 'SWITCHING_GL': 0}
2025-05-27 18:49:15,166 - sim.BetHedging0.5_W20_Rep1.MetricsCollector - INFO - metrics:177 - Metrics @ T=159.00: Cells=4645, MaxR=74.05, Pheno={'G_SPECIALIST': 1945, 'L_SPECIALIST': 2700, 'SWITCHING_GL': 0}
2025-05-27 18:49:15,510 - sim.BetHedging0.5_W20_Rep1 - INFO - simulation_engine:218 - Progress: T=160.00, Cells=4684
2025-05-27 18:49:15,580 - sim.BetHedging0.5_W20_Rep1.MetricsCollector - INFO - metrics:177 - Metrics @ T=160.00: Cells=4688, MaxR=74.05, Pheno={'G_SPECIALIST': 1945, 'L_SPECIALIST': 2743, 'SWITCHING_GL': 0}
2025-05-27 18:49:15,988 - sim.BetHedging0.5_W20_Rep1.MetricsCollector - INFO - metrics:177 - Metrics @ T=161.00: Cells=4719, MaxR=74.05, Pheno={'G_SPECIALIST': 1945, 'L_SPECIALIST': 2774, 'SWITCHING_GL': 0}
2025-05-27 18:49:16,406 - sim.BetHedging0.5_W20_Rep1.MetricsCollector - INFO - metrics:177 - Metrics @ T=162.00: Cells=4759, MaxR=74.05, Pheno={'G_SPECIALIST': 1945, 'L_SPECIALIST': 2814, 'SWITCHING_GL': 0}
2025-05-27 18:49:16,846 - sim.BetHedging0.5_W20_Rep1.MetricsCollector - INFO - metrics:177 - Metrics @ T=163.00: Cells=4820, MaxR=74.05, Pheno={'G_SPECIALIST': 1945, 'L_SPECIALIST': 2875, 'SWITCHING_GL': 0}
2025-05-27 18:49:17,259 - sim.BetHedging0.5_W20_Rep1.MetricsCollector - INFO - metrics:177 - Metrics @ T=164.00: Cells=4855, MaxR=74.72, Pheno={'G_SPECIALIST': 1945, 'L_SPECIALIST': 2910, 'SWITCHING_GL': 0}
2025-05-27 18:49:17,682 - sim.BetHedging0.5_W20_Rep1.MetricsCollector - INFO - metrics:177 - Metrics @ T=165.00: Cells=4900, MaxR=76.07, Pheno={'G_SPECIALIST': 1945, 'L_SPECIALIST': 2955, 'SWITCHING_GL': 0}
2025-05-27 18:49:18,124 - sim.BetHedging0.5_W20_Rep1.MetricsCollector - INFO - metrics:177 - Metrics @ T=166.00: Cells=4952, MaxR=76.07, Pheno={'G_SPECIALIST': 1945, 'L_SPECIALIST': 3007, 'SWITCHING_GL': 0}
2025-05-27 18:49:18,575 - sim.BetHedging0.5_W20_Rep1.MetricsCollector - INFO - metrics:177 - Metrics @ T=167.00: Cells=4989, MaxR=76.07, Pheno={'G_SPECIALIST': 1945, 'L_SPECIALIST': 3044, 'SWITCHING_GL': 0}
2025-05-27 18:49:19,020 - sim.BetHedging0.5_W20_Rep1.MetricsCollector - INFO - metrics:177 - Metrics @ T=168.00: Cells=5036, MaxR=76.07, Pheno={'G_SPECIALIST': 1945, 'L_SPECIALIST': 3091, 'SWITCHING_GL': 0}
2025-05-27 18:49:19,367 - sim.BetHedging0.5_W20_Rep1.MetricsCollector - INFO - metrics:177 - Metrics @ T=169.00: Cells=5071, MaxR=76.07, Pheno={'G_SPECIALIST': 1945, 'L_SPECIALIST': 3126, 'SWITCHING_GL': 0}
2025-05-27 18:49:19,674 - sim.BetHedging0.5_W20_Rep1 - INFO - simulation_engine:218 - Progress: T=170.00, Cells=5100
2025-05-27 18:49:19,728 - sim.BetHedging0.5_W20_Rep1.MetricsCollector - INFO - metrics:177 - Metrics @ T=170.00: Cells=5108, MaxR=76.74, Pheno={'G_SPECIALIST': 1945, 'L_SPECIALIST': 3163, 'SWITCHING_GL': 0}
2025-05-27 18:49:20,077 - sim.BetHedging0.5_W20_Rep1.MetricsCollector - INFO - metrics:177 - Metrics @ T=171.00: Cells=5145, MaxR=76.74, Pheno={'G_SPECIALIST': 1945, 'L_SPECIALIST': 3200, 'SWITCHING_GL': 0}
2025-05-27 18:49:20,431 - sim.BetHedging0.5_W20_Rep1.MetricsCollector - INFO - metrics:177 - Metrics @ T=172.00: Cells=5183, MaxR=77.44, Pheno={'G_SPECIALIST': 1945, 'L_SPECIALIST': 3238, 'SWITCHING_GL': 0}
2025-05-27 18:49:20,777 - sim.BetHedging0.5_W20_Rep1.MetricsCollector - INFO - metrics:177 - Metrics @ T=173.00: Cells=5215, MaxR=77.44, Pheno={'G_SPECIALIST': 1945, 'L_SPECIALIST': 3270, 'SWITCHING_GL': 0}
2025-05-27 18:49:21,118 - sim.BetHedging0.5_W20_Rep1.MetricsCollector - INFO - metrics:177 - Metrics @ T=174.00: Cells=5253, MaxR=77.44, Pheno={'G_SPECIALIST': 1945, 'L_SPECIALIST': 3308, 'SWITCHING_GL': 0}
2025-05-27 18:49:21,467 - sim.BetHedging0.5_W20_Rep1.MetricsCollector - INFO - metrics:177 - Metrics @ T=175.00: Cells=5290, MaxR=78.46, Pheno={'G_SPECIALIST': 1945, 'L_SPECIALIST': 3345, 'SWITCHING_GL': 0}
2025-05-27 18:49:21,819 - sim.BetHedging0.5_W20_Rep1.MetricsCollector - INFO - metrics:177 - Metrics @ T=176.00: Cells=5323, MaxR=78.46, Pheno={'G_SPECIALIST': 1945, 'L_SPECIALIST': 3378, 'SWITCHING_GL': 0}
2025-05-27 18:49:22,190 - sim.BetHedging0.5_W20_Rep1.MetricsCollector - INFO - metrics:177 - Metrics @ T=177.00: Cells=5353, MaxR=78.46, Pheno={'G_SPECIALIST': 1945, 'L_SPECIALIST': 3408, 'SWITCHING_GL': 0}
2025-05-27 18:49:22,563 - sim.BetHedging0.5_W20_Rep1.MetricsCollector - INFO - metrics:177 - Metrics @ T=178.00: Cells=5398, MaxR=78.46, Pheno={'G_SPECIALIST': 1945, 'L_SPECIALIST': 3453, 'SWITCHING_GL': 0}
2025-05-27 18:49:22,945 - sim.BetHedging0.5_W20_Rep1.MetricsCollector - INFO - metrics:177 - Metrics @ T=179.00: Cells=5450, MaxR=79.16, Pheno={'G_SPECIALIST': 1945, 'L_SPECIALIST': 3505, 'SWITCHING_GL': 0}
2025-05-27 18:49:23,258 - sim.BetHedging0.5_W20_Rep1 - INFO - simulation_engine:218 - Progress: T=180.00, Cells=5499
2025-05-27 18:49:23,333 - sim.BetHedging0.5_W20_Rep1.MetricsCollector - INFO - metrics:177 - Metrics @ T=180.00: Cells=5503, MaxR=80.18, Pheno={'G_SPECIALIST': 1946, 'L_SPECIALIST': 3557, 'SWITCHING_GL': 0}
2025-05-27 18:49:23,757 - sim.BetHedging0.5_W20_Rep1.MetricsCollector - INFO - metrics:177 - Metrics @ T=181.00: Cells=5545, MaxR=80.18, Pheno={'G_SPECIALIST': 1946, 'L_SPECIALIST': 3599, 'SWITCHING_GL': 0}
2025-05-27 18:49:24,123 - sim.BetHedging0.5_W20_Rep1.MetricsCollector - INFO - metrics:177 - Metrics @ T=182.00: Cells=5586, MaxR=80.18, Pheno={'G_SPECIALIST': 1946, 'L_SPECIALIST': 3640, 'SWITCHING_GL': 0}
2025-05-27 18:49:24,496 - sim.BetHedging0.5_W20_Rep1.MetricsCollector - INFO - metrics:177 - Metrics @ T=183.00: Cells=5628, MaxR=80.18, Pheno={'G_SPECIALIST': 1946, 'L_SPECIALIST': 3682, 'SWITCHING_GL': 0}
2025-05-27 18:49:24,873 - sim.BetHedging0.5_W20_Rep1.MetricsCollector - INFO - metrics:177 - Metrics @ T=184.00: Cells=5670, MaxR=81.90, Pheno={'G_SPECIALIST': 1948, 'L_SPECIALIST': 3722, 'SWITCHING_GL': 0}
2025-05-27 18:49:25,264 - sim.BetHedging0.5_W20_Rep1.MetricsCollector - INFO - metrics:177 - Metrics @ T=185.00: Cells=5714, MaxR=81.90, Pheno={'G_SPECIALIST': 1948, 'L_SPECIALIST': 3766, 'SWITCHING_GL': 0}
2025-05-27 18:49:25,637 - sim.BetHedging0.5_W20_Rep1.MetricsCollector - INFO - metrics:177 - Metrics @ T=186.00: Cells=5756, MaxR=83.62, Pheno={'G_SPECIALIST': 1949, 'L_SPECIALIST': 3807, 'SWITCHING_GL': 0}
2025-05-27 18:49:26,023 - sim.BetHedging0.5_W20_Rep1.MetricsCollector - INFO - metrics:177 - Metrics @ T=187.00: Cells=5799, MaxR=83.62, Pheno={'G_SPECIALIST': 1951, 'L_SPECIALIST': 3848, 'SWITCHING_GL': 0}
2025-05-27 18:49:26,403 - sim.BetHedging0.5_W20_Rep1.MetricsCollector - INFO - metrics:177 - Metrics @ T=188.00: Cells=5844, MaxR=84.66, Pheno={'G_SPECIALIST': 1953, 'L_SPECIALIST': 3891, 'SWITCHING_GL': 0}
2025-05-27 18:49:26,786 - sim.BetHedging0.5_W20_Rep1.MetricsCollector - INFO - metrics:177 - Metrics @ T=189.00: Cells=5901, MaxR=84.66, Pheno={'G_SPECIALIST': 1956, 'L_SPECIALIST': 3944, 'SWITCHING_GL': 1}
2025-05-27 18:49:27,110 - sim.BetHedging0.5_W20_Rep1 - INFO - simulation_engine:218 - Progress: T=190.00, Cells=5937
2025-05-27 18:49:27,172 - sim.BetHedging0.5_W20_Rep1.MetricsCollector - INFO - metrics:177 - Metrics @ T=190.00: Cells=5940, MaxR=84.66, Pheno={'G_SPECIALIST': 1959, 'L_SPECIALIST': 3980, 'SWITCHING_GL': 1}
2025-05-27 18:49:27,572 - sim.BetHedging0.5_W20_Rep1.MetricsCollector - INFO - metrics:177 - Metrics @ T=191.00: Cells=5992, MaxR=85.08, Pheno={'G_SPECIALIST': 1966, 'L_SPECIALIST': 4024, 'SWITCHING_GL': 2}
2025-05-27 18:49:28,008 - sim.BetHedging0.5_W20_Rep1.MetricsCollector - INFO - metrics:177 - Metrics @ T=192.00: Cells=6040, MaxR=85.08, Pheno={'G_SPECIALIST': 1968, 'L_SPECIALIST': 4070, 'SWITCHING_GL': 2}
2025-05-27 18:49:28,413 - sim.BetHedging0.5_W20_Rep1.MetricsCollector - INFO - metrics:177 - Metrics @ T=193.00: Cells=6086, MaxR=85.85, Pheno={'G_SPECIALIST': 1971, 'L_SPECIALIST': 4112, 'SWITCHING_GL': 3}
2025-05-27 18:49:28,815 - sim.BetHedging0.5_W20_Rep1.MetricsCollector - INFO - metrics:177 - Metrics @ T=194.00: Cells=6127, MaxR=86.81, Pheno={'G_SPECIALIST': 1973, 'L_SPECIALIST': 4152, 'SWITCHING_GL': 2}
2025-05-27 18:49:29,216 - sim.BetHedging0.5_W20_Rep1.MetricsCollector - INFO - metrics:177 - Metrics @ T=195.00: Cells=6172, MaxR=86.81, Pheno={'G_SPECIALIST': 1978, 'L_SPECIALIST': 4192, 'SWITCHING_GL': 2}
2025-05-27 18:49:29,620 - sim.BetHedging0.5_W20_Rep1.MetricsCollector - INFO - metrics:177 - Metrics @ T=196.00: Cells=6216, MaxR=88.54, Pheno={'G_SPECIALIST': 1983, 'L_SPECIALIST': 4232, 'SWITCHING_GL': 1}
2025-05-27 18:49:30,032 - sim.BetHedging0.5_W20_Rep1.MetricsCollector - INFO - metrics:177 - Metrics @ T=197.00: Cells=6256, MaxR=89.52, Pheno={'G_SPECIALIST': 1987, 'L_SPECIALIST': 4268, 'SWITCHING_GL': 1}
2025-05-27 18:49:30,454 - sim.BetHedging0.5_W20_Rep1.MetricsCollector - INFO - metrics:177 - Metrics @ T=198.00: Cells=6303, MaxR=90.95, Pheno={'G_SPECIALIST': 1995, 'L_SPECIALIST': 4308, 'SWITCHING_GL': 0}
2025-05-27 18:49:30,870 - sim.BetHedging0.5_W20_Rep1.MetricsCollector - INFO - metrics:177 - Metrics @ T=199.00: Cells=6346, MaxR=90.95, Pheno={'G_SPECIALIST': 1998, 'L_SPECIALIST': 4348, 'SWITCHING_GL': 0}
2025-05-27 18:49:31,235 - sim.BetHedging0.5_W20_Rep1 - INFO - simulation_engine:218 - Progress: T=200.00, Cells=6392
2025-05-27 18:49:31,303 - sim.BetHedging0.5_W20_Rep1.MetricsCollector - INFO - metrics:177 - Metrics @ T=200.00: Cells=6396, MaxR=90.95, Pheno={'G_SPECIALIST': 2001, 'L_SPECIALIST': 4395, 'SWITCHING_GL': 0}
2025-05-27 18:49:31,349 - sim.BetHedging0.5_W20_Rep1 - INFO - simulation_engine:238 - Sim run finished: BetHedging0.5_W20_Rep1. Wall-clock: 39.169s.
2025-05-27 18:49:31,349 - sim.BetHedging0.5_W20_Rep1 - INFO - simulation_engine:241 - Final state: SimTime=200.10, Steps=2001, Cells=6403.
2025-05-27 18:49:31,349 - sim.BetHedging0.5_W20_Rep1.MetricsCollector - INFO - metrics:300 - Finalizing data collection and exporting results...
2025-05-27 18:49:31,349 - sim.BetHedging0.5_W20_Rep1.MetricsCollector - INFO - metrics:312 - --- Simulation Summary (Log) ---
time: 199.99999999999292
total_cell_count: 6396
phenotype_counts: {'G_SPECIALIST': 2001, 'L_SPECIALIST': 4395, 'SWITCHING_GL': 0}
avg_radial_distance: 48.82697408574435
max_radial_distance: 90.9450383473447
min_radial_distance: 0.0
std_dev_radial_distance: 17.654869732451292
median_radial_distance: 51.29327441292864
frontier_lag_G_to_L: (details in files)
frontier_traits: (details in files)
overall_radial_expansion_velocity: 0.4460649376988949
config_exp_name: BetHedging0.5_W20_Rep1

2025-05-27 18:49:31,370 - sim.BetHedging0.5_W20_Rep1.MetricsCollector - INFO - metrics:242 - Time series data exported to results\BetHedging0.5_W20_Rep1\time_series_data.csv
2025-05-27 18:49:31,372 - sim.BetHedging0.5_W20_Rep1.MetricsCollector - INFO - metrics:267 - Summary data exported to results\BetHedging0.5_W20_Rep1\summary.json
2025-05-27 18:49:31,372 - sim.BetHedging0.5_W20_Rep1.MetricsCollector - INFO - metrics:275 - No kymograph data to export.
2025-05-27 18:49:31,372 - sim.BetHedging0.5_W20_Rep1.MetricsCollector - INFO - metrics:316 - All data export finalized for BetHedging0.5_W20_Rep1.
2025-05-27 18:49:31,372 - sim.BetHedging0.5_W20_Rep1 - INFO - simulation_engine:276 - Simulation fully complete.
