2025-05-27 19:50:44,361 - sim.TradeoffSlope_S20_BetHedging0.5_W40_Rep1 - INFO - simulation_engine:37 - Initializing SimulationEngine for experiment: TradeoffSlope_S20_BetHedging0.5_W40_Rep1
2025-05-27 19:50:44,363 - sim.TradeoffSlope_S20_BetHedging0.5_W40_Rep1 - INFO - simulation_engine:70 - Visualization disabled.
2025-05-27 19:50:44,363 - sim.TradeoffSlope_S20_BetHedging0.5_W40_Rep1 - INFO - simulation_engine:202 - Starting simulation: TradeoffSlope_S20_BetHedging0.5_W40_Rep1
2025-05-27 19:50:44,363 - sim.TradeoffSlope_S20_BetHedging0.5_W40_Rep1 - INFO - simulation_engine:204 - Colony initialized: 5 cells.
2025-05-27 19:50:44,364 - sim.TradeoffSlope_S20_BetHedging0.5_W40_Rep1.MetricsCollector - INFO - metrics:177 - Metrics @ T=0.00: Cells=5, MaxR=1.73, Pheno={'G_SPECIALIST': 5, 'L_SPECIALIST': 0, 'SWITCHING_GL': 0}
2025-05-27 19:50:44,372 - sim.TradeoffSlope_S20_BetHedging0.5_W40_Rep1.MetricsCollector - INFO - metrics:177 - Metrics @ T=1.00: Cells=5, MaxR=1.73, Pheno={'G_SPECIALIST': 5, 'L_SPECIALIST': 0, 'SWITCHING_GL': 0}
2025-05-27 19:50:44,374 - sim.TradeoffSlope_S20_BetHedging0.5_W40_Rep1.MetricsCollector - INFO - metrics:177 - Metrics @ T=2.00: Cells=5, MaxR=1.73, Pheno={'G_SPECIALIST': 5, 'L_SPECIALIST': 0, 'SWITCHING_GL': 0}
2025-05-27 19:50:44,374 - sim.TradeoffSlope_S20_BetHedging0.5_W40_Rep1.MetricsCollector - INFO - metrics:177 - Metrics @ T=3.00: Cells=7, MaxR=3.46, Pheno={'G_SPECIALIST': 7, 'L_SPECIALIST': 0, 'SWITCHING_GL': 0}
2025-05-27 19:50:44,375 - sim.TradeoffSlope_S20_BetHedging0.5_W40_Rep1.MetricsCollector - INFO - metrics:177 - Metrics @ T=4.00: Cells=9, MaxR=5.20, Pheno={'G_SPECIALIST': 9, 'L_SPECIALIST': 0, 'SWITCHING_GL': 0}
2025-05-27 19:50:44,376 - sim.TradeoffSlope_S20_BetHedging0.5_W40_Rep1.MetricsCollector - INFO - metrics:177 - Metrics @ T=5.00: Cells=12, MaxR=5.20, Pheno={'G_SPECIALIST': 12, 'L_SPECIALIST': 0, 'SWITCHING_GL': 0}
2025-05-27 19:50:44,379 - sim.TradeoffSlope_S20_BetHedging0.5_W40_Rep1.MetricsCollector - INFO - metrics:177 - Metrics @ T=6.00: Cells=15, MaxR=6.24, Pheno={'G_SPECIALIST': 15, 'L_SPECIALIST': 0, 'SWITCHING_GL': 0}
2025-05-27 19:50:44,381 - sim.TradeoffSlope_S20_BetHedging0.5_W40_Rep1.MetricsCollector - INFO - metrics:177 - Metrics @ T=7.00: Cells=21, MaxR=7.94, Pheno={'G_SPECIALIST': 21, 'L_SPECIALIST': 0, 'SWITCHING_GL': 0}
2025-05-27 19:50:44,383 - sim.TradeoffSlope_S20_BetHedging0.5_W40_Rep1.MetricsCollector - INFO - metrics:177 - Metrics @ T=8.00: Cells=28, MaxR=7.94, Pheno={'G_SPECIALIST': 28, 'L_SPECIALIST': 0, 'SWITCHING_GL': 0}
2025-05-27 19:50:44,385 - sim.TradeoffSlope_S20_BetHedging0.5_W40_Rep1.MetricsCollector - INFO - metrics:177 - Metrics @ T=9.00: Cells=33, MaxR=9.00, Pheno={'G_SPECIALIST': 33, 'L_SPECIALIST': 0, 'SWITCHING_GL': 0}
2025-05-27 19:50:44,387 - sim.TradeoffSlope_S20_BetHedging0.5_W40_Rep1 - INFO - simulation_engine:218 - Progress: T=10.00, Cells=39
2025-05-27 19:50:44,388 - sim.TradeoffSlope_S20_BetHedging0.5_W40_Rep1.MetricsCollector - INFO - metrics:177 - Metrics @ T=10.00: Cells=39, MaxR=10.82, Pheno={'G_SPECIALIST': 39, 'L_SPECIALIST': 0, 'SWITCHING_GL': 0}
2025-05-27 19:50:44,392 - sim.TradeoffSlope_S20_BetHedging0.5_W40_Rep1.MetricsCollector - INFO - metrics:177 - Metrics @ T=11.00: Cells=47, MaxR=14.18, Pheno={'G_SPECIALIST': 47, 'L_SPECIALIST': 0, 'SWITCHING_GL': 0}
2025-05-27 19:50:44,395 - sim.TradeoffSlope_S20_BetHedging0.5_W40_Rep1.MetricsCollector - INFO - metrics:177 - Metrics @ T=12.00: Cells=56, MaxR=14.18, Pheno={'G_SPECIALIST': 56, 'L_SPECIALIST': 0, 'SWITCHING_GL': 0}
2025-05-27 19:50:44,399 - sim.TradeoffSlope_S20_BetHedging0.5_W40_Rep1.MetricsCollector - INFO - metrics:177 - Metrics @ T=13.00: Cells=60, MaxR=14.18, Pheno={'G_SPECIALIST': 60, 'L_SPECIALIST': 0, 'SWITCHING_GL': 0}
2025-05-27 19:50:44,404 - sim.TradeoffSlope_S20_BetHedging0.5_W40_Rep1.MetricsCollector - INFO - metrics:177 - Metrics @ T=14.00: Cells=72, MaxR=14.18, Pheno={'G_SPECIALIST': 72, 'L_SPECIALIST': 0, 'SWITCHING_GL': 0}
2025-05-27 19:50:44,410 - sim.TradeoffSlope_S20_BetHedging0.5_W40_Rep1.MetricsCollector - INFO - metrics:177 - Metrics @ T=15.00: Cells=87, MaxR=14.80, Pheno={'G_SPECIALIST': 87, 'L_SPECIALIST': 0, 'SWITCHING_GL': 0}
2025-05-27 19:50:44,417 - sim.TradeoffSlope_S20_BetHedging0.5_W40_Rep1.MetricsCollector - INFO - metrics:177 - Metrics @ T=16.00: Cells=97, MaxR=17.06, Pheno={'G_SPECIALIST': 97, 'L_SPECIALIST': 0, 'SWITCHING_GL': 0}
2025-05-27 19:50:44,423 - sim.TradeoffSlope_S20_BetHedging0.5_W40_Rep1.MetricsCollector - INFO - metrics:177 - Metrics @ T=17.00: Cells=103, MaxR=17.58, Pheno={'G_SPECIALIST': 103, 'L_SPECIALIST': 0, 'SWITCHING_GL': 0}
2025-05-27 19:50:44,431 - sim.TradeoffSlope_S20_BetHedging0.5_W40_Rep1.MetricsCollector - INFO - metrics:177 - Metrics @ T=18.00: Cells=114, MaxR=17.58, Pheno={'G_SPECIALIST': 114, 'L_SPECIALIST': 0, 'SWITCHING_GL': 0}
2025-05-27 19:50:44,440 - sim.TradeoffSlope_S20_BetHedging0.5_W40_Rep1.MetricsCollector - INFO - metrics:177 - Metrics @ T=19.00: Cells=126, MaxR=17.58, Pheno={'G_SPECIALIST': 126, 'L_SPECIALIST': 0, 'SWITCHING_GL': 0}
2025-05-27 19:50:44,447 - sim.TradeoffSlope_S20_BetHedging0.5_W40_Rep1 - INFO - simulation_engine:218 - Progress: T=20.00, Cells=136
2025-05-27 19:50:44,449 - sim.TradeoffSlope_S20_BetHedging0.5_W40_Rep1.MetricsCollector - INFO - metrics:177 - Metrics @ T=20.00: Cells=136, MaxR=17.58, Pheno={'G_SPECIALIST': 136, 'L_SPECIALIST': 0, 'SWITCHING_GL': 0}
2025-05-27 19:50:44,459 - sim.TradeoffSlope_S20_BetHedging0.5_W40_Rep1.MetricsCollector - INFO - metrics:177 - Metrics @ T=21.00: Cells=145, MaxR=17.58, Pheno={'G_SPECIALIST': 145, 'L_SPECIALIST': 0, 'SWITCHING_GL': 0}
2025-05-27 19:50:44,469 - sim.TradeoffSlope_S20_BetHedging0.5_W40_Rep1.MetricsCollector - INFO - metrics:177 - Metrics @ T=22.00: Cells=159, MaxR=18.00, Pheno={'G_SPECIALIST': 159, 'L_SPECIALIST': 0, 'SWITCHING_GL': 0}
2025-05-27 19:50:44,480 - sim.TradeoffSlope_S20_BetHedging0.5_W40_Rep1.MetricsCollector - INFO - metrics:177 - Metrics @ T=23.00: Cells=170, MaxR=19.97, Pheno={'G_SPECIALIST': 170, 'L_SPECIALIST': 0, 'SWITCHING_GL': 0}
2025-05-27 19:50:44,491 - sim.TradeoffSlope_S20_BetHedging0.5_W40_Rep1.MetricsCollector - INFO - metrics:177 - Metrics @ T=24.00: Cells=179, MaxR=19.97, Pheno={'G_SPECIALIST': 179, 'L_SPECIALIST': 0, 'SWITCHING_GL': 0}
2025-05-27 19:50:44,504 - sim.TradeoffSlope_S20_BetHedging0.5_W40_Rep1.MetricsCollector - INFO - metrics:177 - Metrics @ T=25.00: Cells=196, MaxR=21.07, Pheno={'G_SPECIALIST': 196, 'L_SPECIALIST': 0, 'SWITCHING_GL': 0}
2025-05-27 19:50:44,518 - sim.TradeoffSlope_S20_BetHedging0.5_W40_Rep1.MetricsCollector - INFO - metrics:177 - Metrics @ T=26.00: Cells=215, MaxR=21.07, Pheno={'G_SPECIALIST': 215, 'L_SPECIALIST': 0, 'SWITCHING_GL': 0}
2025-05-27 19:50:44,532 - sim.TradeoffSlope_S20_BetHedging0.5_W40_Rep1.MetricsCollector - INFO - metrics:177 - Metrics @ T=27.00: Cells=236, MaxR=22.65, Pheno={'G_SPECIALIST': 236, 'L_SPECIALIST': 0, 'SWITCHING_GL': 0}
2025-05-27 19:50:44,548 - sim.TradeoffSlope_S20_BetHedging0.5_W40_Rep1.MetricsCollector - INFO - metrics:177 - Metrics @ T=28.00: Cells=265, MaxR=24.25, Pheno={'G_SPECIALIST': 265, 'L_SPECIALIST': 0, 'SWITCHING_GL': 0}
2025-05-27 19:50:44,566 - sim.TradeoffSlope_S20_BetHedging0.5_W40_Rep1.MetricsCollector - INFO - metrics:177 - Metrics @ T=29.00: Cells=291, MaxR=24.25, Pheno={'G_SPECIALIST': 291, 'L_SPECIALIST': 0, 'SWITCHING_GL': 0}
2025-05-27 19:50:44,581 - sim.TradeoffSlope_S20_BetHedging0.5_W40_Rep1 - INFO - simulation_engine:218 - Progress: T=30.00, Cells=307
2025-05-27 19:50:44,585 - sim.TradeoffSlope_S20_BetHedging0.5_W40_Rep1.MetricsCollector - INFO - metrics:177 - Metrics @ T=30.00: Cells=309, MaxR=24.25, Pheno={'G_SPECIALIST': 309, 'L_SPECIALIST': 0, 'SWITCHING_GL': 0}
2025-05-27 19:50:44,605 - sim.TradeoffSlope_S20_BetHedging0.5_W40_Rep1.MetricsCollector - INFO - metrics:177 - Metrics @ T=31.00: Cells=333, MaxR=25.51, Pheno={'G_SPECIALIST': 333, 'L_SPECIALIST': 0, 'SWITCHING_GL': 0}
2025-05-27 19:50:44,628 - sim.TradeoffSlope_S20_BetHedging0.5_W40_Rep1.MetricsCollector - INFO - metrics:177 - Metrics @ T=32.00: Cells=352, MaxR=25.63, Pheno={'G_SPECIALIST': 352, 'L_SPECIALIST': 0, 'SWITCHING_GL': 0}
2025-05-27 19:50:44,651 - sim.TradeoffSlope_S20_BetHedging0.5_W40_Rep1.MetricsCollector - INFO - metrics:177 - Metrics @ T=33.00: Cells=372, MaxR=27.06, Pheno={'G_SPECIALIST': 372, 'L_SPECIALIST': 0, 'SWITCHING_GL': 0}
2025-05-27 19:50:44,675 - sim.TradeoffSlope_S20_BetHedging0.5_W40_Rep1.MetricsCollector - INFO - metrics:177 - Metrics @ T=34.00: Cells=400, MaxR=30.05, Pheno={'G_SPECIALIST': 400, 'L_SPECIALIST': 0, 'SWITCHING_GL': 0}
2025-05-27 19:50:44,703 - sim.TradeoffSlope_S20_BetHedging0.5_W40_Rep1.MetricsCollector - INFO - metrics:177 - Metrics @ T=35.00: Cells=440, MaxR=31.61, Pheno={'G_SPECIALIST': 440, 'L_SPECIALIST': 0, 'SWITCHING_GL': 0}
2025-05-27 19:50:44,733 - sim.TradeoffSlope_S20_BetHedging0.5_W40_Rep1.MetricsCollector - INFO - metrics:177 - Metrics @ T=36.00: Cells=467, MaxR=31.61, Pheno={'G_SPECIALIST': 467, 'L_SPECIALIST': 0, 'SWITCHING_GL': 0}
2025-05-27 19:50:44,763 - sim.TradeoffSlope_S20_BetHedging0.5_W40_Rep1.MetricsCollector - INFO - metrics:177 - Metrics @ T=37.00: Cells=502, MaxR=31.61, Pheno={'G_SPECIALIST': 502, 'L_SPECIALIST': 0, 'SWITCHING_GL': 0}
2025-05-27 19:50:44,795 - sim.TradeoffSlope_S20_BetHedging0.5_W40_Rep1.MetricsCollector - INFO - metrics:177 - Metrics @ T=38.00: Cells=524, MaxR=31.61, Pheno={'G_SPECIALIST': 524, 'L_SPECIALIST': 0, 'SWITCHING_GL': 0}
2025-05-27 19:50:44,829 - sim.TradeoffSlope_S20_BetHedging0.5_W40_Rep1.MetricsCollector - INFO - metrics:177 - Metrics @ T=39.00: Cells=548, MaxR=31.61, Pheno={'G_SPECIALIST': 548, 'L_SPECIALIST': 0, 'SWITCHING_GL': 0}
2025-05-27 19:50:44,857 - sim.TradeoffSlope_S20_BetHedging0.5_W40_Rep1 - INFO - simulation_engine:218 - Progress: T=40.00, Cells=560
2025-05-27 19:50:44,863 - sim.TradeoffSlope_S20_BetHedging0.5_W40_Rep1.MetricsCollector - INFO - metrics:177 - Metrics @ T=40.00: Cells=564, MaxR=33.05, Pheno={'G_SPECIALIST': 564, 'L_SPECIALIST': 0, 'SWITCHING_GL': 0}
2025-05-27 19:50:44,901 - sim.TradeoffSlope_S20_BetHedging0.5_W40_Rep1.MetricsCollector - INFO - metrics:177 - Metrics @ T=41.00: Cells=605, MaxR=34.51, Pheno={'G_SPECIALIST': 605, 'L_SPECIALIST': 0, 'SWITCHING_GL': 0}
2025-05-27 19:50:44,940 - sim.TradeoffSlope_S20_BetHedging0.5_W40_Rep1.MetricsCollector - INFO - metrics:177 - Metrics @ T=42.00: Cells=639, MaxR=34.60, Pheno={'G_SPECIALIST': 639, 'L_SPECIALIST': 0, 'SWITCHING_GL': 0}
2025-05-27 19:50:44,981 - sim.TradeoffSlope_S20_BetHedging0.5_W40_Rep1.MetricsCollector - INFO - metrics:177 - Metrics @ T=43.00: Cells=680, MaxR=34.60, Pheno={'G_SPECIALIST': 680, 'L_SPECIALIST': 0, 'SWITCHING_GL': 0}
2025-05-27 19:50:45,027 - sim.TradeoffSlope_S20_BetHedging0.5_W40_Rep1.MetricsCollector - INFO - metrics:177 - Metrics @ T=44.00: Cells=710, MaxR=36.37, Pheno={'G_SPECIALIST': 710, 'L_SPECIALIST': 0, 'SWITCHING_GL': 0}
2025-05-27 19:50:45,074 - sim.TradeoffSlope_S20_BetHedging0.5_W40_Rep1.MetricsCollector - INFO - metrics:177 - Metrics @ T=45.00: Cells=749, MaxR=36.37, Pheno={'G_SPECIALIST': 749, 'L_SPECIALIST': 0, 'SWITCHING_GL': 0}
2025-05-27 19:50:45,126 - sim.TradeoffSlope_S20_BetHedging0.5_W40_Rep1.MetricsCollector - INFO - metrics:177 - Metrics @ T=46.00: Cells=786, MaxR=36.37, Pheno={'G_SPECIALIST': 786, 'L_SPECIALIST': 0, 'SWITCHING_GL': 0}
2025-05-27 19:50:45,177 - sim.TradeoffSlope_S20_BetHedging0.5_W40_Rep1.MetricsCollector - INFO - metrics:177 - Metrics @ T=47.00: Cells=828, MaxR=36.50, Pheno={'G_SPECIALIST': 828, 'L_SPECIALIST': 0, 'SWITCHING_GL': 0}
2025-05-27 19:50:45,231 - sim.TradeoffSlope_S20_BetHedging0.5_W40_Rep1.MetricsCollector - INFO - metrics:177 - Metrics @ T=48.00: Cells=865, MaxR=37.75, Pheno={'G_SPECIALIST': 865, 'L_SPECIALIST': 0, 'SWITCHING_GL': 0}
2025-05-27 19:50:45,288 - sim.TradeoffSlope_S20_BetHedging0.5_W40_Rep1.MetricsCollector - INFO - metrics:177 - Metrics @ T=49.00: Cells=899, MaxR=39.00, Pheno={'G_SPECIALIST': 899, 'L_SPECIALIST': 0, 'SWITCHING_GL': 0}
2025-05-27 19:50:45,336 - sim.TradeoffSlope_S20_BetHedging0.5_W40_Rep1 - INFO - simulation_engine:218 - Progress: T=50.00, Cells=940
2025-05-27 19:50:45,346 - sim.TradeoffSlope_S20_BetHedging0.5_W40_Rep1.MetricsCollector - INFO - metrics:177 - Metrics @ T=50.00: Cells=944, MaxR=39.95, Pheno={'G_SPECIALIST': 944, 'L_SPECIALIST': 0, 'SWITCHING_GL': 0}
2025-05-27 19:50:45,407 - sim.TradeoffSlope_S20_BetHedging0.5_W40_Rep1.MetricsCollector - INFO - metrics:177 - Metrics @ T=51.00: Cells=982, MaxR=39.95, Pheno={'G_SPECIALIST': 982, 'L_SPECIALIST': 0, 'SWITCHING_GL': 0}
2025-05-27 19:50:45,470 - sim.TradeoffSlope_S20_BetHedging0.5_W40_Rep1.MetricsCollector - INFO - metrics:177 - Metrics @ T=52.00: Cells=1022, MaxR=39.95, Pheno={'G_SPECIALIST': 1022, 'L_SPECIALIST': 0, 'SWITCHING_GL': 0}
2025-05-27 19:50:45,537 - sim.TradeoffSlope_S20_BetHedging0.5_W40_Rep1.MetricsCollector - INFO - metrics:177 - Metrics @ T=53.00: Cells=1053, MaxR=39.95, Pheno={'G_SPECIALIST': 1053, 'L_SPECIALIST': 0, 'SWITCHING_GL': 0}
2025-05-27 19:50:45,606 - sim.TradeoffSlope_S20_BetHedging0.5_W40_Rep1.MetricsCollector - INFO - metrics:177 - Metrics @ T=54.00: Cells=1084, MaxR=41.61, Pheno={'G_SPECIALIST': 1082, 'SWITCHING_GL': 2, 'L_SPECIALIST': 0}
2025-05-27 19:50:45,675 - sim.TradeoffSlope_S20_BetHedging0.5_W40_Rep1.MetricsCollector - INFO - metrics:177 - Metrics @ T=55.00: Cells=1117, MaxR=41.61, Pheno={'G_SPECIALIST': 1114, 'SWITCHING_GL': 3, 'L_SPECIALIST': 0}
2025-05-27 19:50:45,748 - sim.TradeoffSlope_S20_BetHedging0.5_W40_Rep1.MetricsCollector - INFO - metrics:177 - Metrics @ T=56.00: Cells=1158, MaxR=41.61, Pheno={'G_SPECIALIST': 1154, 'SWITCHING_GL': 4, 'L_SPECIALIST': 0}
2025-05-27 19:50:45,825 - sim.TradeoffSlope_S20_BetHedging0.5_W40_Rep1.MetricsCollector - INFO - metrics:177 - Metrics @ T=57.00: Cells=1205, MaxR=41.61, Pheno={'G_SPECIALIST': 1201, 'SWITCHING_GL': 4, 'L_SPECIALIST': 0}
2025-05-27 19:50:45,904 - sim.TradeoffSlope_S20_BetHedging0.5_W40_Rep1.MetricsCollector - INFO - metrics:177 - Metrics @ T=58.00: Cells=1247, MaxR=41.61, Pheno={'G_SPECIALIST': 1241, 'SWITCHING_GL': 6, 'L_SPECIALIST': 0}
2025-05-27 19:50:45,988 - sim.TradeoffSlope_S20_BetHedging0.5_W40_Rep1.MetricsCollector - INFO - metrics:177 - Metrics @ T=59.00: Cells=1321, MaxR=41.61, Pheno={'G_SPECIALIST': 1305, 'SWITCHING_GL': 15, 'L_SPECIALIST': 1}
2025-05-27 19:50:46,056 - sim.TradeoffSlope_S20_BetHedging0.5_W40_Rep1 - INFO - simulation_engine:218 - Progress: T=60.00, Cells=1351
2025-05-27 19:50:46,072 - sim.TradeoffSlope_S20_BetHedging0.5_W40_Rep1.MetricsCollector - INFO - metrics:177 - Metrics @ T=60.00: Cells=1357, MaxR=41.61, Pheno={'G_SPECIALIST': 1337, 'SWITCHING_GL': 18, 'L_SPECIALIST': 2}
2025-05-27 19:50:46,161 - sim.TradeoffSlope_S20_BetHedging0.5_W40_Rep1.MetricsCollector - INFO - metrics:177 - Metrics @ T=61.00: Cells=1394, MaxR=41.61, Pheno={'G_SPECIALIST': 1369, 'SWITCHING_GL': 23, 'L_SPECIALIST': 2}
2025-05-27 19:50:46,250 - sim.TradeoffSlope_S20_BetHedging0.5_W40_Rep1.MetricsCollector - INFO - metrics:177 - Metrics @ T=62.00: Cells=1422, MaxR=41.61, Pheno={'G_SPECIALIST': 1395, 'SWITCHING_GL': 25, 'L_SPECIALIST': 2}
2025-05-27 19:50:46,341 - sim.TradeoffSlope_S20_BetHedging0.5_W40_Rep1.MetricsCollector - INFO - metrics:177 - Metrics @ T=63.00: Cells=1459, MaxR=41.68, Pheno={'G_SPECIALIST': 1426, 'SWITCHING_GL': 30, 'L_SPECIALIST': 3}
2025-05-27 19:50:46,434 - sim.TradeoffSlope_S20_BetHedging0.5_W40_Rep1.MetricsCollector - INFO - metrics:177 - Metrics @ T=64.00: Cells=1498, MaxR=41.68, Pheno={'G_SPECIALIST': 1461, 'SWITCHING_GL': 30, 'L_SPECIALIST': 7}
2025-05-27 19:50:46,530 - sim.TradeoffSlope_S20_BetHedging0.5_W40_Rep1.MetricsCollector - INFO - metrics:177 - Metrics @ T=65.00: Cells=1534, MaxR=41.68, Pheno={'G_SPECIALIST': 1494, 'SWITCHING_GL': 31, 'L_SPECIALIST': 9}
2025-05-27 19:50:46,630 - sim.TradeoffSlope_S20_BetHedging0.5_W40_Rep1.MetricsCollector - INFO - metrics:177 - Metrics @ T=66.00: Cells=1579, MaxR=42.04, Pheno={'G_SPECIALIST': 1533, 'SWITCHING_GL': 32, 'L_SPECIALIST': 14}
2025-05-27 19:50:46,729 - sim.TradeoffSlope_S20_BetHedging0.5_W40_Rep1.MetricsCollector - INFO - metrics:177 - Metrics @ T=67.00: Cells=1610, MaxR=42.04, Pheno={'G_SPECIALIST': 1558, 'SWITCHING_GL': 36, 'L_SPECIALIST': 16}
2025-05-27 19:50:46,830 - sim.TradeoffSlope_S20_BetHedging0.5_W40_Rep1.MetricsCollector - INFO - metrics:177 - Metrics @ T=68.00: Cells=1641, MaxR=42.14, Pheno={'G_SPECIALIST': 1585, 'SWITCHING_GL': 35, 'L_SPECIALIST': 21}
2025-05-27 19:50:46,933 - sim.TradeoffSlope_S20_BetHedging0.5_W40_Rep1.MetricsCollector - INFO - metrics:177 - Metrics @ T=69.00: Cells=1682, MaxR=43.71, Pheno={'G_SPECIALIST': 1617, 'SWITCHING_GL': 35, 'L_SPECIALIST': 30}
2025-05-27 19:50:47,022 - sim.TradeoffSlope_S20_BetHedging0.5_W40_Rep1 - INFO - simulation_engine:218 - Progress: T=70.00, Cells=1710
2025-05-27 19:50:47,040 - sim.TradeoffSlope_S20_BetHedging0.5_W40_Rep1.MetricsCollector - INFO - metrics:177 - Metrics @ T=70.00: Cells=1713, MaxR=44.93, Pheno={'G_SPECIALIST': 1644, 'SWITCHING_GL': 36, 'L_SPECIALIST': 33}
2025-05-27 19:50:47,147 - sim.TradeoffSlope_S20_BetHedging0.5_W40_Rep1.MetricsCollector - INFO - metrics:177 - Metrics @ T=71.00: Cells=1746, MaxR=45.13, Pheno={'G_SPECIALIST': 1669, 'SWITCHING_GL': 40, 'L_SPECIALIST': 37}
2025-05-27 19:50:47,257 - sim.TradeoffSlope_S20_BetHedging0.5_W40_Rep1.MetricsCollector - INFO - metrics:177 - Metrics @ T=72.00: Cells=1787, MaxR=45.13, Pheno={'G_SPECIALIST': 1696, 'SWITCHING_GL': 51, 'L_SPECIALIST': 40}
2025-05-27 19:50:47,368 - sim.TradeoffSlope_S20_BetHedging0.5_W40_Rep1.MetricsCollector - INFO - metrics:177 - Metrics @ T=73.00: Cells=1819, MaxR=45.40, Pheno={'G_SPECIALIST': 1719, 'SWITCHING_GL': 52, 'L_SPECIALIST': 48}
2025-05-27 19:50:47,480 - sim.TradeoffSlope_S20_BetHedging0.5_W40_Rep1.MetricsCollector - INFO - metrics:177 - Metrics @ T=74.00: Cells=1855, MaxR=46.60, Pheno={'G_SPECIALIST': 1743, 'SWITCHING_GL': 57, 'L_SPECIALIST': 55}
2025-05-27 19:50:47,598 - sim.TradeoffSlope_S20_BetHedging0.5_W40_Rep1.MetricsCollector - INFO - metrics:177 - Metrics @ T=75.00: Cells=1885, MaxR=47.09, Pheno={'G_SPECIALIST': 1765, 'L_SPECIALIST': 60, 'SWITCHING_GL': 60}
2025-05-27 19:50:47,720 - sim.TradeoffSlope_S20_BetHedging0.5_W40_Rep1.MetricsCollector - INFO - metrics:177 - Metrics @ T=76.00: Cells=1918, MaxR=47.09, Pheno={'G_SPECIALIST': 1785, 'L_SPECIALIST': 70, 'SWITCHING_GL': 63}
2025-05-27 19:50:47,840 - sim.TradeoffSlope_S20_BetHedging0.5_W40_Rep1.MetricsCollector - INFO - metrics:177 - Metrics @ T=77.00: Cells=1944, MaxR=47.09, Pheno={'G_SPECIALIST': 1802, 'L_SPECIALIST': 80, 'SWITCHING_GL': 62}
2025-05-27 19:50:47,969 - sim.TradeoffSlope_S20_BetHedging0.5_W40_Rep1.MetricsCollector - INFO - metrics:177 - Metrics @ T=78.00: Cells=1969, MaxR=47.09, Pheno={'G_SPECIALIST': 1817, 'L_SPECIALIST': 90, 'SWITCHING_GL': 62}
2025-05-27 19:50:48,099 - sim.TradeoffSlope_S20_BetHedging0.5_W40_Rep1.MetricsCollector - INFO - metrics:177 - Metrics @ T=79.00: Cells=1996, MaxR=47.09, Pheno={'G_SPECIALIST': 1837, 'L_SPECIALIST': 97, 'SWITCHING_GL': 62}
2025-05-27 19:50:48,207 - sim.TradeoffSlope_S20_BetHedging0.5_W40_Rep1 - INFO - simulation_engine:218 - Progress: T=80.00, Cells=2023
2025-05-27 19:50:48,228 - sim.TradeoffSlope_S20_BetHedging0.5_W40_Rep1.MetricsCollector - INFO - metrics:177 - Metrics @ T=80.00: Cells=2027, MaxR=48.59, Pheno={'G_SPECIALIST': 1855, 'L_SPECIALIST': 114, 'SWITCHING_GL': 58}
2025-05-27 19:50:48,354 - sim.TradeoffSlope_S20_BetHedging0.5_W40_Rep1.MetricsCollector - INFO - metrics:177 - Metrics @ T=81.00: Cells=2054, MaxR=48.77, Pheno={'G_SPECIALIST': 1870, 'L_SPECIALIST': 126, 'SWITCHING_GL': 58}
2025-05-27 19:50:48,483 - sim.TradeoffSlope_S20_BetHedging0.5_W40_Rep1.MetricsCollector - INFO - metrics:177 - Metrics @ T=82.00: Cells=2077, MaxR=49.57, Pheno={'G_SPECIALIST': 1879, 'L_SPECIALIST': 137, 'SWITCHING_GL': 61}
2025-05-27 19:50:48,612 - sim.TradeoffSlope_S20_BetHedging0.5_W40_Rep1.MetricsCollector - INFO - metrics:177 - Metrics @ T=83.00: Cells=2095, MaxR=49.57, Pheno={'G_SPECIALIST': 1890, 'L_SPECIALIST': 145, 'SWITCHING_GL': 60}
2025-05-27 19:50:48,744 - sim.TradeoffSlope_S20_BetHedging0.5_W40_Rep1.MetricsCollector - INFO - metrics:177 - Metrics @ T=84.00: Cells=2119, MaxR=49.57, Pheno={'G_SPECIALIST': 1904, 'L_SPECIALIST': 153, 'SWITCHING_GL': 62}
2025-05-27 19:50:48,876 - sim.TradeoffSlope_S20_BetHedging0.5_W40_Rep1.MetricsCollector - INFO - metrics:177 - Metrics @ T=85.00: Cells=2133, MaxR=49.57, Pheno={'G_SPECIALIST': 1910, 'L_SPECIALIST': 163, 'SWITCHING_GL': 60}
2025-05-27 19:50:49,010 - sim.TradeoffSlope_S20_BetHedging0.5_W40_Rep1.MetricsCollector - INFO - metrics:177 - Metrics @ T=86.00: Cells=2157, MaxR=50.32, Pheno={'G_SPECIALIST': 1919, 'L_SPECIALIST': 176, 'SWITCHING_GL': 62}
2025-05-27 19:50:49,143 - sim.TradeoffSlope_S20_BetHedging0.5_W40_Rep1.MetricsCollector - INFO - metrics:177 - Metrics @ T=87.00: Cells=2170, MaxR=50.32, Pheno={'G_SPECIALIST': 1922, 'L_SPECIALIST': 189, 'SWITCHING_GL': 59}
2025-05-27 19:50:49,278 - sim.TradeoffSlope_S20_BetHedging0.5_W40_Rep1.MetricsCollector - INFO - metrics:177 - Metrics @ T=88.00: Cells=2196, MaxR=50.32, Pheno={'G_SPECIALIST': 1932, 'L_SPECIALIST': 202, 'SWITCHING_GL': 62}
2025-05-27 19:50:49,415 - sim.TradeoffSlope_S20_BetHedging0.5_W40_Rep1.MetricsCollector - INFO - metrics:177 - Metrics @ T=89.00: Cells=2218, MaxR=50.32, Pheno={'G_SPECIALIST': 1935, 'L_SPECIALIST': 220, 'SWITCHING_GL': 63}
2025-05-27 19:50:49,530 - sim.TradeoffSlope_S20_BetHedging0.5_W40_Rep1 - INFO - simulation_engine:218 - Progress: T=90.00, Cells=2243
2025-05-27 19:50:49,552 - sim.TradeoffSlope_S20_BetHedging0.5_W40_Rep1.MetricsCollector - INFO - metrics:177 - Metrics @ T=90.00: Cells=2244, MaxR=50.32, Pheno={'G_SPECIALIST': 1942, 'L_SPECIALIST': 233, 'SWITCHING_GL': 69}
2025-05-27 19:50:49,692 - sim.TradeoffSlope_S20_BetHedging0.5_W40_Rep1.MetricsCollector - INFO - metrics:177 - Metrics @ T=91.00: Cells=2265, MaxR=50.32, Pheno={'G_SPECIALIST': 1943, 'L_SPECIALIST': 249, 'SWITCHING_GL': 73}
2025-05-27 19:50:49,833 - sim.TradeoffSlope_S20_BetHedging0.5_W40_Rep1.MetricsCollector - INFO - metrics:177 - Metrics @ T=92.00: Cells=2286, MaxR=50.32, Pheno={'G_SPECIALIST': 1943, 'L_SPECIALIST': 271, 'SWITCHING_GL': 72}
2025-05-27 19:50:49,975 - sim.TradeoffSlope_S20_BetHedging0.5_W40_Rep1.MetricsCollector - INFO - metrics:177 - Metrics @ T=93.00: Cells=2299, MaxR=50.32, Pheno={'G_SPECIALIST': 1943, 'L_SPECIALIST': 295, 'SWITCHING_GL': 61}
2025-05-27 19:50:50,119 - sim.TradeoffSlope_S20_BetHedging0.5_W40_Rep1.MetricsCollector - INFO - metrics:177 - Metrics @ T=94.00: Cells=2307, MaxR=50.32, Pheno={'G_SPECIALIST': 1943, 'L_SPECIALIST': 308, 'SWITCHING_GL': 56}
2025-05-27 19:50:50,265 - sim.TradeoffSlope_S20_BetHedging0.5_W40_Rep1.MetricsCollector - INFO - metrics:177 - Metrics @ T=95.00: Cells=2325, MaxR=50.32, Pheno={'G_SPECIALIST': 1943, 'L_SPECIALIST': 337, 'SWITCHING_GL': 45}
2025-05-27 19:50:50,408 - sim.TradeoffSlope_S20_BetHedging0.5_W40_Rep1.MetricsCollector - INFO - metrics:177 - Metrics @ T=96.00: Cells=2340, MaxR=52.05, Pheno={'G_SPECIALIST': 1943, 'L_SPECIALIST': 360, 'SWITCHING_GL': 37}
2025-05-27 19:50:50,555 - sim.TradeoffSlope_S20_BetHedging0.5_W40_Rep1.MetricsCollector - INFO - metrics:177 - Metrics @ T=97.00: Cells=2356, MaxR=52.05, Pheno={'G_SPECIALIST': 1944, 'L_SPECIALIST': 380, 'SWITCHING_GL': 32}
2025-05-27 19:50:50,701 - sim.TradeoffSlope_S20_BetHedging0.5_W40_Rep1.MetricsCollector - INFO - metrics:177 - Metrics @ T=98.00: Cells=2376, MaxR=52.05, Pheno={'G_SPECIALIST': 1944, 'L_SPECIALIST': 404, 'SWITCHING_GL': 28}
2025-05-27 19:50:50,847 - sim.TradeoffSlope_S20_BetHedging0.5_W40_Rep1.MetricsCollector - INFO - metrics:177 - Metrics @ T=99.00: Cells=2395, MaxR=52.85, Pheno={'G_SPECIALIST': 1944, 'L_SPECIALIST': 423, 'SWITCHING_GL': 28}
2025-05-27 19:50:50,972 - sim.TradeoffSlope_S20_BetHedging0.5_W40_Rep1 - INFO - simulation_engine:218 - Progress: T=100.00, Cells=2414
2025-05-27 19:50:50,999 - sim.TradeoffSlope_S20_BetHedging0.5_W40_Rep1.MetricsCollector - INFO - metrics:177 - Metrics @ T=100.00: Cells=2416, MaxR=54.58, Pheno={'G_SPECIALIST': 1944, 'L_SPECIALIST': 447, 'SWITCHING_GL': 25}
2025-05-27 19:50:51,152 - sim.TradeoffSlope_S20_BetHedging0.5_W40_Rep1.MetricsCollector - INFO - metrics:177 - Metrics @ T=101.00: Cells=2439, MaxR=54.58, Pheno={'G_SPECIALIST': 1944, 'L_SPECIALIST': 472, 'SWITCHING_GL': 23}
2025-05-27 19:50:51,304 - sim.TradeoffSlope_S20_BetHedging0.5_W40_Rep1.MetricsCollector - INFO - metrics:177 - Metrics @ T=102.00: Cells=2464, MaxR=54.58, Pheno={'G_SPECIALIST': 1944, 'L_SPECIALIST': 502, 'SWITCHING_GL': 18}
2025-05-27 19:50:51,457 - sim.TradeoffSlope_S20_BetHedging0.5_W40_Rep1.MetricsCollector - INFO - metrics:177 - Metrics @ T=103.00: Cells=2489, MaxR=54.58, Pheno={'G_SPECIALIST': 1944, 'L_SPECIALIST': 529, 'SWITCHING_GL': 16}
2025-05-27 19:50:51,612 - sim.TradeoffSlope_S20_BetHedging0.5_W40_Rep1.MetricsCollector - INFO - metrics:177 - Metrics @ T=104.00: Cells=2522, MaxR=54.58, Pheno={'G_SPECIALIST': 1945, 'L_SPECIALIST': 561, 'SWITCHING_GL': 16}
2025-05-27 19:50:51,766 - sim.TradeoffSlope_S20_BetHedging0.5_W40_Rep1.MetricsCollector - INFO - metrics:177 - Metrics @ T=105.00: Cells=2545, MaxR=54.58, Pheno={'G_SPECIALIST': 1945, 'L_SPECIALIST': 585, 'SWITCHING_GL': 15}
2025-05-27 19:50:51,932 - sim.TradeoffSlope_S20_BetHedging0.5_W40_Rep1.MetricsCollector - INFO - metrics:177 - Metrics @ T=106.00: Cells=2572, MaxR=54.58, Pheno={'G_SPECIALIST': 1945, 'L_SPECIALIST': 612, 'SWITCHING_GL': 15}
2025-05-27 19:50:52,092 - sim.TradeoffSlope_S20_BetHedging0.5_W40_Rep1.MetricsCollector - INFO - metrics:177 - Metrics @ T=107.00: Cells=2604, MaxR=54.58, Pheno={'G_SPECIALIST': 1945, 'L_SPECIALIST': 646, 'SWITCHING_GL': 13}
2025-05-27 19:50:52,253 - sim.TradeoffSlope_S20_BetHedging0.5_W40_Rep1.MetricsCollector - INFO - metrics:177 - Metrics @ T=108.00: Cells=2626, MaxR=54.58, Pheno={'G_SPECIALIST': 1945, 'L_SPECIALIST': 669, 'SWITCHING_GL': 12}
2025-05-27 19:50:52,415 - sim.TradeoffSlope_S20_BetHedging0.5_W40_Rep1.MetricsCollector - INFO - metrics:177 - Metrics @ T=109.00: Cells=2649, MaxR=54.58, Pheno={'G_SPECIALIST': 1945, 'L_SPECIALIST': 696, 'SWITCHING_GL': 8}
2025-05-27 19:50:52,555 - sim.TradeoffSlope_S20_BetHedging0.5_W40_Rep1 - INFO - simulation_engine:218 - Progress: T=110.00, Cells=2677
2025-05-27 19:50:52,584 - sim.TradeoffSlope_S20_BetHedging0.5_W40_Rep1.MetricsCollector - INFO - metrics:177 - Metrics @ T=110.00: Cells=2682, MaxR=55.51, Pheno={'G_SPECIALIST': 1945, 'L_SPECIALIST': 731, 'SWITCHING_GL': 6}
2025-05-27 19:50:52,752 - sim.TradeoffSlope_S20_BetHedging0.5_W40_Rep1.MetricsCollector - INFO - metrics:177 - Metrics @ T=111.00: Cells=2708, MaxR=55.51, Pheno={'G_SPECIALIST': 1945, 'L_SPECIALIST': 758, 'SWITCHING_GL': 5}
2025-05-27 19:50:52,922 - sim.TradeoffSlope_S20_BetHedging0.5_W40_Rep1.MetricsCollector - INFO - metrics:177 - Metrics @ T=112.00: Cells=2723, MaxR=55.51, Pheno={'G_SPECIALIST': 1945, 'L_SPECIALIST': 776, 'SWITCHING_GL': 2}
2025-05-27 19:50:53,089 - sim.TradeoffSlope_S20_BetHedging0.5_W40_Rep1.MetricsCollector - INFO - metrics:177 - Metrics @ T=113.00: Cells=2748, MaxR=55.51, Pheno={'G_SPECIALIST': 1945, 'L_SPECIALIST': 801, 'SWITCHING_GL': 2}
2025-05-27 19:50:53,259 - sim.TradeoffSlope_S20_BetHedging0.5_W40_Rep1.MetricsCollector - INFO - metrics:177 - Metrics @ T=114.00: Cells=2779, MaxR=55.67, Pheno={'G_SPECIALIST': 1945, 'L_SPECIALIST': 833, 'SWITCHING_GL': 1}
2025-05-27 19:50:53,431 - sim.TradeoffSlope_S20_BetHedging0.5_W40_Rep1.MetricsCollector - INFO - metrics:177 - Metrics @ T=115.00: Cells=2803, MaxR=55.67, Pheno={'G_SPECIALIST': 1945, 'L_SPECIALIST': 857, 'SWITCHING_GL': 1}
2025-05-27 19:50:53,606 - sim.TradeoffSlope_S20_BetHedging0.5_W40_Rep1.MetricsCollector - INFO - metrics:177 - Metrics @ T=116.00: Cells=2838, MaxR=55.67, Pheno={'G_SPECIALIST': 1945, 'L_SPECIALIST': 892, 'SWITCHING_GL': 1}
2025-05-27 19:50:53,785 - sim.TradeoffSlope_S20_BetHedging0.5_W40_Rep1.MetricsCollector - INFO - metrics:177 - Metrics @ T=117.00: Cells=2875, MaxR=57.24, Pheno={'G_SPECIALIST': 1945, 'L_SPECIALIST': 929, 'SWITCHING_GL': 1}
2025-05-27 19:50:53,963 - sim.TradeoffSlope_S20_BetHedging0.5_W40_Rep1.MetricsCollector - INFO - metrics:177 - Metrics @ T=118.00: Cells=2903, MaxR=57.24, Pheno={'G_SPECIALIST': 1945, 'L_SPECIALIST': 957, 'SWITCHING_GL': 1}
2025-05-27 19:50:54,149 - sim.TradeoffSlope_S20_BetHedging0.5_W40_Rep1.MetricsCollector - INFO - metrics:177 - Metrics @ T=119.00: Cells=2933, MaxR=57.42, Pheno={'G_SPECIALIST': 1945, 'L_SPECIALIST': 987, 'SWITCHING_GL': 1}
2025-05-27 19:50:54,306 - sim.TradeoffSlope_S20_BetHedging0.5_W40_Rep1 - INFO - simulation_engine:218 - Progress: T=120.00, Cells=2962
2025-05-27 19:50:54,340 - sim.TradeoffSlope_S20_BetHedging0.5_W40_Rep1.MetricsCollector - INFO - metrics:177 - Metrics @ T=120.00: Cells=2965, MaxR=57.42, Pheno={'G_SPECIALIST': 1945, 'L_SPECIALIST': 1019, 'SWITCHING_GL': 1}
2025-05-27 19:50:54,550 - sim.TradeoffSlope_S20_BetHedging0.5_W40_Rep1.MetricsCollector - INFO - metrics:177 - Metrics @ T=121.00: Cells=2998, MaxR=57.42, Pheno={'G_SPECIALIST': 1945, 'L_SPECIALIST': 1052, 'SWITCHING_GL': 1}
2025-05-27 19:50:54,744 - sim.TradeoffSlope_S20_BetHedging0.5_W40_Rep1.MetricsCollector - INFO - metrics:177 - Metrics @ T=122.00: Cells=3019, MaxR=57.42, Pheno={'G_SPECIALIST': 1945, 'L_SPECIALIST': 1073, 'SWITCHING_GL': 1}
2025-05-27 19:50:54,933 - sim.TradeoffSlope_S20_BetHedging0.5_W40_Rep1.MetricsCollector - INFO - metrics:177 - Metrics @ T=123.00: Cells=3051, MaxR=57.42, Pheno={'G_SPECIALIST': 1945, 'L_SPECIALIST': 1105, 'SWITCHING_GL': 1}
2025-05-27 19:50:55,123 - sim.TradeoffSlope_S20_BetHedging0.5_W40_Rep1.MetricsCollector - INFO - metrics:177 - Metrics @ T=124.00: Cells=3081, MaxR=58.81, Pheno={'G_SPECIALIST': 1945, 'L_SPECIALIST': 1136, 'SWITCHING_GL': 0}
2025-05-27 19:50:55,318 - sim.TradeoffSlope_S20_BetHedging0.5_W40_Rep1.MetricsCollector - INFO - metrics:177 - Metrics @ T=125.00: Cells=3106, MaxR=58.81, Pheno={'G_SPECIALIST': 1945, 'L_SPECIALIST': 1161, 'SWITCHING_GL': 0}
2025-05-27 19:50:55,511 - sim.TradeoffSlope_S20_BetHedging0.5_W40_Rep1.MetricsCollector - INFO - metrics:177 - Metrics @ T=126.00: Cells=3138, MaxR=58.97, Pheno={'G_SPECIALIST': 1945, 'L_SPECIALIST': 1193, 'SWITCHING_GL': 0}
2025-05-27 19:50:55,730 - sim.TradeoffSlope_S20_BetHedging0.5_W40_Rep1.MetricsCollector - INFO - metrics:177 - Metrics @ T=127.00: Cells=3166, MaxR=59.77, Pheno={'G_SPECIALIST': 1945, 'L_SPECIALIST': 1221, 'SWITCHING_GL': 0}
2025-05-27 19:50:55,930 - sim.TradeoffSlope_S20_BetHedging0.5_W40_Rep1.MetricsCollector - INFO - metrics:177 - Metrics @ T=128.00: Cells=3192, MaxR=60.22, Pheno={'G_SPECIALIST': 1945, 'L_SPECIALIST': 1247, 'SWITCHING_GL': 0}
2025-05-27 19:50:56,129 - sim.TradeoffSlope_S20_BetHedging0.5_W40_Rep1.MetricsCollector - INFO - metrics:177 - Metrics @ T=129.00: Cells=3232, MaxR=60.22, Pheno={'G_SPECIALIST': 1945, 'L_SPECIALIST': 1287, 'SWITCHING_GL': 0}
2025-05-27 19:50:56,296 - sim.TradeoffSlope_S20_BetHedging0.5_W40_Rep1 - INFO - simulation_engine:218 - Progress: T=130.00, Cells=3266
2025-05-27 19:50:56,330 - sim.TradeoffSlope_S20_BetHedging0.5_W40_Rep1.MetricsCollector - INFO - metrics:177 - Metrics @ T=130.00: Cells=3268, MaxR=60.62, Pheno={'G_SPECIALIST': 1945, 'L_SPECIALIST': 1323, 'SWITCHING_GL': 0}
2025-05-27 19:50:56,533 - sim.TradeoffSlope_S20_BetHedging0.5_W40_Rep1.MetricsCollector - INFO - metrics:177 - Metrics @ T=131.00: Cells=3294, MaxR=61.65, Pheno={'G_SPECIALIST': 1945, 'L_SPECIALIST': 1349, 'SWITCHING_GL': 0}
2025-05-27 19:50:56,736 - sim.TradeoffSlope_S20_BetHedging0.5_W40_Rep1.MetricsCollector - INFO - metrics:177 - Metrics @ T=132.00: Cells=3328, MaxR=61.65, Pheno={'G_SPECIALIST': 1945, 'L_SPECIALIST': 1383, 'SWITCHING_GL': 0}
2025-05-27 19:50:56,943 - sim.TradeoffSlope_S20_BetHedging0.5_W40_Rep1.MetricsCollector - INFO - metrics:177 - Metrics @ T=133.00: Cells=3372, MaxR=61.65, Pheno={'G_SPECIALIST': 1945, 'L_SPECIALIST': 1427, 'SWITCHING_GL': 0}
2025-05-27 19:50:57,153 - sim.TradeoffSlope_S20_BetHedging0.5_W40_Rep1.MetricsCollector - INFO - metrics:177 - Metrics @ T=134.00: Cells=3405, MaxR=61.65, Pheno={'G_SPECIALIST': 1945, 'L_SPECIALIST': 1460, 'SWITCHING_GL': 0}
2025-05-27 19:50:57,364 - sim.TradeoffSlope_S20_BetHedging0.5_W40_Rep1.MetricsCollector - INFO - metrics:177 - Metrics @ T=135.00: Cells=3429, MaxR=63.10, Pheno={'G_SPECIALIST': 1945, 'L_SPECIALIST': 1484, 'SWITCHING_GL': 0}
2025-05-27 19:50:57,575 - sim.TradeoffSlope_S20_BetHedging0.5_W40_Rep1.MetricsCollector - INFO - metrics:177 - Metrics @ T=136.00: Cells=3464, MaxR=63.10, Pheno={'G_SPECIALIST': 1945, 'L_SPECIALIST': 1519, 'SWITCHING_GL': 0}
2025-05-27 19:50:57,792 - sim.TradeoffSlope_S20_BetHedging0.5_W40_Rep1.MetricsCollector - INFO - metrics:177 - Metrics @ T=137.00: Cells=3496, MaxR=63.10, Pheno={'G_SPECIALIST': 1945, 'L_SPECIALIST': 1551, 'SWITCHING_GL': 0}
2025-05-27 19:50:58,009 - sim.TradeoffSlope_S20_BetHedging0.5_W40_Rep1.MetricsCollector - INFO - metrics:177 - Metrics @ T=138.00: Cells=3536, MaxR=64.65, Pheno={'G_SPECIALIST': 1945, 'L_SPECIALIST': 1591, 'SWITCHING_GL': 0}
2025-05-27 19:50:58,229 - sim.TradeoffSlope_S20_BetHedging0.5_W40_Rep1.MetricsCollector - INFO - metrics:177 - Metrics @ T=139.00: Cells=3584, MaxR=64.65, Pheno={'G_SPECIALIST': 1945, 'L_SPECIALIST': 1639, 'SWITCHING_GL': 0}
2025-05-27 19:50:58,414 - sim.TradeoffSlope_S20_BetHedging0.5_W40_Rep1 - INFO - simulation_engine:218 - Progress: T=140.00, Cells=3620
2025-05-27 19:50:58,450 - sim.TradeoffSlope_S20_BetHedging0.5_W40_Rep1.MetricsCollector - INFO - metrics:177 - Metrics @ T=140.00: Cells=3625, MaxR=64.65, Pheno={'G_SPECIALIST': 1945, 'L_SPECIALIST': 1680, 'SWITCHING_GL': 0}
2025-05-27 19:50:58,678 - sim.TradeoffSlope_S20_BetHedging0.5_W40_Rep1.MetricsCollector - INFO - metrics:177 - Metrics @ T=141.00: Cells=3651, MaxR=64.65, Pheno={'G_SPECIALIST': 1945, 'L_SPECIALIST': 1706, 'SWITCHING_GL': 0}
2025-05-27 19:50:58,909 - sim.TradeoffSlope_S20_BetHedging0.5_W40_Rep1.MetricsCollector - INFO - metrics:177 - Metrics @ T=142.00: Cells=3684, MaxR=64.65, Pheno={'G_SPECIALIST': 1945, 'L_SPECIALIST': 1739, 'SWITCHING_GL': 0}
2025-05-27 19:50:59,136 - sim.TradeoffSlope_S20_BetHedging0.5_W40_Rep1.MetricsCollector - INFO - metrics:177 - Metrics @ T=143.00: Cells=3720, MaxR=64.65, Pheno={'G_SPECIALIST': 1945, 'L_SPECIALIST': 1775, 'SWITCHING_GL': 0}
2025-05-27 19:50:59,365 - sim.TradeoffSlope_S20_BetHedging0.5_W40_Rep1.MetricsCollector - INFO - metrics:177 - Metrics @ T=144.00: Cells=3747, MaxR=64.65, Pheno={'G_SPECIALIST': 1945, 'L_SPECIALIST': 1802, 'SWITCHING_GL': 0}
2025-05-27 19:50:59,600 - sim.TradeoffSlope_S20_BetHedging0.5_W40_Rep1.MetricsCollector - INFO - metrics:177 - Metrics @ T=145.00: Cells=3782, MaxR=64.65, Pheno={'G_SPECIALIST': 1945, 'L_SPECIALIST': 1837, 'SWITCHING_GL': 0}
2025-05-27 19:50:59,838 - sim.TradeoffSlope_S20_BetHedging0.5_W40_Rep1.MetricsCollector - INFO - metrics:177 - Metrics @ T=146.00: Cells=3815, MaxR=64.65, Pheno={'G_SPECIALIST': 1945, 'L_SPECIALIST': 1870, 'SWITCHING_GL': 0}
2025-05-27 19:51:00,076 - sim.TradeoffSlope_S20_BetHedging0.5_W40_Rep1.MetricsCollector - INFO - metrics:177 - Metrics @ T=147.00: Cells=3850, MaxR=64.65, Pheno={'G_SPECIALIST': 1945, 'L_SPECIALIST': 1905, 'SWITCHING_GL': 0}
2025-05-27 19:51:00,320 - sim.TradeoffSlope_S20_BetHedging0.5_W40_Rep1.MetricsCollector - INFO - metrics:177 - Metrics @ T=148.00: Cells=3886, MaxR=65.89, Pheno={'G_SPECIALIST': 1945, 'L_SPECIALIST': 1941, 'SWITCHING_GL': 0}
2025-05-27 19:51:00,562 - sim.TradeoffSlope_S20_BetHedging0.5_W40_Rep1.MetricsCollector - INFO - metrics:177 - Metrics @ T=149.00: Cells=3928, MaxR=66.70, Pheno={'G_SPECIALIST': 1945, 'L_SPECIALIST': 1983, 'SWITCHING_GL': 0}
2025-05-27 19:51:00,765 - sim.TradeoffSlope_S20_BetHedging0.5_W40_Rep1 - INFO - simulation_engine:218 - Progress: T=150.00, Cells=3958
2025-05-27 19:51:00,806 - sim.TradeoffSlope_S20_BetHedging0.5_W40_Rep1.MetricsCollector - INFO - metrics:177 - Metrics @ T=150.00: Cells=3964, MaxR=66.70, Pheno={'G_SPECIALIST': 1945, 'L_SPECIALIST': 2019, 'SWITCHING_GL': 0}
2025-05-27 19:51:01,055 - sim.TradeoffSlope_S20_BetHedging0.5_W40_Rep1.MetricsCollector - INFO - metrics:177 - Metrics @ T=151.00: Cells=4002, MaxR=66.70, Pheno={'G_SPECIALIST': 1945, 'L_SPECIALIST': 2057, 'SWITCHING_GL': 0}
2025-05-27 19:51:01,304 - sim.TradeoffSlope_S20_BetHedging0.5_W40_Rep1.MetricsCollector - INFO - metrics:177 - Metrics @ T=152.00: Cells=4032, MaxR=66.70, Pheno={'G_SPECIALIST': 1945, 'L_SPECIALIST': 2087, 'SWITCHING_GL': 0}
2025-05-27 19:51:01,553 - sim.TradeoffSlope_S20_BetHedging0.5_W40_Rep1.MetricsCollector - INFO - metrics:177 - Metrics @ T=153.00: Cells=4068, MaxR=66.70, Pheno={'G_SPECIALIST': 1945, 'L_SPECIALIST': 2123, 'SWITCHING_GL': 0}
2025-05-27 19:51:01,805 - sim.TradeoffSlope_S20_BetHedging0.5_W40_Rep1.MetricsCollector - INFO - metrics:177 - Metrics @ T=154.00: Cells=4097, MaxR=66.70, Pheno={'G_SPECIALIST': 1945, 'L_SPECIALIST': 2152, 'SWITCHING_GL': 0}
2025-05-27 19:51:02,059 - sim.TradeoffSlope_S20_BetHedging0.5_W40_Rep1.MetricsCollector - INFO - metrics:177 - Metrics @ T=155.00: Cells=4133, MaxR=66.84, Pheno={'G_SPECIALIST': 1945, 'L_SPECIALIST': 2188, 'SWITCHING_GL': 0}
2025-05-27 19:51:02,318 - sim.TradeoffSlope_S20_BetHedging0.5_W40_Rep1.MetricsCollector - INFO - metrics:177 - Metrics @ T=156.00: Cells=4175, MaxR=67.62, Pheno={'G_SPECIALIST': 1945, 'L_SPECIALIST': 2230, 'SWITCHING_GL': 0}
2025-05-27 19:51:02,577 - sim.TradeoffSlope_S20_BetHedging0.5_W40_Rep1.MetricsCollector - INFO - metrics:177 - Metrics @ T=157.00: Cells=4210, MaxR=67.62, Pheno={'G_SPECIALIST': 1945, 'L_SPECIALIST': 2265, 'SWITCHING_GL': 0}
2025-05-27 19:51:02,841 - sim.TradeoffSlope_S20_BetHedging0.5_W40_Rep1.MetricsCollector - INFO - metrics:177 - Metrics @ T=158.00: Cells=4253, MaxR=67.62, Pheno={'G_SPECIALIST': 1945, 'L_SPECIALIST': 2308, 'SWITCHING_GL': 0}
2025-05-27 19:51:03,126 - sim.TradeoffSlope_S20_BetHedging0.5_W40_Rep1.MetricsCollector - INFO - metrics:177 - Metrics @ T=159.00: Cells=4289, MaxR=67.62, Pheno={'G_SPECIALIST': 1945, 'L_SPECIALIST': 2344, 'SWITCHING_GL': 0}
2025-05-27 19:51:03,357 - sim.TradeoffSlope_S20_BetHedging0.5_W40_Rep1 - INFO - simulation_engine:218 - Progress: T=160.00, Cells=4315
2025-05-27 19:51:03,403 - sim.TradeoffSlope_S20_BetHedging0.5_W40_Rep1.MetricsCollector - INFO - metrics:177 - Metrics @ T=160.00: Cells=4318, MaxR=67.62, Pheno={'G_SPECIALIST': 1945, 'L_SPECIALIST': 2373, 'SWITCHING_GL': 0}
2025-05-27 19:51:03,672 - sim.TradeoffSlope_S20_BetHedging0.5_W40_Rep1.MetricsCollector - INFO - metrics:177 - Metrics @ T=161.00: Cells=4360, MaxR=67.64, Pheno={'G_SPECIALIST': 1945, 'L_SPECIALIST': 2415, 'SWITCHING_GL': 0}
2025-05-27 19:51:03,949 - sim.TradeoffSlope_S20_BetHedging0.5_W40_Rep1.MetricsCollector - INFO - metrics:177 - Metrics @ T=162.00: Cells=4394, MaxR=68.43, Pheno={'G_SPECIALIST': 1945, 'L_SPECIALIST': 2449, 'SWITCHING_GL': 0}
2025-05-27 19:51:04,223 - sim.TradeoffSlope_S20_BetHedging0.5_W40_Rep1.MetricsCollector - INFO - metrics:177 - Metrics @ T=163.00: Cells=4425, MaxR=68.83, Pheno={'G_SPECIALIST': 1945, 'L_SPECIALIST': 2480, 'SWITCHING_GL': 0}
2025-05-27 19:51:04,500 - sim.TradeoffSlope_S20_BetHedging0.5_W40_Rep1.MetricsCollector - INFO - metrics:177 - Metrics @ T=164.00: Cells=4461, MaxR=68.83, Pheno={'G_SPECIALIST': 1945, 'L_SPECIALIST': 2516, 'SWITCHING_GL': 0}
2025-05-27 19:51:04,775 - sim.TradeoffSlope_S20_BetHedging0.5_W40_Rep1.MetricsCollector - INFO - metrics:177 - Metrics @ T=165.00: Cells=4492, MaxR=68.83, Pheno={'G_SPECIALIST': 1945, 'L_SPECIALIST': 2547, 'SWITCHING_GL': 0}
2025-05-27 19:51:05,065 - sim.TradeoffSlope_S20_BetHedging0.5_W40_Rep1.MetricsCollector - INFO - metrics:177 - Metrics @ T=166.00: Cells=4532, MaxR=70.16, Pheno={'G_SPECIALIST': 1945, 'L_SPECIALIST': 2587, 'SWITCHING_GL': 0}
2025-05-27 19:51:05,354 - sim.TradeoffSlope_S20_BetHedging0.5_W40_Rep1.MetricsCollector - INFO - metrics:177 - Metrics @ T=167.00: Cells=4560, MaxR=70.16, Pheno={'G_SPECIALIST': 1945, 'L_SPECIALIST': 2615, 'SWITCHING_GL': 0}
2025-05-27 19:51:05,646 - sim.TradeoffSlope_S20_BetHedging0.5_W40_Rep1.MetricsCollector - INFO - metrics:177 - Metrics @ T=168.00: Cells=4588, MaxR=70.16, Pheno={'G_SPECIALIST': 1945, 'L_SPECIALIST': 2643, 'SWITCHING_GL': 0}
2025-05-27 19:51:05,931 - sim.TradeoffSlope_S20_BetHedging0.5_W40_Rep1.MetricsCollector - INFO - metrics:177 - Metrics @ T=169.00: Cells=4634, MaxR=70.16, Pheno={'G_SPECIALIST': 1945, 'L_SPECIALIST': 2689, 'SWITCHING_GL': 0}
2025-05-27 19:51:06,172 - sim.TradeoffSlope_S20_BetHedging0.5_W40_Rep1 - INFO - simulation_engine:218 - Progress: T=170.00, Cells=4668
2025-05-27 19:51:06,222 - sim.TradeoffSlope_S20_BetHedging0.5_W40_Rep1.MetricsCollector - INFO - metrics:177 - Metrics @ T=170.00: Cells=4671, MaxR=70.16, Pheno={'G_SPECIALIST': 1945, 'L_SPECIALIST': 2726, 'SWITCHING_GL': 0}
2025-05-27 19:51:06,513 - sim.TradeoffSlope_S20_BetHedging0.5_W40_Rep1.MetricsCollector - INFO - metrics:177 - Metrics @ T=171.00: Cells=4711, MaxR=70.29, Pheno={'G_SPECIALIST': 1945, 'L_SPECIALIST': 2766, 'SWITCHING_GL': 0}
2025-05-27 19:51:06,804 - sim.TradeoffSlope_S20_BetHedging0.5_W40_Rep1.MetricsCollector - INFO - metrics:177 - Metrics @ T=172.00: Cells=4752, MaxR=70.29, Pheno={'G_SPECIALIST': 1945, 'L_SPECIALIST': 2807, 'SWITCHING_GL': 0}
2025-05-27 19:51:07,101 - sim.TradeoffSlope_S20_BetHedging0.5_W40_Rep1.MetricsCollector - INFO - metrics:177 - Metrics @ T=173.00: Cells=4789, MaxR=70.29, Pheno={'G_SPECIALIST': 1945, 'L_SPECIALIST': 2844, 'SWITCHING_GL': 0}
2025-05-27 19:51:07,398 - sim.TradeoffSlope_S20_BetHedging0.5_W40_Rep1.MetricsCollector - INFO - metrics:177 - Metrics @ T=174.00: Cells=4831, MaxR=71.27, Pheno={'G_SPECIALIST': 1945, 'L_SPECIALIST': 2886, 'SWITCHING_GL': 0}
2025-05-27 19:51:07,700 - sim.TradeoffSlope_S20_BetHedging0.5_W40_Rep1.MetricsCollector - INFO - metrics:177 - Metrics @ T=175.00: Cells=4868, MaxR=72.02, Pheno={'G_SPECIALIST': 1945, 'L_SPECIALIST': 2923, 'SWITCHING_GL': 0}
2025-05-27 19:51:08,000 - sim.TradeoffSlope_S20_BetHedging0.5_W40_Rep1.MetricsCollector - INFO - metrics:177 - Metrics @ T=176.00: Cells=4907, MaxR=72.81, Pheno={'G_SPECIALIST': 1945, 'L_SPECIALIST': 2962, 'SWITCHING_GL': 0}
2025-05-27 19:51:08,303 - sim.TradeoffSlope_S20_BetHedging0.5_W40_Rep1.MetricsCollector - INFO - metrics:177 - Metrics @ T=177.00: Cells=4945, MaxR=74.54, Pheno={'G_SPECIALIST': 1945, 'L_SPECIALIST': 3000, 'SWITCHING_GL': 0}
2025-05-27 19:51:08,613 - sim.TradeoffSlope_S20_BetHedging0.5_W40_Rep1.MetricsCollector - INFO - metrics:177 - Metrics @ T=178.00: Cells=4988, MaxR=74.54, Pheno={'G_SPECIALIST': 1945, 'L_SPECIALIST': 3043, 'SWITCHING_GL': 0}
2025-05-27 19:51:08,925 - sim.TradeoffSlope_S20_BetHedging0.5_W40_Rep1.MetricsCollector - INFO - metrics:177 - Metrics @ T=179.00: Cells=5032, MaxR=74.54, Pheno={'G_SPECIALIST': 1945, 'L_SPECIALIST': 3087, 'SWITCHING_GL': 0}
2025-05-27 19:51:09,187 - sim.TradeoffSlope_S20_BetHedging0.5_W40_Rep1 - INFO - simulation_engine:218 - Progress: T=180.00, Cells=5073
2025-05-27 19:51:09,240 - sim.TradeoffSlope_S20_BetHedging0.5_W40_Rep1.MetricsCollector - INFO - metrics:177 - Metrics @ T=180.00: Cells=5076, MaxR=74.54, Pheno={'G_SPECIALIST': 1945, 'L_SPECIALIST': 3131, 'SWITCHING_GL': 0}
2025-05-27 19:51:09,556 - sim.TradeoffSlope_S20_BetHedging0.5_W40_Rep1.MetricsCollector - INFO - metrics:177 - Metrics @ T=181.00: Cells=5113, MaxR=74.54, Pheno={'G_SPECIALIST': 1945, 'L_SPECIALIST': 3168, 'SWITCHING_GL': 0}
2025-05-27 19:51:09,874 - sim.TradeoffSlope_S20_BetHedging0.5_W40_Rep1.MetricsCollector - INFO - metrics:177 - Metrics @ T=182.00: Cells=5150, MaxR=74.54, Pheno={'G_SPECIALIST': 1945, 'L_SPECIALIST': 3205, 'SWITCHING_GL': 0}
2025-05-27 19:51:10,195 - sim.TradeoffSlope_S20_BetHedging0.5_W40_Rep1.MetricsCollector - INFO - metrics:177 - Metrics @ T=183.00: Cells=5179, MaxR=74.54, Pheno={'G_SPECIALIST': 1945, 'L_SPECIALIST': 3234, 'SWITCHING_GL': 0}
2025-05-27 19:51:10,519 - sim.TradeoffSlope_S20_BetHedging0.5_W40_Rep1.MetricsCollector - INFO - metrics:177 - Metrics @ T=184.00: Cells=5216, MaxR=74.54, Pheno={'G_SPECIALIST': 1945, 'L_SPECIALIST': 3271, 'SWITCHING_GL': 0}
2025-05-27 19:51:10,841 - sim.TradeoffSlope_S20_BetHedging0.5_W40_Rep1.MetricsCollector - INFO - metrics:177 - Metrics @ T=185.00: Cells=5260, MaxR=74.54, Pheno={'G_SPECIALIST': 1945, 'L_SPECIALIST': 3315, 'SWITCHING_GL': 0}
2025-05-27 19:51:11,167 - sim.TradeoffSlope_S20_BetHedging0.5_W40_Rep1.MetricsCollector - INFO - metrics:177 - Metrics @ T=186.00: Cells=5290, MaxR=74.54, Pheno={'G_SPECIALIST': 1945, 'L_SPECIALIST': 3345, 'SWITCHING_GL': 0}
2025-05-27 19:51:11,495 - sim.TradeoffSlope_S20_BetHedging0.5_W40_Rep1.MetricsCollector - INFO - metrics:177 - Metrics @ T=187.00: Cells=5326, MaxR=75.36, Pheno={'G_SPECIALIST': 1945, 'L_SPECIALIST': 3381, 'SWITCHING_GL': 0}
2025-05-27 19:51:11,832 - sim.TradeoffSlope_S20_BetHedging0.5_W40_Rep1.MetricsCollector - INFO - metrics:177 - Metrics @ T=188.00: Cells=5369, MaxR=75.36, Pheno={'G_SPECIALIST': 1945, 'L_SPECIALIST': 3424, 'SWITCHING_GL': 0}
2025-05-27 19:51:12,166 - sim.TradeoffSlope_S20_BetHedging0.5_W40_Rep1.MetricsCollector - INFO - metrics:177 - Metrics @ T=189.00: Cells=5406, MaxR=75.36, Pheno={'G_SPECIALIST': 1945, 'L_SPECIALIST': 3461, 'SWITCHING_GL': 0}
2025-05-27 19:51:12,449 - sim.TradeoffSlope_S20_BetHedging0.5_W40_Rep1 - INFO - simulation_engine:218 - Progress: T=190.00, Cells=5442
2025-05-27 19:51:12,507 - sim.TradeoffSlope_S20_BetHedging0.5_W40_Rep1.MetricsCollector - INFO - metrics:177 - Metrics @ T=190.00: Cells=5449, MaxR=75.44, Pheno={'G_SPECIALIST': 1945, 'L_SPECIALIST': 3504, 'SWITCHING_GL': 0}
2025-05-27 19:51:12,847 - sim.TradeoffSlope_S20_BetHedging0.5_W40_Rep1.MetricsCollector - INFO - metrics:177 - Metrics @ T=191.00: Cells=5488, MaxR=76.62, Pheno={'G_SPECIALIST': 1945, 'L_SPECIALIST': 3543, 'SWITCHING_GL': 0}
2025-05-27 19:51:13,191 - sim.TradeoffSlope_S20_BetHedging0.5_W40_Rep1.MetricsCollector - INFO - metrics:177 - Metrics @ T=192.00: Cells=5533, MaxR=76.62, Pheno={'G_SPECIALIST': 1945, 'L_SPECIALIST': 3588, 'SWITCHING_GL': 0}
2025-05-27 19:51:13,541 - sim.TradeoffSlope_S20_BetHedging0.5_W40_Rep1.MetricsCollector - INFO - metrics:177 - Metrics @ T=193.00: Cells=5576, MaxR=76.62, Pheno={'G_SPECIALIST': 1945, 'L_SPECIALIST': 3631, 'SWITCHING_GL': 0}
2025-05-27 19:51:13,910 - sim.TradeoffSlope_S20_BetHedging0.5_W40_Rep1.MetricsCollector - INFO - metrics:177 - Metrics @ T=194.00: Cells=5631, MaxR=76.62, Pheno={'G_SPECIALIST': 1945, 'L_SPECIALIST': 3686, 'SWITCHING_GL': 0}
2025-05-27 19:51:14,265 - sim.TradeoffSlope_S20_BetHedging0.5_W40_Rep1.MetricsCollector - INFO - metrics:177 - Metrics @ T=195.00: Cells=5662, MaxR=77.21, Pheno={'G_SPECIALIST': 1945, 'L_SPECIALIST': 3717, 'SWITCHING_GL': 0}
2025-05-27 19:51:14,620 - sim.TradeoffSlope_S20_BetHedging0.5_W40_Rep1.MetricsCollector - INFO - metrics:177 - Metrics @ T=196.00: Cells=5702, MaxR=77.21, Pheno={'G_SPECIALIST': 1945, 'L_SPECIALIST': 3757, 'SWITCHING_GL': 0}
2025-05-27 19:51:14,975 - sim.TradeoffSlope_S20_BetHedging0.5_W40_Rep1.MetricsCollector - INFO - metrics:177 - Metrics @ T=197.00: Cells=5738, MaxR=78.94, Pheno={'G_SPECIALIST': 1945, 'L_SPECIALIST': 3793, 'SWITCHING_GL': 0}
2025-05-27 19:51:15,337 - sim.TradeoffSlope_S20_BetHedging0.5_W40_Rep1.MetricsCollector - INFO - metrics:177 - Metrics @ T=198.00: Cells=5777, MaxR=78.94, Pheno={'G_SPECIALIST': 1945, 'L_SPECIALIST': 3832, 'SWITCHING_GL': 0}
2025-05-27 19:51:15,698 - sim.TradeoffSlope_S20_BetHedging0.5_W40_Rep1.MetricsCollector - INFO - metrics:177 - Metrics @ T=199.00: Cells=5816, MaxR=78.94, Pheno={'G_SPECIALIST': 1945, 'L_SPECIALIST': 3871, 'SWITCHING_GL': 0}
2025-05-27 19:51:16,007 - sim.TradeoffSlope_S20_BetHedging0.5_W40_Rep1 - INFO - simulation_engine:218 - Progress: T=200.00, Cells=5850
2025-05-27 19:51:16,066 - sim.TradeoffSlope_S20_BetHedging0.5_W40_Rep1.MetricsCollector - INFO - metrics:177 - Metrics @ T=200.00: Cells=5857, MaxR=78.94, Pheno={'G_SPECIALIST': 1945, 'L_SPECIALIST': 3912, 'SWITCHING_GL': 0}
2025-05-27 19:51:16,101 - sim.TradeoffSlope_S20_BetHedging0.5_W40_Rep1 - INFO - simulation_engine:238 - Sim run finished: TradeoffSlope_S20_BetHedging0.5_W40_Rep1. Wall-clock: 31.729s.
2025-05-27 19:51:16,101 - sim.TradeoffSlope_S20_BetHedging0.5_W40_Rep1 - INFO - simulation_engine:241 - Final state: SimTime=200.10, Steps=2001, Cells=5862.
2025-05-27 19:51:16,101 - sim.TradeoffSlope_S20_BetHedging0.5_W40_Rep1.MetricsCollector - INFO - metrics:300 - Finalizing data collection and exporting results...
2025-05-27 19:51:16,101 - sim.TradeoffSlope_S20_BetHedging0.5_W40_Rep1.MetricsCollector - INFO - metrics:312 - --- Simulation Summary (Log) ---
time: 199.99999999999292
total_cell_count: 5857
phenotype_counts: {'G_SPECIALIST': 1945, 'L_SPECIALIST': 3912, 'SWITCHING_GL': 0}
avg_radial_distance: 46.669588344608385
max_radial_distance: 78.93668348746354
min_radial_distance: 0.0
std_dev_radial_distance: 16.776169919503282
median_radial_distance: 49.3254498205541
frontier_lag_G_to_L: (details in files)
frontier_traits: (details in files)
overall_radial_expansion_velocity: 0.38602316339948695
config_exp_name: TradeoffSlope_S20_BetHedging0.5_W40_Rep1

2025-05-27 19:51:16,121 - sim.TradeoffSlope_S20_BetHedging0.5_W40_Rep1.MetricsCollector - INFO - metrics:242 - Time series data exported to results\TradeoffSlope_S20_BetHedging0.5_W40_Rep1\time_series_data.csv
2025-05-27 19:51:16,122 - sim.TradeoffSlope_S20_BetHedging0.5_W40_Rep1.MetricsCollector - INFO - metrics:267 - Summary data exported to results\TradeoffSlope_S20_BetHedging0.5_W40_Rep1\summary.json
2025-05-27 19:51:16,122 - sim.TradeoffSlope_S20_BetHedging0.5_W40_Rep1.MetricsCollector - INFO - metrics:275 - No kymograph data to export.
2025-05-27 19:51:16,122 - sim.TradeoffSlope_S20_BetHedging0.5_W40_Rep1.MetricsCollector - INFO - metrics:316 - All data export finalized for TradeoffSlope_S20_BetHedging0.5_W40_Rep1.
2025-05-27 19:51:16,123 - sim.TradeoffSlope_S20_BetHedging0.5_W40_Rep1 - INFO - simulation_engine:276 - Simulation fully complete.
