2025-05-27 19:53:39,499 - sim.TradeoffSlope_S40_ResponsiveHG_W40_Rep3 - INFO - simulation_engine:37 - Initializing SimulationEngine for experiment: TradeoffSlope_S40_ResponsiveHG_W40_Rep3
2025-05-27 19:53:39,499 - sim.TradeoffSlope_S40_ResponsiveHG_W40_Rep3 - INFO - simulation_engine:70 - Visualization disabled.
2025-05-27 19:53:39,499 - sim.TradeoffSlope_S40_ResponsiveHG_W40_Rep3 - INFO - simulation_engine:202 - Starting simulation: TradeoffSlope_S40_ResponsiveHG_W40_Rep3
2025-05-27 19:53:39,500 - sim.TradeoffSlope_S40_ResponsiveHG_W40_Rep3 - INFO - simulation_engine:204 - Colony initialized: 5 cells.
2025-05-27 19:53:39,500 - sim.TradeoffSlope_S40_ResponsiveHG_W40_Rep3.MetricsCollector - INFO - metrics:177 - Metrics @ T=0.00: Cells=5, MaxR=1.73, Pheno={'G_SPECIALIST': 5, 'L_SPECIALIST': 0, 'SWITCHING_GL': 0}
2025-05-27 19:53:39,502 - sim.TradeoffSlope_S40_ResponsiveHG_W40_Rep3.MetricsCollector - INFO - metrics:177 - Metrics @ T=1.00: Cells=8, MaxR=3.00, Pheno={'G_SPECIALIST': 8, 'L_SPECIALIST': 0, 'SWITCHING_GL': 0}
2025-05-27 19:53:39,503 - sim.TradeoffSlope_S40_ResponsiveHG_W40_Rep3.MetricsCollector - INFO - metrics:177 - Metrics @ T=2.00: Cells=14, MaxR=4.58, Pheno={'G_SPECIALIST': 14, 'L_SPECIALIST': 0, 'SWITCHING_GL': 0}
2025-05-27 19:53:39,504 - sim.TradeoffSlope_S40_ResponsiveHG_W40_Rep3.MetricsCollector - INFO - metrics:177 - Metrics @ T=3.00: Cells=14, MaxR=4.58, Pheno={'G_SPECIALIST': 14, 'L_SPECIALIST': 0, 'SWITCHING_GL': 0}
2025-05-27 19:53:39,506 - sim.TradeoffSlope_S40_ResponsiveHG_W40_Rep3.MetricsCollector - INFO - metrics:177 - Metrics @ T=4.00: Cells=15, MaxR=4.58, Pheno={'G_SPECIALIST': 15, 'L_SPECIALIST': 0, 'SWITCHING_GL': 0}
2025-05-27 19:53:39,507 - sim.TradeoffSlope_S40_ResponsiveHG_W40_Rep3.MetricsCollector - INFO - metrics:177 - Metrics @ T=5.00: Cells=17, MaxR=4.58, Pheno={'G_SPECIALIST': 17, 'L_SPECIALIST': 0, 'SWITCHING_GL': 0}
2025-05-27 19:53:39,509 - sim.TradeoffSlope_S40_ResponsiveHG_W40_Rep3.MetricsCollector - INFO - metrics:177 - Metrics @ T=6.00: Cells=20, MaxR=7.94, Pheno={'G_SPECIALIST': 20, 'L_SPECIALIST': 0, 'SWITCHING_GL': 0}
2025-05-27 19:53:39,511 - sim.TradeoffSlope_S40_ResponsiveHG_W40_Rep3.MetricsCollector - INFO - metrics:177 - Metrics @ T=7.00: Cells=27, MaxR=7.94, Pheno={'G_SPECIALIST': 27, 'L_SPECIALIST': 0, 'SWITCHING_GL': 0}
2025-05-27 19:53:39,514 - sim.TradeoffSlope_S40_ResponsiveHG_W40_Rep3.MetricsCollector - INFO - metrics:177 - Metrics @ T=8.00: Cells=33, MaxR=7.94, Pheno={'G_SPECIALIST': 33, 'L_SPECIALIST': 0, 'SWITCHING_GL': 0}
2025-05-27 19:53:39,517 - sim.TradeoffSlope_S40_ResponsiveHG_W40_Rep3.MetricsCollector - INFO - metrics:177 - Metrics @ T=9.00: Cells=38, MaxR=9.17, Pheno={'G_SPECIALIST': 38, 'L_SPECIALIST': 0, 'SWITCHING_GL': 0}
2025-05-27 19:53:39,518 - sim.TradeoffSlope_S40_ResponsiveHG_W40_Rep3 - INFO - simulation_engine:218 - Progress: T=10.00, Cells=45
2025-05-27 19:53:39,519 - sim.TradeoffSlope_S40_ResponsiveHG_W40_Rep3.MetricsCollector - INFO - metrics:177 - Metrics @ T=10.00: Cells=45, MaxR=9.17, Pheno={'G_SPECIALIST': 45, 'L_SPECIALIST': 0, 'SWITCHING_GL': 0}
2025-05-27 19:53:39,523 - sim.TradeoffSlope_S40_ResponsiveHG_W40_Rep3.MetricsCollector - INFO - metrics:177 - Metrics @ T=11.00: Cells=53, MaxR=10.54, Pheno={'G_SPECIALIST': 53, 'L_SPECIALIST': 0, 'SWITCHING_GL': 0}
2025-05-27 19:53:39,528 - sim.TradeoffSlope_S40_ResponsiveHG_W40_Rep3.MetricsCollector - INFO - metrics:177 - Metrics @ T=12.00: Cells=61, MaxR=10.54, Pheno={'G_SPECIALIST': 61, 'L_SPECIALIST': 0, 'SWITCHING_GL': 0}
2025-05-27 19:53:39,532 - sim.TradeoffSlope_S40_ResponsiveHG_W40_Rep3.MetricsCollector - INFO - metrics:177 - Metrics @ T=13.00: Cells=74, MaxR=10.82, Pheno={'G_SPECIALIST': 74, 'L_SPECIALIST': 0, 'SWITCHING_GL': 0}
2025-05-27 19:53:39,538 - sim.TradeoffSlope_S40_ResponsiveHG_W40_Rep3.MetricsCollector - INFO - metrics:177 - Metrics @ T=14.00: Cells=84, MaxR=10.82, Pheno={'G_SPECIALIST': 84, 'L_SPECIALIST': 0, 'SWITCHING_GL': 0}
2025-05-27 19:53:39,545 - sim.TradeoffSlope_S40_ResponsiveHG_W40_Rep3.MetricsCollector - INFO - metrics:177 - Metrics @ T=15.00: Cells=99, MaxR=12.12, Pheno={'G_SPECIALIST': 99, 'L_SPECIALIST': 0, 'SWITCHING_GL': 0}
2025-05-27 19:53:39,553 - sim.TradeoffSlope_S40_ResponsiveHG_W40_Rep3.MetricsCollector - INFO - metrics:177 - Metrics @ T=16.00: Cells=111, MaxR=15.87, Pheno={'G_SPECIALIST': 111, 'L_SPECIALIST': 0, 'SWITCHING_GL': 0}
2025-05-27 19:53:39,560 - sim.TradeoffSlope_S40_ResponsiveHG_W40_Rep3.MetricsCollector - INFO - metrics:177 - Metrics @ T=17.00: Cells=119, MaxR=15.87, Pheno={'G_SPECIALIST': 119, 'L_SPECIALIST': 0, 'SWITCHING_GL': 0}
2025-05-27 19:53:39,569 - sim.TradeoffSlope_S40_ResponsiveHG_W40_Rep3.MetricsCollector - INFO - metrics:177 - Metrics @ T=18.00: Cells=136, MaxR=15.87, Pheno={'G_SPECIALIST': 136, 'L_SPECIALIST': 0, 'SWITCHING_GL': 0}
2025-05-27 19:53:39,578 - sim.TradeoffSlope_S40_ResponsiveHG_W40_Rep3.MetricsCollector - INFO - metrics:177 - Metrics @ T=19.00: Cells=146, MaxR=15.87, Pheno={'G_SPECIALIST': 146, 'L_SPECIALIST': 0, 'SWITCHING_GL': 0}
2025-05-27 19:53:39,586 - sim.TradeoffSlope_S40_ResponsiveHG_W40_Rep3 - INFO - simulation_engine:218 - Progress: T=20.00, Cells=154
2025-05-27 19:53:39,589 - sim.TradeoffSlope_S40_ResponsiveHG_W40_Rep3.MetricsCollector - INFO - metrics:177 - Metrics @ T=20.00: Cells=157, MaxR=17.58, Pheno={'G_SPECIALIST': 157, 'L_SPECIALIST': 0, 'SWITCHING_GL': 0}
2025-05-27 19:53:39,600 - sim.TradeoffSlope_S40_ResponsiveHG_W40_Rep3.MetricsCollector - INFO - metrics:177 - Metrics @ T=21.00: Cells=169, MaxR=17.58, Pheno={'G_SPECIALIST': 169, 'L_SPECIALIST': 0, 'SWITCHING_GL': 0}
2025-05-27 19:53:39,612 - sim.TradeoffSlope_S40_ResponsiveHG_W40_Rep3.MetricsCollector - INFO - metrics:177 - Metrics @ T=22.00: Cells=190, MaxR=18.73, Pheno={'G_SPECIALIST': 190, 'L_SPECIALIST': 0, 'SWITCHING_GL': 0}
2025-05-27 19:53:39,626 - sim.TradeoffSlope_S40_ResponsiveHG_W40_Rep3.MetricsCollector - INFO - metrics:177 - Metrics @ T=23.00: Cells=215, MaxR=19.05, Pheno={'G_SPECIALIST': 215, 'L_SPECIALIST': 0, 'SWITCHING_GL': 0}
2025-05-27 19:53:39,642 - sim.TradeoffSlope_S40_ResponsiveHG_W40_Rep3.MetricsCollector - INFO - metrics:177 - Metrics @ T=24.00: Cells=241, MaxR=19.97, Pheno={'G_SPECIALIST': 241, 'L_SPECIALIST': 0, 'SWITCHING_GL': 0}
2025-05-27 19:53:39,658 - sim.TradeoffSlope_S40_ResponsiveHG_W40_Rep3.MetricsCollector - INFO - metrics:177 - Metrics @ T=25.00: Cells=264, MaxR=21.70, Pheno={'G_SPECIALIST': 264, 'L_SPECIALIST': 0, 'SWITCHING_GL': 0}
2025-05-27 19:53:39,678 - sim.TradeoffSlope_S40_ResponsiveHG_W40_Rep3.MetricsCollector - INFO - metrics:177 - Metrics @ T=26.00: Cells=288, MaxR=21.70, Pheno={'G_SPECIALIST': 288, 'L_SPECIALIST': 0, 'SWITCHING_GL': 0}
2025-05-27 19:53:39,698 - sim.TradeoffSlope_S40_ResponsiveHG_W40_Rep3.MetricsCollector - INFO - metrics:177 - Metrics @ T=27.00: Cells=315, MaxR=22.11, Pheno={'G_SPECIALIST': 315, 'L_SPECIALIST': 0, 'SWITCHING_GL': 0}
2025-05-27 19:53:39,719 - sim.TradeoffSlope_S40_ResponsiveHG_W40_Rep3.MetricsCollector - INFO - metrics:177 - Metrics @ T=28.00: Cells=327, MaxR=23.81, Pheno={'G_SPECIALIST': 327, 'L_SPECIALIST': 0, 'SWITCHING_GL': 0}
2025-05-27 19:53:39,741 - sim.TradeoffSlope_S40_ResponsiveHG_W40_Rep3.MetricsCollector - INFO - metrics:177 - Metrics @ T=29.00: Cells=346, MaxR=24.25, Pheno={'G_SPECIALIST': 346, 'L_SPECIALIST': 0, 'SWITCHING_GL': 0}
2025-05-27 19:53:39,760 - sim.TradeoffSlope_S40_ResponsiveHG_W40_Rep3 - INFO - simulation_engine:218 - Progress: T=30.00, Cells=360
2025-05-27 19:53:39,765 - sim.TradeoffSlope_S40_ResponsiveHG_W40_Rep3.MetricsCollector - INFO - metrics:177 - Metrics @ T=30.00: Cells=362, MaxR=24.25, Pheno={'G_SPECIALIST': 362, 'L_SPECIALIST': 0, 'SWITCHING_GL': 0}
2025-05-27 19:53:39,788 - sim.TradeoffSlope_S40_ResponsiveHG_W40_Rep3.MetricsCollector - INFO - metrics:177 - Metrics @ T=31.00: Cells=389, MaxR=24.25, Pheno={'G_SPECIALIST': 389, 'L_SPECIALIST': 0, 'SWITCHING_GL': 0}
2025-05-27 19:53:39,816 - sim.TradeoffSlope_S40_ResponsiveHG_W40_Rep3.MetricsCollector - INFO - metrics:177 - Metrics @ T=32.00: Cells=421, MaxR=25.98, Pheno={'G_SPECIALIST': 421, 'L_SPECIALIST': 0, 'SWITCHING_GL': 0}
2025-05-27 19:53:39,844 - sim.TradeoffSlope_S40_ResponsiveHG_W40_Rep3.MetricsCollector - INFO - metrics:177 - Metrics @ T=33.00: Cells=444, MaxR=25.98, Pheno={'G_SPECIALIST': 444, 'L_SPECIALIST': 0, 'SWITCHING_GL': 0}
2025-05-27 19:53:39,872 - sim.TradeoffSlope_S40_ResponsiveHG_W40_Rep3.MetricsCollector - INFO - metrics:177 - Metrics @ T=34.00: Cells=464, MaxR=26.15, Pheno={'G_SPECIALIST': 464, 'L_SPECIALIST': 0, 'SWITCHING_GL': 0}
2025-05-27 19:53:39,904 - sim.TradeoffSlope_S40_ResponsiveHG_W40_Rep3.MetricsCollector - INFO - metrics:177 - Metrics @ T=35.00: Cells=499, MaxR=26.15, Pheno={'G_SPECIALIST': 499, 'L_SPECIALIST': 0, 'SWITCHING_GL': 0}
2025-05-27 19:53:39,937 - sim.TradeoffSlope_S40_ResponsiveHG_W40_Rep3.MetricsCollector - INFO - metrics:177 - Metrics @ T=36.00: Cells=532, MaxR=26.21, Pheno={'G_SPECIALIST': 532, 'L_SPECIALIST': 0, 'SWITCHING_GL': 0}
2025-05-27 19:53:39,975 - sim.TradeoffSlope_S40_ResponsiveHG_W40_Rep3.MetricsCollector - INFO - metrics:177 - Metrics @ T=37.00: Cells=567, MaxR=27.22, Pheno={'G_SPECIALIST': 567, 'L_SPECIALIST': 0, 'SWITCHING_GL': 0}
2025-05-27 19:53:40,013 - sim.TradeoffSlope_S40_ResponsiveHG_W40_Rep3.MetricsCollector - INFO - metrics:177 - Metrics @ T=38.00: Cells=605, MaxR=28.83, Pheno={'G_SPECIALIST': 605, 'L_SPECIALIST': 0, 'SWITCHING_GL': 0}
2025-05-27 19:53:40,057 - sim.TradeoffSlope_S40_ResponsiveHG_W40_Rep3.MetricsCollector - INFO - metrics:177 - Metrics @ T=39.00: Cells=651, MaxR=28.83, Pheno={'G_SPECIALIST': 651, 'L_SPECIALIST': 0, 'SWITCHING_GL': 0}
2025-05-27 19:53:40,092 - sim.TradeoffSlope_S40_ResponsiveHG_W40_Rep3 - INFO - simulation_engine:218 - Progress: T=40.00, Cells=670
2025-05-27 19:53:40,100 - sim.TradeoffSlope_S40_ResponsiveHG_W40_Rep3.MetricsCollector - INFO - metrics:177 - Metrics @ T=40.00: Cells=672, MaxR=28.83, Pheno={'G_SPECIALIST': 672, 'L_SPECIALIST': 0, 'SWITCHING_GL': 0}
2025-05-27 19:53:40,147 - sim.TradeoffSlope_S40_ResponsiveHG_W40_Rep3.MetricsCollector - INFO - metrics:177 - Metrics @ T=41.00: Cells=713, MaxR=31.22, Pheno={'G_SPECIALIST': 713, 'L_SPECIALIST': 0, 'SWITCHING_GL': 0}
2025-05-27 19:53:40,195 - sim.TradeoffSlope_S40_ResponsiveHG_W40_Rep3.MetricsCollector - INFO - metrics:177 - Metrics @ T=42.00: Cells=745, MaxR=32.91, Pheno={'G_SPECIALIST': 745, 'L_SPECIALIST': 0, 'SWITCHING_GL': 0}
2025-05-27 19:53:40,244 - sim.TradeoffSlope_S40_ResponsiveHG_W40_Rep3.MetricsCollector - INFO - metrics:177 - Metrics @ T=43.00: Cells=776, MaxR=32.91, Pheno={'G_SPECIALIST': 776, 'L_SPECIALIST': 0, 'SWITCHING_GL': 0}
2025-05-27 19:53:40,296 - sim.TradeoffSlope_S40_ResponsiveHG_W40_Rep3.MetricsCollector - INFO - metrics:177 - Metrics @ T=44.00: Cells=818, MaxR=33.72, Pheno={'G_SPECIALIST': 818, 'L_SPECIALIST': 0, 'SWITCHING_GL': 0}
2025-05-27 19:53:40,350 - sim.TradeoffSlope_S40_ResponsiveHG_W40_Rep3.MetricsCollector - INFO - metrics:177 - Metrics @ T=45.00: Cells=852, MaxR=34.12, Pheno={'G_SPECIALIST': 852, 'L_SPECIALIST': 0, 'SWITCHING_GL': 0}
2025-05-27 19:53:40,406 - sim.TradeoffSlope_S40_ResponsiveHG_W40_Rep3.MetricsCollector - INFO - metrics:177 - Metrics @ T=46.00: Cells=893, MaxR=34.77, Pheno={'G_SPECIALIST': 893, 'L_SPECIALIST': 0, 'SWITCHING_GL': 0}
2025-05-27 19:53:40,465 - sim.TradeoffSlope_S40_ResponsiveHG_W40_Rep3.MetricsCollector - INFO - metrics:177 - Metrics @ T=47.00: Cells=929, MaxR=35.03, Pheno={'G_SPECIALIST': 929, 'L_SPECIALIST': 0, 'SWITCHING_GL': 0}
2025-05-27 19:53:40,526 - sim.TradeoffSlope_S40_ResponsiveHG_W40_Rep3.MetricsCollector - INFO - metrics:177 - Metrics @ T=48.00: Cells=970, MaxR=36.37, Pheno={'G_SPECIALIST': 970, 'L_SPECIALIST': 0, 'SWITCHING_GL': 0}
2025-05-27 19:53:40,592 - sim.TradeoffSlope_S40_ResponsiveHG_W40_Rep3.MetricsCollector - INFO - metrics:177 - Metrics @ T=49.00: Cells=1007, MaxR=36.66, Pheno={'G_SPECIALIST': 1007, 'L_SPECIALIST': 0, 'SWITCHING_GL': 0}
2025-05-27 19:53:40,646 - sim.TradeoffSlope_S40_ResponsiveHG_W40_Rep3 - INFO - simulation_engine:218 - Progress: T=50.00, Cells=1047
2025-05-27 19:53:40,660 - sim.TradeoffSlope_S40_ResponsiveHG_W40_Rep3.MetricsCollector - INFO - metrics:177 - Metrics @ T=50.00: Cells=1050, MaxR=36.66, Pheno={'G_SPECIALIST': 1050, 'L_SPECIALIST': 0, 'SWITCHING_GL': 0}
2025-05-27 19:53:40,731 - sim.TradeoffSlope_S40_ResponsiveHG_W40_Rep3.MetricsCollector - INFO - metrics:177 - Metrics @ T=51.00: Cells=1099, MaxR=38.30, Pheno={'G_SPECIALIST': 1099, 'L_SPECIALIST': 0, 'SWITCHING_GL': 0}
2025-05-27 19:53:40,803 - sim.TradeoffSlope_S40_ResponsiveHG_W40_Rep3.MetricsCollector - INFO - metrics:177 - Metrics @ T=52.00: Cells=1142, MaxR=39.61, Pheno={'G_SPECIALIST': 1142, 'L_SPECIALIST': 0, 'SWITCHING_GL': 0}
2025-05-27 19:53:40,879 - sim.TradeoffSlope_S40_ResponsiveHG_W40_Rep3.MetricsCollector - INFO - metrics:177 - Metrics @ T=53.00: Cells=1191, MaxR=39.61, Pheno={'G_SPECIALIST': 1191, 'L_SPECIALIST': 0, 'SWITCHING_GL': 0}
2025-05-27 19:53:40,957 - sim.TradeoffSlope_S40_ResponsiveHG_W40_Rep3.MetricsCollector - INFO - metrics:177 - Metrics @ T=54.00: Cells=1236, MaxR=39.61, Pheno={'G_SPECIALIST': 1236, 'L_SPECIALIST': 0, 'SWITCHING_GL': 0}
2025-05-27 19:53:41,039 - sim.TradeoffSlope_S40_ResponsiveHG_W40_Rep3.MetricsCollector - INFO - metrics:177 - Metrics @ T=55.00: Cells=1276, MaxR=39.61, Pheno={'G_SPECIALIST': 1276, 'L_SPECIALIST': 0, 'SWITCHING_GL': 0}
2025-05-27 19:53:41,123 - sim.TradeoffSlope_S40_ResponsiveHG_W40_Rep3.MetricsCollector - INFO - metrics:177 - Metrics @ T=56.00: Cells=1323, MaxR=39.95, Pheno={'G_SPECIALIST': 1323, 'L_SPECIALIST': 0, 'SWITCHING_GL': 0}
2025-05-27 19:53:41,211 - sim.TradeoffSlope_S40_ResponsiveHG_W40_Rep3.MetricsCollector - INFO - metrics:177 - Metrics @ T=57.00: Cells=1367, MaxR=41.68, Pheno={'G_SPECIALIST': 1363, 'SWITCHING_GL': 4, 'L_SPECIALIST': 0}
2025-05-27 19:53:41,303 - sim.TradeoffSlope_S40_ResponsiveHG_W40_Rep3.MetricsCollector - INFO - metrics:177 - Metrics @ T=58.00: Cells=1409, MaxR=41.68, Pheno={'G_SPECIALIST': 1403, 'SWITCHING_GL': 6, 'L_SPECIALIST': 0}
2025-05-27 19:53:41,396 - sim.TradeoffSlope_S40_ResponsiveHG_W40_Rep3.MetricsCollector - INFO - metrics:177 - Metrics @ T=59.00: Cells=1461, MaxR=41.68, Pheno={'G_SPECIALIST': 1453, 'SWITCHING_GL': 8, 'L_SPECIALIST': 0}
2025-05-27 19:53:41,475 - sim.TradeoffSlope_S40_ResponsiveHG_W40_Rep3 - INFO - simulation_engine:218 - Progress: T=60.00, Cells=1502
2025-05-27 19:53:41,492 - sim.TradeoffSlope_S40_ResponsiveHG_W40_Rep3.MetricsCollector - INFO - metrics:177 - Metrics @ T=60.00: Cells=1508, MaxR=41.68, Pheno={'G_SPECIALIST': 1495, 'SWITCHING_GL': 13, 'L_SPECIALIST': 0}
2025-05-27 19:53:41,593 - sim.TradeoffSlope_S40_ResponsiveHG_W40_Rep3.MetricsCollector - INFO - metrics:177 - Metrics @ T=61.00: Cells=1566, MaxR=41.68, Pheno={'G_SPECIALIST': 1547, 'SWITCHING_GL': 19, 'L_SPECIALIST': 0}
2025-05-27 19:53:41,694 - sim.TradeoffSlope_S40_ResponsiveHG_W40_Rep3.MetricsCollector - INFO - metrics:177 - Metrics @ T=62.00: Cells=1614, MaxR=41.68, Pheno={'G_SPECIALIST': 1588, 'SWITCHING_GL': 25, 'L_SPECIALIST': 1}
2025-05-27 19:53:41,800 - sim.TradeoffSlope_S40_ResponsiveHG_W40_Rep3.MetricsCollector - INFO - metrics:177 - Metrics @ T=63.00: Cells=1660, MaxR=41.68, Pheno={'G_SPECIALIST': 1627, 'SWITCHING_GL': 32, 'L_SPECIALIST': 1}
2025-05-27 19:53:41,911 - sim.TradeoffSlope_S40_ResponsiveHG_W40_Rep3.MetricsCollector - INFO - metrics:177 - Metrics @ T=64.00: Cells=1695, MaxR=41.68, Pheno={'G_SPECIALIST': 1656, 'SWITCHING_GL': 37, 'L_SPECIALIST': 2}
2025-05-27 19:53:42,025 - sim.TradeoffSlope_S40_ResponsiveHG_W40_Rep3.MetricsCollector - INFO - metrics:177 - Metrics @ T=65.00: Cells=1729, MaxR=41.68, Pheno={'G_SPECIALIST': 1687, 'SWITCHING_GL': 39, 'L_SPECIALIST': 3}
2025-05-27 19:53:42,139 - sim.TradeoffSlope_S40_ResponsiveHG_W40_Rep3.MetricsCollector - INFO - metrics:177 - Metrics @ T=66.00: Cells=1780, MaxR=42.00, Pheno={'G_SPECIALIST': 1727, 'SWITCHING_GL': 46, 'L_SPECIALIST': 7}
2025-05-27 19:53:42,255 - sim.TradeoffSlope_S40_ResponsiveHG_W40_Rep3.MetricsCollector - INFO - metrics:177 - Metrics @ T=67.00: Cells=1815, MaxR=42.04, Pheno={'G_SPECIALIST': 1753, 'SWITCHING_GL': 51, 'L_SPECIALIST': 11}
2025-05-27 19:53:42,375 - sim.TradeoffSlope_S40_ResponsiveHG_W40_Rep3.MetricsCollector - INFO - metrics:177 - Metrics @ T=68.00: Cells=1852, MaxR=42.04, Pheno={'G_SPECIALIST': 1784, 'SWITCHING_GL': 53, 'L_SPECIALIST': 15}
2025-05-27 19:53:42,495 - sim.TradeoffSlope_S40_ResponsiveHG_W40_Rep3.MetricsCollector - INFO - metrics:177 - Metrics @ T=69.00: Cells=1891, MaxR=43.71, Pheno={'G_SPECIALIST': 1812, 'SWITCHING_GL': 60, 'L_SPECIALIST': 19}
2025-05-27 19:53:42,598 - sim.TradeoffSlope_S40_ResponsiveHG_W40_Rep3 - INFO - simulation_engine:218 - Progress: T=70.00, Cells=1926
2025-05-27 19:53:42,620 - sim.TradeoffSlope_S40_ResponsiveHG_W40_Rep3.MetricsCollector - INFO - metrics:177 - Metrics @ T=70.00: Cells=1927, MaxR=43.71, Pheno={'G_SPECIALIST': 1839, 'SWITCHING_GL': 66, 'L_SPECIALIST': 22}
2025-05-27 19:53:42,747 - sim.TradeoffSlope_S40_ResponsiveHG_W40_Rep3.MetricsCollector - INFO - metrics:177 - Metrics @ T=71.00: Cells=1962, MaxR=43.71, Pheno={'G_SPECIALIST': 1869, 'SWITCHING_GL': 67, 'L_SPECIALIST': 26}
2025-05-27 19:53:42,871 - sim.TradeoffSlope_S40_ResponsiveHG_W40_Rep3.MetricsCollector - INFO - metrics:177 - Metrics @ T=72.00: Cells=1987, MaxR=43.71, Pheno={'G_SPECIALIST': 1886, 'SWITCHING_GL': 68, 'L_SPECIALIST': 33}
2025-05-27 19:53:43,001 - sim.TradeoffSlope_S40_ResponsiveHG_W40_Rep3.MetricsCollector - INFO - metrics:177 - Metrics @ T=73.00: Cells=2008, MaxR=43.71, Pheno={'G_SPECIALIST': 1899, 'SWITCHING_GL': 68, 'L_SPECIALIST': 41}
2025-05-27 19:53:43,129 - sim.TradeoffSlope_S40_ResponsiveHG_W40_Rep3.MetricsCollector - INFO - metrics:177 - Metrics @ T=74.00: Cells=2037, MaxR=43.71, Pheno={'G_SPECIALIST': 1914, 'SWITCHING_GL': 77, 'L_SPECIALIST': 46}
2025-05-27 19:53:43,257 - sim.TradeoffSlope_S40_ResponsiveHG_W40_Rep3.MetricsCollector - INFO - metrics:177 - Metrics @ T=75.00: Cells=2050, MaxR=43.71, Pheno={'G_SPECIALIST': 1920, 'SWITCHING_GL': 78, 'L_SPECIALIST': 52}
2025-05-27 19:53:43,389 - sim.TradeoffSlope_S40_ResponsiveHG_W40_Rep3.MetricsCollector - INFO - metrics:177 - Metrics @ T=76.00: Cells=2065, MaxR=43.71, Pheno={'G_SPECIALIST': 1925, 'SWITCHING_GL': 84, 'L_SPECIALIST': 56}
2025-05-27 19:53:43,522 - sim.TradeoffSlope_S40_ResponsiveHG_W40_Rep3.MetricsCollector - INFO - metrics:177 - Metrics @ T=77.00: Cells=2078, MaxR=43.71, Pheno={'G_SPECIALIST': 1931, 'SWITCHING_GL': 86, 'L_SPECIALIST': 61}
2025-05-27 19:53:43,654 - sim.TradeoffSlope_S40_ResponsiveHG_W40_Rep3.MetricsCollector - INFO - metrics:177 - Metrics @ T=78.00: Cells=2096, MaxR=44.53, Pheno={'G_SPECIALIST': 1934, 'L_SPECIALIST': 72, 'SWITCHING_GL': 90}
2025-05-27 19:53:43,789 - sim.TradeoffSlope_S40_ResponsiveHG_W40_Rep3.MetricsCollector - INFO - metrics:177 - Metrics @ T=79.00: Cells=2104, MaxR=44.53, Pheno={'G_SPECIALIST': 1935, 'L_SPECIALIST': 83, 'SWITCHING_GL': 86}
2025-05-27 19:53:43,898 - sim.TradeoffSlope_S40_ResponsiveHG_W40_Rep3 - INFO - simulation_engine:218 - Progress: T=80.00, Cells=2116
2025-05-27 19:53:43,921 - sim.TradeoffSlope_S40_ResponsiveHG_W40_Rep3.MetricsCollector - INFO - metrics:177 - Metrics @ T=80.00: Cells=2116, MaxR=45.83, Pheno={'G_SPECIALIST': 1940, 'L_SPECIALIST': 91, 'SWITCHING_GL': 85}
2025-05-27 19:53:44,056 - sim.TradeoffSlope_S40_ResponsiveHG_W40_Rep3.MetricsCollector - INFO - metrics:177 - Metrics @ T=81.00: Cells=2125, MaxR=47.15, Pheno={'G_SPECIALIST': 1940, 'L_SPECIALIST': 102, 'SWITCHING_GL': 83}
2025-05-27 19:53:44,191 - sim.TradeoffSlope_S40_ResponsiveHG_W40_Rep3.MetricsCollector - INFO - metrics:177 - Metrics @ T=82.00: Cells=2136, MaxR=47.15, Pheno={'G_SPECIALIST': 1943, 'L_SPECIALIST': 115, 'SWITCHING_GL': 78}
2025-05-27 19:53:44,326 - sim.TradeoffSlope_S40_ResponsiveHG_W40_Rep3.MetricsCollector - INFO - metrics:177 - Metrics @ T=83.00: Cells=2148, MaxR=47.15, Pheno={'G_SPECIALIST': 1943, 'L_SPECIALIST': 131, 'SWITCHING_GL': 74}
2025-05-27 19:53:44,461 - sim.TradeoffSlope_S40_ResponsiveHG_W40_Rep3.MetricsCollector - INFO - metrics:177 - Metrics @ T=84.00: Cells=2164, MaxR=47.15, Pheno={'G_SPECIALIST': 1943, 'L_SPECIALIST': 149, 'SWITCHING_GL': 72}
2025-05-27 19:53:44,597 - sim.TradeoffSlope_S40_ResponsiveHG_W40_Rep3.MetricsCollector - INFO - metrics:177 - Metrics @ T=85.00: Cells=2178, MaxR=48.28, Pheno={'G_SPECIALIST': 1943, 'L_SPECIALIST': 167, 'SWITCHING_GL': 68}
2025-05-27 19:53:44,733 - sim.TradeoffSlope_S40_ResponsiveHG_W40_Rep3.MetricsCollector - INFO - metrics:177 - Metrics @ T=86.00: Cells=2191, MaxR=48.28, Pheno={'G_SPECIALIST': 1943, 'L_SPECIALIST': 182, 'SWITCHING_GL': 66}
2025-05-27 19:53:44,871 - sim.TradeoffSlope_S40_ResponsiveHG_W40_Rep3.MetricsCollector - INFO - metrics:177 - Metrics @ T=87.00: Cells=2202, MaxR=48.28, Pheno={'G_SPECIALIST': 1944, 'L_SPECIALIST': 199, 'SWITCHING_GL': 59}
2025-05-27 19:53:45,011 - sim.TradeoffSlope_S40_ResponsiveHG_W40_Rep3.MetricsCollector - INFO - metrics:177 - Metrics @ T=88.00: Cells=2222, MaxR=48.28, Pheno={'G_SPECIALIST': 1944, 'L_SPECIALIST': 223, 'SWITCHING_GL': 55}
2025-05-27 19:53:45,153 - sim.TradeoffSlope_S40_ResponsiveHG_W40_Rep3.MetricsCollector - INFO - metrics:177 - Metrics @ T=89.00: Cells=2244, MaxR=48.77, Pheno={'G_SPECIALIST': 1944, 'L_SPECIALIST': 247, 'SWITCHING_GL': 53}
2025-05-27 19:53:45,270 - sim.TradeoffSlope_S40_ResponsiveHG_W40_Rep3 - INFO - simulation_engine:218 - Progress: T=90.00, Cells=2258
2025-05-27 19:53:45,294 - sim.TradeoffSlope_S40_ResponsiveHG_W40_Rep3.MetricsCollector - INFO - metrics:177 - Metrics @ T=90.00: Cells=2259, MaxR=48.77, Pheno={'G_SPECIALIST': 1944, 'L_SPECIALIST': 268, 'SWITCHING_GL': 47}
2025-05-27 19:53:45,435 - sim.TradeoffSlope_S40_ResponsiveHG_W40_Rep3.MetricsCollector - INFO - metrics:177 - Metrics @ T=91.00: Cells=2272, MaxR=48.77, Pheno={'G_SPECIALIST': 1944, 'L_SPECIALIST': 285, 'SWITCHING_GL': 43}
2025-05-27 19:53:45,579 - sim.TradeoffSlope_S40_ResponsiveHG_W40_Rep3.MetricsCollector - INFO - metrics:177 - Metrics @ T=92.00: Cells=2283, MaxR=48.77, Pheno={'G_SPECIALIST': 1944, 'L_SPECIALIST': 301, 'SWITCHING_GL': 38}
2025-05-27 19:53:45,725 - sim.TradeoffSlope_S40_ResponsiveHG_W40_Rep3.MetricsCollector - INFO - metrics:177 - Metrics @ T=93.00: Cells=2301, MaxR=48.77, Pheno={'G_SPECIALIST': 1944, 'L_SPECIALIST': 322, 'SWITCHING_GL': 35}
2025-05-27 19:53:45,869 - sim.TradeoffSlope_S40_ResponsiveHG_W40_Rep3.MetricsCollector - INFO - metrics:177 - Metrics @ T=94.00: Cells=2317, MaxR=48.77, Pheno={'G_SPECIALIST': 1944, 'L_SPECIALIST': 343, 'SWITCHING_GL': 30}
2025-05-27 19:53:46,017 - sim.TradeoffSlope_S40_ResponsiveHG_W40_Rep3.MetricsCollector - INFO - metrics:177 - Metrics @ T=95.00: Cells=2334, MaxR=48.77, Pheno={'G_SPECIALIST': 1945, 'L_SPECIALIST': 366, 'SWITCHING_GL': 23}
2025-05-27 19:53:46,170 - sim.TradeoffSlope_S40_ResponsiveHG_W40_Rep3.MetricsCollector - INFO - metrics:177 - Metrics @ T=96.00: Cells=2360, MaxR=48.77, Pheno={'G_SPECIALIST': 1945, 'L_SPECIALIST': 396, 'SWITCHING_GL': 19}
2025-05-27 19:53:46,323 - sim.TradeoffSlope_S40_ResponsiveHG_W40_Rep3.MetricsCollector - INFO - metrics:177 - Metrics @ T=97.00: Cells=2386, MaxR=49.51, Pheno={'G_SPECIALIST': 1945, 'L_SPECIALIST': 424, 'SWITCHING_GL': 17}
2025-05-27 19:53:46,475 - sim.TradeoffSlope_S40_ResponsiveHG_W40_Rep3.MetricsCollector - INFO - metrics:177 - Metrics @ T=98.00: Cells=2409, MaxR=49.87, Pheno={'G_SPECIALIST': 1945, 'L_SPECIALIST': 449, 'SWITCHING_GL': 15}
2025-05-27 19:53:46,629 - sim.TradeoffSlope_S40_ResponsiveHG_W40_Rep3.MetricsCollector - INFO - metrics:177 - Metrics @ T=99.00: Cells=2424, MaxR=49.87, Pheno={'G_SPECIALIST': 1945, 'L_SPECIALIST': 466, 'SWITCHING_GL': 13}
2025-05-27 19:53:46,757 - sim.TradeoffSlope_S40_ResponsiveHG_W40_Rep3 - INFO - simulation_engine:218 - Progress: T=100.00, Cells=2446
2025-05-27 19:53:46,784 - sim.TradeoffSlope_S40_ResponsiveHG_W40_Rep3.MetricsCollector - INFO - metrics:177 - Metrics @ T=100.00: Cells=2446, MaxR=49.87, Pheno={'G_SPECIALIST': 1945, 'L_SPECIALIST': 490, 'SWITCHING_GL': 11}
2025-05-27 19:53:46,940 - sim.TradeoffSlope_S40_ResponsiveHG_W40_Rep3.MetricsCollector - INFO - metrics:177 - Metrics @ T=101.00: Cells=2475, MaxR=50.11, Pheno={'G_SPECIALIST': 1945, 'L_SPECIALIST': 519, 'SWITCHING_GL': 11}
2025-05-27 19:53:47,097 - sim.TradeoffSlope_S40_ResponsiveHG_W40_Rep3.MetricsCollector - INFO - metrics:177 - Metrics @ T=102.00: Cells=2505, MaxR=51.26, Pheno={'G_SPECIALIST': 1945, 'L_SPECIALIST': 553, 'SWITCHING_GL': 7}
2025-05-27 19:53:47,256 - sim.TradeoffSlope_S40_ResponsiveHG_W40_Rep3.MetricsCollector - INFO - metrics:177 - Metrics @ T=103.00: Cells=2543, MaxR=51.64, Pheno={'G_SPECIALIST': 1945, 'L_SPECIALIST': 591, 'SWITCHING_GL': 7}
2025-05-27 19:53:47,417 - sim.TradeoffSlope_S40_ResponsiveHG_W40_Rep3.MetricsCollector - INFO - metrics:177 - Metrics @ T=104.00: Cells=2568, MaxR=51.64, Pheno={'G_SPECIALIST': 1945, 'L_SPECIALIST': 618, 'SWITCHING_GL': 5}
2025-05-27 19:53:47,579 - sim.TradeoffSlope_S40_ResponsiveHG_W40_Rep3.MetricsCollector - INFO - metrics:177 - Metrics @ T=105.00: Cells=2600, MaxR=51.64, Pheno={'G_SPECIALIST': 1945, 'L_SPECIALIST': 651, 'SWITCHING_GL': 4}
2025-05-27 19:53:47,748 - sim.TradeoffSlope_S40_ResponsiveHG_W40_Rep3.MetricsCollector - INFO - metrics:177 - Metrics @ T=106.00: Cells=2627, MaxR=51.64, Pheno={'G_SPECIALIST': 1945, 'L_SPECIALIST': 678, 'SWITCHING_GL': 4}
2025-05-27 19:53:47,917 - sim.TradeoffSlope_S40_ResponsiveHG_W40_Rep3.MetricsCollector - INFO - metrics:177 - Metrics @ T=107.00: Cells=2650, MaxR=51.73, Pheno={'G_SPECIALIST': 1945, 'L_SPECIALIST': 702, 'SWITCHING_GL': 3}
2025-05-27 19:53:48,089 - sim.TradeoffSlope_S40_ResponsiveHG_W40_Rep3.MetricsCollector - INFO - metrics:177 - Metrics @ T=108.00: Cells=2666, MaxR=51.73, Pheno={'G_SPECIALIST': 1945, 'L_SPECIALIST': 718, 'SWITCHING_GL': 3}
2025-05-27 19:53:48,266 - sim.TradeoffSlope_S40_ResponsiveHG_W40_Rep3.MetricsCollector - INFO - metrics:177 - Metrics @ T=109.00: Cells=2697, MaxR=52.85, Pheno={'G_SPECIALIST': 1945, 'L_SPECIALIST': 750, 'SWITCHING_GL': 2}
2025-05-27 19:53:48,418 - sim.TradeoffSlope_S40_ResponsiveHG_W40_Rep3 - INFO - simulation_engine:218 - Progress: T=110.00, Cells=2720
2025-05-27 19:53:48,450 - sim.TradeoffSlope_S40_ResponsiveHG_W40_Rep3.MetricsCollector - INFO - metrics:177 - Metrics @ T=110.00: Cells=2725, MaxR=52.85, Pheno={'G_SPECIALIST': 1945, 'L_SPECIALIST': 778, 'SWITCHING_GL': 2}
2025-05-27 19:53:48,629 - sim.TradeoffSlope_S40_ResponsiveHG_W40_Rep3.MetricsCollector - INFO - metrics:177 - Metrics @ T=111.00: Cells=2757, MaxR=52.85, Pheno={'G_SPECIALIST': 1945, 'L_SPECIALIST': 811, 'SWITCHING_GL': 1}
2025-05-27 19:53:48,803 - sim.TradeoffSlope_S40_ResponsiveHG_W40_Rep3.MetricsCollector - INFO - metrics:177 - Metrics @ T=112.00: Cells=2784, MaxR=52.85, Pheno={'G_SPECIALIST': 1945, 'L_SPECIALIST': 838, 'SWITCHING_GL': 1}
2025-05-27 19:53:48,981 - sim.TradeoffSlope_S40_ResponsiveHG_W40_Rep3.MetricsCollector - INFO - metrics:177 - Metrics @ T=113.00: Cells=2819, MaxR=53.02, Pheno={'G_SPECIALIST': 1945, 'L_SPECIALIST': 873, 'SWITCHING_GL': 1}
2025-05-27 19:53:49,166 - sim.TradeoffSlope_S40_ResponsiveHG_W40_Rep3.MetricsCollector - INFO - metrics:177 - Metrics @ T=114.00: Cells=2855, MaxR=54.25, Pheno={'G_SPECIALIST': 1945, 'L_SPECIALIST': 909, 'SWITCHING_GL': 1}
2025-05-27 19:53:49,348 - sim.TradeoffSlope_S40_ResponsiveHG_W40_Rep3.MetricsCollector - INFO - metrics:177 - Metrics @ T=115.00: Cells=2886, MaxR=55.51, Pheno={'G_SPECIALIST': 1945, 'L_SPECIALIST': 940, 'SWITCHING_GL': 1}
2025-05-27 19:53:49,535 - sim.TradeoffSlope_S40_ResponsiveHG_W40_Rep3.MetricsCollector - INFO - metrics:177 - Metrics @ T=116.00: Cells=2921, MaxR=55.51, Pheno={'G_SPECIALIST': 1945, 'L_SPECIALIST': 975, 'SWITCHING_GL': 1}
2025-05-27 19:53:49,723 - sim.TradeoffSlope_S40_ResponsiveHG_W40_Rep3.MetricsCollector - INFO - metrics:177 - Metrics @ T=117.00: Cells=2946, MaxR=55.51, Pheno={'G_SPECIALIST': 1945, 'L_SPECIALIST': 1000, 'SWITCHING_GL': 1}
2025-05-27 19:53:49,908 - sim.TradeoffSlope_S40_ResponsiveHG_W40_Rep3.MetricsCollector - INFO - metrics:177 - Metrics @ T=118.00: Cells=2979, MaxR=58.20, Pheno={'G_SPECIALIST': 1945, 'L_SPECIALIST': 1033, 'SWITCHING_GL': 1}
2025-05-27 19:53:50,100 - sim.TradeoffSlope_S40_ResponsiveHG_W40_Rep3.MetricsCollector - INFO - metrics:177 - Metrics @ T=119.00: Cells=3008, MaxR=59.19, Pheno={'G_SPECIALIST': 1945, 'L_SPECIALIST': 1062, 'SWITCHING_GL': 1}
2025-05-27 19:53:50,259 - sim.TradeoffSlope_S40_ResponsiveHG_W40_Rep3 - INFO - simulation_engine:218 - Progress: T=120.00, Cells=3034
2025-05-27 19:53:50,290 - sim.TradeoffSlope_S40_ResponsiveHG_W40_Rep3.MetricsCollector - INFO - metrics:177 - Metrics @ T=120.00: Cells=3038, MaxR=59.19, Pheno={'G_SPECIALIST': 1945, 'L_SPECIALIST': 1092, 'SWITCHING_GL': 1}
2025-05-27 19:53:50,483 - sim.TradeoffSlope_S40_ResponsiveHG_W40_Rep3.MetricsCollector - INFO - metrics:177 - Metrics @ T=121.00: Cells=3064, MaxR=59.92, Pheno={'G_SPECIALIST': 1945, 'L_SPECIALIST': 1118, 'SWITCHING_GL': 1}
2025-05-27 19:53:50,678 - sim.TradeoffSlope_S40_ResponsiveHG_W40_Rep3.MetricsCollector - INFO - metrics:177 - Metrics @ T=122.00: Cells=3094, MaxR=59.92, Pheno={'G_SPECIALIST': 1945, 'L_SPECIALIST': 1148, 'SWITCHING_GL': 1}
2025-05-27 19:53:50,871 - sim.TradeoffSlope_S40_ResponsiveHG_W40_Rep3.MetricsCollector - INFO - metrics:177 - Metrics @ T=123.00: Cells=3118, MaxR=59.92, Pheno={'G_SPECIALIST': 1945, 'L_SPECIALIST': 1172, 'SWITCHING_GL': 1}
2025-05-27 19:53:51,071 - sim.TradeoffSlope_S40_ResponsiveHG_W40_Rep3.MetricsCollector - INFO - metrics:177 - Metrics @ T=124.00: Cells=3152, MaxR=59.92, Pheno={'G_SPECIALIST': 1945, 'L_SPECIALIST': 1206, 'SWITCHING_GL': 1}
2025-05-27 19:53:51,291 - sim.TradeoffSlope_S40_ResponsiveHG_W40_Rep3.MetricsCollector - INFO - metrics:177 - Metrics @ T=125.00: Cells=3183, MaxR=59.92, Pheno={'G_SPECIALIST': 1945, 'L_SPECIALIST': 1238, 'SWITCHING_GL': 0}
2025-05-27 19:53:51,494 - sim.TradeoffSlope_S40_ResponsiveHG_W40_Rep3.MetricsCollector - INFO - metrics:177 - Metrics @ T=126.00: Cells=3213, MaxR=60.22, Pheno={'G_SPECIALIST': 1945, 'L_SPECIALIST': 1268, 'SWITCHING_GL': 0}
2025-05-27 19:53:51,700 - sim.TradeoffSlope_S40_ResponsiveHG_W40_Rep3.MetricsCollector - INFO - metrics:177 - Metrics @ T=127.00: Cells=3242, MaxR=60.22, Pheno={'G_SPECIALIST': 1945, 'L_SPECIALIST': 1297, 'SWITCHING_GL': 0}
2025-05-27 19:53:51,909 - sim.TradeoffSlope_S40_ResponsiveHG_W40_Rep3.MetricsCollector - INFO - metrics:177 - Metrics @ T=128.00: Cells=3267, MaxR=60.22, Pheno={'G_SPECIALIST': 1945, 'L_SPECIALIST': 1322, 'SWITCHING_GL': 0}
2025-05-27 19:53:52,130 - sim.TradeoffSlope_S40_ResponsiveHG_W40_Rep3.MetricsCollector - INFO - metrics:177 - Metrics @ T=129.00: Cells=3296, MaxR=60.22, Pheno={'G_SPECIALIST': 1945, 'L_SPECIALIST': 1351, 'SWITCHING_GL': 0}
2025-05-27 19:53:52,309 - sim.TradeoffSlope_S40_ResponsiveHG_W40_Rep3 - INFO - simulation_engine:218 - Progress: T=130.00, Cells=3325
2025-05-27 19:53:52,343 - sim.TradeoffSlope_S40_ResponsiveHG_W40_Rep3.MetricsCollector - INFO - metrics:177 - Metrics @ T=130.00: Cells=3327, MaxR=60.22, Pheno={'G_SPECIALIST': 1945, 'L_SPECIALIST': 1382, 'SWITCHING_GL': 0}
2025-05-27 19:53:52,560 - sim.TradeoffSlope_S40_ResponsiveHG_W40_Rep3.MetricsCollector - INFO - metrics:177 - Metrics @ T=131.00: Cells=3360, MaxR=60.22, Pheno={'G_SPECIALIST': 1945, 'L_SPECIALIST': 1415, 'SWITCHING_GL': 0}
2025-05-27 19:53:52,775 - sim.TradeoffSlope_S40_ResponsiveHG_W40_Rep3.MetricsCollector - INFO - metrics:177 - Metrics @ T=132.00: Cells=3385, MaxR=60.22, Pheno={'G_SPECIALIST': 1945, 'L_SPECIALIST': 1440, 'SWITCHING_GL': 0}
2025-05-27 19:53:52,991 - sim.TradeoffSlope_S40_ResponsiveHG_W40_Rep3.MetricsCollector - INFO - metrics:177 - Metrics @ T=133.00: Cells=3420, MaxR=60.70, Pheno={'G_SPECIALIST': 1945, 'L_SPECIALIST': 1475, 'SWITCHING_GL': 0}
2025-05-27 19:53:53,214 - sim.TradeoffSlope_S40_ResponsiveHG_W40_Rep3.MetricsCollector - INFO - metrics:177 - Metrics @ T=134.00: Cells=3450, MaxR=61.94, Pheno={'G_SPECIALIST': 1945, 'L_SPECIALIST': 1505, 'SWITCHING_GL': 0}
2025-05-27 19:53:53,431 - sim.TradeoffSlope_S40_ResponsiveHG_W40_Rep3.MetricsCollector - INFO - metrics:177 - Metrics @ T=135.00: Cells=3469, MaxR=61.94, Pheno={'G_SPECIALIST': 1945, 'L_SPECIALIST': 1524, 'SWITCHING_GL': 0}
2025-05-27 19:53:53,651 - sim.TradeoffSlope_S40_ResponsiveHG_W40_Rep3.MetricsCollector - INFO - metrics:177 - Metrics @ T=136.00: Cells=3495, MaxR=62.38, Pheno={'G_SPECIALIST': 1945, 'L_SPECIALIST': 1550, 'SWITCHING_GL': 0}
2025-05-27 19:53:53,872 - sim.TradeoffSlope_S40_ResponsiveHG_W40_Rep3.MetricsCollector - INFO - metrics:177 - Metrics @ T=137.00: Cells=3517, MaxR=62.38, Pheno={'G_SPECIALIST': 1945, 'L_SPECIALIST': 1572, 'SWITCHING_GL': 0}
2025-05-27 19:53:54,096 - sim.TradeoffSlope_S40_ResponsiveHG_W40_Rep3.MetricsCollector - INFO - metrics:177 - Metrics @ T=138.00: Cells=3550, MaxR=62.38, Pheno={'G_SPECIALIST': 1945, 'L_SPECIALIST': 1605, 'SWITCHING_GL': 0}
2025-05-27 19:53:54,322 - sim.TradeoffSlope_S40_ResponsiveHG_W40_Rep3.MetricsCollector - INFO - metrics:177 - Metrics @ T=139.00: Cells=3578, MaxR=62.38, Pheno={'G_SPECIALIST': 1945, 'L_SPECIALIST': 1633, 'SWITCHING_GL': 0}
2025-05-27 19:53:54,511 - sim.TradeoffSlope_S40_ResponsiveHG_W40_Rep3 - INFO - simulation_engine:218 - Progress: T=140.00, Cells=3598
2025-05-27 19:53:54,549 - sim.TradeoffSlope_S40_ResponsiveHG_W40_Rep3.MetricsCollector - INFO - metrics:177 - Metrics @ T=140.00: Cells=3601, MaxR=62.38, Pheno={'G_SPECIALIST': 1945, 'L_SPECIALIST': 1656, 'SWITCHING_GL': 0}
2025-05-27 19:53:54,787 - sim.TradeoffSlope_S40_ResponsiveHG_W40_Rep3.MetricsCollector - INFO - metrics:177 - Metrics @ T=141.00: Cells=3631, MaxR=63.24, Pheno={'G_SPECIALIST': 1945, 'L_SPECIALIST': 1686, 'SWITCHING_GL': 0}
2025-05-27 19:53:55,037 - sim.TradeoffSlope_S40_ResponsiveHG_W40_Rep3.MetricsCollector - INFO - metrics:177 - Metrics @ T=142.00: Cells=3661, MaxR=64.37, Pheno={'G_SPECIALIST': 1945, 'L_SPECIALIST': 1716, 'SWITCHING_GL': 0}
2025-05-27 19:53:55,267 - sim.TradeoffSlope_S40_ResponsiveHG_W40_Rep3.MetricsCollector - INFO - metrics:177 - Metrics @ T=143.00: Cells=3690, MaxR=64.37, Pheno={'G_SPECIALIST': 1945, 'L_SPECIALIST': 1745, 'SWITCHING_GL': 0}
2025-05-27 19:53:55,499 - sim.TradeoffSlope_S40_ResponsiveHG_W40_Rep3.MetricsCollector - INFO - metrics:177 - Metrics @ T=144.00: Cells=3721, MaxR=64.37, Pheno={'G_SPECIALIST': 1945, 'L_SPECIALIST': 1776, 'SWITCHING_GL': 0}
2025-05-27 19:53:55,734 - sim.TradeoffSlope_S40_ResponsiveHG_W40_Rep3.MetricsCollector - INFO - metrics:177 - Metrics @ T=145.00: Cells=3750, MaxR=64.37, Pheno={'G_SPECIALIST': 1945, 'L_SPECIALIST': 1805, 'SWITCHING_GL': 0}
2025-05-27 19:53:55,973 - sim.TradeoffSlope_S40_ResponsiveHG_W40_Rep3.MetricsCollector - INFO - metrics:177 - Metrics @ T=146.00: Cells=3779, MaxR=64.71, Pheno={'G_SPECIALIST': 1945, 'L_SPECIALIST': 1834, 'SWITCHING_GL': 0}
2025-05-27 19:53:56,216 - sim.TradeoffSlope_S40_ResponsiveHG_W40_Rep3.MetricsCollector - INFO - metrics:177 - Metrics @ T=147.00: Cells=3821, MaxR=64.71, Pheno={'G_SPECIALIST': 1945, 'L_SPECIALIST': 1876, 'SWITCHING_GL': 0}
2025-05-27 19:53:56,458 - sim.TradeoffSlope_S40_ResponsiveHG_W40_Rep3.MetricsCollector - INFO - metrics:177 - Metrics @ T=148.00: Cells=3844, MaxR=64.71, Pheno={'G_SPECIALIST': 1945, 'L_SPECIALIST': 1899, 'SWITCHING_GL': 0}
2025-05-27 19:53:56,703 - sim.TradeoffSlope_S40_ResponsiveHG_W40_Rep3.MetricsCollector - INFO - metrics:177 - Metrics @ T=149.00: Cells=3884, MaxR=65.38, Pheno={'G_SPECIALIST': 1945, 'L_SPECIALIST': 1939, 'SWITCHING_GL': 0}
2025-05-27 19:53:56,908 - sim.TradeoffSlope_S40_ResponsiveHG_W40_Rep3 - INFO - simulation_engine:218 - Progress: T=150.00, Cells=3917
2025-05-27 19:53:56,949 - sim.TradeoffSlope_S40_ResponsiveHG_W40_Rep3.MetricsCollector - INFO - metrics:177 - Metrics @ T=150.00: Cells=3919, MaxR=66.43, Pheno={'G_SPECIALIST': 1945, 'L_SPECIALIST': 1974, 'SWITCHING_GL': 0}
2025-05-27 19:53:57,199 - sim.TradeoffSlope_S40_ResponsiveHG_W40_Rep3.MetricsCollector - INFO - metrics:177 - Metrics @ T=151.00: Cells=3945, MaxR=66.43, Pheno={'G_SPECIALIST': 1945, 'L_SPECIALIST': 2000, 'SWITCHING_GL': 0}
2025-05-27 19:53:57,450 - sim.TradeoffSlope_S40_ResponsiveHG_W40_Rep3.MetricsCollector - INFO - metrics:177 - Metrics @ T=152.00: Cells=3974, MaxR=66.70, Pheno={'G_SPECIALIST': 1945, 'L_SPECIALIST': 2029, 'SWITCHING_GL': 0}
2025-05-27 19:53:57,703 - sim.TradeoffSlope_S40_ResponsiveHG_W40_Rep3.MetricsCollector - INFO - metrics:177 - Metrics @ T=153.00: Cells=4010, MaxR=66.70, Pheno={'G_SPECIALIST': 1945, 'L_SPECIALIST': 2065, 'SWITCHING_GL': 0}
2025-05-27 19:53:57,957 - sim.TradeoffSlope_S40_ResponsiveHG_W40_Rep3.MetricsCollector - INFO - metrics:177 - Metrics @ T=154.00: Cells=4044, MaxR=66.70, Pheno={'G_SPECIALIST': 1945, 'L_SPECIALIST': 2099, 'SWITCHING_GL': 0}
2025-05-27 19:53:58,211 - sim.TradeoffSlope_S40_ResponsiveHG_W40_Rep3.MetricsCollector - INFO - metrics:177 - Metrics @ T=155.00: Cells=4072, MaxR=67.10, Pheno={'G_SPECIALIST': 1945, 'L_SPECIALIST': 2127, 'SWITCHING_GL': 0}
2025-05-27 19:53:58,468 - sim.TradeoffSlope_S40_ResponsiveHG_W40_Rep3.MetricsCollector - INFO - metrics:177 - Metrics @ T=156.00: Cells=4115, MaxR=67.82, Pheno={'G_SPECIALIST': 1945, 'L_SPECIALIST': 2170, 'SWITCHING_GL': 0}
2025-05-27 19:53:58,729 - sim.TradeoffSlope_S40_ResponsiveHG_W40_Rep3.MetricsCollector - INFO - metrics:177 - Metrics @ T=157.00: Cells=4153, MaxR=67.82, Pheno={'G_SPECIALIST': 1945, 'L_SPECIALIST': 2208, 'SWITCHING_GL': 0}
2025-05-27 19:53:58,989 - sim.TradeoffSlope_S40_ResponsiveHG_W40_Rep3.MetricsCollector - INFO - metrics:177 - Metrics @ T=158.00: Cells=4190, MaxR=69.54, Pheno={'G_SPECIALIST': 1945, 'L_SPECIALIST': 2245, 'SWITCHING_GL': 0}
2025-05-27 19:53:59,254 - sim.TradeoffSlope_S40_ResponsiveHG_W40_Rep3.MetricsCollector - INFO - metrics:177 - Metrics @ T=159.00: Cells=4207, MaxR=69.54, Pheno={'G_SPECIALIST': 1945, 'L_SPECIALIST': 2262, 'SWITCHING_GL': 0}
2025-05-27 19:53:59,477 - sim.TradeoffSlope_S40_ResponsiveHG_W40_Rep3 - INFO - simulation_engine:218 - Progress: T=160.00, Cells=4240
2025-05-27 19:53:59,520 - sim.TradeoffSlope_S40_ResponsiveHG_W40_Rep3.MetricsCollector - INFO - metrics:177 - Metrics @ T=160.00: Cells=4244, MaxR=69.54, Pheno={'G_SPECIALIST': 1945, 'L_SPECIALIST': 2299, 'SWITCHING_GL': 0}
2025-05-27 19:53:59,790 - sim.TradeoffSlope_S40_ResponsiveHG_W40_Rep3.MetricsCollector - INFO - metrics:177 - Metrics @ T=161.00: Cells=4274, MaxR=70.55, Pheno={'G_SPECIALIST': 1945, 'L_SPECIALIST': 2329, 'SWITCHING_GL': 0}
2025-05-27 19:54:00,059 - sim.TradeoffSlope_S40_ResponsiveHG_W40_Rep3.MetricsCollector - INFO - metrics:177 - Metrics @ T=162.00: Cells=4309, MaxR=70.55, Pheno={'G_SPECIALIST': 1945, 'L_SPECIALIST': 2364, 'SWITCHING_GL': 0}
2025-05-27 19:54:00,330 - sim.TradeoffSlope_S40_ResponsiveHG_W40_Rep3.MetricsCollector - INFO - metrics:177 - Metrics @ T=163.00: Cells=4340, MaxR=71.27, Pheno={'G_SPECIALIST': 1945, 'L_SPECIALIST': 2395, 'SWITCHING_GL': 0}
2025-05-27 19:54:00,606 - sim.TradeoffSlope_S40_ResponsiveHG_W40_Rep3.MetricsCollector - INFO - metrics:177 - Metrics @ T=164.00: Cells=4373, MaxR=71.58, Pheno={'G_SPECIALIST': 1945, 'L_SPECIALIST': 2428, 'SWITCHING_GL': 0}
2025-05-27 19:54:00,881 - sim.TradeoffSlope_S40_ResponsiveHG_W40_Rep3.MetricsCollector - INFO - metrics:177 - Metrics @ T=165.00: Cells=4411, MaxR=71.58, Pheno={'G_SPECIALIST': 1945, 'L_SPECIALIST': 2466, 'SWITCHING_GL': 0}
2025-05-27 19:54:01,159 - sim.TradeoffSlope_S40_ResponsiveHG_W40_Rep3.MetricsCollector - INFO - metrics:177 - Metrics @ T=166.00: Cells=4448, MaxR=72.64, Pheno={'G_SPECIALIST': 1945, 'L_SPECIALIST': 2503, 'SWITCHING_GL': 0}
2025-05-27 19:54:01,439 - sim.TradeoffSlope_S40_ResponsiveHG_W40_Rep3.MetricsCollector - INFO - metrics:177 - Metrics @ T=167.00: Cells=4488, MaxR=72.64, Pheno={'G_SPECIALIST': 1945, 'L_SPECIALIST': 2543, 'SWITCHING_GL': 0}
2025-05-27 19:54:01,722 - sim.TradeoffSlope_S40_ResponsiveHG_W40_Rep3.MetricsCollector - INFO - metrics:177 - Metrics @ T=168.00: Cells=4540, MaxR=72.99, Pheno={'G_SPECIALIST': 1945, 'L_SPECIALIST': 2595, 'SWITCHING_GL': 0}
2025-05-27 19:54:02,012 - sim.TradeoffSlope_S40_ResponsiveHG_W40_Rep3.MetricsCollector - INFO - metrics:177 - Metrics @ T=169.00: Cells=4575, MaxR=73.99, Pheno={'G_SPECIALIST': 1945, 'L_SPECIALIST': 2630, 'SWITCHING_GL': 0}
2025-05-27 19:54:02,257 - sim.TradeoffSlope_S40_ResponsiveHG_W40_Rep3 - INFO - simulation_engine:218 - Progress: T=170.00, Cells=4599
2025-05-27 19:54:02,304 - sim.TradeoffSlope_S40_ResponsiveHG_W40_Rep3.MetricsCollector - INFO - metrics:177 - Metrics @ T=170.00: Cells=4604, MaxR=73.99, Pheno={'G_SPECIALIST': 1945, 'L_SPECIALIST': 2659, 'SWITCHING_GL': 0}
2025-05-27 19:54:02,593 - sim.TradeoffSlope_S40_ResponsiveHG_W40_Rep3.MetricsCollector - INFO - metrics:177 - Metrics @ T=171.00: Cells=4635, MaxR=73.99, Pheno={'G_SPECIALIST': 1945, 'L_SPECIALIST': 2690, 'SWITCHING_GL': 0}
2025-05-27 19:54:02,886 - sim.TradeoffSlope_S40_ResponsiveHG_W40_Rep3.MetricsCollector - INFO - metrics:177 - Metrics @ T=172.00: Cells=4678, MaxR=73.99, Pheno={'G_SPECIALIST': 1945, 'L_SPECIALIST': 2733, 'SWITCHING_GL': 0}
2025-05-27 19:54:03,185 - sim.TradeoffSlope_S40_ResponsiveHG_W40_Rep3.MetricsCollector - INFO - metrics:177 - Metrics @ T=173.00: Cells=4715, MaxR=73.99, Pheno={'G_SPECIALIST': 1945, 'L_SPECIALIST': 2770, 'SWITCHING_GL': 0}
2025-05-27 19:54:03,498 - sim.TradeoffSlope_S40_ResponsiveHG_W40_Rep3.MetricsCollector - INFO - metrics:177 - Metrics @ T=174.00: Cells=4757, MaxR=73.99, Pheno={'G_SPECIALIST': 1945, 'L_SPECIALIST': 2812, 'SWITCHING_GL': 0}
2025-05-27 19:54:03,804 - sim.TradeoffSlope_S40_ResponsiveHG_W40_Rep3.MetricsCollector - INFO - metrics:177 - Metrics @ T=175.00: Cells=4790, MaxR=73.99, Pheno={'G_SPECIALIST': 1945, 'L_SPECIALIST': 2845, 'SWITCHING_GL': 0}
2025-05-27 19:54:04,106 - sim.TradeoffSlope_S40_ResponsiveHG_W40_Rep3.MetricsCollector - INFO - metrics:177 - Metrics @ T=176.00: Cells=4824, MaxR=73.99, Pheno={'G_SPECIALIST': 1945, 'L_SPECIALIST': 2879, 'SWITCHING_GL': 0}
2025-05-27 19:54:04,413 - sim.TradeoffSlope_S40_ResponsiveHG_W40_Rep3.MetricsCollector - INFO - metrics:177 - Metrics @ T=177.00: Cells=4876, MaxR=73.99, Pheno={'G_SPECIALIST': 1945, 'L_SPECIALIST': 2931, 'SWITCHING_GL': 0}
2025-05-27 19:54:04,722 - sim.TradeoffSlope_S40_ResponsiveHG_W40_Rep3.MetricsCollector - INFO - metrics:177 - Metrics @ T=178.00: Cells=4915, MaxR=74.84, Pheno={'G_SPECIALIST': 1945, 'L_SPECIALIST': 2970, 'SWITCHING_GL': 0}
2025-05-27 19:54:05,039 - sim.TradeoffSlope_S40_ResponsiveHG_W40_Rep3.MetricsCollector - INFO - metrics:177 - Metrics @ T=179.00: Cells=4938, MaxR=74.84, Pheno={'G_SPECIALIST': 1945, 'L_SPECIALIST': 2993, 'SWITCHING_GL': 0}
2025-05-27 19:54:05,306 - sim.TradeoffSlope_S40_ResponsiveHG_W40_Rep3 - INFO - simulation_engine:218 - Progress: T=180.00, Cells=4971
2025-05-27 19:54:05,357 - sim.TradeoffSlope_S40_ResponsiveHG_W40_Rep3.MetricsCollector - INFO - metrics:177 - Metrics @ T=180.00: Cells=4974, MaxR=75.48, Pheno={'G_SPECIALIST': 1945, 'L_SPECIALIST': 3029, 'SWITCHING_GL': 0}
2025-05-27 19:54:05,672 - sim.TradeoffSlope_S40_ResponsiveHG_W40_Rep3.MetricsCollector - INFO - metrics:177 - Metrics @ T=181.00: Cells=5013, MaxR=75.48, Pheno={'G_SPECIALIST': 1945, 'L_SPECIALIST': 3068, 'SWITCHING_GL': 0}
2025-05-27 19:54:05,989 - sim.TradeoffSlope_S40_ResponsiveHG_W40_Rep3.MetricsCollector - INFO - metrics:177 - Metrics @ T=182.00: Cells=5048, MaxR=75.48, Pheno={'G_SPECIALIST': 1945, 'L_SPECIALIST': 3103, 'SWITCHING_GL': 0}
2025-05-27 19:54:06,309 - sim.TradeoffSlope_S40_ResponsiveHG_W40_Rep3.MetricsCollector - INFO - metrics:177 - Metrics @ T=183.00: Cells=5086, MaxR=76.07, Pheno={'G_SPECIALIST': 1945, 'L_SPECIALIST': 3141, 'SWITCHING_GL': 0}
2025-05-27 19:54:06,633 - sim.TradeoffSlope_S40_ResponsiveHG_W40_Rep3.MetricsCollector - INFO - metrics:177 - Metrics @ T=184.00: Cells=5127, MaxR=76.07, Pheno={'G_SPECIALIST': 1945, 'L_SPECIALIST': 3182, 'SWITCHING_GL': 0}
2025-05-27 19:54:06,960 - sim.TradeoffSlope_S40_ResponsiveHG_W40_Rep3.MetricsCollector - INFO - metrics:177 - Metrics @ T=185.00: Cells=5176, MaxR=76.07, Pheno={'G_SPECIALIST': 1945, 'L_SPECIALIST': 3231, 'SWITCHING_GL': 0}
2025-05-27 19:54:07,288 - sim.TradeoffSlope_S40_ResponsiveHG_W40_Rep3.MetricsCollector - INFO - metrics:177 - Metrics @ T=186.00: Cells=5212, MaxR=76.07, Pheno={'G_SPECIALIST': 1945, 'L_SPECIALIST': 3267, 'SWITCHING_GL': 0}
2025-05-27 19:54:07,618 - sim.TradeoffSlope_S40_ResponsiveHG_W40_Rep3.MetricsCollector - INFO - metrics:177 - Metrics @ T=187.00: Cells=5257, MaxR=76.07, Pheno={'G_SPECIALIST': 1945, 'L_SPECIALIST': 3312, 'SWITCHING_GL': 0}
2025-05-27 19:54:07,956 - sim.TradeoffSlope_S40_ResponsiveHG_W40_Rep3.MetricsCollector - INFO - metrics:177 - Metrics @ T=188.00: Cells=5316, MaxR=76.07, Pheno={'G_SPECIALIST': 1945, 'L_SPECIALIST': 3371, 'SWITCHING_GL': 0}
2025-05-27 19:54:08,302 - sim.TradeoffSlope_S40_ResponsiveHG_W40_Rep3.MetricsCollector - INFO - metrics:177 - Metrics @ T=189.00: Cells=5378, MaxR=76.45, Pheno={'G_SPECIALIST': 1945, 'L_SPECIALIST': 3433, 'SWITCHING_GL': 0}
2025-05-27 19:54:08,587 - sim.TradeoffSlope_S40_ResponsiveHG_W40_Rep3 - INFO - simulation_engine:218 - Progress: T=190.00, Cells=5411
2025-05-27 19:54:08,644 - sim.TradeoffSlope_S40_ResponsiveHG_W40_Rep3.MetricsCollector - INFO - metrics:177 - Metrics @ T=190.00: Cells=5417, MaxR=76.45, Pheno={'G_SPECIALIST': 1945, 'L_SPECIALIST': 3472, 'SWITCHING_GL': 0}
2025-05-27 19:54:08,986 - sim.TradeoffSlope_S40_ResponsiveHG_W40_Rep3.MetricsCollector - INFO - metrics:177 - Metrics @ T=191.00: Cells=5460, MaxR=76.45, Pheno={'G_SPECIALIST': 1945, 'L_SPECIALIST': 3515, 'SWITCHING_GL': 0}
2025-05-27 19:54:09,349 - sim.TradeoffSlope_S40_ResponsiveHG_W40_Rep3.MetricsCollector - INFO - metrics:177 - Metrics @ T=192.00: Cells=5509, MaxR=76.74, Pheno={'G_SPECIALIST': 1945, 'L_SPECIALIST': 3564, 'SWITCHING_GL': 0}
2025-05-27 19:54:09,697 - sim.TradeoffSlope_S40_ResponsiveHG_W40_Rep3.MetricsCollector - INFO - metrics:177 - Metrics @ T=193.00: Cells=5552, MaxR=76.74, Pheno={'G_SPECIALIST': 1945, 'L_SPECIALIST': 3607, 'SWITCHING_GL': 0}
2025-05-27 19:54:10,047 - sim.TradeoffSlope_S40_ResponsiveHG_W40_Rep3.MetricsCollector - INFO - metrics:177 - Metrics @ T=194.00: Cells=5601, MaxR=77.44, Pheno={'G_SPECIALIST': 1945, 'L_SPECIALIST': 3656, 'SWITCHING_GL': 0}
2025-05-27 19:54:10,406 - sim.TradeoffSlope_S40_ResponsiveHG_W40_Rep3.MetricsCollector - INFO - metrics:177 - Metrics @ T=195.00: Cells=5657, MaxR=77.44, Pheno={'G_SPECIALIST': 1945, 'L_SPECIALIST': 3712, 'SWITCHING_GL': 0}
2025-05-27 19:54:10,769 - sim.TradeoffSlope_S40_ResponsiveHG_W40_Rep3.MetricsCollector - INFO - metrics:177 - Metrics @ T=196.00: Cells=5704, MaxR=77.44, Pheno={'G_SPECIALIST': 1945, 'L_SPECIALIST': 3759, 'SWITCHING_GL': 0}
2025-05-27 19:54:11,130 - sim.TradeoffSlope_S40_ResponsiveHG_W40_Rep3.MetricsCollector - INFO - metrics:177 - Metrics @ T=197.00: Cells=5744, MaxR=79.16, Pheno={'G_SPECIALIST': 1945, 'L_SPECIALIST': 3799, 'SWITCHING_GL': 0}
2025-05-27 19:54:11,493 - sim.TradeoffSlope_S40_ResponsiveHG_W40_Rep3.MetricsCollector - INFO - metrics:177 - Metrics @ T=198.00: Cells=5786, MaxR=79.16, Pheno={'G_SPECIALIST': 1945, 'L_SPECIALIST': 3841, 'SWITCHING_GL': 0}
2025-05-27 19:54:11,862 - sim.TradeoffSlope_S40_ResponsiveHG_W40_Rep3.MetricsCollector - INFO - metrics:177 - Metrics @ T=199.00: Cells=5829, MaxR=79.16, Pheno={'G_SPECIALIST': 1945, 'L_SPECIALIST': 3884, 'SWITCHING_GL': 0}
2025-05-27 19:54:12,174 - sim.TradeoffSlope_S40_ResponsiveHG_W40_Rep3 - INFO - simulation_engine:218 - Progress: T=200.00, Cells=5864
2025-05-27 19:54:12,235 - sim.TradeoffSlope_S40_ResponsiveHG_W40_Rep3.MetricsCollector - INFO - metrics:177 - Metrics @ T=200.00: Cells=5867, MaxR=79.16, Pheno={'G_SPECIALIST': 1945, 'L_SPECIALIST': 3922, 'SWITCHING_GL': 0}
2025-05-27 19:54:12,269 - sim.TradeoffSlope_S40_ResponsiveHG_W40_Rep3 - INFO - simulation_engine:238 - Sim run finished: TradeoffSlope_S40_ResponsiveHG_W40_Rep3. Wall-clock: 32.768s.
2025-05-27 19:54:12,269 - sim.TradeoffSlope_S40_ResponsiveHG_W40_Rep3 - INFO - simulation_engine:241 - Final state: SimTime=200.10, Steps=2001, Cells=5871.
2025-05-27 19:54:12,269 - sim.TradeoffSlope_S40_ResponsiveHG_W40_Rep3.MetricsCollector - INFO - metrics:300 - Finalizing data collection and exporting results...
2025-05-27 19:54:12,269 - sim.TradeoffSlope_S40_ResponsiveHG_W40_Rep3.MetricsCollector - INFO - metrics:312 - --- Simulation Summary (Log) ---
time: 199.99999999999292
total_cell_count: 5867
phenotype_counts: {'G_SPECIALIST': 1945, 'L_SPECIALIST': 3922, 'SWITCHING_GL': 0}
avg_radial_distance: 46.62802862219035
max_radial_distance: 79.16438593205912
min_radial_distance: 0.0
std_dev_radial_distance: 16.688029188839202
median_radial_distance: 49.38623289946298
frontier_lag_G_to_L: (details in files)
frontier_traits: (details in files)
overall_radial_expansion_velocity: 0.3871616756224649
config_exp_name: TradeoffSlope_S40_ResponsiveHG_W40_Rep3

2025-05-27 19:54:12,290 - sim.TradeoffSlope_S40_ResponsiveHG_W40_Rep3.MetricsCollector - INFO - metrics:242 - Time series data exported to results\TradeoffSlope_S40_ResponsiveHG_W40_Rep3\time_series_data.csv
2025-05-27 19:54:12,292 - sim.TradeoffSlope_S40_ResponsiveHG_W40_Rep3.MetricsCollector - INFO - metrics:267 - Summary data exported to results\TradeoffSlope_S40_ResponsiveHG_W40_Rep3\summary.json
2025-05-27 19:54:12,292 - sim.TradeoffSlope_S40_ResponsiveHG_W40_Rep3.MetricsCollector - INFO - metrics:275 - No kymograph data to export.
2025-05-27 19:54:12,292 - sim.TradeoffSlope_S40_ResponsiveHG_W40_Rep3.MetricsCollector - INFO - metrics:316 - All data export finalized for TradeoffSlope_S40_ResponsiveHG_W40_Rep3.
2025-05-27 19:54:12,292 - sim.TradeoffSlope_S40_ResponsiveHG_W40_Rep3 - INFO - simulation_engine:276 - Simulation fully complete.
