2025-05-27 19:51:51,958 - sim.TradeoffSlope_S20_BetHedging0.5_W40_Rep3 - INFO - simulation_engine:37 - Initializing SimulationEngine for experiment: TradeoffSlope_S20_BetHedging0.5_W40_Rep3
2025-05-27 19:51:51,959 - sim.TradeoffSlope_S20_BetHedging0.5_W40_Rep3 - INFO - simulation_engine:70 - Visualization disabled.
2025-05-27 19:51:51,959 - sim.TradeoffSlope_S20_BetHedging0.5_W40_Rep3 - INFO - simulation_engine:202 - Starting simulation: TradeoffSlope_S20_BetHedging0.5_W40_Rep3
2025-05-27 19:51:51,959 - sim.TradeoffSlope_S20_BetHedging0.5_W40_Rep3 - INFO - simulation_engine:204 - Colony initialized: 5 cells.
2025-05-27 19:51:51,960 - sim.TradeoffSlope_S20_BetHedging0.5_W40_Rep3.MetricsCollector - INFO - metrics:177 - Metrics @ T=0.00: Cells=5, MaxR=1.73, Pheno={'G_SPECIALIST': 5, 'L_SPECIALIST': 0, 'SWITCHING_GL': 0}
2025-05-27 19:51:51,961 - sim.TradeoffSlope_S20_BetHedging0.5_W40_Rep3.MetricsCollector - INFO - metrics:177 - Metrics @ T=1.00: Cells=5, MaxR=1.73, Pheno={'G_SPECIALIST': 5, 'L_SPECIALIST': 0, 'SWITCHING_GL': 0}
2025-05-27 19:51:51,962 - sim.TradeoffSlope_S20_BetHedging0.5_W40_Rep3.MetricsCollector - INFO - metrics:177 - Metrics @ T=2.00: Cells=5, MaxR=1.73, Pheno={'G_SPECIALIST': 5, 'L_SPECIALIST': 0, 'SWITCHING_GL': 0}
2025-05-27 19:51:51,963 - sim.TradeoffSlope_S20_BetHedging0.5_W40_Rep3.MetricsCollector - INFO - metrics:177 - Metrics @ T=3.00: Cells=5, MaxR=1.73, Pheno={'G_SPECIALIST': 5, 'L_SPECIALIST': 0, 'SWITCHING_GL': 0}
2025-05-27 19:51:51,963 - sim.TradeoffSlope_S20_BetHedging0.5_W40_Rep3.MetricsCollector - INFO - metrics:177 - Metrics @ T=4.00: Cells=5, MaxR=1.73, Pheno={'G_SPECIALIST': 5, 'L_SPECIALIST': 0, 'SWITCHING_GL': 0}
2025-05-27 19:51:51,964 - sim.TradeoffSlope_S20_BetHedging0.5_W40_Rep3.MetricsCollector - INFO - metrics:177 - Metrics @ T=5.00: Cells=5, MaxR=1.73, Pheno={'G_SPECIALIST': 5, 'L_SPECIALIST': 0, 'SWITCHING_GL': 0}
2025-05-27 19:51:51,965 - sim.TradeoffSlope_S20_BetHedging0.5_W40_Rep3.MetricsCollector - INFO - metrics:177 - Metrics @ T=6.00: Cells=6, MaxR=3.46, Pheno={'G_SPECIALIST': 6, 'L_SPECIALIST': 0, 'SWITCHING_GL': 0}
2025-05-27 19:51:51,965 - sim.TradeoffSlope_S20_BetHedging0.5_W40_Rep3.MetricsCollector - INFO - metrics:177 - Metrics @ T=7.00: Cells=7, MaxR=4.58, Pheno={'G_SPECIALIST': 7, 'L_SPECIALIST': 0, 'SWITCHING_GL': 0}
2025-05-27 19:51:51,966 - sim.TradeoffSlope_S20_BetHedging0.5_W40_Rep3.MetricsCollector - INFO - metrics:177 - Metrics @ T=8.00: Cells=7, MaxR=4.58, Pheno={'G_SPECIALIST': 7, 'L_SPECIALIST': 0, 'SWITCHING_GL': 0}
2025-05-27 19:51:51,967 - sim.TradeoffSlope_S20_BetHedging0.5_W40_Rep3.MetricsCollector - INFO - metrics:177 - Metrics @ T=9.00: Cells=11, MaxR=6.24, Pheno={'G_SPECIALIST': 11, 'L_SPECIALIST': 0, 'SWITCHING_GL': 0}
2025-05-27 19:51:51,968 - sim.TradeoffSlope_S20_BetHedging0.5_W40_Rep3 - INFO - simulation_engine:218 - Progress: T=10.00, Cells=12
2025-05-27 19:51:51,969 - sim.TradeoffSlope_S20_BetHedging0.5_W40_Rep3.MetricsCollector - INFO - metrics:177 - Metrics @ T=10.00: Cells=12, MaxR=6.93, Pheno={'G_SPECIALIST': 12, 'L_SPECIALIST': 0, 'SWITCHING_GL': 0}
2025-05-27 19:51:51,970 - sim.TradeoffSlope_S20_BetHedging0.5_W40_Rep3.MetricsCollector - INFO - metrics:177 - Metrics @ T=11.00: Cells=15, MaxR=9.17, Pheno={'G_SPECIALIST': 15, 'L_SPECIALIST': 0, 'SWITCHING_GL': 0}
2025-05-27 19:51:51,972 - sim.TradeoffSlope_S20_BetHedging0.5_W40_Rep3.MetricsCollector - INFO - metrics:177 - Metrics @ T=12.00: Cells=22, MaxR=9.64, Pheno={'G_SPECIALIST': 22, 'L_SPECIALIST': 0, 'SWITCHING_GL': 0}
2025-05-27 19:51:51,974 - sim.TradeoffSlope_S20_BetHedging0.5_W40_Rep3.MetricsCollector - INFO - metrics:177 - Metrics @ T=13.00: Cells=24, MaxR=10.82, Pheno={'G_SPECIALIST': 24, 'L_SPECIALIST': 0, 'SWITCHING_GL': 0}
2025-05-27 19:51:51,976 - sim.TradeoffSlope_S20_BetHedging0.5_W40_Rep3.MetricsCollector - INFO - metrics:177 - Metrics @ T=14.00: Cells=29, MaxR=12.49, Pheno={'G_SPECIALIST': 29, 'L_SPECIALIST': 0, 'SWITCHING_GL': 0}
2025-05-27 19:51:51,979 - sim.TradeoffSlope_S20_BetHedging0.5_W40_Rep3.MetricsCollector - INFO - metrics:177 - Metrics @ T=15.00: Cells=33, MaxR=12.49, Pheno={'G_SPECIALIST': 33, 'L_SPECIALIST': 0, 'SWITCHING_GL': 0}
2025-05-27 19:51:51,983 - sim.TradeoffSlope_S20_BetHedging0.5_W40_Rep3.MetricsCollector - INFO - metrics:177 - Metrics @ T=16.00: Cells=49, MaxR=15.39, Pheno={'G_SPECIALIST': 49, 'L_SPECIALIST': 0, 'SWITCHING_GL': 0}
2025-05-27 19:51:51,986 - sim.TradeoffSlope_S20_BetHedging0.5_W40_Rep3.MetricsCollector - INFO - metrics:177 - Metrics @ T=17.00: Cells=56, MaxR=17.06, Pheno={'G_SPECIALIST': 56, 'L_SPECIALIST': 0, 'SWITCHING_GL': 0}
2025-05-27 19:51:51,990 - sim.TradeoffSlope_S20_BetHedging0.5_W40_Rep3.MetricsCollector - INFO - metrics:177 - Metrics @ T=18.00: Cells=64, MaxR=18.08, Pheno={'G_SPECIALIST': 64, 'L_SPECIALIST': 0, 'SWITCHING_GL': 0}
2025-05-27 19:51:51,995 - sim.TradeoffSlope_S20_BetHedging0.5_W40_Rep3.MetricsCollector - INFO - metrics:177 - Metrics @ T=19.00: Cells=74, MaxR=18.33, Pheno={'G_SPECIALIST': 74, 'L_SPECIALIST': 0, 'SWITCHING_GL': 0}
2025-05-27 19:51:52,000 - sim.TradeoffSlope_S20_BetHedging0.5_W40_Rep3 - INFO - simulation_engine:218 - Progress: T=20.00, Cells=83
2025-05-27 19:51:52,002 - sim.TradeoffSlope_S20_BetHedging0.5_W40_Rep3.MetricsCollector - INFO - metrics:177 - Metrics @ T=20.00: Cells=83, MaxR=19.67, Pheno={'G_SPECIALIST': 83, 'L_SPECIALIST': 0, 'SWITCHING_GL': 0}
2025-05-27 19:51:52,007 - sim.TradeoffSlope_S20_BetHedging0.5_W40_Rep3.MetricsCollector - INFO - metrics:177 - Metrics @ T=21.00: Cells=90, MaxR=19.67, Pheno={'G_SPECIALIST': 90, 'L_SPECIALIST': 0, 'SWITCHING_GL': 0}
2025-05-27 19:51:52,015 - sim.TradeoffSlope_S20_BetHedging0.5_W40_Rep3.MetricsCollector - INFO - metrics:177 - Metrics @ T=22.00: Cells=104, MaxR=21.63, Pheno={'G_SPECIALIST': 104, 'L_SPECIALIST': 0, 'SWITCHING_GL': 0}
2025-05-27 19:51:52,022 - sim.TradeoffSlope_S20_BetHedging0.5_W40_Rep3.MetricsCollector - INFO - metrics:177 - Metrics @ T=23.00: Cells=112, MaxR=21.63, Pheno={'G_SPECIALIST': 112, 'L_SPECIALIST': 0, 'SWITCHING_GL': 0}
2025-05-27 19:51:52,030 - sim.TradeoffSlope_S20_BetHedging0.5_W40_Rep3.MetricsCollector - INFO - metrics:177 - Metrics @ T=24.00: Cells=127, MaxR=21.63, Pheno={'G_SPECIALIST': 127, 'L_SPECIALIST': 0, 'SWITCHING_GL': 0}
2025-05-27 19:51:52,039 - sim.TradeoffSlope_S20_BetHedging0.5_W40_Rep3.MetricsCollector - INFO - metrics:177 - Metrics @ T=25.00: Cells=135, MaxR=22.65, Pheno={'G_SPECIALIST': 135, 'L_SPECIALIST': 0, 'SWITCHING_GL': 0}
2025-05-27 19:51:52,048 - sim.TradeoffSlope_S20_BetHedging0.5_W40_Rep3.MetricsCollector - INFO - metrics:177 - Metrics @ T=26.00: Cells=146, MaxR=22.65, Pheno={'G_SPECIALIST': 146, 'L_SPECIALIST': 0, 'SWITCHING_GL': 0}
2025-05-27 19:51:52,059 - sim.TradeoffSlope_S20_BetHedging0.5_W40_Rep3.MetricsCollector - INFO - metrics:177 - Metrics @ T=27.00: Cells=164, MaxR=24.56, Pheno={'G_SPECIALIST': 164, 'L_SPECIALIST': 0, 'SWITCHING_GL': 0}
2025-05-27 19:51:52,071 - sim.TradeoffSlope_S20_BetHedging0.5_W40_Rep3.MetricsCollector - INFO - metrics:177 - Metrics @ T=28.00: Cells=182, MaxR=24.56, Pheno={'G_SPECIALIST': 182, 'L_SPECIALIST': 0, 'SWITCHING_GL': 0}
2025-05-27 19:51:52,084 - sim.TradeoffSlope_S20_BetHedging0.5_W40_Rep3.MetricsCollector - INFO - metrics:177 - Metrics @ T=29.00: Cells=197, MaxR=24.56, Pheno={'G_SPECIALIST': 197, 'L_SPECIALIST': 0, 'SWITCHING_GL': 0}
2025-05-27 19:51:52,094 - sim.TradeoffSlope_S20_BetHedging0.5_W40_Rep3 - INFO - simulation_engine:218 - Progress: T=30.00, Cells=214
2025-05-27 19:51:52,096 - sim.TradeoffSlope_S20_BetHedging0.5_W40_Rep3.MetricsCollector - INFO - metrics:177 - Metrics @ T=30.00: Cells=214, MaxR=24.98, Pheno={'G_SPECIALIST': 214, 'L_SPECIALIST': 0, 'SWITCHING_GL': 0}
2025-05-27 19:51:52,113 - sim.TradeoffSlope_S20_BetHedging0.5_W40_Rep3.MetricsCollector - INFO - metrics:177 - Metrics @ T=31.00: Cells=229, MaxR=24.98, Pheno={'G_SPECIALIST': 229, 'L_SPECIALIST': 0, 'SWITCHING_GL': 0}
2025-05-27 19:51:52,129 - sim.TradeoffSlope_S20_BetHedging0.5_W40_Rep3.MetricsCollector - INFO - metrics:177 - Metrics @ T=32.00: Cells=248, MaxR=26.21, Pheno={'G_SPECIALIST': 248, 'L_SPECIALIST': 0, 'SWITCHING_GL': 0}
2025-05-27 19:51:52,146 - sim.TradeoffSlope_S20_BetHedging0.5_W40_Rep3.MetricsCollector - INFO - metrics:177 - Metrics @ T=33.00: Cells=269, MaxR=26.66, Pheno={'G_SPECIALIST': 269, 'L_SPECIALIST': 0, 'SWITCHING_GL': 0}
2025-05-27 19:51:52,164 - sim.TradeoffSlope_S20_BetHedging0.5_W40_Rep3.MetricsCollector - INFO - metrics:177 - Metrics @ T=34.00: Cells=287, MaxR=26.66, Pheno={'G_SPECIALIST': 287, 'L_SPECIALIST': 0, 'SWITCHING_GL': 0}
2025-05-27 19:51:52,185 - sim.TradeoffSlope_S20_BetHedging0.5_W40_Rep3.MetricsCollector - INFO - metrics:177 - Metrics @ T=35.00: Cells=309, MaxR=28.35, Pheno={'G_SPECIALIST': 309, 'L_SPECIALIST': 0, 'SWITCHING_GL': 0}
2025-05-27 19:51:52,205 - sim.TradeoffSlope_S20_BetHedging0.5_W40_Rep3.MetricsCollector - INFO - metrics:177 - Metrics @ T=36.00: Cells=329, MaxR=28.51, Pheno={'G_SPECIALIST': 329, 'L_SPECIALIST': 0, 'SWITCHING_GL': 0}
2025-05-27 19:51:52,228 - sim.TradeoffSlope_S20_BetHedging0.5_W40_Rep3.MetricsCollector - INFO - metrics:177 - Metrics @ T=37.00: Cells=356, MaxR=30.05, Pheno={'G_SPECIALIST': 356, 'L_SPECIALIST': 0, 'SWITCHING_GL': 0}
2025-05-27 19:51:52,251 - sim.TradeoffSlope_S20_BetHedging0.5_W40_Rep3.MetricsCollector - INFO - metrics:177 - Metrics @ T=38.00: Cells=391, MaxR=32.45, Pheno={'G_SPECIALIST': 391, 'L_SPECIALIST': 0, 'SWITCHING_GL': 0}
2025-05-27 19:51:52,278 - sim.TradeoffSlope_S20_BetHedging0.5_W40_Rep3.MetricsCollector - INFO - metrics:177 - Metrics @ T=39.00: Cells=421, MaxR=33.18, Pheno={'G_SPECIALIST': 421, 'L_SPECIALIST': 0, 'SWITCHING_GL': 0}
2025-05-27 19:51:52,301 - sim.TradeoffSlope_S20_BetHedging0.5_W40_Rep3 - INFO - simulation_engine:218 - Progress: T=40.00, Cells=450
2025-05-27 19:51:52,306 - sim.TradeoffSlope_S20_BetHedging0.5_W40_Rep3.MetricsCollector - INFO - metrics:177 - Metrics @ T=40.00: Cells=456, MaxR=33.72, Pheno={'G_SPECIALIST': 456, 'L_SPECIALIST': 0, 'SWITCHING_GL': 0}
2025-05-27 19:51:52,337 - sim.TradeoffSlope_S20_BetHedging0.5_W40_Rep3.MetricsCollector - INFO - metrics:177 - Metrics @ T=41.00: Cells=489, MaxR=37.47, Pheno={'G_SPECIALIST': 489, 'L_SPECIALIST': 0, 'SWITCHING_GL': 0}
2025-05-27 19:51:52,370 - sim.TradeoffSlope_S20_BetHedging0.5_W40_Rep3.MetricsCollector - INFO - metrics:177 - Metrics @ T=42.00: Cells=523, MaxR=38.30, Pheno={'G_SPECIALIST': 523, 'L_SPECIALIST': 0, 'SWITCHING_GL': 0}
2025-05-27 19:51:52,404 - sim.TradeoffSlope_S20_BetHedging0.5_W40_Rep3.MetricsCollector - INFO - metrics:177 - Metrics @ T=43.00: Cells=560, MaxR=39.69, Pheno={'G_SPECIALIST': 560, 'L_SPECIALIST': 0, 'SWITCHING_GL': 0}
2025-05-27 19:51:52,440 - sim.TradeoffSlope_S20_BetHedging0.5_W40_Rep3.MetricsCollector - INFO - metrics:177 - Metrics @ T=44.00: Cells=590, MaxR=40.36, Pheno={'G_SPECIALIST': 589, 'SWITCHING_GL': 1, 'L_SPECIALIST': 0}
2025-05-27 19:51:52,481 - sim.TradeoffSlope_S20_BetHedging0.5_W40_Rep3.MetricsCollector - INFO - metrics:177 - Metrics @ T=45.00: Cells=621, MaxR=40.84, Pheno={'G_SPECIALIST': 619, 'SWITCHING_GL': 2, 'L_SPECIALIST': 0}
2025-05-27 19:51:52,523 - sim.TradeoffSlope_S20_BetHedging0.5_W40_Rep3.MetricsCollector - INFO - metrics:177 - Metrics @ T=46.00: Cells=665, MaxR=40.84, Pheno={'G_SPECIALIST': 663, 'SWITCHING_GL': 2, 'L_SPECIALIST': 0}
2025-05-27 19:51:52,568 - sim.TradeoffSlope_S20_BetHedging0.5_W40_Rep3.MetricsCollector - INFO - metrics:177 - Metrics @ T=47.00: Cells=718, MaxR=40.84, Pheno={'G_SPECIALIST': 715, 'SWITCHING_GL': 3, 'L_SPECIALIST': 0}
2025-05-27 19:51:52,615 - sim.TradeoffSlope_S20_BetHedging0.5_W40_Rep3.MetricsCollector - INFO - metrics:177 - Metrics @ T=48.00: Cells=748, MaxR=40.84, Pheno={'G_SPECIALIST': 745, 'SWITCHING_GL': 3, 'L_SPECIALIST': 0}
2025-05-27 19:51:52,666 - sim.TradeoffSlope_S20_BetHedging0.5_W40_Rep3.MetricsCollector - INFO - metrics:177 - Metrics @ T=49.00: Cells=786, MaxR=40.95, Pheno={'G_SPECIALIST': 782, 'L_SPECIALIST': 1, 'SWITCHING_GL': 3}
2025-05-27 19:51:52,709 - sim.TradeoffSlope_S20_BetHedging0.5_W40_Rep3 - INFO - simulation_engine:218 - Progress: T=50.00, Cells=827
2025-05-27 19:51:52,718 - sim.TradeoffSlope_S20_BetHedging0.5_W40_Rep3.MetricsCollector - INFO - metrics:177 - Metrics @ T=50.00: Cells=830, MaxR=41.24, Pheno={'G_SPECIALIST': 825, 'L_SPECIALIST': 2, 'SWITCHING_GL': 3}
2025-05-27 19:51:52,772 - sim.TradeoffSlope_S20_BetHedging0.5_W40_Rep3.MetricsCollector - INFO - metrics:177 - Metrics @ T=51.00: Cells=863, MaxR=41.61, Pheno={'G_SPECIALIST': 857, 'L_SPECIALIST': 3, 'SWITCHING_GL': 3}
2025-05-27 19:51:52,828 - sim.TradeoffSlope_S20_BetHedging0.5_W40_Rep3.MetricsCollector - INFO - metrics:177 - Metrics @ T=52.00: Cells=906, MaxR=42.88, Pheno={'G_SPECIALIST': 899, 'L_SPECIALIST': 5, 'SWITCHING_GL': 2}
2025-05-27 19:51:52,887 - sim.TradeoffSlope_S20_BetHedging0.5_W40_Rep3.MetricsCollector - INFO - metrics:177 - Metrics @ T=53.00: Cells=950, MaxR=42.88, Pheno={'G_SPECIALIST': 941, 'L_SPECIALIST': 5, 'SWITCHING_GL': 4}
2025-05-27 19:51:52,949 - sim.TradeoffSlope_S20_BetHedging0.5_W40_Rep3.MetricsCollector - INFO - metrics:177 - Metrics @ T=54.00: Cells=994, MaxR=42.88, Pheno={'G_SPECIALIST': 983, 'L_SPECIALIST': 6, 'SWITCHING_GL': 5}
2025-05-27 19:51:53,012 - sim.TradeoffSlope_S20_BetHedging0.5_W40_Rep3.MetricsCollector - INFO - metrics:177 - Metrics @ T=55.00: Cells=1035, MaxR=42.88, Pheno={'G_SPECIALIST': 1022, 'L_SPECIALIST': 8, 'SWITCHING_GL': 5}
2025-05-27 19:51:53,080 - sim.TradeoffSlope_S20_BetHedging0.5_W40_Rep3.MetricsCollector - INFO - metrics:177 - Metrics @ T=56.00: Cells=1070, MaxR=42.88, Pheno={'G_SPECIALIST': 1055, 'L_SPECIALIST': 9, 'SWITCHING_GL': 6}
2025-05-27 19:51:53,148 - sim.TradeoffSlope_S20_BetHedging0.5_W40_Rep3.MetricsCollector - INFO - metrics:177 - Metrics @ T=57.00: Cells=1101, MaxR=42.88, Pheno={'G_SPECIALIST': 1086, 'L_SPECIALIST': 9, 'SWITCHING_GL': 6}
2025-05-27 19:51:53,221 - sim.TradeoffSlope_S20_BetHedging0.5_W40_Rep3.MetricsCollector - INFO - metrics:177 - Metrics @ T=58.00: Cells=1138, MaxR=42.88, Pheno={'G_SPECIALIST': 1122, 'L_SPECIALIST': 11, 'SWITCHING_GL': 5}
2025-05-27 19:51:53,294 - sim.TradeoffSlope_S20_BetHedging0.5_W40_Rep3.MetricsCollector - INFO - metrics:177 - Metrics @ T=59.00: Cells=1169, MaxR=42.88, Pheno={'G_SPECIALIST': 1152, 'L_SPECIALIST': 14, 'SWITCHING_GL': 3}
2025-05-27 19:51:53,358 - sim.TradeoffSlope_S20_BetHedging0.5_W40_Rep3 - INFO - simulation_engine:218 - Progress: T=60.00, Cells=1204
2025-05-27 19:51:53,372 - sim.TradeoffSlope_S20_BetHedging0.5_W40_Rep3.MetricsCollector - INFO - metrics:177 - Metrics @ T=60.00: Cells=1209, MaxR=42.88, Pheno={'G_SPECIALIST': 1189, 'L_SPECIALIST': 18, 'SWITCHING_GL': 2}
2025-05-27 19:51:53,450 - sim.TradeoffSlope_S20_BetHedging0.5_W40_Rep3.MetricsCollector - INFO - metrics:177 - Metrics @ T=61.00: Cells=1245, MaxR=44.23, Pheno={'G_SPECIALIST': 1220, 'L_SPECIALIST': 22, 'SWITCHING_GL': 3}
2025-05-27 19:51:53,530 - sim.TradeoffSlope_S20_BetHedging0.5_W40_Rep3.MetricsCollector - INFO - metrics:177 - Metrics @ T=62.00: Cells=1297, MaxR=44.23, Pheno={'G_SPECIALIST': 1270, 'L_SPECIALIST': 23, 'SWITCHING_GL': 4}
2025-05-27 19:51:53,614 - sim.TradeoffSlope_S20_BetHedging0.5_W40_Rep3.MetricsCollector - INFO - metrics:177 - Metrics @ T=63.00: Cells=1334, MaxR=44.23, Pheno={'G_SPECIALIST': 1305, 'L_SPECIALIST': 24, 'SWITCHING_GL': 5}
2025-05-27 19:51:53,700 - sim.TradeoffSlope_S20_BetHedging0.5_W40_Rep3.MetricsCollector - INFO - metrics:177 - Metrics @ T=64.00: Cells=1377, MaxR=44.23, Pheno={'G_SPECIALIST': 1343, 'L_SPECIALIST': 27, 'SWITCHING_GL': 7}
2025-05-27 19:51:53,791 - sim.TradeoffSlope_S20_BetHedging0.5_W40_Rep3.MetricsCollector - INFO - metrics:177 - Metrics @ T=65.00: Cells=1432, MaxR=44.23, Pheno={'G_SPECIALIST': 1391, 'L_SPECIALIST': 30, 'SWITCHING_GL': 11}
2025-05-27 19:51:53,886 - sim.TradeoffSlope_S20_BetHedging0.5_W40_Rep3.MetricsCollector - INFO - metrics:177 - Metrics @ T=66.00: Cells=1495, MaxR=45.13, Pheno={'G_SPECIALIST': 1447, 'L_SPECIALIST': 37, 'SWITCHING_GL': 11}
2025-05-27 19:51:54,013 - sim.TradeoffSlope_S20_BetHedging0.5_W40_Rep3.MetricsCollector - INFO - metrics:177 - Metrics @ T=67.00: Cells=1552, MaxR=47.84, Pheno={'G_SPECIALIST': 1497, 'L_SPECIALIST': 40, 'SWITCHING_GL': 15}
2025-05-27 19:51:54,112 - sim.TradeoffSlope_S20_BetHedging0.5_W40_Rep3.MetricsCollector - INFO - metrics:177 - Metrics @ T=68.00: Cells=1603, MaxR=47.84, Pheno={'G_SPECIALIST': 1540, 'L_SPECIALIST': 46, 'SWITCHING_GL': 17}
2025-05-27 19:51:54,216 - sim.TradeoffSlope_S20_BetHedging0.5_W40_Rep3.MetricsCollector - INFO - metrics:177 - Metrics @ T=69.00: Cells=1660, MaxR=47.84, Pheno={'G_SPECIALIST': 1589, 'L_SPECIALIST': 51, 'SWITCHING_GL': 20}
2025-05-27 19:51:54,305 - sim.TradeoffSlope_S20_BetHedging0.5_W40_Rep3 - INFO - simulation_engine:218 - Progress: T=70.00, Cells=1696
2025-05-27 19:51:54,322 - sim.TradeoffSlope_S20_BetHedging0.5_W40_Rep3.MetricsCollector - INFO - metrics:177 - Metrics @ T=70.00: Cells=1698, MaxR=47.84, Pheno={'G_SPECIALIST': 1620, 'L_SPECIALIST': 58, 'SWITCHING_GL': 20}
2025-05-27 19:51:54,430 - sim.TradeoffSlope_S20_BetHedging0.5_W40_Rep3.MetricsCollector - INFO - metrics:177 - Metrics @ T=71.00: Cells=1745, MaxR=48.50, Pheno={'G_SPECIALIST': 1658, 'L_SPECIALIST': 61, 'SWITCHING_GL': 26}
2025-05-27 19:51:54,541 - sim.TradeoffSlope_S20_BetHedging0.5_W40_Rep3.MetricsCollector - INFO - metrics:177 - Metrics @ T=72.00: Cells=1789, MaxR=48.77, Pheno={'G_SPECIALIST': 1695, 'L_SPECIALIST': 66, 'SWITCHING_GL': 28}
2025-05-27 19:51:54,660 - sim.TradeoffSlope_S20_BetHedging0.5_W40_Rep3.MetricsCollector - INFO - metrics:177 - Metrics @ T=73.00: Cells=1832, MaxR=50.11, Pheno={'G_SPECIALIST': 1728, 'L_SPECIALIST': 71, 'SWITCHING_GL': 33}
2025-05-27 19:51:54,785 - sim.TradeoffSlope_S20_BetHedging0.5_W40_Rep3.MetricsCollector - INFO - metrics:177 - Metrics @ T=74.00: Cells=1878, MaxR=50.11, Pheno={'G_SPECIALIST': 1764, 'L_SPECIALIST': 82, 'SWITCHING_GL': 32}
2025-05-27 19:51:54,916 - sim.TradeoffSlope_S20_BetHedging0.5_W40_Rep3.MetricsCollector - INFO - metrics:177 - Metrics @ T=75.00: Cells=1927, MaxR=50.11, Pheno={'G_SPECIALIST': 1802, 'L_SPECIALIST': 86, 'SWITCHING_GL': 39}
2025-05-27 19:51:55,044 - sim.TradeoffSlope_S20_BetHedging0.5_W40_Rep3.MetricsCollector - INFO - metrics:177 - Metrics @ T=76.00: Cells=1962, MaxR=50.11, Pheno={'G_SPECIALIST': 1828, 'L_SPECIALIST': 92, 'SWITCHING_GL': 42}
2025-05-27 19:51:55,167 - sim.TradeoffSlope_S20_BetHedging0.5_W40_Rep3.MetricsCollector - INFO - metrics:177 - Metrics @ T=77.00: Cells=1999, MaxR=50.11, Pheno={'G_SPECIALIST': 1854, 'L_SPECIALIST': 98, 'SWITCHING_GL': 47}
2025-05-27 19:51:55,296 - sim.TradeoffSlope_S20_BetHedging0.5_W40_Rep3.MetricsCollector - INFO - metrics:177 - Metrics @ T=78.00: Cells=2028, MaxR=50.11, Pheno={'G_SPECIALIST': 1870, 'L_SPECIALIST': 112, 'SWITCHING_GL': 46}
2025-05-27 19:51:55,423 - sim.TradeoffSlope_S20_BetHedging0.5_W40_Rep3.MetricsCollector - INFO - metrics:177 - Metrics @ T=79.00: Cells=2058, MaxR=50.41, Pheno={'G_SPECIALIST': 1884, 'L_SPECIALIST': 119, 'SWITCHING_GL': 55}
2025-05-27 19:51:55,533 - sim.TradeoffSlope_S20_BetHedging0.5_W40_Rep3 - INFO - simulation_engine:218 - Progress: T=80.00, Cells=2077
2025-05-27 19:51:55,555 - sim.TradeoffSlope_S20_BetHedging0.5_W40_Rep3.MetricsCollector - INFO - metrics:177 - Metrics @ T=80.00: Cells=2078, MaxR=50.41, Pheno={'G_SPECIALIST': 1890, 'L_SPECIALIST': 129, 'SWITCHING_GL': 59}
2025-05-27 19:51:55,683 - sim.TradeoffSlope_S20_BetHedging0.5_W40_Rep3.MetricsCollector - INFO - metrics:177 - Metrics @ T=81.00: Cells=2096, MaxR=50.41, Pheno={'G_SPECIALIST': 1896, 'L_SPECIALIST': 136, 'SWITCHING_GL': 64}
2025-05-27 19:51:55,812 - sim.TradeoffSlope_S20_BetHedging0.5_W40_Rep3.MetricsCollector - INFO - metrics:177 - Metrics @ T=82.00: Cells=2117, MaxR=50.41, Pheno={'G_SPECIALIST': 1906, 'L_SPECIALIST': 148, 'SWITCHING_GL': 63}
2025-05-27 19:51:55,946 - sim.TradeoffSlope_S20_BetHedging0.5_W40_Rep3.MetricsCollector - INFO - metrics:177 - Metrics @ T=83.00: Cells=2153, MaxR=51.47, Pheno={'G_SPECIALIST': 1920, 'L_SPECIALIST': 163, 'SWITCHING_GL': 70}
2025-05-27 19:51:56,082 - sim.TradeoffSlope_S20_BetHedging0.5_W40_Rep3.MetricsCollector - INFO - metrics:177 - Metrics @ T=84.00: Cells=2171, MaxR=51.47, Pheno={'G_SPECIALIST': 1928, 'L_SPECIALIST': 174, 'SWITCHING_GL': 69}
2025-05-27 19:51:56,221 - sim.TradeoffSlope_S20_BetHedging0.5_W40_Rep3.MetricsCollector - INFO - metrics:177 - Metrics @ T=85.00: Cells=2195, MaxR=51.47, Pheno={'G_SPECIALIST': 1930, 'L_SPECIALIST': 189, 'SWITCHING_GL': 76}
2025-05-27 19:51:56,358 - sim.TradeoffSlope_S20_BetHedging0.5_W40_Rep3.MetricsCollector - INFO - metrics:177 - Metrics @ T=86.00: Cells=2208, MaxR=52.85, Pheno={'G_SPECIALIST': 1933, 'L_SPECIALIST': 204, 'SWITCHING_GL': 71}
2025-05-27 19:51:56,498 - sim.TradeoffSlope_S20_BetHedging0.5_W40_Rep3.MetricsCollector - INFO - metrics:177 - Metrics @ T=87.00: Cells=2236, MaxR=52.85, Pheno={'G_SPECIALIST': 1939, 'L_SPECIALIST': 228, 'SWITCHING_GL': 69}
2025-05-27 19:51:56,639 - sim.TradeoffSlope_S20_BetHedging0.5_W40_Rep3.MetricsCollector - INFO - metrics:177 - Metrics @ T=88.00: Cells=2255, MaxR=52.85, Pheno={'G_SPECIALIST': 1942, 'L_SPECIALIST': 249, 'SWITCHING_GL': 64}
2025-05-27 19:51:56,781 - sim.TradeoffSlope_S20_BetHedging0.5_W40_Rep3.MetricsCollector - INFO - metrics:177 - Metrics @ T=89.00: Cells=2270, MaxR=52.85, Pheno={'G_SPECIALIST': 1943, 'L_SPECIALIST': 264, 'SWITCHING_GL': 63}
2025-05-27 19:51:56,901 - sim.TradeoffSlope_S20_BetHedging0.5_W40_Rep3 - INFO - simulation_engine:218 - Progress: T=90.00, Cells=2287
2025-05-27 19:51:56,924 - sim.TradeoffSlope_S20_BetHedging0.5_W40_Rep3.MetricsCollector - INFO - metrics:177 - Metrics @ T=90.00: Cells=2287, MaxR=52.85, Pheno={'G_SPECIALIST': 1944, 'L_SPECIALIST': 283, 'SWITCHING_GL': 60}
2025-05-27 19:51:57,068 - sim.TradeoffSlope_S20_BetHedging0.5_W40_Rep3.MetricsCollector - INFO - metrics:177 - Metrics @ T=91.00: Cells=2307, MaxR=54.44, Pheno={'G_SPECIALIST': 1945, 'L_SPECIALIST': 300, 'SWITCHING_GL': 62}
2025-05-27 19:51:57,213 - sim.TradeoffSlope_S20_BetHedging0.5_W40_Rep3.MetricsCollector - INFO - metrics:177 - Metrics @ T=92.00: Cells=2322, MaxR=54.44, Pheno={'G_SPECIALIST': 1945, 'L_SPECIALIST': 319, 'SWITCHING_GL': 58}
2025-05-27 19:51:57,359 - sim.TradeoffSlope_S20_BetHedging0.5_W40_Rep3.MetricsCollector - INFO - metrics:177 - Metrics @ T=93.00: Cells=2343, MaxR=54.44, Pheno={'G_SPECIALIST': 1945, 'L_SPECIALIST': 342, 'SWITCHING_GL': 56}
2025-05-27 19:51:57,505 - sim.TradeoffSlope_S20_BetHedging0.5_W40_Rep3.MetricsCollector - INFO - metrics:177 - Metrics @ T=94.00: Cells=2366, MaxR=54.44, Pheno={'G_SPECIALIST': 1945, 'L_SPECIALIST': 366, 'SWITCHING_GL': 55}
2025-05-27 19:51:57,654 - sim.TradeoffSlope_S20_BetHedging0.5_W40_Rep3.MetricsCollector - INFO - metrics:177 - Metrics @ T=95.00: Cells=2382, MaxR=54.44, Pheno={'G_SPECIALIST': 1945, 'L_SPECIALIST': 385, 'SWITCHING_GL': 52}
2025-05-27 19:51:57,802 - sim.TradeoffSlope_S20_BetHedging0.5_W40_Rep3.MetricsCollector - INFO - metrics:177 - Metrics @ T=96.00: Cells=2408, MaxR=55.83, Pheno={'G_SPECIALIST': 1945, 'L_SPECIALIST': 414, 'SWITCHING_GL': 49}
2025-05-27 19:51:57,952 - sim.TradeoffSlope_S20_BetHedging0.5_W40_Rep3.MetricsCollector - INFO - metrics:177 - Metrics @ T=97.00: Cells=2436, MaxR=55.83, Pheno={'G_SPECIALIST': 1945, 'L_SPECIALIST': 448, 'SWITCHING_GL': 43}
2025-05-27 19:51:58,109 - sim.TradeoffSlope_S20_BetHedging0.5_W40_Rep3.MetricsCollector - INFO - metrics:177 - Metrics @ T=98.00: Cells=2466, MaxR=56.04, Pheno={'G_SPECIALIST': 1945, 'L_SPECIALIST': 479, 'SWITCHING_GL': 42}
2025-05-27 19:51:58,263 - sim.TradeoffSlope_S20_BetHedging0.5_W40_Rep3.MetricsCollector - INFO - metrics:177 - Metrics @ T=99.00: Cells=2486, MaxR=56.04, Pheno={'G_SPECIALIST': 1945, 'L_SPECIALIST': 504, 'SWITCHING_GL': 37}
2025-05-27 19:51:58,393 - sim.TradeoffSlope_S20_BetHedging0.5_W40_Rep3 - INFO - simulation_engine:218 - Progress: T=100.00, Cells=2501
2025-05-27 19:51:58,418 - sim.TradeoffSlope_S20_BetHedging0.5_W40_Rep3.MetricsCollector - INFO - metrics:177 - Metrics @ T=100.00: Cells=2502, MaxR=56.04, Pheno={'G_SPECIALIST': 1945, 'L_SPECIALIST': 527, 'SWITCHING_GL': 30}
2025-05-27 19:51:58,576 - sim.TradeoffSlope_S20_BetHedging0.5_W40_Rep3.MetricsCollector - INFO - metrics:177 - Metrics @ T=101.00: Cells=2524, MaxR=57.11, Pheno={'G_SPECIALIST': 1945, 'L_SPECIALIST': 553, 'SWITCHING_GL': 26}
2025-05-27 19:51:58,737 - sim.TradeoffSlope_S20_BetHedging0.5_W40_Rep3.MetricsCollector - INFO - metrics:177 - Metrics @ T=102.00: Cells=2556, MaxR=57.11, Pheno={'G_SPECIALIST': 1945, 'L_SPECIALIST': 586, 'SWITCHING_GL': 25}
2025-05-27 19:51:58,903 - sim.TradeoffSlope_S20_BetHedging0.5_W40_Rep3.MetricsCollector - INFO - metrics:177 - Metrics @ T=103.00: Cells=2588, MaxR=57.11, Pheno={'G_SPECIALIST': 1945, 'L_SPECIALIST': 619, 'SWITCHING_GL': 24}
2025-05-27 19:51:59,067 - sim.TradeoffSlope_S20_BetHedging0.5_W40_Rep3.MetricsCollector - INFO - metrics:177 - Metrics @ T=104.00: Cells=2619, MaxR=57.11, Pheno={'G_SPECIALIST': 1945, 'L_SPECIALIST': 653, 'SWITCHING_GL': 21}
2025-05-27 19:51:59,230 - sim.TradeoffSlope_S20_BetHedging0.5_W40_Rep3.MetricsCollector - INFO - metrics:177 - Metrics @ T=105.00: Cells=2638, MaxR=57.11, Pheno={'G_SPECIALIST': 1945, 'L_SPECIALIST': 673, 'SWITCHING_GL': 20}
2025-05-27 19:51:59,396 - sim.TradeoffSlope_S20_BetHedging0.5_W40_Rep3.MetricsCollector - INFO - metrics:177 - Metrics @ T=106.00: Cells=2671, MaxR=58.28, Pheno={'G_SPECIALIST': 1945, 'L_SPECIALIST': 714, 'SWITCHING_GL': 12}
2025-05-27 19:51:59,561 - sim.TradeoffSlope_S20_BetHedging0.5_W40_Rep3.MetricsCollector - INFO - metrics:177 - Metrics @ T=107.00: Cells=2696, MaxR=58.28, Pheno={'G_SPECIALIST': 1945, 'L_SPECIALIST': 742, 'SWITCHING_GL': 9}
2025-05-27 19:51:59,733 - sim.TradeoffSlope_S20_BetHedging0.5_W40_Rep3.MetricsCollector - INFO - metrics:177 - Metrics @ T=108.00: Cells=2720, MaxR=58.28, Pheno={'G_SPECIALIST': 1945, 'L_SPECIALIST': 767, 'SWITCHING_GL': 8}
2025-05-27 19:51:59,905 - sim.TradeoffSlope_S20_BetHedging0.5_W40_Rep3.MetricsCollector - INFO - metrics:177 - Metrics @ T=109.00: Cells=2744, MaxR=59.57, Pheno={'G_SPECIALIST': 1945, 'L_SPECIALIST': 794, 'SWITCHING_GL': 5}
2025-05-27 19:52:00,050 - sim.TradeoffSlope_S20_BetHedging0.5_W40_Rep3 - INFO - simulation_engine:218 - Progress: T=110.00, Cells=2762
2025-05-27 19:52:00,078 - sim.TradeoffSlope_S20_BetHedging0.5_W40_Rep3.MetricsCollector - INFO - metrics:177 - Metrics @ T=110.00: Cells=2765, MaxR=59.57, Pheno={'G_SPECIALIST': 1945, 'L_SPECIALIST': 815, 'SWITCHING_GL': 5}
2025-05-27 19:52:00,251 - sim.TradeoffSlope_S20_BetHedging0.5_W40_Rep3.MetricsCollector - INFO - metrics:177 - Metrics @ T=111.00: Cells=2802, MaxR=60.62, Pheno={'G_SPECIALIST': 1945, 'L_SPECIALIST': 853, 'SWITCHING_GL': 4}
2025-05-27 19:52:00,423 - sim.TradeoffSlope_S20_BetHedging0.5_W40_Rep3.MetricsCollector - INFO - metrics:177 - Metrics @ T=112.00: Cells=2827, MaxR=60.62, Pheno={'G_SPECIALIST': 1945, 'L_SPECIALIST': 880, 'SWITCHING_GL': 2}
2025-05-27 19:52:00,601 - sim.TradeoffSlope_S20_BetHedging0.5_W40_Rep3.MetricsCollector - INFO - metrics:177 - Metrics @ T=113.00: Cells=2849, MaxR=60.62, Pheno={'G_SPECIALIST': 1945, 'L_SPECIALIST': 902, 'SWITCHING_GL': 2}
2025-05-27 19:52:00,780 - sim.TradeoffSlope_S20_BetHedging0.5_W40_Rep3.MetricsCollector - INFO - metrics:177 - Metrics @ T=114.00: Cells=2873, MaxR=62.23, Pheno={'G_SPECIALIST': 1945, 'L_SPECIALIST': 926, 'SWITCHING_GL': 2}
2025-05-27 19:52:00,959 - sim.TradeoffSlope_S20_BetHedging0.5_W40_Rep3.MetricsCollector - INFO - metrics:177 - Metrics @ T=115.00: Cells=2904, MaxR=62.23, Pheno={'G_SPECIALIST': 1945, 'L_SPECIALIST': 957, 'SWITCHING_GL': 2}
2025-05-27 19:52:01,143 - sim.TradeoffSlope_S20_BetHedging0.5_W40_Rep3.MetricsCollector - INFO - metrics:177 - Metrics @ T=116.00: Cells=2927, MaxR=62.23, Pheno={'G_SPECIALIST': 1945, 'L_SPECIALIST': 981, 'SWITCHING_GL': 1}
2025-05-27 19:52:01,329 - sim.TradeoffSlope_S20_BetHedging0.5_W40_Rep3.MetricsCollector - INFO - metrics:177 - Metrics @ T=117.00: Cells=2958, MaxR=62.23, Pheno={'G_SPECIALIST': 1945, 'L_SPECIALIST': 1012, 'SWITCHING_GL': 1}
2025-05-27 19:52:01,515 - sim.TradeoffSlope_S20_BetHedging0.5_W40_Rep3.MetricsCollector - INFO - metrics:177 - Metrics @ T=118.00: Cells=2987, MaxR=62.23, Pheno={'G_SPECIALIST': 1945, 'L_SPECIALIST': 1041, 'SWITCHING_GL': 1}
2025-05-27 19:52:01,700 - sim.TradeoffSlope_S20_BetHedging0.5_W40_Rep3.MetricsCollector - INFO - metrics:177 - Metrics @ T=119.00: Cells=3007, MaxR=62.23, Pheno={'G_SPECIALIST': 1945, 'L_SPECIALIST': 1062, 'SWITCHING_GL': 0}
2025-05-27 19:52:01,858 - sim.TradeoffSlope_S20_BetHedging0.5_W40_Rep3 - INFO - simulation_engine:218 - Progress: T=120.00, Cells=3036
2025-05-27 19:52:01,891 - sim.TradeoffSlope_S20_BetHedging0.5_W40_Rep3.MetricsCollector - INFO - metrics:177 - Metrics @ T=120.00: Cells=3038, MaxR=62.23, Pheno={'G_SPECIALIST': 1945, 'L_SPECIALIST': 1093, 'SWITCHING_GL': 0}
2025-05-27 19:52:02,078 - sim.TradeoffSlope_S20_BetHedging0.5_W40_Rep3.MetricsCollector - INFO - metrics:177 - Metrics @ T=121.00: Cells=3071, MaxR=63.21, Pheno={'G_SPECIALIST': 1945, 'L_SPECIALIST': 1126, 'SWITCHING_GL': 0}
2025-05-27 19:52:02,270 - sim.TradeoffSlope_S20_BetHedging0.5_W40_Rep3.MetricsCollector - INFO - metrics:177 - Metrics @ T=122.00: Cells=3103, MaxR=63.21, Pheno={'G_SPECIALIST': 1945, 'L_SPECIALIST': 1158, 'SWITCHING_GL': 0}
2025-05-27 19:52:02,464 - sim.TradeoffSlope_S20_BetHedging0.5_W40_Rep3.MetricsCollector - INFO - metrics:177 - Metrics @ T=123.00: Cells=3132, MaxR=63.38, Pheno={'G_SPECIALIST': 1945, 'L_SPECIALIST': 1187, 'SWITCHING_GL': 0}
2025-05-27 19:52:02,660 - sim.TradeoffSlope_S20_BetHedging0.5_W40_Rep3.MetricsCollector - INFO - metrics:177 - Metrics @ T=124.00: Cells=3163, MaxR=63.38, Pheno={'G_SPECIALIST': 1945, 'L_SPECIALIST': 1218, 'SWITCHING_GL': 0}
2025-05-27 19:52:02,881 - sim.TradeoffSlope_S20_BetHedging0.5_W40_Rep3.MetricsCollector - INFO - metrics:177 - Metrics @ T=125.00: Cells=3192, MaxR=64.97, Pheno={'G_SPECIALIST': 1945, 'L_SPECIALIST': 1247, 'SWITCHING_GL': 0}
2025-05-27 19:52:03,081 - sim.TradeoffSlope_S20_BetHedging0.5_W40_Rep3.MetricsCollector - INFO - metrics:177 - Metrics @ T=126.00: Cells=3220, MaxR=64.97, Pheno={'G_SPECIALIST': 1945, 'L_SPECIALIST': 1275, 'SWITCHING_GL': 0}
2025-05-27 19:52:03,281 - sim.TradeoffSlope_S20_BetHedging0.5_W40_Rep3.MetricsCollector - INFO - metrics:177 - Metrics @ T=127.00: Cells=3253, MaxR=64.97, Pheno={'G_SPECIALIST': 1945, 'L_SPECIALIST': 1308, 'SWITCHING_GL': 0}
2025-05-27 19:52:03,488 - sim.TradeoffSlope_S20_BetHedging0.5_W40_Rep3.MetricsCollector - INFO - metrics:177 - Metrics @ T=128.00: Cells=3277, MaxR=64.97, Pheno={'G_SPECIALIST': 1945, 'L_SPECIALIST': 1332, 'SWITCHING_GL': 0}
2025-05-27 19:52:03,691 - sim.TradeoffSlope_S20_BetHedging0.5_W40_Rep3.MetricsCollector - INFO - metrics:177 - Metrics @ T=129.00: Cells=3305, MaxR=64.97, Pheno={'G_SPECIALIST': 1945, 'L_SPECIALIST': 1360, 'SWITCHING_GL': 0}
2025-05-27 19:52:03,864 - sim.TradeoffSlope_S20_BetHedging0.5_W40_Rep3 - INFO - simulation_engine:218 - Progress: T=130.00, Cells=3335
2025-05-27 19:52:03,898 - sim.TradeoffSlope_S20_BetHedging0.5_W40_Rep3.MetricsCollector - INFO - metrics:177 - Metrics @ T=130.00: Cells=3338, MaxR=64.97, Pheno={'G_SPECIALIST': 1945, 'L_SPECIALIST': 1393, 'SWITCHING_GL': 0}
2025-05-27 19:52:04,113 - sim.TradeoffSlope_S20_BetHedging0.5_W40_Rep3.MetricsCollector - INFO - metrics:177 - Metrics @ T=131.00: Cells=3368, MaxR=64.97, Pheno={'G_SPECIALIST': 1945, 'L_SPECIALIST': 1423, 'SWITCHING_GL': 0}
2025-05-27 19:52:04,332 - sim.TradeoffSlope_S20_BetHedging0.5_W40_Rep3.MetricsCollector - INFO - metrics:177 - Metrics @ T=132.00: Cells=3403, MaxR=65.48, Pheno={'G_SPECIALIST': 1945, 'L_SPECIALIST': 1458, 'SWITCHING_GL': 0}
2025-05-27 19:52:04,548 - sim.TradeoffSlope_S20_BetHedging0.5_W40_Rep3.MetricsCollector - INFO - metrics:177 - Metrics @ T=133.00: Cells=3434, MaxR=65.48, Pheno={'G_SPECIALIST': 1945, 'L_SPECIALIST': 1489, 'SWITCHING_GL': 0}
2025-05-27 19:52:04,762 - sim.TradeoffSlope_S20_BetHedging0.5_W40_Rep3.MetricsCollector - INFO - metrics:177 - Metrics @ T=134.00: Cells=3467, MaxR=65.48, Pheno={'G_SPECIALIST': 1945, 'L_SPECIALIST': 1522, 'SWITCHING_GL': 0}
2025-05-27 19:52:04,990 - sim.TradeoffSlope_S20_BetHedging0.5_W40_Rep3.MetricsCollector - INFO - metrics:177 - Metrics @ T=135.00: Cells=3503, MaxR=65.48, Pheno={'G_SPECIALIST': 1945, 'L_SPECIALIST': 1558, 'SWITCHING_GL': 0}
2025-05-27 19:52:05,237 - sim.TradeoffSlope_S20_BetHedging0.5_W40_Rep3.MetricsCollector - INFO - metrics:177 - Metrics @ T=136.00: Cells=3540, MaxR=65.48, Pheno={'G_SPECIALIST': 1945, 'L_SPECIALIST': 1595, 'SWITCHING_GL': 0}
2025-05-27 19:52:05,473 - sim.TradeoffSlope_S20_BetHedging0.5_W40_Rep3.MetricsCollector - INFO - metrics:177 - Metrics @ T=137.00: Cells=3567, MaxR=65.48, Pheno={'G_SPECIALIST': 1945, 'L_SPECIALIST': 1622, 'SWITCHING_GL': 0}
2025-05-27 19:52:05,702 - sim.TradeoffSlope_S20_BetHedging0.5_W40_Rep3.MetricsCollector - INFO - metrics:177 - Metrics @ T=138.00: Cells=3594, MaxR=65.80, Pheno={'G_SPECIALIST': 1945, 'L_SPECIALIST': 1649, 'SWITCHING_GL': 0}
2025-05-27 19:52:05,928 - sim.TradeoffSlope_S20_BetHedging0.5_W40_Rep3.MetricsCollector - INFO - metrics:177 - Metrics @ T=139.00: Cells=3619, MaxR=65.80, Pheno={'G_SPECIALIST': 1945, 'L_SPECIALIST': 1674, 'SWITCHING_GL': 0}
2025-05-27 19:52:06,118 - sim.TradeoffSlope_S20_BetHedging0.5_W40_Rep3 - INFO - simulation_engine:218 - Progress: T=140.00, Cells=3650
2025-05-27 19:52:06,156 - sim.TradeoffSlope_S20_BetHedging0.5_W40_Rep3.MetricsCollector - INFO - metrics:177 - Metrics @ T=140.00: Cells=3652, MaxR=66.81, Pheno={'G_SPECIALIST': 1945, 'L_SPECIALIST': 1707, 'SWITCHING_GL': 0}
2025-05-27 19:52:06,384 - sim.TradeoffSlope_S20_BetHedging0.5_W40_Rep3.MetricsCollector - INFO - metrics:177 - Metrics @ T=141.00: Cells=3671, MaxR=66.81, Pheno={'G_SPECIALIST': 1945, 'L_SPECIALIST': 1726, 'SWITCHING_GL': 0}
2025-05-27 19:52:06,614 - sim.TradeoffSlope_S20_BetHedging0.5_W40_Rep3.MetricsCollector - INFO - metrics:177 - Metrics @ T=142.00: Cells=3692, MaxR=66.81, Pheno={'G_SPECIALIST': 1945, 'L_SPECIALIST': 1747, 'SWITCHING_GL': 0}
2025-05-27 19:52:06,848 - sim.TradeoffSlope_S20_BetHedging0.5_W40_Rep3.MetricsCollector - INFO - metrics:177 - Metrics @ T=143.00: Cells=3725, MaxR=68.43, Pheno={'G_SPECIALIST': 1945, 'L_SPECIALIST': 1780, 'SWITCHING_GL': 0}
2025-05-27 19:52:07,081 - sim.TradeoffSlope_S20_BetHedging0.5_W40_Rep3.MetricsCollector - INFO - metrics:177 - Metrics @ T=144.00: Cells=3761, MaxR=69.78, Pheno={'G_SPECIALIST': 1945, 'L_SPECIALIST': 1816, 'SWITCHING_GL': 0}
2025-05-27 19:52:07,314 - sim.TradeoffSlope_S20_BetHedging0.5_W40_Rep3.MetricsCollector - INFO - metrics:177 - Metrics @ T=145.00: Cells=3795, MaxR=69.78, Pheno={'G_SPECIALIST': 1945, 'L_SPECIALIST': 1850, 'SWITCHING_GL': 0}
2025-05-27 19:52:07,552 - sim.TradeoffSlope_S20_BetHedging0.5_W40_Rep3.MetricsCollector - INFO - metrics:177 - Metrics @ T=146.00: Cells=3827, MaxR=71.14, Pheno={'G_SPECIALIST': 1945, 'L_SPECIALIST': 1882, 'SWITCHING_GL': 0}
2025-05-27 19:52:07,794 - sim.TradeoffSlope_S20_BetHedging0.5_W40_Rep3.MetricsCollector - INFO - metrics:177 - Metrics @ T=147.00: Cells=3864, MaxR=71.14, Pheno={'G_SPECIALIST': 1945, 'L_SPECIALIST': 1919, 'SWITCHING_GL': 0}
2025-05-27 19:52:08,035 - sim.TradeoffSlope_S20_BetHedging0.5_W40_Rep3.MetricsCollector - INFO - metrics:177 - Metrics @ T=148.00: Cells=3902, MaxR=71.14, Pheno={'G_SPECIALIST': 1945, 'L_SPECIALIST': 1957, 'SWITCHING_GL': 0}
2025-05-27 19:52:08,280 - sim.TradeoffSlope_S20_BetHedging0.5_W40_Rep3.MetricsCollector - INFO - metrics:177 - Metrics @ T=149.00: Cells=3945, MaxR=71.14, Pheno={'G_SPECIALIST': 1945, 'L_SPECIALIST': 2000, 'SWITCHING_GL': 0}
2025-05-27 19:52:08,487 - sim.TradeoffSlope_S20_BetHedging0.5_W40_Rep3 - INFO - simulation_engine:218 - Progress: T=150.00, Cells=3987
2025-05-27 19:52:08,528 - sim.TradeoffSlope_S20_BetHedging0.5_W40_Rep3.MetricsCollector - INFO - metrics:177 - Metrics @ T=150.00: Cells=3992, MaxR=72.75, Pheno={'G_SPECIALIST': 1945, 'L_SPECIALIST': 2047, 'SWITCHING_GL': 0}
2025-05-27 19:52:08,784 - sim.TradeoffSlope_S20_BetHedging0.5_W40_Rep3.MetricsCollector - INFO - metrics:177 - Metrics @ T=151.00: Cells=4027, MaxR=72.75, Pheno={'G_SPECIALIST': 1945, 'L_SPECIALIST': 2082, 'SWITCHING_GL': 0}
2025-05-27 19:52:09,038 - sim.TradeoffSlope_S20_BetHedging0.5_W40_Rep3.MetricsCollector - INFO - metrics:177 - Metrics @ T=152.00: Cells=4060, MaxR=72.75, Pheno={'G_SPECIALIST': 1945, 'L_SPECIALIST': 2115, 'SWITCHING_GL': 0}
2025-05-27 19:52:09,294 - sim.TradeoffSlope_S20_BetHedging0.5_W40_Rep3.MetricsCollector - INFO - metrics:177 - Metrics @ T=153.00: Cells=4103, MaxR=72.75, Pheno={'G_SPECIALIST': 1945, 'L_SPECIALIST': 2158, 'SWITCHING_GL': 0}
2025-05-27 19:52:09,551 - sim.TradeoffSlope_S20_BetHedging0.5_W40_Rep3.MetricsCollector - INFO - metrics:177 - Metrics @ T=154.00: Cells=4138, MaxR=74.36, Pheno={'G_SPECIALIST': 1945, 'L_SPECIALIST': 2193, 'SWITCHING_GL': 0}
2025-05-27 19:52:09,808 - sim.TradeoffSlope_S20_BetHedging0.5_W40_Rep3.MetricsCollector - INFO - metrics:177 - Metrics @ T=155.00: Cells=4177, MaxR=74.36, Pheno={'G_SPECIALIST': 1945, 'L_SPECIALIST': 2232, 'SWITCHING_GL': 0}
2025-05-27 19:52:10,066 - sim.TradeoffSlope_S20_BetHedging0.5_W40_Rep3.MetricsCollector - INFO - metrics:177 - Metrics @ T=156.00: Cells=4222, MaxR=75.72, Pheno={'G_SPECIALIST': 1945, 'L_SPECIALIST': 2277, 'SWITCHING_GL': 0}
2025-05-27 19:52:10,328 - sim.TradeoffSlope_S20_BetHedging0.5_W40_Rep3.MetricsCollector - INFO - metrics:177 - Metrics @ T=157.00: Cells=4260, MaxR=75.72, Pheno={'G_SPECIALIST': 1945, 'L_SPECIALIST': 2315, 'SWITCHING_GL': 0}
2025-05-27 19:52:10,594 - sim.TradeoffSlope_S20_BetHedging0.5_W40_Rep3.MetricsCollector - INFO - metrics:177 - Metrics @ T=158.00: Cells=4298, MaxR=75.72, Pheno={'G_SPECIALIST': 1945, 'L_SPECIALIST': 2353, 'SWITCHING_GL': 0}
2025-05-27 19:52:10,864 - sim.TradeoffSlope_S20_BetHedging0.5_W40_Rep3.MetricsCollector - INFO - metrics:177 - Metrics @ T=159.00: Cells=4347, MaxR=75.72, Pheno={'G_SPECIALIST': 1945, 'L_SPECIALIST': 2402, 'SWITCHING_GL': 0}
2025-05-27 19:52:11,094 - sim.TradeoffSlope_S20_BetHedging0.5_W40_Rep3 - INFO - simulation_engine:218 - Progress: T=160.00, Cells=4384
2025-05-27 19:52:11,138 - sim.TradeoffSlope_S20_BetHedging0.5_W40_Rep3.MetricsCollector - INFO - metrics:177 - Metrics @ T=160.00: Cells=4384, MaxR=77.09, Pheno={'G_SPECIALIST': 1945, 'L_SPECIALIST': 2439, 'SWITCHING_GL': 0}
2025-05-27 19:52:11,411 - sim.TradeoffSlope_S20_BetHedging0.5_W40_Rep3.MetricsCollector - INFO - metrics:177 - Metrics @ T=161.00: Cells=4412, MaxR=77.09, Pheno={'G_SPECIALIST': 1945, 'L_SPECIALIST': 2467, 'SWITCHING_GL': 0}
2025-05-27 19:52:11,686 - sim.TradeoffSlope_S20_BetHedging0.5_W40_Rep3.MetricsCollector - INFO - metrics:177 - Metrics @ T=162.00: Cells=4456, MaxR=77.09, Pheno={'G_SPECIALIST': 1945, 'L_SPECIALIST': 2511, 'SWITCHING_GL': 0}
2025-05-27 19:52:11,988 - sim.TradeoffSlope_S20_BetHedging0.5_W40_Rep3.MetricsCollector - INFO - metrics:177 - Metrics @ T=163.00: Cells=4491, MaxR=77.09, Pheno={'G_SPECIALIST': 1945, 'L_SPECIALIST': 2546, 'SWITCHING_GL': 0}
2025-05-27 19:52:12,279 - sim.TradeoffSlope_S20_BetHedging0.5_W40_Rep3.MetricsCollector - INFO - metrics:177 - Metrics @ T=164.00: Cells=4526, MaxR=77.09, Pheno={'G_SPECIALIST': 1945, 'L_SPECIALIST': 2581, 'SWITCHING_GL': 0}
2025-05-27 19:52:12,559 - sim.TradeoffSlope_S20_BetHedging0.5_W40_Rep3.MetricsCollector - INFO - metrics:177 - Metrics @ T=165.00: Cells=4572, MaxR=77.32, Pheno={'G_SPECIALIST': 1945, 'L_SPECIALIST': 2627, 'SWITCHING_GL': 0}
2025-05-27 19:52:12,848 - sim.TradeoffSlope_S20_BetHedging0.5_W40_Rep3.MetricsCollector - INFO - metrics:177 - Metrics @ T=166.00: Cells=4614, MaxR=77.32, Pheno={'G_SPECIALIST': 1945, 'L_SPECIALIST': 2669, 'SWITCHING_GL': 0}
2025-05-27 19:52:13,138 - sim.TradeoffSlope_S20_BetHedging0.5_W40_Rep3.MetricsCollector - INFO - metrics:177 - Metrics @ T=167.00: Cells=4657, MaxR=77.32, Pheno={'G_SPECIALIST': 1945, 'L_SPECIALIST': 2712, 'SWITCHING_GL': 0}
2025-05-27 19:52:13,427 - sim.TradeoffSlope_S20_BetHedging0.5_W40_Rep3.MetricsCollector - INFO - metrics:177 - Metrics @ T=168.00: Cells=4699, MaxR=77.32, Pheno={'G_SPECIALIST': 1945, 'L_SPECIALIST': 2754, 'SWITCHING_GL': 0}
2025-05-27 19:52:13,723 - sim.TradeoffSlope_S20_BetHedging0.5_W40_Rep3.MetricsCollector - INFO - metrics:177 - Metrics @ T=169.00: Cells=4738, MaxR=77.32, Pheno={'G_SPECIALIST': 1945, 'L_SPECIALIST': 2793, 'SWITCHING_GL': 0}
2025-05-27 19:52:13,970 - sim.TradeoffSlope_S20_BetHedging0.5_W40_Rep3 - INFO - simulation_engine:218 - Progress: T=170.00, Cells=4773
2025-05-27 19:52:14,019 - sim.TradeoffSlope_S20_BetHedging0.5_W40_Rep3.MetricsCollector - INFO - metrics:177 - Metrics @ T=170.00: Cells=4775, MaxR=78.48, Pheno={'G_SPECIALIST': 1945, 'L_SPECIALIST': 2830, 'SWITCHING_GL': 0}
2025-05-27 19:52:14,322 - sim.TradeoffSlope_S20_BetHedging0.5_W40_Rep3.MetricsCollector - INFO - metrics:177 - Metrics @ T=171.00: Cells=4817, MaxR=78.48, Pheno={'G_SPECIALIST': 1945, 'L_SPECIALIST': 2872, 'SWITCHING_GL': 0}
2025-05-27 19:52:14,628 - sim.TradeoffSlope_S20_BetHedging0.5_W40_Rep3.MetricsCollector - INFO - metrics:177 - Metrics @ T=172.00: Cells=4858, MaxR=78.48, Pheno={'G_SPECIALIST': 1945, 'L_SPECIALIST': 2913, 'SWITCHING_GL': 0}
2025-05-27 19:52:14,930 - sim.TradeoffSlope_S20_BetHedging0.5_W40_Rep3.MetricsCollector - INFO - metrics:177 - Metrics @ T=173.00: Cells=4891, MaxR=78.48, Pheno={'G_SPECIALIST': 1945, 'L_SPECIALIST': 2946, 'SWITCHING_GL': 0}
2025-05-27 19:52:15,236 - sim.TradeoffSlope_S20_BetHedging0.5_W40_Rep3.MetricsCollector - INFO - metrics:177 - Metrics @ T=174.00: Cells=4928, MaxR=78.48, Pheno={'G_SPECIALIST': 1945, 'L_SPECIALIST': 2983, 'SWITCHING_GL': 0}
2025-05-27 19:52:15,541 - sim.TradeoffSlope_S20_BetHedging0.5_W40_Rep3.MetricsCollector - INFO - metrics:177 - Metrics @ T=175.00: Cells=4971, MaxR=78.48, Pheno={'G_SPECIALIST': 1945, 'L_SPECIALIST': 3026, 'SWITCHING_GL': 0}
2025-05-27 19:52:15,850 - sim.TradeoffSlope_S20_BetHedging0.5_W40_Rep3.MetricsCollector - INFO - metrics:177 - Metrics @ T=176.00: Cells=5010, MaxR=78.48, Pheno={'G_SPECIALIST': 1945, 'L_SPECIALIST': 3065, 'SWITCHING_GL': 0}
2025-05-27 19:52:16,163 - sim.TradeoffSlope_S20_BetHedging0.5_W40_Rep3.MetricsCollector - INFO - metrics:177 - Metrics @ T=177.00: Cells=5042, MaxR=78.48, Pheno={'G_SPECIALIST': 1945, 'L_SPECIALIST': 3097, 'SWITCHING_GL': 0}
2025-05-27 19:52:16,477 - sim.TradeoffSlope_S20_BetHedging0.5_W40_Rep3.MetricsCollector - INFO - metrics:177 - Metrics @ T=178.00: Cells=5083, MaxR=78.48, Pheno={'G_SPECIALIST': 1945, 'L_SPECIALIST': 3138, 'SWITCHING_GL': 0}
2025-05-27 19:52:16,793 - sim.TradeoffSlope_S20_BetHedging0.5_W40_Rep3.MetricsCollector - INFO - metrics:177 - Metrics @ T=179.00: Cells=5121, MaxR=78.48, Pheno={'G_SPECIALIST': 1945, 'L_SPECIALIST': 3176, 'SWITCHING_GL': 0}
2025-05-27 19:52:17,063 - sim.TradeoffSlope_S20_BetHedging0.5_W40_Rep3 - INFO - simulation_engine:218 - Progress: T=180.00, Cells=5147
2025-05-27 19:52:17,115 - sim.TradeoffSlope_S20_BetHedging0.5_W40_Rep3.MetricsCollector - INFO - metrics:177 - Metrics @ T=180.00: Cells=5151, MaxR=79.73, Pheno={'G_SPECIALIST': 1945, 'L_SPECIALIST': 3206, 'SWITCHING_GL': 0}
2025-05-27 19:52:17,436 - sim.TradeoffSlope_S20_BetHedging0.5_W40_Rep3.MetricsCollector - INFO - metrics:177 - Metrics @ T=181.00: Cells=5193, MaxR=79.73, Pheno={'G_SPECIALIST': 1945, 'L_SPECIALIST': 3248, 'SWITCHING_GL': 0}
2025-05-27 19:52:17,768 - sim.TradeoffSlope_S20_BetHedging0.5_W40_Rep3.MetricsCollector - INFO - metrics:177 - Metrics @ T=182.00: Cells=5229, MaxR=79.73, Pheno={'G_SPECIALIST': 1945, 'L_SPECIALIST': 3284, 'SWITCHING_GL': 0}
2025-05-27 19:52:18,095 - sim.TradeoffSlope_S20_BetHedging0.5_W40_Rep3.MetricsCollector - INFO - metrics:177 - Metrics @ T=183.00: Cells=5261, MaxR=79.88, Pheno={'G_SPECIALIST': 1945, 'L_SPECIALIST': 3316, 'SWITCHING_GL': 0}
2025-05-27 19:52:18,424 - sim.TradeoffSlope_S20_BetHedging0.5_W40_Rep3.MetricsCollector - INFO - metrics:177 - Metrics @ T=184.00: Cells=5310, MaxR=80.85, Pheno={'G_SPECIALIST': 1948, 'L_SPECIALIST': 3362, 'SWITCHING_GL': 0}
2025-05-27 19:52:18,752 - sim.TradeoffSlope_S20_BetHedging0.5_W40_Rep3.MetricsCollector - INFO - metrics:177 - Metrics @ T=185.00: Cells=5344, MaxR=81.90, Pheno={'G_SPECIALIST': 1949, 'L_SPECIALIST': 3395, 'SWITCHING_GL': 0}
2025-05-27 19:52:19,091 - sim.TradeoffSlope_S20_BetHedging0.5_W40_Rep3.MetricsCollector - INFO - metrics:177 - Metrics @ T=186.00: Cells=5398, MaxR=83.80, Pheno={'G_SPECIALIST': 1953, 'L_SPECIALIST': 3445, 'SWITCHING_GL': 0}
2025-05-27 19:52:19,426 - sim.TradeoffSlope_S20_BetHedging0.5_W40_Rep3.MetricsCollector - INFO - metrics:177 - Metrics @ T=187.00: Cells=5434, MaxR=83.80, Pheno={'G_SPECIALIST': 1954, 'L_SPECIALIST': 3480, 'SWITCHING_GL': 0}
2025-05-27 19:52:19,764 - sim.TradeoffSlope_S20_BetHedging0.5_W40_Rep3.MetricsCollector - INFO - metrics:177 - Metrics @ T=188.00: Cells=5481, MaxR=83.80, Pheno={'G_SPECIALIST': 1957, 'L_SPECIALIST': 3524, 'SWITCHING_GL': 0}
2025-05-27 19:52:20,108 - sim.TradeoffSlope_S20_BetHedging0.5_W40_Rep3.MetricsCollector - INFO - metrics:177 - Metrics @ T=189.00: Cells=5528, MaxR=84.87, Pheno={'G_SPECIALIST': 1959, 'L_SPECIALIST': 3569, 'SWITCHING_GL': 0}
2025-05-27 19:52:20,408 - sim.TradeoffSlope_S20_BetHedging0.5_W40_Rep3 - INFO - simulation_engine:218 - Progress: T=190.00, Cells=5579
2025-05-27 19:52:20,473 - sim.TradeoffSlope_S20_BetHedging0.5_W40_Rep3.MetricsCollector - INFO - metrics:177 - Metrics @ T=190.00: Cells=5585, MaxR=86.48, Pheno={'G_SPECIALIST': 1965, 'L_SPECIALIST': 3619, 'SWITCHING_GL': 1}
2025-05-27 19:52:20,832 - sim.TradeoffSlope_S20_BetHedging0.5_W40_Rep3.MetricsCollector - INFO - metrics:177 - Metrics @ T=191.00: Cells=5622, MaxR=86.48, Pheno={'G_SPECIALIST': 1969, 'L_SPECIALIST': 3652, 'SWITCHING_GL': 1}
2025-05-27 19:52:21,185 - sim.TradeoffSlope_S20_BetHedging0.5_W40_Rep3.MetricsCollector - INFO - metrics:177 - Metrics @ T=192.00: Cells=5669, MaxR=88.10, Pheno={'G_SPECIALIST': 1978, 'L_SPECIALIST': 3690, 'SWITCHING_GL': 1}
2025-05-27 19:52:21,538 - sim.TradeoffSlope_S20_BetHedging0.5_W40_Rep3.MetricsCollector - INFO - metrics:177 - Metrics @ T=193.00: Cells=5708, MaxR=88.10, Pheno={'G_SPECIALIST': 1984, 'L_SPECIALIST': 3723, 'SWITCHING_GL': 1}
2025-05-27 19:52:21,898 - sim.TradeoffSlope_S20_BetHedging0.5_W40_Rep3.MetricsCollector - INFO - metrics:177 - Metrics @ T=194.00: Cells=5758, MaxR=88.39, Pheno={'G_SPECIALIST': 1992, 'L_SPECIALIST': 3765, 'SWITCHING_GL': 1}
2025-05-27 19:52:22,260 - sim.TradeoffSlope_S20_BetHedging0.5_W40_Rep3.MetricsCollector - INFO - metrics:177 - Metrics @ T=195.00: Cells=5811, MaxR=89.72, Pheno={'G_SPECIALIST': 2001, 'L_SPECIALIST': 3809, 'SWITCHING_GL': 1}
2025-05-27 19:52:22,624 - sim.TradeoffSlope_S20_BetHedging0.5_W40_Rep3.MetricsCollector - INFO - metrics:177 - Metrics @ T=196.00: Cells=5862, MaxR=89.72, Pheno={'G_SPECIALIST': 2005, 'L_SPECIALIST': 3856, 'SWITCHING_GL': 1}
2025-05-27 19:52:22,995 - sim.TradeoffSlope_S20_BetHedging0.5_W40_Rep3.MetricsCollector - INFO - metrics:177 - Metrics @ T=197.00: Cells=5902, MaxR=90.42, Pheno={'G_SPECIALIST': 2015, 'L_SPECIALIST': 3886, 'SWITCHING_GL': 1}
2025-05-27 19:52:23,367 - sim.TradeoffSlope_S20_BetHedging0.5_W40_Rep3.MetricsCollector - INFO - metrics:177 - Metrics @ T=198.00: Cells=5946, MaxR=90.60, Pheno={'G_SPECIALIST': 2022, 'L_SPECIALIST': 3923, 'SWITCHING_GL': 1}
2025-05-27 19:52:23,740 - sim.TradeoffSlope_S20_BetHedging0.5_W40_Rep3.MetricsCollector - INFO - metrics:177 - Metrics @ T=199.00: Cells=6000, MaxR=91.99, Pheno={'G_SPECIALIST': 2037, 'L_SPECIALIST': 3962, 'SWITCHING_GL': 1}
2025-05-27 19:52:24,055 - sim.TradeoffSlope_S20_BetHedging0.5_W40_Rep3 - INFO - simulation_engine:218 - Progress: T=200.00, Cells=6040
2025-05-27 19:52:24,115 - sim.TradeoffSlope_S20_BetHedging0.5_W40_Rep3.MetricsCollector - INFO - metrics:177 - Metrics @ T=200.00: Cells=6041, MaxR=91.99, Pheno={'G_SPECIALIST': 2048, 'L_SPECIALIST': 3992, 'SWITCHING_GL': 1}
2025-05-27 19:52:24,152 - sim.TradeoffSlope_S20_BetHedging0.5_W40_Rep3 - INFO - simulation_engine:238 - Sim run finished: TradeoffSlope_S20_BetHedging0.5_W40_Rep3. Wall-clock: 32.191s.
2025-05-27 19:52:24,152 - sim.TradeoffSlope_S20_BetHedging0.5_W40_Rep3 - INFO - simulation_engine:241 - Final state: SimTime=200.10, Steps=2001, Cells=6044.
2025-05-27 19:52:24,152 - sim.TradeoffSlope_S20_BetHedging0.5_W40_Rep3.MetricsCollector - INFO - metrics:300 - Finalizing data collection and exporting results...
2025-05-27 19:52:24,152 - sim.TradeoffSlope_S20_BetHedging0.5_W40_Rep3.MetricsCollector - INFO - metrics:312 - --- Simulation Summary (Log) ---
time: 199.99999999999292
total_cell_count: 6041
phenotype_counts: {'G_SPECIALIST': 2048, 'L_SPECIALIST': 3992, 'SWITCHING_GL': 1}
avg_radial_distance: 47.68289450781099
max_radial_distance: 91.9945650568554
min_radial_distance: 0.0
std_dev_radial_distance: 17.535653998638896
median_radial_distance: 49.92995093127971
frontier_lag_G_to_L: (details in files)
frontier_traits: (details in files)
overall_radial_expansion_velocity: 0.4513125712464485
config_exp_name: TradeoffSlope_S20_BetHedging0.5_W40_Rep3

2025-05-27 19:52:24,166 - sim.TradeoffSlope_S20_BetHedging0.5_W40_Rep3.MetricsCollector - INFO - metrics:242 - Time series data exported to results\TradeoffSlope_S20_BetHedging0.5_W40_Rep3\time_series_data.csv
2025-05-27 19:52:24,167 - sim.TradeoffSlope_S20_BetHedging0.5_W40_Rep3.MetricsCollector - INFO - metrics:267 - Summary data exported to results\TradeoffSlope_S20_BetHedging0.5_W40_Rep3\summary.json
2025-05-27 19:52:24,168 - sim.TradeoffSlope_S20_BetHedging0.5_W40_Rep3.MetricsCollector - INFO - metrics:275 - No kymograph data to export.
2025-05-27 19:52:24,168 - sim.TradeoffSlope_S20_BetHedging0.5_W40_Rep3.MetricsCollector - INFO - metrics:316 - All data export finalized for TradeoffSlope_S20_BetHedging0.5_W40_Rep3.
2025-05-27 19:52:24,168 - sim.TradeoffSlope_S20_BetHedging0.5_W40_Rep3 - INFO - simulation_engine:276 - Simulation fully complete.
