2025-05-27 19:27:42,328 - sim.ProbSweep_W40_P0.3_Rep1 - INFO - simulation_engine:37 - Initializing SimulationEngine for experiment: ProbSweep_W40_P0.3_Rep1
2025-05-27 19:27:42,329 - sim.ProbSweep_W40_P0.3_Rep1 - INFO - simulation_engine:70 - Visualization disabled.
2025-05-27 19:27:42,329 - sim.ProbSweep_W40_P0.3_Rep1 - INFO - simulation_engine:202 - Starting simulation: ProbSweep_W40_P0.3_Rep1
2025-05-27 19:27:42,330 - sim.ProbSweep_W40_P0.3_Rep1 - INFO - simulation_engine:204 - Colony initialized: 5 cells.
2025-05-27 19:27:42,330 - sim.ProbSweep_W40_P0.3_Rep1.MetricsCollector - INFO - metrics:177 - Metrics @ T=0.00: Cells=5, MaxR=1.73, Pheno={'G_SPECIALIST': 5, 'L_SPECIALIST': 0, 'SWITCHING_GL': 0}
2025-05-27 19:27:42,331 - sim.ProbSweep_W40_P0.3_Rep1.MetricsCollector - INFO - metrics:177 - Metrics @ T=1.00: Cells=7, MaxR=3.46, Pheno={'G_SPECIALIST': 7, 'L_SPECIALIST': 0, 'SWITCHING_GL': 0}
2025-05-27 19:27:42,332 - sim.ProbSweep_W40_P0.3_Rep1.MetricsCollector - INFO - metrics:177 - Metrics @ T=2.00: Cells=9, MaxR=3.46, Pheno={'G_SPECIALIST': 9, 'L_SPECIALIST': 0, 'SWITCHING_GL': 0}
2025-05-27 19:27:42,333 - sim.ProbSweep_W40_P0.3_Rep1.MetricsCollector - INFO - metrics:177 - Metrics @ T=3.00: Cells=11, MaxR=3.46, Pheno={'G_SPECIALIST': 11, 'L_SPECIALIST': 0, 'SWITCHING_GL': 0}
2025-05-27 19:27:42,334 - sim.ProbSweep_W40_P0.3_Rep1.MetricsCollector - INFO - metrics:177 - Metrics @ T=4.00: Cells=13, MaxR=3.46, Pheno={'G_SPECIALIST': 13, 'L_SPECIALIST': 0, 'SWITCHING_GL': 0}
2025-05-27 19:27:42,336 - sim.ProbSweep_W40_P0.3_Rep1.MetricsCollector - INFO - metrics:177 - Metrics @ T=5.00: Cells=21, MaxR=6.93, Pheno={'G_SPECIALIST': 21, 'L_SPECIALIST': 0, 'SWITCHING_GL': 0}
2025-05-27 19:27:42,338 - sim.ProbSweep_W40_P0.3_Rep1.MetricsCollector - INFO - metrics:177 - Metrics @ T=6.00: Cells=30, MaxR=7.94, Pheno={'G_SPECIALIST': 30, 'L_SPECIALIST': 0, 'SWITCHING_GL': 0}
2025-05-27 19:27:42,341 - sim.ProbSweep_W40_P0.3_Rep1.MetricsCollector - INFO - metrics:177 - Metrics @ T=7.00: Cells=37, MaxR=9.00, Pheno={'G_SPECIALIST': 37, 'L_SPECIALIST': 0, 'SWITCHING_GL': 0}
2025-05-27 19:27:42,345 - sim.ProbSweep_W40_P0.3_Rep1.MetricsCollector - INFO - metrics:177 - Metrics @ T=8.00: Cells=46, MaxR=9.64, Pheno={'G_SPECIALIST': 46, 'L_SPECIALIST': 0, 'SWITCHING_GL': 0}
2025-05-27 19:27:42,349 - sim.ProbSweep_W40_P0.3_Rep1.MetricsCollector - INFO - metrics:177 - Metrics @ T=9.00: Cells=59, MaxR=10.54, Pheno={'G_SPECIALIST': 59, 'L_SPECIALIST': 0, 'SWITCHING_GL': 0}
2025-05-27 19:27:42,352 - sim.ProbSweep_W40_P0.3_Rep1 - INFO - simulation_engine:218 - Progress: T=10.00, Cells=71
2025-05-27 19:27:42,354 - sim.ProbSweep_W40_P0.3_Rep1.MetricsCollector - INFO - metrics:177 - Metrics @ T=10.00: Cells=73, MaxR=10.54, Pheno={'G_SPECIALIST': 73, 'L_SPECIALIST': 0, 'SWITCHING_GL': 0}
2025-05-27 19:27:42,360 - sim.ProbSweep_W40_P0.3_Rep1.MetricsCollector - INFO - metrics:177 - Metrics @ T=11.00: Cells=86, MaxR=11.36, Pheno={'G_SPECIALIST': 86, 'L_SPECIALIST': 0, 'SWITCHING_GL': 0}
2025-05-27 19:27:42,367 - sim.ProbSweep_W40_P0.3_Rep1.MetricsCollector - INFO - metrics:177 - Metrics @ T=12.00: Cells=102, MaxR=11.36, Pheno={'G_SPECIALIST': 102, 'L_SPECIALIST': 0, 'SWITCHING_GL': 0}
2025-05-27 19:27:42,373 - sim.ProbSweep_W40_P0.3_Rep1.MetricsCollector - INFO - metrics:177 - Metrics @ T=13.00: Cells=108, MaxR=12.00, Pheno={'G_SPECIALIST': 108, 'L_SPECIALIST': 0, 'SWITCHING_GL': 0}
2025-05-27 19:27:42,381 - sim.ProbSweep_W40_P0.3_Rep1.MetricsCollector - INFO - metrics:177 - Metrics @ T=14.00: Cells=118, MaxR=13.53, Pheno={'G_SPECIALIST': 118, 'L_SPECIALIST': 0, 'SWITCHING_GL': 0}
2025-05-27 19:27:42,390 - sim.ProbSweep_W40_P0.3_Rep1.MetricsCollector - INFO - metrics:177 - Metrics @ T=15.00: Cells=134, MaxR=13.86, Pheno={'G_SPECIALIST': 134, 'L_SPECIALIST': 0, 'SWITCHING_GL': 0}
2025-05-27 19:27:42,400 - sim.ProbSweep_W40_P0.3_Rep1.MetricsCollector - INFO - metrics:177 - Metrics @ T=16.00: Cells=147, MaxR=14.18, Pheno={'G_SPECIALIST': 147, 'L_SPECIALIST': 0, 'SWITCHING_GL': 0}
2025-05-27 19:27:42,410 - sim.ProbSweep_W40_P0.3_Rep1.MetricsCollector - INFO - metrics:177 - Metrics @ T=17.00: Cells=163, MaxR=14.80, Pheno={'G_SPECIALIST': 163, 'L_SPECIALIST': 0, 'SWITCHING_GL': 0}
2025-05-27 19:27:42,423 - sim.ProbSweep_W40_P0.3_Rep1.MetricsCollector - INFO - metrics:177 - Metrics @ T=18.00: Cells=181, MaxR=16.52, Pheno={'G_SPECIALIST': 181, 'L_SPECIALIST': 0, 'SWITCHING_GL': 0}
2025-05-27 19:27:42,435 - sim.ProbSweep_W40_P0.3_Rep1.MetricsCollector - INFO - metrics:177 - Metrics @ T=19.00: Cells=199, MaxR=16.52, Pheno={'G_SPECIALIST': 199, 'L_SPECIALIST': 0, 'SWITCHING_GL': 0}
2025-05-27 19:27:42,447 - sim.ProbSweep_W40_P0.3_Rep1 - INFO - simulation_engine:218 - Progress: T=20.00, Cells=216
2025-05-27 19:27:42,450 - sim.ProbSweep_W40_P0.3_Rep1.MetricsCollector - INFO - metrics:177 - Metrics @ T=20.00: Cells=218, MaxR=18.73, Pheno={'G_SPECIALIST': 218, 'L_SPECIALIST': 0, 'SWITCHING_GL': 0}
2025-05-27 19:27:42,466 - sim.ProbSweep_W40_P0.3_Rep1.MetricsCollector - INFO - metrics:177 - Metrics @ T=21.00: Cells=237, MaxR=18.73, Pheno={'G_SPECIALIST': 237, 'L_SPECIALIST': 0, 'SWITCHING_GL': 0}
2025-05-27 19:27:42,482 - sim.ProbSweep_W40_P0.3_Rep1.MetricsCollector - INFO - metrics:177 - Metrics @ T=22.00: Cells=258, MaxR=18.73, Pheno={'G_SPECIALIST': 258, 'L_SPECIALIST': 0, 'SWITCHING_GL': 0}
2025-05-27 19:27:42,499 - sim.ProbSweep_W40_P0.3_Rep1.MetricsCollector - INFO - metrics:177 - Metrics @ T=23.00: Cells=275, MaxR=19.97, Pheno={'G_SPECIALIST': 275, 'L_SPECIALIST': 0, 'SWITCHING_GL': 0}
2025-05-27 19:27:42,518 - sim.ProbSweep_W40_P0.3_Rep1.MetricsCollector - INFO - metrics:177 - Metrics @ T=24.00: Cells=300, MaxR=19.97, Pheno={'G_SPECIALIST': 300, 'L_SPECIALIST': 0, 'SWITCHING_GL': 0}
2025-05-27 19:27:42,538 - sim.ProbSweep_W40_P0.3_Rep1.MetricsCollector - INFO - metrics:177 - Metrics @ T=25.00: Cells=322, MaxR=21.00, Pheno={'G_SPECIALIST': 322, 'L_SPECIALIST': 0, 'SWITCHING_GL': 0}
2025-05-27 19:27:42,561 - sim.ProbSweep_W40_P0.3_Rep1.MetricsCollector - INFO - metrics:177 - Metrics @ T=26.00: Cells=356, MaxR=21.00, Pheno={'G_SPECIALIST': 356, 'L_SPECIALIST': 0, 'SWITCHING_GL': 0}
2025-05-27 19:27:42,584 - sim.ProbSweep_W40_P0.3_Rep1.MetricsCollector - INFO - metrics:177 - Metrics @ T=27.00: Cells=378, MaxR=21.63, Pheno={'G_SPECIALIST': 378, 'L_SPECIALIST': 0, 'SWITCHING_GL': 0}
2025-05-27 19:27:42,612 - sim.ProbSweep_W40_P0.3_Rep1.MetricsCollector - INFO - metrics:177 - Metrics @ T=28.00: Cells=406, MaxR=22.11, Pheno={'G_SPECIALIST': 406, 'L_SPECIALIST': 0, 'SWITCHING_GL': 0}
2025-05-27 19:27:42,639 - sim.ProbSweep_W40_P0.3_Rep1.MetricsCollector - INFO - metrics:177 - Metrics @ T=29.00: Cells=431, MaxR=23.81, Pheno={'G_SPECIALIST': 431, 'L_SPECIALIST': 0, 'SWITCHING_GL': 0}
2025-05-27 19:27:42,663 - sim.ProbSweep_W40_P0.3_Rep1 - INFO - simulation_engine:218 - Progress: T=30.00, Cells=458
2025-05-27 19:27:42,668 - sim.ProbSweep_W40_P0.3_Rep1.MetricsCollector - INFO - metrics:177 - Metrics @ T=30.00: Cells=461, MaxR=25.87, Pheno={'G_SPECIALIST': 461, 'L_SPECIALIST': 0, 'SWITCHING_GL': 0}
2025-05-27 19:27:42,697 - sim.ProbSweep_W40_P0.3_Rep1.MetricsCollector - INFO - metrics:177 - Metrics @ T=31.00: Cells=492, MaxR=25.87, Pheno={'G_SPECIALIST': 492, 'L_SPECIALIST': 0, 'SWITCHING_GL': 0}
2025-05-27 19:27:42,730 - sim.ProbSweep_W40_P0.3_Rep1.MetricsCollector - INFO - metrics:177 - Metrics @ T=32.00: Cells=513, MaxR=25.87, Pheno={'G_SPECIALIST': 513, 'L_SPECIALIST': 0, 'SWITCHING_GL': 0}
2025-05-27 19:27:42,763 - sim.ProbSweep_W40_P0.3_Rep1.MetricsCollector - INFO - metrics:177 - Metrics @ T=33.00: Cells=537, MaxR=25.87, Pheno={'G_SPECIALIST': 537, 'L_SPECIALIST': 0, 'SWITCHING_GL': 0}
2025-05-27 19:27:42,804 - sim.ProbSweep_W40_P0.3_Rep1.MetricsCollector - INFO - metrics:177 - Metrics @ T=34.00: Cells=557, MaxR=25.98, Pheno={'G_SPECIALIST': 557, 'L_SPECIALIST': 0, 'SWITCHING_GL': 0}
2025-05-27 19:27:42,841 - sim.ProbSweep_W40_P0.3_Rep1.MetricsCollector - INFO - metrics:177 - Metrics @ T=35.00: Cells=589, MaxR=27.22, Pheno={'G_SPECIALIST': 589, 'L_SPECIALIST': 0, 'SWITCHING_GL': 0}
2025-05-27 19:27:42,880 - sim.ProbSweep_W40_P0.3_Rep1.MetricsCollector - INFO - metrics:177 - Metrics @ T=36.00: Cells=616, MaxR=28.35, Pheno={'G_SPECIALIST': 616, 'L_SPECIALIST': 0, 'SWITCHING_GL': 0}
2025-05-27 19:27:42,921 - sim.ProbSweep_W40_P0.3_Rep1.MetricsCollector - INFO - metrics:177 - Metrics @ T=37.00: Cells=642, MaxR=28.35, Pheno={'G_SPECIALIST': 642, 'L_SPECIALIST': 0, 'SWITCHING_GL': 0}
2025-05-27 19:27:42,965 - sim.ProbSweep_W40_P0.3_Rep1.MetricsCollector - INFO - metrics:177 - Metrics @ T=38.00: Cells=673, MaxR=29.14, Pheno={'G_SPECIALIST': 673, 'L_SPECIALIST': 0, 'SWITCHING_GL': 0}
2025-05-27 19:27:43,012 - sim.ProbSweep_W40_P0.3_Rep1.MetricsCollector - INFO - metrics:177 - Metrics @ T=39.00: Cells=705, MaxR=30.45, Pheno={'G_SPECIALIST': 705, 'L_SPECIALIST': 0, 'SWITCHING_GL': 0}
2025-05-27 19:27:43,051 - sim.ProbSweep_W40_P0.3_Rep1 - INFO - simulation_engine:218 - Progress: T=40.00, Cells=734
2025-05-27 19:27:43,059 - sim.ProbSweep_W40_P0.3_Rep1.MetricsCollector - INFO - metrics:177 - Metrics @ T=40.00: Cells=737, MaxR=30.64, Pheno={'G_SPECIALIST': 737, 'L_SPECIALIST': 0, 'SWITCHING_GL': 0}
2025-05-27 19:27:43,107 - sim.ProbSweep_W40_P0.3_Rep1.MetricsCollector - INFO - metrics:177 - Metrics @ T=41.00: Cells=769, MaxR=30.79, Pheno={'G_SPECIALIST': 769, 'L_SPECIALIST': 0, 'SWITCHING_GL': 0}
2025-05-27 19:27:43,157 - sim.ProbSweep_W40_P0.3_Rep1.MetricsCollector - INFO - metrics:177 - Metrics @ T=42.00: Cells=801, MaxR=31.22, Pheno={'G_SPECIALIST': 801, 'L_SPECIALIST': 0, 'SWITCHING_GL': 0}
2025-05-27 19:27:43,209 - sim.ProbSweep_W40_P0.3_Rep1.MetricsCollector - INFO - metrics:177 - Metrics @ T=43.00: Cells=850, MaxR=32.45, Pheno={'G_SPECIALIST': 850, 'L_SPECIALIST': 0, 'SWITCHING_GL': 0}
2025-05-27 19:27:43,266 - sim.ProbSweep_W40_P0.3_Rep1.MetricsCollector - INFO - metrics:177 - Metrics @ T=44.00: Cells=886, MaxR=34.12, Pheno={'G_SPECIALIST': 886, 'L_SPECIALIST': 0, 'SWITCHING_GL': 0}
2025-05-27 19:27:43,324 - sim.ProbSweep_W40_P0.3_Rep1.MetricsCollector - INFO - metrics:177 - Metrics @ T=45.00: Cells=930, MaxR=35.79, Pheno={'G_SPECIALIST': 930, 'L_SPECIALIST': 0, 'SWITCHING_GL': 0}
2025-05-27 19:27:43,384 - sim.ProbSweep_W40_P0.3_Rep1.MetricsCollector - INFO - metrics:177 - Metrics @ T=46.00: Cells=972, MaxR=35.79, Pheno={'G_SPECIALIST': 972, 'L_SPECIALIST': 0, 'SWITCHING_GL': 0}
2025-05-27 19:27:43,448 - sim.ProbSweep_W40_P0.3_Rep1.MetricsCollector - INFO - metrics:177 - Metrics @ T=47.00: Cells=1026, MaxR=35.79, Pheno={'G_SPECIALIST': 1026, 'L_SPECIALIST': 0, 'SWITCHING_GL': 0}
2025-05-27 19:27:43,514 - sim.ProbSweep_W40_P0.3_Rep1.MetricsCollector - INFO - metrics:177 - Metrics @ T=48.00: Cells=1075, MaxR=35.79, Pheno={'G_SPECIALIST': 1075, 'L_SPECIALIST': 0, 'SWITCHING_GL': 0}
2025-05-27 19:27:43,586 - sim.ProbSweep_W40_P0.3_Rep1.MetricsCollector - INFO - metrics:177 - Metrics @ T=49.00: Cells=1120, MaxR=36.29, Pheno={'G_SPECIALIST': 1120, 'L_SPECIALIST': 0, 'SWITCHING_GL': 0}
2025-05-27 19:27:43,648 - sim.ProbSweep_W40_P0.3_Rep1 - INFO - simulation_engine:218 - Progress: T=50.00, Cells=1174
2025-05-27 19:27:43,662 - sim.ProbSweep_W40_P0.3_Rep1.MetricsCollector - INFO - metrics:177 - Metrics @ T=50.00: Cells=1182, MaxR=37.47, Pheno={'G_SPECIALIST': 1182, 'L_SPECIALIST': 0, 'SWITCHING_GL': 0}
2025-05-27 19:27:43,738 - sim.ProbSweep_W40_P0.3_Rep1.MetricsCollector - INFO - metrics:177 - Metrics @ T=51.00: Cells=1228, MaxR=37.47, Pheno={'G_SPECIALIST': 1228, 'L_SPECIALIST': 0, 'SWITCHING_GL': 0}
2025-05-27 19:27:43,819 - sim.ProbSweep_W40_P0.3_Rep1.MetricsCollector - INFO - metrics:177 - Metrics @ T=52.00: Cells=1275, MaxR=38.30, Pheno={'G_SPECIALIST': 1275, 'L_SPECIALIST': 0, 'SWITCHING_GL': 0}
2025-05-27 19:27:43,906 - sim.ProbSweep_W40_P0.3_Rep1.MetricsCollector - INFO - metrics:177 - Metrics @ T=53.00: Cells=1325, MaxR=39.15, Pheno={'G_SPECIALIST': 1325, 'L_SPECIALIST': 0, 'SWITCHING_GL': 0}
2025-05-27 19:27:43,992 - sim.ProbSweep_W40_P0.3_Rep1.MetricsCollector - INFO - metrics:177 - Metrics @ T=54.00: Cells=1372, MaxR=39.69, Pheno={'G_SPECIALIST': 1372, 'L_SPECIALIST': 0, 'SWITCHING_GL': 0}
2025-05-27 19:27:44,080 - sim.ProbSweep_W40_P0.3_Rep1.MetricsCollector - INFO - metrics:177 - Metrics @ T=55.00: Cells=1423, MaxR=40.36, Pheno={'G_SPECIALIST': 1422, 'SWITCHING_GL': 1, 'L_SPECIALIST': 0}
2025-05-27 19:27:44,171 - sim.ProbSweep_W40_P0.3_Rep1.MetricsCollector - INFO - metrics:177 - Metrics @ T=56.00: Cells=1471, MaxR=40.95, Pheno={'G_SPECIALIST': 1466, 'SWITCHING_GL': 5, 'L_SPECIALIST': 0}
2025-05-27 19:27:44,267 - sim.ProbSweep_W40_P0.3_Rep1.MetricsCollector - INFO - metrics:177 - Metrics @ T=57.00: Cells=1524, MaxR=41.68, Pheno={'G_SPECIALIST': 1515, 'SWITCHING_GL': 9, 'L_SPECIALIST': 0}
2025-05-27 19:27:44,367 - sim.ProbSweep_W40_P0.3_Rep1.MetricsCollector - INFO - metrics:177 - Metrics @ T=58.00: Cells=1577, MaxR=41.68, Pheno={'G_SPECIALIST': 1563, 'SWITCHING_GL': 14, 'L_SPECIALIST': 0}
2025-05-27 19:27:44,470 - sim.ProbSweep_W40_P0.3_Rep1.MetricsCollector - INFO - metrics:177 - Metrics @ T=59.00: Cells=1627, MaxR=41.68, Pheno={'G_SPECIALIST': 1610, 'SWITCHING_GL': 17, 'L_SPECIALIST': 0}
2025-05-27 19:27:44,556 - sim.ProbSweep_W40_P0.3_Rep1 - INFO - simulation_engine:218 - Progress: T=60.00, Cells=1663
2025-05-27 19:27:44,574 - sim.ProbSweep_W40_P0.3_Rep1.MetricsCollector - INFO - metrics:177 - Metrics @ T=60.00: Cells=1667, MaxR=41.68, Pheno={'G_SPECIALIST': 1647, 'SWITCHING_GL': 20, 'L_SPECIALIST': 0}
2025-05-27 19:27:44,686 - sim.ProbSweep_W40_P0.3_Rep1.MetricsCollector - INFO - metrics:177 - Metrics @ T=61.00: Cells=1739, MaxR=41.68, Pheno={'G_SPECIALIST': 1709, 'SWITCHING_GL': 28, 'L_SPECIALIST': 2}
2025-05-27 19:27:44,799 - sim.ProbSweep_W40_P0.3_Rep1.MetricsCollector - INFO - metrics:177 - Metrics @ T=62.00: Cells=1777, MaxR=41.68, Pheno={'G_SPECIALIST': 1737, 'SWITCHING_GL': 35, 'L_SPECIALIST': 5}
2025-05-27 19:27:44,914 - sim.ProbSweep_W40_P0.3_Rep1.MetricsCollector - INFO - metrics:177 - Metrics @ T=63.00: Cells=1817, MaxR=42.32, Pheno={'G_SPECIALIST': 1770, 'SWITCHING_GL': 38, 'L_SPECIALIST': 9}
2025-05-27 19:27:45,031 - sim.ProbSweep_W40_P0.3_Rep1.MetricsCollector - INFO - metrics:177 - Metrics @ T=64.00: Cells=1865, MaxR=42.32, Pheno={'G_SPECIALIST': 1809, 'SWITCHING_GL': 45, 'L_SPECIALIST': 11}
2025-05-27 19:27:45,150 - sim.ProbSweep_W40_P0.3_Rep1.MetricsCollector - INFO - metrics:177 - Metrics @ T=65.00: Cells=1891, MaxR=42.32, Pheno={'G_SPECIALIST': 1827, 'SWITCHING_GL': 52, 'L_SPECIALIST': 12}
2025-05-27 19:27:45,274 - sim.ProbSweep_W40_P0.3_Rep1.MetricsCollector - INFO - metrics:177 - Metrics @ T=66.00: Cells=1921, MaxR=42.88, Pheno={'G_SPECIALIST': 1851, 'SWITCHING_GL': 51, 'L_SPECIALIST': 19}
2025-05-27 19:27:45,397 - sim.ProbSweep_W40_P0.3_Rep1.MetricsCollector - INFO - metrics:177 - Metrics @ T=67.00: Cells=1952, MaxR=44.53, Pheno={'G_SPECIALIST': 1868, 'SWITCHING_GL': 52, 'L_SPECIALIST': 32}
2025-05-27 19:27:45,520 - sim.ProbSweep_W40_P0.3_Rep1.MetricsCollector - INFO - metrics:177 - Metrics @ T=68.00: Cells=1976, MaxR=44.53, Pheno={'G_SPECIALIST': 1884, 'SWITCHING_GL': 55, 'L_SPECIALIST': 37}
2025-05-27 19:27:45,654 - sim.ProbSweep_W40_P0.3_Rep1.MetricsCollector - INFO - metrics:177 - Metrics @ T=69.00: Cells=2002, MaxR=44.53, Pheno={'G_SPECIALIST': 1897, 'SWITCHING_GL': 57, 'L_SPECIALIST': 48}
2025-05-27 19:27:45,761 - sim.ProbSweep_W40_P0.3_Rep1 - INFO - simulation_engine:218 - Progress: T=70.00, Cells=2031
2025-05-27 19:27:45,783 - sim.ProbSweep_W40_P0.3_Rep1.MetricsCollector - INFO - metrics:177 - Metrics @ T=70.00: Cells=2034, MaxR=44.53, Pheno={'G_SPECIALIST': 1910, 'SWITCHING_GL': 64, 'L_SPECIALIST': 60}
2025-05-27 19:27:45,913 - sim.ProbSweep_W40_P0.3_Rep1.MetricsCollector - INFO - metrics:177 - Metrics @ T=71.00: Cells=2056, MaxR=45.83, Pheno={'G_SPECIALIST': 1917, 'SWITCHING_GL': 71, 'L_SPECIALIST': 68}
2025-05-27 19:27:46,043 - sim.ProbSweep_W40_P0.3_Rep1.MetricsCollector - INFO - metrics:177 - Metrics @ T=72.00: Cells=2071, MaxR=45.83, Pheno={'G_SPECIALIST': 1921, 'SWITCHING_GL': 77, 'L_SPECIALIST': 73}
2025-05-27 19:27:46,172 - sim.ProbSweep_W40_P0.3_Rep1.MetricsCollector - INFO - metrics:177 - Metrics @ T=73.00: Cells=2090, MaxR=45.83, Pheno={'G_SPECIALIST': 1927, 'SWITCHING_GL': 82, 'L_SPECIALIST': 81}
2025-05-27 19:27:46,302 - sim.ProbSweep_W40_P0.3_Rep1.MetricsCollector - INFO - metrics:177 - Metrics @ T=74.00: Cells=2109, MaxR=45.83, Pheno={'G_SPECIALIST': 1931, 'SWITCHING_GL': 84, 'L_SPECIALIST': 94}
2025-05-27 19:27:46,435 - sim.ProbSweep_W40_P0.3_Rep1.MetricsCollector - INFO - metrics:177 - Metrics @ T=75.00: Cells=2124, MaxR=46.89, Pheno={'G_SPECIALIST': 1933, 'SWITCHING_GL': 83, 'L_SPECIALIST': 108}
2025-05-27 19:27:46,568 - sim.ProbSweep_W40_P0.3_Rep1.MetricsCollector - INFO - metrics:177 - Metrics @ T=76.00: Cells=2137, MaxR=46.89, Pheno={'G_SPECIALIST': 1938, 'L_SPECIALIST': 120, 'SWITCHING_GL': 79}
2025-05-27 19:27:46,701 - sim.ProbSweep_W40_P0.3_Rep1.MetricsCollector - INFO - metrics:177 - Metrics @ T=77.00: Cells=2155, MaxR=46.89, Pheno={'G_SPECIALIST': 1940, 'L_SPECIALIST': 136, 'SWITCHING_GL': 79}
2025-05-27 19:27:46,838 - sim.ProbSweep_W40_P0.3_Rep1.MetricsCollector - INFO - metrics:177 - Metrics @ T=78.00: Cells=2178, MaxR=46.89, Pheno={'G_SPECIALIST': 1944, 'L_SPECIALIST': 151, 'SWITCHING_GL': 83}
2025-05-27 19:27:46,973 - sim.ProbSweep_W40_P0.3_Rep1.MetricsCollector - INFO - metrics:177 - Metrics @ T=79.00: Cells=2186, MaxR=46.89, Pheno={'G_SPECIALIST': 1944, 'L_SPECIALIST': 165, 'SWITCHING_GL': 77}
2025-05-27 19:27:47,087 - sim.ProbSweep_W40_P0.3_Rep1 - INFO - simulation_engine:218 - Progress: T=80.00, Cells=2200
2025-05-27 19:27:47,111 - sim.ProbSweep_W40_P0.3_Rep1.MetricsCollector - INFO - metrics:177 - Metrics @ T=80.00: Cells=2200, MaxR=47.47, Pheno={'G_SPECIALIST': 1944, 'L_SPECIALIST': 179, 'SWITCHING_GL': 77}
2025-05-27 19:27:47,250 - sim.ProbSweep_W40_P0.3_Rep1.MetricsCollector - INFO - metrics:177 - Metrics @ T=81.00: Cells=2212, MaxR=47.47, Pheno={'G_SPECIALIST': 1944, 'L_SPECIALIST': 194, 'SWITCHING_GL': 74}
2025-05-27 19:27:47,389 - sim.ProbSweep_W40_P0.3_Rep1.MetricsCollector - INFO - metrics:177 - Metrics @ T=82.00: Cells=2230, MaxR=47.47, Pheno={'G_SPECIALIST': 1945, 'L_SPECIALIST': 218, 'SWITCHING_GL': 67}
2025-05-27 19:27:47,528 - sim.ProbSweep_W40_P0.3_Rep1.MetricsCollector - INFO - metrics:177 - Metrics @ T=83.00: Cells=2245, MaxR=47.84, Pheno={'G_SPECIALIST': 1945, 'L_SPECIALIST': 241, 'SWITCHING_GL': 59}
2025-05-27 19:27:47,673 - sim.ProbSweep_W40_P0.3_Rep1.MetricsCollector - INFO - metrics:177 - Metrics @ T=84.00: Cells=2268, MaxR=47.84, Pheno={'G_SPECIALIST': 1945, 'L_SPECIALIST': 265, 'SWITCHING_GL': 58}
2025-05-27 19:27:47,816 - sim.ProbSweep_W40_P0.3_Rep1.MetricsCollector - INFO - metrics:177 - Metrics @ T=85.00: Cells=2278, MaxR=47.84, Pheno={'G_SPECIALIST': 1945, 'L_SPECIALIST': 280, 'SWITCHING_GL': 53}
2025-05-27 19:27:47,963 - sim.ProbSweep_W40_P0.3_Rep1.MetricsCollector - INFO - metrics:177 - Metrics @ T=86.00: Cells=2299, MaxR=48.00, Pheno={'G_SPECIALIST': 1945, 'L_SPECIALIST': 304, 'SWITCHING_GL': 50}
2025-05-27 19:27:48,109 - sim.ProbSweep_W40_P0.3_Rep1.MetricsCollector - INFO - metrics:177 - Metrics @ T=87.00: Cells=2317, MaxR=48.00, Pheno={'G_SPECIALIST': 1945, 'L_SPECIALIST': 323, 'SWITCHING_GL': 49}
2025-05-27 19:27:48,255 - sim.ProbSweep_W40_P0.3_Rep1.MetricsCollector - INFO - metrics:177 - Metrics @ T=88.00: Cells=2336, MaxR=49.57, Pheno={'G_SPECIALIST': 1945, 'L_SPECIALIST': 344, 'SWITCHING_GL': 47}
2025-05-27 19:27:48,401 - sim.ProbSweep_W40_P0.3_Rep1.MetricsCollector - INFO - metrics:177 - Metrics @ T=89.00: Cells=2360, MaxR=49.57, Pheno={'G_SPECIALIST': 1945, 'L_SPECIALIST': 375, 'SWITCHING_GL': 40}
2025-05-27 19:27:48,524 - sim.ProbSweep_W40_P0.3_Rep1 - INFO - simulation_engine:218 - Progress: T=90.00, Cells=2378
2025-05-27 19:27:48,549 - sim.ProbSweep_W40_P0.3_Rep1.MetricsCollector - INFO - metrics:177 - Metrics @ T=90.00: Cells=2381, MaxR=49.57, Pheno={'G_SPECIALIST': 1945, 'L_SPECIALIST': 397, 'SWITCHING_GL': 39}
2025-05-27 19:27:48,700 - sim.ProbSweep_W40_P0.3_Rep1.MetricsCollector - INFO - metrics:177 - Metrics @ T=91.00: Cells=2408, MaxR=50.41, Pheno={'G_SPECIALIST': 1945, 'L_SPECIALIST': 430, 'SWITCHING_GL': 33}
2025-05-27 19:27:48,851 - sim.ProbSweep_W40_P0.3_Rep1.MetricsCollector - INFO - metrics:177 - Metrics @ T=92.00: Cells=2429, MaxR=50.41, Pheno={'G_SPECIALIST': 1945, 'L_SPECIALIST': 455, 'SWITCHING_GL': 29}
2025-05-27 19:27:49,003 - sim.ProbSweep_W40_P0.3_Rep1.MetricsCollector - INFO - metrics:177 - Metrics @ T=93.00: Cells=2446, MaxR=50.41, Pheno={'G_SPECIALIST': 1945, 'L_SPECIALIST': 481, 'SWITCHING_GL': 20}
2025-05-27 19:27:49,158 - sim.ProbSweep_W40_P0.3_Rep1.MetricsCollector - INFO - metrics:177 - Metrics @ T=94.00: Cells=2472, MaxR=51.96, Pheno={'G_SPECIALIST': 1945, 'L_SPECIALIST': 510, 'SWITCHING_GL': 17}
2025-05-27 19:27:49,317 - sim.ProbSweep_W40_P0.3_Rep1.MetricsCollector - INFO - metrics:177 - Metrics @ T=95.00: Cells=2504, MaxR=51.96, Pheno={'G_SPECIALIST': 1945, 'L_SPECIALIST': 544, 'SWITCHING_GL': 15}
2025-05-27 19:27:49,477 - sim.ProbSweep_W40_P0.3_Rep1.MetricsCollector - INFO - metrics:177 - Metrics @ T=96.00: Cells=2540, MaxR=52.85, Pheno={'G_SPECIALIST': 1945, 'L_SPECIALIST': 583, 'SWITCHING_GL': 12}
2025-05-27 19:27:49,643 - sim.ProbSweep_W40_P0.3_Rep1.MetricsCollector - INFO - metrics:177 - Metrics @ T=97.00: Cells=2562, MaxR=54.11, Pheno={'G_SPECIALIST': 1945, 'L_SPECIALIST': 606, 'SWITCHING_GL': 11}
2025-05-27 19:27:49,807 - sim.ProbSweep_W40_P0.3_Rep1.MetricsCollector - INFO - metrics:177 - Metrics @ T=98.00: Cells=2592, MaxR=54.25, Pheno={'G_SPECIALIST': 1945, 'L_SPECIALIST': 638, 'SWITCHING_GL': 9}
2025-05-27 19:27:49,971 - sim.ProbSweep_W40_P0.3_Rep1.MetricsCollector - INFO - metrics:177 - Metrics @ T=99.00: Cells=2615, MaxR=54.44, Pheno={'G_SPECIALIST': 1945, 'L_SPECIALIST': 665, 'SWITCHING_GL': 5}
2025-05-27 19:27:50,109 - sim.ProbSweep_W40_P0.3_Rep1 - INFO - simulation_engine:218 - Progress: T=100.00, Cells=2638
2025-05-27 19:27:50,138 - sim.ProbSweep_W40_P0.3_Rep1.MetricsCollector - INFO - metrics:177 - Metrics @ T=100.00: Cells=2640, MaxR=55.83, Pheno={'G_SPECIALIST': 1945, 'L_SPECIALIST': 691, 'SWITCHING_GL': 4}
2025-05-27 19:27:50,304 - sim.ProbSweep_W40_P0.3_Rep1.MetricsCollector - INFO - metrics:177 - Metrics @ T=101.00: Cells=2661, MaxR=55.83, Pheno={'G_SPECIALIST': 1945, 'L_SPECIALIST': 713, 'SWITCHING_GL': 3}
2025-05-27 19:27:50,479 - sim.ProbSweep_W40_P0.3_Rep1.MetricsCollector - INFO - metrics:177 - Metrics @ T=102.00: Cells=2680, MaxR=55.83, Pheno={'G_SPECIALIST': 1945, 'L_SPECIALIST': 732, 'SWITCHING_GL': 3}
2025-05-27 19:27:50,656 - sim.ProbSweep_W40_P0.3_Rep1.MetricsCollector - INFO - metrics:177 - Metrics @ T=103.00: Cells=2710, MaxR=55.83, Pheno={'G_SPECIALIST': 1945, 'L_SPECIALIST': 762, 'SWITCHING_GL': 3}
2025-05-27 19:27:50,831 - sim.ProbSweep_W40_P0.3_Rep1.MetricsCollector - INFO - metrics:177 - Metrics @ T=104.00: Cells=2735, MaxR=55.83, Pheno={'G_SPECIALIST': 1945, 'L_SPECIALIST': 787, 'SWITCHING_GL': 3}
2025-05-27 19:27:51,002 - sim.ProbSweep_W40_P0.3_Rep1.MetricsCollector - INFO - metrics:177 - Metrics @ T=105.00: Cells=2760, MaxR=56.31, Pheno={'G_SPECIALIST': 1945, 'L_SPECIALIST': 813, 'SWITCHING_GL': 2}
2025-05-27 19:27:51,177 - sim.ProbSweep_W40_P0.3_Rep1.MetricsCollector - INFO - metrics:177 - Metrics @ T=106.00: Cells=2778, MaxR=56.31, Pheno={'G_SPECIALIST': 1945, 'L_SPECIALIST': 831, 'SWITCHING_GL': 2}
2025-05-27 19:27:51,351 - sim.ProbSweep_W40_P0.3_Rep1.MetricsCollector - INFO - metrics:177 - Metrics @ T=107.00: Cells=2800, MaxR=57.11, Pheno={'G_SPECIALIST': 1945, 'L_SPECIALIST': 854, 'SWITCHING_GL': 1}
2025-05-27 19:27:51,525 - sim.ProbSweep_W40_P0.3_Rep1.MetricsCollector - INFO - metrics:177 - Metrics @ T=108.00: Cells=2825, MaxR=57.11, Pheno={'G_SPECIALIST': 1945, 'L_SPECIALIST': 879, 'SWITCHING_GL': 1}
2025-05-27 19:27:51,704 - sim.ProbSweep_W40_P0.3_Rep1.MetricsCollector - INFO - metrics:177 - Metrics @ T=109.00: Cells=2849, MaxR=58.04, Pheno={'G_SPECIALIST': 1945, 'L_SPECIALIST': 903, 'SWITCHING_GL': 1}
2025-05-27 19:27:51,859 - sim.ProbSweep_W40_P0.3_Rep1 - INFO - simulation_engine:218 - Progress: T=110.00, Cells=2874
2025-05-27 19:27:51,888 - sim.ProbSweep_W40_P0.3_Rep1.MetricsCollector - INFO - metrics:177 - Metrics @ T=110.00: Cells=2876, MaxR=58.04, Pheno={'G_SPECIALIST': 1945, 'L_SPECIALIST': 931, 'SWITCHING_GL': 0}
2025-05-27 19:27:52,066 - sim.ProbSweep_W40_P0.3_Rep1.MetricsCollector - INFO - metrics:177 - Metrics @ T=111.00: Cells=2895, MaxR=58.97, Pheno={'G_SPECIALIST': 1945, 'L_SPECIALIST': 950, 'SWITCHING_GL': 0}
2025-05-27 19:27:52,247 - sim.ProbSweep_W40_P0.3_Rep1.MetricsCollector - INFO - metrics:177 - Metrics @ T=112.00: Cells=2927, MaxR=58.97, Pheno={'G_SPECIALIST': 1945, 'L_SPECIALIST': 982, 'SWITCHING_GL': 0}
2025-05-27 19:27:52,435 - sim.ProbSweep_W40_P0.3_Rep1.MetricsCollector - INFO - metrics:177 - Metrics @ T=113.00: Cells=2950, MaxR=58.97, Pheno={'G_SPECIALIST': 1945, 'L_SPECIALIST': 1005, 'SWITCHING_GL': 0}
2025-05-27 19:27:52,619 - sim.ProbSweep_W40_P0.3_Rep1.MetricsCollector - INFO - metrics:177 - Metrics @ T=114.00: Cells=2979, MaxR=58.97, Pheno={'G_SPECIALIST': 1945, 'L_SPECIALIST': 1034, 'SWITCHING_GL': 0}
2025-05-27 19:27:52,807 - sim.ProbSweep_W40_P0.3_Rep1.MetricsCollector - INFO - metrics:177 - Metrics @ T=115.00: Cells=3003, MaxR=58.97, Pheno={'G_SPECIALIST': 1945, 'L_SPECIALIST': 1058, 'SWITCHING_GL': 0}
2025-05-27 19:27:52,993 - sim.ProbSweep_W40_P0.3_Rep1.MetricsCollector - INFO - metrics:177 - Metrics @ T=116.00: Cells=3032, MaxR=58.97, Pheno={'G_SPECIALIST': 1945, 'L_SPECIALIST': 1087, 'SWITCHING_GL': 0}
2025-05-27 19:27:53,182 - sim.ProbSweep_W40_P0.3_Rep1.MetricsCollector - INFO - metrics:177 - Metrics @ T=117.00: Cells=3057, MaxR=58.97, Pheno={'G_SPECIALIST': 1945, 'L_SPECIALIST': 1112, 'SWITCHING_GL': 0}
2025-05-27 19:27:53,373 - sim.ProbSweep_W40_P0.3_Rep1.MetricsCollector - INFO - metrics:177 - Metrics @ T=118.00: Cells=3090, MaxR=58.97, Pheno={'G_SPECIALIST': 1945, 'L_SPECIALIST': 1145, 'SWITCHING_GL': 0}
2025-05-27 19:27:53,565 - sim.ProbSweep_W40_P0.3_Rep1.MetricsCollector - INFO - metrics:177 - Metrics @ T=119.00: Cells=3122, MaxR=60.22, Pheno={'G_SPECIALIST': 1945, 'L_SPECIALIST': 1177, 'SWITCHING_GL': 0}
2025-05-27 19:27:53,727 - sim.ProbSweep_W40_P0.3_Rep1 - INFO - simulation_engine:218 - Progress: T=120.00, Cells=3149
2025-05-27 19:27:53,759 - sim.ProbSweep_W40_P0.3_Rep1.MetricsCollector - INFO - metrics:177 - Metrics @ T=120.00: Cells=3150, MaxR=60.22, Pheno={'G_SPECIALIST': 1945, 'L_SPECIALIST': 1205, 'SWITCHING_GL': 0}
2025-05-27 19:27:53,979 - sim.ProbSweep_W40_P0.3_Rep1.MetricsCollector - INFO - metrics:177 - Metrics @ T=121.00: Cells=3183, MaxR=60.70, Pheno={'G_SPECIALIST': 1945, 'L_SPECIALIST': 1238, 'SWITCHING_GL': 0}
2025-05-27 19:27:54,180 - sim.ProbSweep_W40_P0.3_Rep1.MetricsCollector - INFO - metrics:177 - Metrics @ T=122.00: Cells=3228, MaxR=61.65, Pheno={'G_SPECIALIST': 1945, 'L_SPECIALIST': 1283, 'SWITCHING_GL': 0}
2025-05-27 19:27:54,381 - sim.ProbSweep_W40_P0.3_Rep1.MetricsCollector - INFO - metrics:177 - Metrics @ T=123.00: Cells=3260, MaxR=61.65, Pheno={'G_SPECIALIST': 1945, 'L_SPECIALIST': 1315, 'SWITCHING_GL': 0}
2025-05-27 19:27:54,585 - sim.ProbSweep_W40_P0.3_Rep1.MetricsCollector - INFO - metrics:177 - Metrics @ T=124.00: Cells=3288, MaxR=62.23, Pheno={'G_SPECIALIST': 1945, 'L_SPECIALIST': 1343, 'SWITCHING_GL': 0}
2025-05-27 19:27:54,794 - sim.ProbSweep_W40_P0.3_Rep1.MetricsCollector - INFO - metrics:177 - Metrics @ T=125.00: Cells=3320, MaxR=63.38, Pheno={'G_SPECIALIST': 1945, 'L_SPECIALIST': 1375, 'SWITCHING_GL': 0}
2025-05-27 19:27:55,003 - sim.ProbSweep_W40_P0.3_Rep1.MetricsCollector - INFO - metrics:177 - Metrics @ T=126.00: Cells=3357, MaxR=63.38, Pheno={'G_SPECIALIST': 1945, 'L_SPECIALIST': 1412, 'SWITCHING_GL': 0}
2025-05-27 19:27:55,213 - sim.ProbSweep_W40_P0.3_Rep1.MetricsCollector - INFO - metrics:177 - Metrics @ T=127.00: Cells=3406, MaxR=63.38, Pheno={'G_SPECIALIST': 1945, 'L_SPECIALIST': 1461, 'SWITCHING_GL': 0}
2025-05-27 19:27:55,426 - sim.ProbSweep_W40_P0.3_Rep1.MetricsCollector - INFO - metrics:177 - Metrics @ T=128.00: Cells=3440, MaxR=63.38, Pheno={'G_SPECIALIST': 1945, 'L_SPECIALIST': 1495, 'SWITCHING_GL': 0}
2025-05-27 19:27:55,642 - sim.ProbSweep_W40_P0.3_Rep1.MetricsCollector - INFO - metrics:177 - Metrics @ T=129.00: Cells=3467, MaxR=63.38, Pheno={'G_SPECIALIST': 1945, 'L_SPECIALIST': 1522, 'SWITCHING_GL': 0}
2025-05-27 19:27:55,825 - sim.ProbSweep_W40_P0.3_Rep1 - INFO - simulation_engine:218 - Progress: T=130.00, Cells=3495
2025-05-27 19:27:55,863 - sim.ProbSweep_W40_P0.3_Rep1.MetricsCollector - INFO - metrics:177 - Metrics @ T=130.00: Cells=3499, MaxR=64.16, Pheno={'G_SPECIALIST': 1945, 'L_SPECIALIST': 1554, 'SWITCHING_GL': 0}
2025-05-27 19:27:56,086 - sim.ProbSweep_W40_P0.3_Rep1.MetricsCollector - INFO - metrics:177 - Metrics @ T=131.00: Cells=3533, MaxR=64.16, Pheno={'G_SPECIALIST': 1945, 'L_SPECIALIST': 1588, 'SWITCHING_GL': 0}
2025-05-27 19:27:56,311 - sim.ProbSweep_W40_P0.3_Rep1.MetricsCollector - INFO - metrics:177 - Metrics @ T=132.00: Cells=3570, MaxR=64.16, Pheno={'G_SPECIALIST': 1945, 'L_SPECIALIST': 1625, 'SWITCHING_GL': 0}
2025-05-27 19:27:56,534 - sim.ProbSweep_W40_P0.3_Rep1.MetricsCollector - INFO - metrics:177 - Metrics @ T=133.00: Cells=3600, MaxR=64.16, Pheno={'G_SPECIALIST': 1945, 'L_SPECIALIST': 1655, 'SWITCHING_GL': 0}
2025-05-27 19:27:56,759 - sim.ProbSweep_W40_P0.3_Rep1.MetricsCollector - INFO - metrics:177 - Metrics @ T=134.00: Cells=3641, MaxR=64.55, Pheno={'G_SPECIALIST': 1945, 'L_SPECIALIST': 1696, 'SWITCHING_GL': 0}
2025-05-27 19:27:56,987 - sim.ProbSweep_W40_P0.3_Rep1.MetricsCollector - INFO - metrics:177 - Metrics @ T=135.00: Cells=3671, MaxR=64.55, Pheno={'G_SPECIALIST': 1945, 'L_SPECIALIST': 1726, 'SWITCHING_GL': 0}
2025-05-27 19:27:57,217 - sim.ProbSweep_W40_P0.3_Rep1.MetricsCollector - INFO - metrics:177 - Metrics @ T=136.00: Cells=3700, MaxR=66.09, Pheno={'G_SPECIALIST': 1945, 'L_SPECIALIST': 1755, 'SWITCHING_GL': 0}
2025-05-27 19:27:57,451 - sim.ProbSweep_W40_P0.3_Rep1.MetricsCollector - INFO - metrics:177 - Metrics @ T=137.00: Cells=3735, MaxR=66.09, Pheno={'G_SPECIALIST': 1945, 'L_SPECIALIST': 1790, 'SWITCHING_GL': 0}
2025-05-27 19:27:57,686 - sim.ProbSweep_W40_P0.3_Rep1.MetricsCollector - INFO - metrics:177 - Metrics @ T=138.00: Cells=3773, MaxR=66.09, Pheno={'G_SPECIALIST': 1945, 'L_SPECIALIST': 1828, 'SWITCHING_GL': 0}
2025-05-27 19:27:57,920 - sim.ProbSweep_W40_P0.3_Rep1.MetricsCollector - INFO - metrics:177 - Metrics @ T=139.00: Cells=3803, MaxR=66.20, Pheno={'G_SPECIALIST': 1945, 'L_SPECIALIST': 1858, 'SWITCHING_GL': 0}
2025-05-27 19:27:58,118 - sim.ProbSweep_W40_P0.3_Rep1 - INFO - simulation_engine:218 - Progress: T=140.00, Cells=3840
2025-05-27 19:27:58,160 - sim.ProbSweep_W40_P0.3_Rep1.MetricsCollector - INFO - metrics:177 - Metrics @ T=140.00: Cells=3844, MaxR=69.20, Pheno={'G_SPECIALIST': 1945, 'L_SPECIALIST': 1899, 'SWITCHING_GL': 0}
2025-05-27 19:27:58,400 - sim.ProbSweep_W40_P0.3_Rep1.MetricsCollector - INFO - metrics:177 - Metrics @ T=141.00: Cells=3878, MaxR=69.20, Pheno={'G_SPECIALIST': 1945, 'L_SPECIALIST': 1933, 'SWITCHING_GL': 0}
2025-05-27 19:27:58,646 - sim.ProbSweep_W40_P0.3_Rep1.MetricsCollector - INFO - metrics:177 - Metrics @ T=142.00: Cells=3922, MaxR=69.20, Pheno={'G_SPECIALIST': 1945, 'L_SPECIALIST': 1977, 'SWITCHING_GL': 0}
2025-05-27 19:27:58,892 - sim.ProbSweep_W40_P0.3_Rep1.MetricsCollector - INFO - metrics:177 - Metrics @ T=143.00: Cells=3958, MaxR=69.20, Pheno={'G_SPECIALIST': 1945, 'L_SPECIALIST': 2013, 'SWITCHING_GL': 0}
2025-05-27 19:27:59,142 - sim.ProbSweep_W40_P0.3_Rep1.MetricsCollector - INFO - metrics:177 - Metrics @ T=144.00: Cells=3986, MaxR=69.20, Pheno={'G_SPECIALIST': 1945, 'L_SPECIALIST': 2041, 'SWITCHING_GL': 0}
2025-05-27 19:27:59,391 - sim.ProbSweep_W40_P0.3_Rep1.MetricsCollector - INFO - metrics:177 - Metrics @ T=145.00: Cells=4018, MaxR=69.20, Pheno={'G_SPECIALIST': 1945, 'L_SPECIALIST': 2073, 'SWITCHING_GL': 0}
2025-05-27 19:27:59,641 - sim.ProbSweep_W40_P0.3_Rep1.MetricsCollector - INFO - metrics:177 - Metrics @ T=146.00: Cells=4053, MaxR=69.20, Pheno={'G_SPECIALIST': 1945, 'L_SPECIALIST': 2108, 'SWITCHING_GL': 0}
2025-05-27 19:27:59,892 - sim.ProbSweep_W40_P0.3_Rep1.MetricsCollector - INFO - metrics:177 - Metrics @ T=147.00: Cells=4080, MaxR=69.20, Pheno={'G_SPECIALIST': 1945, 'L_SPECIALIST': 2135, 'SWITCHING_GL': 0}
2025-05-27 19:28:00,146 - sim.ProbSweep_W40_P0.3_Rep1.MetricsCollector - INFO - metrics:177 - Metrics @ T=148.00: Cells=4110, MaxR=69.20, Pheno={'G_SPECIALIST': 1945, 'L_SPECIALIST': 2165, 'SWITCHING_GL': 0}
2025-05-27 19:28:00,407 - sim.ProbSweep_W40_P0.3_Rep1.MetricsCollector - INFO - metrics:177 - Metrics @ T=149.00: Cells=4151, MaxR=69.20, Pheno={'G_SPECIALIST': 1945, 'L_SPECIALIST': 2206, 'SWITCHING_GL': 0}
2025-05-27 19:28:00,624 - sim.ProbSweep_W40_P0.3_Rep1 - INFO - simulation_engine:218 - Progress: T=150.00, Cells=4178
2025-05-27 19:28:00,665 - sim.ProbSweep_W40_P0.3_Rep1.MetricsCollector - INFO - metrics:177 - Metrics @ T=150.00: Cells=4183, MaxR=70.51, Pheno={'G_SPECIALIST': 1945, 'L_SPECIALIST': 2238, 'SWITCHING_GL': 0}
2025-05-27 19:28:00,943 - sim.ProbSweep_W40_P0.3_Rep1.MetricsCollector - INFO - metrics:177 - Metrics @ T=151.00: Cells=4222, MaxR=70.51, Pheno={'G_SPECIALIST': 1945, 'L_SPECIALIST': 2277, 'SWITCHING_GL': 0}
2025-05-27 19:28:01,207 - sim.ProbSweep_W40_P0.3_Rep1.MetricsCollector - INFO - metrics:177 - Metrics @ T=152.00: Cells=4252, MaxR=70.51, Pheno={'G_SPECIALIST': 1945, 'L_SPECIALIST': 2307, 'SWITCHING_GL': 0}
2025-05-27 19:28:01,494 - sim.ProbSweep_W40_P0.3_Rep1.MetricsCollector - INFO - metrics:177 - Metrics @ T=153.00: Cells=4298, MaxR=72.02, Pheno={'G_SPECIALIST': 1945, 'L_SPECIALIST': 2353, 'SWITCHING_GL': 0}
2025-05-27 19:28:01,764 - sim.ProbSweep_W40_P0.3_Rep1.MetricsCollector - INFO - metrics:177 - Metrics @ T=154.00: Cells=4342, MaxR=72.02, Pheno={'G_SPECIALIST': 1945, 'L_SPECIALIST': 2397, 'SWITCHING_GL': 0}
2025-05-27 19:28:02,035 - sim.ProbSweep_W40_P0.3_Rep1.MetricsCollector - INFO - metrics:177 - Metrics @ T=155.00: Cells=4376, MaxR=72.19, Pheno={'G_SPECIALIST': 1945, 'L_SPECIALIST': 2431, 'SWITCHING_GL': 0}
2025-05-27 19:28:02,309 - sim.ProbSweep_W40_P0.3_Rep1.MetricsCollector - INFO - metrics:177 - Metrics @ T=156.00: Cells=4416, MaxR=72.19, Pheno={'G_SPECIALIST': 1945, 'L_SPECIALIST': 2471, 'SWITCHING_GL': 0}
2025-05-27 19:28:02,588 - sim.ProbSweep_W40_P0.3_Rep1.MetricsCollector - INFO - metrics:177 - Metrics @ T=157.00: Cells=4453, MaxR=72.19, Pheno={'G_SPECIALIST': 1945, 'L_SPECIALIST': 2508, 'SWITCHING_GL': 0}
2025-05-27 19:28:02,865 - sim.ProbSweep_W40_P0.3_Rep1.MetricsCollector - INFO - metrics:177 - Metrics @ T=158.00: Cells=4494, MaxR=72.19, Pheno={'G_SPECIALIST': 1945, 'L_SPECIALIST': 2549, 'SWITCHING_GL': 0}
2025-05-27 19:28:03,147 - sim.ProbSweep_W40_P0.3_Rep1.MetricsCollector - INFO - metrics:177 - Metrics @ T=159.00: Cells=4528, MaxR=72.19, Pheno={'G_SPECIALIST': 1945, 'L_SPECIALIST': 2583, 'SWITCHING_GL': 0}
2025-05-27 19:28:03,384 - sim.ProbSweep_W40_P0.3_Rep1 - INFO - simulation_engine:218 - Progress: T=160.00, Cells=4553
2025-05-27 19:28:03,433 - sim.ProbSweep_W40_P0.3_Rep1.MetricsCollector - INFO - metrics:177 - Metrics @ T=160.00: Cells=4554, MaxR=72.19, Pheno={'G_SPECIALIST': 1945, 'L_SPECIALIST': 2609, 'SWITCHING_GL': 0}
2025-05-27 19:28:03,718 - sim.ProbSweep_W40_P0.3_Rep1.MetricsCollector - INFO - metrics:177 - Metrics @ T=161.00: Cells=4604, MaxR=75.02, Pheno={'G_SPECIALIST': 1945, 'L_SPECIALIST': 2659, 'SWITCHING_GL': 0}
2025-05-27 19:28:04,005 - sim.ProbSweep_W40_P0.3_Rep1.MetricsCollector - INFO - metrics:177 - Metrics @ T=162.00: Cells=4644, MaxR=76.54, Pheno={'G_SPECIALIST': 1945, 'L_SPECIALIST': 2699, 'SWITCHING_GL': 0}
2025-05-27 19:28:04,295 - sim.ProbSweep_W40_P0.3_Rep1.MetricsCollector - INFO - metrics:177 - Metrics @ T=163.00: Cells=4680, MaxR=76.54, Pheno={'G_SPECIALIST': 1945, 'L_SPECIALIST': 2735, 'SWITCHING_GL': 0}
2025-05-27 19:28:04,585 - sim.ProbSweep_W40_P0.3_Rep1.MetricsCollector - INFO - metrics:177 - Metrics @ T=164.00: Cells=4717, MaxR=76.54, Pheno={'G_SPECIALIST': 1945, 'L_SPECIALIST': 2772, 'SWITCHING_GL': 0}
2025-05-27 19:28:04,882 - sim.ProbSweep_W40_P0.3_Rep1.MetricsCollector - INFO - metrics:177 - Metrics @ T=165.00: Cells=4757, MaxR=76.54, Pheno={'G_SPECIALIST': 1945, 'L_SPECIALIST': 2812, 'SWITCHING_GL': 0}
2025-05-27 19:28:05,196 - sim.ProbSweep_W40_P0.3_Rep1.MetricsCollector - INFO - metrics:177 - Metrics @ T=166.00: Cells=4800, MaxR=78.00, Pheno={'G_SPECIALIST': 1945, 'L_SPECIALIST': 2855, 'SWITCHING_GL': 0}
2025-05-27 19:28:05,494 - sim.ProbSweep_W40_P0.3_Rep1.MetricsCollector - INFO - metrics:177 - Metrics @ T=167.00: Cells=4835, MaxR=78.02, Pheno={'G_SPECIALIST': 1945, 'L_SPECIALIST': 2890, 'SWITCHING_GL': 0}
2025-05-27 19:28:05,797 - sim.ProbSweep_W40_P0.3_Rep1.MetricsCollector - INFO - metrics:177 - Metrics @ T=168.00: Cells=4883, MaxR=78.02, Pheno={'G_SPECIALIST': 1945, 'L_SPECIALIST': 2938, 'SWITCHING_GL': 0}
2025-05-27 19:28:06,112 - sim.ProbSweep_W40_P0.3_Rep1.MetricsCollector - INFO - metrics:177 - Metrics @ T=169.00: Cells=4925, MaxR=78.08, Pheno={'G_SPECIALIST': 1945, 'L_SPECIALIST': 2980, 'SWITCHING_GL': 0}
2025-05-27 19:28:06,367 - sim.ProbSweep_W40_P0.3_Rep1 - INFO - simulation_engine:218 - Progress: T=170.00, Cells=4962
2025-05-27 19:28:06,418 - sim.ProbSweep_W40_P0.3_Rep1.MetricsCollector - INFO - metrics:177 - Metrics @ T=170.00: Cells=4965, MaxR=78.08, Pheno={'G_SPECIALIST': 1945, 'L_SPECIALIST': 3020, 'SWITCHING_GL': 0}
2025-05-27 19:28:06,728 - sim.ProbSweep_W40_P0.3_Rep1.MetricsCollector - INFO - metrics:177 - Metrics @ T=171.00: Cells=4999, MaxR=78.08, Pheno={'G_SPECIALIST': 1945, 'L_SPECIALIST': 3054, 'SWITCHING_GL': 0}
2025-05-27 19:28:07,041 - sim.ProbSweep_W40_P0.3_Rep1.MetricsCollector - INFO - metrics:177 - Metrics @ T=172.00: Cells=5038, MaxR=78.08, Pheno={'G_SPECIALIST': 1945, 'L_SPECIALIST': 3093, 'SWITCHING_GL': 0}
2025-05-27 19:28:07,357 - sim.ProbSweep_W40_P0.3_Rep1.MetricsCollector - INFO - metrics:177 - Metrics @ T=173.00: Cells=5086, MaxR=78.08, Pheno={'G_SPECIALIST': 1945, 'L_SPECIALIST': 3141, 'SWITCHING_GL': 0}
2025-05-27 19:28:07,677 - sim.ProbSweep_W40_P0.3_Rep1.MetricsCollector - INFO - metrics:177 - Metrics @ T=174.00: Cells=5135, MaxR=79.50, Pheno={'G_SPECIALIST': 1945, 'L_SPECIALIST': 3190, 'SWITCHING_GL': 0}
2025-05-27 19:28:08,010 - sim.ProbSweep_W40_P0.3_Rep1.MetricsCollector - INFO - metrics:177 - Metrics @ T=175.00: Cells=5176, MaxR=79.62, Pheno={'G_SPECIALIST': 1945, 'L_SPECIALIST': 3231, 'SWITCHING_GL': 0}
2025-05-27 19:28:08,343 - sim.ProbSweep_W40_P0.3_Rep1.MetricsCollector - INFO - metrics:177 - Metrics @ T=176.00: Cells=5223, MaxR=79.62, Pheno={'G_SPECIALIST': 1945, 'L_SPECIALIST': 3278, 'SWITCHING_GL': 0}
2025-05-27 19:28:08,673 - sim.ProbSweep_W40_P0.3_Rep1.MetricsCollector - INFO - metrics:177 - Metrics @ T=177.00: Cells=5265, MaxR=79.62, Pheno={'G_SPECIALIST': 1945, 'L_SPECIALIST': 3320, 'SWITCHING_GL': 0}
2025-05-27 19:28:09,006 - sim.ProbSweep_W40_P0.3_Rep1.MetricsCollector - INFO - metrics:177 - Metrics @ T=178.00: Cells=5296, MaxR=79.62, Pheno={'G_SPECIALIST': 1945, 'L_SPECIALIST': 3351, 'SWITCHING_GL': 0}
2025-05-27 19:28:09,338 - sim.ProbSweep_W40_P0.3_Rep1.MetricsCollector - INFO - metrics:177 - Metrics @ T=179.00: Cells=5332, MaxR=79.62, Pheno={'G_SPECIALIST': 1945, 'L_SPECIALIST': 3387, 'SWITCHING_GL': 0}
2025-05-27 19:28:09,617 - sim.ProbSweep_W40_P0.3_Rep1 - INFO - simulation_engine:218 - Progress: T=180.00, Cells=5368
2025-05-27 19:28:09,671 - sim.ProbSweep_W40_P0.3_Rep1.MetricsCollector - INFO - metrics:177 - Metrics @ T=180.00: Cells=5377, MaxR=79.62, Pheno={'G_SPECIALIST': 1945, 'L_SPECIALIST': 3432, 'SWITCHING_GL': 0}
2025-05-27 19:28:10,005 - sim.ProbSweep_W40_P0.3_Rep1.MetricsCollector - INFO - metrics:177 - Metrics @ T=181.00: Cells=5406, MaxR=81.02, Pheno={'G_SPECIALIST': 1946, 'L_SPECIALIST': 3460, 'SWITCHING_GL': 0}
2025-05-27 19:28:10,342 - sim.ProbSweep_W40_P0.3_Rep1.MetricsCollector - INFO - metrics:177 - Metrics @ T=182.00: Cells=5453, MaxR=81.02, Pheno={'G_SPECIALIST': 1946, 'L_SPECIALIST': 3507, 'SWITCHING_GL': 0}
2025-05-27 19:28:10,682 - sim.ProbSweep_W40_P0.3_Rep1.MetricsCollector - INFO - metrics:177 - Metrics @ T=183.00: Cells=5492, MaxR=81.02, Pheno={'G_SPECIALIST': 1946, 'L_SPECIALIST': 3546, 'SWITCHING_GL': 0}
2025-05-27 19:28:11,023 - sim.ProbSweep_W40_P0.3_Rep1.MetricsCollector - INFO - metrics:177 - Metrics @ T=184.00: Cells=5542, MaxR=81.46, Pheno={'G_SPECIALIST': 1949, 'L_SPECIALIST': 3593, 'SWITCHING_GL': 0}
2025-05-27 19:28:11,370 - sim.ProbSweep_W40_P0.3_Rep1.MetricsCollector - INFO - metrics:177 - Metrics @ T=185.00: Cells=5587, MaxR=81.46, Pheno={'G_SPECIALIST': 1949, 'L_SPECIALIST': 3638, 'SWITCHING_GL': 0}
2025-05-27 19:28:11,721 - sim.ProbSweep_W40_P0.3_Rep1.MetricsCollector - INFO - metrics:177 - Metrics @ T=186.00: Cells=5648, MaxR=81.66, Pheno={'G_SPECIALIST': 1951, 'L_SPECIALIST': 3697, 'SWITCHING_GL': 0}
2025-05-27 19:28:12,081 - sim.ProbSweep_W40_P0.3_Rep1.MetricsCollector - INFO - metrics:177 - Metrics @ T=187.00: Cells=5690, MaxR=81.66, Pheno={'G_SPECIALIST': 1951, 'L_SPECIALIST': 3739, 'SWITCHING_GL': 0}
2025-05-27 19:28:12,435 - sim.ProbSweep_W40_P0.3_Rep1.MetricsCollector - INFO - metrics:177 - Metrics @ T=188.00: Cells=5732, MaxR=83.26, Pheno={'G_SPECIALIST': 1953, 'L_SPECIALIST': 3779, 'SWITCHING_GL': 0}
2025-05-27 19:28:12,794 - sim.ProbSweep_W40_P0.3_Rep1.MetricsCollector - INFO - metrics:177 - Metrics @ T=189.00: Cells=5763, MaxR=84.87, Pheno={'G_SPECIALIST': 1955, 'L_SPECIALIST': 3808, 'SWITCHING_GL': 0}
2025-05-27 19:28:13,096 - sim.ProbSweep_W40_P0.3_Rep1 - INFO - simulation_engine:218 - Progress: T=190.00, Cells=5813
2025-05-27 19:28:13,155 - sim.ProbSweep_W40_P0.3_Rep1.MetricsCollector - INFO - metrics:177 - Metrics @ T=190.00: Cells=5816, MaxR=86.48, Pheno={'G_SPECIALIST': 1959, 'L_SPECIALIST': 3857, 'SWITCHING_GL': 0}
2025-05-27 19:28:13,515 - sim.ProbSweep_W40_P0.3_Rep1.MetricsCollector - INFO - metrics:177 - Metrics @ T=191.00: Cells=5862, MaxR=86.48, Pheno={'G_SPECIALIST': 1964, 'L_SPECIALIST': 3898, 'SWITCHING_GL': 0}
2025-05-27 19:28:13,884 - sim.ProbSweep_W40_P0.3_Rep1.MetricsCollector - INFO - metrics:177 - Metrics @ T=192.00: Cells=5915, MaxR=87.62, Pheno={'G_SPECIALIST': 1969, 'L_SPECIALIST': 3946, 'SWITCHING_GL': 0}
2025-05-27 19:28:14,255 - sim.ProbSweep_W40_P0.3_Rep1.MetricsCollector - INFO - metrics:177 - Metrics @ T=193.00: Cells=5971, MaxR=87.84, Pheno={'G_SPECIALIST': 1979, 'L_SPECIALIST': 3991, 'SWITCHING_GL': 1}
2025-05-27 19:28:14,629 - sim.ProbSweep_W40_P0.3_Rep1.MetricsCollector - INFO - metrics:177 - Metrics @ T=194.00: Cells=6011, MaxR=89.72, Pheno={'G_SPECIALIST': 1983, 'L_SPECIALIST': 4027, 'SWITCHING_GL': 1}
2025-05-27 19:28:15,005 - sim.ProbSweep_W40_P0.3_Rep1.MetricsCollector - INFO - metrics:177 - Metrics @ T=195.00: Cells=6049, MaxR=91.65, Pheno={'G_SPECIALIST': 1989, 'L_SPECIALIST': 4059, 'SWITCHING_GL': 1}
2025-05-27 19:28:15,382 - sim.ProbSweep_W40_P0.3_Rep1.MetricsCollector - INFO - metrics:177 - Metrics @ T=196.00: Cells=6096, MaxR=92.97, Pheno={'G_SPECIALIST': 2000, 'L_SPECIALIST': 4095, 'SWITCHING_GL': 1}
2025-05-27 19:28:15,761 - sim.ProbSweep_W40_P0.3_Rep1.MetricsCollector - INFO - metrics:177 - Metrics @ T=197.00: Cells=6147, MaxR=94.60, Pheno={'G_SPECIALIST': 2010, 'L_SPECIALIST': 4136, 'SWITCHING_GL': 1}
2025-05-27 19:28:16,164 - sim.ProbSweep_W40_P0.3_Rep1.MetricsCollector - INFO - metrics:177 - Metrics @ T=198.00: Cells=6220, MaxR=94.60, Pheno={'G_SPECIALIST': 2033, 'L_SPECIALIST': 4185, 'SWITCHING_GL': 2}
2025-05-27 19:28:16,568 - sim.ProbSweep_W40_P0.3_Rep1.MetricsCollector - INFO - metrics:177 - Metrics @ T=199.00: Cells=6281, MaxR=96.23, Pheno={'G_SPECIALIST': 2052, 'L_SPECIALIST': 4227, 'SWITCHING_GL': 2}
2025-05-27 19:28:16,902 - sim.ProbSweep_W40_P0.3_Rep1 - INFO - simulation_engine:218 - Progress: T=200.00, Cells=6343
2025-05-27 19:28:16,968 - sim.ProbSweep_W40_P0.3_Rep1.MetricsCollector - INFO - metrics:177 - Metrics @ T=200.00: Cells=6347, MaxR=96.58, Pheno={'G_SPECIALIST': 2068, 'L_SPECIALIST': 4277, 'SWITCHING_GL': 2}
2025-05-27 19:28:17,006 - sim.ProbSweep_W40_P0.3_Rep1 - INFO - simulation_engine:238 - Sim run finished: ProbSweep_W40_P0.3_Rep1. Wall-clock: 34.676s.
2025-05-27 19:28:17,006 - sim.ProbSweep_W40_P0.3_Rep1 - INFO - simulation_engine:241 - Final state: SimTime=200.10, Steps=2001, Cells=6355.
2025-05-27 19:28:17,006 - sim.ProbSweep_W40_P0.3_Rep1.MetricsCollector - INFO - metrics:300 - Finalizing data collection and exporting results...
2025-05-27 19:28:17,006 - sim.ProbSweep_W40_P0.3_Rep1.MetricsCollector - INFO - metrics:312 - --- Simulation Summary (Log) ---
time: 199.99999999999292
total_cell_count: 6347
phenotype_counts: {'G_SPECIALIST': 2068, 'L_SPECIALIST': 4277, 'SWITCHING_GL': 2}
avg_radial_distance: 48.83612879068905
max_radial_distance: 96.57639463140046
min_radial_distance: 0.0
std_dev_radial_distance: 17.908052689052948
median_radial_distance: 51.176166327695945
frontier_lag_G_to_L: (details in files)
frontier_traits: (details in files)
overall_radial_expansion_velocity: 0.47422171911917466
config_exp_name: ProbSweep_W40_P0.3_Rep1

2025-05-27 19:28:17,026 - sim.ProbSweep_W40_P0.3_Rep1.MetricsCollector - INFO - metrics:242 - Time series data exported to results\ProbSweep_W40_P0.3_Rep1\time_series_data.csv
2025-05-27 19:28:17,027 - sim.ProbSweep_W40_P0.3_Rep1.MetricsCollector - INFO - metrics:267 - Summary data exported to results\ProbSweep_W40_P0.3_Rep1\summary.json
2025-05-27 19:28:17,028 - sim.ProbSweep_W40_P0.3_Rep1.MetricsCollector - INFO - metrics:275 - No kymograph data to export.
2025-05-27 19:28:17,028 - sim.ProbSweep_W40_P0.3_Rep1.MetricsCollector - INFO - metrics:316 - All data export finalized for ProbSweep_W40_P0.3_Rep1.
2025-05-27 19:28:17,028 - sim.ProbSweep_W40_P0.3_Rep1 - INFO - simulation_engine:276 - Simulation fully complete.
