2025-05-27 19:37:05,245 - sim.ProbSweep_W40_P0.8_Rep2 - INFO - simulation_engine:37 - Initializing SimulationEngine for experiment: ProbSweep_W40_P0.8_Rep2
2025-05-27 19:37:05,246 - sim.ProbSweep_W40_P0.8_Rep2 - INFO - simulation_engine:70 - Visualization disabled.
2025-05-27 19:37:05,246 - sim.ProbSweep_W40_P0.8_Rep2 - INFO - simulation_engine:202 - Starting simulation: ProbSweep_W40_P0.8_Rep2
2025-05-27 19:37:05,246 - sim.ProbSweep_W40_P0.8_Rep2 - INFO - simulation_engine:204 - Colony initialized: 5 cells.
2025-05-27 19:37:05,247 - sim.ProbSweep_W40_P0.8_Rep2.MetricsCollector - INFO - metrics:177 - Metrics @ T=0.00: Cells=5, MaxR=1.73, Pheno={'G_SPECIALIST': 5, 'L_SPECIALIST': 0, 'SWITCHING_GL': 0}
2025-05-27 19:37:05,248 - sim.ProbSweep_W40_P0.8_Rep2.MetricsCollector - INFO - metrics:177 - Metrics @ T=1.00: Cells=5, MaxR=1.73, Pheno={'G_SPECIALIST': 5, 'L_SPECIALIST': 0, 'SWITCHING_GL': 0}
2025-05-27 19:37:05,250 - sim.ProbSweep_W40_P0.8_Rep2.MetricsCollector - INFO - metrics:177 - Metrics @ T=2.00: Cells=5, MaxR=1.73, Pheno={'G_SPECIALIST': 5, 'L_SPECIALIST': 0, 'SWITCHING_GL': 0}
2025-05-27 19:37:05,251 - sim.ProbSweep_W40_P0.8_Rep2.MetricsCollector - INFO - metrics:177 - Metrics @ T=3.00: Cells=5, MaxR=1.73, Pheno={'G_SPECIALIST': 5, 'L_SPECIALIST': 0, 'SWITCHING_GL': 0}
2025-05-27 19:37:05,251 - sim.ProbSweep_W40_P0.8_Rep2.MetricsCollector - INFO - metrics:177 - Metrics @ T=4.00: Cells=6, MaxR=3.00, Pheno={'G_SPECIALIST': 6, 'L_SPECIALIST': 0, 'SWITCHING_GL': 0}
2025-05-27 19:37:05,252 - sim.ProbSweep_W40_P0.8_Rep2.MetricsCollector - INFO - metrics:177 - Metrics @ T=5.00: Cells=6, MaxR=3.00, Pheno={'G_SPECIALIST': 6, 'L_SPECIALIST': 0, 'SWITCHING_GL': 0}
2025-05-27 19:37:05,253 - sim.ProbSweep_W40_P0.8_Rep2.MetricsCollector - INFO - metrics:177 - Metrics @ T=6.00: Cells=6, MaxR=3.00, Pheno={'G_SPECIALIST': 6, 'L_SPECIALIST': 0, 'SWITCHING_GL': 0}
2025-05-27 19:37:05,254 - sim.ProbSweep_W40_P0.8_Rep2.MetricsCollector - INFO - metrics:177 - Metrics @ T=7.00: Cells=8, MaxR=3.00, Pheno={'G_SPECIALIST': 8, 'L_SPECIALIST': 0, 'SWITCHING_GL': 0}
2025-05-27 19:37:05,254 - sim.ProbSweep_W40_P0.8_Rep2.MetricsCollector - INFO - metrics:177 - Metrics @ T=8.00: Cells=8, MaxR=3.00, Pheno={'G_SPECIALIST': 8, 'L_SPECIALIST': 0, 'SWITCHING_GL': 0}
2025-05-27 19:37:05,256 - sim.ProbSweep_W40_P0.8_Rep2.MetricsCollector - INFO - metrics:177 - Metrics @ T=9.00: Cells=9, MaxR=3.00, Pheno={'G_SPECIALIST': 9, 'L_SPECIALIST': 0, 'SWITCHING_GL': 0}
2025-05-27 19:37:05,257 - sim.ProbSweep_W40_P0.8_Rep2 - INFO - simulation_engine:218 - Progress: T=10.00, Cells=9
2025-05-27 19:37:05,257 - sim.ProbSweep_W40_P0.8_Rep2.MetricsCollector - INFO - metrics:177 - Metrics @ T=10.00: Cells=9, MaxR=3.00, Pheno={'G_SPECIALIST': 9, 'L_SPECIALIST': 0, 'SWITCHING_GL': 0}
2025-05-27 19:37:05,258 - sim.ProbSweep_W40_P0.8_Rep2.MetricsCollector - INFO - metrics:177 - Metrics @ T=11.00: Cells=11, MaxR=4.58, Pheno={'G_SPECIALIST': 11, 'L_SPECIALIST': 0, 'SWITCHING_GL': 0}
2025-05-27 19:37:05,259 - sim.ProbSweep_W40_P0.8_Rep2.MetricsCollector - INFO - metrics:177 - Metrics @ T=12.00: Cells=12, MaxR=4.58, Pheno={'G_SPECIALIST': 12, 'L_SPECIALIST': 0, 'SWITCHING_GL': 0}
2025-05-27 19:37:05,260 - sim.ProbSweep_W40_P0.8_Rep2.MetricsCollector - INFO - metrics:177 - Metrics @ T=13.00: Cells=13, MaxR=5.20, Pheno={'G_SPECIALIST': 13, 'L_SPECIALIST': 0, 'SWITCHING_GL': 0}
2025-05-27 19:37:05,261 - sim.ProbSweep_W40_P0.8_Rep2.MetricsCollector - INFO - metrics:177 - Metrics @ T=14.00: Cells=14, MaxR=6.24, Pheno={'G_SPECIALIST': 14, 'L_SPECIALIST': 0, 'SWITCHING_GL': 0}
2025-05-27 19:37:05,263 - sim.ProbSweep_W40_P0.8_Rep2.MetricsCollector - INFO - metrics:177 - Metrics @ T=15.00: Cells=18, MaxR=7.55, Pheno={'G_SPECIALIST': 18, 'L_SPECIALIST': 0, 'SWITCHING_GL': 0}
2025-05-27 19:37:05,265 - sim.ProbSweep_W40_P0.8_Rep2.MetricsCollector - INFO - metrics:177 - Metrics @ T=16.00: Cells=22, MaxR=7.55, Pheno={'G_SPECIALIST': 22, 'L_SPECIALIST': 0, 'SWITCHING_GL': 0}
2025-05-27 19:37:05,266 - sim.ProbSweep_W40_P0.8_Rep2.MetricsCollector - INFO - metrics:177 - Metrics @ T=17.00: Cells=26, MaxR=9.17, Pheno={'G_SPECIALIST': 26, 'L_SPECIALIST': 0, 'SWITCHING_GL': 0}
2025-05-27 19:37:05,269 - sim.ProbSweep_W40_P0.8_Rep2.MetricsCollector - INFO - metrics:177 - Metrics @ T=18.00: Cells=33, MaxR=9.64, Pheno={'G_SPECIALIST': 33, 'L_SPECIALIST': 0, 'SWITCHING_GL': 0}
2025-05-27 19:37:05,272 - sim.ProbSweep_W40_P0.8_Rep2.MetricsCollector - INFO - metrics:177 - Metrics @ T=19.00: Cells=41, MaxR=10.54, Pheno={'G_SPECIALIST': 41, 'L_SPECIALIST': 0, 'SWITCHING_GL': 0}
2025-05-27 19:37:05,275 - sim.ProbSweep_W40_P0.8_Rep2 - INFO - simulation_engine:218 - Progress: T=20.00, Cells=50
2025-05-27 19:37:05,276 - sim.ProbSweep_W40_P0.8_Rep2.MetricsCollector - INFO - metrics:177 - Metrics @ T=20.00: Cells=53, MaxR=10.54, Pheno={'G_SPECIALIST': 53, 'L_SPECIALIST': 0, 'SWITCHING_GL': 0}
2025-05-27 19:37:05,281 - sim.ProbSweep_W40_P0.8_Rep2.MetricsCollector - INFO - metrics:177 - Metrics @ T=21.00: Cells=69, MaxR=13.53, Pheno={'G_SPECIALIST': 69, 'L_SPECIALIST': 0, 'SWITCHING_GL': 0}
2025-05-27 19:37:05,286 - sim.ProbSweep_W40_P0.8_Rep2.MetricsCollector - INFO - metrics:177 - Metrics @ T=22.00: Cells=82, MaxR=13.53, Pheno={'G_SPECIALIST': 82, 'L_SPECIALIST': 0, 'SWITCHING_GL': 0}
2025-05-27 19:37:05,291 - sim.ProbSweep_W40_P0.8_Rep2.MetricsCollector - INFO - metrics:177 - Metrics @ T=23.00: Cells=87, MaxR=13.53, Pheno={'G_SPECIALIST': 87, 'L_SPECIALIST': 0, 'SWITCHING_GL': 0}
2025-05-27 19:37:05,298 - sim.ProbSweep_W40_P0.8_Rep2.MetricsCollector - INFO - metrics:177 - Metrics @ T=24.00: Cells=97, MaxR=13.75, Pheno={'G_SPECIALIST': 97, 'L_SPECIALIST': 0, 'SWITCHING_GL': 0}
2025-05-27 19:37:05,305 - sim.ProbSweep_W40_P0.8_Rep2.MetricsCollector - INFO - metrics:177 - Metrics @ T=25.00: Cells=111, MaxR=15.00, Pheno={'G_SPECIALIST': 111, 'L_SPECIALIST': 0, 'SWITCHING_GL': 0}
2025-05-27 19:37:05,313 - sim.ProbSweep_W40_P0.8_Rep2.MetricsCollector - INFO - metrics:177 - Metrics @ T=26.00: Cells=125, MaxR=16.70, Pheno={'G_SPECIALIST': 125, 'L_SPECIALIST': 0, 'SWITCHING_GL': 0}
2025-05-27 19:37:05,323 - sim.ProbSweep_W40_P0.8_Rep2.MetricsCollector - INFO - metrics:177 - Metrics @ T=27.00: Cells=135, MaxR=16.70, Pheno={'G_SPECIALIST': 135, 'L_SPECIALIST': 0, 'SWITCHING_GL': 0}
2025-05-27 19:37:05,332 - sim.ProbSweep_W40_P0.8_Rep2.MetricsCollector - INFO - metrics:177 - Metrics @ T=28.00: Cells=147, MaxR=18.08, Pheno={'G_SPECIALIST': 147, 'L_SPECIALIST': 0, 'SWITCHING_GL': 0}
2025-05-27 19:37:05,342 - sim.ProbSweep_W40_P0.8_Rep2.MetricsCollector - INFO - metrics:177 - Metrics @ T=29.00: Cells=158, MaxR=18.08, Pheno={'G_SPECIALIST': 158, 'L_SPECIALIST': 0, 'SWITCHING_GL': 0}
2025-05-27 19:37:05,351 - sim.ProbSweep_W40_P0.8_Rep2 - INFO - simulation_engine:218 - Progress: T=30.00, Cells=176
2025-05-27 19:37:05,354 - sim.ProbSweep_W40_P0.8_Rep2.MetricsCollector - INFO - metrics:177 - Metrics @ T=30.00: Cells=177, MaxR=19.67, Pheno={'G_SPECIALIST': 177, 'L_SPECIALIST': 0, 'SWITCHING_GL': 0}
2025-05-27 19:37:05,365 - sim.ProbSweep_W40_P0.8_Rep2.MetricsCollector - INFO - metrics:177 - Metrics @ T=31.00: Cells=189, MaxR=19.67, Pheno={'G_SPECIALIST': 189, 'L_SPECIALIST': 0, 'SWITCHING_GL': 0}
2025-05-27 19:37:05,378 - sim.ProbSweep_W40_P0.8_Rep2.MetricsCollector - INFO - metrics:177 - Metrics @ T=32.00: Cells=207, MaxR=19.67, Pheno={'G_SPECIALIST': 207, 'L_SPECIALIST': 0, 'SWITCHING_GL': 0}
2025-05-27 19:37:05,392 - sim.ProbSweep_W40_P0.8_Rep2.MetricsCollector - INFO - metrics:177 - Metrics @ T=33.00: Cells=220, MaxR=19.97, Pheno={'G_SPECIALIST': 220, 'L_SPECIALIST': 0, 'SWITCHING_GL': 0}
2025-05-27 19:37:05,407 - sim.ProbSweep_W40_P0.8_Rep2.MetricsCollector - INFO - metrics:177 - Metrics @ T=34.00: Cells=232, MaxR=19.97, Pheno={'G_SPECIALIST': 232, 'L_SPECIALIST': 0, 'SWITCHING_GL': 0}
2025-05-27 19:37:05,422 - sim.ProbSweep_W40_P0.8_Rep2.MetricsCollector - INFO - metrics:177 - Metrics @ T=35.00: Cells=257, MaxR=20.42, Pheno={'G_SPECIALIST': 257, 'L_SPECIALIST': 0, 'SWITCHING_GL': 0}
2025-05-27 19:37:05,439 - sim.ProbSweep_W40_P0.8_Rep2.MetricsCollector - INFO - metrics:177 - Metrics @ T=36.00: Cells=272, MaxR=20.42, Pheno={'G_SPECIALIST': 272, 'L_SPECIALIST': 0, 'SWITCHING_GL': 0}
2025-05-27 19:37:05,457 - sim.ProbSweep_W40_P0.8_Rep2.MetricsCollector - INFO - metrics:177 - Metrics @ T=37.00: Cells=291, MaxR=21.28, Pheno={'G_SPECIALIST': 291, 'L_SPECIALIST': 0, 'SWITCHING_GL': 0}
2025-05-27 19:37:05,476 - sim.ProbSweep_W40_P0.8_Rep2.MetricsCollector - INFO - metrics:177 - Metrics @ T=38.00: Cells=317, MaxR=21.28, Pheno={'G_SPECIALIST': 317, 'L_SPECIALIST': 0, 'SWITCHING_GL': 0}
2025-05-27 19:37:05,498 - sim.ProbSweep_W40_P0.8_Rep2.MetricsCollector - INFO - metrics:177 - Metrics @ T=39.00: Cells=333, MaxR=21.28, Pheno={'G_SPECIALIST': 333, 'L_SPECIALIST': 0, 'SWITCHING_GL': 0}
2025-05-27 19:37:05,516 - sim.ProbSweep_W40_P0.8_Rep2 - INFO - simulation_engine:218 - Progress: T=40.00, Cells=352
2025-05-27 19:37:05,520 - sim.ProbSweep_W40_P0.8_Rep2.MetricsCollector - INFO - metrics:177 - Metrics @ T=40.00: Cells=352, MaxR=21.28, Pheno={'G_SPECIALIST': 352, 'L_SPECIALIST': 0, 'SWITCHING_GL': 0}
2025-05-27 19:37:05,543 - sim.ProbSweep_W40_P0.8_Rep2.MetricsCollector - INFO - metrics:177 - Metrics @ T=41.00: Cells=373, MaxR=21.63, Pheno={'G_SPECIALIST': 373, 'L_SPECIALIST': 0, 'SWITCHING_GL': 0}
2025-05-27 19:37:05,569 - sim.ProbSweep_W40_P0.8_Rep2.MetricsCollector - INFO - metrics:177 - Metrics @ T=42.00: Cells=391, MaxR=22.52, Pheno={'G_SPECIALIST': 391, 'L_SPECIALIST': 0, 'SWITCHING_GL': 0}
2025-05-27 19:37:05,595 - sim.ProbSweep_W40_P0.8_Rep2.MetricsCollector - INFO - metrics:177 - Metrics @ T=43.00: Cells=412, MaxR=22.52, Pheno={'G_SPECIALIST': 412, 'L_SPECIALIST': 0, 'SWITCHING_GL': 0}
2025-05-27 19:37:05,622 - sim.ProbSweep_W40_P0.8_Rep2.MetricsCollector - INFO - metrics:177 - Metrics @ T=44.00: Cells=438, MaxR=24.25, Pheno={'G_SPECIALIST': 438, 'L_SPECIALIST': 0, 'SWITCHING_GL': 0}
2025-05-27 19:37:05,650 - sim.ProbSweep_W40_P0.8_Rep2.MetricsCollector - INFO - metrics:177 - Metrics @ T=45.00: Cells=460, MaxR=24.56, Pheno={'G_SPECIALIST': 460, 'L_SPECIALIST': 0, 'SWITCHING_GL': 0}
2025-05-27 19:37:05,680 - sim.ProbSweep_W40_P0.8_Rep2.MetricsCollector - INFO - metrics:177 - Metrics @ T=46.00: Cells=495, MaxR=24.56, Pheno={'G_SPECIALIST': 495, 'L_SPECIALIST': 0, 'SWITCHING_GL': 0}
2025-05-27 19:37:05,713 - sim.ProbSweep_W40_P0.8_Rep2.MetricsCollector - INFO - metrics:177 - Metrics @ T=47.00: Cells=523, MaxR=26.15, Pheno={'G_SPECIALIST': 523, 'L_SPECIALIST': 0, 'SWITCHING_GL': 0}
2025-05-27 19:37:05,748 - sim.ProbSweep_W40_P0.8_Rep2.MetricsCollector - INFO - metrics:177 - Metrics @ T=48.00: Cells=549, MaxR=26.66, Pheno={'G_SPECIALIST': 549, 'L_SPECIALIST': 0, 'SWITCHING_GL': 0}
2025-05-27 19:37:05,785 - sim.ProbSweep_W40_P0.8_Rep2.MetricsCollector - INFO - metrics:177 - Metrics @ T=49.00: Cells=586, MaxR=26.66, Pheno={'G_SPECIALIST': 586, 'L_SPECIALIST': 0, 'SWITCHING_GL': 0}
2025-05-27 19:37:05,817 - sim.ProbSweep_W40_P0.8_Rep2 - INFO - simulation_engine:218 - Progress: T=50.00, Cells=628
2025-05-27 19:37:05,823 - sim.ProbSweep_W40_P0.8_Rep2.MetricsCollector - INFO - metrics:177 - Metrics @ T=50.00: Cells=630, MaxR=27.87, Pheno={'G_SPECIALIST': 630, 'L_SPECIALIST': 0, 'SWITCHING_GL': 0}
2025-05-27 19:37:05,865 - sim.ProbSweep_W40_P0.8_Rep2.MetricsCollector - INFO - metrics:177 - Metrics @ T=51.00: Cells=669, MaxR=27.87, Pheno={'G_SPECIALIST': 669, 'L_SPECIALIST': 0, 'SWITCHING_GL': 0}
2025-05-27 19:37:05,908 - sim.ProbSweep_W40_P0.8_Rep2.MetricsCollector - INFO - metrics:177 - Metrics @ T=52.00: Cells=707, MaxR=29.60, Pheno={'G_SPECIALIST': 707, 'L_SPECIALIST': 0, 'SWITCHING_GL': 0}
2025-05-27 19:37:05,954 - sim.ProbSweep_W40_P0.8_Rep2.MetricsCollector - INFO - metrics:177 - Metrics @ T=53.00: Cells=740, MaxR=30.05, Pheno={'G_SPECIALIST': 740, 'L_SPECIALIST': 0, 'SWITCHING_GL': 0}
2025-05-27 19:37:06,002 - sim.ProbSweep_W40_P0.8_Rep2.MetricsCollector - INFO - metrics:177 - Metrics @ T=54.00: Cells=782, MaxR=30.35, Pheno={'G_SPECIALIST': 782, 'L_SPECIALIST': 0, 'SWITCHING_GL': 0}
2025-05-27 19:37:06,052 - sim.ProbSweep_W40_P0.8_Rep2.MetricsCollector - INFO - metrics:177 - Metrics @ T=55.00: Cells=812, MaxR=31.51, Pheno={'G_SPECIALIST': 812, 'L_SPECIALIST': 0, 'SWITCHING_GL': 0}
2025-05-27 19:37:06,104 - sim.ProbSweep_W40_P0.8_Rep2.MetricsCollector - INFO - metrics:177 - Metrics @ T=56.00: Cells=842, MaxR=33.05, Pheno={'G_SPECIALIST': 842, 'L_SPECIALIST': 0, 'SWITCHING_GL': 0}
2025-05-27 19:37:06,158 - sim.ProbSweep_W40_P0.8_Rep2.MetricsCollector - INFO - metrics:177 - Metrics @ T=57.00: Cells=879, MaxR=33.05, Pheno={'G_SPECIALIST': 879, 'L_SPECIALIST': 0, 'SWITCHING_GL': 0}
2025-05-27 19:37:06,214 - sim.ProbSweep_W40_P0.8_Rep2.MetricsCollector - INFO - metrics:177 - Metrics @ T=58.00: Cells=912, MaxR=33.18, Pheno={'G_SPECIALIST': 912, 'L_SPECIALIST': 0, 'SWITCHING_GL': 0}
2025-05-27 19:37:06,271 - sim.ProbSweep_W40_P0.8_Rep2.MetricsCollector - INFO - metrics:177 - Metrics @ T=59.00: Cells=948, MaxR=36.00, Pheno={'G_SPECIALIST': 948, 'L_SPECIALIST': 0, 'SWITCHING_GL': 0}
2025-05-27 19:37:06,321 - sim.ProbSweep_W40_P0.8_Rep2 - INFO - simulation_engine:218 - Progress: T=60.00, Cells=977
2025-05-27 19:37:06,331 - sim.ProbSweep_W40_P0.8_Rep2.MetricsCollector - INFO - metrics:177 - Metrics @ T=60.00: Cells=981, MaxR=36.00, Pheno={'G_SPECIALIST': 981, 'L_SPECIALIST': 0, 'SWITCHING_GL': 0}
2025-05-27 19:37:06,393 - sim.ProbSweep_W40_P0.8_Rep2.MetricsCollector - INFO - metrics:177 - Metrics @ T=61.00: Cells=1021, MaxR=36.00, Pheno={'G_SPECIALIST': 1021, 'L_SPECIALIST': 0, 'SWITCHING_GL': 0}
2025-05-27 19:37:06,460 - sim.ProbSweep_W40_P0.8_Rep2.MetricsCollector - INFO - metrics:177 - Metrics @ T=62.00: Cells=1065, MaxR=37.75, Pheno={'G_SPECIALIST': 1065, 'L_SPECIALIST': 0, 'SWITCHING_GL': 0}
2025-05-27 19:37:06,528 - sim.ProbSweep_W40_P0.8_Rep2.MetricsCollector - INFO - metrics:177 - Metrics @ T=63.00: Cells=1100, MaxR=39.34, Pheno={'G_SPECIALIST': 1100, 'L_SPECIALIST': 0, 'SWITCHING_GL': 0}
2025-05-27 19:37:06,598 - sim.ProbSweep_W40_P0.8_Rep2.MetricsCollector - INFO - metrics:177 - Metrics @ T=64.00: Cells=1137, MaxR=39.61, Pheno={'G_SPECIALIST': 1137, 'L_SPECIALIST': 0, 'SWITCHING_GL': 0}
2025-05-27 19:37:06,671 - sim.ProbSweep_W40_P0.8_Rep2.MetricsCollector - INFO - metrics:177 - Metrics @ T=65.00: Cells=1171, MaxR=39.61, Pheno={'G_SPECIALIST': 1171, 'L_SPECIALIST': 0, 'SWITCHING_GL': 0}
2025-05-27 19:37:06,749 - sim.ProbSweep_W40_P0.8_Rep2.MetricsCollector - INFO - metrics:177 - Metrics @ T=66.00: Cells=1227, MaxR=40.95, Pheno={'G_SPECIALIST': 1224, 'SWITCHING_GL': 3, 'L_SPECIALIST': 0}
2025-05-27 19:37:06,828 - sim.ProbSweep_W40_P0.8_Rep2.MetricsCollector - INFO - metrics:177 - Metrics @ T=67.00: Cells=1286, MaxR=40.95, Pheno={'G_SPECIALIST': 1282, 'SWITCHING_GL': 4, 'L_SPECIALIST': 0}
2025-05-27 19:37:06,915 - sim.ProbSweep_W40_P0.8_Rep2.MetricsCollector - INFO - metrics:177 - Metrics @ T=68.00: Cells=1344, MaxR=41.24, Pheno={'G_SPECIALIST': 1339, 'SWITCHING_GL': 5, 'L_SPECIALIST': 0}
2025-05-27 19:37:07,004 - sim.ProbSweep_W40_P0.8_Rep2.MetricsCollector - INFO - metrics:177 - Metrics @ T=69.00: Cells=1394, MaxR=41.24, Pheno={'G_SPECIALIST': 1388, 'SWITCHING_GL': 6, 'L_SPECIALIST': 0}
2025-05-27 19:37:07,078 - sim.ProbSweep_W40_P0.8_Rep2 - INFO - simulation_engine:218 - Progress: T=70.00, Cells=1433
2025-05-27 19:37:07,092 - sim.ProbSweep_W40_P0.8_Rep2.MetricsCollector - INFO - metrics:177 - Metrics @ T=70.00: Cells=1439, MaxR=41.24, Pheno={'G_SPECIALIST': 1430, 'SWITCHING_GL': 9, 'L_SPECIALIST': 0}
2025-05-27 19:37:07,191 - sim.ProbSweep_W40_P0.8_Rep2.MetricsCollector - INFO - metrics:177 - Metrics @ T=71.00: Cells=1496, MaxR=41.24, Pheno={'G_SPECIALIST': 1487, 'SWITCHING_GL': 7, 'L_SPECIALIST': 2}
2025-05-27 19:37:07,287 - sim.ProbSweep_W40_P0.8_Rep2.MetricsCollector - INFO - metrics:177 - Metrics @ T=72.00: Cells=1558, MaxR=41.24, Pheno={'G_SPECIALIST': 1543, 'SWITCHING_GL': 13, 'L_SPECIALIST': 2}
2025-05-27 19:37:07,386 - sim.ProbSweep_W40_P0.8_Rep2.MetricsCollector - INFO - metrics:177 - Metrics @ T=73.00: Cells=1612, MaxR=41.24, Pheno={'G_SPECIALIST': 1593, 'SWITCHING_GL': 16, 'L_SPECIALIST': 3}
2025-05-27 19:37:07,490 - sim.ProbSweep_W40_P0.8_Rep2.MetricsCollector - INFO - metrics:177 - Metrics @ T=74.00: Cells=1667, MaxR=41.68, Pheno={'G_SPECIALIST': 1644, 'SWITCHING_GL': 20, 'L_SPECIALIST': 3}
2025-05-27 19:37:07,597 - sim.ProbSweep_W40_P0.8_Rep2.MetricsCollector - INFO - metrics:177 - Metrics @ T=75.00: Cells=1712, MaxR=41.68, Pheno={'G_SPECIALIST': 1685, 'SWITCHING_GL': 23, 'L_SPECIALIST': 4}
2025-05-27 19:37:07,706 - sim.ProbSweep_W40_P0.8_Rep2.MetricsCollector - INFO - metrics:177 - Metrics @ T=76.00: Cells=1754, MaxR=41.68, Pheno={'G_SPECIALIST': 1724, 'SWITCHING_GL': 26, 'L_SPECIALIST': 4}
2025-05-27 19:37:07,819 - sim.ProbSweep_W40_P0.8_Rep2.MetricsCollector - INFO - metrics:177 - Metrics @ T=77.00: Cells=1794, MaxR=41.68, Pheno={'G_SPECIALIST': 1754, 'SWITCHING_GL': 32, 'L_SPECIALIST': 8}
2025-05-27 19:37:07,930 - sim.ProbSweep_W40_P0.8_Rep2.MetricsCollector - INFO - metrics:177 - Metrics @ T=78.00: Cells=1841, MaxR=42.67, Pheno={'G_SPECIALIST': 1789, 'SWITCHING_GL': 39, 'L_SPECIALIST': 13}
2025-05-27 19:37:08,048 - sim.ProbSweep_W40_P0.8_Rep2.MetricsCollector - INFO - metrics:177 - Metrics @ T=79.00: Cells=1880, MaxR=42.67, Pheno={'G_SPECIALIST': 1818, 'SWITCHING_GL': 47, 'L_SPECIALIST': 15}
2025-05-27 19:37:08,147 - sim.ProbSweep_W40_P0.8_Rep2 - INFO - simulation_engine:218 - Progress: T=80.00, Cells=1910
2025-05-27 19:37:08,168 - sim.ProbSweep_W40_P0.8_Rep2.MetricsCollector - INFO - metrics:177 - Metrics @ T=80.00: Cells=1916, MaxR=43.41, Pheno={'G_SPECIALIST': 1846, 'SWITCHING_GL': 50, 'L_SPECIALIST': 20}
2025-05-27 19:37:08,291 - sim.ProbSweep_W40_P0.8_Rep2.MetricsCollector - INFO - metrics:177 - Metrics @ T=81.00: Cells=1950, MaxR=43.41, Pheno={'G_SPECIALIST': 1870, 'SWITCHING_GL': 57, 'L_SPECIALIST': 23}
2025-05-27 19:37:08,411 - sim.ProbSweep_W40_P0.8_Rep2.MetricsCollector - INFO - metrics:177 - Metrics @ T=82.00: Cells=1983, MaxR=45.13, Pheno={'G_SPECIALIST': 1888, 'SWITCHING_GL': 64, 'L_SPECIALIST': 31}
2025-05-27 19:37:08,534 - sim.ProbSweep_W40_P0.8_Rep2.MetricsCollector - INFO - metrics:177 - Metrics @ T=83.00: Cells=2012, MaxR=45.13, Pheno={'G_SPECIALIST': 1900, 'SWITCHING_GL': 77, 'L_SPECIALIST': 35}
2025-05-27 19:37:08,659 - sim.ProbSweep_W40_P0.8_Rep2.MetricsCollector - INFO - metrics:177 - Metrics @ T=84.00: Cells=2035, MaxR=45.13, Pheno={'G_SPECIALIST': 1912, 'SWITCHING_GL': 80, 'L_SPECIALIST': 43}
2025-05-27 19:37:08,791 - sim.ProbSweep_W40_P0.8_Rep2.MetricsCollector - INFO - metrics:177 - Metrics @ T=85.00: Cells=2060, MaxR=45.13, Pheno={'G_SPECIALIST': 1921, 'SWITCHING_GL': 86, 'L_SPECIALIST': 53}
2025-05-27 19:37:08,920 - sim.ProbSweep_W40_P0.8_Rep2.MetricsCollector - INFO - metrics:177 - Metrics @ T=86.00: Cells=2080, MaxR=45.13, Pheno={'G_SPECIALIST': 1930, 'SWITCHING_GL': 88, 'L_SPECIALIST': 62}
2025-05-27 19:37:09,057 - sim.ProbSweep_W40_P0.8_Rep2.MetricsCollector - INFO - metrics:177 - Metrics @ T=87.00: Cells=2092, MaxR=45.13, Pheno={'G_SPECIALIST': 1935, 'L_SPECIALIST': 71, 'SWITCHING_GL': 86}
2025-05-27 19:37:09,199 - sim.ProbSweep_W40_P0.8_Rep2.MetricsCollector - INFO - metrics:177 - Metrics @ T=88.00: Cells=2106, MaxR=45.13, Pheno={'G_SPECIALIST': 1936, 'L_SPECIALIST': 86, 'SWITCHING_GL': 84}
2025-05-27 19:37:09,334 - sim.ProbSweep_W40_P0.8_Rep2.MetricsCollector - INFO - metrics:177 - Metrics @ T=89.00: Cells=2124, MaxR=45.13, Pheno={'G_SPECIALIST': 1940, 'L_SPECIALIST': 98, 'SWITCHING_GL': 86}
2025-05-27 19:37:09,443 - sim.ProbSweep_W40_P0.8_Rep2 - INFO - simulation_engine:218 - Progress: T=90.00, Cells=2137
2025-05-27 19:37:09,465 - sim.ProbSweep_W40_P0.8_Rep2.MetricsCollector - INFO - metrics:177 - Metrics @ T=90.00: Cells=2137, MaxR=46.12, Pheno={'G_SPECIALIST': 1940, 'L_SPECIALIST': 113, 'SWITCHING_GL': 84}
2025-05-27 19:37:09,597 - sim.ProbSweep_W40_P0.8_Rep2.MetricsCollector - INFO - metrics:177 - Metrics @ T=91.00: Cells=2151, MaxR=46.12, Pheno={'G_SPECIALIST': 1942, 'L_SPECIALIST': 127, 'SWITCHING_GL': 82}
2025-05-27 19:37:09,731 - sim.ProbSweep_W40_P0.8_Rep2.MetricsCollector - INFO - metrics:177 - Metrics @ T=92.00: Cells=2160, MaxR=46.12, Pheno={'G_SPECIALIST': 1942, 'L_SPECIALIST': 136, 'SWITCHING_GL': 82}
2025-05-27 19:37:09,864 - sim.ProbSweep_W40_P0.8_Rep2.MetricsCollector - INFO - metrics:177 - Metrics @ T=93.00: Cells=2170, MaxR=46.86, Pheno={'G_SPECIALIST': 1942, 'L_SPECIALIST': 150, 'SWITCHING_GL': 78}
2025-05-27 19:37:09,997 - sim.ProbSweep_W40_P0.8_Rep2.MetricsCollector - INFO - metrics:177 - Metrics @ T=94.00: Cells=2183, MaxR=48.59, Pheno={'G_SPECIALIST': 1942, 'L_SPECIALIST': 165, 'SWITCHING_GL': 76}
2025-05-27 19:37:10,132 - sim.ProbSweep_W40_P0.8_Rep2.MetricsCollector - INFO - metrics:177 - Metrics @ T=95.00: Cells=2201, MaxR=48.59, Pheno={'G_SPECIALIST': 1943, 'L_SPECIALIST': 185, 'SWITCHING_GL': 73}
2025-05-27 19:37:10,268 - sim.ProbSweep_W40_P0.8_Rep2.MetricsCollector - INFO - metrics:177 - Metrics @ T=96.00: Cells=2219, MaxR=48.59, Pheno={'G_SPECIALIST': 1943, 'L_SPECIALIST': 203, 'SWITCHING_GL': 73}
2025-05-27 19:37:10,402 - sim.ProbSweep_W40_P0.8_Rep2.MetricsCollector - INFO - metrics:177 - Metrics @ T=97.00: Cells=2228, MaxR=48.59, Pheno={'G_SPECIALIST': 1943, 'L_SPECIALIST': 215, 'SWITCHING_GL': 70}
2025-05-27 19:37:10,539 - sim.ProbSweep_W40_P0.8_Rep2.MetricsCollector - INFO - metrics:177 - Metrics @ T=98.00: Cells=2247, MaxR=48.59, Pheno={'G_SPECIALIST': 1945, 'L_SPECIALIST': 236, 'SWITCHING_GL': 66}
2025-05-27 19:37:10,676 - sim.ProbSweep_W40_P0.8_Rep2.MetricsCollector - INFO - metrics:177 - Metrics @ T=99.00: Cells=2265, MaxR=48.59, Pheno={'G_SPECIALIST': 1945, 'L_SPECIALIST': 261, 'SWITCHING_GL': 59}
2025-05-27 19:37:10,793 - sim.ProbSweep_W40_P0.8_Rep2 - INFO - simulation_engine:218 - Progress: T=100.00, Cells=2281
2025-05-27 19:37:10,815 - sim.ProbSweep_W40_P0.8_Rep2.MetricsCollector - INFO - metrics:177 - Metrics @ T=100.00: Cells=2284, MaxR=50.59, Pheno={'G_SPECIALIST': 1945, 'L_SPECIALIST': 284, 'SWITCHING_GL': 55}
2025-05-27 19:37:10,960 - sim.ProbSweep_W40_P0.8_Rep2.MetricsCollector - INFO - metrics:177 - Metrics @ T=101.00: Cells=2303, MaxR=50.59, Pheno={'G_SPECIALIST': 1945, 'L_SPECIALIST': 304, 'SWITCHING_GL': 54}
2025-05-27 19:37:11,102 - sim.ProbSweep_W40_P0.8_Rep2.MetricsCollector - INFO - metrics:177 - Metrics @ T=102.00: Cells=2320, MaxR=50.59, Pheno={'G_SPECIALIST': 1945, 'L_SPECIALIST': 324, 'SWITCHING_GL': 51}
2025-05-27 19:37:11,245 - sim.ProbSweep_W40_P0.8_Rep2.MetricsCollector - INFO - metrics:177 - Metrics @ T=103.00: Cells=2333, MaxR=50.59, Pheno={'G_SPECIALIST': 1945, 'L_SPECIALIST': 346, 'SWITCHING_GL': 42}
2025-05-27 19:37:11,390 - sim.ProbSweep_W40_P0.8_Rep2.MetricsCollector - INFO - metrics:177 - Metrics @ T=104.00: Cells=2361, MaxR=51.29, Pheno={'G_SPECIALIST': 1945, 'L_SPECIALIST': 384, 'SWITCHING_GL': 32}
2025-05-27 19:37:11,537 - sim.ProbSweep_W40_P0.8_Rep2.MetricsCollector - INFO - metrics:177 - Metrics @ T=105.00: Cells=2383, MaxR=51.29, Pheno={'G_SPECIALIST': 1945, 'L_SPECIALIST': 410, 'SWITCHING_GL': 28}
2025-05-27 19:37:11,686 - sim.ProbSweep_W40_P0.8_Rep2.MetricsCollector - INFO - metrics:177 - Metrics @ T=106.00: Cells=2410, MaxR=51.29, Pheno={'G_SPECIALIST': 1945, 'L_SPECIALIST': 444, 'SWITCHING_GL': 21}
2025-05-27 19:37:11,838 - sim.ProbSweep_W40_P0.8_Rep2.MetricsCollector - INFO - metrics:177 - Metrics @ T=107.00: Cells=2433, MaxR=52.31, Pheno={'G_SPECIALIST': 1945, 'L_SPECIALIST': 472, 'SWITCHING_GL': 16}
2025-05-27 19:37:11,990 - sim.ProbSweep_W40_P0.8_Rep2.MetricsCollector - INFO - metrics:177 - Metrics @ T=108.00: Cells=2465, MaxR=53.02, Pheno={'G_SPECIALIST': 1945, 'L_SPECIALIST': 506, 'SWITCHING_GL': 14}
2025-05-27 19:37:12,142 - sim.ProbSweep_W40_P0.8_Rep2.MetricsCollector - INFO - metrics:177 - Metrics @ T=109.00: Cells=2497, MaxR=54.03, Pheno={'G_SPECIALIST': 1945, 'L_SPECIALIST': 541, 'SWITCHING_GL': 11}
2025-05-27 19:37:12,271 - sim.ProbSweep_W40_P0.8_Rep2 - INFO - simulation_engine:218 - Progress: T=110.00, Cells=2521
2025-05-27 19:37:12,297 - sim.ProbSweep_W40_P0.8_Rep2.MetricsCollector - INFO - metrics:177 - Metrics @ T=110.00: Cells=2522, MaxR=55.51, Pheno={'G_SPECIALIST': 1945, 'L_SPECIALIST': 569, 'SWITCHING_GL': 8}
2025-05-27 19:37:12,455 - sim.ProbSweep_W40_P0.8_Rep2.MetricsCollector - INFO - metrics:177 - Metrics @ T=111.00: Cells=2550, MaxR=55.51, Pheno={'G_SPECIALIST': 1945, 'L_SPECIALIST': 598, 'SWITCHING_GL': 7}
2025-05-27 19:37:12,612 - sim.ProbSweep_W40_P0.8_Rep2.MetricsCollector - INFO - metrics:177 - Metrics @ T=112.00: Cells=2584, MaxR=55.51, Pheno={'G_SPECIALIST': 1945, 'L_SPECIALIST': 634, 'SWITCHING_GL': 5}
2025-05-27 19:37:12,772 - sim.ProbSweep_W40_P0.8_Rep2.MetricsCollector - INFO - metrics:177 - Metrics @ T=113.00: Cells=2607, MaxR=55.51, Pheno={'G_SPECIALIST': 1945, 'L_SPECIALIST': 657, 'SWITCHING_GL': 5}
2025-05-27 19:37:12,935 - sim.ProbSweep_W40_P0.8_Rep2.MetricsCollector - INFO - metrics:177 - Metrics @ T=114.00: Cells=2629, MaxR=55.51, Pheno={'G_SPECIALIST': 1945, 'L_SPECIALIST': 679, 'SWITCHING_GL': 5}
2025-05-27 19:37:13,100 - sim.ProbSweep_W40_P0.8_Rep2.MetricsCollector - INFO - metrics:177 - Metrics @ T=115.00: Cells=2652, MaxR=55.51, Pheno={'G_SPECIALIST': 1945, 'L_SPECIALIST': 702, 'SWITCHING_GL': 5}
2025-05-27 19:37:13,265 - sim.ProbSweep_W40_P0.8_Rep2.MetricsCollector - INFO - metrics:177 - Metrics @ T=116.00: Cells=2673, MaxR=55.51, Pheno={'G_SPECIALIST': 1945, 'L_SPECIALIST': 724, 'SWITCHING_GL': 4}
2025-05-27 19:37:13,432 - sim.ProbSweep_W40_P0.8_Rep2.MetricsCollector - INFO - metrics:177 - Metrics @ T=117.00: Cells=2714, MaxR=55.75, Pheno={'G_SPECIALIST': 1945, 'L_SPECIALIST': 767, 'SWITCHING_GL': 2}
2025-05-27 19:37:13,608 - sim.ProbSweep_W40_P0.8_Rep2.MetricsCollector - INFO - metrics:177 - Metrics @ T=118.00: Cells=2746, MaxR=56.47, Pheno={'G_SPECIALIST': 1945, 'L_SPECIALIST': 799, 'SWITCHING_GL': 2}
2025-05-27 19:37:13,781 - sim.ProbSweep_W40_P0.8_Rep2.MetricsCollector - INFO - metrics:177 - Metrics @ T=119.00: Cells=2776, MaxR=56.47, Pheno={'G_SPECIALIST': 1945, 'L_SPECIALIST': 830, 'SWITCHING_GL': 1}
2025-05-27 19:37:13,927 - sim.ProbSweep_W40_P0.8_Rep2 - INFO - simulation_engine:218 - Progress: T=120.00, Cells=2797
2025-05-27 19:37:13,956 - sim.ProbSweep_W40_P0.8_Rep2.MetricsCollector - INFO - metrics:177 - Metrics @ T=120.00: Cells=2800, MaxR=57.47, Pheno={'G_SPECIALIST': 1945, 'L_SPECIALIST': 855, 'SWITCHING_GL': 0}
2025-05-27 19:37:14,130 - sim.ProbSweep_W40_P0.8_Rep2.MetricsCollector - INFO - metrics:177 - Metrics @ T=121.00: Cells=2823, MaxR=58.51, Pheno={'G_SPECIALIST': 1945, 'L_SPECIALIST': 878, 'SWITCHING_GL': 0}
2025-05-27 19:37:14,303 - sim.ProbSweep_W40_P0.8_Rep2.MetricsCollector - INFO - metrics:177 - Metrics @ T=122.00: Cells=2846, MaxR=58.51, Pheno={'G_SPECIALIST': 1945, 'L_SPECIALIST': 901, 'SWITCHING_GL': 0}
2025-05-27 19:37:14,483 - sim.ProbSweep_W40_P0.8_Rep2.MetricsCollector - INFO - metrics:177 - Metrics @ T=123.00: Cells=2873, MaxR=58.51, Pheno={'G_SPECIALIST': 1945, 'L_SPECIALIST': 928, 'SWITCHING_GL': 0}
2025-05-27 19:37:14,661 - sim.ProbSweep_W40_P0.8_Rep2.MetricsCollector - INFO - metrics:177 - Metrics @ T=124.00: Cells=2906, MaxR=58.51, Pheno={'G_SPECIALIST': 1945, 'L_SPECIALIST': 961, 'SWITCHING_GL': 0}
2025-05-27 19:37:14,842 - sim.ProbSweep_W40_P0.8_Rep2.MetricsCollector - INFO - metrics:177 - Metrics @ T=125.00: Cells=2925, MaxR=58.51, Pheno={'G_SPECIALIST': 1945, 'L_SPECIALIST': 980, 'SWITCHING_GL': 0}
2025-05-27 19:37:15,023 - sim.ProbSweep_W40_P0.8_Rep2.MetricsCollector - INFO - metrics:177 - Metrics @ T=126.00: Cells=2948, MaxR=60.22, Pheno={'G_SPECIALIST': 1945, 'L_SPECIALIST': 1003, 'SWITCHING_GL': 0}
2025-05-27 19:37:15,205 - sim.ProbSweep_W40_P0.8_Rep2.MetricsCollector - INFO - metrics:177 - Metrics @ T=127.00: Cells=2975, MaxR=60.22, Pheno={'G_SPECIALIST': 1945, 'L_SPECIALIST': 1029, 'SWITCHING_GL': 1}
2025-05-27 19:37:15,387 - sim.ProbSweep_W40_P0.8_Rep2.MetricsCollector - INFO - metrics:177 - Metrics @ T=128.00: Cells=3000, MaxR=60.92, Pheno={'G_SPECIALIST': 1945, 'L_SPECIALIST': 1054, 'SWITCHING_GL': 1}
2025-05-27 19:37:15,572 - sim.ProbSweep_W40_P0.8_Rep2.MetricsCollector - INFO - metrics:177 - Metrics @ T=129.00: Cells=3033, MaxR=60.92, Pheno={'G_SPECIALIST': 1945, 'L_SPECIALIST': 1087, 'SWITCHING_GL': 1}
2025-05-27 19:37:15,729 - sim.ProbSweep_W40_P0.8_Rep2 - INFO - simulation_engine:218 - Progress: T=130.00, Cells=3064
2025-05-27 19:37:15,759 - sim.ProbSweep_W40_P0.8_Rep2.MetricsCollector - INFO - metrics:177 - Metrics @ T=130.00: Cells=3065, MaxR=60.92, Pheno={'G_SPECIALIST': 1945, 'L_SPECIALIST': 1119, 'SWITCHING_GL': 1}
2025-05-27 19:37:15,948 - sim.ProbSweep_W40_P0.8_Rep2.MetricsCollector - INFO - metrics:177 - Metrics @ T=131.00: Cells=3100, MaxR=60.92, Pheno={'G_SPECIALIST': 1945, 'L_SPECIALIST': 1154, 'SWITCHING_GL': 1}
2025-05-27 19:37:16,140 - sim.ProbSweep_W40_P0.8_Rep2.MetricsCollector - INFO - metrics:177 - Metrics @ T=132.00: Cells=3134, MaxR=60.92, Pheno={'G_SPECIALIST': 1945, 'L_SPECIALIST': 1188, 'SWITCHING_GL': 1}
2025-05-27 19:37:16,357 - sim.ProbSweep_W40_P0.8_Rep2.MetricsCollector - INFO - metrics:177 - Metrics @ T=133.00: Cells=3167, MaxR=61.94, Pheno={'G_SPECIALIST': 1945, 'L_SPECIALIST': 1221, 'SWITCHING_GL': 1}
2025-05-27 19:37:16,552 - sim.ProbSweep_W40_P0.8_Rep2.MetricsCollector - INFO - metrics:177 - Metrics @ T=134.00: Cells=3204, MaxR=61.94, Pheno={'G_SPECIALIST': 1945, 'L_SPECIALIST': 1258, 'SWITCHING_GL': 1}
2025-05-27 19:37:16,750 - sim.ProbSweep_W40_P0.8_Rep2.MetricsCollector - INFO - metrics:177 - Metrics @ T=135.00: Cells=3242, MaxR=61.94, Pheno={'G_SPECIALIST': 1945, 'L_SPECIALIST': 1296, 'SWITCHING_GL': 1}
2025-05-27 19:37:16,953 - sim.ProbSweep_W40_P0.8_Rep2.MetricsCollector - INFO - metrics:177 - Metrics @ T=136.00: Cells=3276, MaxR=61.94, Pheno={'G_SPECIALIST': 1945, 'L_SPECIALIST': 1330, 'SWITCHING_GL': 1}
2025-05-27 19:37:17,157 - sim.ProbSweep_W40_P0.8_Rep2.MetricsCollector - INFO - metrics:177 - Metrics @ T=137.00: Cells=3308, MaxR=62.43, Pheno={'G_SPECIALIST': 1945, 'L_SPECIALIST': 1362, 'SWITCHING_GL': 1}
2025-05-27 19:37:17,366 - sim.ProbSweep_W40_P0.8_Rep2.MetricsCollector - INFO - metrics:177 - Metrics @ T=138.00: Cells=3332, MaxR=64.16, Pheno={'G_SPECIALIST': 1945, 'L_SPECIALIST': 1386, 'SWITCHING_GL': 1}
2025-05-27 19:37:17,585 - sim.ProbSweep_W40_P0.8_Rep2.MetricsCollector - INFO - metrics:177 - Metrics @ T=139.00: Cells=3367, MaxR=64.16, Pheno={'G_SPECIALIST': 1945, 'L_SPECIALIST': 1421, 'SWITCHING_GL': 1}
2025-05-27 19:37:17,773 - sim.ProbSweep_W40_P0.8_Rep2 - INFO - simulation_engine:218 - Progress: T=140.00, Cells=3396
2025-05-27 19:37:17,807 - sim.ProbSweep_W40_P0.8_Rep2.MetricsCollector - INFO - metrics:177 - Metrics @ T=140.00: Cells=3396, MaxR=64.16, Pheno={'G_SPECIALIST': 1945, 'L_SPECIALIST': 1450, 'SWITCHING_GL': 1}
2025-05-27 19:37:18,021 - sim.ProbSweep_W40_P0.8_Rep2.MetricsCollector - INFO - metrics:177 - Metrics @ T=141.00: Cells=3431, MaxR=64.16, Pheno={'G_SPECIALIST': 1945, 'L_SPECIALIST': 1485, 'SWITCHING_GL': 1}
2025-05-27 19:37:18,234 - sim.ProbSweep_W40_P0.8_Rep2.MetricsCollector - INFO - metrics:177 - Metrics @ T=142.00: Cells=3463, MaxR=64.16, Pheno={'G_SPECIALIST': 1945, 'L_SPECIALIST': 1517, 'SWITCHING_GL': 1}
2025-05-27 19:37:18,450 - sim.ProbSweep_W40_P0.8_Rep2.MetricsCollector - INFO - metrics:177 - Metrics @ T=143.00: Cells=3498, MaxR=64.16, Pheno={'G_SPECIALIST': 1945, 'L_SPECIALIST': 1552, 'SWITCHING_GL': 1}
2025-05-27 19:37:18,666 - sim.ProbSweep_W40_P0.8_Rep2.MetricsCollector - INFO - metrics:177 - Metrics @ T=144.00: Cells=3534, MaxR=64.16, Pheno={'G_SPECIALIST': 1945, 'L_SPECIALIST': 1588, 'SWITCHING_GL': 1}
2025-05-27 19:37:18,885 - sim.ProbSweep_W40_P0.8_Rep2.MetricsCollector - INFO - metrics:177 - Metrics @ T=145.00: Cells=3564, MaxR=64.16, Pheno={'G_SPECIALIST': 1945, 'L_SPECIALIST': 1618, 'SWITCHING_GL': 1}
2025-05-27 19:37:19,110 - sim.ProbSweep_W40_P0.8_Rep2.MetricsCollector - INFO - metrics:177 - Metrics @ T=146.00: Cells=3596, MaxR=64.37, Pheno={'G_SPECIALIST': 1945, 'L_SPECIALIST': 1650, 'SWITCHING_GL': 1}
2025-05-27 19:37:19,338 - sim.ProbSweep_W40_P0.8_Rep2.MetricsCollector - INFO - metrics:177 - Metrics @ T=147.00: Cells=3637, MaxR=64.37, Pheno={'G_SPECIALIST': 1945, 'L_SPECIALIST': 1691, 'SWITCHING_GL': 1}
2025-05-27 19:37:19,571 - sim.ProbSweep_W40_P0.8_Rep2.MetricsCollector - INFO - metrics:177 - Metrics @ T=148.00: Cells=3677, MaxR=64.37, Pheno={'G_SPECIALIST': 1945, 'L_SPECIALIST': 1732, 'SWITCHING_GL': 0}
2025-05-27 19:37:19,802 - sim.ProbSweep_W40_P0.8_Rep2.MetricsCollector - INFO - metrics:177 - Metrics @ T=149.00: Cells=3710, MaxR=64.37, Pheno={'G_SPECIALIST': 1945, 'L_SPECIALIST': 1765, 'SWITCHING_GL': 0}
2025-05-27 19:37:19,994 - sim.ProbSweep_W40_P0.8_Rep2 - INFO - simulation_engine:218 - Progress: T=150.00, Cells=3741
2025-05-27 19:37:20,033 - sim.ProbSweep_W40_P0.8_Rep2.MetricsCollector - INFO - metrics:177 - Metrics @ T=150.00: Cells=3745, MaxR=64.37, Pheno={'G_SPECIALIST': 1945, 'L_SPECIALIST': 1800, 'SWITCHING_GL': 0}
2025-05-27 19:37:20,267 - sim.ProbSweep_W40_P0.8_Rep2.MetricsCollector - INFO - metrics:177 - Metrics @ T=151.00: Cells=3774, MaxR=64.37, Pheno={'G_SPECIALIST': 1945, 'L_SPECIALIST': 1829, 'SWITCHING_GL': 0}
2025-05-27 19:37:20,503 - sim.ProbSweep_W40_P0.8_Rep2.MetricsCollector - INFO - metrics:177 - Metrics @ T=152.00: Cells=3817, MaxR=64.65, Pheno={'G_SPECIALIST': 1945, 'L_SPECIALIST': 1872, 'SWITCHING_GL': 0}
2025-05-27 19:37:20,743 - sim.ProbSweep_W40_P0.8_Rep2.MetricsCollector - INFO - metrics:177 - Metrics @ T=153.00: Cells=3854, MaxR=65.11, Pheno={'G_SPECIALIST': 1945, 'L_SPECIALIST': 1909, 'SWITCHING_GL': 0}
2025-05-27 19:37:20,984 - sim.ProbSweep_W40_P0.8_Rep2.MetricsCollector - INFO - metrics:177 - Metrics @ T=154.00: Cells=3893, MaxR=66.09, Pheno={'G_SPECIALIST': 1945, 'L_SPECIALIST': 1948, 'SWITCHING_GL': 0}
2025-05-27 19:37:21,226 - sim.ProbSweep_W40_P0.8_Rep2.MetricsCollector - INFO - metrics:177 - Metrics @ T=155.00: Cells=3928, MaxR=66.09, Pheno={'G_SPECIALIST': 1945, 'L_SPECIALIST': 1983, 'SWITCHING_GL': 0}
2025-05-27 19:37:21,472 - sim.ProbSweep_W40_P0.8_Rep2.MetricsCollector - INFO - metrics:177 - Metrics @ T=156.00: Cells=3959, MaxR=66.09, Pheno={'G_SPECIALIST': 1945, 'L_SPECIALIST': 2014, 'SWITCHING_GL': 0}
2025-05-27 19:37:21,717 - sim.ProbSweep_W40_P0.8_Rep2.MetricsCollector - INFO - metrics:177 - Metrics @ T=157.00: Cells=4001, MaxR=66.34, Pheno={'G_SPECIALIST': 1945, 'L_SPECIALIST': 2056, 'SWITCHING_GL': 0}
2025-05-27 19:37:21,964 - sim.ProbSweep_W40_P0.8_Rep2.MetricsCollector - INFO - metrics:177 - Metrics @ T=158.00: Cells=4034, MaxR=66.34, Pheno={'G_SPECIALIST': 1945, 'L_SPECIALIST': 2089, 'SWITCHING_GL': 0}
2025-05-27 19:37:22,214 - sim.ProbSweep_W40_P0.8_Rep2.MetricsCollector - INFO - metrics:177 - Metrics @ T=159.00: Cells=4074, MaxR=69.54, Pheno={'G_SPECIALIST': 1945, 'L_SPECIALIST': 2129, 'SWITCHING_GL': 0}
2025-05-27 19:37:22,425 - sim.ProbSweep_W40_P0.8_Rep2 - INFO - simulation_engine:218 - Progress: T=160.00, Cells=4104
2025-05-27 19:37:22,466 - sim.ProbSweep_W40_P0.8_Rep2.MetricsCollector - INFO - metrics:177 - Metrics @ T=160.00: Cells=4105, MaxR=69.54, Pheno={'G_SPECIALIST': 1945, 'L_SPECIALIST': 2160, 'SWITCHING_GL': 0}
2025-05-27 19:37:22,719 - sim.ProbSweep_W40_P0.8_Rep2.MetricsCollector - INFO - metrics:177 - Metrics @ T=161.00: Cells=4140, MaxR=69.54, Pheno={'G_SPECIALIST': 1945, 'L_SPECIALIST': 2195, 'SWITCHING_GL': 0}
2025-05-27 19:37:22,975 - sim.ProbSweep_W40_P0.8_Rep2.MetricsCollector - INFO - metrics:177 - Metrics @ T=162.00: Cells=4188, MaxR=69.54, Pheno={'G_SPECIALIST': 1945, 'L_SPECIALIST': 2243, 'SWITCHING_GL': 0}
2025-05-27 19:37:23,236 - sim.ProbSweep_W40_P0.8_Rep2.MetricsCollector - INFO - metrics:177 - Metrics @ T=163.00: Cells=4230, MaxR=69.54, Pheno={'G_SPECIALIST': 1945, 'L_SPECIALIST': 2285, 'SWITCHING_GL': 0}
2025-05-27 19:37:23,503 - sim.ProbSweep_W40_P0.8_Rep2.MetricsCollector - INFO - metrics:177 - Metrics @ T=164.00: Cells=4257, MaxR=69.54, Pheno={'G_SPECIALIST': 1945, 'L_SPECIALIST': 2312, 'SWITCHING_GL': 0}
2025-05-27 19:37:23,765 - sim.ProbSweep_W40_P0.8_Rep2.MetricsCollector - INFO - metrics:177 - Metrics @ T=165.00: Cells=4295, MaxR=69.54, Pheno={'G_SPECIALIST': 1945, 'L_SPECIALIST': 2350, 'SWITCHING_GL': 0}
2025-05-27 19:37:24,041 - sim.ProbSweep_W40_P0.8_Rep2.MetricsCollector - INFO - metrics:177 - Metrics @ T=166.00: Cells=4331, MaxR=69.54, Pheno={'G_SPECIALIST': 1945, 'L_SPECIALIST': 2386, 'SWITCHING_GL': 0}
2025-05-27 19:37:24,311 - sim.ProbSweep_W40_P0.8_Rep2.MetricsCollector - INFO - metrics:177 - Metrics @ T=167.00: Cells=4360, MaxR=69.54, Pheno={'G_SPECIALIST': 1945, 'L_SPECIALIST': 2415, 'SWITCHING_GL': 0}
2025-05-27 19:37:24,585 - sim.ProbSweep_W40_P0.8_Rep2.MetricsCollector - INFO - metrics:177 - Metrics @ T=168.00: Cells=4401, MaxR=69.54, Pheno={'G_SPECIALIST': 1945, 'L_SPECIALIST': 2456, 'SWITCHING_GL': 0}
2025-05-27 19:37:24,860 - sim.ProbSweep_W40_P0.8_Rep2.MetricsCollector - INFO - metrics:177 - Metrics @ T=169.00: Cells=4439, MaxR=69.86, Pheno={'G_SPECIALIST': 1945, 'L_SPECIALIST': 2494, 'SWITCHING_GL': 0}
2025-05-27 19:37:25,092 - sim.ProbSweep_W40_P0.8_Rep2 - INFO - simulation_engine:218 - Progress: T=170.00, Cells=4477
2025-05-27 19:37:25,137 - sim.ProbSweep_W40_P0.8_Rep2.MetricsCollector - INFO - metrics:177 - Metrics @ T=170.00: Cells=4479, MaxR=70.29, Pheno={'G_SPECIALIST': 1945, 'L_SPECIALIST': 2534, 'SWITCHING_GL': 0}
2025-05-27 19:37:25,417 - sim.ProbSweep_W40_P0.8_Rep2.MetricsCollector - INFO - metrics:177 - Metrics @ T=171.00: Cells=4517, MaxR=70.29, Pheno={'G_SPECIALIST': 1945, 'L_SPECIALIST': 2572, 'SWITCHING_GL': 0}
2025-05-27 19:37:25,698 - sim.ProbSweep_W40_P0.8_Rep2.MetricsCollector - INFO - metrics:177 - Metrics @ T=172.00: Cells=4558, MaxR=70.29, Pheno={'G_SPECIALIST': 1945, 'L_SPECIALIST': 2613, 'SWITCHING_GL': 0}
2025-05-27 19:37:25,983 - sim.ProbSweep_W40_P0.8_Rep2.MetricsCollector - INFO - metrics:177 - Metrics @ T=173.00: Cells=4600, MaxR=71.27, Pheno={'G_SPECIALIST': 1945, 'L_SPECIALIST': 2655, 'SWITCHING_GL': 0}
2025-05-27 19:37:26,268 - sim.ProbSweep_W40_P0.8_Rep2.MetricsCollector - INFO - metrics:177 - Metrics @ T=174.00: Cells=4633, MaxR=71.27, Pheno={'G_SPECIALIST': 1945, 'L_SPECIALIST': 2688, 'SWITCHING_GL': 0}
2025-05-27 19:37:26,564 - sim.ProbSweep_W40_P0.8_Rep2.MetricsCollector - INFO - metrics:177 - Metrics @ T=175.00: Cells=4668, MaxR=71.27, Pheno={'G_SPECIALIST': 1945, 'L_SPECIALIST': 2723, 'SWITCHING_GL': 0}
2025-05-27 19:37:26,855 - sim.ProbSweep_W40_P0.8_Rep2.MetricsCollector - INFO - metrics:177 - Metrics @ T=176.00: Cells=4703, MaxR=71.27, Pheno={'G_SPECIALIST': 1945, 'L_SPECIALIST': 2758, 'SWITCHING_GL': 0}
2025-05-27 19:37:27,160 - sim.ProbSweep_W40_P0.8_Rep2.MetricsCollector - INFO - metrics:177 - Metrics @ T=177.00: Cells=4734, MaxR=71.27, Pheno={'G_SPECIALIST': 1945, 'L_SPECIALIST': 2789, 'SWITCHING_GL': 0}
2025-05-27 19:37:27,457 - sim.ProbSweep_W40_P0.8_Rep2.MetricsCollector - INFO - metrics:177 - Metrics @ T=178.00: Cells=4768, MaxR=71.27, Pheno={'G_SPECIALIST': 1945, 'L_SPECIALIST': 2823, 'SWITCHING_GL': 0}
2025-05-27 19:37:27,758 - sim.ProbSweep_W40_P0.8_Rep2.MetricsCollector - INFO - metrics:177 - Metrics @ T=179.00: Cells=4811, MaxR=72.02, Pheno={'G_SPECIALIST': 1945, 'L_SPECIALIST': 2866, 'SWITCHING_GL': 0}
2025-05-27 19:37:28,017 - sim.ProbSweep_W40_P0.8_Rep2 - INFO - simulation_engine:218 - Progress: T=180.00, Cells=4852
2025-05-27 19:37:28,075 - sim.ProbSweep_W40_P0.8_Rep2.MetricsCollector - INFO - metrics:177 - Metrics @ T=180.00: Cells=4854, MaxR=72.27, Pheno={'G_SPECIALIST': 1945, 'L_SPECIALIST': 2909, 'SWITCHING_GL': 0}
2025-05-27 19:37:28,392 - sim.ProbSweep_W40_P0.8_Rep2.MetricsCollector - INFO - metrics:177 - Metrics @ T=181.00: Cells=4891, MaxR=72.75, Pheno={'G_SPECIALIST': 1945, 'L_SPECIALIST': 2946, 'SWITCHING_GL': 0}
2025-05-27 19:37:28,709 - sim.ProbSweep_W40_P0.8_Rep2.MetricsCollector - INFO - metrics:177 - Metrics @ T=182.00: Cells=4936, MaxR=72.99, Pheno={'G_SPECIALIST': 1945, 'L_SPECIALIST': 2991, 'SWITCHING_GL': 0}
2025-05-27 19:37:29,022 - sim.ProbSweep_W40_P0.8_Rep2.MetricsCollector - INFO - metrics:177 - Metrics @ T=183.00: Cells=4978, MaxR=72.99, Pheno={'G_SPECIALIST': 1945, 'L_SPECIALIST': 3033, 'SWITCHING_GL': 0}
2025-05-27 19:37:29,333 - sim.ProbSweep_W40_P0.8_Rep2.MetricsCollector - INFO - metrics:177 - Metrics @ T=184.00: Cells=5019, MaxR=73.75, Pheno={'G_SPECIALIST': 1945, 'L_SPECIALIST': 3074, 'SWITCHING_GL': 0}
2025-05-27 19:37:29,649 - sim.ProbSweep_W40_P0.8_Rep2.MetricsCollector - INFO - metrics:177 - Metrics @ T=185.00: Cells=5056, MaxR=73.75, Pheno={'G_SPECIALIST': 1945, 'L_SPECIALIST': 3111, 'SWITCHING_GL': 0}
2025-05-27 19:37:29,964 - sim.ProbSweep_W40_P0.8_Rep2.MetricsCollector - INFO - metrics:177 - Metrics @ T=186.00: Cells=5095, MaxR=73.75, Pheno={'G_SPECIALIST': 1945, 'L_SPECIALIST': 3150, 'SWITCHING_GL': 0}
2025-05-27 19:37:30,281 - sim.ProbSweep_W40_P0.8_Rep2.MetricsCollector - INFO - metrics:177 - Metrics @ T=187.00: Cells=5138, MaxR=73.75, Pheno={'G_SPECIALIST': 1945, 'L_SPECIALIST': 3193, 'SWITCHING_GL': 0}
2025-05-27 19:37:30,608 - sim.ProbSweep_W40_P0.8_Rep2.MetricsCollector - INFO - metrics:177 - Metrics @ T=188.00: Cells=5175, MaxR=73.75, Pheno={'G_SPECIALIST': 1945, 'L_SPECIALIST': 3230, 'SWITCHING_GL': 0}
2025-05-27 19:37:30,929 - sim.ProbSweep_W40_P0.8_Rep2.MetricsCollector - INFO - metrics:177 - Metrics @ T=189.00: Cells=5220, MaxR=73.99, Pheno={'G_SPECIALIST': 1945, 'L_SPECIALIST': 3275, 'SWITCHING_GL': 0}
2025-05-27 19:37:31,198 - sim.ProbSweep_W40_P0.8_Rep2 - INFO - simulation_engine:218 - Progress: T=190.00, Cells=5260
2025-05-27 19:37:31,255 - sim.ProbSweep_W40_P0.8_Rep2.MetricsCollector - INFO - metrics:177 - Metrics @ T=190.00: Cells=5268, MaxR=74.72, Pheno={'G_SPECIALIST': 1945, 'L_SPECIALIST': 3323, 'SWITCHING_GL': 0}
2025-05-27 19:37:31,585 - sim.ProbSweep_W40_P0.8_Rep2.MetricsCollector - INFO - metrics:177 - Metrics @ T=191.00: Cells=5309, MaxR=74.72, Pheno={'G_SPECIALIST': 1945, 'L_SPECIALIST': 3364, 'SWITCHING_GL': 0}
2025-05-27 19:37:31,917 - sim.ProbSweep_W40_P0.8_Rep2.MetricsCollector - INFO - metrics:177 - Metrics @ T=192.00: Cells=5349, MaxR=74.72, Pheno={'G_SPECIALIST': 1945, 'L_SPECIALIST': 3404, 'SWITCHING_GL': 0}
2025-05-27 19:37:32,250 - sim.ProbSweep_W40_P0.8_Rep2.MetricsCollector - INFO - metrics:177 - Metrics @ T=193.00: Cells=5394, MaxR=74.72, Pheno={'G_SPECIALIST': 1945, 'L_SPECIALIST': 3449, 'SWITCHING_GL': 0}
2025-05-27 19:37:32,585 - sim.ProbSweep_W40_P0.8_Rep2.MetricsCollector - INFO - metrics:177 - Metrics @ T=194.00: Cells=5423, MaxR=74.72, Pheno={'G_SPECIALIST': 1945, 'L_SPECIALIST': 3478, 'SWITCHING_GL': 0}
2025-05-27 19:37:32,926 - sim.ProbSweep_W40_P0.8_Rep2.MetricsCollector - INFO - metrics:177 - Metrics @ T=195.00: Cells=5463, MaxR=74.72, Pheno={'G_SPECIALIST': 1945, 'L_SPECIALIST': 3518, 'SWITCHING_GL': 0}
2025-05-27 19:37:33,271 - sim.ProbSweep_W40_P0.8_Rep2.MetricsCollector - INFO - metrics:177 - Metrics @ T=196.00: Cells=5515, MaxR=76.07, Pheno={'G_SPECIALIST': 1945, 'L_SPECIALIST': 3570, 'SWITCHING_GL': 0}
2025-05-27 19:37:33,617 - sim.ProbSweep_W40_P0.8_Rep2.MetricsCollector - INFO - metrics:177 - Metrics @ T=197.00: Cells=5550, MaxR=76.27, Pheno={'G_SPECIALIST': 1945, 'L_SPECIALIST': 3605, 'SWITCHING_GL': 0}
2025-05-27 19:37:33,963 - sim.ProbSweep_W40_P0.8_Rep2.MetricsCollector - INFO - metrics:177 - Metrics @ T=198.00: Cells=5600, MaxR=76.27, Pheno={'G_SPECIALIST': 1945, 'L_SPECIALIST': 3655, 'SWITCHING_GL': 0}
2025-05-27 19:37:34,316 - sim.ProbSweep_W40_P0.8_Rep2.MetricsCollector - INFO - metrics:177 - Metrics @ T=199.00: Cells=5643, MaxR=77.21, Pheno={'G_SPECIALIST': 1945, 'L_SPECIALIST': 3698, 'SWITCHING_GL': 0}
2025-05-27 19:37:34,612 - sim.ProbSweep_W40_P0.8_Rep2 - INFO - simulation_engine:218 - Progress: T=200.00, Cells=5685
2025-05-27 19:37:34,669 - sim.ProbSweep_W40_P0.8_Rep2.MetricsCollector - INFO - metrics:177 - Metrics @ T=200.00: Cells=5690, MaxR=78.00, Pheno={'G_SPECIALIST': 1945, 'L_SPECIALIST': 3745, 'SWITCHING_GL': 0}
2025-05-27 19:37:34,703 - sim.ProbSweep_W40_P0.8_Rep2 - INFO - simulation_engine:238 - Sim run finished: ProbSweep_W40_P0.8_Rep2. Wall-clock: 29.456s.
2025-05-27 19:37:34,704 - sim.ProbSweep_W40_P0.8_Rep2 - INFO - simulation_engine:241 - Final state: SimTime=200.10, Steps=2001, Cells=5697.
2025-05-27 19:37:34,704 - sim.ProbSweep_W40_P0.8_Rep2.MetricsCollector - INFO - metrics:300 - Finalizing data collection and exporting results...
2025-05-27 19:37:34,704 - sim.ProbSweep_W40_P0.8_Rep2.MetricsCollector - INFO - metrics:312 - --- Simulation Summary (Log) ---
time: 199.99999999999292
total_cell_count: 5690
phenotype_counts: {'G_SPECIALIST': 1945, 'L_SPECIALIST': 3745, 'SWITCHING_GL': 0}
avg_radial_distance: 45.930551533567176
max_radial_distance: 78.0
min_radial_distance: 0.0
std_dev_radial_distance: 16.448473307123653
median_radial_distance: 48.49742261192856
frontier_lag_G_to_L: (details in files)
frontier_traits: (details in files)
overall_radial_expansion_velocity: 0.3813397459621691
config_exp_name: ProbSweep_W40_P0.8_Rep2

2025-05-27 19:37:34,723 - sim.ProbSweep_W40_P0.8_Rep2.MetricsCollector - INFO - metrics:242 - Time series data exported to results\ProbSweep_W40_P0.8_Rep2\time_series_data.csv
2025-05-27 19:37:34,725 - sim.ProbSweep_W40_P0.8_Rep2.MetricsCollector - INFO - metrics:267 - Summary data exported to results\ProbSweep_W40_P0.8_Rep2\summary.json
2025-05-27 19:37:34,725 - sim.ProbSweep_W40_P0.8_Rep2.MetricsCollector - INFO - metrics:275 - No kymograph data to export.
2025-05-27 19:37:34,725 - sim.ProbSweep_W40_P0.8_Rep2.MetricsCollector - INFO - metrics:316 - All data export finalized for ProbSweep_W40_P0.8_Rep2.
2025-05-27 19:37:34,725 - sim.ProbSweep_W40_P0.8_Rep2 - INFO - simulation_engine:276 - Simulation fully complete.
