2025-05-27 19:47:07,429 - sim.TradeoffSlope_S10_BetHedging0.5_W40_Rep1 - INFO - simulation_engine:37 - Initializing SimulationEngine for experiment: TradeoffSlope_S10_BetHedging0.5_W40_Rep1
2025-05-27 19:47:07,429 - sim.TradeoffSlope_S10_BetHedging0.5_W40_Rep1 - INFO - simulation_engine:70 - Visualization disabled.
2025-05-27 19:47:07,429 - sim.TradeoffSlope_S10_BetHedging0.5_W40_Rep1 - INFO - simulation_engine:202 - Starting simulation: TradeoffSlope_S10_BetHedging0.5_W40_Rep1
2025-05-27 19:47:07,430 - sim.TradeoffSlope_S10_BetHedging0.5_W40_Rep1 - INFO - simulation_engine:204 - Colony initialized: 5 cells.
2025-05-27 19:47:07,430 - sim.TradeoffSlope_S10_BetHedging0.5_W40_Rep1.MetricsCollector - INFO - metrics:177 - Metrics @ T=0.00: Cells=5, MaxR=1.73, Pheno={'G_SPECIALIST': 5, 'L_SPECIALIST': 0, 'SWITCHING_GL': 0}
2025-05-27 19:47:07,438 - sim.TradeoffSlope_S10_BetHedging0.5_W40_Rep1.MetricsCollector - INFO - metrics:177 - Metrics @ T=1.00: Cells=8, MaxR=3.46, Pheno={'G_SPECIALIST': 8, 'L_SPECIALIST': 0, 'SWITCHING_GL': 0}
2025-05-27 19:47:07,439 - sim.TradeoffSlope_S10_BetHedging0.5_W40_Rep1.MetricsCollector - INFO - metrics:177 - Metrics @ T=2.00: Cells=8, MaxR=3.46, Pheno={'G_SPECIALIST': 8, 'L_SPECIALIST': 0, 'SWITCHING_GL': 0}
2025-05-27 19:47:07,441 - sim.TradeoffSlope_S10_BetHedging0.5_W40_Rep1.MetricsCollector - INFO - metrics:177 - Metrics @ T=3.00: Cells=10, MaxR=3.46, Pheno={'G_SPECIALIST': 10, 'L_SPECIALIST': 0, 'SWITCHING_GL': 0}
2025-05-27 19:47:07,442 - sim.TradeoffSlope_S10_BetHedging0.5_W40_Rep1.MetricsCollector - INFO - metrics:177 - Metrics @ T=4.00: Cells=14, MaxR=3.46, Pheno={'G_SPECIALIST': 14, 'L_SPECIALIST': 0, 'SWITCHING_GL': 0}
2025-05-27 19:47:07,443 - sim.TradeoffSlope_S10_BetHedging0.5_W40_Rep1.MetricsCollector - INFO - metrics:177 - Metrics @ T=5.00: Cells=16, MaxR=4.58, Pheno={'G_SPECIALIST': 16, 'L_SPECIALIST': 0, 'SWITCHING_GL': 0}
2025-05-27 19:47:07,445 - sim.TradeoffSlope_S10_BetHedging0.5_W40_Rep1.MetricsCollector - INFO - metrics:177 - Metrics @ T=6.00: Cells=19, MaxR=6.24, Pheno={'G_SPECIALIST': 19, 'L_SPECIALIST': 0, 'SWITCHING_GL': 0}
2025-05-27 19:47:07,446 - sim.TradeoffSlope_S10_BetHedging0.5_W40_Rep1.MetricsCollector - INFO - metrics:177 - Metrics @ T=7.00: Cells=24, MaxR=6.24, Pheno={'G_SPECIALIST': 24, 'L_SPECIALIST': 0, 'SWITCHING_GL': 0}
2025-05-27 19:47:07,449 - sim.TradeoffSlope_S10_BetHedging0.5_W40_Rep1.MetricsCollector - INFO - metrics:177 - Metrics @ T=8.00: Cells=32, MaxR=7.55, Pheno={'G_SPECIALIST': 32, 'L_SPECIALIST': 0, 'SWITCHING_GL': 0}
2025-05-27 19:47:07,452 - sim.TradeoffSlope_S10_BetHedging0.5_W40_Rep1.MetricsCollector - INFO - metrics:177 - Metrics @ T=9.00: Cells=37, MaxR=7.55, Pheno={'G_SPECIALIST': 37, 'L_SPECIALIST': 0, 'SWITCHING_GL': 0}
2025-05-27 19:47:07,454 - sim.TradeoffSlope_S10_BetHedging0.5_W40_Rep1 - INFO - simulation_engine:218 - Progress: T=10.00, Cells=40
2025-05-27 19:47:07,455 - sim.TradeoffSlope_S10_BetHedging0.5_W40_Rep1.MetricsCollector - INFO - metrics:177 - Metrics @ T=10.00: Cells=42, MaxR=7.94, Pheno={'G_SPECIALIST': 42, 'L_SPECIALIST': 0, 'SWITCHING_GL': 0}
2025-05-27 19:47:07,458 - sim.TradeoffSlope_S10_BetHedging0.5_W40_Rep1.MetricsCollector - INFO - metrics:177 - Metrics @ T=11.00: Cells=47, MaxR=9.17, Pheno={'G_SPECIALIST': 47, 'L_SPECIALIST': 0, 'SWITCHING_GL': 0}
2025-05-27 19:47:07,463 - sim.TradeoffSlope_S10_BetHedging0.5_W40_Rep1.MetricsCollector - INFO - metrics:177 - Metrics @ T=12.00: Cells=53, MaxR=9.17, Pheno={'G_SPECIALIST': 53, 'L_SPECIALIST': 0, 'SWITCHING_GL': 0}
2025-05-27 19:47:07,467 - sim.TradeoffSlope_S10_BetHedging0.5_W40_Rep1.MetricsCollector - INFO - metrics:177 - Metrics @ T=13.00: Cells=65, MaxR=10.54, Pheno={'G_SPECIALIST': 65, 'L_SPECIALIST': 0, 'SWITCHING_GL': 0}
2025-05-27 19:47:07,472 - sim.TradeoffSlope_S10_BetHedging0.5_W40_Rep1.MetricsCollector - INFO - metrics:177 - Metrics @ T=14.00: Cells=77, MaxR=13.08, Pheno={'G_SPECIALIST': 77, 'L_SPECIALIST': 0, 'SWITCHING_GL': 0}
2025-05-27 19:47:07,479 - sim.TradeoffSlope_S10_BetHedging0.5_W40_Rep1.MetricsCollector - INFO - metrics:177 - Metrics @ T=15.00: Cells=91, MaxR=13.08, Pheno={'G_SPECIALIST': 91, 'L_SPECIALIST': 0, 'SWITCHING_GL': 0}
2025-05-27 19:47:07,485 - sim.TradeoffSlope_S10_BetHedging0.5_W40_Rep1.MetricsCollector - INFO - metrics:177 - Metrics @ T=16.00: Cells=101, MaxR=13.08, Pheno={'G_SPECIALIST': 101, 'L_SPECIALIST': 0, 'SWITCHING_GL': 0}
2025-05-27 19:47:07,493 - sim.TradeoffSlope_S10_BetHedging0.5_W40_Rep1.MetricsCollector - INFO - metrics:177 - Metrics @ T=17.00: Cells=111, MaxR=13.86, Pheno={'G_SPECIALIST': 111, 'L_SPECIALIST': 0, 'SWITCHING_GL': 0}
2025-05-27 19:47:07,501 - sim.TradeoffSlope_S10_BetHedging0.5_W40_Rep1.MetricsCollector - INFO - metrics:177 - Metrics @ T=18.00: Cells=119, MaxR=13.86, Pheno={'G_SPECIALIST': 119, 'L_SPECIALIST': 0, 'SWITCHING_GL': 0}
2025-05-27 19:47:07,510 - sim.TradeoffSlope_S10_BetHedging0.5_W40_Rep1.MetricsCollector - INFO - metrics:177 - Metrics @ T=19.00: Cells=139, MaxR=14.80, Pheno={'G_SPECIALIST': 139, 'L_SPECIALIST': 0, 'SWITCHING_GL': 0}
2025-05-27 19:47:07,519 - sim.TradeoffSlope_S10_BetHedging0.5_W40_Rep1 - INFO - simulation_engine:218 - Progress: T=20.00, Cells=160
2025-05-27 19:47:07,521 - sim.TradeoffSlope_S10_BetHedging0.5_W40_Rep1.MetricsCollector - INFO - metrics:177 - Metrics @ T=20.00: Cells=162, MaxR=14.80, Pheno={'G_SPECIALIST': 162, 'L_SPECIALIST': 0, 'SWITCHING_GL': 0}
2025-05-27 19:47:07,533 - sim.TradeoffSlope_S10_BetHedging0.5_W40_Rep1.MetricsCollector - INFO - metrics:177 - Metrics @ T=21.00: Cells=177, MaxR=16.52, Pheno={'G_SPECIALIST': 177, 'L_SPECIALIST': 0, 'SWITCHING_GL': 0}
2025-05-27 19:47:07,545 - sim.TradeoffSlope_S10_BetHedging0.5_W40_Rep1.MetricsCollector - INFO - metrics:177 - Metrics @ T=22.00: Cells=196, MaxR=18.08, Pheno={'G_SPECIALIST': 196, 'L_SPECIALIST': 0, 'SWITCHING_GL': 0}
2025-05-27 19:47:07,559 - sim.TradeoffSlope_S10_BetHedging0.5_W40_Rep1.MetricsCollector - INFO - metrics:177 - Metrics @ T=23.00: Cells=216, MaxR=18.73, Pheno={'G_SPECIALIST': 216, 'L_SPECIALIST': 0, 'SWITCHING_GL': 0}
2025-05-27 19:47:07,574 - sim.TradeoffSlope_S10_BetHedging0.5_W40_Rep1.MetricsCollector - INFO - metrics:177 - Metrics @ T=24.00: Cells=236, MaxR=20.42, Pheno={'G_SPECIALIST': 236, 'L_SPECIALIST': 0, 'SWITCHING_GL': 0}
2025-05-27 19:47:07,591 - sim.TradeoffSlope_S10_BetHedging0.5_W40_Rep1.MetricsCollector - INFO - metrics:177 - Metrics @ T=25.00: Cells=250, MaxR=21.63, Pheno={'G_SPECIALIST': 250, 'L_SPECIALIST': 0, 'SWITCHING_GL': 0}
2025-05-27 19:47:07,607 - sim.TradeoffSlope_S10_BetHedging0.5_W40_Rep1.MetricsCollector - INFO - metrics:177 - Metrics @ T=26.00: Cells=267, MaxR=22.11, Pheno={'G_SPECIALIST': 267, 'L_SPECIALIST': 0, 'SWITCHING_GL': 0}
2025-05-27 19:47:07,625 - sim.TradeoffSlope_S10_BetHedging0.5_W40_Rep1.MetricsCollector - INFO - metrics:177 - Metrics @ T=27.00: Cells=286, MaxR=22.11, Pheno={'G_SPECIALIST': 286, 'L_SPECIALIST': 0, 'SWITCHING_GL': 0}
2025-05-27 19:47:07,646 - sim.TradeoffSlope_S10_BetHedging0.5_W40_Rep1.MetricsCollector - INFO - metrics:177 - Metrics @ T=28.00: Cells=311, MaxR=22.11, Pheno={'G_SPECIALIST': 311, 'L_SPECIALIST': 0, 'SWITCHING_GL': 0}
2025-05-27 19:47:07,667 - sim.TradeoffSlope_S10_BetHedging0.5_W40_Rep1.MetricsCollector - INFO - metrics:177 - Metrics @ T=29.00: Cells=329, MaxR=22.11, Pheno={'G_SPECIALIST': 329, 'L_SPECIALIST': 0, 'SWITCHING_GL': 0}
2025-05-27 19:47:07,685 - sim.TradeoffSlope_S10_BetHedging0.5_W40_Rep1 - INFO - simulation_engine:218 - Progress: T=30.00, Cells=350
2025-05-27 19:47:07,689 - sim.TradeoffSlope_S10_BetHedging0.5_W40_Rep1.MetricsCollector - INFO - metrics:177 - Metrics @ T=30.00: Cells=351, MaxR=23.30, Pheno={'G_SPECIALIST': 351, 'L_SPECIALIST': 0, 'SWITCHING_GL': 0}
2025-05-27 19:47:07,713 - sim.TradeoffSlope_S10_BetHedging0.5_W40_Rep1.MetricsCollector - INFO - metrics:177 - Metrics @ T=31.00: Cells=367, MaxR=23.30, Pheno={'G_SPECIALIST': 367, 'L_SPECIALIST': 0, 'SWITCHING_GL': 0}
2025-05-27 19:47:07,738 - sim.TradeoffSlope_S10_BetHedging0.5_W40_Rep1.MetricsCollector - INFO - metrics:177 - Metrics @ T=32.00: Cells=392, MaxR=23.30, Pheno={'G_SPECIALIST': 392, 'L_SPECIALIST': 0, 'SWITCHING_GL': 0}
2025-05-27 19:47:07,767 - sim.TradeoffSlope_S10_BetHedging0.5_W40_Rep1.MetricsCollector - INFO - metrics:177 - Metrics @ T=33.00: Cells=416, MaxR=24.25, Pheno={'G_SPECIALIST': 416, 'L_SPECIALIST': 0, 'SWITCHING_GL': 0}
2025-05-27 19:47:07,795 - sim.TradeoffSlope_S10_BetHedging0.5_W40_Rep1.MetricsCollector - INFO - metrics:177 - Metrics @ T=34.00: Cells=433, MaxR=24.25, Pheno={'G_SPECIALIST': 433, 'L_SPECIALIST': 0, 'SWITCHING_GL': 0}
2025-05-27 19:47:07,824 - sim.TradeoffSlope_S10_BetHedging0.5_W40_Rep1.MetricsCollector - INFO - metrics:177 - Metrics @ T=35.00: Cells=462, MaxR=26.15, Pheno={'G_SPECIALIST': 462, 'L_SPECIALIST': 0, 'SWITCHING_GL': 0}
2025-05-27 19:47:07,854 - sim.TradeoffSlope_S10_BetHedging0.5_W40_Rep1.MetricsCollector - INFO - metrics:177 - Metrics @ T=36.00: Cells=487, MaxR=27.22, Pheno={'G_SPECIALIST': 487, 'L_SPECIALIST': 0, 'SWITCHING_GL': 0}
2025-05-27 19:47:07,888 - sim.TradeoffSlope_S10_BetHedging0.5_W40_Rep1.MetricsCollector - INFO - metrics:177 - Metrics @ T=37.00: Cells=518, MaxR=27.22, Pheno={'G_SPECIALIST': 518, 'L_SPECIALIST': 0, 'SWITCHING_GL': 0}
2025-05-27 19:47:07,923 - sim.TradeoffSlope_S10_BetHedging0.5_W40_Rep1.MetricsCollector - INFO - metrics:177 - Metrics @ T=38.00: Cells=551, MaxR=27.50, Pheno={'G_SPECIALIST': 551, 'L_SPECIALIST': 0, 'SWITCHING_GL': 0}
2025-05-27 19:47:07,962 - sim.TradeoffSlope_S10_BetHedging0.5_W40_Rep1.MetricsCollector - INFO - metrics:177 - Metrics @ T=39.00: Cells=582, MaxR=27.87, Pheno={'G_SPECIALIST': 582, 'L_SPECIALIST': 0, 'SWITCHING_GL': 0}
2025-05-27 19:47:07,993 - sim.TradeoffSlope_S10_BetHedging0.5_W40_Rep1 - INFO - simulation_engine:218 - Progress: T=40.00, Cells=610
2025-05-27 19:47:07,999 - sim.TradeoffSlope_S10_BetHedging0.5_W40_Rep1.MetricsCollector - INFO - metrics:177 - Metrics @ T=40.00: Cells=612, MaxR=29.14, Pheno={'G_SPECIALIST': 612, 'L_SPECIALIST': 0, 'SWITCHING_GL': 0}
2025-05-27 19:47:08,042 - sim.TradeoffSlope_S10_BetHedging0.5_W40_Rep1.MetricsCollector - INFO - metrics:177 - Metrics @ T=41.00: Cells=650, MaxR=30.45, Pheno={'G_SPECIALIST': 650, 'L_SPECIALIST': 0, 'SWITCHING_GL': 0}
2025-05-27 19:47:08,087 - sim.TradeoffSlope_S10_BetHedging0.5_W40_Rep1.MetricsCollector - INFO - metrics:177 - Metrics @ T=42.00: Cells=696, MaxR=30.79, Pheno={'G_SPECIALIST': 696, 'L_SPECIALIST': 0, 'SWITCHING_GL': 0}
2025-05-27 19:47:08,135 - sim.TradeoffSlope_S10_BetHedging0.5_W40_Rep1.MetricsCollector - INFO - metrics:177 - Metrics @ T=43.00: Cells=741, MaxR=30.79, Pheno={'G_SPECIALIST': 741, 'L_SPECIALIST': 0, 'SWITCHING_GL': 0}
2025-05-27 19:47:08,187 - sim.TradeoffSlope_S10_BetHedging0.5_W40_Rep1.MetricsCollector - INFO - metrics:177 - Metrics @ T=44.00: Cells=782, MaxR=32.45, Pheno={'G_SPECIALIST': 782, 'L_SPECIALIST': 0, 'SWITCHING_GL': 0}
2025-05-27 19:47:08,241 - sim.TradeoffSlope_S10_BetHedging0.5_W40_Rep1.MetricsCollector - INFO - metrics:177 - Metrics @ T=45.00: Cells=827, MaxR=34.12, Pheno={'G_SPECIALIST': 827, 'L_SPECIALIST': 0, 'SWITCHING_GL': 0}
2025-05-27 19:47:08,296 - sim.TradeoffSlope_S10_BetHedging0.5_W40_Rep1.MetricsCollector - INFO - metrics:177 - Metrics @ T=46.00: Cells=868, MaxR=34.12, Pheno={'G_SPECIALIST': 868, 'L_SPECIALIST': 0, 'SWITCHING_GL': 0}
2025-05-27 19:47:08,354 - sim.TradeoffSlope_S10_BetHedging0.5_W40_Rep1.MetricsCollector - INFO - metrics:177 - Metrics @ T=47.00: Cells=917, MaxR=34.51, Pheno={'G_SPECIALIST': 917, 'L_SPECIALIST': 0, 'SWITCHING_GL': 0}
2025-05-27 19:47:08,415 - sim.TradeoffSlope_S10_BetHedging0.5_W40_Rep1.MetricsCollector - INFO - metrics:177 - Metrics @ T=48.00: Cells=963, MaxR=36.66, Pheno={'G_SPECIALIST': 963, 'L_SPECIALIST': 0, 'SWITCHING_GL': 0}
2025-05-27 19:47:08,479 - sim.TradeoffSlope_S10_BetHedging0.5_W40_Rep1.MetricsCollector - INFO - metrics:177 - Metrics @ T=49.00: Cells=1004, MaxR=36.66, Pheno={'G_SPECIALIST': 1004, 'L_SPECIALIST': 0, 'SWITCHING_GL': 0}
2025-05-27 19:47:08,535 - sim.TradeoffSlope_S10_BetHedging0.5_W40_Rep1 - INFO - simulation_engine:218 - Progress: T=50.00, Cells=1052
2025-05-27 19:47:08,547 - sim.TradeoffSlope_S10_BetHedging0.5_W40_Rep1.MetricsCollector - INFO - metrics:177 - Metrics @ T=50.00: Cells=1055, MaxR=38.30, Pheno={'G_SPECIALIST': 1055, 'L_SPECIALIST': 0, 'SWITCHING_GL': 0}
2025-05-27 19:47:08,616 - sim.TradeoffSlope_S10_BetHedging0.5_W40_Rep1.MetricsCollector - INFO - metrics:177 - Metrics @ T=51.00: Cells=1099, MaxR=39.61, Pheno={'G_SPECIALIST': 1099, 'L_SPECIALIST': 0, 'SWITCHING_GL': 0}
2025-05-27 19:47:08,688 - sim.TradeoffSlope_S10_BetHedging0.5_W40_Rep1.MetricsCollector - INFO - metrics:177 - Metrics @ T=52.00: Cells=1131, MaxR=39.61, Pheno={'G_SPECIALIST': 1131, 'L_SPECIALIST': 0, 'SWITCHING_GL': 0}
2025-05-27 19:47:08,763 - sim.TradeoffSlope_S10_BetHedging0.5_W40_Rep1.MetricsCollector - INFO - metrics:177 - Metrics @ T=53.00: Cells=1177, MaxR=39.61, Pheno={'G_SPECIALIST': 1177, 'L_SPECIALIST': 0, 'SWITCHING_GL': 0}
2025-05-27 19:47:08,842 - sim.TradeoffSlope_S10_BetHedging0.5_W40_Rep1.MetricsCollector - INFO - metrics:177 - Metrics @ T=54.00: Cells=1229, MaxR=39.95, Pheno={'G_SPECIALIST': 1229, 'L_SPECIALIST': 0, 'SWITCHING_GL': 0}
2025-05-27 19:47:08,923 - sim.TradeoffSlope_S10_BetHedging0.5_W40_Rep1.MetricsCollector - INFO - metrics:177 - Metrics @ T=55.00: Cells=1282, MaxR=40.36, Pheno={'G_SPECIALIST': 1281, 'SWITCHING_GL': 1, 'L_SPECIALIST': 0}
2025-05-27 19:47:09,009 - sim.TradeoffSlope_S10_BetHedging0.5_W40_Rep1.MetricsCollector - INFO - metrics:177 - Metrics @ T=56.00: Cells=1329, MaxR=40.36, Pheno={'G_SPECIALIST': 1327, 'SWITCHING_GL': 2, 'L_SPECIALIST': 0}
2025-05-27 19:47:09,101 - sim.TradeoffSlope_S10_BetHedging0.5_W40_Rep1.MetricsCollector - INFO - metrics:177 - Metrics @ T=57.00: Cells=1371, MaxR=41.39, Pheno={'G_SPECIALIST': 1367, 'SWITCHING_GL': 4, 'L_SPECIALIST': 0}
2025-05-27 19:47:09,192 - sim.TradeoffSlope_S10_BetHedging0.5_W40_Rep1.MetricsCollector - INFO - metrics:177 - Metrics @ T=58.00: Cells=1415, MaxR=41.39, Pheno={'G_SPECIALIST': 1408, 'SWITCHING_GL': 7, 'L_SPECIALIST': 0}
2025-05-27 19:47:09,288 - sim.TradeoffSlope_S10_BetHedging0.5_W40_Rep1.MetricsCollector - INFO - metrics:177 - Metrics @ T=59.00: Cells=1474, MaxR=41.39, Pheno={'G_SPECIALIST': 1462, 'SWITCHING_GL': 12, 'L_SPECIALIST': 0}
2025-05-27 19:47:09,371 - sim.TradeoffSlope_S10_BetHedging0.5_W40_Rep1 - INFO - simulation_engine:218 - Progress: T=60.00, Cells=1515
2025-05-27 19:47:09,387 - sim.TradeoffSlope_S10_BetHedging0.5_W40_Rep1.MetricsCollector - INFO - metrics:177 - Metrics @ T=60.00: Cells=1518, MaxR=41.57, Pheno={'G_SPECIALIST': 1499, 'SWITCHING_GL': 19, 'L_SPECIALIST': 0}
2025-05-27 19:47:09,489 - sim.TradeoffSlope_S10_BetHedging0.5_W40_Rep1.MetricsCollector - INFO - metrics:177 - Metrics @ T=61.00: Cells=1575, MaxR=41.57, Pheno={'G_SPECIALIST': 1554, 'SWITCHING_GL': 20, 'L_SPECIALIST': 1}
2025-05-27 19:47:09,592 - sim.TradeoffSlope_S10_BetHedging0.5_W40_Rep1.MetricsCollector - INFO - metrics:177 - Metrics @ T=62.00: Cells=1614, MaxR=41.68, Pheno={'G_SPECIALIST': 1585, 'SWITCHING_GL': 28, 'L_SPECIALIST': 1}
2025-05-27 19:47:09,699 - sim.TradeoffSlope_S10_BetHedging0.5_W40_Rep1.MetricsCollector - INFO - metrics:177 - Metrics @ T=63.00: Cells=1657, MaxR=41.68, Pheno={'G_SPECIALIST': 1622, 'SWITCHING_GL': 32, 'L_SPECIALIST': 3}
2025-05-27 19:47:09,808 - sim.TradeoffSlope_S10_BetHedging0.5_W40_Rep1.MetricsCollector - INFO - metrics:177 - Metrics @ T=64.00: Cells=1691, MaxR=41.68, Pheno={'G_SPECIALIST': 1651, 'SWITCHING_GL': 34, 'L_SPECIALIST': 6}
2025-05-27 19:47:09,919 - sim.TradeoffSlope_S10_BetHedging0.5_W40_Rep1.MetricsCollector - INFO - metrics:177 - Metrics @ T=65.00: Cells=1728, MaxR=41.68, Pheno={'G_SPECIALIST': 1682, 'SWITCHING_GL': 35, 'L_SPECIALIST': 11}
2025-05-27 19:47:10,033 - sim.TradeoffSlope_S10_BetHedging0.5_W40_Rep1.MetricsCollector - INFO - metrics:177 - Metrics @ T=66.00: Cells=1770, MaxR=41.68, Pheno={'G_SPECIALIST': 1719, 'SWITCHING_GL': 39, 'L_SPECIALIST': 12}
2025-05-27 19:47:10,149 - sim.TradeoffSlope_S10_BetHedging0.5_W40_Rep1.MetricsCollector - INFO - metrics:177 - Metrics @ T=67.00: Cells=1800, MaxR=42.04, Pheno={'G_SPECIALIST': 1743, 'SWITCHING_GL': 42, 'L_SPECIALIST': 15}
2025-05-27 19:47:10,268 - sim.TradeoffSlope_S10_BetHedging0.5_W40_Rep1.MetricsCollector - INFO - metrics:177 - Metrics @ T=68.00: Cells=1825, MaxR=42.46, Pheno={'G_SPECIALIST': 1760, 'SWITCHING_GL': 46, 'L_SPECIALIST': 19}
2025-05-27 19:47:10,386 - sim.TradeoffSlope_S10_BetHedging0.5_W40_Rep1.MetricsCollector - INFO - metrics:177 - Metrics @ T=69.00: Cells=1850, MaxR=42.57, Pheno={'G_SPECIALIST': 1778, 'SWITCHING_GL': 49, 'L_SPECIALIST': 23}
2025-05-27 19:47:10,487 - sim.TradeoffSlope_S10_BetHedging0.5_W40_Rep1 - INFO - simulation_engine:218 - Progress: T=70.00, Cells=1874
2025-05-27 19:47:10,508 - sim.TradeoffSlope_S10_BetHedging0.5_W40_Rep1.MetricsCollector - INFO - metrics:177 - Metrics @ T=70.00: Cells=1878, MaxR=44.23, Pheno={'G_SPECIALIST': 1796, 'SWITCHING_GL': 51, 'L_SPECIALIST': 31}
2025-05-27 19:47:10,635 - sim.TradeoffSlope_S10_BetHedging0.5_W40_Rep1.MetricsCollector - INFO - metrics:177 - Metrics @ T=71.00: Cells=1919, MaxR=44.23, Pheno={'G_SPECIALIST': 1826, 'SWITCHING_GL': 55, 'L_SPECIALIST': 38}
2025-05-27 19:47:10,762 - sim.TradeoffSlope_S10_BetHedging0.5_W40_Rep1.MetricsCollector - INFO - metrics:177 - Metrics @ T=72.00: Cells=1941, MaxR=44.23, Pheno={'G_SPECIALIST': 1844, 'SWITCHING_GL': 51, 'L_SPECIALIST': 46}
2025-05-27 19:47:10,899 - sim.TradeoffSlope_S10_BetHedging0.5_W40_Rep1.MetricsCollector - INFO - metrics:177 - Metrics @ T=73.00: Cells=1972, MaxR=44.23, Pheno={'G_SPECIALIST': 1862, 'SWITCHING_GL': 57, 'L_SPECIALIST': 53}
2025-05-27 19:47:11,036 - sim.TradeoffSlope_S10_BetHedging0.5_W40_Rep1.MetricsCollector - INFO - metrics:177 - Metrics @ T=74.00: Cells=1995, MaxR=44.23, Pheno={'G_SPECIALIST': 1875, 'SWITCHING_GL': 59, 'L_SPECIALIST': 61}
2025-05-27 19:47:11,167 - sim.TradeoffSlope_S10_BetHedging0.5_W40_Rep1.MetricsCollector - INFO - metrics:177 - Metrics @ T=75.00: Cells=2022, MaxR=45.40, Pheno={'G_SPECIALIST': 1886, 'SWITCHING_GL': 65, 'L_SPECIALIST': 71}
2025-05-27 19:47:11,303 - sim.TradeoffSlope_S10_BetHedging0.5_W40_Rep1.MetricsCollector - INFO - metrics:177 - Metrics @ T=76.00: Cells=2038, MaxR=45.40, Pheno={'G_SPECIALIST': 1893, 'L_SPECIALIST': 81, 'SWITCHING_GL': 64}
2025-05-27 19:47:11,434 - sim.TradeoffSlope_S10_BetHedging0.5_W40_Rep1.MetricsCollector - INFO - metrics:177 - Metrics @ T=77.00: Cells=2053, MaxR=45.40, Pheno={'G_SPECIALIST': 1898, 'L_SPECIALIST': 88, 'SWITCHING_GL': 67}
2025-05-27 19:47:11,566 - sim.TradeoffSlope_S10_BetHedging0.5_W40_Rep1.MetricsCollector - INFO - metrics:177 - Metrics @ T=78.00: Cells=2074, MaxR=46.60, Pheno={'G_SPECIALIST': 1906, 'L_SPECIALIST': 98, 'SWITCHING_GL': 70}
2025-05-27 19:47:11,698 - sim.TradeoffSlope_S10_BetHedging0.5_W40_Rep1.MetricsCollector - INFO - metrics:177 - Metrics @ T=79.00: Cells=2096, MaxR=46.70, Pheno={'G_SPECIALIST': 1916, 'L_SPECIALIST': 112, 'SWITCHING_GL': 68}
2025-05-27 19:47:11,811 - sim.TradeoffSlope_S10_BetHedging0.5_W40_Rep1 - INFO - simulation_engine:218 - Progress: T=80.00, Cells=2106
2025-05-27 19:47:11,833 - sim.TradeoffSlope_S10_BetHedging0.5_W40_Rep1.MetricsCollector - INFO - metrics:177 - Metrics @ T=80.00: Cells=2107, MaxR=46.70, Pheno={'G_SPECIALIST': 1918, 'L_SPECIALIST': 124, 'SWITCHING_GL': 65}
2025-05-27 19:47:11,969 - sim.TradeoffSlope_S10_BetHedging0.5_W40_Rep1.MetricsCollector - INFO - metrics:177 - Metrics @ T=81.00: Cells=2125, MaxR=46.70, Pheno={'G_SPECIALIST': 1922, 'L_SPECIALIST': 142, 'SWITCHING_GL': 61}
2025-05-27 19:47:12,109 - sim.TradeoffSlope_S10_BetHedging0.5_W40_Rep1.MetricsCollector - INFO - metrics:177 - Metrics @ T=82.00: Cells=2152, MaxR=47.09, Pheno={'G_SPECIALIST': 1926, 'L_SPECIALIST': 162, 'SWITCHING_GL': 64}
2025-05-27 19:47:12,253 - sim.TradeoffSlope_S10_BetHedging0.5_W40_Rep1.MetricsCollector - INFO - metrics:177 - Metrics @ T=83.00: Cells=2166, MaxR=48.12, Pheno={'G_SPECIALIST': 1930, 'L_SPECIALIST': 181, 'SWITCHING_GL': 55}
2025-05-27 19:47:12,391 - sim.TradeoffSlope_S10_BetHedging0.5_W40_Rep1.MetricsCollector - INFO - metrics:177 - Metrics @ T=84.00: Cells=2185, MaxR=48.12, Pheno={'G_SPECIALIST': 1932, 'L_SPECIALIST': 201, 'SWITCHING_GL': 52}
2025-05-27 19:47:12,532 - sim.TradeoffSlope_S10_BetHedging0.5_W40_Rep1.MetricsCollector - INFO - metrics:177 - Metrics @ T=85.00: Cells=2204, MaxR=48.12, Pheno={'G_SPECIALIST': 1934, 'L_SPECIALIST': 219, 'SWITCHING_GL': 51}
2025-05-27 19:47:12,674 - sim.TradeoffSlope_S10_BetHedging0.5_W40_Rep1.MetricsCollector - INFO - metrics:177 - Metrics @ T=86.00: Cells=2224, MaxR=49.69, Pheno={'G_SPECIALIST': 1934, 'L_SPECIALIST': 243, 'SWITCHING_GL': 47}
2025-05-27 19:47:12,818 - sim.TradeoffSlope_S10_BetHedging0.5_W40_Rep1.MetricsCollector - INFO - metrics:177 - Metrics @ T=87.00: Cells=2250, MaxR=51.26, Pheno={'G_SPECIALIST': 1940, 'L_SPECIALIST': 268, 'SWITCHING_GL': 42}
2025-05-27 19:47:12,961 - sim.TradeoffSlope_S10_BetHedging0.5_W40_Rep1.MetricsCollector - INFO - metrics:177 - Metrics @ T=88.00: Cells=2271, MaxR=51.26, Pheno={'G_SPECIALIST': 1942, 'L_SPECIALIST': 287, 'SWITCHING_GL': 42}
2025-05-27 19:47:13,108 - sim.TradeoffSlope_S10_BetHedging0.5_W40_Rep1.MetricsCollector - INFO - metrics:177 - Metrics @ T=89.00: Cells=2297, MaxR=51.26, Pheno={'G_SPECIALIST': 1944, 'L_SPECIALIST': 316, 'SWITCHING_GL': 37}
2025-05-27 19:47:13,232 - sim.TradeoffSlope_S10_BetHedging0.5_W40_Rep1 - INFO - simulation_engine:218 - Progress: T=90.00, Cells=2310
2025-05-27 19:47:13,258 - sim.TradeoffSlope_S10_BetHedging0.5_W40_Rep1.MetricsCollector - INFO - metrics:177 - Metrics @ T=90.00: Cells=2312, MaxR=51.26, Pheno={'G_SPECIALIST': 1944, 'L_SPECIALIST': 330, 'SWITCHING_GL': 38}
2025-05-27 19:47:13,411 - sim.TradeoffSlope_S10_BetHedging0.5_W40_Rep1.MetricsCollector - INFO - metrics:177 - Metrics @ T=91.00: Cells=2341, MaxR=52.16, Pheno={'G_SPECIALIST': 1944, 'L_SPECIALIST': 361, 'SWITCHING_GL': 36}
2025-05-27 19:47:13,566 - sim.TradeoffSlope_S10_BetHedging0.5_W40_Rep1.MetricsCollector - INFO - metrics:177 - Metrics @ T=92.00: Cells=2362, MaxR=52.16, Pheno={'G_SPECIALIST': 1944, 'L_SPECIALIST': 385, 'SWITCHING_GL': 33}
2025-05-27 19:47:13,719 - sim.TradeoffSlope_S10_BetHedging0.5_W40_Rep1.MetricsCollector - INFO - metrics:177 - Metrics @ T=93.00: Cells=2382, MaxR=52.16, Pheno={'G_SPECIALIST': 1944, 'L_SPECIALIST': 406, 'SWITCHING_GL': 32}
2025-05-27 19:47:13,875 - sim.TradeoffSlope_S10_BetHedging0.5_W40_Rep1.MetricsCollector - INFO - metrics:177 - Metrics @ T=94.00: Cells=2401, MaxR=52.16, Pheno={'G_SPECIALIST': 1944, 'L_SPECIALIST': 432, 'SWITCHING_GL': 25}
2025-05-27 19:47:14,031 - sim.TradeoffSlope_S10_BetHedging0.5_W40_Rep1.MetricsCollector - INFO - metrics:177 - Metrics @ T=95.00: Cells=2424, MaxR=53.33, Pheno={'G_SPECIALIST': 1945, 'L_SPECIALIST': 454, 'SWITCHING_GL': 25}
2025-05-27 19:47:14,187 - sim.TradeoffSlope_S10_BetHedging0.5_W40_Rep1.MetricsCollector - INFO - metrics:177 - Metrics @ T=96.00: Cells=2445, MaxR=53.33, Pheno={'G_SPECIALIST': 1945, 'L_SPECIALIST': 476, 'SWITCHING_GL': 24}
2025-05-27 19:47:14,346 - sim.TradeoffSlope_S10_BetHedging0.5_W40_Rep1.MetricsCollector - INFO - metrics:177 - Metrics @ T=97.00: Cells=2470, MaxR=53.33, Pheno={'G_SPECIALIST': 1945, 'L_SPECIALIST': 501, 'SWITCHING_GL': 24}
2025-05-27 19:47:14,505 - sim.TradeoffSlope_S10_BetHedging0.5_W40_Rep1.MetricsCollector - INFO - metrics:177 - Metrics @ T=98.00: Cells=2491, MaxR=53.33, Pheno={'G_SPECIALIST': 1945, 'L_SPECIALIST': 522, 'SWITCHING_GL': 24}
2025-05-27 19:47:14,666 - sim.TradeoffSlope_S10_BetHedging0.5_W40_Rep1.MetricsCollector - INFO - metrics:177 - Metrics @ T=99.00: Cells=2517, MaxR=53.33, Pheno={'G_SPECIALIST': 1945, 'L_SPECIALIST': 549, 'SWITCHING_GL': 23}
2025-05-27 19:47:14,804 - sim.TradeoffSlope_S10_BetHedging0.5_W40_Rep1 - INFO - simulation_engine:218 - Progress: T=100.00, Cells=2536
2025-05-27 19:47:14,831 - sim.TradeoffSlope_S10_BetHedging0.5_W40_Rep1.MetricsCollector - INFO - metrics:177 - Metrics @ T=100.00: Cells=2539, MaxR=53.33, Pheno={'G_SPECIALIST': 1945, 'L_SPECIALIST': 574, 'SWITCHING_GL': 20}
2025-05-27 19:47:14,993 - sim.TradeoffSlope_S10_BetHedging0.5_W40_Rep1.MetricsCollector - INFO - metrics:177 - Metrics @ T=101.00: Cells=2563, MaxR=54.44, Pheno={'G_SPECIALIST': 1945, 'L_SPECIALIST': 604, 'SWITCHING_GL': 14}
2025-05-27 19:47:15,156 - sim.TradeoffSlope_S10_BetHedging0.5_W40_Rep1.MetricsCollector - INFO - metrics:177 - Metrics @ T=102.00: Cells=2587, MaxR=54.44, Pheno={'G_SPECIALIST': 1945, 'L_SPECIALIST': 629, 'SWITCHING_GL': 13}
2025-05-27 19:47:15,323 - sim.TradeoffSlope_S10_BetHedging0.5_W40_Rep1.MetricsCollector - INFO - metrics:177 - Metrics @ T=103.00: Cells=2611, MaxR=54.44, Pheno={'G_SPECIALIST': 1945, 'L_SPECIALIST': 656, 'SWITCHING_GL': 10}
2025-05-27 19:47:15,491 - sim.TradeoffSlope_S10_BetHedging0.5_W40_Rep1.MetricsCollector - INFO - metrics:177 - Metrics @ T=104.00: Cells=2640, MaxR=55.56, Pheno={'G_SPECIALIST': 1945, 'L_SPECIALIST': 687, 'SWITCHING_GL': 8}
2025-05-27 19:47:15,657 - sim.TradeoffSlope_S10_BetHedging0.5_W40_Rep1.MetricsCollector - INFO - metrics:177 - Metrics @ T=105.00: Cells=2665, MaxR=55.56, Pheno={'G_SPECIALIST': 1945, 'L_SPECIALIST': 714, 'SWITCHING_GL': 6}
2025-05-27 19:47:15,826 - sim.TradeoffSlope_S10_BetHedging0.5_W40_Rep1.MetricsCollector - INFO - metrics:177 - Metrics @ T=106.00: Cells=2684, MaxR=55.56, Pheno={'G_SPECIALIST': 1945, 'L_SPECIALIST': 735, 'SWITCHING_GL': 4}
2025-05-27 19:47:15,998 - sim.TradeoffSlope_S10_BetHedging0.5_W40_Rep1.MetricsCollector - INFO - metrics:177 - Metrics @ T=107.00: Cells=2704, MaxR=56.15, Pheno={'G_SPECIALIST': 1945, 'L_SPECIALIST': 755, 'SWITCHING_GL': 4}
2025-05-27 19:47:16,173 - sim.TradeoffSlope_S10_BetHedging0.5_W40_Rep1.MetricsCollector - INFO - metrics:177 - Metrics @ T=108.00: Cells=2721, MaxR=56.15, Pheno={'G_SPECIALIST': 1945, 'L_SPECIALIST': 772, 'SWITCHING_GL': 4}
2025-05-27 19:47:16,346 - sim.TradeoffSlope_S10_BetHedging0.5_W40_Rep1.MetricsCollector - INFO - metrics:177 - Metrics @ T=109.00: Cells=2757, MaxR=56.15, Pheno={'G_SPECIALIST': 1945, 'L_SPECIALIST': 809, 'SWITCHING_GL': 3}
2025-05-27 19:47:16,493 - sim.TradeoffSlope_S10_BetHedging0.5_W40_Rep1 - INFO - simulation_engine:218 - Progress: T=110.00, Cells=2789
2025-05-27 19:47:16,521 - sim.TradeoffSlope_S10_BetHedging0.5_W40_Rep1.MetricsCollector - INFO - metrics:177 - Metrics @ T=110.00: Cells=2791, MaxR=56.15, Pheno={'G_SPECIALIST': 1945, 'L_SPECIALIST': 843, 'SWITCHING_GL': 3}
2025-05-27 19:47:16,701 - sim.TradeoffSlope_S10_BetHedging0.5_W40_Rep1.MetricsCollector - INFO - metrics:177 - Metrics @ T=111.00: Cells=2820, MaxR=56.15, Pheno={'G_SPECIALIST': 1945, 'L_SPECIALIST': 874, 'SWITCHING_GL': 1}
2025-05-27 19:47:16,881 - sim.TradeoffSlope_S10_BetHedging0.5_W40_Rep1.MetricsCollector - INFO - metrics:177 - Metrics @ T=112.00: Cells=2854, MaxR=56.71, Pheno={'G_SPECIALIST': 1945, 'L_SPECIALIST': 908, 'SWITCHING_GL': 1}
2025-05-27 19:47:17,062 - sim.TradeoffSlope_S10_BetHedging0.5_W40_Rep1.MetricsCollector - INFO - metrics:177 - Metrics @ T=113.00: Cells=2888, MaxR=57.89, Pheno={'G_SPECIALIST': 1945, 'L_SPECIALIST': 943, 'SWITCHING_GL': 0}
2025-05-27 19:47:17,245 - sim.TradeoffSlope_S10_BetHedging0.5_W40_Rep1.MetricsCollector - INFO - metrics:177 - Metrics @ T=114.00: Cells=2916, MaxR=57.89, Pheno={'G_SPECIALIST': 1945, 'L_SPECIALIST': 971, 'SWITCHING_GL': 0}
2025-05-27 19:47:17,429 - sim.TradeoffSlope_S10_BetHedging0.5_W40_Rep1.MetricsCollector - INFO - metrics:177 - Metrics @ T=115.00: Cells=2938, MaxR=57.89, Pheno={'G_SPECIALIST': 1945, 'L_SPECIALIST': 993, 'SWITCHING_GL': 0}
2025-05-27 19:47:17,616 - sim.TradeoffSlope_S10_BetHedging0.5_W40_Rep1.MetricsCollector - INFO - metrics:177 - Metrics @ T=116.00: Cells=2965, MaxR=57.89, Pheno={'G_SPECIALIST': 1945, 'L_SPECIALIST': 1020, 'SWITCHING_GL': 0}
2025-05-27 19:47:17,805 - sim.TradeoffSlope_S10_BetHedging0.5_W40_Rep1.MetricsCollector - INFO - metrics:177 - Metrics @ T=117.00: Cells=2986, MaxR=57.89, Pheno={'G_SPECIALIST': 1945, 'L_SPECIALIST': 1041, 'SWITCHING_GL': 0}
2025-05-27 19:47:17,993 - sim.TradeoffSlope_S10_BetHedging0.5_W40_Rep1.MetricsCollector - INFO - metrics:177 - Metrics @ T=118.00: Cells=3017, MaxR=57.89, Pheno={'G_SPECIALIST': 1945, 'L_SPECIALIST': 1072, 'SWITCHING_GL': 0}
2025-05-27 19:47:18,187 - sim.TradeoffSlope_S10_BetHedging0.5_W40_Rep1.MetricsCollector - INFO - metrics:177 - Metrics @ T=119.00: Cells=3045, MaxR=57.89, Pheno={'G_SPECIALIST': 1945, 'L_SPECIALIST': 1100, 'SWITCHING_GL': 0}
2025-05-27 19:47:18,358 - sim.TradeoffSlope_S10_BetHedging0.5_W40_Rep1 - INFO - simulation_engine:218 - Progress: T=120.00, Cells=3073
2025-05-27 19:47:18,390 - sim.TradeoffSlope_S10_BetHedging0.5_W40_Rep1.MetricsCollector - INFO - metrics:177 - Metrics @ T=120.00: Cells=3074, MaxR=57.89, Pheno={'G_SPECIALIST': 1945, 'L_SPECIALIST': 1129, 'SWITCHING_GL': 0}
2025-05-27 19:47:18,589 - sim.TradeoffSlope_S10_BetHedging0.5_W40_Rep1.MetricsCollector - INFO - metrics:177 - Metrics @ T=121.00: Cells=3099, MaxR=57.89, Pheno={'G_SPECIALIST': 1945, 'L_SPECIALIST': 1154, 'SWITCHING_GL': 0}
2025-05-27 19:47:18,789 - sim.TradeoffSlope_S10_BetHedging0.5_W40_Rep1.MetricsCollector - INFO - metrics:177 - Metrics @ T=122.00: Cells=3126, MaxR=58.04, Pheno={'G_SPECIALIST': 1945, 'L_SPECIALIST': 1181, 'SWITCHING_GL': 0}
2025-05-27 19:47:18,988 - sim.TradeoffSlope_S10_BetHedging0.5_W40_Rep1.MetricsCollector - INFO - metrics:177 - Metrics @ T=123.00: Cells=3158, MaxR=58.04, Pheno={'G_SPECIALIST': 1945, 'L_SPECIALIST': 1213, 'SWITCHING_GL': 0}
2025-05-27 19:47:19,210 - sim.TradeoffSlope_S10_BetHedging0.5_W40_Rep1.MetricsCollector - INFO - metrics:177 - Metrics @ T=124.00: Cells=3180, MaxR=58.97, Pheno={'G_SPECIALIST': 1945, 'L_SPECIALIST': 1235, 'SWITCHING_GL': 0}
2025-05-27 19:47:19,414 - sim.TradeoffSlope_S10_BetHedging0.5_W40_Rep1.MetricsCollector - INFO - metrics:177 - Metrics @ T=125.00: Cells=3213, MaxR=59.77, Pheno={'G_SPECIALIST': 1945, 'L_SPECIALIST': 1268, 'SWITCHING_GL': 0}
2025-05-27 19:47:19,621 - sim.TradeoffSlope_S10_BetHedging0.5_W40_Rep1.MetricsCollector - INFO - metrics:177 - Metrics @ T=126.00: Cells=3240, MaxR=59.77, Pheno={'G_SPECIALIST': 1945, 'L_SPECIALIST': 1295, 'SWITCHING_GL': 0}
2025-05-27 19:47:19,830 - sim.TradeoffSlope_S10_BetHedging0.5_W40_Rep1.MetricsCollector - INFO - metrics:177 - Metrics @ T=127.00: Cells=3267, MaxR=59.77, Pheno={'G_SPECIALIST': 1945, 'L_SPECIALIST': 1322, 'SWITCHING_GL': 0}
2025-05-27 19:47:20,037 - sim.TradeoffSlope_S10_BetHedging0.5_W40_Rep1.MetricsCollector - INFO - metrics:177 - Metrics @ T=128.00: Cells=3292, MaxR=59.77, Pheno={'G_SPECIALIST': 1945, 'L_SPECIALIST': 1347, 'SWITCHING_GL': 0}
2025-05-27 19:47:20,248 - sim.TradeoffSlope_S10_BetHedging0.5_W40_Rep1.MetricsCollector - INFO - metrics:177 - Metrics @ T=129.00: Cells=3319, MaxR=59.77, Pheno={'G_SPECIALIST': 1945, 'L_SPECIALIST': 1374, 'SWITCHING_GL': 0}
2025-05-27 19:47:20,427 - sim.TradeoffSlope_S10_BetHedging0.5_W40_Rep1 - INFO - simulation_engine:218 - Progress: T=130.00, Cells=3356
2025-05-27 19:47:20,464 - sim.TradeoffSlope_S10_BetHedging0.5_W40_Rep1.MetricsCollector - INFO - metrics:177 - Metrics @ T=130.00: Cells=3359, MaxR=59.77, Pheno={'G_SPECIALIST': 1945, 'L_SPECIALIST': 1414, 'SWITCHING_GL': 0}
2025-05-27 19:47:20,681 - sim.TradeoffSlope_S10_BetHedging0.5_W40_Rep1.MetricsCollector - INFO - metrics:177 - Metrics @ T=131.00: Cells=3392, MaxR=60.32, Pheno={'G_SPECIALIST': 1945, 'L_SPECIALIST': 1447, 'SWITCHING_GL': 0}
2025-05-27 19:47:20,898 - sim.TradeoffSlope_S10_BetHedging0.5_W40_Rep1.MetricsCollector - INFO - metrics:177 - Metrics @ T=132.00: Cells=3419, MaxR=60.70, Pheno={'G_SPECIALIST': 1945, 'L_SPECIALIST': 1474, 'SWITCHING_GL': 0}
2025-05-27 19:47:21,118 - sim.TradeoffSlope_S10_BetHedging0.5_W40_Rep1.MetricsCollector - INFO - metrics:177 - Metrics @ T=133.00: Cells=3443, MaxR=60.77, Pheno={'G_SPECIALIST': 1945, 'L_SPECIALIST': 1498, 'SWITCHING_GL': 0}
2025-05-27 19:47:21,345 - sim.TradeoffSlope_S10_BetHedging0.5_W40_Rep1.MetricsCollector - INFO - metrics:177 - Metrics @ T=134.00: Cells=3469, MaxR=60.77, Pheno={'G_SPECIALIST': 1945, 'L_SPECIALIST': 1524, 'SWITCHING_GL': 0}
2025-05-27 19:47:21,578 - sim.TradeoffSlope_S10_BetHedging0.5_W40_Rep1.MetricsCollector - INFO - metrics:177 - Metrics @ T=135.00: Cells=3502, MaxR=60.77, Pheno={'G_SPECIALIST': 1945, 'L_SPECIALIST': 1557, 'SWITCHING_GL': 0}
2025-05-27 19:47:21,809 - sim.TradeoffSlope_S10_BetHedging0.5_W40_Rep1.MetricsCollector - INFO - metrics:177 - Metrics @ T=136.00: Cells=3531, MaxR=60.77, Pheno={'G_SPECIALIST': 1945, 'L_SPECIALIST': 1586, 'SWITCHING_GL': 0}
2025-05-27 19:47:22,039 - sim.TradeoffSlope_S10_BetHedging0.5_W40_Rep1.MetricsCollector - INFO - metrics:177 - Metrics @ T=137.00: Cells=3573, MaxR=61.21, Pheno={'G_SPECIALIST': 1945, 'L_SPECIALIST': 1628, 'SWITCHING_GL': 0}
2025-05-27 19:47:22,272 - sim.TradeoffSlope_S10_BetHedging0.5_W40_Rep1.MetricsCollector - INFO - metrics:177 - Metrics @ T=138.00: Cells=3610, MaxR=61.58, Pheno={'G_SPECIALIST': 1945, 'L_SPECIALIST': 1665, 'SWITCHING_GL': 0}
2025-05-27 19:47:22,510 - sim.TradeoffSlope_S10_BetHedging0.5_W40_Rep1.MetricsCollector - INFO - metrics:177 - Metrics @ T=139.00: Cells=3646, MaxR=62.86, Pheno={'G_SPECIALIST': 1945, 'L_SPECIALIST': 1701, 'SWITCHING_GL': 0}
2025-05-27 19:47:22,707 - sim.TradeoffSlope_S10_BetHedging0.5_W40_Rep1 - INFO - simulation_engine:218 - Progress: T=140.00, Cells=3685
2025-05-27 19:47:22,747 - sim.TradeoffSlope_S10_BetHedging0.5_W40_Rep1.MetricsCollector - INFO - metrics:177 - Metrics @ T=140.00: Cells=3691, MaxR=62.86, Pheno={'G_SPECIALIST': 1945, 'L_SPECIALIST': 1746, 'SWITCHING_GL': 0}
2025-05-27 19:47:22,984 - sim.TradeoffSlope_S10_BetHedging0.5_W40_Rep1.MetricsCollector - INFO - metrics:177 - Metrics @ T=141.00: Cells=3724, MaxR=63.59, Pheno={'G_SPECIALIST': 1945, 'L_SPECIALIST': 1779, 'SWITCHING_GL': 0}
2025-05-27 19:47:23,224 - sim.TradeoffSlope_S10_BetHedging0.5_W40_Rep1.MetricsCollector - INFO - metrics:177 - Metrics @ T=142.00: Cells=3747, MaxR=63.85, Pheno={'G_SPECIALIST': 1945, 'L_SPECIALIST': 1802, 'SWITCHING_GL': 0}
2025-05-27 19:47:23,465 - sim.TradeoffSlope_S10_BetHedging0.5_W40_Rep1.MetricsCollector - INFO - metrics:177 - Metrics @ T=143.00: Cells=3773, MaxR=63.85, Pheno={'G_SPECIALIST': 1945, 'L_SPECIALIST': 1828, 'SWITCHING_GL': 0}
2025-05-27 19:47:23,710 - sim.TradeoffSlope_S10_BetHedging0.5_W40_Rep1.MetricsCollector - INFO - metrics:177 - Metrics @ T=144.00: Cells=3807, MaxR=63.85, Pheno={'G_SPECIALIST': 1945, 'L_SPECIALIST': 1862, 'SWITCHING_GL': 0}
2025-05-27 19:47:23,954 - sim.TradeoffSlope_S10_BetHedging0.5_W40_Rep1.MetricsCollector - INFO - metrics:177 - Metrics @ T=145.00: Cells=3848, MaxR=63.85, Pheno={'G_SPECIALIST': 1945, 'L_SPECIALIST': 1903, 'SWITCHING_GL': 0}
2025-05-27 19:47:24,201 - sim.TradeoffSlope_S10_BetHedging0.5_W40_Rep1.MetricsCollector - INFO - metrics:177 - Metrics @ T=146.00: Cells=3877, MaxR=63.85, Pheno={'G_SPECIALIST': 1945, 'L_SPECIALIST': 1932, 'SWITCHING_GL': 0}
2025-05-27 19:47:24,451 - sim.TradeoffSlope_S10_BetHedging0.5_W40_Rep1.MetricsCollector - INFO - metrics:177 - Metrics @ T=147.00: Cells=3912, MaxR=64.16, Pheno={'G_SPECIALIST': 1945, 'L_SPECIALIST': 1967, 'SWITCHING_GL': 0}
2025-05-27 19:47:24,701 - sim.TradeoffSlope_S10_BetHedging0.5_W40_Rep1.MetricsCollector - INFO - metrics:177 - Metrics @ T=148.00: Cells=3958, MaxR=64.51, Pheno={'G_SPECIALIST': 1945, 'L_SPECIALIST': 2013, 'SWITCHING_GL': 0}
2025-05-27 19:47:24,955 - sim.TradeoffSlope_S10_BetHedging0.5_W40_Rep1.MetricsCollector - INFO - metrics:177 - Metrics @ T=149.00: Cells=3988, MaxR=65.80, Pheno={'G_SPECIALIST': 1945, 'L_SPECIALIST': 2043, 'SWITCHING_GL': 0}
2025-05-27 19:47:25,166 - sim.TradeoffSlope_S10_BetHedging0.5_W40_Rep1 - INFO - simulation_engine:218 - Progress: T=150.00, Cells=4017
2025-05-27 19:47:25,209 - sim.TradeoffSlope_S10_BetHedging0.5_W40_Rep1.MetricsCollector - INFO - metrics:177 - Metrics @ T=150.00: Cells=4019, MaxR=65.80, Pheno={'G_SPECIALIST': 1945, 'L_SPECIALIST': 2074, 'SWITCHING_GL': 0}
2025-05-27 19:47:25,464 - sim.TradeoffSlope_S10_BetHedging0.5_W40_Rep1.MetricsCollector - INFO - metrics:177 - Metrics @ T=151.00: Cells=4051, MaxR=65.80, Pheno={'G_SPECIALIST': 1945, 'L_SPECIALIST': 2106, 'SWITCHING_GL': 0}
2025-05-27 19:47:25,721 - sim.TradeoffSlope_S10_BetHedging0.5_W40_Rep1.MetricsCollector - INFO - metrics:177 - Metrics @ T=152.00: Cells=4084, MaxR=65.80, Pheno={'G_SPECIALIST': 1945, 'L_SPECIALIST': 2139, 'SWITCHING_GL': 0}
2025-05-27 19:47:25,982 - sim.TradeoffSlope_S10_BetHedging0.5_W40_Rep1.MetricsCollector - INFO - metrics:177 - Metrics @ T=153.00: Cells=4116, MaxR=65.80, Pheno={'G_SPECIALIST': 1945, 'L_SPECIALIST': 2171, 'SWITCHING_GL': 0}
2025-05-27 19:47:26,247 - sim.TradeoffSlope_S10_BetHedging0.5_W40_Rep1.MetricsCollector - INFO - metrics:177 - Metrics @ T=154.00: Cells=4158, MaxR=66.16, Pheno={'G_SPECIALIST': 1945, 'L_SPECIALIST': 2213, 'SWITCHING_GL': 0}
2025-05-27 19:47:26,515 - sim.TradeoffSlope_S10_BetHedging0.5_W40_Rep1.MetricsCollector - INFO - metrics:177 - Metrics @ T=155.00: Cells=4194, MaxR=66.34, Pheno={'G_SPECIALIST': 1945, 'L_SPECIALIST': 2249, 'SWITCHING_GL': 0}
2025-05-27 19:47:26,783 - sim.TradeoffSlope_S10_BetHedging0.5_W40_Rep1.MetricsCollector - INFO - metrics:177 - Metrics @ T=156.00: Cells=4236, MaxR=66.81, Pheno={'G_SPECIALIST': 1945, 'L_SPECIALIST': 2291, 'SWITCHING_GL': 0}
2025-05-27 19:47:27,053 - sim.TradeoffSlope_S10_BetHedging0.5_W40_Rep1.MetricsCollector - INFO - metrics:177 - Metrics @ T=157.00: Cells=4272, MaxR=66.81, Pheno={'G_SPECIALIST': 1945, 'L_SPECIALIST': 2327, 'SWITCHING_GL': 0}
2025-05-27 19:47:27,325 - sim.TradeoffSlope_S10_BetHedging0.5_W40_Rep1.MetricsCollector - INFO - metrics:177 - Metrics @ T=158.00: Cells=4308, MaxR=66.81, Pheno={'G_SPECIALIST': 1945, 'L_SPECIALIST': 2363, 'SWITCHING_GL': 0}
2025-05-27 19:47:27,600 - sim.TradeoffSlope_S10_BetHedging0.5_W40_Rep1.MetricsCollector - INFO - metrics:177 - Metrics @ T=159.00: Cells=4339, MaxR=67.01, Pheno={'G_SPECIALIST': 1945, 'L_SPECIALIST': 2394, 'SWITCHING_GL': 0}
2025-05-27 19:47:27,846 - sim.TradeoffSlope_S10_BetHedging0.5_W40_Rep1 - INFO - simulation_engine:218 - Progress: T=160.00, Cells=4365
2025-05-27 19:47:27,893 - sim.TradeoffSlope_S10_BetHedging0.5_W40_Rep1.MetricsCollector - INFO - metrics:177 - Metrics @ T=160.00: Cells=4368, MaxR=67.10, Pheno={'G_SPECIALIST': 1945, 'L_SPECIALIST': 2423, 'SWITCHING_GL': 0}
2025-05-27 19:47:28,191 - sim.TradeoffSlope_S10_BetHedging0.5_W40_Rep1.MetricsCollector - INFO - metrics:177 - Metrics @ T=161.00: Cells=4412, MaxR=67.82, Pheno={'G_SPECIALIST': 1945, 'L_SPECIALIST': 2467, 'SWITCHING_GL': 0}
2025-05-27 19:47:28,493 - sim.TradeoffSlope_S10_BetHedging0.5_W40_Rep1.MetricsCollector - INFO - metrics:177 - Metrics @ T=162.00: Cells=4446, MaxR=68.04, Pheno={'G_SPECIALIST': 1945, 'L_SPECIALIST': 2501, 'SWITCHING_GL': 0}
2025-05-27 19:47:28,777 - sim.TradeoffSlope_S10_BetHedging0.5_W40_Rep1.MetricsCollector - INFO - metrics:177 - Metrics @ T=163.00: Cells=4491, MaxR=69.91, Pheno={'G_SPECIALIST': 1945, 'L_SPECIALIST': 2546, 'SWITCHING_GL': 0}
2025-05-27 19:47:29,065 - sim.TradeoffSlope_S10_BetHedging0.5_W40_Rep1.MetricsCollector - INFO - metrics:177 - Metrics @ T=164.00: Cells=4533, MaxR=69.91, Pheno={'G_SPECIALIST': 1945, 'L_SPECIALIST': 2588, 'SWITCHING_GL': 0}
2025-05-27 19:47:29,358 - sim.TradeoffSlope_S10_BetHedging0.5_W40_Rep1.MetricsCollector - INFO - metrics:177 - Metrics @ T=165.00: Cells=4562, MaxR=69.91, Pheno={'G_SPECIALIST': 1945, 'L_SPECIALIST': 2617, 'SWITCHING_GL': 0}
2025-05-27 19:47:29,650 - sim.TradeoffSlope_S10_BetHedging0.5_W40_Rep1.MetricsCollector - INFO - metrics:177 - Metrics @ T=166.00: Cells=4592, MaxR=69.91, Pheno={'G_SPECIALIST': 1945, 'L_SPECIALIST': 2647, 'SWITCHING_GL': 0}
2025-05-27 19:47:29,945 - sim.TradeoffSlope_S10_BetHedging0.5_W40_Rep1.MetricsCollector - INFO - metrics:177 - Metrics @ T=167.00: Cells=4638, MaxR=71.58, Pheno={'G_SPECIALIST': 1945, 'L_SPECIALIST': 2693, 'SWITCHING_GL': 0}
2025-05-27 19:47:30,243 - sim.TradeoffSlope_S10_BetHedging0.5_W40_Rep1.MetricsCollector - INFO - metrics:177 - Metrics @ T=168.00: Cells=4673, MaxR=71.58, Pheno={'G_SPECIALIST': 1945, 'L_SPECIALIST': 2728, 'SWITCHING_GL': 0}
2025-05-27 19:47:30,541 - sim.TradeoffSlope_S10_BetHedging0.5_W40_Rep1.MetricsCollector - INFO - metrics:177 - Metrics @ T=169.00: Cells=4710, MaxR=71.58, Pheno={'G_SPECIALIST': 1945, 'L_SPECIALIST': 2765, 'SWITCHING_GL': 0}
2025-05-27 19:47:30,793 - sim.TradeoffSlope_S10_BetHedging0.5_W40_Rep1 - INFO - simulation_engine:218 - Progress: T=170.00, Cells=4738
2025-05-27 19:47:30,843 - sim.TradeoffSlope_S10_BetHedging0.5_W40_Rep1.MetricsCollector - INFO - metrics:177 - Metrics @ T=170.00: Cells=4742, MaxR=71.58, Pheno={'G_SPECIALIST': 1945, 'L_SPECIALIST': 2797, 'SWITCHING_GL': 0}
2025-05-27 19:47:31,148 - sim.TradeoffSlope_S10_BetHedging0.5_W40_Rep1.MetricsCollector - INFO - metrics:177 - Metrics @ T=171.00: Cells=4778, MaxR=71.58, Pheno={'G_SPECIALIST': 1945, 'L_SPECIALIST': 2833, 'SWITCHING_GL': 0}
2025-05-27 19:47:31,458 - sim.TradeoffSlope_S10_BetHedging0.5_W40_Rep1.MetricsCollector - INFO - metrics:177 - Metrics @ T=172.00: Cells=4811, MaxR=71.58, Pheno={'G_SPECIALIST': 1945, 'L_SPECIALIST': 2866, 'SWITCHING_GL': 0}
2025-05-27 19:47:31,768 - sim.TradeoffSlope_S10_BetHedging0.5_W40_Rep1.MetricsCollector - INFO - metrics:177 - Metrics @ T=173.00: Cells=4842, MaxR=71.69, Pheno={'G_SPECIALIST': 1945, 'L_SPECIALIST': 2897, 'SWITCHING_GL': 0}
2025-05-27 19:47:32,079 - sim.TradeoffSlope_S10_BetHedging0.5_W40_Rep1.MetricsCollector - INFO - metrics:177 - Metrics @ T=174.00: Cells=4892, MaxR=72.02, Pheno={'G_SPECIALIST': 1945, 'L_SPECIALIST': 2947, 'SWITCHING_GL': 0}
2025-05-27 19:47:32,393 - sim.TradeoffSlope_S10_BetHedging0.5_W40_Rep1.MetricsCollector - INFO - metrics:177 - Metrics @ T=175.00: Cells=4926, MaxR=72.39, Pheno={'G_SPECIALIST': 1945, 'L_SPECIALIST': 2981, 'SWITCHING_GL': 0}
2025-05-27 19:47:32,715 - sim.TradeoffSlope_S10_BetHedging0.5_W40_Rep1.MetricsCollector - INFO - metrics:177 - Metrics @ T=176.00: Cells=4954, MaxR=72.39, Pheno={'G_SPECIALIST': 1945, 'L_SPECIALIST': 3009, 'SWITCHING_GL': 0}
2025-05-27 19:47:33,037 - sim.TradeoffSlope_S10_BetHedging0.5_W40_Rep1.MetricsCollector - INFO - metrics:177 - Metrics @ T=177.00: Cells=4991, MaxR=72.81, Pheno={'G_SPECIALIST': 1945, 'L_SPECIALIST': 3046, 'SWITCHING_GL': 0}
2025-05-27 19:47:33,359 - sim.TradeoffSlope_S10_BetHedging0.5_W40_Rep1.MetricsCollector - INFO - metrics:177 - Metrics @ T=178.00: Cells=5034, MaxR=72.81, Pheno={'G_SPECIALIST': 1945, 'L_SPECIALIST': 3089, 'SWITCHING_GL': 0}
2025-05-27 19:47:33,688 - sim.TradeoffSlope_S10_BetHedging0.5_W40_Rep1.MetricsCollector - INFO - metrics:177 - Metrics @ T=179.00: Cells=5074, MaxR=72.81, Pheno={'G_SPECIALIST': 1945, 'L_SPECIALIST': 3129, 'SWITCHING_GL': 0}
2025-05-27 19:47:33,966 - sim.TradeoffSlope_S10_BetHedging0.5_W40_Rep1 - INFO - simulation_engine:218 - Progress: T=180.00, Cells=5124
2025-05-27 19:47:34,021 - sim.TradeoffSlope_S10_BetHedging0.5_W40_Rep1.MetricsCollector - INFO - metrics:177 - Metrics @ T=180.00: Cells=5130, MaxR=73.32, Pheno={'G_SPECIALIST': 1945, 'L_SPECIALIST': 3185, 'SWITCHING_GL': 0}
2025-05-27 19:47:34,351 - sim.TradeoffSlope_S10_BetHedging0.5_W40_Rep1.MetricsCollector - INFO - metrics:177 - Metrics @ T=181.00: Cells=5178, MaxR=73.32, Pheno={'G_SPECIALIST': 1945, 'L_SPECIALIST': 3233, 'SWITCHING_GL': 0}
2025-05-27 19:47:34,685 - sim.TradeoffSlope_S10_BetHedging0.5_W40_Rep1.MetricsCollector - INFO - metrics:177 - Metrics @ T=182.00: Cells=5227, MaxR=73.75, Pheno={'G_SPECIALIST': 1945, 'L_SPECIALIST': 3282, 'SWITCHING_GL': 0}
2025-05-27 19:47:35,025 - sim.TradeoffSlope_S10_BetHedging0.5_W40_Rep1.MetricsCollector - INFO - metrics:177 - Metrics @ T=183.00: Cells=5270, MaxR=73.75, Pheno={'G_SPECIALIST': 1945, 'L_SPECIALIST': 3325, 'SWITCHING_GL': 0}
2025-05-27 19:47:35,364 - sim.TradeoffSlope_S10_BetHedging0.5_W40_Rep1.MetricsCollector - INFO - metrics:177 - Metrics @ T=184.00: Cells=5322, MaxR=74.94, Pheno={'G_SPECIALIST': 1945, 'L_SPECIALIST': 3377, 'SWITCHING_GL': 0}
2025-05-27 19:47:35,702 - sim.TradeoffSlope_S10_BetHedging0.5_W40_Rep1.MetricsCollector - INFO - metrics:177 - Metrics @ T=185.00: Cells=5362, MaxR=74.94, Pheno={'G_SPECIALIST': 1945, 'L_SPECIALIST': 3417, 'SWITCHING_GL': 0}
2025-05-27 19:47:36,047 - sim.TradeoffSlope_S10_BetHedging0.5_W40_Rep1.MetricsCollector - INFO - metrics:177 - Metrics @ T=186.00: Cells=5396, MaxR=74.94, Pheno={'G_SPECIALIST': 1945, 'L_SPECIALIST': 3451, 'SWITCHING_GL': 0}
2025-05-27 19:47:36,396 - sim.TradeoffSlope_S10_BetHedging0.5_W40_Rep1.MetricsCollector - INFO - metrics:177 - Metrics @ T=187.00: Cells=5433, MaxR=75.44, Pheno={'G_SPECIALIST': 1945, 'L_SPECIALIST': 3488, 'SWITCHING_GL': 0}
2025-05-27 19:47:36,751 - sim.TradeoffSlope_S10_BetHedging0.5_W40_Rep1.MetricsCollector - INFO - metrics:177 - Metrics @ T=188.00: Cells=5467, MaxR=75.72, Pheno={'G_SPECIALIST': 1945, 'L_SPECIALIST': 3522, 'SWITCHING_GL': 0}
2025-05-27 19:47:37,152 - sim.TradeoffSlope_S10_BetHedging0.5_W40_Rep1.MetricsCollector - INFO - metrics:177 - Metrics @ T=189.00: Cells=5503, MaxR=75.72, Pheno={'G_SPECIALIST': 1945, 'L_SPECIALIST': 3558, 'SWITCHING_GL': 0}
2025-05-27 19:47:37,448 - sim.TradeoffSlope_S10_BetHedging0.5_W40_Rep1 - INFO - simulation_engine:218 - Progress: T=190.00, Cells=5548
2025-05-27 19:47:37,507 - sim.TradeoffSlope_S10_BetHedging0.5_W40_Rep1.MetricsCollector - INFO - metrics:177 - Metrics @ T=190.00: Cells=5552, MaxR=75.72, Pheno={'G_SPECIALIST': 1945, 'L_SPECIALIST': 3607, 'SWITCHING_GL': 0}
2025-05-27 19:47:37,866 - sim.TradeoffSlope_S10_BetHedging0.5_W40_Rep1.MetricsCollector - INFO - metrics:177 - Metrics @ T=191.00: Cells=5603, MaxR=76.62, Pheno={'G_SPECIALIST': 1945, 'L_SPECIALIST': 3658, 'SWITCHING_GL': 0}
2025-05-27 19:47:38,226 - sim.TradeoffSlope_S10_BetHedging0.5_W40_Rep1.MetricsCollector - INFO - metrics:177 - Metrics @ T=192.00: Cells=5639, MaxR=76.74, Pheno={'G_SPECIALIST': 1945, 'L_SPECIALIST': 3694, 'SWITCHING_GL': 0}
2025-05-27 19:47:38,588 - sim.TradeoffSlope_S10_BetHedging0.5_W40_Rep1.MetricsCollector - INFO - metrics:177 - Metrics @ T=193.00: Cells=5686, MaxR=77.83, Pheno={'G_SPECIALIST': 1945, 'L_SPECIALIST': 3741, 'SWITCHING_GL': 0}
2025-05-27 19:47:38,951 - sim.TradeoffSlope_S10_BetHedging0.5_W40_Rep1.MetricsCollector - INFO - metrics:177 - Metrics @ T=194.00: Cells=5721, MaxR=77.83, Pheno={'G_SPECIALIST': 1945, 'L_SPECIALIST': 3776, 'SWITCHING_GL': 0}
2025-05-27 19:47:39,321 - sim.TradeoffSlope_S10_BetHedging0.5_W40_Rep1.MetricsCollector - INFO - metrics:177 - Metrics @ T=195.00: Cells=5765, MaxR=77.83, Pheno={'G_SPECIALIST': 1945, 'L_SPECIALIST': 3820, 'SWITCHING_GL': 0}
2025-05-27 19:47:39,693 - sim.TradeoffSlope_S10_BetHedging0.5_W40_Rep1.MetricsCollector - INFO - metrics:177 - Metrics @ T=196.00: Cells=5802, MaxR=77.83, Pheno={'G_SPECIALIST': 1945, 'L_SPECIALIST': 3857, 'SWITCHING_GL': 0}
2025-05-27 19:47:40,064 - sim.TradeoffSlope_S10_BetHedging0.5_W40_Rep1.MetricsCollector - INFO - metrics:177 - Metrics @ T=197.00: Cells=5838, MaxR=77.83, Pheno={'G_SPECIALIST': 1945, 'L_SPECIALIST': 3893, 'SWITCHING_GL': 0}
2025-05-27 19:47:40,438 - sim.TradeoffSlope_S10_BetHedging0.5_W40_Rep1.MetricsCollector - INFO - metrics:177 - Metrics @ T=198.00: Cells=5885, MaxR=79.05, Pheno={'G_SPECIALIST': 1945, 'L_SPECIALIST': 3940, 'SWITCHING_GL': 0}
2025-05-27 19:47:40,817 - sim.TradeoffSlope_S10_BetHedging0.5_W40_Rep1.MetricsCollector - INFO - metrics:177 - Metrics @ T=199.00: Cells=5925, MaxR=79.05, Pheno={'G_SPECIALIST': 1945, 'L_SPECIALIST': 3980, 'SWITCHING_GL': 0}
2025-05-27 19:47:41,136 - sim.TradeoffSlope_S10_BetHedging0.5_W40_Rep1 - INFO - simulation_engine:218 - Progress: T=200.00, Cells=5958
2025-05-27 19:47:41,199 - sim.TradeoffSlope_S10_BetHedging0.5_W40_Rep1.MetricsCollector - INFO - metrics:177 - Metrics @ T=200.00: Cells=5964, MaxR=79.05, Pheno={'G_SPECIALIST': 1945, 'L_SPECIALIST': 4019, 'SWITCHING_GL': 0}
2025-05-27 19:47:41,236 - sim.TradeoffSlope_S10_BetHedging0.5_W40_Rep1 - INFO - simulation_engine:238 - Sim run finished: TradeoffSlope_S10_BetHedging0.5_W40_Rep1. Wall-clock: 33.798s.
2025-05-27 19:47:41,236 - sim.TradeoffSlope_S10_BetHedging0.5_W40_Rep1 - INFO - simulation_engine:241 - Final state: SimTime=200.10, Steps=2001, Cells=5968.
2025-05-27 19:47:41,236 - sim.TradeoffSlope_S10_BetHedging0.5_W40_Rep1.MetricsCollector - INFO - metrics:300 - Finalizing data collection and exporting results...
2025-05-27 19:47:41,236 - sim.TradeoffSlope_S10_BetHedging0.5_W40_Rep1.MetricsCollector - INFO - metrics:312 - --- Simulation Summary (Log) ---
time: 199.99999999999292
total_cell_count: 5964
phenotype_counts: {'G_SPECIALIST': 1945, 'L_SPECIALIST': 4019, 'SWITCHING_GL': 0}
avg_radial_distance: 47.068838216705835
max_radial_distance: 79.05061669588669
min_radial_distance: 0.0
std_dev_radial_distance: 16.896531560907025
median_radial_distance: 49.56813492557492
frontier_lag_G_to_L: (details in files)
frontier_traits: (details in files)
overall_radial_expansion_velocity: 0.3865928294416027
config_exp_name: TradeoffSlope_S10_BetHedging0.5_W40_Rep1

2025-05-27 19:47:41,257 - sim.TradeoffSlope_S10_BetHedging0.5_W40_Rep1.MetricsCollector - INFO - metrics:242 - Time series data exported to results\TradeoffSlope_S10_BetHedging0.5_W40_Rep1\time_series_data.csv
2025-05-27 19:47:41,258 - sim.TradeoffSlope_S10_BetHedging0.5_W40_Rep1.MetricsCollector - INFO - metrics:267 - Summary data exported to results\TradeoffSlope_S10_BetHedging0.5_W40_Rep1\summary.json
2025-05-27 19:47:41,258 - sim.TradeoffSlope_S10_BetHedging0.5_W40_Rep1.MetricsCollector - INFO - metrics:275 - No kymograph data to export.
2025-05-27 19:47:41,259 - sim.TradeoffSlope_S10_BetHedging0.5_W40_Rep1.MetricsCollector - INFO - metrics:316 - All data export finalized for TradeoffSlope_S10_BetHedging0.5_W40_Rep1.
2025-05-27 19:47:41,259 - sim.TradeoffSlope_S10_BetHedging0.5_W40_Rep1 - INFO - simulation_engine:276 - Simulation fully complete.
