2025-05-27 19:45:52,975 - sim.TradeoffSlope_S10_ResponsiveHG_W40_Rep2 - INFO - simulation_engine:37 - Initializing SimulationEngine for experiment: TradeoffSlope_S10_ResponsiveHG_W40_Rep2
2025-05-27 19:45:52,975 - sim.TradeoffSlope_S10_ResponsiveHG_W40_Rep2 - INFO - simulation_engine:70 - Visualization disabled.
2025-05-27 19:45:52,975 - sim.TradeoffSlope_S10_ResponsiveHG_W40_Rep2 - INFO - simulation_engine:202 - Starting simulation: TradeoffSlope_S10_ResponsiveHG_W40_Rep2
2025-05-27 19:45:52,975 - sim.TradeoffSlope_S10_ResponsiveHG_W40_Rep2 - INFO - simulation_engine:204 - Colony initialized: 5 cells.
2025-05-27 19:45:52,976 - sim.TradeoffSlope_S10_ResponsiveHG_W40_Rep2.MetricsCollector - INFO - metrics:177 - Metrics @ T=0.00: Cells=5, MaxR=1.73, Pheno={'G_SPECIALIST': 5, 'L_SPECIALIST': 0, 'SWITCHING_GL': 0}
2025-05-27 19:45:52,985 - sim.TradeoffSlope_S10_ResponsiveHG_W40_Rep2.MetricsCollector - INFO - metrics:177 - Metrics @ T=1.00: Cells=9, MaxR=3.46, Pheno={'G_SPECIALIST': 9, 'L_SPECIALIST': 0, 'SWITCHING_GL': 0}
2025-05-27 19:45:52,986 - sim.TradeoffSlope_S10_ResponsiveHG_W40_Rep2.MetricsCollector - INFO - metrics:177 - Metrics @ T=2.00: Cells=9, MaxR=3.46, Pheno={'G_SPECIALIST': 9, 'L_SPECIALIST': 0, 'SWITCHING_GL': 0}
2025-05-27 19:45:52,987 - sim.TradeoffSlope_S10_ResponsiveHG_W40_Rep2.MetricsCollector - INFO - metrics:177 - Metrics @ T=3.00: Cells=14, MaxR=5.20, Pheno={'G_SPECIALIST': 14, 'L_SPECIALIST': 0, 'SWITCHING_GL': 0}
2025-05-27 19:45:52,989 - sim.TradeoffSlope_S10_ResponsiveHG_W40_Rep2.MetricsCollector - INFO - metrics:177 - Metrics @ T=4.00: Cells=19, MaxR=5.20, Pheno={'G_SPECIALIST': 19, 'L_SPECIALIST': 0, 'SWITCHING_GL': 0}
2025-05-27 19:45:52,991 - sim.TradeoffSlope_S10_ResponsiveHG_W40_Rep2.MetricsCollector - INFO - metrics:177 - Metrics @ T=5.00: Cells=20, MaxR=5.20, Pheno={'G_SPECIALIST': 20, 'L_SPECIALIST': 0, 'SWITCHING_GL': 0}
2025-05-27 19:45:52,992 - sim.TradeoffSlope_S10_ResponsiveHG_W40_Rep2.MetricsCollector - INFO - metrics:177 - Metrics @ T=6.00: Cells=23, MaxR=5.20, Pheno={'G_SPECIALIST': 23, 'L_SPECIALIST': 0, 'SWITCHING_GL': 0}
2025-05-27 19:45:52,994 - sim.TradeoffSlope_S10_ResponsiveHG_W40_Rep2.MetricsCollector - INFO - metrics:177 - Metrics @ T=7.00: Cells=27, MaxR=6.93, Pheno={'G_SPECIALIST': 27, 'L_SPECIALIST': 0, 'SWITCHING_GL': 0}
2025-05-27 19:45:52,996 - sim.TradeoffSlope_S10_ResponsiveHG_W40_Rep2.MetricsCollector - INFO - metrics:177 - Metrics @ T=8.00: Cells=31, MaxR=8.66, Pheno={'G_SPECIALIST': 31, 'L_SPECIALIST': 0, 'SWITCHING_GL': 0}
2025-05-27 19:45:52,999 - sim.TradeoffSlope_S10_ResponsiveHG_W40_Rep2.MetricsCollector - INFO - metrics:177 - Metrics @ T=9.00: Cells=38, MaxR=10.39, Pheno={'G_SPECIALIST': 38, 'L_SPECIALIST': 0, 'SWITCHING_GL': 0}
2025-05-27 19:45:53,002 - sim.TradeoffSlope_S10_ResponsiveHG_W40_Rep2 - INFO - simulation_engine:218 - Progress: T=10.00, Cells=45
2025-05-27 19:45:53,003 - sim.TradeoffSlope_S10_ResponsiveHG_W40_Rep2.MetricsCollector - INFO - metrics:177 - Metrics @ T=10.00: Cells=45, MaxR=10.39, Pheno={'G_SPECIALIST': 45, 'L_SPECIALIST': 0, 'SWITCHING_GL': 0}
2025-05-27 19:45:53,006 - sim.TradeoffSlope_S10_ResponsiveHG_W40_Rep2.MetricsCollector - INFO - metrics:177 - Metrics @ T=11.00: Cells=52, MaxR=10.39, Pheno={'G_SPECIALIST': 52, 'L_SPECIALIST': 0, 'SWITCHING_GL': 0}
2025-05-27 19:45:53,010 - sim.TradeoffSlope_S10_ResponsiveHG_W40_Rep2.MetricsCollector - INFO - metrics:177 - Metrics @ T=12.00: Cells=59, MaxR=10.39, Pheno={'G_SPECIALIST': 59, 'L_SPECIALIST': 0, 'SWITCHING_GL': 0}
2025-05-27 19:45:53,015 - sim.TradeoffSlope_S10_ResponsiveHG_W40_Rep2.MetricsCollector - INFO - metrics:177 - Metrics @ T=13.00: Cells=69, MaxR=10.39, Pheno={'G_SPECIALIST': 69, 'L_SPECIALIST': 0, 'SWITCHING_GL': 0}
2025-05-27 19:45:53,021 - sim.TradeoffSlope_S10_ResponsiveHG_W40_Rep2.MetricsCollector - INFO - metrics:177 - Metrics @ T=14.00: Cells=75, MaxR=10.54, Pheno={'G_SPECIALIST': 75, 'L_SPECIALIST': 0, 'SWITCHING_GL': 0}
2025-05-27 19:45:53,027 - sim.TradeoffSlope_S10_ResponsiveHG_W40_Rep2.MetricsCollector - INFO - metrics:177 - Metrics @ T=15.00: Cells=85, MaxR=11.36, Pheno={'G_SPECIALIST': 85, 'L_SPECIALIST': 0, 'SWITCHING_GL': 0}
2025-05-27 19:45:53,033 - sim.TradeoffSlope_S10_ResponsiveHG_W40_Rep2.MetricsCollector - INFO - metrics:177 - Metrics @ T=16.00: Cells=103, MaxR=14.18, Pheno={'G_SPECIALIST': 103, 'L_SPECIALIST': 0, 'SWITCHING_GL': 0}
2025-05-27 19:45:53,041 - sim.TradeoffSlope_S10_ResponsiveHG_W40_Rep2.MetricsCollector - INFO - metrics:177 - Metrics @ T=17.00: Cells=116, MaxR=15.10, Pheno={'G_SPECIALIST': 116, 'L_SPECIALIST': 0, 'SWITCHING_GL': 0}
2025-05-27 19:45:53,049 - sim.TradeoffSlope_S10_ResponsiveHG_W40_Rep2.MetricsCollector - INFO - metrics:177 - Metrics @ T=18.00: Cells=125, MaxR=16.70, Pheno={'G_SPECIALIST': 125, 'L_SPECIALIST': 0, 'SWITCHING_GL': 0}
2025-05-27 19:45:53,059 - sim.TradeoffSlope_S10_ResponsiveHG_W40_Rep2.MetricsCollector - INFO - metrics:177 - Metrics @ T=19.00: Cells=148, MaxR=16.70, Pheno={'G_SPECIALIST': 148, 'L_SPECIALIST': 0, 'SWITCHING_GL': 0}
2025-05-27 19:45:53,067 - sim.TradeoffSlope_S10_ResponsiveHG_W40_Rep2 - INFO - simulation_engine:218 - Progress: T=20.00, Cells=158
2025-05-27 19:45:53,069 - sim.TradeoffSlope_S10_ResponsiveHG_W40_Rep2.MetricsCollector - INFO - metrics:177 - Metrics @ T=20.00: Cells=160, MaxR=17.32, Pheno={'G_SPECIALIST': 160, 'L_SPECIALIST': 0, 'SWITCHING_GL': 0}
2025-05-27 19:45:53,080 - sim.TradeoffSlope_S10_ResponsiveHG_W40_Rep2.MetricsCollector - INFO - metrics:177 - Metrics @ T=21.00: Cells=173, MaxR=17.32, Pheno={'G_SPECIALIST': 173, 'L_SPECIALIST': 0, 'SWITCHING_GL': 0}
2025-05-27 19:45:53,092 - sim.TradeoffSlope_S10_ResponsiveHG_W40_Rep2.MetricsCollector - INFO - metrics:177 - Metrics @ T=22.00: Cells=184, MaxR=19.05, Pheno={'G_SPECIALIST': 184, 'L_SPECIALIST': 0, 'SWITCHING_GL': 0}
2025-05-27 19:45:53,105 - sim.TradeoffSlope_S10_ResponsiveHG_W40_Rep2.MetricsCollector - INFO - metrics:177 - Metrics @ T=23.00: Cells=201, MaxR=19.05, Pheno={'G_SPECIALIST': 201, 'L_SPECIALIST': 0, 'SWITCHING_GL': 0}
2025-05-27 19:45:53,118 - sim.TradeoffSlope_S10_ResponsiveHG_W40_Rep2.MetricsCollector - INFO - metrics:177 - Metrics @ T=24.00: Cells=222, MaxR=21.07, Pheno={'G_SPECIALIST': 222, 'L_SPECIALIST': 0, 'SWITCHING_GL': 0}
2025-05-27 19:45:53,135 - sim.TradeoffSlope_S10_ResponsiveHG_W40_Rep2.MetricsCollector - INFO - metrics:177 - Metrics @ T=25.00: Cells=247, MaxR=21.07, Pheno={'G_SPECIALIST': 247, 'L_SPECIALIST': 0, 'SWITCHING_GL': 0}
2025-05-27 19:45:53,151 - sim.TradeoffSlope_S10_ResponsiveHG_W40_Rep2.MetricsCollector - INFO - metrics:177 - Metrics @ T=26.00: Cells=260, MaxR=21.07, Pheno={'G_SPECIALIST': 260, 'L_SPECIALIST': 0, 'SWITCHING_GL': 0}
2025-05-27 19:45:53,169 - sim.TradeoffSlope_S10_ResponsiveHG_W40_Rep2.MetricsCollector - INFO - metrics:177 - Metrics @ T=27.00: Cells=284, MaxR=21.07, Pheno={'G_SPECIALIST': 284, 'L_SPECIALIST': 0, 'SWITCHING_GL': 0}
2025-05-27 19:45:53,188 - sim.TradeoffSlope_S10_ResponsiveHG_W40_Rep2.MetricsCollector - INFO - metrics:177 - Metrics @ T=28.00: Cells=296, MaxR=21.07, Pheno={'G_SPECIALIST': 296, 'L_SPECIALIST': 0, 'SWITCHING_GL': 0}
2025-05-27 19:45:53,207 - sim.TradeoffSlope_S10_ResponsiveHG_W40_Rep2.MetricsCollector - INFO - metrics:177 - Metrics @ T=29.00: Cells=316, MaxR=21.63, Pheno={'G_SPECIALIST': 316, 'L_SPECIALIST': 0, 'SWITCHING_GL': 0}
2025-05-27 19:45:53,225 - sim.TradeoffSlope_S10_ResponsiveHG_W40_Rep2 - INFO - simulation_engine:218 - Progress: T=30.00, Cells=342
2025-05-27 19:45:53,229 - sim.TradeoffSlope_S10_ResponsiveHG_W40_Rep2.MetricsCollector - INFO - metrics:177 - Metrics @ T=30.00: Cells=343, MaxR=26.15, Pheno={'G_SPECIALIST': 343, 'L_SPECIALIST': 0, 'SWITCHING_GL': 0}
2025-05-27 19:45:53,252 - sim.TradeoffSlope_S10_ResponsiveHG_W40_Rep2.MetricsCollector - INFO - metrics:177 - Metrics @ T=31.00: Cells=372, MaxR=26.15, Pheno={'G_SPECIALIST': 372, 'L_SPECIALIST': 0, 'SWITCHING_GL': 0}
2025-05-27 19:45:53,279 - sim.TradeoffSlope_S10_ResponsiveHG_W40_Rep2.MetricsCollector - INFO - metrics:177 - Metrics @ T=32.00: Cells=405, MaxR=26.66, Pheno={'G_SPECIALIST': 405, 'L_SPECIALIST': 0, 'SWITCHING_GL': 0}
2025-05-27 19:45:53,312 - sim.TradeoffSlope_S10_ResponsiveHG_W40_Rep2.MetricsCollector - INFO - metrics:177 - Metrics @ T=33.00: Cells=429, MaxR=26.66, Pheno={'G_SPECIALIST': 429, 'L_SPECIALIST': 0, 'SWITCHING_GL': 0}
2025-05-27 19:45:53,341 - sim.TradeoffSlope_S10_ResponsiveHG_W40_Rep2.MetricsCollector - INFO - metrics:177 - Metrics @ T=34.00: Cells=463, MaxR=28.35, Pheno={'G_SPECIALIST': 463, 'L_SPECIALIST': 0, 'SWITCHING_GL': 0}
2025-05-27 19:45:53,373 - sim.TradeoffSlope_S10_ResponsiveHG_W40_Rep2.MetricsCollector - INFO - metrics:177 - Metrics @ T=35.00: Cells=505, MaxR=29.55, Pheno={'G_SPECIALIST': 505, 'L_SPECIALIST': 0, 'SWITCHING_GL': 0}
2025-05-27 19:45:53,411 - sim.TradeoffSlope_S10_ResponsiveHG_W40_Rep2.MetricsCollector - INFO - metrics:177 - Metrics @ T=36.00: Cells=542, MaxR=29.55, Pheno={'G_SPECIALIST': 542, 'L_SPECIALIST': 0, 'SWITCHING_GL': 0}
2025-05-27 19:45:53,448 - sim.TradeoffSlope_S10_ResponsiveHG_W40_Rep2.MetricsCollector - INFO - metrics:177 - Metrics @ T=37.00: Cells=589, MaxR=32.36, Pheno={'G_SPECIALIST': 589, 'L_SPECIALIST': 0, 'SWITCHING_GL': 0}
2025-05-27 19:45:53,488 - sim.TradeoffSlope_S10_ResponsiveHG_W40_Rep2.MetricsCollector - INFO - metrics:177 - Metrics @ T=38.00: Cells=625, MaxR=32.91, Pheno={'G_SPECIALIST': 625, 'L_SPECIALIST': 0, 'SWITCHING_GL': 0}
2025-05-27 19:45:53,534 - sim.TradeoffSlope_S10_ResponsiveHG_W40_Rep2.MetricsCollector - INFO - metrics:177 - Metrics @ T=39.00: Cells=663, MaxR=32.91, Pheno={'G_SPECIALIST': 663, 'L_SPECIALIST': 0, 'SWITCHING_GL': 0}
2025-05-27 19:45:53,571 - sim.TradeoffSlope_S10_ResponsiveHG_W40_Rep2 - INFO - simulation_engine:218 - Progress: T=40.00, Cells=694
2025-05-27 19:45:53,578 - sim.TradeoffSlope_S10_ResponsiveHG_W40_Rep2.MetricsCollector - INFO - metrics:177 - Metrics @ T=40.00: Cells=699, MaxR=33.45, Pheno={'G_SPECIALIST': 699, 'L_SPECIALIST': 0, 'SWITCHING_GL': 0}
2025-05-27 19:45:53,625 - sim.TradeoffSlope_S10_ResponsiveHG_W40_Rep2.MetricsCollector - INFO - metrics:177 - Metrics @ T=41.00: Cells=732, MaxR=33.45, Pheno={'G_SPECIALIST': 732, 'L_SPECIALIST': 0, 'SWITCHING_GL': 0}
2025-05-27 19:45:53,673 - sim.TradeoffSlope_S10_ResponsiveHG_W40_Rep2.MetricsCollector - INFO - metrics:177 - Metrics @ T=42.00: Cells=770, MaxR=36.29, Pheno={'G_SPECIALIST': 770, 'L_SPECIALIST': 0, 'SWITCHING_GL': 0}
2025-05-27 19:45:53,722 - sim.TradeoffSlope_S10_ResponsiveHG_W40_Rep2.MetricsCollector - INFO - metrics:177 - Metrics @ T=43.00: Cells=802, MaxR=37.47, Pheno={'G_SPECIALIST': 802, 'L_SPECIALIST': 0, 'SWITCHING_GL': 0}
2025-05-27 19:45:53,774 - sim.TradeoffSlope_S10_ResponsiveHG_W40_Rep2.MetricsCollector - INFO - metrics:177 - Metrics @ T=44.00: Cells=840, MaxR=38.57, Pheno={'G_SPECIALIST': 840, 'L_SPECIALIST': 0, 'SWITCHING_GL': 0}
2025-05-27 19:45:53,832 - sim.TradeoffSlope_S10_ResponsiveHG_W40_Rep2.MetricsCollector - INFO - metrics:177 - Metrics @ T=45.00: Cells=884, MaxR=39.15, Pheno={'G_SPECIALIST': 884, 'L_SPECIALIST': 0, 'SWITCHING_GL': 0}
2025-05-27 19:45:53,898 - sim.TradeoffSlope_S10_ResponsiveHG_W40_Rep2.MetricsCollector - INFO - metrics:177 - Metrics @ T=46.00: Cells=933, MaxR=40.84, Pheno={'G_SPECIALIST': 932, 'SWITCHING_GL': 1, 'L_SPECIALIST': 0}
2025-05-27 19:45:53,965 - sim.TradeoffSlope_S10_ResponsiveHG_W40_Rep2.MetricsCollector - INFO - metrics:177 - Metrics @ T=47.00: Cells=977, MaxR=40.84, Pheno={'G_SPECIALIST': 975, 'SWITCHING_GL': 2, 'L_SPECIALIST': 0}
2025-05-27 19:45:54,032 - sim.TradeoffSlope_S10_ResponsiveHG_W40_Rep2.MetricsCollector - INFO - metrics:177 - Metrics @ T=48.00: Cells=1025, MaxR=40.84, Pheno={'G_SPECIALIST': 1022, 'SWITCHING_GL': 3, 'L_SPECIALIST': 0}
2025-05-27 19:45:54,101 - sim.TradeoffSlope_S10_ResponsiveHG_W40_Rep2.MetricsCollector - INFO - metrics:177 - Metrics @ T=49.00: Cells=1066, MaxR=41.39, Pheno={'G_SPECIALIST': 1062, 'SWITCHING_GL': 4, 'L_SPECIALIST': 0}
2025-05-27 19:45:54,162 - sim.TradeoffSlope_S10_ResponsiveHG_W40_Rep2 - INFO - simulation_engine:218 - Progress: T=50.00, Cells=1100
2025-05-27 19:45:54,173 - sim.TradeoffSlope_S10_ResponsiveHG_W40_Rep2.MetricsCollector - INFO - metrics:177 - Metrics @ T=50.00: Cells=1107, MaxR=41.39, Pheno={'G_SPECIALIST': 1103, 'SWITCHING_GL': 4, 'L_SPECIALIST': 0}
2025-05-27 19:45:54,247 - sim.TradeoffSlope_S10_ResponsiveHG_W40_Rep2.MetricsCollector - INFO - metrics:177 - Metrics @ T=51.00: Cells=1151, MaxR=41.39, Pheno={'G_SPECIALIST': 1147, 'SWITCHING_GL': 4, 'L_SPECIALIST': 0}
2025-05-27 19:45:54,324 - sim.TradeoffSlope_S10_ResponsiveHG_W40_Rep2.MetricsCollector - INFO - metrics:177 - Metrics @ T=52.00: Cells=1203, MaxR=41.39, Pheno={'G_SPECIALIST': 1199, 'SWITCHING_GL': 4, 'L_SPECIALIST': 0}
2025-05-27 19:45:54,404 - sim.TradeoffSlope_S10_ResponsiveHG_W40_Rep2.MetricsCollector - INFO - metrics:177 - Metrics @ T=53.00: Cells=1257, MaxR=41.39, Pheno={'G_SPECIALIST': 1253, 'SWITCHING_GL': 4, 'L_SPECIALIST': 0}
2025-05-27 19:45:54,485 - sim.TradeoffSlope_S10_ResponsiveHG_W40_Rep2.MetricsCollector - INFO - metrics:177 - Metrics @ T=54.00: Cells=1301, MaxR=41.39, Pheno={'G_SPECIALIST': 1294, 'SWITCHING_GL': 6, 'L_SPECIALIST': 1}
2025-05-27 19:45:54,570 - sim.TradeoffSlope_S10_ResponsiveHG_W40_Rep2.MetricsCollector - INFO - metrics:177 - Metrics @ T=55.00: Cells=1357, MaxR=41.39, Pheno={'G_SPECIALIST': 1347, 'SWITCHING_GL': 9, 'L_SPECIALIST': 1}
2025-05-27 19:45:54,660 - sim.TradeoffSlope_S10_ResponsiveHG_W40_Rep2.MetricsCollector - INFO - metrics:177 - Metrics @ T=56.00: Cells=1416, MaxR=41.68, Pheno={'G_SPECIALIST': 1404, 'SWITCHING_GL': 11, 'L_SPECIALIST': 1}
2025-05-27 19:45:54,753 - sim.TradeoffSlope_S10_ResponsiveHG_W40_Rep2.MetricsCollector - INFO - metrics:177 - Metrics @ T=57.00: Cells=1460, MaxR=41.68, Pheno={'G_SPECIALIST': 1445, 'SWITCHING_GL': 14, 'L_SPECIALIST': 1}
2025-05-27 19:45:54,852 - sim.TradeoffSlope_S10_ResponsiveHG_W40_Rep2.MetricsCollector - INFO - metrics:177 - Metrics @ T=58.00: Cells=1518, MaxR=41.68, Pheno={'G_SPECIALIST': 1497, 'SWITCHING_GL': 20, 'L_SPECIALIST': 1}
2025-05-27 19:45:54,950 - sim.TradeoffSlope_S10_ResponsiveHG_W40_Rep2.MetricsCollector - INFO - metrics:177 - Metrics @ T=59.00: Cells=1565, MaxR=42.57, Pheno={'G_SPECIALIST': 1540, 'SWITCHING_GL': 22, 'L_SPECIALIST': 3}
2025-05-27 19:45:55,035 - sim.TradeoffSlope_S10_ResponsiveHG_W40_Rep2 - INFO - simulation_engine:218 - Progress: T=60.00, Cells=1608
2025-05-27 19:45:55,053 - sim.TradeoffSlope_S10_ResponsiveHG_W40_Rep2.MetricsCollector - INFO - metrics:177 - Metrics @ T=60.00: Cells=1615, MaxR=42.57, Pheno={'G_SPECIALIST': 1583, 'SWITCHING_GL': 27, 'L_SPECIALIST': 5}
2025-05-27 19:45:55,160 - sim.TradeoffSlope_S10_ResponsiveHG_W40_Rep2.MetricsCollector - INFO - metrics:177 - Metrics @ T=61.00: Cells=1671, MaxR=42.67, Pheno={'G_SPECIALIST': 1633, 'SWITCHING_GL': 29, 'L_SPECIALIST': 9}
2025-05-27 19:45:55,267 - sim.TradeoffSlope_S10_ResponsiveHG_W40_Rep2.MetricsCollector - INFO - metrics:177 - Metrics @ T=62.00: Cells=1729, MaxR=42.67, Pheno={'G_SPECIALIST': 1678, 'SWITCHING_GL': 40, 'L_SPECIALIST': 11}
2025-05-27 19:45:55,378 - sim.TradeoffSlope_S10_ResponsiveHG_W40_Rep2.MetricsCollector - INFO - metrics:177 - Metrics @ T=63.00: Cells=1783, MaxR=43.41, Pheno={'G_SPECIALIST': 1723, 'SWITCHING_GL': 46, 'L_SPECIALIST': 14}
2025-05-27 19:45:55,492 - sim.TradeoffSlope_S10_ResponsiveHG_W40_Rep2.MetricsCollector - INFO - metrics:177 - Metrics @ T=64.00: Cells=1824, MaxR=43.92, Pheno={'G_SPECIALIST': 1754, 'SWITCHING_GL': 50, 'L_SPECIALIST': 20}
2025-05-27 19:45:55,609 - sim.TradeoffSlope_S10_ResponsiveHG_W40_Rep2.MetricsCollector - INFO - metrics:177 - Metrics @ T=65.00: Cells=1867, MaxR=43.92, Pheno={'G_SPECIALIST': 1790, 'SWITCHING_GL': 52, 'L_SPECIALIST': 25}
2025-05-27 19:45:55,727 - sim.TradeoffSlope_S10_ResponsiveHG_W40_Rep2.MetricsCollector - INFO - metrics:177 - Metrics @ T=66.00: Cells=1894, MaxR=43.92, Pheno={'G_SPECIALIST': 1808, 'SWITCHING_GL': 53, 'L_SPECIALIST': 33}
2025-05-27 19:45:55,847 - sim.TradeoffSlope_S10_ResponsiveHG_W40_Rep2.MetricsCollector - INFO - metrics:177 - Metrics @ T=67.00: Cells=1913, MaxR=44.40, Pheno={'G_SPECIALIST': 1816, 'L_SPECIALIST': 46, 'SWITCHING_GL': 51}
2025-05-27 19:45:55,969 - sim.TradeoffSlope_S10_ResponsiveHG_W40_Rep2.MetricsCollector - INFO - metrics:177 - Metrics @ T=68.00: Cells=1941, MaxR=44.40, Pheno={'G_SPECIALIST': 1838, 'L_SPECIALIST': 51, 'SWITCHING_GL': 52}
2025-05-27 19:45:56,094 - sim.TradeoffSlope_S10_ResponsiveHG_W40_Rep2.MetricsCollector - INFO - metrics:177 - Metrics @ T=69.00: Cells=1980, MaxR=44.40, Pheno={'G_SPECIALIST': 1864, 'L_SPECIALIST': 61, 'SWITCHING_GL': 55}
2025-05-27 19:45:56,199 - sim.TradeoffSlope_S10_ResponsiveHG_W40_Rep2 - INFO - simulation_engine:218 - Progress: T=70.00, Cells=2017
2025-05-27 19:45:56,220 - sim.TradeoffSlope_S10_ResponsiveHG_W40_Rep2.MetricsCollector - INFO - metrics:177 - Metrics @ T=70.00: Cells=2021, MaxR=45.43, Pheno={'G_SPECIALIST': 1892, 'L_SPECIALIST': 68, 'SWITCHING_GL': 61}
2025-05-27 19:45:56,352 - sim.TradeoffSlope_S10_ResponsiveHG_W40_Rep2.MetricsCollector - INFO - metrics:177 - Metrics @ T=71.00: Cells=2049, MaxR=45.92, Pheno={'G_SPECIALIST': 1901, 'L_SPECIALIST': 80, 'SWITCHING_GL': 68}
2025-05-27 19:45:56,479 - sim.TradeoffSlope_S10_ResponsiveHG_W40_Rep2.MetricsCollector - INFO - metrics:177 - Metrics @ T=72.00: Cells=2072, MaxR=47.15, Pheno={'G_SPECIALIST': 1912, 'L_SPECIALIST': 88, 'SWITCHING_GL': 72}
2025-05-27 19:45:56,610 - sim.TradeoffSlope_S10_ResponsiveHG_W40_Rep2.MetricsCollector - INFO - metrics:177 - Metrics @ T=73.00: Cells=2090, MaxR=47.15, Pheno={'G_SPECIALIST': 1921, 'L_SPECIALIST': 96, 'SWITCHING_GL': 73}
2025-05-27 19:45:56,739 - sim.TradeoffSlope_S10_ResponsiveHG_W40_Rep2.MetricsCollector - INFO - metrics:177 - Metrics @ T=74.00: Cells=2111, MaxR=47.15, Pheno={'G_SPECIALIST': 1928, 'L_SPECIALIST': 106, 'SWITCHING_GL': 77}
2025-05-27 19:45:56,871 - sim.TradeoffSlope_S10_ResponsiveHG_W40_Rep2.MetricsCollector - INFO - metrics:177 - Metrics @ T=75.00: Cells=2130, MaxR=47.15, Pheno={'G_SPECIALIST': 1934, 'L_SPECIALIST': 120, 'SWITCHING_GL': 76}
2025-05-27 19:45:57,003 - sim.TradeoffSlope_S10_ResponsiveHG_W40_Rep2.MetricsCollector - INFO - metrics:177 - Metrics @ T=76.00: Cells=2144, MaxR=48.50, Pheno={'G_SPECIALIST': 1935, 'L_SPECIALIST': 132, 'SWITCHING_GL': 77}
2025-05-27 19:45:57,149 - sim.TradeoffSlope_S10_ResponsiveHG_W40_Rep2.MetricsCollector - INFO - metrics:177 - Metrics @ T=77.00: Cells=2164, MaxR=48.50, Pheno={'G_SPECIALIST': 1937, 'L_SPECIALIST': 149, 'SWITCHING_GL': 78}
2025-05-27 19:45:57,297 - sim.TradeoffSlope_S10_ResponsiveHG_W40_Rep2.MetricsCollector - INFO - metrics:177 - Metrics @ T=78.00: Cells=2183, MaxR=48.77, Pheno={'G_SPECIALIST': 1940, 'L_SPECIALIST': 169, 'SWITCHING_GL': 74}
2025-05-27 19:45:57,436 - sim.TradeoffSlope_S10_ResponsiveHG_W40_Rep2.MetricsCollector - INFO - metrics:177 - Metrics @ T=79.00: Cells=2202, MaxR=49.87, Pheno={'G_SPECIALIST': 1943, 'L_SPECIALIST': 189, 'SWITCHING_GL': 70}
2025-05-27 19:45:57,552 - sim.TradeoffSlope_S10_ResponsiveHG_W40_Rep2 - INFO - simulation_engine:218 - Progress: T=80.00, Cells=2220
2025-05-27 19:45:57,575 - sim.TradeoffSlope_S10_ResponsiveHG_W40_Rep2.MetricsCollector - INFO - metrics:177 - Metrics @ T=80.00: Cells=2224, MaxR=49.87, Pheno={'G_SPECIALIST': 1945, 'L_SPECIALIST': 210, 'SWITCHING_GL': 69}
2025-05-27 19:45:57,715 - sim.TradeoffSlope_S10_ResponsiveHG_W40_Rep2.MetricsCollector - INFO - metrics:177 - Metrics @ T=81.00: Cells=2241, MaxR=49.87, Pheno={'G_SPECIALIST': 1945, 'L_SPECIALIST': 233, 'SWITCHING_GL': 63}
2025-05-27 19:45:57,857 - sim.TradeoffSlope_S10_ResponsiveHG_W40_Rep2.MetricsCollector - INFO - metrics:177 - Metrics @ T=82.00: Cells=2261, MaxR=49.87, Pheno={'G_SPECIALIST': 1945, 'L_SPECIALIST': 251, 'SWITCHING_GL': 65}
2025-05-27 19:45:57,999 - sim.TradeoffSlope_S10_ResponsiveHG_W40_Rep2.MetricsCollector - INFO - metrics:177 - Metrics @ T=83.00: Cells=2280, MaxR=49.87, Pheno={'G_SPECIALIST': 1945, 'L_SPECIALIST': 272, 'SWITCHING_GL': 63}
2025-05-27 19:45:58,145 - sim.TradeoffSlope_S10_ResponsiveHG_W40_Rep2.MetricsCollector - INFO - metrics:177 - Metrics @ T=84.00: Cells=2296, MaxR=49.87, Pheno={'G_SPECIALIST': 1945, 'L_SPECIALIST': 294, 'SWITCHING_GL': 57}
2025-05-27 19:45:58,289 - sim.TradeoffSlope_S10_ResponsiveHG_W40_Rep2.MetricsCollector - INFO - metrics:177 - Metrics @ T=85.00: Cells=2312, MaxR=50.11, Pheno={'G_SPECIALIST': 1945, 'L_SPECIALIST': 315, 'SWITCHING_GL': 52}
2025-05-27 19:45:58,439 - sim.TradeoffSlope_S10_ResponsiveHG_W40_Rep2.MetricsCollector - INFO - metrics:177 - Metrics @ T=86.00: Cells=2336, MaxR=50.76, Pheno={'G_SPECIALIST': 1945, 'L_SPECIALIST': 344, 'SWITCHING_GL': 47}
2025-05-27 19:45:58,587 - sim.TradeoffSlope_S10_ResponsiveHG_W40_Rep2.MetricsCollector - INFO - metrics:177 - Metrics @ T=87.00: Cells=2360, MaxR=50.76, Pheno={'G_SPECIALIST': 1945, 'L_SPECIALIST': 370, 'SWITCHING_GL': 45}
2025-05-27 19:45:58,737 - sim.TradeoffSlope_S10_ResponsiveHG_W40_Rep2.MetricsCollector - INFO - metrics:177 - Metrics @ T=88.00: Cells=2389, MaxR=50.76, Pheno={'G_SPECIALIST': 1945, 'L_SPECIALIST': 404, 'SWITCHING_GL': 40}
2025-05-27 19:45:58,889 - sim.TradeoffSlope_S10_ResponsiveHG_W40_Rep2.MetricsCollector - INFO - metrics:177 - Metrics @ T=89.00: Cells=2405, MaxR=50.76, Pheno={'G_SPECIALIST': 1945, 'L_SPECIALIST': 421, 'SWITCHING_GL': 39}
2025-05-27 19:45:59,018 - sim.TradeoffSlope_S10_ResponsiveHG_W40_Rep2 - INFO - simulation_engine:218 - Progress: T=90.00, Cells=2430
2025-05-27 19:45:59,044 - sim.TradeoffSlope_S10_ResponsiveHG_W40_Rep2.MetricsCollector - INFO - metrics:177 - Metrics @ T=90.00: Cells=2431, MaxR=50.76, Pheno={'G_SPECIALIST': 1945, 'L_SPECIALIST': 451, 'SWITCHING_GL': 35}
2025-05-27 19:45:59,201 - sim.TradeoffSlope_S10_ResponsiveHG_W40_Rep2.MetricsCollector - INFO - metrics:177 - Metrics @ T=91.00: Cells=2460, MaxR=50.76, Pheno={'G_SPECIALIST': 1945, 'L_SPECIALIST': 482, 'SWITCHING_GL': 33}
2025-05-27 19:45:59,356 - sim.TradeoffSlope_S10_ResponsiveHG_W40_Rep2.MetricsCollector - INFO - metrics:177 - Metrics @ T=92.00: Cells=2498, MaxR=51.12, Pheno={'G_SPECIALIST': 1945, 'L_SPECIALIST': 526, 'SWITCHING_GL': 27}
2025-05-27 19:45:59,514 - sim.TradeoffSlope_S10_ResponsiveHG_W40_Rep2.MetricsCollector - INFO - metrics:177 - Metrics @ T=93.00: Cells=2530, MaxR=51.26, Pheno={'G_SPECIALIST': 1945, 'L_SPECIALIST': 564, 'SWITCHING_GL': 21}
2025-05-27 19:45:59,677 - sim.TradeoffSlope_S10_ResponsiveHG_W40_Rep2.MetricsCollector - INFO - metrics:177 - Metrics @ T=94.00: Cells=2555, MaxR=51.26, Pheno={'G_SPECIALIST': 1945, 'L_SPECIALIST': 590, 'SWITCHING_GL': 20}
2025-05-27 19:45:59,839 - sim.TradeoffSlope_S10_ResponsiveHG_W40_Rep2.MetricsCollector - INFO - metrics:177 - Metrics @ T=95.00: Cells=2585, MaxR=52.42, Pheno={'G_SPECIALIST': 1945, 'L_SPECIALIST': 623, 'SWITCHING_GL': 17}
2025-05-27 19:46:00,002 - sim.TradeoffSlope_S10_ResponsiveHG_W40_Rep2.MetricsCollector - INFO - metrics:177 - Metrics @ T=96.00: Cells=2614, MaxR=53.69, Pheno={'G_SPECIALIST': 1945, 'L_SPECIALIST': 655, 'SWITCHING_GL': 14}
2025-05-27 19:46:00,169 - sim.TradeoffSlope_S10_ResponsiveHG_W40_Rep2.MetricsCollector - INFO - metrics:177 - Metrics @ T=97.00: Cells=2653, MaxR=54.08, Pheno={'G_SPECIALIST': 1945, 'L_SPECIALIST': 697, 'SWITCHING_GL': 11}
2025-05-27 19:46:00,338 - sim.TradeoffSlope_S10_ResponsiveHG_W40_Rep2.MetricsCollector - INFO - metrics:177 - Metrics @ T=98.00: Cells=2682, MaxR=54.08, Pheno={'G_SPECIALIST': 1945, 'L_SPECIALIST': 729, 'SWITCHING_GL': 8}
2025-05-27 19:46:00,508 - sim.TradeoffSlope_S10_ResponsiveHG_W40_Rep2.MetricsCollector - INFO - metrics:177 - Metrics @ T=99.00: Cells=2722, MaxR=54.08, Pheno={'G_SPECIALIST': 1945, 'L_SPECIALIST': 769, 'SWITCHING_GL': 8}
2025-05-27 19:46:00,653 - sim.TradeoffSlope_S10_ResponsiveHG_W40_Rep2 - INFO - simulation_engine:218 - Progress: T=100.00, Cells=2745
2025-05-27 19:46:00,681 - sim.TradeoffSlope_S10_ResponsiveHG_W40_Rep2.MetricsCollector - INFO - metrics:177 - Metrics @ T=100.00: Cells=2748, MaxR=54.08, Pheno={'G_SPECIALIST': 1945, 'L_SPECIALIST': 798, 'SWITCHING_GL': 5}
2025-05-27 19:46:00,857 - sim.TradeoffSlope_S10_ResponsiveHG_W40_Rep2.MetricsCollector - INFO - metrics:177 - Metrics @ T=101.00: Cells=2783, MaxR=54.08, Pheno={'G_SPECIALIST': 1945, 'L_SPECIALIST': 834, 'SWITCHING_GL': 4}
2025-05-27 19:46:01,033 - sim.TradeoffSlope_S10_ResponsiveHG_W40_Rep2.MetricsCollector - INFO - metrics:177 - Metrics @ T=102.00: Cells=2809, MaxR=54.08, Pheno={'G_SPECIALIST': 1945, 'L_SPECIALIST': 860, 'SWITCHING_GL': 4}
2025-05-27 19:46:01,213 - sim.TradeoffSlope_S10_ResponsiveHG_W40_Rep2.MetricsCollector - INFO - metrics:177 - Metrics @ T=103.00: Cells=2836, MaxR=54.99, Pheno={'G_SPECIALIST': 1945, 'L_SPECIALIST': 888, 'SWITCHING_GL': 3}
2025-05-27 19:46:01,394 - sim.TradeoffSlope_S10_ResponsiveHG_W40_Rep2.MetricsCollector - INFO - metrics:177 - Metrics @ T=104.00: Cells=2864, MaxR=54.99, Pheno={'G_SPECIALIST': 1945, 'L_SPECIALIST': 917, 'SWITCHING_GL': 2}
2025-05-27 19:46:01,573 - sim.TradeoffSlope_S10_ResponsiveHG_W40_Rep2.MetricsCollector - INFO - metrics:177 - Metrics @ T=105.00: Cells=2886, MaxR=54.99, Pheno={'G_SPECIALIST': 1945, 'L_SPECIALIST': 939, 'SWITCHING_GL': 2}
2025-05-27 19:46:01,754 - sim.TradeoffSlope_S10_ResponsiveHG_W40_Rep2.MetricsCollector - INFO - metrics:177 - Metrics @ T=106.00: Cells=2909, MaxR=56.63, Pheno={'G_SPECIALIST': 1945, 'L_SPECIALIST': 962, 'SWITCHING_GL': 2}
2025-05-27 19:46:01,937 - sim.TradeoffSlope_S10_ResponsiveHG_W40_Rep2.MetricsCollector - INFO - metrics:177 - Metrics @ T=107.00: Cells=2941, MaxR=56.63, Pheno={'G_SPECIALIST': 1945, 'L_SPECIALIST': 994, 'SWITCHING_GL': 2}
2025-05-27 19:46:02,124 - sim.TradeoffSlope_S10_ResponsiveHG_W40_Rep2.MetricsCollector - INFO - metrics:177 - Metrics @ T=108.00: Cells=2985, MaxR=56.63, Pheno={'G_SPECIALIST': 1945, 'L_SPECIALIST': 1039, 'SWITCHING_GL': 1}
2025-05-27 19:46:02,313 - sim.TradeoffSlope_S10_ResponsiveHG_W40_Rep2.MetricsCollector - INFO - metrics:177 - Metrics @ T=109.00: Cells=3022, MaxR=56.63, Pheno={'G_SPECIALIST': 1945, 'L_SPECIALIST': 1076, 'SWITCHING_GL': 1}
2025-05-27 19:46:02,472 - sim.TradeoffSlope_S10_ResponsiveHG_W40_Rep2 - INFO - simulation_engine:218 - Progress: T=110.00, Cells=3067
2025-05-27 19:46:02,505 - sim.TradeoffSlope_S10_ResponsiveHG_W40_Rep2.MetricsCollector - INFO - metrics:177 - Metrics @ T=110.00: Cells=3071, MaxR=56.63, Pheno={'G_SPECIALIST': 1945, 'L_SPECIALIST': 1126, 'SWITCHING_GL': 0}
2025-05-27 19:46:02,701 - sim.TradeoffSlope_S10_ResponsiveHG_W40_Rep2.MetricsCollector - INFO - metrics:177 - Metrics @ T=111.00: Cells=3104, MaxR=56.63, Pheno={'G_SPECIALIST': 1945, 'L_SPECIALIST': 1159, 'SWITCHING_GL': 0}
2025-05-27 19:46:02,895 - sim.TradeoffSlope_S10_ResponsiveHG_W40_Rep2.MetricsCollector - INFO - metrics:177 - Metrics @ T=112.00: Cells=3134, MaxR=56.63, Pheno={'G_SPECIALIST': 1945, 'L_SPECIALIST': 1189, 'SWITCHING_GL': 0}
2025-05-27 19:46:03,097 - sim.TradeoffSlope_S10_ResponsiveHG_W40_Rep2.MetricsCollector - INFO - metrics:177 - Metrics @ T=113.00: Cells=3168, MaxR=56.71, Pheno={'G_SPECIALIST': 1945, 'L_SPECIALIST': 1223, 'SWITCHING_GL': 0}
2025-05-27 19:46:03,293 - sim.TradeoffSlope_S10_ResponsiveHG_W40_Rep2.MetricsCollector - INFO - metrics:177 - Metrics @ T=114.00: Cells=3192, MaxR=56.71, Pheno={'G_SPECIALIST': 1945, 'L_SPECIALIST': 1247, 'SWITCHING_GL': 0}
2025-05-27 19:46:03,517 - sim.TradeoffSlope_S10_ResponsiveHG_W40_Rep2.MetricsCollector - INFO - metrics:177 - Metrics @ T=115.00: Cells=3216, MaxR=56.71, Pheno={'G_SPECIALIST': 1945, 'L_SPECIALIST': 1271, 'SWITCHING_GL': 0}
2025-05-27 19:46:03,719 - sim.TradeoffSlope_S10_ResponsiveHG_W40_Rep2.MetricsCollector - INFO - metrics:177 - Metrics @ T=116.00: Cells=3244, MaxR=56.71, Pheno={'G_SPECIALIST': 1945, 'L_SPECIALIST': 1299, 'SWITCHING_GL': 0}
2025-05-27 19:46:03,927 - sim.TradeoffSlope_S10_ResponsiveHG_W40_Rep2.MetricsCollector - INFO - metrics:177 - Metrics @ T=117.00: Cells=3270, MaxR=56.71, Pheno={'G_SPECIALIST': 1945, 'L_SPECIALIST': 1325, 'SWITCHING_GL': 0}
2025-05-27 19:46:04,136 - sim.TradeoffSlope_S10_ResponsiveHG_W40_Rep2.MetricsCollector - INFO - metrics:177 - Metrics @ T=118.00: Cells=3308, MaxR=57.89, Pheno={'G_SPECIALIST': 1945, 'L_SPECIALIST': 1363, 'SWITCHING_GL': 0}
2025-05-27 19:46:04,351 - sim.TradeoffSlope_S10_ResponsiveHG_W40_Rep2.MetricsCollector - INFO - metrics:177 - Metrics @ T=119.00: Cells=3343, MaxR=58.04, Pheno={'G_SPECIALIST': 1945, 'L_SPECIALIST': 1398, 'SWITCHING_GL': 0}
2025-05-27 19:46:04,540 - sim.TradeoffSlope_S10_ResponsiveHG_W40_Rep2 - INFO - simulation_engine:218 - Progress: T=120.00, Cells=3364
2025-05-27 19:46:04,575 - sim.TradeoffSlope_S10_ResponsiveHG_W40_Rep2.MetricsCollector - INFO - metrics:177 - Metrics @ T=120.00: Cells=3373, MaxR=58.56, Pheno={'G_SPECIALIST': 1945, 'L_SPECIALIST': 1428, 'SWITCHING_GL': 0}
2025-05-27 19:46:04,797 - sim.TradeoffSlope_S10_ResponsiveHG_W40_Rep2.MetricsCollector - INFO - metrics:177 - Metrics @ T=121.00: Cells=3397, MaxR=58.66, Pheno={'G_SPECIALIST': 1945, 'L_SPECIALIST': 1452, 'SWITCHING_GL': 0}
2025-05-27 19:46:05,019 - sim.TradeoffSlope_S10_ResponsiveHG_W40_Rep2.MetricsCollector - INFO - metrics:177 - Metrics @ T=122.00: Cells=3427, MaxR=59.57, Pheno={'G_SPECIALIST': 1945, 'L_SPECIALIST': 1482, 'SWITCHING_GL': 0}
2025-05-27 19:46:05,245 - sim.TradeoffSlope_S10_ResponsiveHG_W40_Rep2.MetricsCollector - INFO - metrics:177 - Metrics @ T=123.00: Cells=3454, MaxR=59.77, Pheno={'G_SPECIALIST': 1945, 'L_SPECIALIST': 1509, 'SWITCHING_GL': 0}
2025-05-27 19:46:05,470 - sim.TradeoffSlope_S10_ResponsiveHG_W40_Rep2.MetricsCollector - INFO - metrics:177 - Metrics @ T=124.00: Cells=3486, MaxR=60.10, Pheno={'G_SPECIALIST': 1945, 'L_SPECIALIST': 1541, 'SWITCHING_GL': 0}
2025-05-27 19:46:05,695 - sim.TradeoffSlope_S10_ResponsiveHG_W40_Rep2.MetricsCollector - INFO - metrics:177 - Metrics @ T=125.00: Cells=3509, MaxR=60.10, Pheno={'G_SPECIALIST': 1945, 'L_SPECIALIST': 1564, 'SWITCHING_GL': 0}
2025-05-27 19:46:05,917 - sim.TradeoffSlope_S10_ResponsiveHG_W40_Rep2.MetricsCollector - INFO - metrics:177 - Metrics @ T=126.00: Cells=3537, MaxR=60.10, Pheno={'G_SPECIALIST': 1945, 'L_SPECIALIST': 1592, 'SWITCHING_GL': 0}
2025-05-27 19:46:06,142 - sim.TradeoffSlope_S10_ResponsiveHG_W40_Rep2.MetricsCollector - INFO - metrics:177 - Metrics @ T=127.00: Cells=3583, MaxR=61.26, Pheno={'G_SPECIALIST': 1945, 'L_SPECIALIST': 1638, 'SWITCHING_GL': 0}
2025-05-27 19:46:06,370 - sim.TradeoffSlope_S10_ResponsiveHG_W40_Rep2.MetricsCollector - INFO - metrics:177 - Metrics @ T=128.00: Cells=3610, MaxR=61.26, Pheno={'G_SPECIALIST': 1945, 'L_SPECIALIST': 1665, 'SWITCHING_GL': 0}
2025-05-27 19:46:06,601 - sim.TradeoffSlope_S10_ResponsiveHG_W40_Rep2.MetricsCollector - INFO - metrics:177 - Metrics @ T=129.00: Cells=3641, MaxR=61.26, Pheno={'G_SPECIALIST': 1945, 'L_SPECIALIST': 1696, 'SWITCHING_GL': 0}
2025-05-27 19:46:06,794 - sim.TradeoffSlope_S10_ResponsiveHG_W40_Rep2 - INFO - simulation_engine:218 - Progress: T=130.00, Cells=3681
2025-05-27 19:46:06,834 - sim.TradeoffSlope_S10_ResponsiveHG_W40_Rep2.MetricsCollector - INFO - metrics:177 - Metrics @ T=130.00: Cells=3686, MaxR=62.45, Pheno={'G_SPECIALIST': 1945, 'L_SPECIALIST': 1741, 'SWITCHING_GL': 0}
2025-05-27 19:46:07,071 - sim.TradeoffSlope_S10_ResponsiveHG_W40_Rep2.MetricsCollector - INFO - metrics:177 - Metrics @ T=131.00: Cells=3724, MaxR=63.66, Pheno={'G_SPECIALIST': 1945, 'L_SPECIALIST': 1779, 'SWITCHING_GL': 0}
2025-05-27 19:46:07,306 - sim.TradeoffSlope_S10_ResponsiveHG_W40_Rep2.MetricsCollector - INFO - metrics:177 - Metrics @ T=132.00: Cells=3746, MaxR=63.66, Pheno={'G_SPECIALIST': 1945, 'L_SPECIALIST': 1801, 'SWITCHING_GL': 0}
2025-05-27 19:46:07,545 - sim.TradeoffSlope_S10_ResponsiveHG_W40_Rep2.MetricsCollector - INFO - metrics:177 - Metrics @ T=133.00: Cells=3778, MaxR=63.66, Pheno={'G_SPECIALIST': 1945, 'L_SPECIALIST': 1833, 'SWITCHING_GL': 0}
2025-05-27 19:46:07,784 - sim.TradeoffSlope_S10_ResponsiveHG_W40_Rep2.MetricsCollector - INFO - metrics:177 - Metrics @ T=134.00: Cells=3816, MaxR=63.66, Pheno={'G_SPECIALIST': 1945, 'L_SPECIALIST': 1871, 'SWITCHING_GL': 0}
2025-05-27 19:46:08,029 - sim.TradeoffSlope_S10_ResponsiveHG_W40_Rep2.MetricsCollector - INFO - metrics:177 - Metrics @ T=135.00: Cells=3853, MaxR=63.66, Pheno={'G_SPECIALIST': 1945, 'L_SPECIALIST': 1908, 'SWITCHING_GL': 0}
2025-05-27 19:46:08,272 - sim.TradeoffSlope_S10_ResponsiveHG_W40_Rep2.MetricsCollector - INFO - metrics:177 - Metrics @ T=136.00: Cells=3886, MaxR=63.66, Pheno={'G_SPECIALIST': 1945, 'L_SPECIALIST': 1941, 'SWITCHING_GL': 0}
2025-05-27 19:46:08,516 - sim.TradeoffSlope_S10_ResponsiveHG_W40_Rep2.MetricsCollector - INFO - metrics:177 - Metrics @ T=137.00: Cells=3923, MaxR=63.66, Pheno={'G_SPECIALIST': 1945, 'L_SPECIALIST': 1978, 'SWITCHING_GL': 0}
2025-05-27 19:46:08,766 - sim.TradeoffSlope_S10_ResponsiveHG_W40_Rep2.MetricsCollector - INFO - metrics:177 - Metrics @ T=138.00: Cells=3966, MaxR=63.66, Pheno={'G_SPECIALIST': 1945, 'L_SPECIALIST': 2021, 'SWITCHING_GL': 0}
2025-05-27 19:46:09,014 - sim.TradeoffSlope_S10_ResponsiveHG_W40_Rep2.MetricsCollector - INFO - metrics:177 - Metrics @ T=139.00: Cells=4000, MaxR=63.66, Pheno={'G_SPECIALIST': 1945, 'L_SPECIALIST': 2055, 'SWITCHING_GL': 0}
2025-05-27 19:46:09,226 - sim.TradeoffSlope_S10_ResponsiveHG_W40_Rep2 - INFO - simulation_engine:218 - Progress: T=140.00, Cells=4040
2025-05-27 19:46:09,269 - sim.TradeoffSlope_S10_ResponsiveHG_W40_Rep2.MetricsCollector - INFO - metrics:177 - Metrics @ T=140.00: Cells=4046, MaxR=63.66, Pheno={'G_SPECIALIST': 1945, 'L_SPECIALIST': 2101, 'SWITCHING_GL': 0}
2025-05-27 19:46:09,524 - sim.TradeoffSlope_S10_ResponsiveHG_W40_Rep2.MetricsCollector - INFO - metrics:177 - Metrics @ T=141.00: Cells=4073, MaxR=63.66, Pheno={'G_SPECIALIST': 1945, 'L_SPECIALIST': 2128, 'SWITCHING_GL': 0}
2025-05-27 19:46:09,782 - sim.TradeoffSlope_S10_ResponsiveHG_W40_Rep2.MetricsCollector - INFO - metrics:177 - Metrics @ T=142.00: Cells=4109, MaxR=63.66, Pheno={'G_SPECIALIST': 1945, 'L_SPECIALIST': 2164, 'SWITCHING_GL': 0}
2025-05-27 19:46:10,045 - sim.TradeoffSlope_S10_ResponsiveHG_W40_Rep2.MetricsCollector - INFO - metrics:177 - Metrics @ T=143.00: Cells=4151, MaxR=65.20, Pheno={'G_SPECIALIST': 1945, 'L_SPECIALIST': 2206, 'SWITCHING_GL': 0}
2025-05-27 19:46:10,307 - sim.TradeoffSlope_S10_ResponsiveHG_W40_Rep2.MetricsCollector - INFO - metrics:177 - Metrics @ T=144.00: Cells=4173, MaxR=65.20, Pheno={'G_SPECIALIST': 1945, 'L_SPECIALIST': 2228, 'SWITCHING_GL': 0}
2025-05-27 19:46:10,569 - sim.TradeoffSlope_S10_ResponsiveHG_W40_Rep2.MetricsCollector - INFO - metrics:177 - Metrics @ T=145.00: Cells=4211, MaxR=65.20, Pheno={'G_SPECIALIST': 1945, 'L_SPECIALIST': 2266, 'SWITCHING_GL': 0}
2025-05-27 19:46:10,845 - sim.TradeoffSlope_S10_ResponsiveHG_W40_Rep2.MetricsCollector - INFO - metrics:177 - Metrics @ T=146.00: Cells=4252, MaxR=66.34, Pheno={'G_SPECIALIST': 1945, 'L_SPECIALIST': 2307, 'SWITCHING_GL': 0}
2025-05-27 19:46:11,140 - sim.TradeoffSlope_S10_ResponsiveHG_W40_Rep2.MetricsCollector - INFO - metrics:177 - Metrics @ T=147.00: Cells=4293, MaxR=67.51, Pheno={'G_SPECIALIST': 1945, 'L_SPECIALIST': 2348, 'SWITCHING_GL': 0}
2025-05-27 19:46:11,422 - sim.TradeoffSlope_S10_ResponsiveHG_W40_Rep2.MetricsCollector - INFO - metrics:177 - Metrics @ T=148.00: Cells=4327, MaxR=67.51, Pheno={'G_SPECIALIST': 1945, 'L_SPECIALIST': 2382, 'SWITCHING_GL': 0}
2025-05-27 19:46:11,698 - sim.TradeoffSlope_S10_ResponsiveHG_W40_Rep2.MetricsCollector - INFO - metrics:177 - Metrics @ T=149.00: Cells=4369, MaxR=67.51, Pheno={'G_SPECIALIST': 1945, 'L_SPECIALIST': 2424, 'SWITCHING_GL': 0}
2025-05-27 19:46:11,927 - sim.TradeoffSlope_S10_ResponsiveHG_W40_Rep2 - INFO - simulation_engine:218 - Progress: T=150.00, Cells=4402
2025-05-27 19:46:11,973 - sim.TradeoffSlope_S10_ResponsiveHG_W40_Rep2.MetricsCollector - INFO - metrics:177 - Metrics @ T=150.00: Cells=4404, MaxR=67.51, Pheno={'G_SPECIALIST': 1945, 'L_SPECIALIST': 2459, 'SWITCHING_GL': 0}
2025-05-27 19:46:12,252 - sim.TradeoffSlope_S10_ResponsiveHG_W40_Rep2.MetricsCollector - INFO - metrics:177 - Metrics @ T=151.00: Cells=4437, MaxR=67.51, Pheno={'G_SPECIALIST': 1945, 'L_SPECIALIST': 2492, 'SWITCHING_GL': 0}
2025-05-27 19:46:12,531 - sim.TradeoffSlope_S10_ResponsiveHG_W40_Rep2.MetricsCollector - INFO - metrics:177 - Metrics @ T=152.00: Cells=4469, MaxR=67.51, Pheno={'G_SPECIALIST': 1945, 'L_SPECIALIST': 2524, 'SWITCHING_GL': 0}
2025-05-27 19:46:12,816 - sim.TradeoffSlope_S10_ResponsiveHG_W40_Rep2.MetricsCollector - INFO - metrics:177 - Metrics @ T=153.00: Cells=4512, MaxR=68.69, Pheno={'G_SPECIALIST': 1945, 'L_SPECIALIST': 2567, 'SWITCHING_GL': 0}
2025-05-27 19:46:13,099 - sim.TradeoffSlope_S10_ResponsiveHG_W40_Rep2.MetricsCollector - INFO - metrics:177 - Metrics @ T=154.00: Cells=4544, MaxR=69.09, Pheno={'G_SPECIALIST': 1945, 'L_SPECIALIST': 2599, 'SWITCHING_GL': 0}
2025-05-27 19:46:13,385 - sim.TradeoffSlope_S10_ResponsiveHG_W40_Rep2.MetricsCollector - INFO - metrics:177 - Metrics @ T=155.00: Cells=4596, MaxR=69.09, Pheno={'G_SPECIALIST': 1945, 'L_SPECIALIST': 2651, 'SWITCHING_GL': 0}
2025-05-27 19:46:13,675 - sim.TradeoffSlope_S10_ResponsiveHG_W40_Rep2.MetricsCollector - INFO - metrics:177 - Metrics @ T=156.00: Cells=4629, MaxR=69.09, Pheno={'G_SPECIALIST': 1945, 'L_SPECIALIST': 2684, 'SWITCHING_GL': 0}
2025-05-27 19:46:13,968 - sim.TradeoffSlope_S10_ResponsiveHG_W40_Rep2.MetricsCollector - INFO - metrics:177 - Metrics @ T=157.00: Cells=4666, MaxR=69.09, Pheno={'G_SPECIALIST': 1945, 'L_SPECIALIST': 2721, 'SWITCHING_GL': 0}
2025-05-27 19:46:14,266 - sim.TradeoffSlope_S10_ResponsiveHG_W40_Rep2.MetricsCollector - INFO - metrics:177 - Metrics @ T=158.00: Cells=4712, MaxR=69.48, Pheno={'G_SPECIALIST': 1945, 'L_SPECIALIST': 2767, 'SWITCHING_GL': 0}
2025-05-27 19:46:14,562 - sim.TradeoffSlope_S10_ResponsiveHG_W40_Rep2.MetricsCollector - INFO - metrics:177 - Metrics @ T=159.00: Cells=4740, MaxR=70.74, Pheno={'G_SPECIALIST': 1945, 'L_SPECIALIST': 2795, 'SWITCHING_GL': 0}
2025-05-27 19:46:14,812 - sim.TradeoffSlope_S10_ResponsiveHG_W40_Rep2 - INFO - simulation_engine:218 - Progress: T=160.00, Cells=4783
2025-05-27 19:46:14,863 - sim.TradeoffSlope_S10_ResponsiveHG_W40_Rep2.MetricsCollector - INFO - metrics:177 - Metrics @ T=160.00: Cells=4787, MaxR=70.74, Pheno={'G_SPECIALIST': 1945, 'L_SPECIALIST': 2842, 'SWITCHING_GL': 0}
2025-05-27 19:46:15,165 - sim.TradeoffSlope_S10_ResponsiveHG_W40_Rep2.MetricsCollector - INFO - metrics:177 - Metrics @ T=161.00: Cells=4824, MaxR=70.74, Pheno={'G_SPECIALIST': 1945, 'L_SPECIALIST': 2879, 'SWITCHING_GL': 0}
2025-05-27 19:46:15,469 - sim.TradeoffSlope_S10_ResponsiveHG_W40_Rep2.MetricsCollector - INFO - metrics:177 - Metrics @ T=162.00: Cells=4868, MaxR=70.74, Pheno={'G_SPECIALIST': 1945, 'L_SPECIALIST': 2923, 'SWITCHING_GL': 0}
2025-05-27 19:46:15,778 - sim.TradeoffSlope_S10_ResponsiveHG_W40_Rep2.MetricsCollector - INFO - metrics:177 - Metrics @ T=163.00: Cells=4907, MaxR=70.74, Pheno={'G_SPECIALIST': 1945, 'L_SPECIALIST': 2962, 'SWITCHING_GL': 0}
2025-05-27 19:46:16,088 - sim.TradeoffSlope_S10_ResponsiveHG_W40_Rep2.MetricsCollector - INFO - metrics:177 - Metrics @ T=164.00: Cells=4944, MaxR=70.74, Pheno={'G_SPECIALIST': 1945, 'L_SPECIALIST': 2999, 'SWITCHING_GL': 0}
2025-05-27 19:46:16,400 - sim.TradeoffSlope_S10_ResponsiveHG_W40_Rep2.MetricsCollector - INFO - metrics:177 - Metrics @ T=165.00: Cells=4992, MaxR=71.14, Pheno={'G_SPECIALIST': 1945, 'L_SPECIALIST': 3047, 'SWITCHING_GL': 0}
2025-05-27 19:46:16,716 - sim.TradeoffSlope_S10_ResponsiveHG_W40_Rep2.MetricsCollector - INFO - metrics:177 - Metrics @ T=166.00: Cells=5021, MaxR=71.14, Pheno={'G_SPECIALIST': 1945, 'L_SPECIALIST': 3076, 'SWITCHING_GL': 0}
2025-05-27 19:46:17,034 - sim.TradeoffSlope_S10_ResponsiveHG_W40_Rep2.MetricsCollector - INFO - metrics:177 - Metrics @ T=167.00: Cells=5063, MaxR=71.14, Pheno={'G_SPECIALIST': 1945, 'L_SPECIALIST': 3118, 'SWITCHING_GL': 0}
2025-05-27 19:46:17,351 - sim.TradeoffSlope_S10_ResponsiveHG_W40_Rep2.MetricsCollector - INFO - metrics:177 - Metrics @ T=168.00: Cells=5095, MaxR=71.44, Pheno={'G_SPECIALIST': 1945, 'L_SPECIALIST': 3150, 'SWITCHING_GL': 0}
2025-05-27 19:46:17,673 - sim.TradeoffSlope_S10_ResponsiveHG_W40_Rep2.MetricsCollector - INFO - metrics:177 - Metrics @ T=169.00: Cells=5130, MaxR=72.02, Pheno={'G_SPECIALIST': 1945, 'L_SPECIALIST': 3185, 'SWITCHING_GL': 0}
2025-05-27 19:46:17,947 - sim.TradeoffSlope_S10_ResponsiveHG_W40_Rep2 - INFO - simulation_engine:218 - Progress: T=170.00, Cells=5166
2025-05-27 19:46:18,001 - sim.TradeoffSlope_S10_ResponsiveHG_W40_Rep2.MetricsCollector - INFO - metrics:177 - Metrics @ T=170.00: Cells=5166, MaxR=72.02, Pheno={'G_SPECIALIST': 1945, 'L_SPECIALIST': 3221, 'SWITCHING_GL': 0}
2025-05-27 19:46:18,332 - sim.TradeoffSlope_S10_ResponsiveHG_W40_Rep2.MetricsCollector - INFO - metrics:177 - Metrics @ T=171.00: Cells=5197, MaxR=72.02, Pheno={'G_SPECIALIST': 1945, 'L_SPECIALIST': 3252, 'SWITCHING_GL': 0}
2025-05-27 19:46:18,662 - sim.TradeoffSlope_S10_ResponsiveHG_W40_Rep2.MetricsCollector - INFO - metrics:177 - Metrics @ T=172.00: Cells=5233, MaxR=72.81, Pheno={'G_SPECIALIST': 1945, 'L_SPECIALIST': 3288, 'SWITCHING_GL': 0}
2025-05-27 19:46:18,994 - sim.TradeoffSlope_S10_ResponsiveHG_W40_Rep2.MetricsCollector - INFO - metrics:177 - Metrics @ T=173.00: Cells=5258, MaxR=72.81, Pheno={'G_SPECIALIST': 1945, 'L_SPECIALIST': 3313, 'SWITCHING_GL': 0}
2025-05-27 19:46:19,328 - sim.TradeoffSlope_S10_ResponsiveHG_W40_Rep2.MetricsCollector - INFO - metrics:177 - Metrics @ T=174.00: Cells=5297, MaxR=72.81, Pheno={'G_SPECIALIST': 1945, 'L_SPECIALIST': 3352, 'SWITCHING_GL': 0}
2025-05-27 19:46:19,674 - sim.TradeoffSlope_S10_ResponsiveHG_W40_Rep2.MetricsCollector - INFO - metrics:177 - Metrics @ T=175.00: Cells=5333, MaxR=73.73, Pheno={'G_SPECIALIST': 1945, 'L_SPECIALIST': 3388, 'SWITCHING_GL': 0}
2025-05-27 19:46:20,016 - sim.TradeoffSlope_S10_ResponsiveHG_W40_Rep2.MetricsCollector - INFO - metrics:177 - Metrics @ T=176.00: Cells=5370, MaxR=73.73, Pheno={'G_SPECIALIST': 1945, 'L_SPECIALIST': 3425, 'SWITCHING_GL': 0}
2025-05-27 19:46:20,355 - sim.TradeoffSlope_S10_ResponsiveHG_W40_Rep2.MetricsCollector - INFO - metrics:177 - Metrics @ T=177.00: Cells=5409, MaxR=73.73, Pheno={'G_SPECIALIST': 1945, 'L_SPECIALIST': 3464, 'SWITCHING_GL': 0}
2025-05-27 19:46:20,696 - sim.TradeoffSlope_S10_ResponsiveHG_W40_Rep2.MetricsCollector - INFO - metrics:177 - Metrics @ T=178.00: Cells=5439, MaxR=73.73, Pheno={'G_SPECIALIST': 1945, 'L_SPECIALIST': 3494, 'SWITCHING_GL': 0}
2025-05-27 19:46:21,039 - sim.TradeoffSlope_S10_ResponsiveHG_W40_Rep2.MetricsCollector - INFO - metrics:177 - Metrics @ T=179.00: Cells=5476, MaxR=74.48, Pheno={'G_SPECIALIST': 1945, 'L_SPECIALIST': 3531, 'SWITCHING_GL': 0}
2025-05-27 19:46:21,329 - sim.TradeoffSlope_S10_ResponsiveHG_W40_Rep2 - INFO - simulation_engine:218 - Progress: T=180.00, Cells=5509
2025-05-27 19:46:21,386 - sim.TradeoffSlope_S10_ResponsiveHG_W40_Rep2.MetricsCollector - INFO - metrics:177 - Metrics @ T=180.00: Cells=5510, MaxR=74.84, Pheno={'G_SPECIALIST': 1945, 'L_SPECIALIST': 3565, 'SWITCHING_GL': 0}
2025-05-27 19:46:21,736 - sim.TradeoffSlope_S10_ResponsiveHG_W40_Rep2.MetricsCollector - INFO - metrics:177 - Metrics @ T=181.00: Cells=5541, MaxR=74.84, Pheno={'G_SPECIALIST': 1945, 'L_SPECIALIST': 3596, 'SWITCHING_GL': 0}
2025-05-27 19:46:22,083 - sim.TradeoffSlope_S10_ResponsiveHG_W40_Rep2.MetricsCollector - INFO - metrics:177 - Metrics @ T=182.00: Cells=5577, MaxR=75.72, Pheno={'G_SPECIALIST': 1945, 'L_SPECIALIST': 3632, 'SWITCHING_GL': 0}
2025-05-27 19:46:22,433 - sim.TradeoffSlope_S10_ResponsiveHG_W40_Rep2.MetricsCollector - INFO - metrics:177 - Metrics @ T=183.00: Cells=5623, MaxR=75.72, Pheno={'G_SPECIALIST': 1945, 'L_SPECIALIST': 3678, 'SWITCHING_GL': 0}
2025-05-27 19:46:22,787 - sim.TradeoffSlope_S10_ResponsiveHG_W40_Rep2.MetricsCollector - INFO - metrics:177 - Metrics @ T=184.00: Cells=5666, MaxR=75.72, Pheno={'G_SPECIALIST': 1945, 'L_SPECIALIST': 3721, 'SWITCHING_GL': 0}
2025-05-27 19:46:23,148 - sim.TradeoffSlope_S10_ResponsiveHG_W40_Rep2.MetricsCollector - INFO - metrics:177 - Metrics @ T=185.00: Cells=5707, MaxR=75.72, Pheno={'G_SPECIALIST': 1945, 'L_SPECIALIST': 3762, 'SWITCHING_GL': 0}
2025-05-27 19:46:23,510 - sim.TradeoffSlope_S10_ResponsiveHG_W40_Rep2.MetricsCollector - INFO - metrics:177 - Metrics @ T=186.00: Cells=5757, MaxR=76.97, Pheno={'G_SPECIALIST': 1945, 'L_SPECIALIST': 3812, 'SWITCHING_GL': 0}
2025-05-27 19:46:23,874 - sim.TradeoffSlope_S10_ResponsiveHG_W40_Rep2.MetricsCollector - INFO - metrics:177 - Metrics @ T=187.00: Cells=5793, MaxR=76.97, Pheno={'G_SPECIALIST': 1945, 'L_SPECIALIST': 3848, 'SWITCHING_GL': 0}
2025-05-27 19:46:24,238 - sim.TradeoffSlope_S10_ResponsiveHG_W40_Rep2.MetricsCollector - INFO - metrics:177 - Metrics @ T=188.00: Cells=5824, MaxR=76.97, Pheno={'G_SPECIALIST': 1945, 'L_SPECIALIST': 3879, 'SWITCHING_GL': 0}
2025-05-27 19:46:24,608 - sim.TradeoffSlope_S10_ResponsiveHG_W40_Rep2.MetricsCollector - INFO - metrics:177 - Metrics @ T=189.00: Cells=5872, MaxR=76.97, Pheno={'G_SPECIALIST': 1945, 'L_SPECIALIST': 3927, 'SWITCHING_GL': 0}
2025-05-27 19:46:24,918 - sim.TradeoffSlope_S10_ResponsiveHG_W40_Rep2 - INFO - simulation_engine:218 - Progress: T=190.00, Cells=5911
2025-05-27 19:46:24,980 - sim.TradeoffSlope_S10_ResponsiveHG_W40_Rep2.MetricsCollector - INFO - metrics:177 - Metrics @ T=190.00: Cells=5913, MaxR=76.97, Pheno={'G_SPECIALIST': 1945, 'L_SPECIALIST': 3968, 'SWITCHING_GL': 0}
2025-05-27 19:46:25,351 - sim.TradeoffSlope_S10_ResponsiveHG_W40_Rep2.MetricsCollector - INFO - metrics:177 - Metrics @ T=191.00: Cells=5946, MaxR=76.97, Pheno={'G_SPECIALIST': 1945, 'L_SPECIALIST': 4001, 'SWITCHING_GL': 0}
2025-05-27 19:46:25,723 - sim.TradeoffSlope_S10_ResponsiveHG_W40_Rep2.MetricsCollector - INFO - metrics:177 - Metrics @ T=192.00: Cells=5989, MaxR=77.38, Pheno={'G_SPECIALIST': 1945, 'L_SPECIALIST': 4044, 'SWITCHING_GL': 0}
2025-05-27 19:46:26,103 - sim.TradeoffSlope_S10_ResponsiveHG_W40_Rep2.MetricsCollector - INFO - metrics:177 - Metrics @ T=193.00: Cells=6031, MaxR=78.25, Pheno={'G_SPECIALIST': 1945, 'L_SPECIALIST': 4086, 'SWITCHING_GL': 0}
2025-05-27 19:46:26,482 - sim.TradeoffSlope_S10_ResponsiveHG_W40_Rep2.MetricsCollector - INFO - metrics:177 - Metrics @ T=194.00: Cells=6070, MaxR=79.54, Pheno={'G_SPECIALIST': 1945, 'L_SPECIALIST': 4125, 'SWITCHING_GL': 0}
2025-05-27 19:46:26,867 - sim.TradeoffSlope_S10_ResponsiveHG_W40_Rep2.MetricsCollector - INFO - metrics:177 - Metrics @ T=195.00: Cells=6120, MaxR=79.54, Pheno={'G_SPECIALIST': 1945, 'L_SPECIALIST': 4175, 'SWITCHING_GL': 0}
2025-05-27 19:46:27,251 - sim.TradeoffSlope_S10_ResponsiveHG_W40_Rep2.MetricsCollector - INFO - metrics:177 - Metrics @ T=196.00: Cells=6163, MaxR=79.54, Pheno={'G_SPECIALIST': 1945, 'L_SPECIALIST': 4218, 'SWITCHING_GL': 0}
2025-05-27 19:46:27,638 - sim.TradeoffSlope_S10_ResponsiveHG_W40_Rep2.MetricsCollector - INFO - metrics:177 - Metrics @ T=197.00: Cells=6203, MaxR=79.54, Pheno={'G_SPECIALIST': 1945, 'L_SPECIALIST': 4258, 'SWITCHING_GL': 0}
2025-05-27 19:46:28,031 - sim.TradeoffSlope_S10_ResponsiveHG_W40_Rep2.MetricsCollector - INFO - metrics:177 - Metrics @ T=198.00: Cells=6245, MaxR=79.90, Pheno={'G_SPECIALIST': 1945, 'L_SPECIALIST': 4300, 'SWITCHING_GL': 0}
2025-05-27 19:46:28,427 - sim.TradeoffSlope_S10_ResponsiveHG_W40_Rep2.MetricsCollector - INFO - metrics:177 - Metrics @ T=199.00: Cells=6290, MaxR=79.90, Pheno={'G_SPECIALIST': 1945, 'L_SPECIALIST': 4345, 'SWITCHING_GL': 0}
2025-05-27 19:46:28,759 - sim.TradeoffSlope_S10_ResponsiveHG_W40_Rep2 - INFO - simulation_engine:218 - Progress: T=200.00, Cells=6329
2025-05-27 19:46:28,826 - sim.TradeoffSlope_S10_ResponsiveHG_W40_Rep2.MetricsCollector - INFO - metrics:177 - Metrics @ T=200.00: Cells=6335, MaxR=79.90, Pheno={'G_SPECIALIST': 1945, 'L_SPECIALIST': 4390, 'SWITCHING_GL': 0}
2025-05-27 19:46:28,864 - sim.TradeoffSlope_S10_ResponsiveHG_W40_Rep2 - INFO - simulation_engine:238 - Sim run finished: TradeoffSlope_S10_ResponsiveHG_W40_Rep2. Wall-clock: 35.881s.
2025-05-27 19:46:28,864 - sim.TradeoffSlope_S10_ResponsiveHG_W40_Rep2 - INFO - simulation_engine:241 - Final state: SimTime=200.10, Steps=2001, Cells=6341.
2025-05-27 19:46:28,864 - sim.TradeoffSlope_S10_ResponsiveHG_W40_Rep2.MetricsCollector - INFO - metrics:300 - Finalizing data collection and exporting results...
2025-05-27 19:46:28,864 - sim.TradeoffSlope_S10_ResponsiveHG_W40_Rep2.MetricsCollector - INFO - metrics:312 - --- Simulation Summary (Log) ---
time: 199.99999999999292
total_cell_count: 6335
phenotype_counts: {'G_SPECIALIST': 1945, 'L_SPECIALIST': 4390, 'SWITCHING_GL': 0}
avg_radial_distance: 48.37132391357477
max_radial_distance: 79.89993742175271
min_radial_distance: 0.0
std_dev_radial_distance: 17.225800521019046
median_radial_distance: 51.11751167652823
frontier_lag_G_to_L: (details in files)
frontier_traits: (details in files)
overall_radial_expansion_velocity: 0.390839433070933
config_exp_name: TradeoffSlope_S10_ResponsiveHG_W40_Rep2

2025-05-27 19:46:28,888 - sim.TradeoffSlope_S10_ResponsiveHG_W40_Rep2.MetricsCollector - INFO - metrics:242 - Time series data exported to results\TradeoffSlope_S10_ResponsiveHG_W40_Rep2\time_series_data.csv
2025-05-27 19:46:28,890 - sim.TradeoffSlope_S10_ResponsiveHG_W40_Rep2.MetricsCollector - INFO - metrics:267 - Summary data exported to results\TradeoffSlope_S10_ResponsiveHG_W40_Rep2\summary.json
2025-05-27 19:46:28,890 - sim.TradeoffSlope_S10_ResponsiveHG_W40_Rep2.MetricsCollector - INFO - metrics:275 - No kymograph data to export.
2025-05-27 19:46:28,890 - sim.TradeoffSlope_S10_ResponsiveHG_W40_Rep2.MetricsCollector - INFO - metrics:316 - All data export finalized for TradeoffSlope_S10_ResponsiveHG_W40_Rep2.
2025-05-27 19:46:28,890 - sim.TradeoffSlope_S10_ResponsiveHG_W40_Rep2 - INFO - simulation_engine:276 - Simulation fully complete.
