2025-05-27 19:51:17,400 - sim.TradeoffSlope_S20_BetHedging0.5_W40_Rep2 - INFO - simulation_engine:37 - Initializing SimulationEngine for experiment: TradeoffSlope_S20_BetHedging0.5_W40_Rep2
2025-05-27 19:51:17,400 - sim.TradeoffSlope_S20_BetHedging0.5_W40_Rep2 - INFO - simulation_engine:70 - Visualization disabled.
2025-05-27 19:51:17,401 - sim.TradeoffSlope_S20_BetHedging0.5_W40_Rep2 - INFO - simulation_engine:202 - Starting simulation: TradeoffSlope_S20_BetHedging0.5_W40_Rep2
2025-05-27 19:51:17,401 - sim.TradeoffSlope_S20_BetHedging0.5_W40_Rep2 - INFO - simulation_engine:204 - Colony initialized: 5 cells.
2025-05-27 19:51:17,401 - sim.TradeoffSlope_S20_BetHedging0.5_W40_Rep2.MetricsCollector - INFO - metrics:177 - Metrics @ T=0.00: Cells=5, MaxR=1.73, Pheno={'G_SPECIALIST': 5, 'L_SPECIALIST': 0, 'SWITCHING_GL': 0}
2025-05-27 19:51:17,409 - sim.TradeoffSlope_S20_BetHedging0.5_W40_Rep2.MetricsCollector - INFO - metrics:177 - Metrics @ T=1.00: Cells=8, MaxR=3.46, Pheno={'G_SPECIALIST': 8, 'L_SPECIALIST': 0, 'SWITCHING_GL': 0}
2025-05-27 19:51:17,410 - sim.TradeoffSlope_S20_BetHedging0.5_W40_Rep2.MetricsCollector - INFO - metrics:177 - Metrics @ T=2.00: Cells=10, MaxR=4.58, Pheno={'G_SPECIALIST': 10, 'L_SPECIALIST': 0, 'SWITCHING_GL': 0}
2025-05-27 19:51:17,412 - sim.TradeoffSlope_S20_BetHedging0.5_W40_Rep2.MetricsCollector - INFO - metrics:177 - Metrics @ T=3.00: Cells=14, MaxR=4.58, Pheno={'G_SPECIALIST': 14, 'L_SPECIALIST': 0, 'SWITCHING_GL': 0}
2025-05-27 19:51:17,413 - sim.TradeoffSlope_S20_BetHedging0.5_W40_Rep2.MetricsCollector - INFO - metrics:177 - Metrics @ T=4.00: Cells=15, MaxR=4.58, Pheno={'G_SPECIALIST': 15, 'L_SPECIALIST': 0, 'SWITCHING_GL': 0}
2025-05-27 19:51:17,415 - sim.TradeoffSlope_S20_BetHedging0.5_W40_Rep2.MetricsCollector - INFO - metrics:177 - Metrics @ T=5.00: Cells=18, MaxR=6.00, Pheno={'G_SPECIALIST': 18, 'L_SPECIALIST': 0, 'SWITCHING_GL': 0}
2025-05-27 19:51:17,416 - sim.TradeoffSlope_S20_BetHedging0.5_W40_Rep2.MetricsCollector - INFO - metrics:177 - Metrics @ T=6.00: Cells=21, MaxR=6.00, Pheno={'G_SPECIALIST': 21, 'L_SPECIALIST': 0, 'SWITCHING_GL': 0}
2025-05-27 19:51:17,419 - sim.TradeoffSlope_S20_BetHedging0.5_W40_Rep2.MetricsCollector - INFO - metrics:177 - Metrics @ T=7.00: Cells=24, MaxR=6.00, Pheno={'G_SPECIALIST': 24, 'L_SPECIALIST': 0, 'SWITCHING_GL': 0}
2025-05-27 19:51:17,421 - sim.TradeoffSlope_S20_BetHedging0.5_W40_Rep2.MetricsCollector - INFO - metrics:177 - Metrics @ T=8.00: Cells=26, MaxR=6.00, Pheno={'G_SPECIALIST': 26, 'L_SPECIALIST': 0, 'SWITCHING_GL': 0}
2025-05-27 19:51:17,422 - sim.TradeoffSlope_S20_BetHedging0.5_W40_Rep2.MetricsCollector - INFO - metrics:177 - Metrics @ T=9.00: Cells=29, MaxR=6.24, Pheno={'G_SPECIALIST': 29, 'L_SPECIALIST': 0, 'SWITCHING_GL': 0}
2025-05-27 19:51:17,424 - sim.TradeoffSlope_S20_BetHedging0.5_W40_Rep2 - INFO - simulation_engine:218 - Progress: T=10.00, Cells=33
2025-05-27 19:51:17,425 - sim.TradeoffSlope_S20_BetHedging0.5_W40_Rep2.MetricsCollector - INFO - metrics:177 - Metrics @ T=10.00: Cells=33, MaxR=6.24, Pheno={'G_SPECIALIST': 33, 'L_SPECIALIST': 0, 'SWITCHING_GL': 0}
2025-05-27 19:51:17,427 - sim.TradeoffSlope_S20_BetHedging0.5_W40_Rep2.MetricsCollector - INFO - metrics:177 - Metrics @ T=11.00: Cells=38, MaxR=7.55, Pheno={'G_SPECIALIST': 38, 'L_SPECIALIST': 0, 'SWITCHING_GL': 0}
2025-05-27 19:51:17,431 - sim.TradeoffSlope_S20_BetHedging0.5_W40_Rep2.MetricsCollector - INFO - metrics:177 - Metrics @ T=12.00: Cells=45, MaxR=9.00, Pheno={'G_SPECIALIST': 45, 'L_SPECIALIST': 0, 'SWITCHING_GL': 0}
2025-05-27 19:51:17,434 - sim.TradeoffSlope_S20_BetHedging0.5_W40_Rep2.MetricsCollector - INFO - metrics:177 - Metrics @ T=13.00: Cells=52, MaxR=10.54, Pheno={'G_SPECIALIST': 52, 'L_SPECIALIST': 0, 'SWITCHING_GL': 0}
2025-05-27 19:51:17,437 - sim.TradeoffSlope_S20_BetHedging0.5_W40_Rep2.MetricsCollector - INFO - metrics:177 - Metrics @ T=14.00: Cells=56, MaxR=10.54, Pheno={'G_SPECIALIST': 56, 'L_SPECIALIST': 0, 'SWITCHING_GL': 0}
2025-05-27 19:51:17,442 - sim.TradeoffSlope_S20_BetHedging0.5_W40_Rep2.MetricsCollector - INFO - metrics:177 - Metrics @ T=15.00: Cells=60, MaxR=12.00, Pheno={'G_SPECIALIST': 60, 'L_SPECIALIST': 0, 'SWITCHING_GL': 0}
2025-05-27 19:51:17,447 - sim.TradeoffSlope_S20_BetHedging0.5_W40_Rep2.MetricsCollector - INFO - metrics:177 - Metrics @ T=16.00: Cells=71, MaxR=12.00, Pheno={'G_SPECIALIST': 71, 'L_SPECIALIST': 0, 'SWITCHING_GL': 0}
2025-05-27 19:51:17,452 - sim.TradeoffSlope_S20_BetHedging0.5_W40_Rep2.MetricsCollector - INFO - metrics:177 - Metrics @ T=17.00: Cells=83, MaxR=12.49, Pheno={'G_SPECIALIST': 83, 'L_SPECIALIST': 0, 'SWITCHING_GL': 0}
2025-05-27 19:51:17,459 - sim.TradeoffSlope_S20_BetHedging0.5_W40_Rep2.MetricsCollector - INFO - metrics:177 - Metrics @ T=18.00: Cells=95, MaxR=13.08, Pheno={'G_SPECIALIST': 95, 'L_SPECIALIST': 0, 'SWITCHING_GL': 0}
2025-05-27 19:51:17,466 - sim.TradeoffSlope_S20_BetHedging0.5_W40_Rep2.MetricsCollector - INFO - metrics:177 - Metrics @ T=19.00: Cells=104, MaxR=13.86, Pheno={'G_SPECIALIST': 104, 'L_SPECIALIST': 0, 'SWITCHING_GL': 0}
2025-05-27 19:51:17,472 - sim.TradeoffSlope_S20_BetHedging0.5_W40_Rep2 - INFO - simulation_engine:218 - Progress: T=20.00, Cells=116
2025-05-27 19:51:17,474 - sim.TradeoffSlope_S20_BetHedging0.5_W40_Rep2.MetricsCollector - INFO - metrics:177 - Metrics @ T=20.00: Cells=118, MaxR=15.87, Pheno={'G_SPECIALIST': 118, 'L_SPECIALIST': 0, 'SWITCHING_GL': 0}
2025-05-27 19:51:17,482 - sim.TradeoffSlope_S20_BetHedging0.5_W40_Rep2.MetricsCollector - INFO - metrics:177 - Metrics @ T=21.00: Cells=139, MaxR=15.87, Pheno={'G_SPECIALIST': 139, 'L_SPECIALIST': 0, 'SWITCHING_GL': 0}
2025-05-27 19:51:17,492 - sim.TradeoffSlope_S20_BetHedging0.5_W40_Rep2.MetricsCollector - INFO - metrics:177 - Metrics @ T=22.00: Cells=153, MaxR=16.52, Pheno={'G_SPECIALIST': 153, 'L_SPECIALIST': 0, 'SWITCHING_GL': 0}
2025-05-27 19:51:17,503 - sim.TradeoffSlope_S20_BetHedging0.5_W40_Rep2.MetricsCollector - INFO - metrics:177 - Metrics @ T=23.00: Cells=175, MaxR=17.32, Pheno={'G_SPECIALIST': 175, 'L_SPECIALIST': 0, 'SWITCHING_GL': 0}
2025-05-27 19:51:17,515 - sim.TradeoffSlope_S20_BetHedging0.5_W40_Rep2.MetricsCollector - INFO - metrics:177 - Metrics @ T=24.00: Cells=194, MaxR=18.25, Pheno={'G_SPECIALIST': 194, 'L_SPECIALIST': 0, 'SWITCHING_GL': 0}
2025-05-27 19:51:17,529 - sim.TradeoffSlope_S20_BetHedging0.5_W40_Rep2.MetricsCollector - INFO - metrics:177 - Metrics @ T=25.00: Cells=216, MaxR=18.73, Pheno={'G_SPECIALIST': 216, 'L_SPECIALIST': 0, 'SWITCHING_GL': 0}
2025-05-27 19:51:17,544 - sim.TradeoffSlope_S20_BetHedging0.5_W40_Rep2.MetricsCollector - INFO - metrics:177 - Metrics @ T=26.00: Cells=242, MaxR=19.97, Pheno={'G_SPECIALIST': 242, 'L_SPECIALIST': 0, 'SWITCHING_GL': 0}
2025-05-27 19:51:17,560 - sim.TradeoffSlope_S20_BetHedging0.5_W40_Rep2.MetricsCollector - INFO - metrics:177 - Metrics @ T=27.00: Cells=255, MaxR=21.00, Pheno={'G_SPECIALIST': 255, 'L_SPECIALIST': 0, 'SWITCHING_GL': 0}
2025-05-27 19:51:17,578 - sim.TradeoffSlope_S20_BetHedging0.5_W40_Rep2.MetricsCollector - INFO - metrics:177 - Metrics @ T=28.00: Cells=283, MaxR=21.63, Pheno={'G_SPECIALIST': 283, 'L_SPECIALIST': 0, 'SWITCHING_GL': 0}
2025-05-27 19:51:17,596 - sim.TradeoffSlope_S20_BetHedging0.5_W40_Rep2.MetricsCollector - INFO - metrics:177 - Metrics @ T=29.00: Cells=302, MaxR=21.63, Pheno={'G_SPECIALIST': 302, 'L_SPECIALIST': 0, 'SWITCHING_GL': 0}
2025-05-27 19:51:17,613 - sim.TradeoffSlope_S20_BetHedging0.5_W40_Rep2 - INFO - simulation_engine:218 - Progress: T=30.00, Cells=323
2025-05-27 19:51:17,617 - sim.TradeoffSlope_S20_BetHedging0.5_W40_Rep2.MetricsCollector - INFO - metrics:177 - Metrics @ T=30.00: Cells=327, MaxR=21.70, Pheno={'G_SPECIALIST': 327, 'L_SPECIALIST': 0, 'SWITCHING_GL': 0}
2025-05-27 19:51:17,639 - sim.TradeoffSlope_S20_BetHedging0.5_W40_Rep2.MetricsCollector - INFO - metrics:177 - Metrics @ T=31.00: Cells=349, MaxR=22.65, Pheno={'G_SPECIALIST': 349, 'L_SPECIALIST': 0, 'SWITCHING_GL': 0}
2025-05-27 19:51:17,662 - sim.TradeoffSlope_S20_BetHedging0.5_W40_Rep2.MetricsCollector - INFO - metrics:177 - Metrics @ T=32.00: Cells=369, MaxR=23.43, Pheno={'G_SPECIALIST': 369, 'L_SPECIALIST': 0, 'SWITCHING_GL': 0}
2025-05-27 19:51:17,687 - sim.TradeoffSlope_S20_BetHedging0.5_W40_Rep2.MetricsCollector - INFO - metrics:177 - Metrics @ T=33.00: Cells=392, MaxR=24.43, Pheno={'G_SPECIALIST': 392, 'L_SPECIALIST': 0, 'SWITCHING_GL': 0}
2025-05-27 19:51:17,715 - sim.TradeoffSlope_S20_BetHedging0.5_W40_Rep2.MetricsCollector - INFO - metrics:177 - Metrics @ T=34.00: Cells=415, MaxR=24.43, Pheno={'G_SPECIALIST': 415, 'L_SPECIALIST': 0, 'SWITCHING_GL': 0}
2025-05-27 19:51:17,742 - sim.TradeoffSlope_S20_BetHedging0.5_W40_Rep2.MetricsCollector - INFO - metrics:177 - Metrics @ T=35.00: Cells=446, MaxR=24.56, Pheno={'G_SPECIALIST': 446, 'L_SPECIALIST': 0, 'SWITCHING_GL': 0}
2025-05-27 19:51:17,772 - sim.TradeoffSlope_S20_BetHedging0.5_W40_Rep2.MetricsCollector - INFO - metrics:177 - Metrics @ T=36.00: Cells=479, MaxR=26.15, Pheno={'G_SPECIALIST': 479, 'L_SPECIALIST': 0, 'SWITCHING_GL': 0}
2025-05-27 19:51:17,803 - sim.TradeoffSlope_S20_BetHedging0.5_W40_Rep2.MetricsCollector - INFO - metrics:177 - Metrics @ T=37.00: Cells=512, MaxR=26.15, Pheno={'G_SPECIALIST': 512, 'L_SPECIALIST': 0, 'SWITCHING_GL': 0}
2025-05-27 19:51:17,837 - sim.TradeoffSlope_S20_BetHedging0.5_W40_Rep2.MetricsCollector - INFO - metrics:177 - Metrics @ T=38.00: Cells=540, MaxR=27.22, Pheno={'G_SPECIALIST': 540, 'L_SPECIALIST': 0, 'SWITCHING_GL': 0}
2025-05-27 19:51:17,871 - sim.TradeoffSlope_S20_BetHedging0.5_W40_Rep2.MetricsCollector - INFO - metrics:177 - Metrics @ T=39.00: Cells=564, MaxR=27.87, Pheno={'G_SPECIALIST': 564, 'L_SPECIALIST': 0, 'SWITCHING_GL': 0}
2025-05-27 19:51:17,902 - sim.TradeoffSlope_S20_BetHedging0.5_W40_Rep2 - INFO - simulation_engine:218 - Progress: T=40.00, Cells=596
2025-05-27 19:51:17,908 - sim.TradeoffSlope_S20_BetHedging0.5_W40_Rep2.MetricsCollector - INFO - metrics:177 - Metrics @ T=40.00: Cells=602, MaxR=31.75, Pheno={'G_SPECIALIST': 602, 'L_SPECIALIST': 0, 'SWITCHING_GL': 0}
2025-05-27 19:51:17,948 - sim.TradeoffSlope_S20_BetHedging0.5_W40_Rep2.MetricsCollector - INFO - metrics:177 - Metrics @ T=41.00: Cells=632, MaxR=33.45, Pheno={'G_SPECIALIST': 632, 'L_SPECIALIST': 0, 'SWITCHING_GL': 0}
2025-05-27 19:51:17,989 - sim.TradeoffSlope_S20_BetHedging0.5_W40_Rep2.MetricsCollector - INFO - metrics:177 - Metrics @ T=42.00: Cells=668, MaxR=34.07, Pheno={'G_SPECIALIST': 668, 'L_SPECIALIST': 0, 'SWITCHING_GL': 0}
2025-05-27 19:51:18,032 - sim.TradeoffSlope_S20_BetHedging0.5_W40_Rep2.MetricsCollector - INFO - metrics:177 - Metrics @ T=43.00: Cells=711, MaxR=36.50, Pheno={'G_SPECIALIST': 711, 'L_SPECIALIST': 0, 'SWITCHING_GL': 0}
2025-05-27 19:51:18,078 - sim.TradeoffSlope_S20_BetHedging0.5_W40_Rep2.MetricsCollector - INFO - metrics:177 - Metrics @ T=44.00: Cells=747, MaxR=38.22, Pheno={'G_SPECIALIST': 747, 'L_SPECIALIST': 0, 'SWITCHING_GL': 0}
2025-05-27 19:51:18,126 - sim.TradeoffSlope_S20_BetHedging0.5_W40_Rep2.MetricsCollector - INFO - metrics:177 - Metrics @ T=45.00: Cells=790, MaxR=38.22, Pheno={'G_SPECIALIST': 790, 'L_SPECIALIST': 0, 'SWITCHING_GL': 0}
2025-05-27 19:51:18,177 - sim.TradeoffSlope_S20_BetHedging0.5_W40_Rep2.MetricsCollector - INFO - metrics:177 - Metrics @ T=46.00: Cells=828, MaxR=39.00, Pheno={'G_SPECIALIST': 828, 'L_SPECIALIST': 0, 'SWITCHING_GL': 0}
2025-05-27 19:51:18,230 - sim.TradeoffSlope_S20_BetHedging0.5_W40_Rep2.MetricsCollector - INFO - metrics:177 - Metrics @ T=47.00: Cells=885, MaxR=40.29, Pheno={'G_SPECIALIST': 884, 'SWITCHING_GL': 1, 'L_SPECIALIST': 0}
2025-05-27 19:51:18,287 - sim.TradeoffSlope_S20_BetHedging0.5_W40_Rep2.MetricsCollector - INFO - metrics:177 - Metrics @ T=48.00: Cells=932, MaxR=40.95, Pheno={'G_SPECIALIST': 929, 'SWITCHING_GL': 3, 'L_SPECIALIST': 0}
2025-05-27 19:51:18,347 - sim.TradeoffSlope_S20_BetHedging0.5_W40_Rep2.MetricsCollector - INFO - metrics:177 - Metrics @ T=49.00: Cells=980, MaxR=40.95, Pheno={'G_SPECIALIST': 977, 'SWITCHING_GL': 3, 'L_SPECIALIST': 0}
2025-05-27 19:51:18,400 - sim.TradeoffSlope_S20_BetHedging0.5_W40_Rep2 - INFO - simulation_engine:218 - Progress: T=50.00, Cells=1029
2025-05-27 19:51:18,411 - sim.TradeoffSlope_S20_BetHedging0.5_W40_Rep2.MetricsCollector - INFO - metrics:177 - Metrics @ T=50.00: Cells=1035, MaxR=40.95, Pheno={'G_SPECIALIST': 1032, 'SWITCHING_GL': 3, 'L_SPECIALIST': 0}
2025-05-27 19:51:18,479 - sim.TradeoffSlope_S20_BetHedging0.5_W40_Rep2.MetricsCollector - INFO - metrics:177 - Metrics @ T=51.00: Cells=1076, MaxR=40.95, Pheno={'G_SPECIALIST': 1072, 'SWITCHING_GL': 4, 'L_SPECIALIST': 0}
2025-05-27 19:51:18,548 - sim.TradeoffSlope_S20_BetHedging0.5_W40_Rep2.MetricsCollector - INFO - metrics:177 - Metrics @ T=52.00: Cells=1113, MaxR=40.95, Pheno={'G_SPECIALIST': 1109, 'SWITCHING_GL': 4, 'L_SPECIALIST': 0}
2025-05-27 19:51:18,620 - sim.TradeoffSlope_S20_BetHedging0.5_W40_Rep2.MetricsCollector - INFO - metrics:177 - Metrics @ T=53.00: Cells=1156, MaxR=41.39, Pheno={'G_SPECIALIST': 1151, 'SWITCHING_GL': 5, 'L_SPECIALIST': 0}
2025-05-27 19:51:18,696 - sim.TradeoffSlope_S20_BetHedging0.5_W40_Rep2.MetricsCollector - INFO - metrics:177 - Metrics @ T=54.00: Cells=1198, MaxR=41.39, Pheno={'G_SPECIALIST': 1192, 'SWITCHING_GL': 6, 'L_SPECIALIST': 0}
2025-05-27 19:51:18,775 - sim.TradeoffSlope_S20_BetHedging0.5_W40_Rep2.MetricsCollector - INFO - metrics:177 - Metrics @ T=55.00: Cells=1250, MaxR=41.39, Pheno={'G_SPECIALIST': 1244, 'SWITCHING_GL': 6, 'L_SPECIALIST': 0}
2025-05-27 19:51:18,856 - sim.TradeoffSlope_S20_BetHedging0.5_W40_Rep2.MetricsCollector - INFO - metrics:177 - Metrics @ T=56.00: Cells=1308, MaxR=41.39, Pheno={'G_SPECIALIST': 1301, 'SWITCHING_GL': 6, 'L_SPECIALIST': 1}
2025-05-27 19:51:18,940 - sim.TradeoffSlope_S20_BetHedging0.5_W40_Rep2.MetricsCollector - INFO - metrics:177 - Metrics @ T=57.00: Cells=1362, MaxR=41.39, Pheno={'G_SPECIALIST': 1354, 'SWITCHING_GL': 7, 'L_SPECIALIST': 1}
2025-05-27 19:51:19,030 - sim.TradeoffSlope_S20_BetHedging0.5_W40_Rep2.MetricsCollector - INFO - metrics:177 - Metrics @ T=58.00: Cells=1414, MaxR=41.39, Pheno={'G_SPECIALIST': 1404, 'SWITCHING_GL': 8, 'L_SPECIALIST': 2}
2025-05-27 19:51:19,121 - sim.TradeoffSlope_S20_BetHedging0.5_W40_Rep2.MetricsCollector - INFO - metrics:177 - Metrics @ T=59.00: Cells=1462, MaxR=41.39, Pheno={'G_SPECIALIST': 1448, 'SWITCHING_GL': 12, 'L_SPECIALIST': 2}
2025-05-27 19:51:19,199 - sim.TradeoffSlope_S20_BetHedging0.5_W40_Rep2 - INFO - simulation_engine:218 - Progress: T=60.00, Cells=1507
2025-05-27 19:51:19,215 - sim.TradeoffSlope_S20_BetHedging0.5_W40_Rep2.MetricsCollector - INFO - metrics:177 - Metrics @ T=60.00: Cells=1510, MaxR=41.39, Pheno={'G_SPECIALIST': 1494, 'SWITCHING_GL': 14, 'L_SPECIALIST': 2}
2025-05-27 19:51:19,314 - sim.TradeoffSlope_S20_BetHedging0.5_W40_Rep2.MetricsCollector - INFO - metrics:177 - Metrics @ T=61.00: Cells=1567, MaxR=44.23, Pheno={'G_SPECIALIST': 1548, 'SWITCHING_GL': 14, 'L_SPECIALIST': 5}
2025-05-27 19:51:19,413 - sim.TradeoffSlope_S20_BetHedging0.5_W40_Rep2.MetricsCollector - INFO - metrics:177 - Metrics @ T=62.00: Cells=1617, MaxR=44.23, Pheno={'G_SPECIALIST': 1593, 'SWITCHING_GL': 19, 'L_SPECIALIST': 5}
2025-05-27 19:51:19,515 - sim.TradeoffSlope_S20_BetHedging0.5_W40_Rep2.MetricsCollector - INFO - metrics:177 - Metrics @ T=63.00: Cells=1654, MaxR=44.23, Pheno={'G_SPECIALIST': 1626, 'SWITCHING_GL': 20, 'L_SPECIALIST': 8}
2025-05-27 19:51:19,620 - sim.TradeoffSlope_S20_BetHedging0.5_W40_Rep2.MetricsCollector - INFO - metrics:177 - Metrics @ T=64.00: Cells=1692, MaxR=44.23, Pheno={'G_SPECIALIST': 1658, 'SWITCHING_GL': 25, 'L_SPECIALIST': 9}
2025-05-27 19:51:19,729 - sim.TradeoffSlope_S20_BetHedging0.5_W40_Rep2.MetricsCollector - INFO - metrics:177 - Metrics @ T=65.00: Cells=1743, MaxR=44.23, Pheno={'G_SPECIALIST': 1701, 'SWITCHING_GL': 29, 'L_SPECIALIST': 13}
2025-05-27 19:51:19,839 - sim.TradeoffSlope_S20_BetHedging0.5_W40_Rep2.MetricsCollector - INFO - metrics:177 - Metrics @ T=66.00: Cells=1795, MaxR=44.23, Pheno={'G_SPECIALIST': 1745, 'SWITCHING_GL': 36, 'L_SPECIALIST': 14}
2025-05-27 19:51:19,951 - sim.TradeoffSlope_S20_BetHedging0.5_W40_Rep2.MetricsCollector - INFO - metrics:177 - Metrics @ T=67.00: Cells=1842, MaxR=44.23, Pheno={'G_SPECIALIST': 1786, 'SWITCHING_GL': 40, 'L_SPECIALIST': 16}
2025-05-27 19:51:20,069 - sim.TradeoffSlope_S20_BetHedging0.5_W40_Rep2.MetricsCollector - INFO - metrics:177 - Metrics @ T=68.00: Cells=1881, MaxR=44.23, Pheno={'G_SPECIALIST': 1814, 'L_SPECIALIST': 17, 'SWITCHING_GL': 50}
2025-05-27 19:51:20,197 - sim.TradeoffSlope_S20_BetHedging0.5_W40_Rep2.MetricsCollector - INFO - metrics:177 - Metrics @ T=69.00: Cells=1914, MaxR=44.23, Pheno={'G_SPECIALIST': 1836, 'L_SPECIALIST': 25, 'SWITCHING_GL': 53}
2025-05-27 19:51:20,304 - sim.TradeoffSlope_S20_BetHedging0.5_W40_Rep2 - INFO - simulation_engine:218 - Progress: T=70.00, Cells=1949
2025-05-27 19:51:20,324 - sim.TradeoffSlope_S20_BetHedging0.5_W40_Rep2.MetricsCollector - INFO - metrics:177 - Metrics @ T=70.00: Cells=1951, MaxR=44.23, Pheno={'G_SPECIALIST': 1859, 'L_SPECIALIST': 29, 'SWITCHING_GL': 63}
2025-05-27 19:51:20,456 - sim.TradeoffSlope_S20_BetHedging0.5_W40_Rep2.MetricsCollector - INFO - metrics:177 - Metrics @ T=71.00: Cells=1985, MaxR=44.23, Pheno={'G_SPECIALIST': 1875, 'L_SPECIALIST': 38, 'SWITCHING_GL': 72}
2025-05-27 19:51:20,594 - sim.TradeoffSlope_S20_BetHedging0.5_W40_Rep2.MetricsCollector - INFO - metrics:177 - Metrics @ T=72.00: Cells=2010, MaxR=44.23, Pheno={'G_SPECIALIST': 1889, 'L_SPECIALIST': 45, 'SWITCHING_GL': 76}
2025-05-27 19:51:20,722 - sim.TradeoffSlope_S20_BetHedging0.5_W40_Rep2.MetricsCollector - INFO - metrics:177 - Metrics @ T=73.00: Cells=2035, MaxR=45.30, Pheno={'G_SPECIALIST': 1900, 'L_SPECIALIST': 59, 'SWITCHING_GL': 76}
2025-05-27 19:51:20,847 - sim.TradeoffSlope_S20_BetHedging0.5_W40_Rep2.MetricsCollector - INFO - metrics:177 - Metrics @ T=74.00: Cells=2055, MaxR=45.30, Pheno={'G_SPECIALIST': 1908, 'L_SPECIALIST': 73, 'SWITCHING_GL': 74}
2025-05-27 19:51:20,974 - sim.TradeoffSlope_S20_BetHedging0.5_W40_Rep2.MetricsCollector - INFO - metrics:177 - Metrics @ T=75.00: Cells=2066, MaxR=45.30, Pheno={'G_SPECIALIST': 1915, 'L_SPECIALIST': 86, 'SWITCHING_GL': 65}
2025-05-27 19:51:21,102 - sim.TradeoffSlope_S20_BetHedging0.5_W40_Rep2.MetricsCollector - INFO - metrics:177 - Metrics @ T=76.00: Cells=2091, MaxR=45.30, Pheno={'G_SPECIALIST': 1925, 'L_SPECIALIST': 102, 'SWITCHING_GL': 64}
2025-05-27 19:51:21,232 - sim.TradeoffSlope_S20_BetHedging0.5_W40_Rep2.MetricsCollector - INFO - metrics:177 - Metrics @ T=77.00: Cells=2103, MaxR=45.30, Pheno={'G_SPECIALIST': 1927, 'L_SPECIALIST': 112, 'SWITCHING_GL': 64}
2025-05-27 19:51:21,366 - sim.TradeoffSlope_S20_BetHedging0.5_W40_Rep2.MetricsCollector - INFO - metrics:177 - Metrics @ T=78.00: Cells=2116, MaxR=45.30, Pheno={'G_SPECIALIST': 1929, 'L_SPECIALIST': 122, 'SWITCHING_GL': 65}
2025-05-27 19:51:21,501 - sim.TradeoffSlope_S20_BetHedging0.5_W40_Rep2.MetricsCollector - INFO - metrics:177 - Metrics @ T=79.00: Cells=2127, MaxR=45.30, Pheno={'G_SPECIALIST': 1933, 'L_SPECIALIST': 130, 'SWITCHING_GL': 64}
2025-05-27 19:51:21,611 - sim.TradeoffSlope_S20_BetHedging0.5_W40_Rep2 - INFO - simulation_engine:218 - Progress: T=80.00, Cells=2138
2025-05-27 19:51:21,633 - sim.TradeoffSlope_S20_BetHedging0.5_W40_Rep2.MetricsCollector - INFO - metrics:177 - Metrics @ T=80.00: Cells=2140, MaxR=45.92, Pheno={'G_SPECIALIST': 1938, 'L_SPECIALIST': 141, 'SWITCHING_GL': 61}
2025-05-27 19:51:21,765 - sim.TradeoffSlope_S20_BetHedging0.5_W40_Rep2.MetricsCollector - INFO - metrics:177 - Metrics @ T=81.00: Cells=2159, MaxR=47.62, Pheno={'G_SPECIALIST': 1941, 'L_SPECIALIST': 157, 'SWITCHING_GL': 61}
2025-05-27 19:51:21,898 - sim.TradeoffSlope_S20_BetHedging0.5_W40_Rep2.MetricsCollector - INFO - metrics:177 - Metrics @ T=82.00: Cells=2173, MaxR=48.22, Pheno={'G_SPECIALIST': 1942, 'L_SPECIALIST': 170, 'SWITCHING_GL': 61}
2025-05-27 19:51:22,032 - sim.TradeoffSlope_S20_BetHedging0.5_W40_Rep2.MetricsCollector - INFO - metrics:177 - Metrics @ T=83.00: Cells=2187, MaxR=48.22, Pheno={'G_SPECIALIST': 1943, 'L_SPECIALIST': 186, 'SWITCHING_GL': 58}
2025-05-27 19:51:22,169 - sim.TradeoffSlope_S20_BetHedging0.5_W40_Rep2.MetricsCollector - INFO - metrics:177 - Metrics @ T=84.00: Cells=2201, MaxR=49.93, Pheno={'G_SPECIALIST': 1943, 'L_SPECIALIST': 198, 'SWITCHING_GL': 60}
2025-05-27 19:51:22,304 - sim.TradeoffSlope_S20_BetHedging0.5_W40_Rep2.MetricsCollector - INFO - metrics:177 - Metrics @ T=85.00: Cells=2222, MaxR=49.93, Pheno={'G_SPECIALIST': 1944, 'L_SPECIALIST': 221, 'SWITCHING_GL': 57}
2025-05-27 19:51:22,440 - sim.TradeoffSlope_S20_BetHedging0.5_W40_Rep2.MetricsCollector - INFO - metrics:177 - Metrics @ T=86.00: Cells=2232, MaxR=49.93, Pheno={'G_SPECIALIST': 1944, 'L_SPECIALIST': 234, 'SWITCHING_GL': 54}
2025-05-27 19:51:22,578 - sim.TradeoffSlope_S20_BetHedging0.5_W40_Rep2.MetricsCollector - INFO - metrics:177 - Metrics @ T=87.00: Cells=2241, MaxR=49.93, Pheno={'G_SPECIALIST': 1944, 'L_SPECIALIST': 247, 'SWITCHING_GL': 50}
2025-05-27 19:51:22,717 - sim.TradeoffSlope_S20_BetHedging0.5_W40_Rep2.MetricsCollector - INFO - metrics:177 - Metrics @ T=88.00: Cells=2259, MaxR=49.93, Pheno={'G_SPECIALIST': 1944, 'L_SPECIALIST': 263, 'SWITCHING_GL': 52}
2025-05-27 19:51:22,856 - sim.TradeoffSlope_S20_BetHedging0.5_W40_Rep2.MetricsCollector - INFO - metrics:177 - Metrics @ T=89.00: Cells=2277, MaxR=49.93, Pheno={'G_SPECIALIST': 1944, 'L_SPECIALIST': 287, 'SWITCHING_GL': 46}
2025-05-27 19:51:22,975 - sim.TradeoffSlope_S20_BetHedging0.5_W40_Rep2 - INFO - simulation_engine:218 - Progress: T=90.00, Cells=2299
2025-05-27 19:51:22,999 - sim.TradeoffSlope_S20_BetHedging0.5_W40_Rep2.MetricsCollector - INFO - metrics:177 - Metrics @ T=90.00: Cells=2304, MaxR=49.93, Pheno={'G_SPECIALIST': 1945, 'L_SPECIALIST': 315, 'SWITCHING_GL': 44}
2025-05-27 19:51:23,143 - sim.TradeoffSlope_S20_BetHedging0.5_W40_Rep2.MetricsCollector - INFO - metrics:177 - Metrics @ T=91.00: Cells=2329, MaxR=51.64, Pheno={'G_SPECIALIST': 1945, 'L_SPECIALIST': 345, 'SWITCHING_GL': 39}
2025-05-27 19:51:23,289 - sim.TradeoffSlope_S20_BetHedging0.5_W40_Rep2.MetricsCollector - INFO - metrics:177 - Metrics @ T=92.00: Cells=2356, MaxR=51.64, Pheno={'G_SPECIALIST': 1945, 'L_SPECIALIST': 380, 'SWITCHING_GL': 31}
2025-05-27 19:51:23,434 - sim.TradeoffSlope_S20_BetHedging0.5_W40_Rep2.MetricsCollector - INFO - metrics:177 - Metrics @ T=93.00: Cells=2374, MaxR=51.64, Pheno={'G_SPECIALIST': 1945, 'L_SPECIALIST': 401, 'SWITCHING_GL': 28}
2025-05-27 19:51:23,581 - sim.TradeoffSlope_S20_BetHedging0.5_W40_Rep2.MetricsCollector - INFO - metrics:177 - Metrics @ T=94.00: Cells=2397, MaxR=51.64, Pheno={'G_SPECIALIST': 1945, 'L_SPECIALIST': 430, 'SWITCHING_GL': 22}
2025-05-27 19:51:23,730 - sim.TradeoffSlope_S20_BetHedging0.5_W40_Rep2.MetricsCollector - INFO - metrics:177 - Metrics @ T=95.00: Cells=2419, MaxR=51.64, Pheno={'G_SPECIALIST': 1945, 'L_SPECIALIST': 453, 'SWITCHING_GL': 21}
2025-05-27 19:51:23,881 - sim.TradeoffSlope_S20_BetHedging0.5_W40_Rep2.MetricsCollector - INFO - metrics:177 - Metrics @ T=96.00: Cells=2446, MaxR=51.64, Pheno={'G_SPECIALIST': 1945, 'L_SPECIALIST': 480, 'SWITCHING_GL': 21}
2025-05-27 19:51:24,034 - sim.TradeoffSlope_S20_BetHedging0.5_W40_Rep2.MetricsCollector - INFO - metrics:177 - Metrics @ T=97.00: Cells=2474, MaxR=52.74, Pheno={'G_SPECIALIST': 1945, 'L_SPECIALIST': 513, 'SWITCHING_GL': 16}
2025-05-27 19:51:24,189 - sim.TradeoffSlope_S20_BetHedging0.5_W40_Rep2.MetricsCollector - INFO - metrics:177 - Metrics @ T=98.00: Cells=2505, MaxR=52.74, Pheno={'G_SPECIALIST': 1945, 'L_SPECIALIST': 546, 'SWITCHING_GL': 14}
2025-05-27 19:51:24,345 - sim.TradeoffSlope_S20_BetHedging0.5_W40_Rep2.MetricsCollector - INFO - metrics:177 - Metrics @ T=99.00: Cells=2530, MaxR=52.74, Pheno={'G_SPECIALIST': 1945, 'L_SPECIALIST': 573, 'SWITCHING_GL': 12}
2025-05-27 19:51:24,476 - sim.TradeoffSlope_S20_BetHedging0.5_W40_Rep2 - INFO - simulation_engine:218 - Progress: T=100.00, Cells=2546
2025-05-27 19:51:24,502 - sim.TradeoffSlope_S20_BetHedging0.5_W40_Rep2.MetricsCollector - INFO - metrics:177 - Metrics @ T=100.00: Cells=2549, MaxR=52.74, Pheno={'G_SPECIALIST': 1945, 'L_SPECIALIST': 593, 'SWITCHING_GL': 11}
2025-05-27 19:51:24,662 - sim.TradeoffSlope_S20_BetHedging0.5_W40_Rep2.MetricsCollector - INFO - metrics:177 - Metrics @ T=101.00: Cells=2583, MaxR=52.74, Pheno={'G_SPECIALIST': 1945, 'L_SPECIALIST': 627, 'SWITCHING_GL': 11}
2025-05-27 19:51:24,821 - sim.TradeoffSlope_S20_BetHedging0.5_W40_Rep2.MetricsCollector - INFO - metrics:177 - Metrics @ T=102.00: Cells=2612, MaxR=52.85, Pheno={'G_SPECIALIST': 1945, 'L_SPECIALIST': 658, 'SWITCHING_GL': 9}
2025-05-27 19:51:24,984 - sim.TradeoffSlope_S20_BetHedging0.5_W40_Rep2.MetricsCollector - INFO - metrics:177 - Metrics @ T=103.00: Cells=2640, MaxR=52.85, Pheno={'G_SPECIALIST': 1945, 'L_SPECIALIST': 688, 'SWITCHING_GL': 7}
2025-05-27 19:51:25,147 - sim.TradeoffSlope_S20_BetHedging0.5_W40_Rep2.MetricsCollector - INFO - metrics:177 - Metrics @ T=104.00: Cells=2666, MaxR=53.36, Pheno={'G_SPECIALIST': 1945, 'L_SPECIALIST': 716, 'SWITCHING_GL': 5}
2025-05-27 19:51:25,317 - sim.TradeoffSlope_S20_BetHedging0.5_W40_Rep2.MetricsCollector - INFO - metrics:177 - Metrics @ T=105.00: Cells=2691, MaxR=53.36, Pheno={'G_SPECIALIST': 1945, 'L_SPECIALIST': 744, 'SWITCHING_GL': 2}
2025-05-27 19:51:25,487 - sim.TradeoffSlope_S20_BetHedging0.5_W40_Rep2.MetricsCollector - INFO - metrics:177 - Metrics @ T=106.00: Cells=2728, MaxR=53.69, Pheno={'G_SPECIALIST': 1945, 'L_SPECIALIST': 781, 'SWITCHING_GL': 2}
2025-05-27 19:51:25,658 - sim.TradeoffSlope_S20_BetHedging0.5_W40_Rep2.MetricsCollector - INFO - metrics:177 - Metrics @ T=107.00: Cells=2756, MaxR=53.78, Pheno={'G_SPECIALIST': 1945, 'L_SPECIALIST': 809, 'SWITCHING_GL': 2}
2025-05-27 19:51:25,836 - sim.TradeoffSlope_S20_BetHedging0.5_W40_Rep2.MetricsCollector - INFO - metrics:177 - Metrics @ T=108.00: Cells=2789, MaxR=54.74, Pheno={'G_SPECIALIST': 1945, 'L_SPECIALIST': 842, 'SWITCHING_GL': 2}
2025-05-27 19:51:26,011 - sim.TradeoffSlope_S20_BetHedging0.5_W40_Rep2.MetricsCollector - INFO - metrics:177 - Metrics @ T=109.00: Cells=2820, MaxR=54.74, Pheno={'G_SPECIALIST': 1945, 'L_SPECIALIST': 873, 'SWITCHING_GL': 2}
2025-05-27 19:51:26,159 - sim.TradeoffSlope_S20_BetHedging0.5_W40_Rep2 - INFO - simulation_engine:218 - Progress: T=110.00, Cells=2844
2025-05-27 19:51:26,188 - sim.TradeoffSlope_S20_BetHedging0.5_W40_Rep2.MetricsCollector - INFO - metrics:177 - Metrics @ T=110.00: Cells=2847, MaxR=54.99, Pheno={'G_SPECIALIST': 1945, 'L_SPECIALIST': 900, 'SWITCHING_GL': 2}
2025-05-27 19:51:26,365 - sim.TradeoffSlope_S20_BetHedging0.5_W40_Rep2.MetricsCollector - INFO - metrics:177 - Metrics @ T=111.00: Cells=2871, MaxR=54.99, Pheno={'G_SPECIALIST': 1945, 'L_SPECIALIST': 925, 'SWITCHING_GL': 1}
2025-05-27 19:51:26,544 - sim.TradeoffSlope_S20_BetHedging0.5_W40_Rep2.MetricsCollector - INFO - metrics:177 - Metrics @ T=112.00: Cells=2900, MaxR=54.99, Pheno={'G_SPECIALIST': 1945, 'L_SPECIALIST': 954, 'SWITCHING_GL': 1}
2025-05-27 19:51:26,724 - sim.TradeoffSlope_S20_BetHedging0.5_W40_Rep2.MetricsCollector - INFO - metrics:177 - Metrics @ T=113.00: Cells=2928, MaxR=57.24, Pheno={'G_SPECIALIST': 1945, 'L_SPECIALIST': 982, 'SWITCHING_GL': 1}
2025-05-27 19:51:26,906 - sim.TradeoffSlope_S20_BetHedging0.5_W40_Rep2.MetricsCollector - INFO - metrics:177 - Metrics @ T=114.00: Cells=2963, MaxR=57.24, Pheno={'G_SPECIALIST': 1945, 'L_SPECIALIST': 1018, 'SWITCHING_GL': 0}
2025-05-27 19:51:27,090 - sim.TradeoffSlope_S20_BetHedging0.5_W40_Rep2.MetricsCollector - INFO - metrics:177 - Metrics @ T=115.00: Cells=2987, MaxR=57.24, Pheno={'G_SPECIALIST': 1945, 'L_SPECIALIST': 1042, 'SWITCHING_GL': 0}
2025-05-27 19:51:27,278 - sim.TradeoffSlope_S20_BetHedging0.5_W40_Rep2.MetricsCollector - INFO - metrics:177 - Metrics @ T=116.00: Cells=3024, MaxR=57.24, Pheno={'G_SPECIALIST': 1945, 'L_SPECIALIST': 1079, 'SWITCHING_GL': 0}
2025-05-27 19:51:27,464 - sim.TradeoffSlope_S20_BetHedging0.5_W40_Rep2.MetricsCollector - INFO - metrics:177 - Metrics @ T=117.00: Cells=3060, MaxR=57.24, Pheno={'G_SPECIALIST': 1945, 'L_SPECIALIST': 1115, 'SWITCHING_GL': 0}
2025-05-27 19:51:27,652 - sim.TradeoffSlope_S20_BetHedging0.5_W40_Rep2.MetricsCollector - INFO - metrics:177 - Metrics @ T=118.00: Cells=3083, MaxR=57.24, Pheno={'G_SPECIALIST': 1945, 'L_SPECIALIST': 1138, 'SWITCHING_GL': 0}
2025-05-27 19:51:27,843 - sim.TradeoffSlope_S20_BetHedging0.5_W40_Rep2.MetricsCollector - INFO - metrics:177 - Metrics @ T=119.00: Cells=3119, MaxR=57.24, Pheno={'G_SPECIALIST': 1945, 'L_SPECIALIST': 1174, 'SWITCHING_GL': 0}
2025-05-27 19:51:28,005 - sim.TradeoffSlope_S20_BetHedging0.5_W40_Rep2 - INFO - simulation_engine:218 - Progress: T=120.00, Cells=3152
2025-05-27 19:51:28,038 - sim.TradeoffSlope_S20_BetHedging0.5_W40_Rep2.MetricsCollector - INFO - metrics:177 - Metrics @ T=120.00: Cells=3153, MaxR=57.24, Pheno={'G_SPECIALIST': 1945, 'L_SPECIALIST': 1208, 'SWITCHING_GL': 0}
2025-05-27 19:51:28,257 - sim.TradeoffSlope_S20_BetHedging0.5_W40_Rep2.MetricsCollector - INFO - metrics:177 - Metrics @ T=121.00: Cells=3182, MaxR=57.24, Pheno={'G_SPECIALIST': 1945, 'L_SPECIALIST': 1237, 'SWITCHING_GL': 0}
2025-05-27 19:51:28,458 - sim.TradeoffSlope_S20_BetHedging0.5_W40_Rep2.MetricsCollector - INFO - metrics:177 - Metrics @ T=122.00: Cells=3215, MaxR=58.04, Pheno={'G_SPECIALIST': 1945, 'L_SPECIALIST': 1270, 'SWITCHING_GL': 0}
2025-05-27 19:51:28,660 - sim.TradeoffSlope_S20_BetHedging0.5_W40_Rep2.MetricsCollector - INFO - metrics:177 - Metrics @ T=123.00: Cells=3248, MaxR=58.04, Pheno={'G_SPECIALIST': 1945, 'L_SPECIALIST': 1303, 'SWITCHING_GL': 0}
2025-05-27 19:51:28,867 - sim.TradeoffSlope_S20_BetHedging0.5_W40_Rep2.MetricsCollector - INFO - metrics:177 - Metrics @ T=124.00: Cells=3285, MaxR=58.04, Pheno={'G_SPECIALIST': 1945, 'L_SPECIALIST': 1340, 'SWITCHING_GL': 0}
2025-05-27 19:51:29,074 - sim.TradeoffSlope_S20_BetHedging0.5_W40_Rep2.MetricsCollector - INFO - metrics:177 - Metrics @ T=125.00: Cells=3312, MaxR=58.20, Pheno={'G_SPECIALIST': 1945, 'L_SPECIALIST': 1367, 'SWITCHING_GL': 0}
2025-05-27 19:51:29,296 - sim.TradeoffSlope_S20_BetHedging0.5_W40_Rep2.MetricsCollector - INFO - metrics:177 - Metrics @ T=126.00: Cells=3341, MaxR=58.20, Pheno={'G_SPECIALIST': 1945, 'L_SPECIALIST': 1396, 'SWITCHING_GL': 0}
2025-05-27 19:51:29,508 - sim.TradeoffSlope_S20_BetHedging0.5_W40_Rep2.MetricsCollector - INFO - metrics:177 - Metrics @ T=127.00: Cells=3368, MaxR=58.56, Pheno={'G_SPECIALIST': 1945, 'L_SPECIALIST': 1423, 'SWITCHING_GL': 0}
2025-05-27 19:51:29,722 - sim.TradeoffSlope_S20_BetHedging0.5_W40_Rep2.MetricsCollector - INFO - metrics:177 - Metrics @ T=128.00: Cells=3399, MaxR=60.10, Pheno={'G_SPECIALIST': 1945, 'L_SPECIALIST': 1454, 'SWITCHING_GL': 0}
2025-05-27 19:51:29,934 - sim.TradeoffSlope_S20_BetHedging0.5_W40_Rep2.MetricsCollector - INFO - metrics:177 - Metrics @ T=129.00: Cells=3432, MaxR=60.10, Pheno={'G_SPECIALIST': 1945, 'L_SPECIALIST': 1487, 'SWITCHING_GL': 0}
2025-05-27 19:51:30,117 - sim.TradeoffSlope_S20_BetHedging0.5_W40_Rep2 - INFO - simulation_engine:218 - Progress: T=130.00, Cells=3473
2025-05-27 19:51:30,152 - sim.TradeoffSlope_S20_BetHedging0.5_W40_Rep2.MetricsCollector - INFO - metrics:177 - Metrics @ T=130.00: Cells=3473, MaxR=60.10, Pheno={'G_SPECIALIST': 1945, 'L_SPECIALIST': 1528, 'SWITCHING_GL': 0}
2025-05-27 19:51:30,371 - sim.TradeoffSlope_S20_BetHedging0.5_W40_Rep2.MetricsCollector - INFO - metrics:177 - Metrics @ T=131.00: Cells=3502, MaxR=60.62, Pheno={'G_SPECIALIST': 1945, 'L_SPECIALIST': 1557, 'SWITCHING_GL': 0}
2025-05-27 19:51:30,589 - sim.TradeoffSlope_S20_BetHedging0.5_W40_Rep2.MetricsCollector - INFO - metrics:177 - Metrics @ T=132.00: Cells=3532, MaxR=62.35, Pheno={'G_SPECIALIST': 1945, 'L_SPECIALIST': 1587, 'SWITCHING_GL': 0}
2025-05-27 19:51:30,806 - sim.TradeoffSlope_S20_BetHedging0.5_W40_Rep2.MetricsCollector - INFO - metrics:177 - Metrics @ T=133.00: Cells=3556, MaxR=62.35, Pheno={'G_SPECIALIST': 1945, 'L_SPECIALIST': 1611, 'SWITCHING_GL': 0}
2025-05-27 19:51:31,026 - sim.TradeoffSlope_S20_BetHedging0.5_W40_Rep2.MetricsCollector - INFO - metrics:177 - Metrics @ T=134.00: Cells=3585, MaxR=62.35, Pheno={'G_SPECIALIST': 1945, 'L_SPECIALIST': 1640, 'SWITCHING_GL': 0}
2025-05-27 19:51:31,251 - sim.TradeoffSlope_S20_BetHedging0.5_W40_Rep2.MetricsCollector - INFO - metrics:177 - Metrics @ T=135.00: Cells=3620, MaxR=62.35, Pheno={'G_SPECIALIST': 1945, 'L_SPECIALIST': 1675, 'SWITCHING_GL': 0}
2025-05-27 19:51:31,476 - sim.TradeoffSlope_S20_BetHedging0.5_W40_Rep2.MetricsCollector - INFO - metrics:177 - Metrics @ T=136.00: Cells=3650, MaxR=62.35, Pheno={'G_SPECIALIST': 1945, 'L_SPECIALIST': 1705, 'SWITCHING_GL': 0}
2025-05-27 19:51:31,702 - sim.TradeoffSlope_S20_BetHedging0.5_W40_Rep2.MetricsCollector - INFO - metrics:177 - Metrics @ T=137.00: Cells=3678, MaxR=62.35, Pheno={'G_SPECIALIST': 1945, 'L_SPECIALIST': 1733, 'SWITCHING_GL': 0}
2025-05-27 19:51:31,933 - sim.TradeoffSlope_S20_BetHedging0.5_W40_Rep2.MetricsCollector - INFO - metrics:177 - Metrics @ T=138.00: Cells=3723, MaxR=62.43, Pheno={'G_SPECIALIST': 1945, 'L_SPECIALIST': 1778, 'SWITCHING_GL': 0}
2025-05-27 19:51:32,165 - sim.TradeoffSlope_S20_BetHedging0.5_W40_Rep2.MetricsCollector - INFO - metrics:177 - Metrics @ T=139.00: Cells=3748, MaxR=62.43, Pheno={'G_SPECIALIST': 1945, 'L_SPECIALIST': 1803, 'SWITCHING_GL': 0}
2025-05-27 19:51:32,361 - sim.TradeoffSlope_S20_BetHedging0.5_W40_Rep2 - INFO - simulation_engine:218 - Progress: T=140.00, Cells=3780
2025-05-27 19:51:32,400 - sim.TradeoffSlope_S20_BetHedging0.5_W40_Rep2.MetricsCollector - INFO - metrics:177 - Metrics @ T=140.00: Cells=3781, MaxR=62.43, Pheno={'G_SPECIALIST': 1945, 'L_SPECIALIST': 1836, 'SWITCHING_GL': 0}
2025-05-27 19:51:32,637 - sim.TradeoffSlope_S20_BetHedging0.5_W40_Rep2.MetricsCollector - INFO - metrics:177 - Metrics @ T=141.00: Cells=3816, MaxR=63.24, Pheno={'G_SPECIALIST': 1945, 'L_SPECIALIST': 1871, 'SWITCHING_GL': 0}
2025-05-27 19:51:32,876 - sim.TradeoffSlope_S20_BetHedging0.5_W40_Rep2.MetricsCollector - INFO - metrics:177 - Metrics @ T=142.00: Cells=3845, MaxR=63.24, Pheno={'G_SPECIALIST': 1945, 'L_SPECIALIST': 1900, 'SWITCHING_GL': 0}
2025-05-27 19:51:33,117 - sim.TradeoffSlope_S20_BetHedging0.5_W40_Rep2.MetricsCollector - INFO - metrics:177 - Metrics @ T=143.00: Cells=3886, MaxR=64.97, Pheno={'G_SPECIALIST': 1945, 'L_SPECIALIST': 1941, 'SWITCHING_GL': 0}
2025-05-27 19:51:33,357 - sim.TradeoffSlope_S20_BetHedging0.5_W40_Rep2.MetricsCollector - INFO - metrics:177 - Metrics @ T=144.00: Cells=3916, MaxR=64.97, Pheno={'G_SPECIALIST': 1945, 'L_SPECIALIST': 1971, 'SWITCHING_GL': 0}
2025-05-27 19:51:33,601 - sim.TradeoffSlope_S20_BetHedging0.5_W40_Rep2.MetricsCollector - INFO - metrics:177 - Metrics @ T=145.00: Cells=3952, MaxR=65.82, Pheno={'G_SPECIALIST': 1945, 'L_SPECIALIST': 2007, 'SWITCHING_GL': 0}
2025-05-27 19:51:33,848 - sim.TradeoffSlope_S20_BetHedging0.5_W40_Rep2.MetricsCollector - INFO - metrics:177 - Metrics @ T=146.00: Cells=3983, MaxR=65.89, Pheno={'G_SPECIALIST': 1945, 'L_SPECIALIST': 2038, 'SWITCHING_GL': 0}
2025-05-27 19:51:34,094 - sim.TradeoffSlope_S20_BetHedging0.5_W40_Rep2.MetricsCollector - INFO - metrics:177 - Metrics @ T=147.00: Cells=4016, MaxR=65.89, Pheno={'G_SPECIALIST': 1945, 'L_SPECIALIST': 2071, 'SWITCHING_GL': 0}
2025-05-27 19:51:34,343 - sim.TradeoffSlope_S20_BetHedging0.5_W40_Rep2.MetricsCollector - INFO - metrics:177 - Metrics @ T=148.00: Cells=4061, MaxR=66.70, Pheno={'G_SPECIALIST': 1945, 'L_SPECIALIST': 2116, 'SWITCHING_GL': 0}
2025-05-27 19:51:34,596 - sim.TradeoffSlope_S20_BetHedging0.5_W40_Rep2.MetricsCollector - INFO - metrics:177 - Metrics @ T=149.00: Cells=4093, MaxR=67.55, Pheno={'G_SPECIALIST': 1945, 'L_SPECIALIST': 2148, 'SWITCHING_GL': 0}
2025-05-27 19:51:34,807 - sim.TradeoffSlope_S20_BetHedging0.5_W40_Rep2 - INFO - simulation_engine:218 - Progress: T=150.00, Cells=4128
2025-05-27 19:51:34,848 - sim.TradeoffSlope_S20_BetHedging0.5_W40_Rep2.MetricsCollector - INFO - metrics:177 - Metrics @ T=150.00: Cells=4130, MaxR=69.28, Pheno={'G_SPECIALIST': 1945, 'L_SPECIALIST': 2185, 'SWITCHING_GL': 0}
2025-05-27 19:51:35,106 - sim.TradeoffSlope_S20_BetHedging0.5_W40_Rep2.MetricsCollector - INFO - metrics:177 - Metrics @ T=151.00: Cells=4160, MaxR=69.28, Pheno={'G_SPECIALIST': 1945, 'L_SPECIALIST': 2215, 'SWITCHING_GL': 0}
2025-05-27 19:51:35,363 - sim.TradeoffSlope_S20_BetHedging0.5_W40_Rep2.MetricsCollector - INFO - metrics:177 - Metrics @ T=152.00: Cells=4198, MaxR=69.28, Pheno={'G_SPECIALIST': 1945, 'L_SPECIALIST': 2253, 'SWITCHING_GL': 0}
2025-05-27 19:51:35,625 - sim.TradeoffSlope_S20_BetHedging0.5_W40_Rep2.MetricsCollector - INFO - metrics:177 - Metrics @ T=153.00: Cells=4223, MaxR=70.16, Pheno={'G_SPECIALIST': 1945, 'L_SPECIALIST': 2278, 'SWITCHING_GL': 0}
2025-05-27 19:51:35,888 - sim.TradeoffSlope_S20_BetHedging0.5_W40_Rep2.MetricsCollector - INFO - metrics:177 - Metrics @ T=154.00: Cells=4254, MaxR=70.16, Pheno={'G_SPECIALIST': 1945, 'L_SPECIALIST': 2309, 'SWITCHING_GL': 0}
2025-05-27 19:51:36,159 - sim.TradeoffSlope_S20_BetHedging0.5_W40_Rep2.MetricsCollector - INFO - metrics:177 - Metrics @ T=155.00: Cells=4290, MaxR=70.16, Pheno={'G_SPECIALIST': 1945, 'L_SPECIALIST': 2345, 'SWITCHING_GL': 0}
2025-05-27 19:51:36,424 - sim.TradeoffSlope_S20_BetHedging0.5_W40_Rep2.MetricsCollector - INFO - metrics:177 - Metrics @ T=156.00: Cells=4329, MaxR=70.16, Pheno={'G_SPECIALIST': 1945, 'L_SPECIALIST': 2384, 'SWITCHING_GL': 0}
2025-05-27 19:51:36,693 - sim.TradeoffSlope_S20_BetHedging0.5_W40_Rep2.MetricsCollector - INFO - metrics:177 - Metrics @ T=157.00: Cells=4362, MaxR=71.08, Pheno={'G_SPECIALIST': 1945, 'L_SPECIALIST': 2417, 'SWITCHING_GL': 0}
2025-05-27 19:51:36,963 - sim.TradeoffSlope_S20_BetHedging0.5_W40_Rep2.MetricsCollector - INFO - metrics:177 - Metrics @ T=158.00: Cells=4395, MaxR=71.90, Pheno={'G_SPECIALIST': 1945, 'L_SPECIALIST': 2450, 'SWITCHING_GL': 0}
2025-05-27 19:51:37,236 - sim.TradeoffSlope_S20_BetHedging0.5_W40_Rep2.MetricsCollector - INFO - metrics:177 - Metrics @ T=159.00: Cells=4429, MaxR=71.90, Pheno={'G_SPECIALIST': 1945, 'L_SPECIALIST': 2484, 'SWITCHING_GL': 0}
2025-05-27 19:51:37,467 - sim.TradeoffSlope_S20_BetHedging0.5_W40_Rep2 - INFO - simulation_engine:218 - Progress: T=160.00, Cells=4456
2025-05-27 19:51:37,511 - sim.TradeoffSlope_S20_BetHedging0.5_W40_Rep2.MetricsCollector - INFO - metrics:177 - Metrics @ T=160.00: Cells=4458, MaxR=71.90, Pheno={'G_SPECIALIST': 1945, 'L_SPECIALIST': 2513, 'SWITCHING_GL': 0}
2025-05-27 19:51:37,788 - sim.TradeoffSlope_S20_BetHedging0.5_W40_Rep2.MetricsCollector - INFO - metrics:177 - Metrics @ T=161.00: Cells=4489, MaxR=71.90, Pheno={'G_SPECIALIST': 1945, 'L_SPECIALIST': 2544, 'SWITCHING_GL': 0}
2025-05-27 19:51:38,070 - sim.TradeoffSlope_S20_BetHedging0.5_W40_Rep2.MetricsCollector - INFO - metrics:177 - Metrics @ T=162.00: Cells=4530, MaxR=71.90, Pheno={'G_SPECIALIST': 1945, 'L_SPECIALIST': 2585, 'SWITCHING_GL': 0}
2025-05-27 19:51:38,355 - sim.TradeoffSlope_S20_BetHedging0.5_W40_Rep2.MetricsCollector - INFO - metrics:177 - Metrics @ T=163.00: Cells=4570, MaxR=71.90, Pheno={'G_SPECIALIST': 1945, 'L_SPECIALIST': 2625, 'SWITCHING_GL': 0}
2025-05-27 19:51:38,639 - sim.TradeoffSlope_S20_BetHedging0.5_W40_Rep2.MetricsCollector - INFO - metrics:177 - Metrics @ T=164.00: Cells=4605, MaxR=71.90, Pheno={'G_SPECIALIST': 1945, 'L_SPECIALIST': 2660, 'SWITCHING_GL': 0}
2025-05-27 19:51:38,924 - sim.TradeoffSlope_S20_BetHedging0.5_W40_Rep2.MetricsCollector - INFO - metrics:177 - Metrics @ T=165.00: Cells=4648, MaxR=71.90, Pheno={'G_SPECIALIST': 1945, 'L_SPECIALIST': 2703, 'SWITCHING_GL': 0}
2025-05-27 19:51:39,212 - sim.TradeoffSlope_S20_BetHedging0.5_W40_Rep2.MetricsCollector - INFO - metrics:177 - Metrics @ T=166.00: Cells=4694, MaxR=71.90, Pheno={'G_SPECIALIST': 1945, 'L_SPECIALIST': 2749, 'SWITCHING_GL': 0}
2025-05-27 19:51:39,508 - sim.TradeoffSlope_S20_BetHedging0.5_W40_Rep2.MetricsCollector - INFO - metrics:177 - Metrics @ T=167.00: Cells=4728, MaxR=71.90, Pheno={'G_SPECIALIST': 1945, 'L_SPECIALIST': 2783, 'SWITCHING_GL': 0}
2025-05-27 19:51:39,822 - sim.TradeoffSlope_S20_BetHedging0.5_W40_Rep2.MetricsCollector - INFO - metrics:177 - Metrics @ T=168.00: Cells=4770, MaxR=71.90, Pheno={'G_SPECIALIST': 1945, 'L_SPECIALIST': 2825, 'SWITCHING_GL': 0}
2025-05-27 19:51:40,128 - sim.TradeoffSlope_S20_BetHedging0.5_W40_Rep2.MetricsCollector - INFO - metrics:177 - Metrics @ T=169.00: Cells=4804, MaxR=72.02, Pheno={'G_SPECIALIST': 1945, 'L_SPECIALIST': 2859, 'SWITCHING_GL': 0}
2025-05-27 19:51:40,377 - sim.TradeoffSlope_S20_BetHedging0.5_W40_Rep2 - INFO - simulation_engine:218 - Progress: T=170.00, Cells=4833
2025-05-27 19:51:40,426 - sim.TradeoffSlope_S20_BetHedging0.5_W40_Rep2.MetricsCollector - INFO - metrics:177 - Metrics @ T=170.00: Cells=4834, MaxR=73.63, Pheno={'G_SPECIALIST': 1945, 'L_SPECIALIST': 2889, 'SWITCHING_GL': 0}
2025-05-27 19:51:40,729 - sim.TradeoffSlope_S20_BetHedging0.5_W40_Rep2.MetricsCollector - INFO - metrics:177 - Metrics @ T=171.00: Cells=4867, MaxR=73.63, Pheno={'G_SPECIALIST': 1945, 'L_SPECIALIST': 2922, 'SWITCHING_GL': 0}
2025-05-27 19:51:41,031 - sim.TradeoffSlope_S20_BetHedging0.5_W40_Rep2.MetricsCollector - INFO - metrics:177 - Metrics @ T=172.00: Cells=4895, MaxR=74.48, Pheno={'G_SPECIALIST': 1945, 'L_SPECIALIST': 2950, 'SWITCHING_GL': 0}
2025-05-27 19:51:41,336 - sim.TradeoffSlope_S20_BetHedging0.5_W40_Rep2.MetricsCollector - INFO - metrics:177 - Metrics @ T=173.00: Cells=4948, MaxR=74.48, Pheno={'G_SPECIALIST': 1945, 'L_SPECIALIST': 3003, 'SWITCHING_GL': 0}
2025-05-27 19:51:41,645 - sim.TradeoffSlope_S20_BetHedging0.5_W40_Rep2.MetricsCollector - INFO - metrics:177 - Metrics @ T=174.00: Cells=4992, MaxR=74.48, Pheno={'G_SPECIALIST': 1945, 'L_SPECIALIST': 3047, 'SWITCHING_GL': 0}
2025-05-27 19:51:41,956 - sim.TradeoffSlope_S20_BetHedging0.5_W40_Rep2.MetricsCollector - INFO - metrics:177 - Metrics @ T=175.00: Cells=5023, MaxR=74.48, Pheno={'G_SPECIALIST': 1945, 'L_SPECIALIST': 3078, 'SWITCHING_GL': 0}
2025-05-27 19:51:42,271 - sim.TradeoffSlope_S20_BetHedging0.5_W40_Rep2.MetricsCollector - INFO - metrics:177 - Metrics @ T=176.00: Cells=5064, MaxR=74.48, Pheno={'G_SPECIALIST': 1945, 'L_SPECIALIST': 3119, 'SWITCHING_GL': 0}
2025-05-27 19:51:42,592 - sim.TradeoffSlope_S20_BetHedging0.5_W40_Rep2.MetricsCollector - INFO - metrics:177 - Metrics @ T=177.00: Cells=5110, MaxR=74.48, Pheno={'G_SPECIALIST': 1945, 'L_SPECIALIST': 3165, 'SWITCHING_GL': 0}
2025-05-27 19:51:42,913 - sim.TradeoffSlope_S20_BetHedging0.5_W40_Rep2.MetricsCollector - INFO - metrics:177 - Metrics @ T=178.00: Cells=5153, MaxR=74.54, Pheno={'G_SPECIALIST': 1945, 'L_SPECIALIST': 3208, 'SWITCHING_GL': 0}
2025-05-27 19:51:43,234 - sim.TradeoffSlope_S20_BetHedging0.5_W40_Rep2.MetricsCollector - INFO - metrics:177 - Metrics @ T=179.00: Cells=5183, MaxR=74.54, Pheno={'G_SPECIALIST': 1945, 'L_SPECIALIST': 3238, 'SWITCHING_GL': 0}
2025-05-27 19:51:43,503 - sim.TradeoffSlope_S20_BetHedging0.5_W40_Rep2 - INFO - simulation_engine:218 - Progress: T=180.00, Cells=5227
2025-05-27 19:51:43,557 - sim.TradeoffSlope_S20_BetHedging0.5_W40_Rep2.MetricsCollector - INFO - metrics:177 - Metrics @ T=180.00: Cells=5228, MaxR=74.54, Pheno={'G_SPECIALIST': 1945, 'L_SPECIALIST': 3283, 'SWITCHING_GL': 0}
2025-05-27 19:51:43,883 - sim.TradeoffSlope_S20_BetHedging0.5_W40_Rep2.MetricsCollector - INFO - metrics:177 - Metrics @ T=181.00: Cells=5262, MaxR=74.54, Pheno={'G_SPECIALIST': 1945, 'L_SPECIALIST': 3317, 'SWITCHING_GL': 0}
2025-05-27 19:51:44,210 - sim.TradeoffSlope_S20_BetHedging0.5_W40_Rep2.MetricsCollector - INFO - metrics:177 - Metrics @ T=182.00: Cells=5302, MaxR=75.36, Pheno={'G_SPECIALIST': 1945, 'L_SPECIALIST': 3357, 'SWITCHING_GL': 0}
2025-05-27 19:51:44,541 - sim.TradeoffSlope_S20_BetHedging0.5_W40_Rep2.MetricsCollector - INFO - metrics:177 - Metrics @ T=183.00: Cells=5335, MaxR=75.36, Pheno={'G_SPECIALIST': 1945, 'L_SPECIALIST': 3390, 'SWITCHING_GL': 0}
2025-05-27 19:51:44,892 - sim.TradeoffSlope_S20_BetHedging0.5_W40_Rep2.MetricsCollector - INFO - metrics:177 - Metrics @ T=184.00: Cells=5382, MaxR=76.74, Pheno={'G_SPECIALIST': 1945, 'L_SPECIALIST': 3437, 'SWITCHING_GL': 0}
2025-05-27 19:51:45,229 - sim.TradeoffSlope_S20_BetHedging0.5_W40_Rep2.MetricsCollector - INFO - metrics:177 - Metrics @ T=185.00: Cells=5422, MaxR=78.00, Pheno={'G_SPECIALIST': 1945, 'L_SPECIALIST': 3477, 'SWITCHING_GL': 0}
2025-05-27 19:51:45,574 - sim.TradeoffSlope_S20_BetHedging0.5_W40_Rep2.MetricsCollector - INFO - metrics:177 - Metrics @ T=186.00: Cells=5454, MaxR=78.00, Pheno={'G_SPECIALIST': 1945, 'L_SPECIALIST': 3509, 'SWITCHING_GL': 0}
2025-05-27 19:51:45,915 - sim.TradeoffSlope_S20_BetHedging0.5_W40_Rep2.MetricsCollector - INFO - metrics:177 - Metrics @ T=187.00: Cells=5490, MaxR=78.00, Pheno={'G_SPECIALIST': 1945, 'L_SPECIALIST': 3545, 'SWITCHING_GL': 0}
2025-05-27 19:51:46,303 - sim.TradeoffSlope_S20_BetHedging0.5_W40_Rep2.MetricsCollector - INFO - metrics:177 - Metrics @ T=188.00: Cells=5529, MaxR=78.94, Pheno={'G_SPECIALIST': 1945, 'L_SPECIALIST': 3584, 'SWITCHING_GL': 0}
2025-05-27 19:51:46,662 - sim.TradeoffSlope_S20_BetHedging0.5_W40_Rep2.MetricsCollector - INFO - metrics:177 - Metrics @ T=189.00: Cells=5569, MaxR=78.94, Pheno={'G_SPECIALIST': 1945, 'L_SPECIALIST': 3624, 'SWITCHING_GL': 0}
2025-05-27 19:51:46,950 - sim.TradeoffSlope_S20_BetHedging0.5_W40_Rep2 - INFO - simulation_engine:218 - Progress: T=190.00, Cells=5601
2025-05-27 19:51:47,006 - sim.TradeoffSlope_S20_BetHedging0.5_W40_Rep2.MetricsCollector - INFO - metrics:177 - Metrics @ T=190.00: Cells=5606, MaxR=78.94, Pheno={'G_SPECIALIST': 1945, 'L_SPECIALIST': 3661, 'SWITCHING_GL': 0}
2025-05-27 19:51:47,353 - sim.TradeoffSlope_S20_BetHedging0.5_W40_Rep2.MetricsCollector - INFO - metrics:177 - Metrics @ T=191.00: Cells=5644, MaxR=79.73, Pheno={'G_SPECIALIST': 1945, 'L_SPECIALIST': 3699, 'SWITCHING_GL': 0}
2025-05-27 19:51:47,703 - sim.TradeoffSlope_S20_BetHedging0.5_W40_Rep2.MetricsCollector - INFO - metrics:177 - Metrics @ T=192.00: Cells=5694, MaxR=80.67, Pheno={'G_SPECIALIST': 1946, 'L_SPECIALIST': 3748, 'SWITCHING_GL': 0}
2025-05-27 19:51:48,055 - sim.TradeoffSlope_S20_BetHedging0.5_W40_Rep2.MetricsCollector - INFO - metrics:177 - Metrics @ T=193.00: Cells=5739, MaxR=80.67, Pheno={'G_SPECIALIST': 1946, 'L_SPECIALIST': 3793, 'SWITCHING_GL': 0}
2025-05-27 19:51:48,411 - sim.TradeoffSlope_S20_BetHedging0.5_W40_Rep2.MetricsCollector - INFO - metrics:177 - Metrics @ T=194.00: Cells=5790, MaxR=81.63, Pheno={'G_SPECIALIST': 1947, 'L_SPECIALIST': 3843, 'SWITCHING_GL': 0}
2025-05-27 19:51:48,770 - sim.TradeoffSlope_S20_BetHedging0.5_W40_Rep2.MetricsCollector - INFO - metrics:177 - Metrics @ T=195.00: Cells=5829, MaxR=81.63, Pheno={'G_SPECIALIST': 1947, 'L_SPECIALIST': 3882, 'SWITCHING_GL': 0}
2025-05-27 19:51:49,134 - sim.TradeoffSlope_S20_BetHedging0.5_W40_Rep2.MetricsCollector - INFO - metrics:177 - Metrics @ T=196.00: Cells=5873, MaxR=81.63, Pheno={'G_SPECIALIST': 1947, 'L_SPECIALIST': 3926, 'SWITCHING_GL': 0}
2025-05-27 19:51:49,499 - sim.TradeoffSlope_S20_BetHedging0.5_W40_Rep2.MetricsCollector - INFO - metrics:177 - Metrics @ T=197.00: Cells=5915, MaxR=81.63, Pheno={'G_SPECIALIST': 1948, 'L_SPECIALIST': 3967, 'SWITCHING_GL': 0}
2025-05-27 19:51:49,868 - sim.TradeoffSlope_S20_BetHedging0.5_W40_Rep2.MetricsCollector - INFO - metrics:177 - Metrics @ T=198.00: Cells=5955, MaxR=82.40, Pheno={'G_SPECIALIST': 1949, 'L_SPECIALIST': 4006, 'SWITCHING_GL': 0}
2025-05-27 19:51:50,239 - sim.TradeoffSlope_S20_BetHedging0.5_W40_Rep2.MetricsCollector - INFO - metrics:177 - Metrics @ T=199.00: Cells=5990, MaxR=82.40, Pheno={'G_SPECIALIST': 1949, 'L_SPECIALIST': 4040, 'SWITCHING_GL': 1}
2025-05-27 19:51:50,550 - sim.TradeoffSlope_S20_BetHedging0.5_W40_Rep2 - INFO - simulation_engine:218 - Progress: T=200.00, Cells=6026
2025-05-27 19:51:50,612 - sim.TradeoffSlope_S20_BetHedging0.5_W40_Rep2.MetricsCollector - INFO - metrics:177 - Metrics @ T=200.00: Cells=6030, MaxR=82.40, Pheno={'G_SPECIALIST': 1949, 'L_SPECIALIST': 4080, 'SWITCHING_GL': 1}
2025-05-27 19:51:50,647 - sim.TradeoffSlope_S20_BetHedging0.5_W40_Rep2 - INFO - simulation_engine:238 - Sim run finished: TradeoffSlope_S20_BetHedging0.5_W40_Rep2. Wall-clock: 33.239s.
2025-05-27 19:51:50,647 - sim.TradeoffSlope_S20_BetHedging0.5_W40_Rep2 - INFO - simulation_engine:241 - Final state: SimTime=200.10, Steps=2001, Cells=6031.
2025-05-27 19:51:50,647 - sim.TradeoffSlope_S20_BetHedging0.5_W40_Rep2.MetricsCollector - INFO - metrics:300 - Finalizing data collection and exporting results...
2025-05-27 19:51:50,647 - sim.TradeoffSlope_S20_BetHedging0.5_W40_Rep2.MetricsCollector - INFO - metrics:312 - --- Simulation Summary (Log) ---
time: 199.99999999999292
total_cell_count: 6030
phenotype_counts: {'G_SPECIALIST': 1949, 'L_SPECIALIST': 4080, 'SWITCHING_GL': 1}
avg_radial_distance: 47.243639248891945
max_radial_distance: 82.39538822045807
min_radial_distance: 0.0
std_dev_radial_distance: 16.884278161296084
median_radial_distance: 49.92995093127971
frontier_lag_G_to_L: (details in files)
frontier_traits: (details in files)
overall_radial_expansion_velocity: 0.4033166870644602
config_exp_name: TradeoffSlope_S20_BetHedging0.5_W40_Rep2

2025-05-27 19:51:50,667 - sim.TradeoffSlope_S20_BetHedging0.5_W40_Rep2.MetricsCollector - INFO - metrics:242 - Time series data exported to results\TradeoffSlope_S20_BetHedging0.5_W40_Rep2\time_series_data.csv
2025-05-27 19:51:50,668 - sim.TradeoffSlope_S20_BetHedging0.5_W40_Rep2.MetricsCollector - INFO - metrics:267 - Summary data exported to results\TradeoffSlope_S20_BetHedging0.5_W40_Rep2\summary.json
2025-05-27 19:51:50,668 - sim.TradeoffSlope_S20_BetHedging0.5_W40_Rep2.MetricsCollector - INFO - metrics:275 - No kymograph data to export.
2025-05-27 19:51:50,669 - sim.TradeoffSlope_S20_BetHedging0.5_W40_Rep2.MetricsCollector - INFO - metrics:316 - All data export finalized for TradeoffSlope_S20_BetHedging0.5_W40_Rep2.
2025-05-27 19:51:50,669 - sim.TradeoffSlope_S20_BetHedging0.5_W40_Rep2 - INFO - simulation_engine:276 - Simulation fully complete.
